1749839807.6805491 [INFO] [launch]: All log files can be found below /home/thymio/ros_logs/2025-06-13-18-36-47-677228-thymio-12672
1749839807.6811042 [INFO] [launch]: Default logging verbosity is set to INFO
1749839807.9050250 [INFO] [service_vicon_node-1]: process started with pid [12673]
1749839807.9057951 [INFO] [service_neighbours_opinions-2]: process started with pid [12675]
1749839807.9064076 [INFO] [random_robot_move-3]: process started with pid [12677]
1749839807.9071081 [INFO] [publish_wind_direction-4]: process started with pid [12679]
1749839809.4758162 [publish_wind_direction-4] /usr/lib/python3/dist-packages/scipy/__init__.py:146: UserWarning: A NumPy version >=1.17.3 and <1.25.0 is required for this version of SciPy (detected version 1.26.4
1749839809.4764330 [publish_wind_direction-4]   warnings.warn(f"A NumPy version >={np_minversion} and <{np_maxversion}"
1749839809.6027966 [service_vicon_node-1] [INFO] [1749839809.601998853] [service_vicon_node]: Physical Ip=192.168.3.69, id=id69
1749839809.6074040 [service_vicon_node-1] [INFO] [1749839809.606726575] [service_vicon_node]: Updated ID from mapping: id247
1749839809.6195393 [service_vicon_node-1] [INFO] [1749839809.618844538] [service_vicon_node]: Subscribed to: vicon/default/data
1749839809.6224849 [service_neighbours_opinions-2] [INFO] [1749839809.621753427] [service_neighbours_opinions]: Physical Ip=192.168.3.69, id=id69
1749839809.6272919 [service_neighbours_opinions-2] [INFO] [1749839809.626563131] [service_neighbours_opinions]: Updated ID from mapping: id247
1749839809.6361609 [service_neighbours_opinions-2] [INFO] [1749839809.635330538] [service_neighbours_opinions]: Subscribed to: wind_direction/id68
1749839809.6406615 [service_neighbours_opinions-2] [INFO] [1749839809.639872112] [service_neighbours_opinions]: Subscribed to: wind_direction/id136
1749839809.6453350 [service_neighbours_opinions-2] [INFO] [1749839809.644623112] [service_neighbours_opinions]: Subscribed to: wind_direction/id137
1749839809.6495919 [service_neighbours_opinions-2] [INFO] [1749839809.648860261] [service_neighbours_opinions]: Subscribed to: wind_direction/id142
1749839809.6538916 [service_neighbours_opinions-2] [INFO] [1749839809.653051594] [service_neighbours_opinions]: Subscribed to: wind_direction/id151
1749839809.6675878 [service_neighbours_opinions-2] [INFO] [1749839809.657672298] [service_neighbours_opinions]: Subscribed to: wind_direction/id152
1749839809.6696451 [service_neighbours_opinions-2] [INFO] [1749839809.663532057] [service_neighbours_opinions]: Subscribed to: wind_direction/id155
1749839809.6762946 [service_neighbours_opinions-2] [INFO] [1749839809.675205538] [service_neighbours_opinions]: Subscribed to: wind_direction/id189
1749839809.6871758 [service_neighbours_opinions-2] [INFO] [1749839809.686391835] [service_neighbours_opinions]: Subscribed to: wind_direction/id192
1749839809.6923552 [service_neighbours_opinions-2] [INFO] [1749839809.691620372] [service_neighbours_opinions]: Subscribed to: wind_direction/id193
1749839809.6966586 [service_neighbours_opinions-2] [INFO] [1749839809.695942816] [service_neighbours_opinions]: Subscribed to: wind_direction/id194
1749839809.7010651 [service_neighbours_opinions-2] [INFO] [1749839809.700367724] [service_neighbours_opinions]: Subscribed to: wind_direction/id195
1749839809.7051880 [service_neighbours_opinions-2] [INFO] [1749839809.704433075] [service_neighbours_opinions]: Subscribed to: wind_direction/id200
1749839809.7098126 [service_neighbours_opinions-2] [INFO] [1749839809.708870872] [service_neighbours_opinions]: Subscribed to: wind_direction/id206
1749839809.7147694 [service_neighbours_opinions-2] [INFO] [1749839809.713378001] [service_neighbours_opinions]: Subscribed to: wind_direction/id207
1749839809.7189078 [service_neighbours_opinions-2] [INFO] [1749839809.717722927] [service_neighbours_opinions]: Subscribed to: wind_direction/id223
1749839809.7262444 [service_neighbours_opinions-2] [INFO] [1749839809.723038724] [service_neighbours_opinions]: Subscribed to: wind_direction/id224
1749839809.7299371 [service_neighbours_opinions-2] [INFO] [1749839809.727432538] [service_neighbours_opinions]: Subscribed to: wind_direction/id236
1749839809.7351573 [service_neighbours_opinions-2] [INFO] [1749839809.731614094] [service_neighbours_opinions]: Subscribed to: wind_direction/id1193
1749839809.9979553 [publish_wind_direction-4] [INFO] [1749839809.997332520] [publish_wind_direction]: Physical Ip=192.168.3.69, id=id69
1749839810.0005312 [publish_wind_direction-4] [INFO] [1749839810.000000964] [publish_wind_direction]: Updated ID from mapping: id247
1749839810.0077801 [publish_wind_direction-4] [INFO] [1749839810.007207779] [publish_wind_direction]: Publsihing on: wind_direction/id247
1749839817.4662356 [random_robot_move-3] [INFO] [1749839817.465501608] [random_robot_move]: Robot Control Node started.
1749839835.0624704 [publish_wind_direction-4] [ERROR] [1749839835.061755764] [publish_wind_direction]: get_pose_data service not available!
1749839862.3857648 [service_vicon_node-1] [INFO] [1749839862.384988840] [service_vicon_node]: Frame_no: 310507
1749839873.2747705 [service_vicon_node-1] [INFO] [1749839873.273898593] [service_vicon_node]: Frame_no: 310720
1749839874.4587779 [service_neighbours_opinions-2] [INFO] [1749839874.458079741] [service_neighbours_opinions]: All opinions size= 11
1749839876.9355831 [service_neighbours_opinions-2] [INFO] [1749839876.934800109] [service_neighbours_opinions]: All opinions size= 13
1749839876.9382923 [publish_wind_direction-4] [INFO] [1749839876.937644980] [publish_wind_direction]: ### Informed ###
1749839876.9434245 [publish_wind_direction-4] [INFO] [1749839876.942775517] [publish_wind_direction]: Publishing: id247:N
1749839876.9469833 [publish_wind_direction-4] [INFO] [1749839876.946238776] [publish_wind_direction]: ------------------
1749839876.9542484 [publish_wind_direction-4] [INFO] [1749839876.952177498] [publish_wind_direction]: ### Informed ###
1749839876.9565337 [publish_wind_direction-4] [INFO] [1749839876.955924998] [publish_wind_direction]: Publishing: id247:N
1749839876.9605124 [publish_wind_direction-4] [INFO] [1749839876.959901850] [publish_wind_direction]: ------------------
1749839879.4706967 [service_neighbours_opinions-2] [INFO] [1749839879.469890738] [service_neighbours_opinions]: All opinions size= 14
1749839879.4749579 [publish_wind_direction-4] [INFO] [1749839879.474326626] [publish_wind_direction]: ### Informed ###
1749839879.4788413 [publish_wind_direction-4] [INFO] [1749839879.478235441] [publish_wind_direction]: Publishing: id247:W
1749839879.4817820 [publish_wind_direction-4] [INFO] [1749839879.481109812] [publish_wind_direction]: ------------------
1749839882.4034064 [service_neighbours_opinions-2] [INFO] [1749839882.402608236] [service_neighbours_opinions]: All opinions size= 15
1749839882.4089205 [publish_wind_direction-4] [INFO] [1749839882.407510977] [publish_wind_direction]: ### Informed ###
1749839882.4135461 [publish_wind_direction-4] [INFO] [1749839882.412909162] [publish_wind_direction]: Publishing: id247:W
1749839882.4165611 [publish_wind_direction-4] [INFO] [1749839882.415928439] [publish_wind_direction]: ------------------
1749839884.6786931 [service_vicon_node-1] [INFO] [1749839884.677762290] [service_vicon_node]: Frame_no: 310831
1749839887.3232043 [service_neighbours_opinions-2] [INFO] [1749839887.322465566] [service_neighbours_opinions]: All opinions size= 15
1749839887.3315859 [publish_wind_direction-4] [INFO] [1749839887.330932251] [publish_wind_direction]: ### Informed ###
1749839887.3371994 [publish_wind_direction-4] [INFO] [1749839887.336544122] [publish_wind_direction]: Publishing: id247:E
1749839887.3415785 [publish_wind_direction-4] [INFO] [1749839887.340910918] [publish_wind_direction]: ------------------
1749839892.4058421 [service_neighbours_opinions-2] [INFO] [1749839892.404701452] [service_neighbours_opinions]: All opinions size= 15
1749839892.4126692 [publish_wind_direction-4] [INFO] [1749839892.411958693] [publish_wind_direction]: ### Informed ###
1749839892.4172451 [publish_wind_direction-4] [INFO] [1749839892.416395137] [publish_wind_direction]: Publishing: id247:S
1749839892.4198914 [publish_wind_direction-4] [INFO] [1749839892.419319878] [publish_wind_direction]: ------------------
1749839895.0389626 [service_vicon_node-1] [INFO] [1749839895.038210654] [service_vicon_node]: Frame_no: 311100
1749839897.3920510 [service_neighbours_opinions-2] [INFO] [1749839897.391235616] [service_neighbours_opinions]: All opinions size= 17
1749839897.3963706 [publish_wind_direction-4] [INFO] [1749839897.395726671] [publish_wind_direction]: ### Informed ###
1749839897.4002588 [publish_wind_direction-4] [INFO] [1749839897.399672949] [publish_wind_direction]: Publishing: id247:S
1749839897.4033449 [publish_wind_direction-4] [INFO] [1749839897.402747838] [publish_wind_direction]: ------------------
1749839902.4013343 [service_neighbours_opinions-2] [INFO] [1749839902.400558983] [service_neighbours_opinions]: All opinions size= 18
1749839902.4064765 [publish_wind_direction-4] [INFO] [1749839902.405855465] [publish_wind_direction]: ### Informed ###
1749839902.4114347 [publish_wind_direction-4] [INFO] [1749839902.410828576] [publish_wind_direction]: Publishing: id247:W
1749839902.4150426 [publish_wind_direction-4] [INFO] [1749839902.414419631] [publish_wind_direction]: ------------------
1749839905.6371007 [service_vicon_node-1] [INFO] [1749839905.636265722] [service_vicon_node]: Frame_no: 311763
1749839907.3270674 [service_neighbours_opinions-2] [INFO] [1749839907.326351925] [service_neighbours_opinions]: All opinions size= 18
1749839907.3312674 [publish_wind_direction-4] [INFO] [1749839907.330686036] [publish_wind_direction]: ### Informed ###
1749839907.3349619 [publish_wind_direction-4] [INFO] [1749839907.334402110] [publish_wind_direction]: Publishing: id247:W
1749839907.3375418 [publish_wind_direction-4] [INFO] [1749839907.336992480] [publish_wind_direction]: ------------------
1749839912.3773506 [service_neighbours_opinions-2] [INFO] [1749839912.376643848] [service_neighbours_opinions]: All opinions size= 18
1749839912.3818457 [publish_wind_direction-4] [INFO] [1749839912.381180903] [publish_wind_direction]: ### Informed ###
1749839912.3862567 [publish_wind_direction-4] [INFO] [1749839912.385509792] [publish_wind_direction]: Publishing: id247:S
1749839912.3925128 [publish_wind_direction-4] [INFO] [1749839912.391894829] [publish_wind_direction]: ------------------
1749839922.0649152 [service_neighbours_opinions-2] [INFO] [1749839922.064204434] [service_neighbours_opinions]: All opinions size= 18
1749839924.3559618 [service_neighbours_opinions-2] [INFO] [1749839924.355086359] [service_neighbours_opinions]: All opinions size= 18
1749839924.3572648 [publish_wind_direction-4] [INFO] [1749839924.355182674] [publish_wind_direction]: ### Informed ###
1749839924.3595150 [publish_wind_direction-4] [INFO] [1749839924.358948137] [publish_wind_direction]: Publishing: id247:N
1749839924.3620069 [publish_wind_direction-4] [INFO] [1749839924.361453970] [publish_wind_direction]: ------------------
1749839924.3658192 [publish_wind_direction-4] [INFO] [1749839924.365263211] [publish_wind_direction]: ### Informed ###
1749839924.3690052 [publish_wind_direction-4] [INFO] [1749839924.368432544] [publish_wind_direction]: Publishing: id247:N
1749839924.3716571 [publish_wind_direction-4] [INFO] [1749839924.371079211] [publish_wind_direction]: ------------------
1749839927.3443282 [service_neighbours_opinions-2] [INFO] [1749839927.343594542] [service_neighbours_opinions]: All opinions size= 18
1749839927.3496523 [publish_wind_direction-4] [INFO] [1749839927.349042394] [publish_wind_direction]: ### Informed ###
1749839927.3540032 [publish_wind_direction-4] [INFO] [1749839927.353403376] [publish_wind_direction]: Publishing: id247:W
1749839927.3578959 [publish_wind_direction-4] [INFO] [1749839927.357323116] [publish_wind_direction]: ------------------
1749839932.3356988 [service_neighbours_opinions-2] [INFO] [1749839932.334987262] [service_neighbours_opinions]: All opinions size= 18
1749839932.3412697 [publish_wind_direction-4] [INFO] [1749839932.340692373] [publish_wind_direction]: ### Informed ###
1749839932.3457718 [publish_wind_direction-4] [INFO] [1749839932.345172613] [publish_wind_direction]: Publishing: id247:E
1749839932.3497462 [publish_wind_direction-4] [INFO] [1749839932.349184576] [publish_wind_direction]: ------------------
1749839937.3438253 [service_neighbours_opinions-2] [INFO] [1749839937.343064018] [service_neighbours_opinions]: All opinions size= 18
1749839937.3491964 [publish_wind_direction-4] [INFO] [1749839937.348607888] [publish_wind_direction]: ### Informed ###
1749839937.3537178 [publish_wind_direction-4] [INFO] [1749839937.353114147] [publish_wind_direction]: Publishing: id247:W
1749839937.3578498 [publish_wind_direction-4] [INFO] [1749839937.357239277] [publish_wind_direction]: ------------------
1749839942.3115742 [service_neighbours_opinions-2] [INFO] [1749839942.310842867] [service_neighbours_opinions]: All opinions size= 18
1749839942.3157775 [publish_wind_direction-4] [INFO] [1749839942.315120737] [publish_wind_direction]: ### Informed ###
1749839942.3191411 [publish_wind_direction-4] [INFO] [1749839942.318549367] [publish_wind_direction]: Publishing: id247:W
1749839942.3218241 [publish_wind_direction-4] [INFO] [1749839942.321258200] [publish_wind_direction]: ------------------
1749839947.3056166 [service_neighbours_opinions-2] [INFO] [1749839947.304953067] [service_neighbours_opinions]: All opinions size= 18
1749839947.3098164 [publish_wind_direction-4] [INFO] [1749839947.309198734] [publish_wind_direction]: ### Informed ###
1749839947.3129783 [publish_wind_direction-4] [INFO] [1749839947.312432605] [publish_wind_direction]: Publishing: id247:W
1749839947.3159671 [publish_wind_direction-4] [INFO] [1749839947.315369438] [publish_wind_direction]: ------------------
1749839952.3418267 [service_neighbours_opinions-2] [INFO] [1749839952.341063102] [service_neighbours_opinions]: All opinions size= 18
1749839952.3472161 [publish_wind_direction-4] [INFO] [1749839952.346578120] [publish_wind_direction]: ### Informed ###
1749839952.3507833 [publish_wind_direction-4] [INFO] [1749839952.350150083] [publish_wind_direction]: Publishing: id247:W
1749839952.3536668 [publish_wind_direction-4] [INFO] [1749839952.353064842] [publish_wind_direction]: ------------------
1749839957.3180516 [service_neighbours_opinions-2] [INFO] [1749839957.317321284] [service_neighbours_opinions]: All opinions size= 18
1749839957.3219733 [publish_wind_direction-4] [INFO] [1749839957.321397006] [publish_wind_direction]: ### Informed ###
1749839957.3251414 [publish_wind_direction-4] [INFO] [1749839957.324571376] [publish_wind_direction]: Publishing: id247:E
1749839957.3277624 [publish_wind_direction-4] [INFO] [1749839957.327204321] [publish_wind_direction]: ------------------
1749839962.3714101 [service_neighbours_opinions-2] [INFO] [1749839962.370732336] [service_neighbours_opinions]: All opinions size= 18
1749839962.3769753 [publish_wind_direction-4] [INFO] [1749839962.376360762] [publish_wind_direction]: ### Informed ###
1749839962.3817074 [publish_wind_direction-4] [INFO] [1749839962.381137873] [publish_wind_direction]: Publishing: id247:E
1749839962.3857679 [publish_wind_direction-4] [INFO] [1749839962.385194114] [publish_wind_direction]: ------------------
1749839967.4050550 [service_neighbours_opinions-2] [INFO] [1749839967.404156463] [service_neighbours_opinions]: All opinions size= 18
1749839967.4095135 [publish_wind_direction-4] [INFO] [1749839967.408627537] [publish_wind_direction]: ### Informed ###
1749839967.4136238 [publish_wind_direction-4] [INFO] [1749839967.412832907] [publish_wind_direction]: Publishing: id247:S
1749839967.4170403 [publish_wind_direction-4] [INFO] [1749839967.415808093] [publish_wind_direction]: ------------------
1749839972.3725038 [service_neighbours_opinions-2] [INFO] [1749839972.371810312] [service_neighbours_opinions]: All opinions size= 18
1749839972.3765802 [publish_wind_direction-4] [INFO] [1749839972.375955349] [publish_wind_direction]: ### Informed ###
1749839972.3806431 [publish_wind_direction-4] [INFO] [1749839972.380010627] [publish_wind_direction]: Publishing: id247:S
1749839972.3838933 [publish_wind_direction-4] [INFO] [1749839972.382820553] [publish_wind_direction]: ------------------
1749839977.6314335 [service_neighbours_opinions-2] [INFO] [1749839977.630746142] [service_neighbours_opinions]: All opinions size= 18
1749839977.6356797 [publish_wind_direction-4] [INFO] [1749839977.634993586] [publish_wind_direction]: ### Informed ###
1749839977.6395731 [publish_wind_direction-4] [INFO] [1749839977.638982123] [publish_wind_direction]: Publishing: id247:S
1749839977.6424665 [publish_wind_direction-4] [INFO] [1749839977.641835327] [publish_wind_direction]: ------------------
1749839982.2078693 [service_neighbours_opinions-2] [INFO] [1749839982.207145824] [service_neighbours_opinions]: All opinions size= 18
1749839982.2123523 [publish_wind_direction-4] [INFO] [1749839982.211732269] [publish_wind_direction]: ### Informed ###
1749839982.2158201 [publish_wind_direction-4] [INFO] [1749839982.215235121] [publish_wind_direction]: Publishing: id247:N
1749839982.2185624 [publish_wind_direction-4] [INFO] [1749839982.217936843] [publish_wind_direction]: ------------------
1749839987.2449613 [service_neighbours_opinions-2] [INFO] [1749839987.243975840] [service_neighbours_opinions]: All opinions size= 18
1749839987.2491226 [publish_wind_direction-4] [INFO] [1749839987.248259581] [publish_wind_direction]: ### Informed ###
1749839987.2526987 [publish_wind_direction-4] [INFO] [1749839987.251785136] [publish_wind_direction]: Publishing: id247:N
1749839987.2559035 [publish_wind_direction-4] [INFO] [1749839987.254736155] [publish_wind_direction]: ------------------
1749839992.3324044 [service_neighbours_opinions-2] [INFO] [1749839992.331704930] [service_neighbours_opinions]: All opinions size= 18
1749839992.3379676 [publish_wind_direction-4] [INFO] [1749839992.337228059] [publish_wind_direction]: ### Informed ###
1749839992.3420806 [publish_wind_direction-4] [INFO] [1749839992.341454892] [publish_wind_direction]: Publishing: id247:W
1749839992.3451815 [publish_wind_direction-4] [INFO] [1749839992.344603467] [publish_wind_direction]: ------------------
1749841009.7359581 [service_neighbours_opinions-2] [INFO] [1749841009.735242879] [service_neighbours_opinions]: Raising exception at 18:56:49
1749841009.8628950 [service_neighbours_opinions-2] Traceback (most recent call last):
1749841009.8656695 [service_neighbours_opinions-2]   File "/home/thymio/ros2_ws/install/wind_direction_detector/lib/python3.10/site-packages/wind_direction_detector/neighbours_opinion_node.py", line 114, in main
1749841009.8694224 [service_neighbours_opinions-2]     rclpy.spin(neighbours_node)
1749841009.8834774 [service_neighbours_opinions-2]   File "/opt/ros/humble/local/lib/python3.10/dist-packages/rclpy/__init__.py", line 226, in spin
1749841009.8844020 [service_neighbours_opinions-2]     executor.spin_once()
1749841009.8851917 [service_neighbours_opinions-2]   File "/opt/ros/humble/local/lib/python3.10/dist-packages/rclpy/executors.py", line 739, in spin_once
1749841009.8860312 [service_neighbours_opinions-2]     self._spin_once_impl(timeout_sec)
1749841009.8870630 [service_neighbours_opinions-2]   File "/opt/ros/humble/local/lib/python3.10/dist-packages/rclpy/executors.py", line 736, in _spin_once_impl
1749841009.8879523 [service_neighbours_opinions-2]     raise handler.exception()
1749841009.8888011 [service_neighbours_opinions-2]   File "/opt/ros/humble/local/lib/python3.10/dist-packages/rclpy/task.py", line 239, in __call__
1749841009.8905632 [service_neighbours_opinions-2]     self._handler.send(None)
1749841009.8921483 [service_neighbours_opinions-2]   File "/opt/ros/humble/local/lib/python3.10/dist-packages/rclpy/executors.py", line 437, in handler
1749841009.8934710 [service_neighbours_opinions-2]     await call_coroutine(entity, arg)
1749841009.8949800 [service_neighbours_opinions-2]   File "/opt/ros/humble/local/lib/python3.10/dist-packages/rclpy/executors.py", line 351, in _execute_timer
1749841009.8962171 [service_neighbours_opinions-2]     await await_or_execute(tmr.callback)
1749841009.8975234 [service_neighbours_opinions-2]   File "/opt/ros/humble/local/lib/python3.10/dist-packages/rclpy/executors.py", line 107, in await_or_execute
1749841009.8988910 [service_neighbours_opinions-2]     return callback(*args)
1749841009.9001410 [service_neighbours_opinions-2]   File "/home/thymio/ros2_ws/install/wind_direction_detector/lib/python3.10/site-packages/wind_direction_detector/neighbours_opinion_node.py", line 65, in stop_execution
1749841009.9014108 [service_neighbours_opinions-2]     raise Exception
1749841009.9026303 [service_neighbours_opinions-2] Exception
1749841009.9037960 [service_neighbours_opinions-2] 
1749841009.9050894 [service_neighbours_opinions-2] During handling of the above exception, another exception occurred:
1749841009.9064076 [service_neighbours_opinions-2] 
1749841009.9075682 [service_neighbours_opinions-2] Traceback (most recent call last):
1749841009.9087129 [service_neighbours_opinions-2]   File "/home/thymio/ros2_ws/install/wind_direction_detector/lib/wind_direction_detector/service_neighbours_opinions", line 33, in <module>
1749841009.9095867 [service_neighbours_opinions-2]     sys.exit(load_entry_point('wind-direction-detector==0.0.0', 'console_scripts', 'service_neighbours_opinions')())
1749841009.9104633 [service_neighbours_opinions-2]   File "/home/thymio/ros2_ws/install/wind_direction_detector/lib/python3.10/site-packages/wind_direction_detector/neighbours_opinion_node.py", line 120, in main
1749841009.9112391 [service_neighbours_opinions-2]     neighbours_node.get_logger().error(e)
1749841009.9121683 [service_neighbours_opinions-2]   File "/opt/ros/humble/local/lib/python3.10/dist-packages/rclpy/impl/rcutils_logger.py", line 345, in error
1749841009.9130402 [service_neighbours_opinions-2]     return self.log(message, LoggingSeverity.ERROR, **kwargs)
1749841009.9138949 [service_neighbours_opinions-2]   File "/opt/ros/humble/local/lib/python3.10/dist-packages/rclpy/impl/rcutils_logger.py", line 318, in log
1749841009.9148004 [service_neighbours_opinions-2]     _rclpy.rclpy_logging_rcutils_log(
1749841009.9156258 [service_neighbours_opinions-2] TypeError: rclpy_logging_rcutils_log(): incompatible function arguments. The following argument types are supported:
1749841009.9165239 [service_neighbours_opinions-2]     1. (arg0: int, arg1: str, arg2: str, arg3: str, arg4: str, arg5: int) -> None
1749841009.9173880 [service_neighbours_opinions-2] 
1749841009.9182639 [service_neighbours_opinions-2] Invoked with: <LoggingSeverity.ERROR: 40>, 'service_neighbours_opinions', Exception(), 'main', '/home/thymio/ros2_ws/install/wind_direction_detector/lib/python3.10/site-packages/wind_direction_detector/neighbours_opinion_node.py', 120
1749841010.0127501 [publish_wind_direction-4] [INFO] [1749841010.012063286] [publish_wind_direction]: Raising exception at 18:56:50
1749841010.0187583 [publish_wind_direction-4] CV2 Ver. =  4.11.0
1749841010.0190909 [publish_wind_direction-4] No ArUco marker detected.
1749841010.0193026 [publish_wind_direction-4] No ArUco marker detected.
1749841010.0194867 [publish_wind_direction-4] No ArUco marker detected.
1749841010.2293146 [publish_wind_direction-4] Traceback (most recent call last):
1749841010.2297723 [publish_wind_direction-4]   File "/home/thymio/ros2_ws/install/wind_direction_detector/lib/wind_direction_detector/publish_wind_direction", line 33, in <module>
1749841010.2310061 [publish_wind_direction-4]     sys.exit(load_entry_point('wind-direction-detector==0.0.0', 'console_scripts', 'publish_wind_direction')())
1749841010.2314663 [publish_wind_direction-4]   File "/home/thymio/ros2_ws/install/wind_direction_detector/lib/python3.10/site-packages/wind_direction_detector/publish_direction.py", line 353, in main
1749841010.2318010 [publish_wind_direction-4]     rclpy.spin(wind_direction_sensor)
1749841010.2321091 [publish_wind_direction-4]   File "/opt/ros/humble/local/lib/python3.10/dist-packages/rclpy/__init__.py", line 226, in spin
1749841010.2331815 [publish_wind_direction-4]     executor.spin_once()
1749841010.2336202 [publish_wind_direction-4]   File "/opt/ros/humble/local/lib/python3.10/dist-packages/rclpy/executors.py", line 739, in spin_once
1749841010.2339997 [publish_wind_direction-4]     self._spin_once_impl(timeout_sec)
1749841010.2343769 [publish_wind_direction-4]   File "/opt/ros/humble/local/lib/python3.10/dist-packages/rclpy/executors.py", line 736, in _spin_once_impl
1749841010.2346897 [publish_wind_direction-4]     raise handler.exception()
1749841010.2350013 [publish_wind_direction-4]   File "/opt/ros/humble/local/lib/python3.10/dist-packages/rclpy/task.py", line 239, in __call__
1749841010.2367463 [publish_wind_direction-4]     self._handler.send(None)
1749841010.2375002 [publish_wind_direction-4]   File "/opt/ros/humble/local/lib/python3.10/dist-packages/rclpy/executors.py", line 437, in handler
1749841010.2385261 [publish_wind_direction-4]     await call_coroutine(entity, arg)
1749841010.2398002 [publish_wind_direction-4]   File "/opt/ros/humble/local/lib/python3.10/dist-packages/rclpy/executors.py", line 351, in _execute_timer
1749841010.2408814 [publish_wind_direction-4]     await await_or_execute(tmr.callback)
1749841010.2418804 [publish_wind_direction-4]   File "/opt/ros/humble/local/lib/python3.10/dist-packages/rclpy/executors.py", line 107, in await_or_execute
1749841010.2430508 [publish_wind_direction-4]     return callback(*args)
1749841010.2441308 [publish_wind_direction-4]   File "/home/thymio/ros2_ws/install/wind_direction_detector/lib/python3.10/site-packages/wind_direction_detector/publish_direction.py", line 188, in make_wind_direction_opinion
1749841010.2451272 [publish_wind_direction-4]     raise Exception
1749841010.2461019 [publish_wind_direction-4] Exception
1749841013.4442530 [ERROR] [publish_wind_direction-4]: process has died [pid 12679, exit code 1, cmd '/home/thymio/ros2_ws/install/wind_direction_detector/lib/wind_direction_detector/publish_wind_direction --ros-args -r __node:=publish_wind_direction'].
1749841013.6468256 [ERROR] [service_neighbours_opinions-2]: process has died [pid 12675, exit code 1, cmd '/home/thymio/ros2_ws/install/wind_direction_detector/lib/wind_direction_detector/service_neighbours_opinions --ros-args -r __node:=service_neighbours_opinions'].
1749841018.1127303 [random_robot_move-3] [INFO] [1749841018.112071800] [random_robot_move]: robot move: excetion raised at 18:56:58
1749841018.1159692 [random_robot_move-3] [INFO] [1749841018.115054726] [random_robot_move]: Exception, shutting down
1749841018.1630006 [random_robot_move-3] Initializing Thymio Robot
1749841018.1633284 [random_robot_move-3] Thymio 1 is connected
1749841018.1634960 [random_robot_move-3] ['_id', 'event.source', 'event.args', '_fwversion', '_productId', 'buttons._raw', 'button.backward', 'button.left', 'button.center', 'button.forward', 'button.right', 'buttons._mean', 'buttons._noise', 'prox.horizontal', 'prox.comm.rx._payloads', 'prox.comm.rx._intensities', 'prox.comm.rx', 'prox.comm.tx', 'prox.ground.ambiant', 'prox.ground.reflected', 'prox.ground.delta', 'motor.left.target', 'motor.right.target', '_vbat', '_imot', 'motor.left.speed', 'motor.right.speed', 'motor.left.pwm', 'motor.right.pwm', '_integrator', 'acc', 'leds.top', 'leds.bottom.left', 'leds.bottom.right', 'leds.circle', 'temperature', 'rc5.address', 'rc5.command', 'mic.intensity', 'mic.threshold', 'mic._mean', 'timer.period', 'acc._tap', 'sd.present']
1749841018.1636503 [random_robot_move-3] Robot connected
