1749829603.5978508 [INFO] [launch]: All log files can be found below /home/thymio/ros_logs/2025-06-13-15-46-43-594535-thymio-1275
1749829603.5985267 [INFO] [launch]: Default logging verbosity is set to INFO
1749829603.8162336 [INFO] [service_vicon_node-1]: process started with pid [1276]
1749829603.8172390 [INFO] [service_neighbours_opinions-2]: process started with pid [1278]
1749829603.8179538 [INFO] [random_robot_move-3]: process started with pid [1280]
1749829603.8186233 [INFO] [publish_wind_direction-4]: process started with pid [1282]
1749829605.3675916 [publish_wind_direction-4] /usr/lib/python3/dist-packages/scipy/__init__.py:146: UserWarning: A NumPy version >=1.17.3 and <1.25.0 is required for this version of SciPy (detected version 1.26.4
1749829605.3690312 [publish_wind_direction-4]   warnings.warn(f"A NumPy version >={np_minversion} and <{np_maxversion}"
1749829605.5218325 [service_vicon_node-1] [INFO] [1749829605.521113737] [service_vicon_node]: Physical Ip=192.168.4.72, id=id72
1749829605.5264375 [service_vicon_node-1] [INFO] [1749829605.525770218] [service_vicon_node]: Updated ID from mapping: id136
1749829605.5412619 [service_vicon_node-1] [INFO] [1749829605.540086607] [service_vicon_node]: Subscribed to: vicon/default/data
1749829605.5503328 [service_neighbours_opinions-2] [INFO] [1749829605.549585718] [service_neighbours_opinions]: Physical Ip=192.168.4.72, id=id72
1749829605.5534306 [service_neighbours_opinions-2] [INFO] [1749829605.552659662] [service_neighbours_opinions]: Updated ID from mapping: id136
1749829605.5617325 [service_neighbours_opinions-2] [INFO] [1749829605.561035348] [service_neighbours_opinions]: Subscribed to: wind_direction/id68
1749829605.5657506 [service_neighbours_opinions-2] [INFO] [1749829605.564986570] [service_neighbours_opinions]: Subscribed to: wind_direction/id137
1749829605.5698237 [service_neighbours_opinions-2] [INFO] [1749829605.569024070] [service_neighbours_opinions]: Subscribed to: wind_direction/id142
1749829605.5741761 [service_neighbours_opinions-2] [INFO] [1749829605.573470033] [service_neighbours_opinions]: Subscribed to: wind_direction/id151
1749829605.5781472 [service_neighbours_opinions-2] [INFO] [1749829605.577446162] [service_neighbours_opinions]: Subscribed to: wind_direction/id152
1749829605.5823545 [service_neighbours_opinions-2] [INFO] [1749829605.581391162] [service_neighbours_opinions]: Subscribed to: wind_direction/id155
1749829605.5862653 [service_neighbours_opinions-2] [INFO] [1749829605.585573533] [service_neighbours_opinions]: Subscribed to: wind_direction/id189
1749829605.5900218 [service_neighbours_opinions-2] [INFO] [1749829605.589330051] [service_neighbours_opinions]: Subscribed to: wind_direction/id192
1749829605.5937715 [service_neighbours_opinions-2] [INFO] [1749829605.593075459] [service_neighbours_opinions]: Subscribed to: wind_direction/id193
1749829605.5977206 [service_neighbours_opinions-2] [INFO] [1749829605.597021070] [service_neighbours_opinions]: Subscribed to: wind_direction/id194
1749829605.6014555 [service_neighbours_opinions-2] [INFO] [1749829605.600734403] [service_neighbours_opinions]: Subscribed to: wind_direction/id195
1749829605.6051717 [service_neighbours_opinions-2] [INFO] [1749829605.604420533] [service_neighbours_opinions]: Subscribed to: wind_direction/id200
1749829605.6089182 [service_neighbours_opinions-2] [INFO] [1749829605.608174292] [service_neighbours_opinions]: Subscribed to: wind_direction/id206
1749829605.6143005 [service_neighbours_opinions-2] [INFO] [1749829605.613422218] [service_neighbours_opinions]: Subscribed to: wind_direction/id207
1749829605.6195371 [service_neighbours_opinions-2] [INFO] [1749829605.618763144] [service_neighbours_opinions]: Subscribed to: wind_direction/id223
1749829605.6240015 [service_neighbours_opinions-2] [INFO] [1749829605.623289273] [service_neighbours_opinions]: Subscribed to: wind_direction/id224
1749829605.6280468 [service_neighbours_opinions-2] [INFO] [1749829605.627342051] [service_neighbours_opinions]: Subscribed to: wind_direction/id236
1749829605.6317914 [service_neighbours_opinions-2] [INFO] [1749829605.631090514] [service_neighbours_opinions]: Subscribed to: wind_direction/id247
1749829605.6355209 [service_neighbours_opinions-2] [INFO] [1749829605.634843236] [service_neighbours_opinions]: Subscribed to: wind_direction/id1193
1749829605.8933020 [publish_wind_direction-4] [INFO] [1749829605.892550644] [publish_wind_direction]: Physical Ip=192.168.4.72, id=id72
1749829605.8960986 [publish_wind_direction-4] [INFO] [1749829605.895537366] [publish_wind_direction]: Updated ID from mapping: id136
1749829605.9035003 [publish_wind_direction-4] [INFO] [1749829605.902908347] [publish_wind_direction]: Publsihing on: wind_direction/id136
1749829613.3996885 [random_robot_move-3] [INFO] [1749829613.398996473] [random_robot_move]: Robot Control Node started.
1749829615.6814854 [service_vicon_node-1] [INFO] [1749829615.680315805] [service_vicon_node]: Frame_no: 56315
1749829626.1473117 [service_vicon_node-1] [INFO] [1749829626.146121113] [service_vicon_node]: Frame_no: 56626
1749829626.7638857 [service_vicon_node-1] /opt/ros/humble/local/lib/python3.10/dist-packages/rclpy/service.py:76: RuntimeWarning: failed to send response (timeout): client will not receive response, at ./src/rmw_response.cpp:154, at ./src/rcl/service.c:314
1749829626.7644684 [service_vicon_node-1]   self.__service.service_send_response(response, header.request_id)
1749829636.6378691 [service_vicon_node-1] [INFO] [1749829636.637041736] [service_vicon_node]: Frame_no: 56941
1749829643.5599034 [service_neighbours_opinions-2] [INFO] [1749829643.559177584] [service_neighbours_opinions]: All opinions size= 4
1749829643.5645523 [publish_wind_direction-4] [INFO] [1749829643.563928621] [publish_wind_direction]: ### Informed ###
1749829643.5683961 [publish_wind_direction-4] [INFO] [1749829643.567825862] [publish_wind_direction]: Publishing: id136:S
1749829643.5713799 [publish_wind_direction-4] [INFO] [1749829643.570805103] [publish_wind_direction]: ------------------
1749829647.1868465 [service_vicon_node-1] [INFO] [1749829647.186010138] [service_vicon_node]: Frame_no: 57260
1749829648.7266524 [service_neighbours_opinions-2] [INFO] [1749829648.725890396] [service_neighbours_opinions]: All opinions size= 6
1749829648.7307763 [publish_wind_direction-4] [INFO] [1749829648.730093896] [publish_wind_direction]: ### Informed ###
1749829648.7345002 [publish_wind_direction-4] [INFO] [1749829648.733880840] [publish_wind_direction]: Publishing: id136:S
1749829648.7375345 [publish_wind_direction-4] [INFO] [1749829648.736909192] [publish_wind_direction]: ------------------
1749829653.4561396 [service_neighbours_opinions-2] [INFO] [1749829653.455314393] [service_neighbours_opinions]: All opinions size= 9
1749829653.4600942 [publish_wind_direction-4] [INFO] [1749829653.459493041] [publish_wind_direction]: ### Informed ###
1749829653.4636722 [publish_wind_direction-4] [INFO] [1749829653.463091745] [publish_wind_direction]: Publishing: id136:N
1749829653.4663234 [publish_wind_direction-4] [INFO] [1749829653.465758078] [publish_wind_direction]: ------------------
1749829658.0692320 [service_vicon_node-1] [INFO] [1749829658.065128094] [service_vicon_node]: Frame_no: 57585
1749829658.6329830 [service_neighbours_opinions-2] [INFO] [1749829658.632080094] [service_neighbours_opinions]: All opinions size= 9
1749829658.6397285 [publish_wind_direction-4] [INFO] [1749829658.639140816] [publish_wind_direction]: ### Informed ###
1749829658.6446712 [publish_wind_direction-4] [INFO] [1749829658.644059260] [publish_wind_direction]: Publishing: id136:W
1749829658.6474626 [publish_wind_direction-4] [INFO] [1749829658.646895297] [publish_wind_direction]: ------------------
1749829663.7035956 [service_neighbours_opinions-2] [INFO] [1749829663.702769183] [service_neighbours_opinions]: All opinions size= 10
1749829663.7087967 [publish_wind_direction-4] [INFO] [1749829663.708081350] [publish_wind_direction]: ### Informed ###
1749829663.7145624 [publish_wind_direction-4] [INFO] [1749829663.713942757] [publish_wind_direction]: Publishing: id136:N
1749829663.7182806 [publish_wind_direction-4] [INFO] [1749829663.717643072] [publish_wind_direction]: ------------------
1749829668.3735399 [service_vicon_node-1] [INFO] [1749829668.372681384] [service_vicon_node]: Frame_no: 57895
1749829668.8401542 [service_neighbours_opinions-2] [INFO] [1749829668.839396532] [service_neighbours_opinions]: All opinions size= 11
1749829668.8461087 [publish_wind_direction-4] [INFO] [1749829668.845315532] [publish_wind_direction]: ### Informed ###
1749829668.8533878 [publish_wind_direction-4] [INFO] [1749829668.852717810] [publish_wind_direction]: Publishing: id136:S
1749829668.8561687 [publish_wind_direction-4] [INFO] [1749829668.855585402] [publish_wind_direction]: ------------------
1749829678.6108465 [service_vicon_node-1] [INFO] [1749829678.610124452] [service_vicon_node]: Frame_no: 58203
1749829688.7685828 [service_vicon_node-1] [INFO] [1749829688.767917335] [service_vicon_node]: Frame_no: 58508
1749829699.0006769 [service_vicon_node-1] [INFO] [1749829698.999670366] [service_vicon_node]: Frame_no: 58815
1749829709.1660986 [service_vicon_node-1] [INFO] [1749829709.165088915] [service_vicon_node]: Frame_no: 59120
1749829719.3672123 [service_vicon_node-1] [INFO] [1749829719.366179020] [service_vicon_node]: Frame_no: 59426
1749829729.5058975 [service_vicon_node-1] [INFO] [1749829729.505032977] [service_vicon_node]: Frame_no: 59730
1749829739.6995044 [service_vicon_node-1] [INFO] [1749829739.698539638] [service_vicon_node]: Frame_no: 60036
1749829749.8703508 [service_vicon_node-1] [INFO] [1749829749.869475984] [service_vicon_node]: Frame_no: 60341
1749829760.0699718 [service_vicon_node-1] [INFO] [1749829760.069295274] [service_vicon_node]: Frame_no: 60647
1749829770.2385631 [service_vicon_node-1] [INFO] [1749829770.237497305] [service_vicon_node]: Frame_no: 60952
1749829780.4990244 [service_vicon_node-1] [INFO] [1749829780.498320429] [service_vicon_node]: Frame_no: 61260
1749829790.6988685 [service_vicon_node-1] [INFO] [1749829790.698143052] [service_vicon_node]: Frame_no: 61566
1749829800.8662200 [service_vicon_node-1] [INFO] [1749829800.865582713] [service_vicon_node]: Frame_no: 61871
1749829810.9783688 [service_vicon_node-1] [INFO] [1749829810.977404188] [service_vicon_node]: Frame_no: 62174
1749829821.1692493 [service_vicon_node-1] [INFO] [1749829821.168550275] [service_vicon_node]: Frame_no: 62480
1749829831.3490977 [service_vicon_node-1] [INFO] [1749829831.347662454] [service_vicon_node]: Frame_no: 62785
1749829841.5696561 [service_vicon_node-1] [INFO] [1749829841.568947003] [service_vicon_node]: Frame_no: 63092
1749829851.7385776 [service_vicon_node-1] [INFO] [1749829851.737902571] [service_vicon_node]: Frame_no: 63397
1749829861.9251335 [service_vicon_node-1] [INFO] [1749829861.924409861] [service_vicon_node]: Frame_no: 63702
1749829872.0392294 [service_vicon_node-1] [INFO] [1749829872.038530559] [service_vicon_node]: Frame_no: 64006
1749829882.3355212 [service_vicon_node-1] [INFO] [1749829882.334864183] [service_vicon_node]: Frame_no: 64315
1749829892.5364461 [service_vicon_node-1] [INFO] [1749829892.535350547] [service_vicon_node]: Frame_no: 64621
1749829902.6756821 [service_vicon_node-1] [INFO] [1749829902.674632633] [service_vicon_node]: Frame_no: 64925
1749829912.8632932 [service_vicon_node-1] [INFO] [1749829912.862289868] [service_vicon_node]: Frame_no: 65231
1749829922.9997241 [service_vicon_node-1] [INFO] [1749829922.998982344] [service_vicon_node]: Frame_no: 65535
1749829933.1361520 [service_vicon_node-1] [INFO] [1749829933.135107986] [service_vicon_node]: Frame_no: 65839
1749829943.3781729 [service_vicon_node-1] [INFO] [1749829943.377440591] [service_vicon_node]: Frame_no: 66146
1749829953.6046262 [service_vicon_node-1] [INFO] [1749829953.603921992] [service_vicon_node]: Frame_no: 66453
1749829963.8362958 [service_vicon_node-1] [INFO] [1749829963.835170819] [service_vicon_node]: Frame_no: 66760
1749829973.9685404 [service_vicon_node-1] [INFO] [1749829973.967582869] [service_vicon_node]: Frame_no: 67064
1749829984.1764555 [service_vicon_node-1] [INFO] [1749829984.175135789] [service_vicon_node]: Frame_no: 67370
1749829994.3656278 [service_vicon_node-1] [INFO] [1749829994.364520894] [service_vicon_node]: Frame_no: 67676
1749830004.5376885 [service_vicon_node-1] [INFO] [1749830004.536592721] [service_vicon_node]: Frame_no: 67981
1749830014.7067194 [service_vicon_node-1] [INFO] [1749830014.705744956] [service_vicon_node]: Frame_no: 68286
1749830024.8977838 [service_vicon_node-1] [INFO] [1749830024.897113672] [service_vicon_node]: Frame_no: 68592
1749830035.0387144 [service_vicon_node-1] [INFO] [1749830035.037990018] [service_vicon_node]: Frame_no: 68896
1749830045.1736112 [service_vicon_node-1] [INFO] [1749830045.172499697] [service_vicon_node]: Frame_no: 69200
1749830055.3343041 [service_vicon_node-1] [INFO] [1749830055.333637302] [service_vicon_node]: Frame_no: 69505
1749830065.5673392 [service_vicon_node-1] [INFO] [1749830065.566658240] [service_vicon_node]: Frame_no: 69812
1749830075.7372448 [service_vicon_node-1] [INFO] [1749830075.736497049] [service_vicon_node]: Frame_no: 70117
1749830085.8751962 [service_vicon_node-1] [INFO] [1749830085.874506821] [service_vicon_node]: Frame_no: 70421
1749830096.0087974 [service_vicon_node-1] [INFO] [1749830096.008068037] [service_vicon_node]: Frame_no: 70725
1749830106.2347293 [service_vicon_node-1] [INFO] [1749830106.234034901] [service_vicon_node]: Frame_no: 71032
1749830116.4728127 [service_vicon_node-1] [INFO] [1749830116.471808191] [service_vicon_node]: Frame_no: 71339
1749830126.6356983 [service_vicon_node-1] [INFO] [1749830126.634725444] [service_vicon_node]: Frame_no: 71644
1749830136.8090408 [service_vicon_node-1] [INFO] [1749830136.808338124] [service_vicon_node]: Frame_no: 71949
1749830146.9690413 [service_vicon_node-1] [INFO] [1749830146.968334025] [service_vicon_node]: Frame_no: 72254
1749830157.1049538 [service_vicon_node-1] [INFO] [1749830157.104150574] [service_vicon_node]: Frame_no: 72558
1749830167.2709026 [service_vicon_node-1] [INFO] [1749830167.270213476] [service_vicon_node]: Frame_no: 72863
1749830177.4074945 [service_vicon_node-1] [INFO] [1749830177.406799785] [service_vicon_node]: Frame_no: 73167
1749830187.6053886 [service_vicon_node-1] [INFO] [1749830187.604659556] [service_vicon_node]: Frame_no: 73473
1749830197.8352473 [service_vicon_node-1] [INFO] [1749830197.834541143] [service_vicon_node]: Frame_no: 73780
1749830208.0044630 [service_vicon_node-1] [INFO] [1749830208.003773303] [service_vicon_node]: Frame_no: 74085
1749830218.2725630 [service_vicon_node-1] [INFO] [1749830218.271885297] [service_vicon_node]: Frame_no: 74393
1749830228.5072622 [service_vicon_node-1] [INFO] [1749830228.506593828] [service_vicon_node]: Frame_no: 74700
1749830238.6817274 [service_vicon_node-1] [INFO] [1749830238.681048563] [service_vicon_node]: Frame_no: 75005
1749830248.8017488 [service_vicon_node-1] [INFO] [1749830248.800727057] [service_vicon_node]: Frame_no: 75309
1749830258.9364879 [service_vicon_node-1] [INFO] [1749830258.935520810] [service_vicon_node]: Frame_no: 75613
1749830269.0748434 [service_vicon_node-1] [INFO] [1749830269.074086711] [service_vicon_node]: Frame_no: 75917
1749830279.2426846 [service_vicon_node-1] [INFO] [1749830279.241736502] [service_vicon_node]: Frame_no: 76222
1749830289.4397714 [service_vicon_node-1] [INFO] [1749830289.438685014] [service_vicon_node]: Frame_no: 76528
1749830299.6349077 [service_vicon_node-1] [INFO] [1749830299.634236397] [service_vicon_node]: Frame_no: 76834
1749830309.8094409 [service_vicon_node-1] [INFO] [1749830309.808690594] [service_vicon_node]: Frame_no: 77139
1749830319.9743083 [service_vicon_node-1] [INFO] [1749830319.973593514] [service_vicon_node]: Frame_no: 77444
1749830330.1464050 [service_vicon_node-1] [INFO] [1749830330.145662082] [service_vicon_node]: Frame_no: 77749
1749830340.3387635 [service_vicon_node-1] [INFO] [1749830340.338045761] [service_vicon_node]: Frame_no: 78055
1749830350.4083252 [service_vicon_node-1] [INFO] [1749830350.407660700] [service_vicon_node]: Frame_no: 78357
1749830360.6075871 [service_vicon_node-1] [INFO] [1749830360.606886749] [service_vicon_node]: Frame_no: 78663
1749830370.7737439 [service_vicon_node-1] [INFO] [1749830370.773048225] [service_vicon_node]: Frame_no: 78968
1749830380.9165890 [service_vicon_node-1] [INFO] [1749830380.915508515] [service_vicon_node]: Frame_no: 79272
1749830391.0422702 [service_vicon_node-1] [INFO] [1749830391.041352731] [service_vicon_node]: Frame_no: 79576
1749830401.1436393 [service_vicon_node-1] [INFO] [1749830401.142932096] [service_vicon_node]: Frame_no: 79879
1749830411.3129387 [service_vicon_node-1] [INFO] [1749830411.312126256] [service_vicon_node]: Frame_no: 80184
1749830421.5412149 [service_vicon_node-1] [INFO] [1749830421.540222954] [service_vicon_node]: Frame_no: 80491
1749830431.7046175 [service_vicon_node-1] [INFO] [1749830431.703954503] [service_vicon_node]: Frame_no: 80796
1749830441.9098957 [service_vicon_node-1] [INFO] [1749830441.909196979] [service_vicon_node]: Frame_no: 81102
1749830452.0826421 [service_vicon_node-1] [INFO] [1749830452.081870417] [service_vicon_node]: Frame_no: 81407
1749830462.2466960 [service_vicon_node-1] [INFO] [1749830462.245964170] [service_vicon_node]: Frame_no: 81712
1749830472.4124358 [service_vicon_node-1] [INFO] [1749830472.411801405] [service_vicon_node]: Frame_no: 82017
1749830482.6111007 [service_vicon_node-1] [INFO] [1749830482.610369899] [service_vicon_node]: Frame_no: 82323
1749830492.7077954 [service_vicon_node-1] [INFO] [1749830492.707107300] [service_vicon_node]: Frame_no: 82626
1749830502.8433635 [service_vicon_node-1] [INFO] [1749830502.842692887] [service_vicon_node]: Frame_no: 82930
1749830513.0196607 [service_vicon_node-1] [INFO] [1749830513.018918473] [service_vicon_node]: Frame_no: 83235
1749830523.2371919 [service_vicon_node-1] [INFO] [1749830523.236521782] [service_vicon_node]: Frame_no: 83542
1749830533.3769279 [service_vicon_node-1] [INFO] [1749830533.375932424] [service_vicon_node]: Frame_no: 83846
1749830543.5200956 [service_vicon_node-1] [INFO] [1749830543.519139826] [service_vicon_node]: Frame_no: 84150
1749830553.7775433 [service_vicon_node-1] [INFO] [1749830553.776533412] [service_vicon_node]: Frame_no: 84458
1749830563.9440610 [service_vicon_node-1] [INFO] [1749830563.943394776] [service_vicon_node]: Frame_no: 84763
1749830574.1099367 [service_vicon_node-1] [INFO] [1749830574.108990363] [service_vicon_node]: Frame_no: 85068
1749830584.2461011 [service_vicon_node-1] [INFO] [1749830584.245150375] [service_vicon_node]: Frame_no: 85372
1749830594.4455528 [service_vicon_node-1] [INFO] [1749830594.444603221] [service_vicon_node]: Frame_no: 85678
1749830604.6142111 [service_vicon_node-1] [INFO] [1749830604.613562752] [service_vicon_node]: Frame_no: 85983
1749830614.8751333 [service_vicon_node-1] [INFO] [1749830614.874134487] [service_vicon_node]: Frame_no: 86291
1749830625.0431101 [service_vicon_node-1] [INFO] [1749830625.042402370] [service_vicon_node]: Frame_no: 86596
1749830635.1788349 [service_vicon_node-1] [INFO] [1749830635.178124512] [service_vicon_node]: Frame_no: 86900
1749830645.3846114 [service_vicon_node-1] [INFO] [1749830645.383935598] [service_vicon_node]: Frame_no: 87206
1749830655.5776496 [service_vicon_node-1] [INFO] [1749830655.576988574] [service_vicon_node]: Frame_no: 87512
1749830665.7754772 [service_vicon_node-1] [INFO] [1749830665.774812105] [service_vicon_node]: Frame_no: 87818
1749830676.0090003 [service_vicon_node-1] [INFO] [1749830676.008265284] [service_vicon_node]: Frame_no: 88125
1749830686.1458907 [service_vicon_node-1] [INFO] [1749830686.144910222] [service_vicon_node]: Frame_no: 88429
1749830696.3163700 [service_vicon_node-1] [INFO] [1749830696.315659642] [service_vicon_node]: Frame_no: 88734
1749830706.4819636 [service_vicon_node-1] [INFO] [1749830706.481229284] [service_vicon_node]: Frame_no: 89039
1749830716.6129127 [service_vicon_node-1] [INFO] [1749830716.612167908] [service_vicon_node]: Frame_no: 89343
1749830726.7805872 [service_vicon_node-1] [INFO] [1749830726.779904920] [service_vicon_node]: Frame_no: 89648
1749830736.9507256 [service_vicon_node-1] [INFO] [1749830736.949989210] [service_vicon_node]: Frame_no: 89953
1749830747.1711118 [service_vicon_node-1] [INFO] [1749830747.170399982] [service_vicon_node]: Frame_no: 90259
1749830757.3421073 [service_vicon_node-1] [INFO] [1749830757.341408031] [service_vicon_node]: Frame_no: 90565
1749830767.5115991 [service_vicon_node-1] [INFO] [1749830767.510927303] [service_vicon_node]: Frame_no: 90870
1749830777.6746325 [service_vicon_node-1] [INFO] [1749830777.673671890] [service_vicon_node]: Frame_no: 91175
1749830787.8469172 [service_vicon_node-1] [INFO] [1749830787.845960458] [service_vicon_node]: Frame_no: 91480
1749830798.0254471 [service_vicon_node-1] [INFO] [1749830798.024732415] [service_vicon_node]: Frame_no: 91785
1749830805.6391511 [service_neighbours_opinions-2] [INFO] [1749830805.638212095] [service_neighbours_opinions]: Raising exception at 16:06:45
1749830805.7871234 [service_neighbours_opinions-2] Traceback (most recent call last):
1749830805.7890291 [service_neighbours_opinions-2]   File "/home/thymio/ros2_ws/install/wind_direction_detector/lib/python3.10/site-packages/wind_direction_detector/neighbours_opinion_node.py", line 114, in main
1749830805.7916243 [service_neighbours_opinions-2]     rclpy.spin(neighbours_node)
1749830805.7934728 [service_neighbours_opinions-2]   File "/opt/ros/humble/local/lib/python3.10/dist-packages/rclpy/__init__.py", line 226, in spin
1749830805.7951221 [service_neighbours_opinions-2]     executor.spin_once()
1749830805.7958918 [service_neighbours_opinions-2]   File "/opt/ros/humble/local/lib/python3.10/dist-packages/rclpy/executors.py", line 739, in spin_once
1749830805.7975392 [service_neighbours_opinions-2]     self._spin_once_impl(timeout_sec)
1749830805.7982552 [service_neighbours_opinions-2]   File "/opt/ros/humble/local/lib/python3.10/dist-packages/rclpy/executors.py", line 736, in _spin_once_impl
1749830805.7996323 [service_neighbours_opinions-2]     raise handler.exception()
1749830805.8004146 [service_neighbours_opinions-2]   File "/opt/ros/humble/local/lib/python3.10/dist-packages/rclpy/task.py", line 239, in __call__
1749830805.8017321 [service_neighbours_opinions-2]     self._handler.send(None)
1749830805.8027797 [service_neighbours_opinions-2]   File "/opt/ros/humble/local/lib/python3.10/dist-packages/rclpy/executors.py", line 437, in handler
1749830805.8038888 [service_neighbours_opinions-2]     await call_coroutine(entity, arg)
1749830805.8050351 [service_neighbours_opinions-2]   File "/opt/ros/humble/local/lib/python3.10/dist-packages/rclpy/executors.py", line 351, in _execute_timer
1749830805.8074837 [service_neighbours_opinions-2]     await await_or_execute(tmr.callback)
1749830805.8086300 [service_neighbours_opinions-2]   File "/opt/ros/humble/local/lib/python3.10/dist-packages/rclpy/executors.py", line 107, in await_or_execute
1749830805.8097351 [service_neighbours_opinions-2]     return callback(*args)
1749830805.8110440 [service_neighbours_opinions-2]   File "/home/thymio/ros2_ws/install/wind_direction_detector/lib/python3.10/site-packages/wind_direction_detector/neighbours_opinion_node.py", line 65, in stop_execution
1749830805.8120277 [service_neighbours_opinions-2]     raise Exception
1749830805.8155115 [service_neighbours_opinions-2] Exception
1749830805.8163188 [service_neighbours_opinions-2] 
1749830805.8171155 [service_neighbours_opinions-2] During handling of the above exception, another exception occurred:
1749830805.8184404 [service_neighbours_opinions-2] 
1749830805.8193901 [service_neighbours_opinions-2] Traceback (most recent call last):
1749830805.8202679 [service_neighbours_opinions-2]   File "/home/thymio/ros2_ws/install/wind_direction_detector/lib/wind_direction_detector/service_neighbours_opinions", line 33, in <module>
1749830805.8209367 [service_neighbours_opinions-2]     sys.exit(load_entry_point('wind-direction-detector==0.0.0', 'console_scripts', 'service_neighbours_opinions')())
1749830805.8218057 [service_neighbours_opinions-2]   File "/home/thymio/ros2_ws/install/wind_direction_detector/lib/python3.10/site-packages/wind_direction_detector/neighbours_opinion_node.py", line 120, in main
1749830805.8228238 [service_neighbours_opinions-2]     neighbours_node.get_logger().error(e)
1749830805.8243203 [service_neighbours_opinions-2]   File "/opt/ros/humble/local/lib/python3.10/dist-packages/rclpy/impl/rcutils_logger.py", line 345, in error
1749830805.8264251 [service_neighbours_opinions-2]     return self.log(message, LoggingSeverity.ERROR, **kwargs)
1749830805.8275220 [service_neighbours_opinions-2]   File "/opt/ros/humble/local/lib/python3.10/dist-packages/rclpy/impl/rcutils_logger.py", line 318, in log
1749830805.8287265 [service_neighbours_opinions-2]     _rclpy.rclpy_logging_rcutils_log(
1749830805.8314521 [service_neighbours_opinions-2] TypeError: rclpy_logging_rcutils_log(): incompatible function arguments. The following argument types are supported:
1749830805.8343644 [service_neighbours_opinions-2]     1. (arg0: int, arg1: str, arg2: str, arg3: str, arg4: str, arg5: int) -> None
1749830805.8354173 [service_neighbours_opinions-2] 
1749830805.8383160 [service_neighbours_opinions-2] Invoked with: <LoggingSeverity.ERROR: 40>, 'service_neighbours_opinions', Exception(), 'main', '/home/thymio/ros2_ws/install/wind_direction_detector/lib/python3.10/site-packages/wind_direction_detector/neighbours_opinion_node.py', 120
1749830807.1374636 [service_vicon_node-1] [INFO] [1749830807.136741576] [service_vicon_node]: Vicon node, runtime finished, raising exception
1749830807.1403623 [service_vicon_node-1] [INFO] [1749830807.139706335] [service_vicon_node]: Vicon Node Stopping, Times up
1749830808.0368671 [ERROR] [service_neighbours_opinions-2]: process has died [pid 1278, exit code 1, cmd '/home/thymio/ros2_ws/install/wind_direction_detector/lib/wind_direction_detector/service_neighbours_opinions --ros-args -r __node:=service_neighbours_opinions'].
1749830808.0731459 [INFO] [service_vicon_node-1]: process has finished cleanly [pid 1276]
1749830814.5387173 [random_robot_move-3] [INFO] [1749830814.538090720] [random_robot_move]: robot move: excetion raised at 16:06:54
1749830814.5412347 [random_robot_move-3] [INFO] [1749830814.540533960] [random_robot_move]: Exception, shutting down
1749830814.5717053 [random_robot_move-3] Initializing Thymio Robot
1749830814.5720108 [random_robot_move-3] Thymio 1 is connected
1749830814.5721512 [random_robot_move-3] ['_id', 'event.source', 'event.args', '_fwversion', '_productId', 'buttons._raw', 'button.backward', 'button.left', 'button.center', 'button.forward', 'button.right', 'buttons._mean', 'buttons._noise', 'prox.horizontal', 'prox.comm.rx._payloads', 'prox.comm.rx._intensities', 'prox.comm.rx', 'prox.comm.tx', 'prox.ground.ambiant', 'prox.ground.reflected', 'prox.ground.delta', 'motor.left.target', 'motor.right.target', '_vbat', '_imot', 'motor.left.speed', 'motor.right.speed', 'motor.left.pwm', 'motor.right.pwm', '_integrator', 'acc', 'leds.top', 'leds.bottom.left', 'leds.bottom.right', 'leds.circle', 'temperature', 'rc5.address', 'rc5.command', 'mic.intensity', 'mic.threshold', 'mic._mean', 'timer.period', 'acc._tap', 'sd.present']
1749830814.5722849 [random_robot_move-3] Robot connected
1749830884.1245942 [WARNING] [launch]: user interrupted with ctrl-c (SIGINT)
1749830884.1319027 [random_robot_move-3] Exception ignored in: <module 'threading' from '/usr/lib/python3.10/threading.py'>
1749830884.1330121 [random_robot_move-3] Traceback (most recent call last):
1749830884.1340184 [random_robot_move-3]   File "/usr/lib/python3.10/threading.py", line 1567, in _shutdown
1749830884.1360235 [random_robot_move-3]     lock.acquire()
1749830884.1370070 [random_robot_move-3] KeyboardInterrupt: 
1749830884.3577051 [INFO] [random_robot_move-3]: process has finished cleanly [pid 1280]
1749830889.1335845 [ERROR] [publish_wind_direction-4]: process[publish_wind_direction-4] failed to terminate '5' seconds after receiving 'SIGINT', escalating to 'SIGTERM'
1749830889.1349061 [INFO] [publish_wind_direction-4]: sending signal 'SIGTERM' to process[publish_wind_direction-4]
1749830894.1364110 [ERROR] [publish_wind_direction-4]: process[publish_wind_direction-4] failed to terminate '10.0' seconds after receiving 'SIGTERM', escalating to 'SIGKILL'
1749830894.1377356 [INFO] [publish_wind_direction-4]: sending signal 'SIGKILL' to process[publish_wind_direction-4]
1749830894.6633840 [ERROR] [publish_wind_direction-4]: process has died [pid 1282, exit code -9, cmd '/home/thymio/ros2_ws/install/wind_direction_detector/lib/wind_direction_detector/publish_wind_direction --ros-args -r __node:=publish_wind_direction'].
