1749832285.9588666 [INFO] [launch]: All log files can be found below /home/thymio/ros_logs/2025-06-13-16-31-25-955625-thymio-3955
1749832285.9594309 [INFO] [launch]: Default logging verbosity is set to INFO
1749832286.1994290 [INFO] [service_vicon_node-1]: process started with pid [3956]
1749832286.2004476 [INFO] [service_neighbours_opinions-2]: process started with pid [3958]
1749832286.2013137 [INFO] [random_robot_move-3]: process started with pid [3960]
1749832286.2020547 [INFO] [publish_wind_direction-4]: process started with pid [3962]
1749832287.8271890 [publish_wind_direction-4] /usr/lib/python3/dist-packages/scipy/__init__.py:146: UserWarning: A NumPy version >=1.17.3 and <1.25.0 is required for this version of SciPy (detected version 1.26.4
1749832287.8282521 [publish_wind_direction-4]   warnings.warn(f"A NumPy version >={np_minversion} and <{np_maxversion}"
1749832287.8752139 [service_neighbours_opinions-2] [INFO] [1749832287.874407214] [service_neighbours_opinions]: Physical Ip=192.168.4.73, id=id73
1749832287.8783360 [service_neighbours_opinions-2] [INFO] [1749832287.877636843] [service_neighbours_opinions]: Updated ID from mapping: id223
1749832287.8871801 [service_neighbours_opinions-2] [INFO] [1749832287.886428547] [service_neighbours_opinions]: Subscribed to: wind_direction/id68
1749832287.8912549 [service_neighbours_opinions-2] [INFO] [1749832287.890567658] [service_neighbours_opinions]: Subscribed to: wind_direction/id136
1749832287.8975027 [service_neighbours_opinions-2] [INFO] [1749832287.896776084] [service_neighbours_opinions]: Subscribed to: wind_direction/id137
1749832287.9061213 [service_neighbours_opinions-2] [INFO] [1749832287.905444028] [service_neighbours_opinions]: Subscribed to: wind_direction/id142
1749832287.9118788 [service_neighbours_opinions-2] [INFO] [1749832287.911130658] [service_neighbours_opinions]: Subscribed to: wind_direction/id151
1749832287.9134781 [service_vicon_node-1] [INFO] [1749832287.912737214] [service_vicon_node]: Physical Ip=192.168.4.73, id=id73
1749832287.9175146 [service_vicon_node-1] [INFO] [1749832287.916816343] [service_vicon_node]: Updated ID from mapping: id223
1749832287.9240956 [service_neighbours_opinions-2] [INFO] [1749832287.922933843] [service_neighbours_opinions]: Subscribed to: wind_direction/id152
1749832287.9310274 [service_neighbours_opinions-2] [INFO] [1749832287.930090065] [service_neighbours_opinions]: Subscribed to: wind_direction/id155
1749832287.9344974 [service_vicon_node-1] [INFO] [1749832287.933857232] [service_vicon_node]: Subscribed to: vicon/default/data
1749832287.9363050 [service_neighbours_opinions-2] [INFO] [1749832287.935451788] [service_neighbours_opinions]: Subscribed to: wind_direction/id189
1749832287.9401438 [service_neighbours_opinions-2] [INFO] [1749832287.939314491] [service_neighbours_opinions]: Subscribed to: wind_direction/id192
1749832287.9453347 [service_neighbours_opinions-2] [INFO] [1749832287.944690936] [service_neighbours_opinions]: Subscribed to: wind_direction/id193
1749832287.9505746 [service_neighbours_opinions-2] [INFO] [1749832287.949917084] [service_neighbours_opinions]: Subscribed to: wind_direction/id194
1749832287.9557223 [service_neighbours_opinions-2] [INFO] [1749832287.955068399] [service_neighbours_opinions]: Subscribed to: wind_direction/id195
1749832287.9609337 [service_neighbours_opinions-2] [INFO] [1749832287.960251991] [service_neighbours_opinions]: Subscribed to: wind_direction/id200
1749832287.9660780 [service_neighbours_opinions-2] [INFO] [1749832287.965425713] [service_neighbours_opinions]: Subscribed to: wind_direction/id206
1749832287.9746695 [service_neighbours_opinions-2] [INFO] [1749832287.973952769] [service_neighbours_opinions]: Subscribed to: wind_direction/id207
1749832287.9847741 [service_neighbours_opinions-2] [INFO] [1749832287.983356028] [service_neighbours_opinions]: Subscribed to: wind_direction/id224
1749832287.9891086 [service_neighbours_opinions-2] [INFO] [1749832287.988465195] [service_neighbours_opinions]: Subscribed to: wind_direction/id236
1749832287.9948466 [service_neighbours_opinions-2] [INFO] [1749832287.994072436] [service_neighbours_opinions]: Subscribed to: wind_direction/id247
1749832287.9991791 [service_neighbours_opinions-2] [INFO] [1749832287.998354084] [service_neighbours_opinions]: Subscribed to: wind_direction/id1193
1749832288.5100818 [publish_wind_direction-4] [INFO] [1749832288.509459991] [publish_wind_direction]: Physical Ip=192.168.4.73, id=id73
1749832288.5126157 [publish_wind_direction-4] [INFO] [1749832288.512110139] [publish_wind_direction]: Updated ID from mapping: id223
1749832288.5199103 [publish_wind_direction-4] [INFO] [1749832288.519330398] [publish_wind_direction]: Publsihing on: wind_direction/id223
1749832295.7999649 [random_robot_move-3] [INFO] [1749832295.799261153] [random_robot_move]: Robot Control Node started.
1749832298.1996927 [service_vicon_node-1] [INFO] [1749832298.198837152] [service_vicon_node]: Frame_no: 48310
1749832300.0647507 [service_vicon_node-1] /opt/ros/humble/local/lib/python3.10/dist-packages/rclpy/service.py:76: RuntimeWarning: failed to send response (timeout): client will not receive response, at ./src/rmw_response.cpp:154, at ./src/rcl/service.c:314
1749832300.0662286 [service_vicon_node-1]   self.__service.service_send_response(response, header.request_id)
1749832308.5794525 [service_vicon_node-1] [INFO] [1749832308.578572146] [service_vicon_node]: Frame_no: 48639
1749832318.6570983 [service_vicon_node-1] [INFO] [1749832318.656149510] [service_vicon_node]: Frame_no: 48908
1749832330.1597526 [service_vicon_node-1] [INFO] [1749832330.158721596] [service_vicon_node]: Frame_no: 49273
1749832342.4242699 [service_vicon_node-1] [INFO] [1749832342.423467663] [service_vicon_node]: Frame_no: 49609
1749832352.7320805 [service_vicon_node-1] [INFO] [1749832352.731284953] [service_vicon_node]: Frame_no: 49920
1749832363.5191042 [service_vicon_node-1] [INFO] [1749832363.518268705] [service_vicon_node]: Frame_no: 50290
1749832373.8832881 [service_vicon_node-1] [INFO] [1749832373.882055088] [service_vicon_node]: Frame_no: 50616
1749832384.6556304 [service_vicon_node-1] [INFO] [1749832384.653771211] [service_vicon_node]: Frame_no: 50941
1749832394.8252738 [service_vicon_node-1] [INFO] [1749832394.824221057] [service_vicon_node]: Frame_no: 51247
1749832404.9914005 [service_vicon_node-1] [INFO] [1749832404.990654070] [service_vicon_node]: Frame_no: 51552
1749832415.1541755 [service_vicon_node-1] [INFO] [1749832415.153444119] [service_vicon_node]: Frame_no: 51857
1749832425.3705664 [service_vicon_node-1] [INFO] [1749832425.369816206] [service_vicon_node]: Frame_no: 52163
1749832435.5989726 [service_vicon_node-1] [INFO] [1749832435.598139237] [service_vicon_node]: Frame_no: 52470
1749832445.7287905 [service_vicon_node-1] [INFO] [1749832445.728056916] [service_vicon_node]: Frame_no: 52774
1749832455.8609951 [service_vicon_node-1] [INFO] [1749832455.860275965] [service_vicon_node]: Frame_no: 53078
1749832465.9964929 [service_vicon_node-1] [INFO] [1749832465.995745515] [service_vicon_node]: Frame_no: 53382
1749832476.1690252 [service_vicon_node-1] [INFO] [1749832476.168172194] [service_vicon_node]: Frame_no: 53687
1749832486.3942654 [service_vicon_node-1] [INFO] [1749832486.393520280] [service_vicon_node]: Frame_no: 53994
1749832496.5548806 [service_vicon_node-1] [INFO] [1749832496.554093960] [service_vicon_node]: Frame_no: 54299
1749832506.7879679 [service_vicon_node-1] [INFO] [1749832506.787209268] [service_vicon_node]: Frame_no: 54606
1749832516.9233055 [service_vicon_node-1] [INFO] [1749832516.922553558] [service_vicon_node]: Frame_no: 54910
1749832527.0669456 [service_vicon_node-1] [INFO] [1749832527.066137312] [service_vicon_node]: Frame_no: 55214
1749832537.2886431 [service_vicon_node-1] [INFO] [1749832537.287867917] [service_vicon_node]: Frame_no: 55521
1749832547.4944937 [service_vicon_node-1] [INFO] [1749832547.493771429] [service_vicon_node]: Frame_no: 55827
1749832557.6682868 [service_vicon_node-1] [INFO] [1749832557.667501145] [service_vicon_node]: Frame_no: 56132
1749832567.8884375 [service_vicon_node-1] [INFO] [1749832567.887662232] [service_vicon_node]: Frame_no: 56439
1749832578.1344552 [service_vicon_node-1] [INFO] [1749832578.133713633] [service_vicon_node]: Frame_no: 56746
1749832588.2939999 [service_vicon_node-1] [INFO] [1749832588.293261238] [service_vicon_node]: Frame_no: 57051
1749832598.4948125 [service_vicon_node-1] [INFO] [1749832598.494077547] [service_vicon_node]: Frame_no: 57357
1749832608.6593242 [service_vicon_node-1] [INFO] [1749832608.658580411] [service_vicon_node]: Frame_no: 57662
1749832618.8894215 [service_vicon_node-1] [INFO] [1749832618.888695535] [service_vicon_node]: Frame_no: 57969
1749832629.0596480 [service_vicon_node-1] [INFO] [1749832629.058843881] [service_vicon_node]: Frame_no: 58274
1749832639.2657568 [service_vicon_node-1] [INFO] [1749832639.265013726] [service_vicon_node]: Frame_no: 58580
1749832649.4895194 [service_vicon_node-1] [INFO] [1749832649.488783202] [service_vicon_node]: Frame_no: 58887
1749832659.6985531 [service_vicon_node-1] [INFO] [1749832659.697816473] [service_vicon_node]: Frame_no: 59193
1749832669.9632521 [service_vicon_node-1] [INFO] [1749832669.962526671] [service_vicon_node]: Frame_no: 59501
1749832680.1718879 [service_vicon_node-1] [INFO] [1749832680.171123646] [service_vicon_node]: Frame_no: 59807
1749832690.4044986 [service_vicon_node-1] [INFO] [1749832690.403728566] [service_vicon_node]: Frame_no: 60114
1749832700.5673440 [service_vicon_node-1] [INFO] [1749832700.566537616] [service_vicon_node]: Frame_no: 60419
1749832710.7917070 [service_vicon_node-1] [INFO] [1749832710.790956369] [service_vicon_node]: Frame_no: 60726
1749832720.8963408 [service_vicon_node-1] [INFO] [1749832720.895579900] [service_vicon_node]: Frame_no: 61029
1749832730.9929204 [service_vicon_node-1] [INFO] [1749832730.992192949] [service_vicon_node]: Frame_no: 61332
1749832741.1591041 [service_vicon_node-1] [INFO] [1749832741.158368554] [service_vicon_node]: Frame_no: 61637
1749832751.3328516 [service_vicon_node-1] [INFO] [1749832751.332114808] [service_vicon_node]: Frame_no: 61942
1749832761.5035365 [service_vicon_node-1] [INFO] [1749832761.502791246] [service_vicon_node]: Frame_no: 62247
1749832771.6912730 [service_vicon_node-1] [INFO] [1749832771.690546573] [service_vicon_node]: Frame_no: 62553
1749832781.8910692 [service_vicon_node-1] [INFO] [1749832781.890345660] [service_vicon_node]: Frame_no: 62859
1749832792.0312450 [service_vicon_node-1] [INFO] [1749832792.030541839] [service_vicon_node]: Frame_no: 63163
1749832802.2241566 [service_vicon_node-1] [INFO] [1749832802.223323351] [service_vicon_node]: Frame_no: 63469
1749832812.4241037 [service_vicon_node-1] [INFO] [1749832812.423321864] [service_vicon_node]: Frame_no: 63775
1749832822.6089461 [service_vicon_node-1] [INFO] [1749832822.608084173] [service_vicon_node]: Frame_no: 64080
1749832832.7931788 [service_vicon_node-1] [INFO] [1749832832.792442463] [service_vicon_node]: Frame_no: 64386
1749832842.9584856 [service_vicon_node-1] [INFO] [1749832842.957748660] [service_vicon_node]: Frame_no: 64691
1749832853.1313558 [service_vicon_node-1] [INFO] [1749832853.130624728] [service_vicon_node]: Frame_no: 64996
1749832863.3102343 [service_vicon_node-1] [INFO] [1749832863.309511056] [service_vicon_node]: Frame_no: 65301
1749832873.5680945 [service_vicon_node-1] [INFO] [1749832873.567295735] [service_vicon_node]: Frame_no: 65609
1749832883.7255394 [service_vicon_node-1] [INFO] [1749832883.724799673] [service_vicon_node]: Frame_no: 65914
1749832893.8652658 [service_vicon_node-1] [INFO] [1749832893.864539556] [service_vicon_node]: Frame_no: 66218
1749832903.9676359 [service_vicon_node-1] [INFO] [1749832903.966896587] [service_vicon_node]: Frame_no: 66521
1749832914.2251844 [service_vicon_node-1] [INFO] [1749832914.224453729] [service_vicon_node]: Frame_no: 66829
1749832924.3347340 [service_vicon_node-1] [INFO] [1749832924.333972075] [service_vicon_node]: Frame_no: 67132
1749832934.4589286 [service_vicon_node-1] [INFO] [1749832934.458196458] [service_vicon_node]: Frame_no: 67436
1749832944.6369328 [service_vicon_node-1] [INFO] [1749832944.636186544] [service_vicon_node]: Frame_no: 67741
1749832954.7934930 [service_vicon_node-1] [INFO] [1749832954.792421816] [service_vicon_node]: Frame_no: 68046
1749832964.9717426 [service_vicon_node-1] [INFO] [1749832964.970931291] [service_vicon_node]: Frame_no: 68351
1749832975.1626599 [service_vicon_node-1] [INFO] [1749832975.161926063] [service_vicon_node]: Frame_no: 68657
1749832985.3632121 [service_vicon_node-1] [INFO] [1749832985.362429168] [service_vicon_node]: Frame_no: 68963
1749832995.5375624 [service_vicon_node-1] [INFO] [1749832995.536826014] [service_vicon_node]: Frame_no: 69268
1749833005.7291663 [service_vicon_node-1] [INFO] [1749833005.728445489] [service_vicon_node]: Frame_no: 69574
1749833015.9672976 [service_vicon_node-1] [INFO] [1749833015.966558520] [service_vicon_node]: Frame_no: 69881
1749833026.1016967 [service_vicon_node-1] [INFO] [1749833026.100993551] [service_vicon_node]: Frame_no: 70185
1749833036.2942822 [service_vicon_node-1] [INFO] [1749833036.293524564] [service_vicon_node]: Frame_no: 70491
1749833046.4601097 [service_vicon_node-1] [INFO] [1749833046.459331298] [service_vicon_node]: Frame_no: 70796
1749833056.6609495 [service_vicon_node-1] [INFO] [1749833056.660228366] [service_vicon_node]: Frame_no: 71102
1749833066.8599370 [service_vicon_node-1] [INFO] [1749833066.859218231] [service_vicon_node]: Frame_no: 71408
1749833077.0618372 [service_vicon_node-1] [INFO] [1749833077.061123558] [service_vicon_node]: Frame_no: 71714
1749833087.2633336 [service_vicon_node-1] [INFO] [1749833087.262591293] [service_vicon_node]: Frame_no: 72020
1749833097.4939291 [service_vicon_node-1] [INFO] [1749833097.493090787] [service_vicon_node]: Frame_no: 72327
1749833107.6982403 [service_vicon_node-1] [INFO] [1749833107.697529003] [service_vicon_node]: Frame_no: 72633
1749833117.8673244 [service_vicon_node-1] [INFO] [1749833117.866596848] [service_vicon_node]: Frame_no: 72938
1749833128.0353763 [service_vicon_node-1] [INFO] [1749833128.034286824] [service_vicon_node]: Frame_no: 73243
1749833138.2977786 [service_vicon_node-1] [INFO] [1749833138.297035392] [service_vicon_node]: Frame_no: 73551
1749833148.4605329 [service_vicon_node-1] [INFO] [1749833148.459766738] [service_vicon_node]: Frame_no: 73856
1749833158.6630585 [service_vicon_node-1] [INFO] [1749833158.662321139] [service_vicon_node]: Frame_no: 74162
1749833168.8995075 [service_vicon_node-1] [INFO] [1749833168.898779911] [service_vicon_node]: Frame_no: 74469
1749833179.0944498 [service_vicon_node-1] [INFO] [1749833179.093704275] [service_vicon_node]: Frame_no: 74775
1749833189.3306100 [service_vicon_node-1] [INFO] [1749833189.329874935] [service_vicon_node]: Frame_no: 75082
1749833199.4981954 [service_vicon_node-1] [INFO] [1749833199.497458004] [service_vicon_node]: Frame_no: 75387
1749833209.6651573 [service_vicon_node-1] [INFO] [1749833209.664420720] [service_vicon_node]: Frame_no: 75692
1749833219.9012518 [service_vicon_node-1] [INFO] [1749833219.900519399] [service_vicon_node]: Frame_no: 75999
1749833230.1331749 [service_vicon_node-1] [INFO] [1749833230.132457004] [service_vicon_node]: Frame_no: 76306
1749833240.2983541 [service_vicon_node-1] [INFO] [1749833240.297574850] [service_vicon_node]: Frame_no: 76611
1749833250.5316284 [service_vicon_node-1] [INFO] [1749833250.530881714] [service_vicon_node]: Frame_no: 76918
1749833260.7297535 [service_vicon_node-1] [INFO] [1749833260.728970486] [service_vicon_node]: Frame_no: 77224
1749833270.9314926 [service_vicon_node-1] [INFO] [1749833270.930753702] [service_vicon_node]: Frame_no: 77530
1749833281.1324480 [service_vicon_node-1] [INFO] [1749833281.131651233] [service_vicon_node]: Frame_no: 77836
1749833291.3653204 [service_vicon_node-1] [INFO] [1749833291.364593893] [service_vicon_node]: Frame_no: 78143
1749833301.5296099 [service_vicon_node-1] [INFO] [1749833301.528889072] [service_vicon_node]: Frame_no: 78448
1749833311.7028084 [service_vicon_node-1] [INFO] [1749833311.702074640] [service_vicon_node]: Frame_no: 78753
1749833321.8332355 [service_vicon_node-1] [INFO] [1749833321.832374190] [service_vicon_node]: Frame_no: 79057
1749833331.9726183 [service_vicon_node-1] [INFO] [1749833331.971804813] [service_vicon_node]: Frame_no: 79361
1749833342.1661232 [service_vicon_node-1] [INFO] [1749833342.165339493] [service_vicon_node]: Frame_no: 79667
1749833352.3365757 [service_vicon_node-1] [INFO] [1749833352.335819505] [service_vicon_node]: Frame_no: 79972
1749833362.5316036 [service_vicon_node-1] [INFO] [1749833362.530866814] [service_vicon_node]: Frame_no: 80278
1749833372.8038714 [service_vicon_node-1] [INFO] [1749833372.803155197] [service_vicon_node]: Frame_no: 80586
1749833382.9782135 [service_vicon_node-1] [INFO] [1749833382.977479839] [service_vicon_node]: Frame_no: 80891
1749833393.2659981 [service_vicon_node-1] [INFO] [1749833393.265263518] [service_vicon_node]: Frame_no: 81200
1749833403.4314287 [service_vicon_node-1] [INFO] [1749833403.430638512] [service_vicon_node]: Frame_no: 81505
1749833413.6628361 [service_vicon_node-1] [INFO] [1749833413.662129468] [service_vicon_node]: Frame_no: 81812
1749833423.8346450 [service_vicon_node-1] [INFO] [1749833423.833922018] [service_vicon_node]: Frame_no: 82117
1749833434.0677145 [service_vicon_node-1] [INFO] [1749833434.066971179] [service_vicon_node]: Frame_no: 82424
1749833444.1966894 [service_vicon_node-1] [INFO] [1749833444.195937413] [service_vicon_node]: Frame_no: 82728
1749833454.3771613 [service_vicon_node-1] [INFO] [1749833454.376466889] [service_vicon_node]: Frame_no: 83033
1749833464.4722385 [service_vicon_node-1] [INFO] [1749833464.471477253] [service_vicon_node]: Frame_no: 83336
1749833474.7005944 [service_vicon_node-1] [INFO] [1749833474.699827414] [service_vicon_node]: Frame_no: 83643
1749833484.9101355 [service_vicon_node-1] [INFO] [1749833484.909395907] [service_vicon_node]: Frame_no: 83949
1749833487.9752162 [service_vicon_node-1] [INFO] [1749833487.974485035] [service_vicon_node]: Vicon node, runtime finished, raising exception
1749833487.9782166 [service_vicon_node-1] [INFO] [1749833487.977450980] [service_vicon_node]: Vicon Node Stopping, Times up
1749833488.0041707 [service_neighbours_opinions-2] [INFO] [1749833488.003009628] [service_neighbours_opinions]: Raising exception at 16:51:27
1749833488.9844775 [service_neighbours_opinions-2] Traceback (most recent call last):
1749833488.9849753 [service_neighbours_opinions-2]   File "/home/thymio/ros2_ws/install/wind_direction_detector/lib/python3.10/site-packages/wind_direction_detector/neighbours_opinion_node.py", line 114, in main
1749833488.9862397 [service_neighbours_opinions-2]     rclpy.spin(neighbours_node)
1749833488.9867079 [service_neighbours_opinions-2]   File "/opt/ros/humble/local/lib/python3.10/dist-packages/rclpy/__init__.py", line 226, in spin
1749833488.9870718 [service_neighbours_opinions-2]     executor.spin_once()
1749833488.9874003 [service_neighbours_opinions-2]   File "/opt/ros/humble/local/lib/python3.10/dist-packages/rclpy/executors.py", line 739, in spin_once
1749833488.9885614 [service_neighbours_opinions-2]     self._spin_once_impl(timeout_sec)
1749833488.9890089 [service_neighbours_opinions-2]   File "/opt/ros/humble/local/lib/python3.10/dist-packages/rclpy/executors.py", line 736, in _spin_once_impl
1749833488.9893558 [service_neighbours_opinions-2]     raise handler.exception()
1749833488.9896970 [service_neighbours_opinions-2]   File "/opt/ros/humble/local/lib/python3.10/dist-packages/rclpy/task.py", line 239, in __call__
1749833488.9900198 [service_neighbours_opinions-2]     self._handler.send(None)
1749833488.9903595 [service_neighbours_opinions-2]   File "/opt/ros/humble/local/lib/python3.10/dist-packages/rclpy/executors.py", line 437, in handler
1749833488.9907577 [service_neighbours_opinions-2]     await call_coroutine(entity, arg)
1749833488.9911206 [service_neighbours_opinions-2]   File "/opt/ros/humble/local/lib/python3.10/dist-packages/rclpy/executors.py", line 351, in _execute_timer
1749833488.9930971 [service_neighbours_opinions-2]     await await_or_execute(tmr.callback)
1749833488.9939864 [service_neighbours_opinions-2]   File "/opt/ros/humble/local/lib/python3.10/dist-packages/rclpy/executors.py", line 107, in await_or_execute
1749833488.9949625 [service_neighbours_opinions-2]     return callback(*args)
1749833488.9959791 [service_neighbours_opinions-2]   File "/home/thymio/ros2_ws/install/wind_direction_detector/lib/python3.10/site-packages/wind_direction_detector/neighbours_opinion_node.py", line 65, in stop_execution
1749833488.9972408 [service_neighbours_opinions-2]     raise Exception
1749833488.9983947 [service_neighbours_opinions-2] Exception
1749833488.9992256 [service_neighbours_opinions-2] 
1749833489.0007327 [service_neighbours_opinions-2] During handling of the above exception, another exception occurred:
1749833489.0018206 [service_neighbours_opinions-2] 
1749833489.0028808 [service_neighbours_opinions-2] Traceback (most recent call last):
1749833489.0039129 [service_neighbours_opinions-2]   File "/home/thymio/ros2_ws/install/wind_direction_detector/lib/wind_direction_detector/service_neighbours_opinions", line 33, in <module>
1749833489.0050309 [service_neighbours_opinions-2]     sys.exit(load_entry_point('wind-direction-detector==0.0.0', 'console_scripts', 'service_neighbours_opinions')())
1749833489.0061023 [service_neighbours_opinions-2]   File "/home/thymio/ros2_ws/install/wind_direction_detector/lib/python3.10/site-packages/wind_direction_detector/neighbours_opinion_node.py", line 120, in main
1749833489.0071151 [service_neighbours_opinions-2]     neighbours_node.get_logger().error(e)
1749833489.0083258 [service_neighbours_opinions-2]   File "/opt/ros/humble/local/lib/python3.10/dist-packages/rclpy/impl/rcutils_logger.py", line 345, in error
1749833489.0093718 [service_neighbours_opinions-2]     return self.log(message, LoggingSeverity.ERROR, **kwargs)
1749833489.0104485 [service_neighbours_opinions-2]   File "/opt/ros/humble/local/lib/python3.10/dist-packages/rclpy/impl/rcutils_logger.py", line 318, in log
1749833489.0115020 [service_neighbours_opinions-2]     _rclpy.rclpy_logging_rcutils_log(
1749833489.0125339 [service_neighbours_opinions-2] TypeError: rclpy_logging_rcutils_log(): incompatible function arguments. The following argument types are supported:
1749833489.0136039 [service_neighbours_opinions-2]     1. (arg0: int, arg1: str, arg2: str, arg3: str, arg4: str, arg5: int) -> None
1749833489.0147300 [service_neighbours_opinions-2] 
1749833489.0157652 [service_neighbours_opinions-2] Invoked with: <LoggingSeverity.ERROR: 40>, 'service_neighbours_opinions', Exception(), 'main', '/home/thymio/ros2_ws/install/wind_direction_detector/lib/python3.10/site-packages/wind_direction_detector/neighbours_opinion_node.py', 120
1749833493.9237564 [INFO] [service_vicon_node-1]: process has finished cleanly [pid 3956]
1749833494.9446716 [ERROR] [service_neighbours_opinions-2]: process has died [pid 3958, exit code 1, cmd '/home/thymio/ros2_ws/install/wind_direction_detector/lib/wind_direction_detector/service_neighbours_opinions --ros-args -r __node:=service_neighbours_opinions'].
1749833501.5110698 [random_robot_move-3] [INFO] [1749833501.510350898] [random_robot_move]: robot move: excetion raised at 16:51:41
1749833501.5137300 [random_robot_move-3] [INFO] [1749833501.513174546] [random_robot_move]: Exception, shutting down
1749833501.5463474 [random_robot_move-3] Initializing Thymio Robot
1749833501.5466628 [random_robot_move-3] Thymio 1 is connected
1749833501.5468106 [random_robot_move-3] ['_id', 'event.source', 'event.args', '_fwversion', '_productId', 'buttons._raw', 'button.backward', 'button.left', 'button.center', 'button.forward', 'button.right', 'buttons._mean', 'buttons._noise', 'prox.horizontal', 'prox.comm.rx._payloads', 'prox.comm.rx._intensities', 'prox.comm.rx', 'prox.comm.tx', 'prox.ground.ambiant', 'prox.ground.reflected', 'prox.ground.delta', 'motor.left.target', 'motor.right.target', '_vbat', '_imot', 'motor.left.speed', 'motor.right.speed', 'motor.left.pwm', 'motor.right.pwm', '_integrator', 'acc', 'leds.top', 'leds.bottom.left', 'leds.bottom.right', 'leds.circle', 'temperature', 'rc5.address', 'rc5.command', 'mic.intensity', 'mic.threshold', 'mic._mean', 'timer.period', 'acc._tap', 'sd.present']
1749833501.5470054 [random_robot_move-3] Robot connected
