1749831593.5968182 [INFO] [launch]: All log files can be found below /home/thymio/ros_logs/2025-06-13-16-19-53-593574-thymio-3267
1749831593.5973861 [INFO] [launch]: Default logging verbosity is set to INFO
1749831593.8219259 [INFO] [service_vicon_node-1]: process started with pid [3268]
1749831593.8229806 [INFO] [service_neighbours_opinions-2]: process started with pid [3270]
1749831593.8236923 [INFO] [random_robot_move-3]: process started with pid [3272]
1749831593.8243072 [INFO] [publish_wind_direction-4]: process started with pid [3274]
1749831595.4125469 [publish_wind_direction-4] /usr/lib/python3/dist-packages/scipy/__init__.py:146: UserWarning: A NumPy version >=1.17.3 and <1.25.0 is required for this version of SciPy (detected version 1.26.4
1749831595.4130421 [publish_wind_direction-4]   warnings.warn(f"A NumPy version >={np_minversion} and <{np_maxversion}"
1749831595.4802287 [service_neighbours_opinions-2] [INFO] [1749831595.479519532] [service_neighbours_opinions]: Physical Ip=192.168.3.84, id=id84
1749831595.4853363 [service_neighbours_opinions-2] [INFO] [1749831595.484653921] [service_neighbours_opinions]: Updated ID from mapping: id224
1749831595.4948878 [service_neighbours_opinions-2] [INFO] [1749831595.494266532] [service_neighbours_opinions]: Subscribed to: wind_direction/id68
1749831595.5003490 [service_neighbours_opinions-2] [INFO] [1749831595.499683662] [service_neighbours_opinions]: Subscribed to: wind_direction/id136
1749831595.5059090 [service_neighbours_opinions-2] [INFO] [1749831595.505261032] [service_neighbours_opinions]: Subscribed to: wind_direction/id137
1749831595.5102608 [service_vicon_node-1] [INFO] [1749831595.509543032] [service_vicon_node]: Physical Ip=192.168.3.84, id=id84
1749831595.5135171 [service_vicon_node-1] [INFO] [1749831595.512720514] [service_vicon_node]: Updated ID from mapping: id224
1749831595.5167375 [service_neighbours_opinions-2] [INFO] [1749831595.516019495] [service_neighbours_opinions]: Subscribed to: wind_direction/id142
1749831595.5225508 [service_neighbours_opinions-2] [INFO] [1749831595.521904829] [service_neighbours_opinions]: Subscribed to: wind_direction/id151
1749831595.5253174 [service_vicon_node-1] [INFO] [1749831595.524650699] [service_vicon_node]: Subscribed to: vicon/default/data
1749831595.5296416 [service_neighbours_opinions-2] [INFO] [1749831595.528873217] [service_neighbours_opinions]: Subscribed to: wind_direction/id152
1749831595.5349913 [service_neighbours_opinions-2] [INFO] [1749831595.534318551] [service_neighbours_opinions]: Subscribed to: wind_direction/id155
1749831595.5394206 [service_neighbours_opinions-2] [INFO] [1749831595.538528069] [service_neighbours_opinions]: Subscribed to: wind_direction/id189
1749831595.5429928 [service_neighbours_opinions-2] [INFO] [1749831595.542306051] [service_neighbours_opinions]: Subscribed to: wind_direction/id192
1749831595.5465088 [service_neighbours_opinions-2] [INFO] [1749831595.545843792] [service_neighbours_opinions]: Subscribed to: wind_direction/id193
1749831595.5502481 [service_neighbours_opinions-2] [INFO] [1749831595.549563180] [service_neighbours_opinions]: Subscribed to: wind_direction/id194
1749831595.5537713 [service_neighbours_opinions-2] [INFO] [1749831595.553086088] [service_neighbours_opinions]: Subscribed to: wind_direction/id195
1749831595.5572956 [service_neighbours_opinions-2] [INFO] [1749831595.556604866] [service_neighbours_opinions]: Subscribed to: wind_direction/id200
1749831595.5612659 [service_neighbours_opinions-2] [INFO] [1749831595.560585180] [service_neighbours_opinions]: Subscribed to: wind_direction/id206
1749831595.5649970 [service_neighbours_opinions-2] [INFO] [1749831595.564266903] [service_neighbours_opinions]: Subscribed to: wind_direction/id207
1749831595.5688210 [service_neighbours_opinions-2] [INFO] [1749831595.568112014] [service_neighbours_opinions]: Subscribed to: wind_direction/id223
1749831595.5725698 [service_neighbours_opinions-2] [INFO] [1749831595.571855903] [service_neighbours_opinions]: Subscribed to: wind_direction/id236
1749831595.5770037 [service_neighbours_opinions-2] [INFO] [1749831595.575753958] [service_neighbours_opinions]: Subscribed to: wind_direction/id247
1749831595.5812998 [service_neighbours_opinions-2] [INFO] [1749831595.580667069] [service_neighbours_opinions]: Subscribed to: wind_direction/id1193
1749831595.9099071 [publish_wind_direction-4] [INFO] [1749831595.909158051] [publish_wind_direction]: Physical Ip=192.168.3.84, id=id84
1749831595.9125853 [publish_wind_direction-4] [INFO] [1749831595.912070051] [publish_wind_direction]: Updated ID from mapping: id224
1749831595.9199638 [publish_wind_direction-4] [INFO] [1749831595.919362588] [publish_wind_direction]: Publsihing on: wind_direction/id224
1749831603.4154382 [random_robot_move-3] [INFO] [1749831603.414728898] [random_robot_move]: Robot Control Node started.
1749831620.9723811 [publish_wind_direction-4] [ERROR] [1749831620.971724887] [publish_wind_direction]: get_pose_data service not available!
1749831646.0247140 [publish_wind_direction-4] [ERROR] [1749831646.024047187] [publish_wind_direction]: get_opinions service not available!
1749831691.6155467 [service_vicon_node-1] [INFO] [1749831691.614811753] [service_vicon_node]: Frame_no: 58894
1749831698.4740567 [service_neighbours_opinions-2] [INFO] [1749831698.473294619] [service_neighbours_opinions]: All opinions size= 10
1749831698.4791608 [publish_wind_direction-4] [INFO] [1749831698.478466823] [publish_wind_direction]: ### Informed ###
1749831698.4828048 [publish_wind_direction-4] [INFO] [1749831698.482209360] [publish_wind_direction]: Publishing: id224:W
1749831698.4861410 [publish_wind_direction-4] [INFO] [1749831698.485300545] [publish_wind_direction]: ------------------
1749831701.9375396 [service_vicon_node-1] [INFO] [1749831701.936236154] [service_vicon_node]: Frame_no: 59204
1749831703.4761837 [service_neighbours_opinions-2] [INFO] [1749831703.475467783] [service_neighbours_opinions]: All opinions size= 11
1749831703.4811344 [publish_wind_direction-4] [INFO] [1749831703.480152005] [publish_wind_direction]: ### Informed ###
1749831703.4849234 [publish_wind_direction-4] [INFO] [1749831703.484161246] [publish_wind_direction]: Publishing: id224:E
1749831703.4878976 [publish_wind_direction-4] [INFO] [1749831703.487124523] [publish_wind_direction]: ------------------
1749831708.3673670 [service_neighbours_opinions-2] [INFO] [1749831708.366245743] [service_neighbours_opinions]: All opinions size= 11
1749831708.3714297 [publish_wind_direction-4] [INFO] [1749831708.370546743] [publish_wind_direction]: ### Informed ###
1749831708.3750000 [publish_wind_direction-4] [INFO] [1749831708.374402632] [publish_wind_direction]: Publishing: id224:W
1749831708.3778946 [publish_wind_direction-4] [INFO] [1749831708.377225798] [publish_wind_direction]: ------------------
1749831712.1037228 [service_vicon_node-1] [INFO] [1749831712.102793315] [service_vicon_node]: Frame_no: 59509
1749831713.3796573 [service_neighbours_opinions-2] [INFO] [1749831713.378906906] [service_neighbours_opinions]: All opinions size= 11
1749831713.3855486 [publish_wind_direction-4] [INFO] [1749831713.384940406] [publish_wind_direction]: ### Informed ###
1749831713.3908522 [publish_wind_direction-4] [INFO] [1749831713.390266610] [publish_wind_direction]: Publishing: id224:W
1749831713.3953121 [publish_wind_direction-4] [INFO] [1749831713.394558258] [publish_wind_direction]: ------------------
1749831718.4349303 [service_neighbours_opinions-2] [INFO] [1749831718.434226441] [service_neighbours_opinions]: All opinions size= 11
1749831718.4391553 [publish_wind_direction-4] [INFO] [1749831718.438443459] [publish_wind_direction]: ### Informed ###
1749831718.4428589 [publish_wind_direction-4] [INFO] [1749831718.442283644] [publish_wind_direction]: Publishing: id224:W
1749831718.4453712 [publish_wind_direction-4] [INFO] [1749831718.444821792] [publish_wind_direction]: ------------------
1749831722.3353155 [service_vicon_node-1] [INFO] [1749831722.334198160] [service_vicon_node]: Frame_no: 59816
1749831723.4689863 [service_neighbours_opinions-2] [INFO] [1749831723.468256475] [service_neighbours_opinions]: All opinions size= 11
1749831723.4734726 [publish_wind_direction-4] [INFO] [1749831723.472406845] [publish_wind_direction]: ### Informed ###
1749831723.4768438 [publish_wind_direction-4] [INFO] [1749831723.476238289] [publish_wind_direction]: Publishing: id224:W
1749831723.4797697 [publish_wind_direction-4] [INFO] [1749831723.478968567] [publish_wind_direction]: ------------------
1749831728.5034618 [service_neighbours_opinions-2] [INFO] [1749831728.502697101] [service_neighbours_opinions]: All opinions size= 11
1749831728.5078800 [publish_wind_direction-4] [INFO] [1749831728.507210509] [publish_wind_direction]: ### Informed ###
1749831728.5114734 [publish_wind_direction-4] [INFO] [1749831728.510839305] [publish_wind_direction]: Publishing: id224:S
1749831728.5142307 [publish_wind_direction-4] [INFO] [1749831728.513650472] [publish_wind_direction]: ------------------
1749831732.5367248 [service_vicon_node-1] [INFO] [1749831732.535957932] [service_vicon_node]: Frame_no: 60122
1749831733.4214330 [service_neighbours_opinions-2] [INFO] [1749831733.420713802] [service_neighbours_opinions]: All opinions size= 11
1749831733.4263153 [publish_wind_direction-4] [INFO] [1749831733.425680154] [publish_wind_direction]: ### Informed ###
1749831733.4299979 [publish_wind_direction-4] [INFO] [1749831733.429327135] [publish_wind_direction]: Publishing: id224:S
1749831733.4329324 [publish_wind_direction-4] [INFO] [1749831733.432343543] [publish_wind_direction]: ------------------
1749831738.4895194 [service_neighbours_opinions-2] [INFO] [1749831738.488778669] [service_neighbours_opinions]: All opinions size= 11
1749831738.4944928 [publish_wind_direction-4] [INFO] [1749831738.493320632] [publish_wind_direction]: ### Informed ###
1749831738.4977944 [publish_wind_direction-4] [INFO] [1749831738.497064392] [publish_wind_direction]: Publishing: id224:N
1749831738.5005269 [publish_wind_direction-4] [INFO] [1749831738.499769336] [publish_wind_direction]: ------------------
1749831742.7638075 [service_vicon_node-1] [INFO] [1749831742.763081445] [service_vicon_node]: Frame_no: 60429
1749831743.4393923 [service_neighbours_opinions-2] [INFO] [1749831743.438614185] [service_neighbours_opinions]: All opinions size= 11
1749831743.4434226 [publish_wind_direction-4] [INFO] [1749831743.442790518] [publish_wind_direction]: ### Informed ###
1749831743.4469430 [publish_wind_direction-4] [INFO] [1749831743.446359740] [publish_wind_direction]: Publishing: id224:S
1749831743.4496977 [publish_wind_direction-4] [INFO] [1749831743.449076296] [publish_wind_direction]: ------------------
1749831748.3554122 [service_neighbours_opinions-2] [INFO] [1749831748.354622737] [service_neighbours_opinions]: All opinions size= 11
1749831748.3610885 [publish_wind_direction-4] [INFO] [1749831748.360494997] [publish_wind_direction]: ### Informed ###
1749831748.3665988 [publish_wind_direction-4] [INFO] [1749831748.365983015] [publish_wind_direction]: Publishing: id224:W
1749831748.3703563 [publish_wind_direction-4] [INFO] [1749831748.369762552] [publish_wind_direction]: ------------------
1749831752.9012036 [service_vicon_node-1] [INFO] [1749831752.900423513] [service_vicon_node]: Frame_no: 60733
1749831753.4377580 [service_neighbours_opinions-2] [INFO] [1749831753.437033586] [service_neighbours_opinions]: All opinions size= 11
1749831753.4427533 [publish_wind_direction-4] [INFO] [1749831753.442128142] [publish_wind_direction]: ### Informed ###
1749831753.4468400 [publish_wind_direction-4] [INFO] [1749831753.446176364] [publish_wind_direction]: Publishing: id224:W
1749831753.4499381 [publish_wind_direction-4] [INFO] [1749831753.449188809] [publish_wind_direction]: ------------------
1749831758.4078879 [service_neighbours_opinions-2] [INFO] [1749831758.407135380] [service_neighbours_opinions]: All opinions size= 11
1749831758.4121218 [publish_wind_direction-4] [INFO] [1749831758.411399269] [publish_wind_direction]: ### Informed ###
1749831758.4157844 [publish_wind_direction-4] [INFO] [1749831758.415193750] [publish_wind_direction]: Publishing: id224:W
1749831758.4185052 [publish_wind_direction-4] [INFO] [1749831758.417918620] [publish_wind_direction]: ------------------
1749831763.0389361 [service_vicon_node-1] [INFO] [1749831763.037534247] [service_vicon_node]: Frame_no: 61037
1749831763.4556355 [service_neighbours_opinions-2] [INFO] [1749831763.454911062] [service_neighbours_opinions]: All opinions size= 11
1749831763.4600918 [publish_wind_direction-4] [INFO] [1749831763.459383228] [publish_wind_direction]: ### Informed ###
1749831763.4641185 [publish_wind_direction-4] [INFO] [1749831763.463503377] [publish_wind_direction]: Publishing: id224:N
1749831763.4669816 [publish_wind_direction-4] [INFO] [1749831763.466390747] [publish_wind_direction]: ------------------
1749831768.4483681 [service_neighbours_opinions-2] [INFO] [1749831768.447624374] [service_neighbours_opinions]: All opinions size= 11
1749831768.4524333 [publish_wind_direction-4] [INFO] [1749831768.451838244] [publish_wind_direction]: ### Informed ###
1749831768.4559836 [publish_wind_direction-4] [INFO] [1749831768.455419744] [publish_wind_direction]: Publishing: id224:E
1749831768.4587591 [publish_wind_direction-4] [INFO] [1749831768.458062485] [publish_wind_direction]: ------------------
1749831773.2359195 [service_vicon_node-1] [INFO] [1749831773.234502908] [service_vicon_node]: Frame_no: 61343
1749831773.4987001 [service_neighbours_opinions-2] [INFO] [1749831773.497683815] [service_neighbours_opinions]: All opinions size= 11
1749831773.5036752 [publish_wind_direction-4] [INFO] [1749831773.502562852] [publish_wind_direction]: ### Informed ###
1749831773.5078657 [publish_wind_direction-4] [INFO] [1749831773.506956685] [publish_wind_direction]: Publishing: id224:E
1749831773.5107875 [publish_wind_direction-4] [INFO] [1749831773.509935611] [publish_wind_direction]: ------------------
1749831778.4605880 [service_neighbours_opinions-2] [INFO] [1749831778.459107238] [service_neighbours_opinions]: All opinions size= 11
1749831778.4646821 [publish_wind_direction-4] [INFO] [1749831778.463615164] [publish_wind_direction]: ### Informed ###
1749831778.4707158 [publish_wind_direction-4] [INFO] [1749831778.469289516] [publish_wind_direction]: Publishing: id224:W
1749831778.4733591 [publish_wind_direction-4] [INFO] [1749831778.472373868] [publish_wind_direction]: ------------------
1749831783.4366529 [service_neighbours_opinions-2] [INFO] [1749831783.435600309] [service_neighbours_opinions]: All opinions size= 11
1749831783.4414165 [publish_wind_direction-4] [INFO] [1749831783.440221976] [publish_wind_direction]: ### Informed ###
1749831783.4448709 [publish_wind_direction-4] [INFO] [1749831783.444086050] [publish_wind_direction]: Publishing: id224:W
1749831783.4477718 [publish_wind_direction-4] [INFO] [1749831783.446855087] [publish_wind_direction]: ------------------
1749831783.4567120 [service_vicon_node-1] [INFO] [1749831783.455737346] [service_vicon_node]: Frame_no: 61649
1749831788.4993069 [service_neighbours_opinions-2] [INFO] [1749831788.498487158] [service_neighbours_opinions]: All opinions size= 11
1749831788.5040469 [publish_wind_direction-4] [INFO] [1749831788.503339973] [publish_wind_direction]: ### Informed ###
1749831788.5081387 [publish_wind_direction-4] [INFO] [1749831788.507503991] [publish_wind_direction]: Publishing: id224:W
1749831788.5111825 [publish_wind_direction-4] [INFO] [1749831788.510507010] [publish_wind_direction]: ------------------
1749831793.3949099 [service_neighbours_opinions-2] [INFO] [1749831793.393944637] [service_neighbours_opinions]: All opinions size= 11
1749831793.3996823 [publish_wind_direction-4] [INFO] [1749831793.398977988] [publish_wind_direction]: ### Informed ###
1749831793.4042175 [publish_wind_direction-4] [INFO] [1749831793.403524044] [publish_wind_direction]: Publishing: id224:N
1749831793.4074907 [publish_wind_direction-4] [INFO] [1749831793.406824100] [publish_wind_direction]: ------------------
1749831793.6517599 [service_vicon_node-1] [INFO] [1749831793.650926044] [service_vicon_node]: Frame_no: 61955
1749831798.4402902 [service_neighbours_opinions-2] [INFO] [1749831798.439551393] [service_neighbours_opinions]: All opinions size= 11
1749831798.4462135 [publish_wind_direction-4] [INFO] [1749831798.443874152] [publish_wind_direction]: ### Informed ###
1749831798.4485772 [publish_wind_direction-4] [INFO] [1749831798.448007671] [publish_wind_direction]: Publishing: id224:W
1749831798.4513619 [publish_wind_direction-4] [INFO] [1749831798.450711319] [publish_wind_direction]: ------------------
1749831803.4228811 [service_neighbours_opinions-2] [INFO] [1749831803.422005112] [service_neighbours_opinions]: All opinions size= 11
1749831803.4271836 [publish_wind_direction-4] [INFO] [1749831803.426464482] [publish_wind_direction]: ### Informed ###
1749831803.4309630 [publish_wind_direction-4] [INFO] [1749831803.430358427] [publish_wind_direction]: Publishing: id224:W
1749831803.4336481 [publish_wind_direction-4] [INFO] [1749831803.433034816] [publish_wind_direction]: ------------------
1749831803.8374550 [service_vicon_node-1] [INFO] [1749831803.836685575] [service_vicon_node]: Frame_no: 62261
1749831808.3402069 [service_neighbours_opinions-2] [INFO] [1749831808.339477368] [service_neighbours_opinions]: All opinions size= 11
1749831808.3454297 [publish_wind_direction-4] [INFO] [1749831808.344406831] [publish_wind_direction]: ### Informed ###
1749831808.3488414 [publish_wind_direction-4] [INFO] [1749831808.348005035] [publish_wind_direction]: Publishing: id224:W
1749831808.3518012 [publish_wind_direction-4] [INFO] [1749831808.350933313] [publish_wind_direction]: ------------------
1749831813.4094498 [service_neighbours_opinions-2] [INFO] [1749831813.408375865] [service_neighbours_opinions]: All opinions size= 11
1749831813.4140439 [publish_wind_direction-4] [INFO] [1749831813.413333532] [publish_wind_direction]: ### Informed ###
1749831813.4178593 [publish_wind_direction-4] [INFO] [1749831813.417111514] [publish_wind_direction]: Publishing: id224:W
1749831813.4204538 [publish_wind_direction-4] [INFO] [1749831813.419898921] [publish_wind_direction]: ------------------
1749831813.9985511 [service_vicon_node-1] [INFO] [1749831813.997799254] [service_vicon_node]: Frame_no: 62566
1749831818.3862216 [service_neighbours_opinions-2] [INFO] [1749831818.385505659] [service_neighbours_opinions]: All opinions size= 11
1749831818.3908875 [publish_wind_direction-4] [INFO] [1749831818.390245881] [publish_wind_direction]: ### Informed ###
1749831818.3945620 [publish_wind_direction-4] [INFO] [1749831818.393969029] [publish_wind_direction]: Publishing: id224:W
1749831818.3972061 [publish_wind_direction-4] [INFO] [1749831818.396649122] [publish_wind_direction]: ------------------
1749831823.4192383 [service_neighbours_opinions-2] [INFO] [1749831823.418459767] [service_neighbours_opinions]: All opinions size= 11
1749831823.4236641 [publish_wind_direction-4] [INFO] [1749831823.423071730] [publish_wind_direction]: ### Informed ###
1749831823.4271052 [publish_wind_direction-4] [INFO] [1749831823.426511822] [publish_wind_direction]: Publishing: id224:W
1749831823.4297662 [publish_wind_direction-4] [INFO] [1749831823.429190156] [publish_wind_direction]: ------------------
1749831824.1982019 [service_vicon_node-1] [INFO] [1749831824.197474081] [service_vicon_node]: Frame_no: 62872
1749831828.4257157 [service_neighbours_opinions-2] [INFO] [1749831828.424989727] [service_neighbours_opinions]: All opinions size= 11
1749831828.4301789 [publish_wind_direction-4] [INFO] [1749831828.429551597] [publish_wind_direction]: ### Informed ###
1749831828.4339108 [publish_wind_direction-4] [INFO] [1749831828.433334579] [publish_wind_direction]: Publishing: id224:W
1749831828.4384167 [publish_wind_direction-4] [INFO] [1749831828.437701968] [publish_wind_direction]: ------------------
1749831833.4363310 [service_neighbours_opinions-2] [INFO] [1749831833.435656502] [service_neighbours_opinions]: All opinions size= 11
1749831833.4413536 [publish_wind_direction-4] [INFO] [1749831833.440718390] [publish_wind_direction]: ### Informed ###
1749831833.4452496 [publish_wind_direction-4] [INFO] [1749831833.444642113] [publish_wind_direction]: Publishing: id224:W
1749831833.4479966 [publish_wind_direction-4] [INFO] [1749831833.447344742] [publish_wind_direction]: ------------------
1749831834.3990748 [service_vicon_node-1] [INFO] [1749831834.398273020] [service_vicon_node]: Frame_no: 63178
1749831838.4126787 [service_neighbours_opinions-2] [INFO] [1749831838.411955295] [service_neighbours_opinions]: All opinions size= 11
1749831838.4184091 [publish_wind_direction-4] [INFO] [1749831838.417764017] [publish_wind_direction]: ### Informed ###
1749831838.4257557 [publish_wind_direction-4] [INFO] [1749831838.425062443] [publish_wind_direction]: Publishing: id224:W
1749831838.4292884 [publish_wind_direction-4] [INFO] [1749831838.428695480] [publish_wind_direction]: ------------------
1749831843.3669012 [service_neighbours_opinions-2] [INFO] [1749831843.366223014] [service_neighbours_opinions]: All opinions size= 11
1749831843.3769994 [publish_wind_direction-4] [INFO] [1749831843.376310125] [publish_wind_direction]: ### Informed ###
1749831843.3805401 [publish_wind_direction-4] [INFO] [1749831843.379978385] [publish_wind_direction]: Publishing: id224:W
1749831843.3830879 [publish_wind_direction-4] [INFO] [1749831843.382502366] [publish_wind_direction]: ------------------
1749831844.5421023 [service_vicon_node-1] [INFO] [1749831844.541327106] [service_vicon_node]: Frame_no: 63482
1749831848.3734369 [service_neighbours_opinions-2] [INFO] [1749831848.372687733] [service_neighbours_opinions]: All opinions size= 11
1749831848.3780816 [publish_wind_direction-4] [INFO] [1749831848.377061937] [publish_wind_direction]: ### Informed ###
1749831848.3815920 [publish_wind_direction-4] [INFO] [1749831848.380838178] [publish_wind_direction]: Publishing: id224:N
1749831848.3843629 [publish_wind_direction-4] [INFO] [1749831848.383560252] [publish_wind_direction]: ------------------
1749831853.3965409 [service_neighbours_opinions-2] [INFO] [1749831853.395794786] [service_neighbours_opinions]: All opinions size= 11
1749831853.4007595 [publish_wind_direction-4] [INFO] [1749831853.400119230] [publish_wind_direction]: ### Informed ###
1749831853.4043393 [publish_wind_direction-4] [INFO] [1749831853.403747879] [publish_wind_direction]: Publishing: id224:N
1749831853.4069631 [publish_wind_direction-4] [INFO] [1749831853.406404749] [publish_wind_direction]: ------------------
1749831854.7666259 [service_vicon_node-1] [INFO] [1749831854.765893452] [service_vicon_node]: Frame_no: 63789
1749831858.3409190 [service_neighbours_opinions-2] [INFO] [1749831858.339691709] [service_neighbours_opinions]: All opinions size= 11
1749831858.3451111 [publish_wind_direction-4] [INFO] [1749831858.344298746] [publish_wind_direction]: ### Informed ###
1749831858.3731060 [publish_wind_direction-4] [INFO] [1749831858.372241339] [publish_wind_direction]: Publishing: id224:N
1749831858.3764317 [publish_wind_direction-4] [INFO] [1749831858.375549061] [publish_wind_direction]: ------------------
1749831863.3763118 [service_neighbours_opinions-2] [INFO] [1749831863.375280595] [service_neighbours_opinions]: All opinions size= 11
1749831863.3803005 [publish_wind_direction-4] [INFO] [1749831863.379577613] [publish_wind_direction]: ### Informed ###
1749831863.3842824 [publish_wind_direction-4] [INFO] [1749831863.383623706] [publish_wind_direction]: Publishing: id224:E
1749831863.3872402 [publish_wind_direction-4] [INFO] [1749831863.386567206] [publish_wind_direction]: ------------------
1749831864.8999512 [service_vicon_node-1] [INFO] [1749831864.899198242] [service_vicon_node]: Frame_no: 64093
1749831868.4501002 [service_neighbours_opinions-2] [INFO] [1749831868.449186629] [service_neighbours_opinions]: All opinions size= 11
1749831868.4543884 [publish_wind_direction-4] [INFO] [1749831868.453198610] [publish_wind_direction]: ### Informed ###
1749831868.4578948 [publish_wind_direction-4] [INFO] [1749831868.457026277] [publish_wind_direction]: Publishing: id224:W
1749831868.4611745 [publish_wind_direction-4] [INFO] [1749831868.460318240] [publish_wind_direction]: ------------------
1749831873.3337071 [service_neighbours_opinions-2] [INFO] [1749831873.332699737] [service_neighbours_opinions]: All opinions size= 11
1749831873.3375177 [publish_wind_direction-4] [INFO] [1749831873.336878459] [publish_wind_direction]: ### Informed ###
1749831873.3437099 [publish_wind_direction-4] [INFO] [1749831873.340584978] [publish_wind_direction]: Publishing: id224:S
1749831873.3456748 [publish_wind_direction-4] [INFO] [1749831873.343810496] [publish_wind_direction]: ------------------
1749831875.1014760 [service_vicon_node-1] [INFO] [1749831875.100684495] [service_vicon_node]: Frame_no: 64399
1749831878.3759007 [service_neighbours_opinions-2] [INFO] [1749831878.375159882] [service_neighbours_opinions]: All opinions size= 11
1749831878.3801355 [publish_wind_direction-4] [INFO] [1749831878.379402475] [publish_wind_direction]: ### Informed ###
1749831878.3843577 [publish_wind_direction-4] [INFO] [1749831878.383599697] [publish_wind_direction]: Publishing: id224:W
1749831878.3870809 [publish_wind_direction-4] [INFO] [1749831878.386479567] [publish_wind_direction]: ------------------
1749831883.4094813 [service_neighbours_opinions-2] [INFO] [1749831883.408436342] [service_neighbours_opinions]: All opinions size= 11
1749831883.4136765 [publish_wind_direction-4] [INFO] [1749831883.412572731] [publish_wind_direction]: ### Informed ###
1749831883.4170585 [publish_wind_direction-4] [INFO] [1749831883.416275287] [publish_wind_direction]: Publishing: id224:N
1749831883.4194407 [publish_wind_direction-4] [INFO] [1749831883.418826379] [publish_wind_direction]: ------------------
1749831885.2694969 [service_vicon_node-1] [INFO] [1749831885.268771063] [service_vicon_node]: Frame_no: 64704
1749831888.3873265 [service_neighbours_opinions-2] [INFO] [1749831888.386432228] [service_neighbours_opinions]: All opinions size= 11
1749831888.3918848 [publish_wind_direction-4] [INFO] [1749831888.391243561] [publish_wind_direction]: ### Informed ###
1749831888.3954213 [publish_wind_direction-4] [INFO] [1749831888.394831339] [publish_wind_direction]: Publishing: id224:W
1749831888.3980768 [publish_wind_direction-4] [INFO] [1749831888.397490487] [publish_wind_direction]: ------------------
1749831893.4470193 [service_neighbours_opinions-2] [INFO] [1749831893.446085632] [service_neighbours_opinions]: All opinions size= 11
1749831893.4513159 [publish_wind_direction-4] [INFO] [1749831893.450315151] [publish_wind_direction]: ### Informed ###
1749831893.4546430 [publish_wind_direction-4] [INFO] [1749831893.453853151] [publish_wind_direction]: Publishing: id224:W
1749831893.4572725 [publish_wind_direction-4] [INFO] [1749831893.456530318] [publish_wind_direction]: ------------------
1749831895.5031829 [service_vicon_node-1] [INFO] [1749831895.502330539] [service_vicon_node]: Frame_no: 65011
1749831898.3345351 [service_neighbours_opinions-2] [INFO] [1749831898.333823611] [service_neighbours_opinions]: All opinions size= 11
1749831898.3441031 [publish_wind_direction-4] [INFO] [1749831898.338849741] [publish_wind_direction]: ### Informed ###
1749831898.3475528 [publish_wind_direction-4] [INFO] [1749831898.346508593] [publish_wind_direction]: Publishing: id224:W
1749831898.3506043 [publish_wind_direction-4] [INFO] [1749831898.349920815] [publish_wind_direction]: ------------------
1749831903.3121264 [service_neighbours_opinions-2] [INFO] [1749831903.311401275] [service_neighbours_opinions]: All opinions size= 11
1749831903.3172140 [publish_wind_direction-4] [INFO] [1749831903.316589923] [publish_wind_direction]: ### Informed ###
1749831903.3207963 [publish_wind_direction-4] [INFO] [1749831903.320085590] [publish_wind_direction]: Publishing: id224:E
1749831903.3235998 [publish_wind_direction-4] [INFO] [1749831903.322947515] [publish_wind_direction]: ------------------
1749831905.6859500 [service_vicon_node-1] [INFO] [1749831905.685161903] [service_vicon_node]: Frame_no: 65316
1749831908.3038135 [service_neighbours_opinions-2] [INFO] [1749831908.303085105] [service_neighbours_opinions]: All opinions size= 11
1749831908.3090808 [publish_wind_direction-4] [INFO] [1749831908.308433124] [publish_wind_direction]: ### Informed ###
1749831908.3147233 [publish_wind_direction-4] [INFO] [1749831908.314098957] [publish_wind_direction]: Publishing: id224:N
1749831908.3173721 [publish_wind_direction-4] [INFO] [1749831908.316813624] [publish_wind_direction]: ------------------
1749831913.2759211 [service_neighbours_opinions-2] [INFO] [1749831913.275170380] [service_neighbours_opinions]: All opinions size= 11
1749831913.2811487 [publish_wind_direction-4] [INFO] [1749831913.280563861] [publish_wind_direction]: ### Informed ###
1749831913.2866106 [publish_wind_direction-4] [INFO] [1749831913.286045269] [publish_wind_direction]: Publishing: id224:W
1749831913.2901587 [publish_wind_direction-4] [INFO] [1749831913.289575880] [publish_wind_direction]: ------------------
1749831915.9027047 [service_vicon_node-1] [INFO] [1749831915.901956564] [service_vicon_node]: Frame_no: 65623
1749831918.3723269 [service_neighbours_opinions-2] [INFO] [1749831918.371611469] [service_neighbours_opinions]: All opinions size= 11
1749831918.3771932 [publish_wind_direction-4] [INFO] [1749831918.376569303] [publish_wind_direction]: ### Informed ###
1749831918.3810043 [publish_wind_direction-4] [INFO] [1749831918.380327062] [publish_wind_direction]: Publishing: id224:E
1749831918.3838418 [publish_wind_direction-4] [INFO] [1749831918.383237414] [publish_wind_direction]: ------------------
1749831923.3319643 [service_neighbours_opinions-2] [INFO] [1749831923.331296504] [service_neighbours_opinions]: All opinions size= 11
1749831923.3393910 [publish_wind_direction-4] [INFO] [1749831923.338734096] [publish_wind_direction]: ### Informed ###
1749831923.3451047 [publish_wind_direction-4] [INFO] [1749831923.344525096] [publish_wind_direction]: Publishing: id224:W
1749831923.3488014 [publish_wind_direction-4] [INFO] [1749831923.348241244] [publish_wind_direction]: ------------------
1749831926.0714707 [service_vicon_node-1] [INFO] [1749831926.070683465] [service_vicon_node]: Frame_no: 65928
1749831928.3250875 [service_neighbours_opinions-2] [INFO] [1749831928.324364538] [service_neighbours_opinions]: All opinions size= 11
1749831928.3292320 [publish_wind_direction-4] [INFO] [1749831928.328584260] [publish_wind_direction]: ### Informed ###
1749831928.3327317 [publish_wind_direction-4] [INFO] [1749831928.332154408] [publish_wind_direction]: Publishing: id224:W
1749831928.3358703 [publish_wind_direction-4] [INFO] [1749831928.335213964] [publish_wind_direction]: ------------------
1749831933.3879640 [service_neighbours_opinions-2] [INFO] [1749831933.387262053] [service_neighbours_opinions]: All opinions size= 11
1749831933.3926704 [publish_wind_direction-4] [INFO] [1749831933.392037220] [publish_wind_direction]: ### Informed ###
1749831933.3983152 [publish_wind_direction-4] [INFO] [1749831933.397692498] [publish_wind_direction]: Publishing: id224:W
1749831933.4020355 [publish_wind_direction-4] [INFO] [1749831933.401404275] [publish_wind_direction]: ------------------
1749831936.2740171 [service_vicon_node-1] [INFO] [1749831936.273095403] [service_vicon_node]: Frame_no: 66234
1749831938.3605330 [service_neighbours_opinions-2] [INFO] [1749831938.359872791] [service_neighbours_opinions]: All opinions size= 11
1749831938.3653431 [publish_wind_direction-4] [INFO] [1749831938.364662883] [publish_wind_direction]: ### Informed ###
1749831938.3692007 [publish_wind_direction-4] [INFO] [1749831938.368556883] [publish_wind_direction]: Publishing: id224:W
1749831938.3720751 [publish_wind_direction-4] [INFO] [1749831938.371456383] [publish_wind_direction]: ------------------
1749831943.3708656 [service_neighbours_opinions-2] [INFO] [1749831943.370127788] [service_neighbours_opinions]: All opinions size= 11
1749831943.3748205 [publish_wind_direction-4] [INFO] [1749831943.374235881] [publish_wind_direction]: ### Informed ###
1749831943.3782189 [publish_wind_direction-4] [INFO] [1749831943.377688047] [publish_wind_direction]: Publishing: id224:N
1749831943.3808877 [publish_wind_direction-4] [INFO] [1749831943.380333047] [publish_wind_direction]: ------------------
1749831946.5014150 [service_vicon_node-1] [INFO] [1749831946.500555916] [service_vicon_node]: Frame_no: 66541
1749831948.3497107 [service_neighbours_opinions-2] [INFO] [1749831948.349031322] [service_neighbours_opinions]: All opinions size= 11
1749831948.3539026 [publish_wind_direction-4] [INFO] [1749831948.353265359] [publish_wind_direction]: ### Informed ###
1749831948.3578000 [publish_wind_direction-4] [INFO] [1749831948.357133915] [publish_wind_direction]: Publishing: id224:N
1749831948.3633752 [publish_wind_direction-4] [INFO] [1749831948.362712840] [publish_wind_direction]: ------------------
1749831953.3737495 [service_neighbours_opinions-2] [INFO] [1749831953.373002671] [service_neighbours_opinions]: All opinions size= 11
1749831953.3806512 [publish_wind_direction-4] [INFO] [1749831953.379991689] [publish_wind_direction]: ### Informed ###
1749831953.3865206 [publish_wind_direction-4] [INFO] [1749831953.385857930] [publish_wind_direction]: Publishing: id224:W
1749831953.3902788 [publish_wind_direction-4] [INFO] [1749831953.389703486] [publish_wind_direction]: ------------------
1749831956.6740592 [service_vicon_node-1] [INFO] [1749831956.673137836] [service_vicon_node]: Frame_no: 66846
1749831958.3612177 [service_neighbours_opinions-2] [INFO] [1749831958.360513964] [service_neighbours_opinions]: All opinions size= 11
1749831958.3655715 [publish_wind_direction-4] [INFO] [1749831958.364810649] [publish_wind_direction]: ### Informed ###
1749831958.3690188 [publish_wind_direction-4] [INFO] [1749831958.368445779] [publish_wind_direction]: Publishing: id224:N
1749831958.3718629 [publish_wind_direction-4] [INFO] [1749831958.371287686] [publish_wind_direction]: ------------------
1749831963.3197207 [service_neighbours_opinions-2] [INFO] [1749831963.319008906] [service_neighbours_opinions]: All opinions size= 11
1749831963.3250782 [publish_wind_direction-4] [INFO] [1749831963.324094961] [publish_wind_direction]: ### Informed ###
1749831963.3285160 [publish_wind_direction-4] [INFO] [1749831963.327917739] [publish_wind_direction]: Publishing: id224:S
1749831963.3318415 [publish_wind_direction-4] [INFO] [1749831963.331014257] [publish_wind_direction]: ------------------
1749831966.8047209 [service_vicon_node-1] [INFO] [1749831966.803919330] [service_vicon_node]: Frame_no: 67150
1749831968.2902384 [service_neighbours_opinions-2] [INFO] [1749831968.289508014] [service_neighbours_opinions]: All opinions size= 11
1749831968.2952909 [publish_wind_direction-4] [INFO] [1749831968.294628051] [publish_wind_direction]: ### Informed ###
1749831968.3167140 [publish_wind_direction-4] [INFO] [1749831968.300172329] [publish_wind_direction]: Publishing: id224:W
1749831968.3175907 [publish_wind_direction-4] [INFO] [1749831968.303611069] [publish_wind_direction]: ------------------
1749831973.2944348 [service_neighbours_opinions-2] [INFO] [1749831973.293733344] [service_neighbours_opinions]: All opinions size= 11
1749831973.2997222 [publish_wind_direction-4] [INFO] [1749831973.298999974] [publish_wind_direction]: ### Informed ###
1749831973.3281169 [publish_wind_direction-4] [INFO] [1749831973.327464029] [publish_wind_direction]: Publishing: id224:W
1749831973.3308465 [publish_wind_direction-4] [INFO] [1749831973.330245640] [publish_wind_direction]: ------------------
1749831976.9333451 [service_vicon_node-1] [INFO] [1749831976.932436898] [service_vicon_node]: Frame_no: 67454
1749831978.4431465 [service_neighbours_opinions-2] [INFO] [1749831978.442386730] [service_neighbours_opinions]: All opinions size= 11
1749831978.4476600 [publish_wind_direction-4] [INFO] [1749831978.446982915] [publish_wind_direction]: ### Informed ###
1749831978.4517453 [publish_wind_direction-4] [INFO] [1749831978.451113860] [publish_wind_direction]: Publishing: id224:N
1749831978.4545748 [publish_wind_direction-4] [INFO] [1749831978.453988748] [publish_wind_direction]: ------------------
1749831983.3083653 [service_neighbours_opinions-2] [INFO] [1749831983.307710412] [service_neighbours_opinions]: All opinions size= 11
1749831983.3134406 [publish_wind_direction-4] [INFO] [1749831983.312763357] [publish_wind_direction]: ### Informed ###
1749831983.3176742 [publish_wind_direction-4] [INFO] [1749831983.317026227] [publish_wind_direction]: Publishing: id224:N
1749831983.3218529 [publish_wind_direction-4] [INFO] [1749831983.321227209] [publish_wind_direction]: ------------------
1749831987.1095235 [service_vicon_node-1] [INFO] [1749831987.108747262] [service_vicon_node]: Frame_no: 67759
1749831988.3956258 [service_neighbours_opinions-2] [INFO] [1749831988.394808002] [service_neighbours_opinions]: All opinions size= 11
1749831988.4008195 [publish_wind_direction-4] [INFO] [1749831988.400142131] [publish_wind_direction]: ### Informed ###
1749831988.4042561 [publish_wind_direction-4] [INFO] [1749831988.403677965] [publish_wind_direction]: Publishing: id224:N
1749831988.4066975 [publish_wind_direction-4] [INFO] [1749831988.406155409] [publish_wind_direction]: ------------------
1749831993.3146465 [service_neighbours_opinions-2] [INFO] [1749831993.313672740] [service_neighbours_opinions]: All opinions size= 11
1749831993.3185613 [publish_wind_direction-4] [INFO] [1749831993.317940017] [publish_wind_direction]: ### Informed ###
1749831993.3221262 [publish_wind_direction-4] [INFO] [1749831993.321552517] [publish_wind_direction]: Publishing: id224:N
1749831993.3247585 [publish_wind_direction-4] [INFO] [1749831993.324192369] [publish_wind_direction]: ------------------
1749831997.2740726 [service_vicon_node-1] [INFO] [1749831997.273203237] [service_vicon_node]: Frame_no: 68064
1749831998.2974222 [service_neighbours_opinions-2] [INFO] [1749831998.296127200] [service_neighbours_opinions]: All opinions size= 11
1749831998.3014622 [publish_wind_direction-4] [INFO] [1749831998.300601866] [publish_wind_direction]: ### Informed ###
1749831998.3054457 [publish_wind_direction-4] [INFO] [1749831998.304647774] [publish_wind_direction]: Publishing: id224:N
1749831998.3097575 [publish_wind_direction-4] [INFO] [1749831998.308737329] [publish_wind_direction]: ------------------
1749832003.2844868 [service_neighbours_opinions-2] [INFO] [1749832003.283386937] [service_neighbours_opinions]: All opinions size= 11
1749832003.2885885 [publish_wind_direction-4] [INFO] [1749832003.287698697] [publish_wind_direction]: ### Informed ###
1749832003.2920244 [publish_wind_direction-4] [INFO] [1749832003.291432863] [publish_wind_direction]: Publishing: id224:S
1749832003.2963755 [publish_wind_direction-4] [INFO] [1749832003.295746048] [publish_wind_direction]: ------------------
1749832007.4721744 [service_vicon_node-1] [INFO] [1749832007.471308787] [service_vicon_node]: Frame_no: 68370
1749832008.3448067 [service_neighbours_opinions-2] [INFO] [1749832008.344090490] [service_neighbours_opinions]: All opinions size= 11
1749832008.3498318 [publish_wind_direction-4] [INFO] [1749832008.349169360] [publish_wind_direction]: ### Informed ###
1749832008.3535213 [publish_wind_direction-4] [INFO] [1749832008.352941657] [publish_wind_direction]: Publishing: id224:N
1749832008.3564508 [publish_wind_direction-4] [INFO] [1749832008.355872379] [publish_wind_direction]: ------------------
1749832013.2831385 [service_neighbours_opinions-2] [INFO] [1749832013.282361580] [service_neighbours_opinions]: All opinions size= 11
1749832013.2889593 [publish_wind_direction-4] [INFO] [1749832013.288351246] [publish_wind_direction]: ### Informed ###
1749832013.2951076 [publish_wind_direction-4] [INFO] [1749832013.294389246] [publish_wind_direction]: Publishing: id224:N
1749832013.2990744 [publish_wind_direction-4] [INFO] [1749832013.298408431] [publish_wind_direction]: ------------------
1749832017.6386118 [service_vicon_node-1] [INFO] [1749832017.637898003] [service_vicon_node]: Frame_no: 68675
1749832018.3603551 [service_neighbours_opinions-2] [INFO] [1749832018.359668132] [service_neighbours_opinions]: All opinions size= 11
1749832018.3649554 [publish_wind_direction-4] [INFO] [1749832018.363999373] [publish_wind_direction]: ### Informed ###
1749832018.3688591 [publish_wind_direction-4] [INFO] [1749832018.368090928] [publish_wind_direction]: Publishing: id224:N
1749832018.3716013 [publish_wind_direction-4] [INFO] [1749832018.371003577] [publish_wind_direction]: ------------------
1749832023.3903732 [service_neighbours_opinions-2] [INFO] [1749832023.389671907] [service_neighbours_opinions]: All opinions size= 11
1749832023.3949008 [publish_wind_direction-4] [INFO] [1749832023.394247574] [publish_wind_direction]: ### Informed ###
1749832023.3993030 [publish_wind_direction-4] [INFO] [1749832023.398344722] [publish_wind_direction]: Publishing: id224:W
1749832023.4017613 [publish_wind_direction-4] [INFO] [1749832023.401161685] [publish_wind_direction]: ------------------
1749832027.8420498 [service_vicon_node-1] [INFO] [1749832027.841314126] [service_vicon_node]: Frame_no: 68981
1749832028.3102427 [service_neighbours_opinions-2] [INFO] [1749832028.309536941] [service_neighbours_opinions]: All opinions size= 11
1749832028.3149533 [publish_wind_direction-4] [INFO] [1749832028.314298682] [publish_wind_direction]: ### Informed ###
1749832028.3191993 [publish_wind_direction-4] [INFO] [1749832028.318345663] [publish_wind_direction]: Publishing: id224:S
1749832028.3219931 [publish_wind_direction-4] [INFO] [1749832028.321287497] [publish_wind_direction]: ------------------
1749832033.4185443 [service_neighbours_opinions-2] [INFO] [1749832033.417528512] [service_neighbours_opinions]: All opinions size= 11
1749832033.4233713 [publish_wind_direction-4] [INFO] [1749832033.421913734] [publish_wind_direction]: ### Informed ###
1749832033.4264572 [publish_wind_direction-4] [INFO] [1749832033.425674605] [publish_wind_direction]: Publishing: id224:W
1749832033.4291675 [publish_wind_direction-4] [INFO] [1749832033.428341697] [publish_wind_direction]: ------------------
1749832038.0493259 [service_vicon_node-1] [INFO] [1749832038.048514620] [service_vicon_node]: Frame_no: 69287
1749832038.2925696 [service_neighbours_opinions-2] [INFO] [1749832038.291528602] [service_neighbours_opinions]: All opinions size= 11
1749832038.2960768 [publish_wind_direction-4] [INFO] [1749832038.295465805] [publish_wind_direction]: ### Informed ###
1749832038.2994564 [publish_wind_direction-4] [INFO] [1749832038.298816676] [publish_wind_direction]: Publishing: id224:E
1749832038.3022566 [publish_wind_direction-4] [INFO] [1749832038.301670065] [publish_wind_direction]: ------------------
1749832043.3141184 [service_neighbours_opinions-2] [INFO] [1749832043.313369876] [service_neighbours_opinions]: All opinions size= 11
1749832043.3182330 [publish_wind_direction-4] [INFO] [1749832043.317636969] [publish_wind_direction]: ### Informed ###
1749832043.3219979 [publish_wind_direction-4] [INFO] [1749832043.321436654] [publish_wind_direction]: Publishing: id224:E
1749832043.3246663 [publish_wind_direction-4] [INFO] [1749832043.324056562] [publish_wind_direction]: ------------------
1749832048.2594428 [service_vicon_node-1] [INFO] [1749832048.258639077] [service_vicon_node]: Frame_no: 69593
1749832048.3804801 [service_neighbours_opinions-2] [INFO] [1749832048.379755707] [service_neighbours_opinions]: All opinions size= 11
1749832048.3865087 [publish_wind_direction-4] [INFO] [1749832048.385891503] [publish_wind_direction]: ### Informed ###
1749832048.3932490 [publish_wind_direction-4] [INFO] [1749832048.392516485] [publish_wind_direction]: Publishing: id224:W
1749832048.3977747 [publish_wind_direction-4] [INFO] [1749832048.396819985] [publish_wind_direction]: ------------------
1749832053.3445983 [service_neighbours_opinions-2] [INFO] [1749832053.343854815] [service_neighbours_opinions]: All opinions size= 11
1749832053.3507252 [publish_wind_direction-4] [INFO] [1749832053.350075241] [publish_wind_direction]: ### Informed ###
1749832053.3563609 [publish_wind_direction-4] [INFO] [1749832053.355785667] [publish_wind_direction]: Publishing: id224:W
1749832053.3594668 [publish_wind_direction-4] [INFO] [1749832053.358858000] [publish_wind_direction]: ------------------
1749832058.3530698 [service_neighbours_opinions-2] [INFO] [1749832058.352392923] [service_neighbours_opinions]: All opinions size= 11
1749832058.3575079 [publish_wind_direction-4] [INFO] [1749832058.356869238] [publish_wind_direction]: ### Informed ###
1749832058.3613548 [publish_wind_direction-4] [INFO] [1749832058.360764960] [publish_wind_direction]: Publishing: id224:N
1749832058.3642752 [publish_wind_direction-4] [INFO] [1749832058.363667923] [publish_wind_direction]: ------------------
1749832058.4706874 [service_vicon_node-1] [INFO] [1749832058.469951108] [service_vicon_node]: Frame_no: 69900
1749832063.3604748 [service_neighbours_opinions-2] [INFO] [1749832063.359780346] [service_neighbours_opinions]: All opinions size= 11
1749832063.3660562 [publish_wind_direction-4] [INFO] [1749832063.365445902] [publish_wind_direction]: ### Informed ###
1749832063.3721111 [publish_wind_direction-4] [INFO] [1749832063.371395753] [publish_wind_direction]: Publishing: id224:N
1749832063.3758626 [publish_wind_direction-4] [INFO] [1749832063.375277957] [publish_wind_direction]: ------------------
1749832068.2819052 [service_neighbours_opinions-2] [INFO] [1749832068.281219139] [service_neighbours_opinions]: All opinions size= 11
1749832068.2872248 [publish_wind_direction-4] [INFO] [1749832068.285843991] [publish_wind_direction]: ### Informed ###
1749832068.2904782 [publish_wind_direction-4] [INFO] [1749832068.289810658] [publish_wind_direction]: Publishing: id224:S
1749832068.2932220 [publish_wind_direction-4] [INFO] [1749832068.292634325] [publish_wind_direction]: ------------------
1749832068.7140012 [service_vicon_node-1] [INFO] [1749832068.713178417] [service_vicon_node]: Frame_no: 70207
1749832073.3024139 [service_neighbours_opinions-2] [INFO] [1749832073.301717303] [service_neighbours_opinions]: All opinions size= 11
1749832073.3076730 [publish_wind_direction-4] [INFO] [1749832073.306923859] [publish_wind_direction]: ### Informed ###
1749832073.3118157 [publish_wind_direction-4] [INFO] [1749832073.311022007] [publish_wind_direction]: Publishing: id224:S
1749832073.3151343 [publish_wind_direction-4] [INFO] [1749832073.314393655] [publish_wind_direction]: ------------------
1749832078.3290336 [service_neighbours_opinions-2] [INFO] [1749832078.328330985] [service_neighbours_opinions]: All opinions size= 11
1749832078.3347437 [publish_wind_direction-4] [INFO] [1749832078.334117300] [publish_wind_direction]: ### Informed ###
1749832078.3425701 [publish_wind_direction-4] [INFO] [1749832078.341677133] [publish_wind_direction]: Publishing: id224:N
1749832078.3454382 [publish_wind_direction-4] [INFO] [1749832078.344628467] [publish_wind_direction]: ------------------
1749832078.9356029 [service_vicon_node-1] [INFO] [1749832078.934783485] [service_vicon_node]: Frame_no: 70514
1749832083.3620219 [service_neighbours_opinions-2] [INFO] [1749832083.361289242] [service_neighbours_opinions]: All opinions size= 11
1749832083.3660173 [publish_wind_direction-4] [INFO] [1749832083.365436556] [publish_wind_direction]: ### Informed ###
1749832083.3702137 [publish_wind_direction-4] [INFO] [1749832083.369159927] [publish_wind_direction]: Publishing: id224:W
1749832083.3731673 [publish_wind_direction-4] [INFO] [1749832083.372278779] [publish_wind_direction]: ------------------
1749832088.3213830 [service_neighbours_opinions-2] [INFO] [1749832088.320307776] [service_neighbours_opinions]: All opinions size= 11
1749832088.3257468 [publish_wind_direction-4] [INFO] [1749832088.324999090] [publish_wind_direction]: ### Informed ###
1749832088.3320312 [publish_wind_direction-4] [INFO] [1749832088.331139479] [publish_wind_direction]: Publishing: id224:E
1749832088.3344607 [publish_wind_direction-4] [INFO] [1749832088.333853498] [publish_wind_direction]: ------------------
1749832089.0441542 [service_vicon_node-1] [INFO] [1749832089.043438164] [service_vicon_node]: Frame_no: 70817
1749832093.3236825 [service_neighbours_opinions-2] [INFO] [1749832093.322932402] [service_neighbours_opinions]: All opinions size= 11
1749832093.3292701 [publish_wind_direction-4] [INFO] [1749832093.328275291] [publish_wind_direction]: ### Informed ###
1749832093.3330729 [publish_wind_direction-4] [INFO] [1749832093.332337069] [publish_wind_direction]: Publishing: id224:W
1749832093.3377526 [publish_wind_direction-4] [INFO] [1749832093.336907995] [publish_wind_direction]: ------------------
1749832098.3221262 [service_neighbours_opinions-2] [INFO] [1749832098.321097936] [service_neighbours_opinions]: All opinions size= 11
1749832098.3257546 [publish_wind_direction-4] [INFO] [1749832098.325128066] [publish_wind_direction]: ### Informed ###
1749832098.3291895 [publish_wind_direction-4] [INFO] [1749832098.328635473] [publish_wind_direction]: Publishing: id224:S
1749832098.3321798 [publish_wind_direction-4] [INFO] [1749832098.331587418] [publish_wind_direction]: ------------------
1749832099.2156899 [service_vicon_node-1] [INFO] [1749832099.214944343] [service_vicon_node]: Frame_no: 71122
1749832103.3531723 [service_neighbours_opinions-2] [INFO] [1749832103.352426878] [service_neighbours_opinions]: All opinions size= 11
1749832103.3574495 [publish_wind_direction-4] [INFO] [1749832103.356838452] [publish_wind_direction]: ### Informed ###
1749832103.3609262 [publish_wind_direction-4] [INFO] [1749832103.360372267] [publish_wind_direction]: Publishing: id224:W
1749832103.3634455 [publish_wind_direction-4] [INFO] [1749832103.362824378] [publish_wind_direction]: ------------------
1749832108.3534658 [service_neighbours_opinions-2] [INFO] [1749832108.352806412] [service_neighbours_opinions]: All opinions size= 11
1749832108.3576877 [publish_wind_direction-4] [INFO] [1749832108.356995930] [publish_wind_direction]: ### Informed ###
1749832108.3610330 [publish_wind_direction-4] [INFO] [1749832108.360489097] [publish_wind_direction]: Publishing: id224:N
1749832108.3636703 [publish_wind_direction-4] [INFO] [1749832108.363116171] [publish_wind_direction]: ------------------
1749832109.4728796 [service_vicon_node-1] [INFO] [1749832109.472136911] [service_vicon_node]: Frame_no: 71430
1749832113.3946307 [service_neighbours_opinions-2] [INFO] [1749832113.393951779] [service_neighbours_opinions]: All opinions size= 11
1749832113.4002576 [publish_wind_direction-4] [INFO] [1749832113.399659705] [publish_wind_direction]: ### Informed ###
1749832113.4059918 [publish_wind_direction-4] [INFO] [1749832113.405302557] [publish_wind_direction]: Publishing: id224:S
1749832113.4100087 [publish_wind_direction-4] [INFO] [1749832113.409421890] [publish_wind_direction]: ------------------
1749832118.3451931 [service_neighbours_opinions-2] [INFO] [1749832118.344467573] [service_neighbours_opinions]: All opinions size= 11
1749832118.3497932 [publish_wind_direction-4] [INFO] [1749832118.349174128] [publish_wind_direction]: ### Informed ###
1749832118.3539898 [publish_wind_direction-4] [INFO] [1749832118.353323276] [publish_wind_direction]: Publishing: id224:W
1749832118.3568554 [publish_wind_direction-4] [INFO] [1749832118.356288128] [publish_wind_direction]: ------------------
1749832119.7431984 [service_vicon_node-1] [INFO] [1749832119.742366535] [service_vicon_node]: Frame_no: 71738
1749832123.3261514 [service_neighbours_opinions-2] [INFO] [1749832123.325070144] [service_neighbours_opinions]: All opinions size= 11
1749832123.3299205 [publish_wind_direction-4] [INFO] [1749832123.329243699] [publish_wind_direction]: ### Informed ###
1749832123.3338377 [publish_wind_direction-4] [INFO] [1749832123.333217607] [publish_wind_direction]: Publishing: id224:N
1749832123.3365877 [publish_wind_direction-4] [INFO] [1749832123.336007421] [publish_wind_direction]: ------------------
1749832128.2483647 [service_neighbours_opinions-2] [INFO] [1749832128.247373918] [service_neighbours_opinions]: All opinions size= 11
1749832128.2525814 [publish_wind_direction-4] [INFO] [1749832128.251755363] [publish_wind_direction]: ### Informed ###
1749832128.2561002 [publish_wind_direction-4] [INFO] [1749832128.255504493] [publish_wind_direction]: Publishing: id224:E
1749832128.2587986 [publish_wind_direction-4] [INFO] [1749832128.258217567] [publish_wind_direction]: ------------------
1749832129.9075882 [service_vicon_node-1] [INFO] [1749832129.906738140] [service_vicon_node]: Frame_no: 72043
1749832133.2387195 [service_neighbours_opinions-2] [INFO] [1749832133.237993786] [service_neighbours_opinions]: All opinions size= 11
1749832133.2438948 [publish_wind_direction-4] [INFO] [1749832133.242974415] [publish_wind_direction]: ### Informed ###
1749832133.2479608 [publish_wind_direction-4] [INFO] [1749832133.247135397] [publish_wind_direction]: Publishing: id224:E
1749832133.2506866 [publish_wind_direction-4] [INFO] [1749832133.249857397] [publish_wind_direction]: ------------------
1749832138.3671885 [service_neighbours_opinions-2] [INFO] [1749832138.366391949] [service_neighbours_opinions]: All opinions size= 11
1749832138.3726192 [publish_wind_direction-4] [INFO] [1749832138.372013264] [publish_wind_direction]: ### Informed ###
1749832138.3769364 [publish_wind_direction-4] [INFO] [1749832138.376342338] [publish_wind_direction]: Publishing: id224:S
1749832138.3795633 [publish_wind_direction-4] [INFO] [1749832138.378921246] [publish_wind_direction]: ------------------
1749832140.1371567 [service_vicon_node-1] [INFO] [1749832140.136457485] [service_vicon_node]: Frame_no: 72350
1749832143.3629825 [service_neighbours_opinions-2] [INFO] [1749832143.362155243] [service_neighbours_opinions]: All opinions size= 11
1749832143.3667960 [publish_wind_direction-4] [INFO] [1749832143.366200743] [publish_wind_direction]: ### Informed ###
1749832143.3702886 [publish_wind_direction-4] [INFO] [1749832143.369724002] [publish_wind_direction]: Publishing: id224:W
1749832143.3731883 [publish_wind_direction-4] [INFO] [1749832143.372619650] [publish_wind_direction]: ------------------
1749832148.3588159 [service_neighbours_opinions-2] [INFO] [1749832148.357790073] [service_neighbours_opinions]: All opinions size= 11
1749832148.3631563 [publish_wind_direction-4] [INFO] [1749832148.362253629] [publish_wind_direction]: ### Informed ###
1749832148.3678348 [publish_wind_direction-4] [INFO] [1749832148.366207518] [publish_wind_direction]: Publishing: id224:W
1749832148.3717391 [publish_wind_direction-4] [INFO] [1749832148.371118610] [publish_wind_direction]: ------------------
1749832150.3426607 [service_vicon_node-1] [INFO] [1749832150.341913516] [service_vicon_node]: Frame_no: 72656
1749832153.3123059 [service_neighbours_opinions-2] [INFO] [1749832153.311564033] [service_neighbours_opinions]: All opinions size= 11
1749832153.3168912 [publish_wind_direction-4] [INFO] [1749832153.316193959] [publish_wind_direction]: ### Informed ###
1749832153.3221269 [publish_wind_direction-4] [INFO] [1749832153.321488292] [publish_wind_direction]: Publishing: id224:N
1749832153.3257396 [publish_wind_direction-4] [INFO] [1749832153.325179904] [publish_wind_direction]: ------------------
1749832158.3440111 [service_neighbours_opinions-2] [INFO] [1749832158.343266771] [service_neighbours_opinions]: All opinions size= 11
1749832158.3497086 [publish_wind_direction-4] [INFO] [1749832158.349108789] [publish_wind_direction]: ### Informed ###
1749832158.3555384 [publish_wind_direction-4] [INFO] [1749832158.354886734] [publish_wind_direction]: Publishing: id224:W
1749832158.3593678 [publish_wind_direction-4] [INFO] [1749832158.358720512] [publish_wind_direction]: ------------------
1749832160.5623367 [service_vicon_node-1] [INFO] [1749832160.561542251] [service_vicon_node]: Frame_no: 72962
1749832163.3466227 [service_neighbours_opinions-2] [INFO] [1749832163.345908453] [service_neighbours_opinions]: All opinions size= 11
1749832163.3529456 [publish_wind_direction-4] [INFO] [1749832163.352177138] [publish_wind_direction]: ### Informed ###
1749832163.3595126 [publish_wind_direction-4] [INFO] [1749832163.358830064] [publish_wind_direction]: Publishing: id224:W
1749832163.3632934 [publish_wind_direction-4] [INFO] [1749832163.362605583] [publish_wind_direction]: ------------------
1749832168.2747984 [service_neighbours_opinions-2] [INFO] [1749832168.274124395] [service_neighbours_opinions]: All opinions size= 11
1749832168.2794316 [publish_wind_direction-4] [INFO] [1749832168.278777024] [publish_wind_direction]: ### Informed ###
1749832168.2988851 [publish_wind_direction-4] [INFO] [1749832168.298282024] [publish_wind_direction]: Publishing: id224:S
1749832168.3016338 [publish_wind_direction-4] [INFO] [1749832168.301064061] [publish_wind_direction]: ------------------
1749832170.7723637 [service_vicon_node-1] [INFO] [1749832170.771606356] [service_vicon_node]: Frame_no: 73269
1749832173.4267268 [service_neighbours_opinions-2] [INFO] [1749832173.426028854] [service_neighbours_opinions]: All opinions size= 11
1749832173.4317968 [publish_wind_direction-4] [INFO] [1749832173.431108521] [publish_wind_direction]: ### Informed ###
1749832173.4356508 [publish_wind_direction-4] [INFO] [1749832173.435055577] [publish_wind_direction]: Publishing: id224:E
1749832173.4384909 [publish_wind_direction-4] [INFO] [1749832173.437919392] [publish_wind_direction]: ------------------
1749832178.3349800 [service_neighbours_opinions-2] [INFO] [1749832178.334246518] [service_neighbours_opinions]: All opinions size= 11
1749832178.3391099 [publish_wind_direction-4] [INFO] [1749832178.338421722] [publish_wind_direction]: ### Informed ###
1749832178.3428881 [publish_wind_direction-4] [INFO] [1749832178.342193574] [publish_wind_direction]: Publishing: id224:W
1749832178.3456421 [publish_wind_direction-4] [INFO] [1749832178.345091426] [publish_wind_direction]: ------------------
1749832180.9118004 [service_vicon_node-1] [INFO] [1749832180.910977091] [service_vicon_node]: Frame_no: 73573
1749832183.3424711 [service_neighbours_opinions-2] [INFO] [1749832183.341749775] [service_neighbours_opinions]: All opinions size= 11
1749832183.3465056 [publish_wind_direction-4] [INFO] [1749832183.345943904] [publish_wind_direction]: ### Informed ###
1749832183.3498335 [publish_wind_direction-4] [INFO] [1749832183.349294867] [publish_wind_direction]: Publishing: id224:S
1749832183.3524334 [publish_wind_direction-4] [INFO] [1749832183.351884293] [publish_wind_direction]: ------------------
1749832188.3047700 [service_neighbours_opinions-2] [INFO] [1749832188.304086753] [service_neighbours_opinions]: All opinions size= 11
1749832188.3107865 [publish_wind_direction-4] [INFO] [1749832188.310140697] [publish_wind_direction]: ### Informed ###
1749832188.3356500 [publish_wind_direction-4] [INFO] [1749832188.334981809] [publish_wind_direction]: Publishing: id224:W
1749832188.3385091 [publish_wind_direction-4] [INFO] [1749832188.337916994] [publish_wind_direction]: ------------------
1749832191.0723341 [service_vicon_node-1] [INFO] [1749832191.071568733] [service_vicon_node]: Frame_no: 73878
1749832193.3267689 [service_neighbours_opinions-2] [INFO] [1749832193.326116139] [service_neighbours_opinions]: All opinions size= 11
1749832193.3313625 [publish_wind_direction-4] [INFO] [1749832193.330633972] [publish_wind_direction]: ### Informed ###
1749832193.3366957 [publish_wind_direction-4] [INFO] [1749832193.335268620] [publish_wind_direction]: Publishing: id224:W
1749832193.3391688 [publish_wind_direction-4] [INFO] [1749832193.338401972] [publish_wind_direction]: ------------------
1749832198.3068001 [service_neighbours_opinions-2] [INFO] [1749832198.306106525] [service_neighbours_opinions]: All opinions size= 11
1749832198.3131809 [publish_wind_direction-4] [INFO] [1749832198.312598803] [publish_wind_direction]: ### Informed ###
1749832198.3643405 [publish_wind_direction-4] [INFO] [1749832198.363699951] [publish_wind_direction]: Publishing: id224:S
1749832198.3670077 [publish_wind_direction-4] [INFO] [1749832198.366422099] [publish_wind_direction]: ------------------
1749832201.2450666 [service_vicon_node-1] [INFO] [1749832201.244330412] [service_vicon_node]: Frame_no: 74183
1749832203.3364403 [service_neighbours_opinions-2] [INFO] [1749832203.335729226] [service_neighbours_opinions]: All opinions size= 11
1749832203.3428996 [publish_wind_direction-4] [INFO] [1749832203.341924633] [publish_wind_direction]: ### Informed ###
1749832203.3505113 [publish_wind_direction-4] [INFO] [1749832203.349890189] [publish_wind_direction]: Publishing: id224:S
1749832203.3543143 [publish_wind_direction-4] [INFO] [1749832203.353727837] [publish_wind_direction]: ------------------
1749832208.4279108 [service_neighbours_opinions-2] [INFO] [1749832208.427196334] [service_neighbours_opinions]: All opinions size= 11
1749832208.4332917 [publish_wind_direction-4] [INFO] [1749832208.432225723] [publish_wind_direction]: ### Informed ###
1749832208.4373753 [publish_wind_direction-4] [INFO] [1749832208.436476278] [publish_wind_direction]: Publishing: id224:N
1749832208.4405901 [publish_wind_direction-4] [INFO] [1749832208.439547111] [publish_wind_direction]: ------------------
1749832211.4768109 [service_vicon_node-1] [INFO] [1749832211.475918776] [service_vicon_node]: Frame_no: 74490
1749832213.4316289 [service_neighbours_opinions-2] [INFO] [1749832213.430684090] [service_neighbours_opinions]: All opinions size= 11
1749832213.4356415 [publish_wind_direction-4] [INFO] [1749832213.434728479] [publish_wind_direction]: ### Informed ###
1749832213.4389572 [publish_wind_direction-4] [INFO] [1749832213.438184886] [publish_wind_direction]: Publishing: id224:W
1749832213.4413631 [publish_wind_direction-4] [INFO] [1749832213.440784701] [publish_wind_direction]: ------------------
1749832218.4605491 [service_neighbours_opinions-2] [INFO] [1749832218.459414698] [service_neighbours_opinions]: All opinions size= 11
1749832218.4648702 [publish_wind_direction-4] [INFO] [1749832218.464233717] [publish_wind_direction]: ### Informed ###
1749832218.4686511 [publish_wind_direction-4] [INFO] [1749832218.468082402] [publish_wind_direction]: Publishing: id224:N
1749832218.4715428 [publish_wind_direction-4] [INFO] [1749832218.470940661] [publish_wind_direction]: ------------------
1749832221.7174551 [service_vicon_node-1] [INFO] [1749832221.716626641] [service_vicon_node]: Frame_no: 74797
1749832223.4150782 [service_neighbours_opinions-2] [INFO] [1749832223.414315862] [service_neighbours_opinions]: All opinions size= 11
1749832223.4193685 [publish_wind_direction-4] [INFO] [1749832223.418644806] [publish_wind_direction]: ### Informed ###
1749832223.4233375 [publish_wind_direction-4] [INFO] [1749832223.422500473] [publish_wind_direction]: Publishing: id224:E
1749832223.4261112 [publish_wind_direction-4] [INFO] [1749832223.425545954] [publish_wind_direction]: ------------------
1749832228.3620088 [service_neighbours_opinions-2] [INFO] [1749832228.360938433] [service_neighbours_opinions]: All opinions size= 11
1749832228.3659258 [publish_wind_direction-4] [INFO] [1749832228.365118100] [publish_wind_direction]: ### Informed ###
1749832228.3694866 [publish_wind_direction-4] [INFO] [1749832228.368683081] [publish_wind_direction]: Publishing: id224:W
1749832228.3724928 [publish_wind_direction-4] [INFO] [1749832228.371678100] [publish_wind_direction]: ------------------
1749832231.9379792 [service_vicon_node-1] [INFO] [1749832231.936887616] [service_vicon_node]: Frame_no: 75104
1749832233.4189978 [service_neighbours_opinions-2] [INFO] [1749832233.418281189] [service_neighbours_opinions]: All opinions size= 11
1749832233.4245949 [publish_wind_direction-4] [INFO] [1749832233.423669930] [publish_wind_direction]: ### Informed ###
1749832233.4307206 [publish_wind_direction-4] [INFO] [1749832233.430101078] [publish_wind_direction]: Publishing: id224:W
1749832233.4332757 [publish_wind_direction-4] [INFO] [1749832233.432721967] [publish_wind_direction]: ------------------
1749832238.3174875 [service_neighbours_opinions-2] [INFO] [1749832238.316400371] [service_neighbours_opinions]: All opinions size= 11
1749832238.3213744 [publish_wind_direction-4] [INFO] [1749832238.320574149] [publish_wind_direction]: ### Informed ###
1749832238.3245888 [publish_wind_direction-4] [INFO] [1749832238.324049594] [publish_wind_direction]: Publishing: id224:S
1749832238.3274024 [publish_wind_direction-4] [INFO] [1749832238.326480890] [publish_wind_direction]: ------------------
1749832242.0793462 [service_vicon_node-1] [INFO] [1749832242.078511665] [service_vicon_node]: Frame_no: 75408
1749832243.3701665 [service_neighbours_opinions-2] [INFO] [1749832243.369263905] [service_neighbours_opinions]: All opinions size= 11
1749832243.3741429 [publish_wind_direction-4] [INFO] [1749832243.373472202] [publish_wind_direction]: ### Informed ###
1749832243.3784344 [publish_wind_direction-4] [INFO] [1749832243.377476850] [publish_wind_direction]: Publishing: id224:E
1749832243.3812811 [publish_wind_direction-4] [INFO] [1749832243.380692554] [publish_wind_direction]: ------------------
1749832248.3279879 [service_neighbours_opinions-2] [INFO] [1749832248.326967069] [service_neighbours_opinions]: All opinions size= 11
1749832248.3326857 [publish_wind_direction-4] [INFO] [1749832248.331544977] [publish_wind_direction]: ### Informed ###
1749832248.3361511 [publish_wind_direction-4] [INFO] [1749832248.335381254] [publish_wind_direction]: Publishing: id224:E
1749832248.3387067 [publish_wind_direction-4] [INFO] [1749832248.338086958] [publish_wind_direction]: ------------------
1749832252.3089478 [service_vicon_node-1] [INFO] [1749832252.308234493] [service_vicon_node]: Frame_no: 75715
1749832253.7023048 [service_neighbours_opinions-2] [INFO] [1749832253.701575918] [service_neighbours_opinions]: All opinions size= 11
1749832253.7063682 [publish_wind_direction-4] [INFO] [1749832253.705759658] [publish_wind_direction]: ### Informed ###
1749832253.7099092 [publish_wind_direction-4] [INFO] [1749832253.709288103] [publish_wind_direction]: Publishing: id224:W
1749832253.7124646 [publish_wind_direction-4] [INFO] [1749832253.711905121] [publish_wind_direction]: ------------------
1749832258.3602276 [service_neighbours_opinions-2] [INFO] [1749832258.359497933] [service_neighbours_opinions]: All opinions size= 11
1749832258.3648789 [publish_wind_direction-4] [INFO] [1749832258.364171878] [publish_wind_direction]: ### Informed ###
1749832258.3690710 [publish_wind_direction-4] [INFO] [1749832258.368474933] [publish_wind_direction]: Publishing: id224:E
1749832258.3719604 [publish_wind_direction-4] [INFO] [1749832258.371361230] [publish_wind_direction]: ------------------
1749832262.5514629 [service_vicon_node-1] [INFO] [1749832262.550486098] [service_vicon_node]: Frame_no: 76022
1749832263.4066193 [service_neighbours_opinions-2] [INFO] [1749832263.405911393] [service_neighbours_opinions]: All opinions size= 11
1749832263.4114332 [publish_wind_direction-4] [INFO] [1749832263.410713208] [publish_wind_direction]: ### Informed ###
1749832263.4153140 [publish_wind_direction-4] [INFO] [1749832263.414674597] [publish_wind_direction]: Publishing: id224:W
1749832263.4181445 [publish_wind_direction-4] [INFO] [1749832263.417583153] [publish_wind_direction]: ------------------
1749832268.3333061 [service_neighbours_opinions-2] [INFO] [1749832268.332576946] [service_neighbours_opinions]: All opinions size= 11
1749832268.3383498 [publish_wind_direction-4] [INFO] [1749832268.337709353] [publish_wind_direction]: ### Informed ###
1749832268.3419504 [publish_wind_direction-4] [INFO] [1749832268.341235391] [publish_wind_direction]: Publishing: id224:W
1749832268.3444653 [publish_wind_direction-4] [INFO] [1749832268.343891687] [publish_wind_direction]: ------------------
1749832272.7480824 [service_vicon_node-1] [INFO] [1749832272.747338684] [service_vicon_node]: Frame_no: 76328
1749832273.3644094 [service_neighbours_opinions-2] [INFO] [1749832273.363682239] [service_neighbours_opinions]: All opinions size= 11
1749832273.3695595 [publish_wind_direction-4] [INFO] [1749832273.368870054] [publish_wind_direction]: ### Informed ###
1749832273.3736136 [publish_wind_direction-4] [INFO] [1749832273.372994869] [publish_wind_direction]: Publishing: id224:E
1749832273.3766682 [publish_wind_direction-4] [INFO] [1749832273.376074536] [publish_wind_direction]: ------------------
1749832278.2455602 [service_neighbours_opinions-2] [INFO] [1749832278.244850662] [service_neighbours_opinions]: All opinions size= 11
1749832278.2515340 [publish_wind_direction-4] [INFO] [1749832278.250870903] [publish_wind_direction]: ### Informed ###
1749832278.2570190 [publish_wind_direction-4] [INFO] [1749832278.256383811] [publish_wind_direction]: Publishing: id224:S
1749832278.2607582 [publish_wind_direction-4] [INFO] [1749832278.260167162] [publish_wind_direction]: ------------------
1749832282.9437456 [service_vicon_node-1] [INFO] [1749832282.942856660] [service_vicon_node]: Frame_no: 76634
1749832283.3533030 [service_neighbours_opinions-2] [INFO] [1749832283.352138104] [service_neighbours_opinions]: All opinions size= 11
1749832283.3602002 [publish_wind_direction-4] [INFO] [1749832283.359314585] [publish_wind_direction]: ### Informed ###
1749832283.3638153 [publish_wind_direction-4] [INFO] [1749832283.363011567] [publish_wind_direction]: Publishing: id224:N
1749832283.3665919 [publish_wind_direction-4] [INFO] [1749832283.365668437] [publish_wind_direction]: ------------------
1749832288.3883901 [service_neighbours_opinions-2] [INFO] [1749832288.387432767] [service_neighbours_opinions]: All opinions size= 11
1749832288.3923988 [publish_wind_direction-4] [INFO] [1749832288.391584638] [publish_wind_direction]: ### Informed ###
1749832288.3961399 [publish_wind_direction-4] [INFO] [1749832288.395319564] [publish_wind_direction]: Publishing: id224:E
1749832288.3989840 [publish_wind_direction-4] [INFO] [1749832288.398198545] [publish_wind_direction]: ------------------
1749832293.1203916 [service_vicon_node-1] [INFO] [1749832293.118497005] [service_vicon_node]: Frame_no: 76939
1749832303.2800698 [service_vicon_node-1] [INFO] [1749832303.279155740] [service_vicon_node]: Frame_no: 77244
1749832313.4747794 [service_vicon_node-1] [INFO] [1749832313.474122882] [service_vicon_node]: Frame_no: 77550
1749832323.6766093 [service_vicon_node-1] [INFO] [1749832323.675970728] [service_vicon_node]: Frame_no: 77856
1749832333.8112624 [service_vicon_node-1] [INFO] [1749832333.810385351] [service_vicon_node]: Frame_no: 78160
1749832344.0085099 [service_vicon_node-1] [INFO] [1749832344.007821308] [service_vicon_node]: Frame_no: 78466
1749832354.1352355 [service_vicon_node-1] [INFO] [1749832354.134497136] [service_vicon_node]: Frame_no: 78770
1749832364.3465693 [service_vicon_node-1] [INFO] [1749832364.345875185] [service_vicon_node]: Frame_no: 79076
1749832374.5755203 [service_vicon_node-1] [INFO] [1749832374.574543772] [service_vicon_node]: Frame_no: 79383
1749832384.7365067 [service_vicon_node-1] [INFO] [1749832384.735489173] [service_vicon_node]: Frame_no: 79688
1749832394.8943024 [service_vicon_node-1] [INFO] [1749832394.893359574] [service_vicon_node]: Frame_no: 79992
1749832405.0782139 [service_vicon_node-1] [INFO] [1749832405.077267716] [service_vicon_node]: Frame_no: 80298
1749832415.2806153 [service_vicon_node-1] [INFO] [1749832415.279904136] [service_vicon_node]: Frame_no: 80604
1749832425.4951777 [service_vicon_node-1] [INFO] [1749832425.494449556] [service_vicon_node]: Frame_no: 80909
1749832435.6817374 [service_vicon_node-1] [INFO] [1749832435.681035883] [service_vicon_node]: Frame_no: 81216
1749832445.7783082 [service_vicon_node-1] [INFO] [1749832445.777685211] [service_vicon_node]: Frame_no: 81519
1749832455.9745536 [service_vicon_node-1] [INFO] [1749832455.973903093] [service_vicon_node]: Frame_no: 81825
1749832466.1403954 [service_vicon_node-1] [INFO] [1749832466.139786069] [service_vicon_node]: Frame_no: 82130
1749832476.2808502 [service_vicon_node-1] [INFO] [1749832476.280171822] [service_vicon_node]: Frame_no: 82434
1749832486.5107882 [service_vicon_node-1] [INFO] [1749832486.510114205] [service_vicon_node]: Frame_no: 82741
1749832496.7466803 [service_vicon_node-1] [INFO] [1749832496.746061217] [service_vicon_node]: Frame_no: 83048
1749832506.9085588 [service_vicon_node-1] [INFO] [1749832506.907877434] [service_vicon_node]: Frame_no: 83353
1749832517.0929112 [service_vicon_node-1] [INFO] [1749832517.092252742] [service_vicon_node]: Frame_no: 83658
1749832527.2854481 [service_vicon_node-1] [INFO] [1749832527.284749847] [service_vicon_node]: Frame_no: 83964
1749832537.6082368 [service_vicon_node-1] [INFO] [1749832537.607614156] [service_vicon_node]: Frame_no: 84274
1749832547.7773147 [service_vicon_node-1] [INFO] [1749832547.776697631] [service_vicon_node]: Frame_no: 84579
1749832557.9804380 [service_vicon_node-1] [INFO] [1749832557.979776644] [service_vicon_node]: Frame_no: 84885
1749832568.2134287 [service_vicon_node-1] [INFO] [1749832568.212730527] [service_vicon_node]: Frame_no: 85192
1749832578.4070251 [service_vicon_node-1] [INFO] [1749832578.406367261] [service_vicon_node]: Frame_no: 85498
1749832588.6114452 [service_vicon_node-1] [INFO] [1749832588.610476903] [service_vicon_node]: Frame_no: 85804
1749832598.8127820 [service_vicon_node-1] [INFO] [1749832598.811865212] [service_vicon_node]: Frame_no: 86110
1749832608.9837711 [service_vicon_node-1] [INFO] [1749832608.983102650] [service_vicon_node]: Frame_no: 86415
1749832619.1469278 [service_vicon_node-1] [INFO] [1749832619.145939755] [service_vicon_node]: Frame_no: 86720
1749832629.3471870 [service_vicon_node-1] [INFO] [1749832629.346468453] [service_vicon_node]: Frame_no: 87026
1749832639.5706787 [service_vicon_node-1] [INFO] [1749832639.570041021] [service_vicon_node]: Frame_no: 87332
1749832649.7393217 [service_vicon_node-1] [INFO] [1749832649.738663552] [service_vicon_node]: Frame_no: 87638
1749832659.9062459 [service_vicon_node-1] [INFO] [1749832659.905574527] [service_vicon_node]: Frame_no: 87943
1749832670.0447860 [service_vicon_node-1] [INFO] [1749832670.044066262] [service_vicon_node]: Frame_no: 88247
1749832680.2233799 [service_vicon_node-1] [INFO] [1749832680.222303515] [service_vicon_node]: Frame_no: 88552
1749832690.4472201 [service_vicon_node-1] [INFO] [1749832690.446516213] [service_vicon_node]: Frame_no: 88859
1749832700.5859694 [service_vicon_node-1] [INFO] [1749832700.585298670] [service_vicon_node]: Frame_no: 89163
1749832710.8793588 [service_vicon_node-1] [INFO] [1749832710.878595053] [service_vicon_node]: Frame_no: 89472
1749832721.0832157 [service_vicon_node-1] [INFO] [1749832721.082321010] [service_vicon_node]: Frame_no: 89778
1749832731.2314701 [service_vicon_node-1] [INFO] [1749832731.230432152] [service_vicon_node]: Frame_no: 90082
1749832741.4519544 [service_vicon_node-1] [INFO] [1749832741.450919923] [service_vicon_node]: Frame_no: 90389
1749832751.7129910 [service_vicon_node-1] [INFO] [1749832751.712316584] [service_vicon_node]: Frame_no: 90697
1749832761.9185481 [service_vicon_node-1] [INFO] [1749832761.917659374] [service_vicon_node]: Frame_no: 91003
1749832772.0812812 [service_vicon_node-1] [INFO] [1749832772.080327294] [service_vicon_node]: Frame_no: 91308
1749832782.2472899 [service_vicon_node-1] [INFO] [1749832782.246568399] [service_vicon_node]: Frame_no: 91613
1749832792.4159355 [service_vicon_node-1] [INFO] [1749832792.415256856] [service_vicon_node]: Frame_no: 91918
1749832795.5846047 [service_neighbours_opinions-2] [INFO] [1749832795.583930484] [service_neighbours_opinions]: Raising exception at 16:39:55
1749832795.7219803 [service_neighbours_opinions-2] Traceback (most recent call last):
1749832795.7227981 [service_neighbours_opinions-2]   File "/home/thymio/ros2_ws/install/wind_direction_detector/lib/python3.10/site-packages/wind_direction_detector/neighbours_opinion_node.py", line 114, in main
1749832795.7244220 [service_neighbours_opinions-2]     rclpy.spin(neighbours_node)
1749832795.7251236 [service_neighbours_opinions-2]   File "/opt/ros/humble/local/lib/python3.10/dist-packages/rclpy/__init__.py", line 226, in spin
1749832795.7255096 [service_neighbours_opinions-2]     executor.spin_once()
1749832795.7258503 [service_neighbours_opinions-2]   File "/opt/ros/humble/local/lib/python3.10/dist-packages/rclpy/executors.py", line 739, in spin_once
1749832795.7261698 [service_neighbours_opinions-2]     self._spin_once_impl(timeout_sec)
1749832795.7265656 [service_neighbours_opinions-2]   File "/opt/ros/humble/local/lib/python3.10/dist-packages/rclpy/executors.py", line 736, in _spin_once_impl
1749832795.7287064 [service_neighbours_opinions-2]     raise handler.exception()
1749832795.7296646 [service_neighbours_opinions-2]   File "/opt/ros/humble/local/lib/python3.10/dist-packages/rclpy/task.py", line 239, in __call__
1749832795.7306211 [service_neighbours_opinions-2]     self._handler.send(None)
1749832795.7317371 [service_neighbours_opinions-2]   File "/opt/ros/humble/local/lib/python3.10/dist-packages/rclpy/executors.py", line 437, in handler
1749832795.7340944 [service_neighbours_opinions-2]     await call_coroutine(entity, arg)
1749832795.7352734 [service_neighbours_opinions-2]   File "/opt/ros/humble/local/lib/python3.10/dist-packages/rclpy/executors.py", line 351, in _execute_timer
1749832795.7362220 [service_neighbours_opinions-2]     await await_or_execute(tmr.callback)
1749832795.7377574 [service_neighbours_opinions-2]   File "/opt/ros/humble/local/lib/python3.10/dist-packages/rclpy/executors.py", line 107, in await_or_execute
1749832795.7388713 [service_neighbours_opinions-2]     return callback(*args)
1749832795.7406867 [service_neighbours_opinions-2]   File "/home/thymio/ros2_ws/install/wind_direction_detector/lib/python3.10/site-packages/wind_direction_detector/neighbours_opinion_node.py", line 65, in stop_execution
1749832795.7416120 [service_neighbours_opinions-2]     raise Exception
1749832795.7427411 [service_neighbours_opinions-2] Exception
1749832795.7438931 [service_neighbours_opinions-2] 
1749832795.7449191 [service_neighbours_opinions-2] During handling of the above exception, another exception occurred:
1749832795.7457933 [service_neighbours_opinions-2] 
1749832795.7467582 [service_neighbours_opinions-2] Traceback (most recent call last):
1749832795.7477503 [service_neighbours_opinions-2]   File "/home/thymio/ros2_ws/install/wind_direction_detector/lib/wind_direction_detector/service_neighbours_opinions", line 33, in <module>
1749832795.7487662 [service_neighbours_opinions-2]     sys.exit(load_entry_point('wind-direction-detector==0.0.0', 'console_scripts', 'service_neighbours_opinions')())
1749832795.7496316 [service_neighbours_opinions-2]   File "/home/thymio/ros2_ws/install/wind_direction_detector/lib/python3.10/site-packages/wind_direction_detector/neighbours_opinion_node.py", line 120, in main
1749832795.7507496 [service_neighbours_opinions-2]     neighbours_node.get_logger().error(e)
1749832795.7526720 [service_neighbours_opinions-2]   File "/opt/ros/humble/local/lib/python3.10/dist-packages/rclpy/impl/rcutils_logger.py", line 345, in error
1749832795.7537377 [service_neighbours_opinions-2]     return self.log(message, LoggingSeverity.ERROR, **kwargs)
1749832795.7548170 [service_neighbours_opinions-2]   File "/opt/ros/humble/local/lib/python3.10/dist-packages/rclpy/impl/rcutils_logger.py", line 318, in log
1749832795.7558100 [service_neighbours_opinions-2]     _rclpy.rclpy_logging_rcutils_log(
1749832795.7568038 [service_neighbours_opinions-2] TypeError: rclpy_logging_rcutils_log(): incompatible function arguments. The following argument types are supported:
1749832795.7576690 [service_neighbours_opinions-2]     1. (arg0: int, arg1: str, arg2: str, arg3: str, arg4: str, arg5: int) -> None
1749832795.7583592 [service_neighbours_opinions-2] 
1749832795.7594216 [service_neighbours_opinions-2] Invoked with: <LoggingSeverity.ERROR: 40>, 'service_neighbours_opinions', Exception(), 'main', '/home/thymio/ros2_ws/install/wind_direction_detector/lib/python3.10/site-packages/wind_direction_detector/neighbours_opinion_node.py', 120
1749832797.6516473 [service_vicon_node-1] [INFO] [1749832797.650881445] [service_vicon_node]: Vicon node, runtime finished, raising exception
1749832797.6604815 [service_vicon_node-1] [INFO] [1749832797.659465482] [service_vicon_node]: Vicon Node Stopping, Times up
1749832805.2955420 [INFO] [service_vicon_node-1]: process has finished cleanly [pid 3268]
1749832805.5336444 [ERROR] [service_neighbours_opinions-2]: process has died [pid 3270, exit code 1, cmd '/home/thymio/ros2_ws/install/wind_direction_detector/lib/wind_direction_detector/service_neighbours_opinions --ros-args -r __node:=service_neighbours_opinions'].
1749832806.0113912 [random_robot_move-3] [INFO] [1749832806.010732570] [random_robot_move]: robot move: excetion raised at 16:40:06
1749832806.0138149 [random_robot_move-3] [INFO] [1749832806.013204866] [random_robot_move]: Exception, shutting down
1749832806.0417132 [random_robot_move-3] Initializing Thymio Robot
1749832806.0420511 [random_robot_move-3] Thymio 1 is connected
1749832806.0422223 [random_robot_move-3] ['_id', 'event.source', 'event.args', '_fwversion', '_productId', 'buttons._raw', 'button.backward', 'button.left', 'button.center', 'button.forward', 'button.right', 'buttons._mean', 'buttons._noise', 'prox.horizontal', 'prox.comm.rx._payloads', 'prox.comm.rx._intensities', 'prox.comm.rx', 'prox.comm.tx', 'prox.ground.ambiant', 'prox.ground.reflected', 'prox.ground.delta', 'motor.left.target', 'motor.right.target', '_vbat', '_imot', 'motor.left.speed', 'motor.right.speed', 'motor.left.pwm', 'motor.right.pwm', '_integrator', 'acc', 'leds.top', 'leds.bottom.left', 'leds.bottom.right', 'leds.circle', 'temperature', 'rc5.address', 'rc5.command', 'mic.intensity', 'mic.threshold', 'mic._mean', 'timer.period', 'acc._tap', 'sd.present']
1749832806.0424197 [random_robot_move-3] Robot connected
1749832874.0955849 [WARNING] [launch]: user interrupted with ctrl-c (SIGINT)
1749832874.1061325 [random_robot_move-3] Exception ignored in: <module 'threading' from '/usr/lib/python3.10/threading.py'>
1749832874.1076713 [random_robot_move-3] Traceback (most recent call last):
1749832874.1094415 [random_robot_move-3]   File "/usr/lib/python3.10/threading.py", line 1567, in _shutdown
1749832874.1111581 [random_robot_move-3]     lock.acquire()
1749832874.1126344 [random_robot_move-3] KeyboardInterrupt: 
1749832874.3264194 [INFO] [random_robot_move-3]: process has finished cleanly [pid 3272]
1749832879.1078653 [ERROR] [publish_wind_direction-4]: process[publish_wind_direction-4] failed to terminate '5' seconds after receiving 'SIGINT', escalating to 'SIGTERM'
1749832879.1091990 [INFO] [publish_wind_direction-4]: sending signal 'SIGTERM' to process[publish_wind_direction-4]
1749832884.1080115 [ERROR] [publish_wind_direction-4]: process[publish_wind_direction-4] failed to terminate '10.0' seconds after receiving 'SIGTERM', escalating to 'SIGKILL'
1749832884.1093059 [INFO] [publish_wind_direction-4]: sending signal 'SIGKILL' to process[publish_wind_direction-4]
1749832884.6937358 [ERROR] [publish_wind_direction-4]: process has died [pid 3274, exit code -9, cmd '/home/thymio/ros2_ws/install/wind_direction_detector/lib/wind_direction_detector/publish_wind_direction --ros-args -r __node:=publish_wind_direction'].
