[INFO] [launch]: All log files can be found below /home/thymio/.ros/log/2025-06-13-15-43-30-036766-thymio-816
[INFO] [launch]: Default logging verbosity is set to INFO
[INFO] [random_robot_move-1]: process started with pid [838]
[INFO] [service_vicon_node-2]: process started with pid [840]
[INFO] [service_neighbours_opinions-3]: process started with pid [842]
[INFO] [publish_wind_direction-4]: process started with pid [844]
[service_vicon_node-2] [INFO] [1749829412.854149907] [service_vicon_node]: Physical Ip=192.168.3.84, id=id84
[service_vicon_node-2] [INFO] [1749829412.859693185] [service_vicon_node]: Updated ID from mapping: id224
[service_neighbours_opinions-3] [INFO] [1749829412.877449796] [service_neighbours_opinions]: Physical Ip=192.168.3.84, id=id84
[service_neighbours_opinions-3] [INFO] [1749829412.880221759] [service_neighbours_opinions]: Updated ID from mapping: id224
[service_neighbours_opinions-3] [INFO] [1749829412.961841463] [service_neighbours_opinions]: Subscribed to: wind_direction/id68
[service_vicon_node-2] [INFO] [1749829412.961841500] [service_vicon_node]: Subscribed to: vicon/default/data
[service_neighbours_opinions-3] [INFO] [1749829412.965632426] [service_neighbours_opinions]: Subscribed to: wind_direction/id136
[service_neighbours_opinions-3] [INFO] [1749829412.969557796] [service_neighbours_opinions]: Subscribed to: wind_direction/id137
[service_neighbours_opinions-3] [INFO] [1749829412.973209278] [service_neighbours_opinions]: Subscribed to: wind_direction/id142
[service_neighbours_opinions-3] [INFO] [1749829412.976680296] [service_neighbours_opinions]: Subscribed to: wind_direction/id151
[service_neighbours_opinions-3] [INFO] [1749829412.980163092] [service_neighbours_opinions]: Subscribed to: wind_direction/id152
[service_neighbours_opinions-3] [INFO] [1749829412.983999278] [service_neighbours_opinions]: Subscribed to: wind_direction/id155
[service_neighbours_opinions-3] [INFO] [1749829412.987446907] [service_neighbours_opinions]: Subscribed to: wind_direction/id189
[service_neighbours_opinions-3] [INFO] [1749829412.991249944] [service_neighbours_opinions]: Subscribed to: wind_direction/id192
[service_neighbours_opinions-3] [INFO] [1749829412.994854167] [service_neighbours_opinions]: Subscribed to: wind_direction/id193
[service_neighbours_opinions-3] [INFO] [1749829412.998511204] [service_neighbours_opinions]: Subscribed to: wind_direction/id194
[service_neighbours_opinions-3] [INFO] [1749829413.002627204] [service_neighbours_opinions]: Subscribed to: wind_direction/id195
[service_neighbours_opinions-3] [INFO] [1749829413.007009111] [service_neighbours_opinions]: Subscribed to: wind_direction/id200
[service_neighbours_opinions-3] [INFO] [1749829413.010853296] [service_neighbours_opinions]: Subscribed to: wind_direction/id206
[service_neighbours_opinions-3] [INFO] [1749829413.014884778] [service_neighbours_opinions]: Subscribed to: wind_direction/id207
[service_neighbours_opinions-3] [INFO] [1749829413.018704444] [service_neighbours_opinions]: Subscribed to: wind_direction/id223
[service_neighbours_opinions-3] [INFO] [1749829413.022673463] [service_neighbours_opinions]: Subscribed to: wind_direction/id236
[service_neighbours_opinions-3] [INFO] [1749829413.026528574] [service_neighbours_opinions]: Subscribed to: wind_direction/id247
[service_neighbours_opinions-3] [INFO] [1749829413.030326500] [service_neighbours_opinions]: Subscribed to: wind_direction/id1193
[publish_wind_direction-4] /usr/lib/python3/dist-packages/scipy/__init__.py:146: UserWarning: A NumPy version >=1.17.3 and <1.25.0 is required for this version of SciPy (detected version 1.26.4
[publish_wind_direction-4]   warnings.warn(f"A NumPy version >={np_minversion} and <{np_maxversion}"
[publish_wind_direction-4] [INFO] [1749829414.689011554] [publish_wind_direction]: Physical Ip=192.168.3.84, id=id84
[publish_wind_direction-4] [INFO] [1749829414.691644147] [publish_wind_direction]: Updated ID from mapping: id224
[publish_wind_direction-4] [INFO] [1749829414.699618147] [publish_wind_direction]: Publsihing on: wind_direction/id224
[random_robot_move-1] [INFO] [1749829417.461353331] [random_robot_move]: Robot Control Node started.
[publish_wind_direction-4] [ERROR] [1749829439.761065021] [publish_wind_direction]: get_pose_data service not available!
[publish_wind_direction-4] [ERROR] [1749829464.823166821] [publish_wind_direction]: get_opinions service not available!
[publish_wind_direction-4] [INFO] [1749829469.004606744] [publish_wind_direction]: Pose info requested
[publish_wind_direction-4] [INFO] [1749829473.580815353] [publish_wind_direction]: Pose info requested
[publish_wind_direction-4] [INFO] [1749829478.446174924] [publish_wind_direction]: Pose info requested
[publish_wind_direction-4] [INFO] [1749829483.482201513] [publish_wind_direction]: Pose info requested
[publish_wind_direction-4] [INFO] [1749829488.484857714] [publish_wind_direction]: Pose info requested
[publish_wind_direction-4] [INFO] [1749829493.499784970] [publish_wind_direction]: Pose info requested
[publish_wind_direction-4] [INFO] [1749829498.480985708] [publish_wind_direction]: Pose info requested
[publish_wind_direction-4] [INFO] [1749829503.578595909] [publish_wind_direction]: Pose info requested
[publish_wind_direction-4] [INFO] [1749829508.484601665] [publish_wind_direction]: Pose info requested
[publish_wind_direction-4] [INFO] [1749829513.498507051] [publish_wind_direction]: Pose info requested
[publish_wind_direction-4] [INFO] [1749829518.540171141] [publish_wind_direction]: Pose info requested
[publish_wind_direction-4] [INFO] [1749829523.524586564] [publish_wind_direction]: Pose info requested
[publish_wind_direction-4] [INFO] [1749829528.614786912] [publish_wind_direction]: Pose info requested
[publish_wind_direction-4] [INFO] [1749829533.600905465] [publish_wind_direction]: Pose info requested
[publish_wind_direction-4] [INFO] [1749829538.722992721] [publish_wind_direction]: Pose info requested
[publish_wind_direction-4] [INFO] [1749829543.627715403] [publish_wind_direction]: Pose info requested
[publish_wind_direction-4] [INFO] [1749829548.572000401] [publish_wind_direction]: Pose info requested
[publish_wind_direction-4] [INFO] [1749829553.502550286] [publish_wind_direction]: Pose info requested
[service_neighbours_opinions-3] [INFO] [1749829554.359777619] [service_neighbours_opinions]: * Received from id137, wind direction W
[service_neighbours_opinions-3] [INFO] [1749829554.362981490] [service_neighbours_opinions]: All opinions = {'id137': 'W'}
[publish_wind_direction-4] [INFO] [1749829558.570237117] [publish_wind_direction]: Pose info requested
[service_neighbours_opinions-3] [INFO] [1749829559.370054116] [service_neighbours_opinions]: * Received from id137, wind direction N
[service_neighbours_opinions-3] [INFO] [1749829559.373144153] [service_neighbours_opinions]: All opinions = {'id137': 'N'}
[service_neighbours_opinions-3] [INFO] [1749829561.820402115] [service_neighbours_opinions]: * Received from id223, wind direction E
[service_neighbours_opinions-3] [INFO] [1749829561.823158263] [service_neighbours_opinions]: All opinions = {'id137': 'N', 'id223': 'E'}
[publish_wind_direction-4] [INFO] [1749829563.663021225] [publish_wind_direction]: Pose info requested
[service_neighbours_opinions-3] [INFO] [1749829564.622613113] [service_neighbours_opinions]: * Received from id137, wind direction S
[service_neighbours_opinions-3] [INFO] [1749829564.625857965] [service_neighbours_opinions]: Comm. Noise, new received opinion: W
[service_neighbours_opinions-3] [INFO] [1749829564.628663391] [service_neighbours_opinions]: All opinions = {'id137': 'W', 'id223': 'E'}
[service_neighbours_opinions-3] [INFO] [1749829566.838685964] [service_neighbours_opinions]: * Received from id223, wind direction E
[service_neighbours_opinions-3] [INFO] [1749829566.841451593] [service_neighbours_opinions]: All opinions = {'id137': 'W', 'id223': 'E'}
[publish_wind_direction-4] [INFO] [1749829568.862237518] [publish_wind_direction]: Pose info requested
[service_neighbours_opinions-3] [INFO] [1749829569.627960147] [service_neighbours_opinions]: * Received from id137, wind direction E
[service_neighbours_opinions-3] [INFO] [1749829569.631204184] [service_neighbours_opinions]: All opinions = {'id137': 'E', 'id223': 'E'}
[service_neighbours_opinions-3] [INFO] [1749829571.911112257] [service_neighbours_opinions]: * Received from id223, wind direction N
[service_neighbours_opinions-3] [INFO] [1749829571.913862053] [service_neighbours_opinions]: All opinions = {'id137': 'E', 'id223': 'N'}
[publish_wind_direction-4] [INFO] [1749829573.616879774] [publish_wind_direction]: Pose info requested
[service_neighbours_opinions-3] [INFO] [1749829574.445464385] [service_neighbours_opinions]: * Received from id137, wind direction S
[service_neighbours_opinions-3] [INFO] [1749829574.450097626] [service_neighbours_opinions]: All opinions = {'id137': 'S', 'id223': 'N'}
[service_neighbours_opinions-3] [INFO] [1749829576.784273124] [service_neighbours_opinions]: * Received from id223, wind direction N
[service_neighbours_opinions-3] [INFO] [1749829576.789604661] [service_neighbours_opinions]: All opinions = {'id137': 'S', 'id223': 'N'}
[publish_wind_direction-4] [INFO] [1749829578.624397179] [publish_wind_direction]: Pose info requested
[service_neighbours_opinions-3] [INFO] [1749829579.563155178] [service_neighbours_opinions]: * Received from id137, wind direction S
[service_neighbours_opinions-3] [INFO] [1749829579.566436364] [service_neighbours_opinions]: All opinions = {'id137': 'S', 'id223': 'N'}
[publish_wind_direction-4] [INFO] [1749829583.477283898] [publish_wind_direction]: Pose info requested
[service_neighbours_opinions-3] [INFO] [1749829584.499118490] [service_neighbours_opinions]: * Received from id137, wind direction W
[service_neighbours_opinions-3] [INFO] [1749829584.504315675] [service_neighbours_opinions]: All opinions = {'id137': 'W', 'id223': 'N'}
[service_neighbours_opinions-3] [INFO] [1749829587.466666266] [service_neighbours_opinions]: * Received from id223, wind direction W
[service_neighbours_opinions-3] [INFO] [1749829587.470122025] [service_neighbours_opinions]: All opinions = {'id137': 'W', 'id223': 'W'}
[publish_wind_direction-4] [INFO] [1749829588.542160099] [publish_wind_direction]: Pose info requested
[service_neighbours_opinions-3] [INFO] [1749829589.341653821] [service_neighbours_opinions]: * Received from id137, wind direction W
[service_neighbours_opinions-3] [INFO] [1749829589.344725987] [service_neighbours_opinions]: All opinions = {'id137': 'W', 'id223': 'W'}
[service_neighbours_opinions-3] [INFO] [1749829591.768783060] [service_neighbours_opinions]: * Received from id223, wind direction N
[service_neighbours_opinions-3] [INFO] [1749829591.772017578] [service_neighbours_opinions]: All opinions = {'id137': 'W', 'id223': 'N'}
[publish_wind_direction-4] [INFO] [1749829593.503841077] [publish_wind_direction]: Pose info requested
[service_neighbours_opinions-3] [INFO] [1749829594.813758706] [service_neighbours_opinions]: * Received from id137, wind direction W
[service_neighbours_opinions-3] [INFO] [1749829594.816986262] [service_neighbours_opinions]: All opinions = {'id137': 'W', 'id223': 'N'}
[publish_wind_direction-4] [INFO] [1749829598.540809889] [publish_wind_direction]: Pose info requested
[service_neighbours_opinions-3] [INFO] [1749829599.432790148] [service_neighbours_opinions]: * Received from id137, wind direction W
[service_neighbours_opinions-3] [INFO] [1749829599.435631741] [service_neighbours_opinions]: All opinions = {'id137': 'W', 'id223': 'N'}
[service_neighbours_opinions-3] [INFO] [1749829601.848321739] [service_neighbours_opinions]: * Received from id223, wind direction W
[service_neighbours_opinions-3] [INFO] [1749829601.851148609] [service_neighbours_opinions]: All opinions = {'id137': 'W', 'id223': 'W'}
[publish_wind_direction-4] [INFO] [1749829603.533176942] [publish_wind_direction]: Pose info requested
[service_neighbours_opinions-3] [INFO] [1749829604.370297867] [service_neighbours_opinions]: * Received from id137, wind direction W
[service_neighbours_opinions-3] [INFO] [1749829604.372698775] [service_neighbours_opinions]: All opinions = {'id137': 'W', 'id223': 'W'}
[service_neighbours_opinions-3] [INFO] [1749829606.832346107] [service_neighbours_opinions]: * Received from id223, wind direction E
[service_neighbours_opinions-3] [INFO] [1749829606.837618477] [service_neighbours_opinions]: All opinions = {'id137': 'W', 'id223': 'E'}
[publish_wind_direction-4] [INFO] [1749829608.516698883] [publish_wind_direction]: Pose info requested
[service_neighbours_opinions-3] [INFO] [1749829609.379268698] [service_neighbours_opinions]: * Received from id137, wind direction S
[service_neighbours_opinions-3] [INFO] [1749829609.382117068] [service_neighbours_opinions]: All opinions = {'id137': 'S', 'id223': 'E'}
[service_neighbours_opinions-3] [INFO] [1749829611.958404844] [service_neighbours_opinions]: * Received from id223, wind direction W
[service_neighbours_opinions-3] [INFO] [1749829611.962935900] [service_neighbours_opinions]: All opinions = {'id137': 'S', 'id223': 'W'}
[publish_wind_direction-4] [INFO] [1749829613.555192880] [publish_wind_direction]: Pose info requested
[service_neighbours_opinions-3] [INFO] [1749829616.793631545] [service_neighbours_opinions]: * Received from id223, wind direction W
[service_neighbours_opinions-3] [INFO] [1749829616.798151249] [service_neighbours_opinions]: All opinions = {'id137': 'S', 'id223': 'W'}
[publish_wind_direction-4] [INFO] [1749829618.509503877] [publish_wind_direction]: Pose info requested
[publish_wind_direction-4] [INFO] [1749829623.550843837] [publish_wind_direction]: Pose info requested
[publish_wind_direction-4] [INFO] [1749829628.655204112] [publish_wind_direction]: Pose info requested
[publish_wind_direction-4] [INFO] [1749829633.479503517] [publish_wind_direction]: Pose info requested
[service_neighbours_opinions-3] [INFO] [1749829634.923196590] [service_neighbours_opinions]: * Received from id151, wind direction W
[service_neighbours_opinions-3] [INFO] [1749829634.927845349] [service_neighbours_opinions]: All opinions = {'id137': 'S', 'id223': 'W', 'id151': 'W'}
[service_neighbours_opinions-3] [INFO] [1749829634.969437979] [service_neighbours_opinions]: * Received from id151, wind direction W
[service_neighbours_opinions-3] [INFO] [1749829634.972944312] [service_neighbours_opinions]: All opinions = {'id137': 'S', 'id223': 'W', 'id151': 'W'}
[publish_wind_direction-4] [INFO] [1749829638.580277551] [publish_wind_direction]: Pose info requested
[service_neighbours_opinions-3] [INFO] [1749829639.852694216] [service_neighbours_opinions]: * Received from id151, wind direction E
[service_neighbours_opinions-3] [INFO] [1749829639.859620105] [service_neighbours_opinions]: All opinions = {'id137': 'S', 'id223': 'W', 'id151': 'E'}
[publish_wind_direction-4] [INFO] [1749829643.735974566] [publish_wind_direction]: Pose info requested
[service_neighbours_opinions-3] [INFO] [1749829644.934568843] [service_neighbours_opinions]: * Received from id151, wind direction E
[service_neighbours_opinions-3] [INFO] [1749829644.938181991] [service_neighbours_opinions]: All opinions = {'id137': 'S', 'id223': 'W', 'id151': 'E'}
[service_neighbours_opinions-3] [INFO] [1749829646.815070138] [service_neighbours_opinions]: * Received from id223, wind direction N
[service_neighbours_opinions-3] [INFO] [1749829646.817861731] [service_neighbours_opinions]: All opinions = {'id137': 'S', 'id223': 'N', 'id151': 'E'}
[publish_wind_direction-4] [INFO] [1749829648.628281322] [publish_wind_direction]: Pose info requested
[service_neighbours_opinions-3] [INFO] [1749829649.819651748] [service_neighbours_opinions]: * Received from id151, wind direction W
[service_neighbours_opinions-3] [INFO] [1749829649.823857748] [service_neighbours_opinions]: All opinions = {'id137': 'S', 'id223': 'N', 'id151': 'W'}
[service_neighbours_opinions-3] [INFO] [1749829652.014089543] [service_neighbours_opinions]: * Received from id223, wind direction N
[service_neighbours_opinions-3] [INFO] [1749829652.017789672] [service_neighbours_opinions]: All opinions = {'id137': 'S', 'id223': 'N', 'id151': 'W'}
[publish_wind_direction-4] [INFO] [1749829653.492796227] [publish_wind_direction]: Pose info requested
[service_neighbours_opinions-3] [INFO] [1749829654.814073393] [service_neighbours_opinions]: * Received from id151, wind direction S
[service_neighbours_opinions-3] [INFO] [1749829654.817016226] [service_neighbours_opinions]: All opinions = {'id137': 'S', 'id223': 'N', 'id151': 'S'}
[publish_wind_direction-4] [INFO] [1749829658.490776316] [publish_wind_direction]: Pose info requested
[service_neighbours_opinions-3] [INFO] [1749829659.726381001] [service_neighbours_opinions]: * Received from id151, wind direction E
[service_neighbours_opinions-3] [INFO] [1749829659.730057705] [service_neighbours_opinions]: Comm. Noise, new received opinion: S
[service_neighbours_opinions-3] [INFO] [1749829659.733027686] [service_neighbours_opinions]: All opinions = {'id137': 'S', 'id223': 'N', 'id151': 'S'}
[service_neighbours_opinions-3] [INFO] [1749829662.026430185] [service_neighbours_opinions]: * Received from id223, wind direction S
[service_neighbours_opinions-3] [INFO] [1749829662.029507629] [service_neighbours_opinions]: All opinions = {'id137': 'S', 'id223': 'S', 'id151': 'S'}
[publish_wind_direction-4] [INFO] [1749829663.475919980] [publish_wind_direction]: Pose info requested
[service_neighbours_opinions-3] [INFO] [1749829664.677629794] [service_neighbours_opinions]: * Received from id151, wind direction W
[service_neighbours_opinions-3] [INFO] [1749829664.680473498] [service_neighbours_opinions]: All opinions = {'id137': 'S', 'id223': 'S', 'id151': 'W'}
[service_neighbours_opinions-3] [INFO] [1749829667.018489774] [service_neighbours_opinions]: * Received from id223, wind direction S
[service_neighbours_opinions-3] [INFO] [1749829667.021461774] [service_neighbours_opinions]: All opinions = {'id137': 'S', 'id223': 'S', 'id151': 'W'}
[publish_wind_direction-4] [INFO] [1749829668.486052681] [publish_wind_direction]: Pose info requested
[service_neighbours_opinions-3] [INFO] [1749829669.647058976] [service_neighbours_opinions]: * Received from id151, wind direction N
[service_neighbours_opinions-3] [INFO] [1749829669.650927662] [service_neighbours_opinions]: All opinions = {'id137': 'S', 'id223': 'S', 'id151': 'N'}
[service_neighbours_opinions-3] [INFO] [1749829670.677546883] [service_neighbours_opinions]: * Received from id247, wind direction E
[service_neighbours_opinions-3] [INFO] [1749829670.681468754] [service_neighbours_opinions]: All opinions = {'id137': 'S', 'id223': 'S', 'id151': 'N', 'id247': 'E'}
[publish_wind_direction-4] [INFO] [1749829673.494080974] [publish_wind_direction]: Pose info requested
[service_neighbours_opinions-3] [INFO] [1749829674.887975881] [service_neighbours_opinions]: * Received from id151, wind direction E
[service_neighbours_opinions-3] [INFO] [1749829674.890627825] [service_neighbours_opinions]: All opinions = {'id137': 'S', 'id223': 'S', 'id151': 'E', 'id247': 'E'}
[service_neighbours_opinions-3] [INFO] [1749829675.756139380] [service_neighbours_opinions]: * Received from id247, wind direction N
[service_neighbours_opinions-3] [INFO] [1749829675.760061417] [service_neighbours_opinions]: All opinions = {'id137': 'S', 'id223': 'S', 'id151': 'E', 'id247': 'N'}
[service_neighbours_opinions-3] [INFO] [1749829676.770146324] [service_neighbours_opinions]: * Received from id223, wind direction N
[service_neighbours_opinions-3] [INFO] [1749829676.773617472] [service_neighbours_opinions]: All opinions = {'id137': 'S', 'id223': 'N', 'id151': 'E', 'id247': 'N'}
[publish_wind_direction-4] [INFO] [1749829678.465096453] [publish_wind_direction]: Pose info requested
[service_neighbours_opinions-3] [INFO] [1749829679.811920507] [service_neighbours_opinions]: * Received from id151, wind direction E
[service_neighbours_opinions-3] [INFO] [1749829679.815683841] [service_neighbours_opinions]: All opinions = {'id137': 'S', 'id223': 'N', 'id151': 'E', 'id247': 'N'}
[service_neighbours_opinions-3] [INFO] [1749829680.892868692] [service_neighbours_opinions]: * Received from id247, wind direction E
[service_neighbours_opinions-3] [INFO] [1749829680.897644711] [service_neighbours_opinions]: Comm. Noise, new received opinion: W
[service_neighbours_opinions-3] [INFO] [1749829680.902103007] [service_neighbours_opinions]: All opinions = {'id137': 'S', 'id223': 'N', 'id151': 'E', 'id247': 'W'}
[service_neighbours_opinions-3] [INFO] [1749829681.777574414] [service_neighbours_opinions]: * Received from id223, wind direction E
[service_neighbours_opinions-3] [INFO] [1749829681.781679266] [service_neighbours_opinions]: All opinions = {'id137': 'S', 'id223': 'E', 'id151': 'E', 'id247': 'W'}
[publish_wind_direction-4] [INFO] [1749829683.529514431] [publish_wind_direction]: Pose info requested
[service_neighbours_opinions-3] [INFO] [1749829684.695502949] [service_neighbours_opinions]: * Received from id151, wind direction W
[service_neighbours_opinions-3] [INFO] [1749829684.699937949] [service_neighbours_opinions]: All opinions = {'id137': 'S', 'id223': 'E', 'id151': 'W', 'id247': 'W'}
[service_neighbours_opinions-3] [INFO] [1749829685.951439319] [service_neighbours_opinions]: * Received from id247, wind direction W
[service_neighbours_opinions-3] [INFO] [1749829685.955153522] [service_neighbours_opinions]: Comm. Noise, new received opinion: S
[service_neighbours_opinions-3] [INFO] [1749829685.957834152] [service_neighbours_opinions]: All opinions = {'id137': 'S', 'id223': 'E', 'id151': 'W', 'id247': 'S'}
[service_neighbours_opinions-3] [INFO] [1749829686.685955059] [service_neighbours_opinions]: * Received from id223, wind direction E
[service_neighbours_opinions-3] [INFO] [1749829686.689946337] [service_neighbours_opinions]: All opinions = {'id137': 'S', 'id223': 'E', 'id151': 'W', 'id247': 'S'}
[publish_wind_direction-4] [INFO] [1749829688.540510299] [publish_wind_direction]: Pose info requested
[service_neighbours_opinions-3] [INFO] [1749829689.801949076] [service_neighbours_opinions]: * Received from id151, wind direction W
[service_neighbours_opinions-3] [INFO] [1749829689.804946502] [service_neighbours_opinions]: All opinions = {'id137': 'S', 'id223': 'E', 'id151': 'W', 'id247': 'S'}
[service_neighbours_opinions-3] [INFO] [1749829690.462920409] [service_neighbours_opinions]: * Received from id247, wind direction W
[service_neighbours_opinions-3] [INFO] [1749829690.467308946] [service_neighbours_opinions]: Comm. Noise, new received opinion: S
[service_neighbours_opinions-3] [INFO] [1749829690.470985409] [service_neighbours_opinions]: All opinions = {'id137': 'S', 'id223': 'E', 'id151': 'W', 'id247': 'S'}
[service_neighbours_opinions-3] [INFO] [1749829691.757353889] [service_neighbours_opinions]: * Received from id223, wind direction E
[service_neighbours_opinions-3] [INFO] [1749829691.759962278] [service_neighbours_opinions]: All opinions = {'id137': 'S', 'id223': 'E', 'id151': 'W', 'id247': 'S'}
[publish_wind_direction-4] [INFO] [1749829693.474397481] [publish_wind_direction]: Pose info requested
[service_neighbours_opinions-3] [INFO] [1749829694.676191517] [service_neighbours_opinions]: * Received from id151, wind direction E
[service_neighbours_opinions-3] [INFO] [1749829694.679031073] [service_neighbours_opinions]: Comm. Noise, new received opinion: W
[service_neighbours_opinions-3] [INFO] [1749829694.681803350] [service_neighbours_opinions]: All opinions = {'id137': 'S', 'id223': 'E', 'id151': 'W', 'id247': 'S'}
[service_neighbours_opinions-3] [INFO] [1749829695.602322554] [service_neighbours_opinions]: * Received from id247, wind direction E
[service_neighbours_opinions-3] [INFO] [1749829695.605249776] [service_neighbours_opinions]: All opinions = {'id137': 'S', 'id223': 'E', 'id151': 'W', 'id247': 'E'}
[service_neighbours_opinions-3] [INFO] [1749829696.676566701] [service_neighbours_opinions]: * Received from id223, wind direction S
[service_neighbours_opinions-3] [INFO] [1749829696.679500312] [service_neighbours_opinions]: All opinions = {'id137': 'S', 'id223': 'S', 'id151': 'W', 'id247': 'E'}
[publish_wind_direction-4] [INFO] [1749829698.414773478] [publish_wind_direction]: Pose info requested
[publish_wind_direction-4] [INFO] [1749829703.416589567] [publish_wind_direction]: Pose info requested
[publish_wind_direction-4] [INFO] [1749829708.470497324] [publish_wind_direction]: Pose info requested
[publish_wind_direction-4] [INFO] [1749829713.518765895] [publish_wind_direction]: Pose info requested
[publish_wind_direction-4] [INFO] [1749829718.458014781] [publish_wind_direction]: Pose info requested
[publish_wind_direction-4] [INFO] [1749829723.462309981] [publish_wind_direction]: Pose info requested
[publish_wind_direction-4] [INFO] [1749829728.488580515] [publish_wind_direction]: Pose info requested
[publish_wind_direction-4] [INFO] [1749829733.433095513] [publish_wind_direction]: Pose info requested
[publish_wind_direction-4] [INFO] [1749829738.504811769] [publish_wind_direction]: Pose info requested
[publish_wind_direction-4] [INFO] [1749829743.517575303] [publish_wind_direction]: Pose info requested
[publish_wind_direction-4] [INFO] [1749829748.508993096] [publish_wind_direction]: Pose info requested
[service_vicon_node-2] [INFO] [1749829752.044197538] [service_vicon_node]: Vicon Position= [351.7643127441406, -384.68707275390625], yaw: -94.83761344071567
[service_vicon_node-2] [INFO] [1749829752.047012576] [service_vicon_node]: Neighbours: {'id236', 'id223', 'id151', 'id152', 'id247', 'id68', 'id192', 'id195', 'id200', 'id136', 'id193', 'id189', 'id206', 'id1193', 'id137', 'id142'}
[publish_wind_direction-4] [INFO] [1749829753.543454075] [publish_wind_direction]: Pose info requested
[publish_wind_direction-4] [INFO] [1749829758.500924035] [publish_wind_direction]: Pose info requested
[service_vicon_node-2] [INFO] [1749829762.167652162] [service_vicon_node]: Vicon Position= [365.07672119140625, -190.2699432373047], yaw: -261.0488732139734
[service_vicon_node-2] [INFO] [1749829762.170451218] [service_vicon_node]: Neighbours: {'id236', 'id223', 'id151', 'id152', 'id247', 'id68', 'id155', 'id195', 'id200', 'id136', 'id193', 'id189', 'id206', 'id1193', 'id137', 'id142'}
[publish_wind_direction-4] [INFO] [1749829763.474215624] [publish_wind_direction]: Pose info requested
[publish_wind_direction-4] [INFO] [1749829768.481418029] [publish_wind_direction]: Pose info requested
[service_vicon_node-2] [INFO] [1749829772.254809452] [service_vicon_node]: Vicon Position= [491.45172119140625, 101.57257843017578], yaw: -107.48712071391196
[service_vicon_node-2] [INFO] [1749829772.257854989] [service_vicon_node]: Neighbours: {'id236', 'id223', 'id151', 'id152', 'id194', 'id247', 'id68', 'id192', 'id155', 'id195', 'id200', 'id136', 'id193', 'id189', 'id206', 'id1193', 'id137', 'id142'}
[publish_wind_direction-4] [INFO] [1749829773.473826211] [publish_wind_direction]: Pose info requested
[publish_wind_direction-4] [INFO] [1749829778.409892041] [publish_wind_direction]: Pose info requested
[service_vicon_node-2] [INFO] [1749829782.356457946] [service_vicon_node]: Vicon Position= [161.72023010253906, 157.40428161621094], yaw: -3.6264522693019865
[service_vicon_node-2] [INFO] [1749829782.359039132] [service_vicon_node]: Neighbours: {'id236', 'id223', 'id151', 'id152', 'id247', 'id68', 'id192', 'id155', 'id195', 'id200', 'id136', 'id193', 'id189', 'id206', 'id1193', 'id137', 'id142'}
[publish_wind_direction-4] [INFO] [1749829783.644581742] [publish_wind_direction]: Pose info requested
[publish_wind_direction-4] [INFO] [1749829788.427761258] [publish_wind_direction]: Pose info requested
[service_vicon_node-2] [INFO] [1749829792.454236644] [service_vicon_node]: Vicon Position= [29.5068302154541, 242.16209411621094], yaw: -31.382173142500516
[service_vicon_node-2] [INFO] [1749829792.458451848] [service_vicon_node]: Neighbours: {'id236', 'id223', 'id151', 'id152', 'id194', 'id247', 'id68', 'id192', 'id155', 'id195', 'id200', 'id136', 'id193', 'id189', 'id206', 'id1193', 'id137', 'id142'}
[publish_wind_direction-4] [INFO] [1749829793.641768032] [publish_wind_direction]: Pose info requested
[publish_wind_direction-4] [INFO] [1749829798.471675974] [publish_wind_direction]: Pose info requested
[service_vicon_node-2] [INFO] [1749829802.479799916] [service_vicon_node]: Vicon Position= [21.178997039794922, 213.5399932861328], yaw: -260.9435551579137
[service_vicon_node-2] [INFO] [1749829802.482710694] [service_vicon_node]: Neighbours: {'id236', 'id223', 'id152', 'id194', 'id247', 'id68', 'id192', 'id155', 'id195', 'id200', 'id136', 'id193', 'id189', 'id206', 'id1193', 'id137', 'id142'}
[publish_wind_direction-4] [INFO] [1749829803.515944952] [publish_wind_direction]: Pose info requested
[publish_wind_direction-4] [INFO] [1749829808.421826746] [publish_wind_direction]: Pose info requested
[service_vicon_node-2] [INFO] [1749829812.513147077] [service_vicon_node]: Vicon Position= [228.5579376220703, 177.97792053222656], yaw: -52.71261034931592
[service_vicon_node-2] [INFO] [1749829812.515951225] [service_vicon_node]: Neighbours: {'id236', 'id223', 'id151', 'id152', 'id194', 'id247', 'id68', 'id192', 'id155', 'id195', 'id136', 'id193', 'id189', 'id206', 'id1193', 'id137', 'id142'}
[publish_wind_direction-4] [INFO] [1749829813.499290965] [publish_wind_direction]: Pose info requested
[publish_wind_direction-4] [INFO] [1749829818.675520665] [publish_wind_direction]: Pose info requested
[service_vicon_node-2] [INFO] [1749829822.547050422] [service_vicon_node]: Vicon Position= [337.7685852050781, 222.8094482421875], yaw: -102.36920708459448
[service_vicon_node-2] [INFO] [1749829822.549962126] [service_vicon_node]: Neighbours: {'id236', 'id223', 'id151', 'id152', 'id247', 'id68', 'id192', 'id155', 'id195', 'id200', 'id136', 'id193', 'id189', 'id206', 'id1193', 'id137', 'id142'}
[publish_wind_direction-4] [INFO] [1749829823.411997792] [publish_wind_direction]: Pose info requested
[publish_wind_direction-4] [INFO] [1749829828.481018048] [publish_wind_direction]: Pose info requested
[service_vicon_node-2] [INFO] [1749829832.616871528] [service_vicon_node]: Vicon Position= [374.9719543457031, 557.441650390625], yaw: -98.14708718172278
[service_vicon_node-2] [INFO] [1749829832.619453528] [service_vicon_node]: Neighbours: {'id236', 'id223', 'id151', 'id152', 'id194', 'id247', 'id68', 'id192', 'id155', 'id195', 'id200', 'id136', 'id193', 'id189', 'id206', 'id1193', 'id142'}
[publish_wind_direction-4] [INFO] [1749829833.573224008] [publish_wind_direction]: Pose info requested
[publish_wind_direction-4] [INFO] [1749829838.432559617] [publish_wind_direction]: Pose info requested
[service_vicon_node-2] [INFO] [1749829842.679659096] [service_vicon_node]: Vicon Position= [290.19989013671875, 524.9323120117188], yaw: 28.86956019088646
[service_vicon_node-2] [INFO] [1749829842.682621781] [service_vicon_node]: Neighbours: {'id236', 'id223', 'id151', 'id152', 'id194', 'id247', 'id68', 'id192', 'id155', 'id195', 'id200', 'id136', 'id193', 'id189', 'id206', 'id1193', 'id137', 'id142'}
[publish_wind_direction-4] [INFO] [1749829843.598799502] [publish_wind_direction]: Pose info requested
[publish_wind_direction-4] [INFO] [1749829848.406051703] [publish_wind_direction]: Pose info requested
[service_vicon_node-2] [INFO] [1749829852.715126441] [service_vicon_node]: Vicon Position= [9.433113098144531, 331.2514953613281], yaw: -298.9660702814311
[service_vicon_node-2] [INFO] [1749829852.718009608] [service_vicon_node]: Neighbours: {'id236', 'id223', 'id151', 'id152', 'id194', 'id247', 'id68', 'id192', 'id155', 'id195', 'id200', 'id136', 'id193', 'id189', 'id206', 'id1193', 'id137', 'id142'}
[publish_wind_direction-4] [INFO] [1749829853.451942034] [publish_wind_direction]: Pose info requested
[publish_wind_direction-4] [INFO] [1749829858.636571549] [publish_wind_direction]: Pose info requested
[service_vicon_node-2] [INFO] [1749829862.848889695] [service_vicon_node]: Vicon Position= [-156.05845642089844, 214.0796661376953], yaw: -48.631665043520165
[service_vicon_node-2] [INFO] [1749829862.851588195] [service_vicon_node]: Neighbours: {'id236', 'id223', 'id151', 'id152', 'id194', 'id247', 'id68', 'id192', 'id155', 'id195', 'id200', 'id136', 'id193', 'id189', 'id206', 'id1193', 'id137', 'id142'}
[publish_wind_direction-4] [INFO] [1749829863.575266194] [publish_wind_direction]: Pose info requested
[publish_wind_direction-4] [INFO] [1749829868.452746043] [publish_wind_direction]: Pose info requested
[service_vicon_node-2] [INFO] [1749829872.891096337] [service_vicon_node]: Vicon Position= [-450.268798828125, 163.2264862060547], yaw: 8.628111895794737
[service_vicon_node-2] [INFO] [1749829872.893721078] [service_vicon_node]: Neighbours: {'id236', 'id223', 'id151', 'id152', 'id194', 'id247', 'id68', 'id192', 'id155', 'id195', 'id200', 'id136', 'id193', 'id189', 'id206', 'id137', 'id142'}
[publish_wind_direction-4] [INFO] [1749829873.439669374] [publish_wind_direction]: Pose info requested
[publish_wind_direction-4] [INFO] [1749829878.510094759] [publish_wind_direction]: Pose info requested
[service_vicon_node-2] [INFO] [1749829882.899626886] [service_vicon_node]: Vicon Position= [-788.5120849609375, 141.13906860351562], yaw: 10.12435210638158
[service_vicon_node-2] [INFO] [1749829882.902490794] [service_vicon_node]: Neighbours: {'id236', 'id223', 'id151', 'id152', 'id194', 'id247', 'id68', 'id192', 'id155', 'id195', 'id200', 'id136', 'id193', 'id189', 'id206', 'id137', 'id142'}
[publish_wind_direction-4] [INFO] [1749829883.472178201] [publish_wind_direction]: Pose info requested
[publish_wind_direction-4] [INFO] [1749829888.431796902] [publish_wind_direction]: Pose info requested
[service_vicon_node-2] [INFO] [1749829892.993079769] [service_vicon_node]: Vicon Position= [-718.4541015625, 77.35890197753906], yaw: -207.999455323769
[service_vicon_node-2] [INFO] [1749829892.995977084] [service_vicon_node]: Neighbours: {'id236', 'id223', 'id151', 'id152', 'id194', 'id247', 'id68', 'id192', 'id155', 'id200', 'id136', 'id193', 'id189', 'id206', 'id137', 'id142'}
[publish_wind_direction-4] [INFO] [1749829893.470261306] [publish_wind_direction]: Pose info requested
[publish_wind_direction-4] [INFO] [1749829898.525729322] [publish_wind_direction]: Pose info requested
[service_vicon_node-2] [INFO] [1749829903.015339189] [service_vicon_node]: Vicon Position= [-744.1912231445312, 290.9615173339844], yaw: -44.46105521631009
[service_vicon_node-2] [INFO] [1749829903.018126226] [service_vicon_node]: Neighbours: {'id236', 'id223', 'id151', 'id152', 'id194', 'id247', 'id68', 'id192', 'id155', 'id195', 'id200', 'id136', 'id193', 'id189', 'id206', 'id137', 'id142'}
[publish_wind_direction-4] [INFO] [1749829903.464579541] [publish_wind_direction]: Pose info requested
[publish_wind_direction-4] [INFO] [1749829908.482836371] [publish_wind_direction]: Pose info requested
[service_vicon_node-2] [INFO] [1749829913.115611424] [service_vicon_node]: Vicon Position= [-841.9514770507812, 450.657958984375], yaw: -225.8279227841884
[service_vicon_node-2] [INFO] [1749829913.118525183] [service_vicon_node]: Neighbours: {'id236', 'id223', 'id151', 'id152', 'id194', 'id247', 'id68', 'id192', 'id155', 'id195', 'id200', 'id136', 'id193', 'id189', 'id206', 'id137', 'id142'}
[publish_wind_direction-4] [INFO] [1749829913.529752016] [publish_wind_direction]: Pose info requested
[publish_wind_direction-4] [INFO] [1749829918.425958291] [publish_wind_direction]: Pose info requested
[service_vicon_node-2] [INFO] [1749829923.148199937] [service_vicon_node]: Vicon Position= [-869.222412109375, 716.9379272460938], yaw: -63.228511450408504
[service_vicon_node-2] [INFO] [1749829923.151169881] [service_vicon_node]: Neighbours: {'id236', 'id223', 'id151', 'id152', 'id194', 'id247', 'id68', 'id192', 'id155', 'id195', 'id200', 'id136', 'id193', 'id189', 'id206', 'id137', 'id142'}
[publish_wind_direction-4] [INFO] [1749829923.445432455] [publish_wind_direction]: Pose info requested
[publish_wind_direction-4] [INFO] [1749829928.534240359] [publish_wind_direction]: Pose info requested
[service_vicon_node-2] [INFO] [1749829933.254523375] [service_vicon_node]: Vicon Position= [-978.9132080078125, 502.2352294921875], yaw: -269.19941253209385
[service_vicon_node-2] [INFO] [1749829933.285739708] [service_vicon_node]: Neighbours: {'id236', 'id223', 'id151', 'id152', 'id194', 'id247', 'id68', 'id192', 'id155', 'id195', 'id200', 'id136', 'id193', 'id189', 'id206', 'id137', 'id142'}
[publish_wind_direction-4] [INFO] [1749829933.474697486] [publish_wind_direction]: Pose info requested
[publish_wind_direction-4] [INFO] [1749829938.431425001] [publish_wind_direction]: Pose info requested
[service_vicon_node-2] [INFO] [1749829943.414332795] [service_vicon_node]: Vicon Position= [-887.7260131835938, 337.91796875], yaw: -255.69007920583567
[service_vicon_node-2] [INFO] [1749829943.417317739] [service_vicon_node]: Neighbours: {'id236', 'id223', 'id151', 'id152', 'id194', 'id247', 'id68', 'id192', 'id155', 'id195', 'id200', 'id136', 'id193', 'id189', 'id206', 'id137', 'id142'}
[publish_wind_direction-4] [INFO] [1749829943.464691295] [publish_wind_direction]: Pose info requested
[publish_wind_direction-4] [INFO] [1749829948.409522551] [publish_wind_direction]: Pose info requested
[publish_wind_direction-4] [INFO] [1749829953.442992548] [publish_wind_direction]: Pose info requested
[service_vicon_node-2] [INFO] [1749829953.558385048] [service_vicon_node]: Vicon Position= [-695.8192749023438, 235.1049346923828], yaw: -159.17454032234252
[service_vicon_node-2] [INFO] [1749829953.561045085] [service_vicon_node]: Neighbours: {'id236', 'id223', 'id151', 'id152', 'id194', 'id247', 'id68', 'id192', 'id155', 'id195', 'id136', 'id193', 'id189', 'id206', 'id137', 'id142'}
[publish_wind_direction-4] [INFO] [1749829958.410307267] [publish_wind_direction]: Pose info requested
[publish_wind_direction-4] [INFO] [1749829963.498513579] [publish_wind_direction]: Pose info requested
[service_vicon_node-2] [INFO] [1749829963.627062523] [service_vicon_node]: Vicon Position= [-848.7968139648438, 267.3334655761719], yaw: -232.49722444377625
[service_vicon_node-2] [INFO] [1749829963.629933949] [service_vicon_node]: Neighbours: {'id236', 'id223', 'id151', 'id152', 'id194', 'id247', 'id68', 'id192', 'id155', 'id195', 'id136', 'id193', 'id189', 'id206', 'id137', 'id142'}
[publish_wind_direction-4] [INFO] [1749829968.540170409] [publish_wind_direction]: Pose info requested
[publish_wind_direction-4] [INFO] [1749829973.541799518] [publish_wind_direction]: Pose info requested
[service_vicon_node-2] [INFO] [1749829973.719972703] [service_vicon_node]: Vicon Position= [-985.298095703125, 244.05738830566406], yaw: -287.4271396690845
[service_vicon_node-2] [INFO] [1749829973.722690369] [service_vicon_node]: Neighbours: {'id236', 'id223', 'id151', 'id152', 'id194', 'id247', 'id68', 'id192', 'id155', 'id195', 'id200', 'id136', 'id193', 'id189', 'id206', 'id137', 'id142'}
[publish_wind_direction-4] [INFO] [1749829978.465028033] [publish_wind_direction]: Pose info requested
[publish_wind_direction-4] [INFO] [1749829983.521547456] [publish_wind_direction]: Pose info requested
[service_vicon_node-2] [INFO] [1749829983.750873752] [service_vicon_node]: Vicon Position= [-1074.5816650390625, -95.2525405883789], yaw: -299.8443151311585
[service_vicon_node-2] [INFO] [1749829983.754968011] [service_vicon_node]: Neighbours: {'id236', 'id223', 'id151', 'id152', 'id247', 'id68', 'id192', 'id155', 'id195', 'id200', 'id136', 'id189', 'id193', 'id137', 'id142'}
[publish_wind_direction-4] [INFO] [1749829988.439494046] [publish_wind_direction]: Pose info requested
[publish_wind_direction-4] [INFO] [1749829993.498188191] [publish_wind_direction]: Pose info requested
[service_vicon_node-2] [INFO] [1749829993.772724672] [service_vicon_node]: Vicon Position= [0.0, 0.0], yaw: -134.07212406061262
[service_vicon_node-2] [INFO] [1749829993.775439468] [service_vicon_node]: Neighbours: {'id236', 'id223', 'id151', 'id152', 'id194', 'id247', 'id68', 'id192', 'id155', 'id195', 'id136', 'id189', 'id206', 'id137', 'id207', 'id142'}
[publish_wind_direction-4] [INFO] [1749829998.499796206] [publish_wind_direction]: Pose info requested
[publish_wind_direction-4] [INFO] [1749830003.403508426] [publish_wind_direction]: Pose info requested
[service_vicon_node-2] [INFO] [1749830003.782624963] [service_vicon_node]: Vicon Position= [770.2594604492188, -422.3282775878906], yaw: 7.910581324035393
[service_vicon_node-2] [INFO] [1749830003.785256611] [service_vicon_node]: Neighbours: {'id236', 'id223', 'id151', 'id152', 'id194', 'id247', 'id68', 'id192', 'id155', 'id195', 'id136', 'id189', 'id206', 'id137', 'id207', 'id142'}
[publish_wind_direction-4] [INFO] [1749830008.550356200] [publish_wind_direction]: Pose info requested
[service_vicon_node-2] [INFO] [1749830013.014601179] [service_vicon_node]: Vicon node, runtime finished, raising exception
[service_vicon_node-2] [INFO] [1749830013.017758605] [service_vicon_node]: Vicon Node Stopping, Times up
[INFO] [service_vicon_node-2]: process has finished cleanly [pid 840]
[publish_wind_direction-4] [INFO] [1749830013.609223420] [publish_wind_direction]: Pose info requested
[publish_wind_direction-4] [INFO] [1749830018.403372472] [publish_wind_direction]: Pose info requested
[publish_wind_direction-4] [INFO] [1749830023.445480062] [publish_wind_direction]: Pose info requested
[publish_wind_direction-4] [INFO] [1749830028.501133485] [publish_wind_direction]: Pose info requested
[publish_wind_direction-4] [INFO] [1749830033.619730037] [publish_wind_direction]: Pose info requested
[publish_wind_direction-4] [INFO] [1749830038.411590331] [publish_wind_direction]: Pose info requested
[service_neighbours_opinions-3] [INFO] [1749830043.033936180] [service_neighbours_opinions]: Raising exception at 15:54:03
[service_neighbours_opinions-3] Traceback (most recent call last):
[service_neighbours_opinions-3]   File "/home/thymio/ros2_ws/install/wind_direction_detector/lib/python3.10/site-packages/wind_direction_detector/neighbours_opinion_node.py", line 111, in main
[service_neighbours_opinions-3]     rclpy.spin(neighbours_node)
[service_neighbours_opinions-3]   File "/opt/ros/humble/local/lib/python3.10/dist-packages/rclpy/__init__.py", line 226, in spin
[service_neighbours_opinions-3]     executor.spin_once()
[service_neighbours_opinions-3]   File "/opt/ros/humble/local/lib/python3.10/dist-packages/rclpy/executors.py", line 739, in spin_once
[service_neighbours_opinions-3]     self._spin_once_impl(timeout_sec)
[service_neighbours_opinions-3]   File "/opt/ros/humble/local/lib/python3.10/dist-packages/rclpy/executors.py", line 736, in _spin_once_impl
[service_neighbours_opinions-3]     raise handler.exception()
[service_neighbours_opinions-3]   File "/opt/ros/humble/local/lib/python3.10/dist-packages/rclpy/task.py", line 239, in __call__
[service_neighbours_opinions-3]     self._handler.send(None)
[service_neighbours_opinions-3]   File "/opt/ros/humble/local/lib/python3.10/dist-packages/rclpy/executors.py", line 437, in handler
[service_neighbours_opinions-3]     await call_coroutine(entity, arg)
[service_neighbours_opinions-3]   File "/opt/ros/humble/local/lib/python3.10/dist-packages/rclpy/executors.py", line 351, in _execute_timer
[service_neighbours_opinions-3]     await await_or_execute(tmr.callback)
[service_neighbours_opinions-3]   File "/opt/ros/humble/local/lib/python3.10/dist-packages/rclpy/executors.py", line 107, in await_or_execute
[service_neighbours_opinions-3]     return callback(*args)
[service_neighbours_opinions-3]   File "/home/thymio/ros2_ws/install/wind_direction_detector/lib/python3.10/site-packages/wind_direction_detector/neighbours_opinion_node.py", line 64, in stop_execution
[service_neighbours_opinions-3]     raise Exception
[service_neighbours_opinions-3] Exception
[service_neighbours_opinions-3] 
[service_neighbours_opinions-3] During handling of the above exception, another exception occurred:
[service_neighbours_opinions-3] 
[service_neighbours_opinions-3] Traceback (most recent call last):
[service_neighbours_opinions-3]   File "/home/thymio/ros2_ws/install/wind_direction_detector/lib/wind_direction_detector/service_neighbours_opinions", line 33, in <module>
[service_neighbours_opinions-3]     sys.exit(load_entry_point('wind-direction-detector==0.0.0', 'console_scripts', 'service_neighbours_opinions')())
[service_neighbours_opinions-3]   File "/home/thymio/ros2_ws/install/wind_direction_detector/lib/python3.10/site-packages/wind_direction_detector/neighbours_opinion_node.py", line 117, in main
[service_neighbours_opinions-3]     neighbours_node.get_logger().error(e)
[service_neighbours_opinions-3]   File "/opt/ros/humble/local/lib/python3.10/dist-packages/rclpy/impl/rcutils_logger.py", line 345, in error
[service_neighbours_opinions-3]     return self.log(message, LoggingSeverity.ERROR, **kwargs)
[service_neighbours_opinions-3]   File "/opt/ros/humble/local/lib/python3.10/dist-packages/rclpy/impl/rcutils_logger.py", line 318, in log
[service_neighbours_opinions-3]     _rclpy.rclpy_logging_rcutils_log(
[service_neighbours_opinions-3] TypeError: rclpy_logging_rcutils_log(): incompatible function arguments. The following argument types are supported:
[service_neighbours_opinions-3]     1. (arg0: int, arg1: str, arg2: str, arg3: str, arg4: str, arg5: int) -> None
[service_neighbours_opinions-3] 
[service_neighbours_opinions-3] Invoked with: <LoggingSeverity.ERROR: 40>, 'service_neighbours_opinions', Exception(), 'main', '/home/thymio/ros2_ws/install/wind_direction_detector/lib/python3.10/site-packages/wind_direction_detector/neighbours_opinion_node.py', 117
[publish_wind_direction-4] [INFO] [1749830043.553465402] [publish_wind_direction]: Pose info requested
[ERROR] [service_neighbours_opinions-3]: process has died [pid 842, exit code 1, cmd '/home/thymio/ros2_ws/install/wind_direction_detector/lib/wind_direction_detector/service_neighbours_opinions --ros-args -r __node:=service_neighbours_opinions'].
[publish_wind_direction-4] [INFO] [1749830048.473611640] [publish_wind_direction]: Pose info requested
[publish_wind_direction-4] [INFO] [1749830048.477627177] [publish_wind_direction]: Raising exception at 15:54:08
[publish_wind_direction-4] Traceback (most recent call last):
[publish_wind_direction-4]   File "/home/thymio/ros2_ws/install/wind_direction_detector/lib/wind_direction_detector/publish_wind_direction", line 33, in <module>
[publish_wind_direction-4]     sys.exit(load_entry_point('wind-direction-detector==0.0.0', 'console_scripts', 'publish_wind_direction')())
[publish_wind_direction-4]   File "/home/thymio/ros2_ws/install/wind_direction_detector/lib/python3.10/site-packages/wind_direction_detector/publish_direction.py", line 331, in main
[publish_wind_direction-4]     rclpy.spin(wind_direction_sensor)
[publish_wind_direction-4]   File "/opt/ros/humble/local/lib/python3.10/dist-packages/rclpy/__init__.py", line 226, in spin
[publish_wind_direction-4]     executor.spin_once()
[publish_wind_direction-4]   File "/opt/ros/humble/local/lib/python3.10/dist-packages/rclpy/executors.py", line 739, in spin_once
[publish_wind_direction-4]     self._spin_once_impl(timeout_sec)
[publish_wind_direction-4]   File "/opt/ros/humble/local/lib/python3.10/dist-packages/rclpy/executors.py", line 736, in _spin_once_impl
[publish_wind_direction-4]     raise handler.exception()
[publish_wind_direction-4]   File "/opt/ros/humble/local/lib/python3.10/dist-packages/rclpy/task.py", line 239, in __call__
[publish_wind_direction-4]     self._handler.send(None)
[publish_wind_direction-4]   File "/opt/ros/humble/local/lib/python3.10/dist-packages/rclpy/executors.py", line 437, in handler
[publish_wind_direction-4]     await call_coroutine(entity, arg)
[publish_wind_direction-4]   File "/opt/ros/humble/local/lib/python3.10/dist-packages/rclpy/executors.py", line 351, in _execute_timer
[publish_wind_direction-4]     await await_or_execute(tmr.callback)
[publish_wind_direction-4]   File "/opt/ros/humble/local/lib/python3.10/dist-packages/rclpy/executors.py", line 107, in await_or_execute
[publish_wind_direction-4]     return callback(*args)
[publish_wind_direction-4]   File "/home/thymio/ros2_ws/install/wind_direction_detector/lib/python3.10/site-packages/wind_direction_detector/publish_direction.py", line 169, in make_wind_direction_opinion
[publish_wind_direction-4]     raise Exception
[publish_wind_direction-4] Exception
[ERROR] [publish_wind_direction-4]: process has died [pid 844, exit code 1, cmd '/home/thymio/ros2_ws/install/wind_direction_detector/lib/wind_direction_detector/publish_wind_direction --ros-args -r __node:=publish_wind_direction'].
[random_robot_move-1] [INFO] [1749830058.029986356] [random_robot_move]: robot move: excetion raised at 15:54:18
[random_robot_move-1] [INFO] [1749830058.032753708] [random_robot_move]: Exception, shutting down
