1749836197.9782081 [INFO] [launch]: All log files can be found below /home/thymio/ros_logs/2025-06-13-17-36-37-974935-thymio-4703
1749836197.9787891 [INFO] [launch]: Default logging verbosity is set to INFO
1749836198.2023714 [INFO] [service_vicon_node-1]: process started with pid [4704]
1749836198.2032089 [INFO] [service_neighbours_opinions-2]: process started with pid [4706]
1749836198.2038181 [INFO] [random_robot_move-3]: process started with pid [4708]
1749836198.2043493 [INFO] [publish_wind_direction-4]: process started with pid [4710]
1749836199.7940848 [publish_wind_direction-4] /usr/lib/python3/dist-packages/scipy/__init__.py:146: UserWarning: A NumPy version >=1.17.3 and <1.25.0 is required for this version of SciPy (detected version 1.26.4
1749836199.7946806 [publish_wind_direction-4]   warnings.warn(f"A NumPy version >={np_minversion} and <{np_maxversion}"
1749836199.9639931 [service_vicon_node-1] [INFO] [1749836199.963277047] [service_vicon_node]: Physical Ip=192.168.4.72, id=id72
1749836199.9717162 [service_neighbours_opinions-2] [INFO] [1749836199.970737417] [service_neighbours_opinions]: Physical Ip=192.168.4.72, id=id72
1749836199.9729872 [service_vicon_node-1] [INFO] [1749836199.970820102] [service_vicon_node]: Updated ID from mapping: id136
1749836199.9777660 [service_neighbours_opinions-2] [INFO] [1749836199.976984158] [service_neighbours_opinions]: Updated ID from mapping: id136
1749836199.9903977 [service_vicon_node-1] [INFO] [1749836199.989668936] [service_vicon_node]: Subscribed to: vicon/default/data
1749836199.9934585 [service_neighbours_opinions-2] [INFO] [1749836199.992628047] [service_neighbours_opinions]: Subscribed to: wind_direction/id68
1749836199.9985523 [service_neighbours_opinions-2] [INFO] [1749836199.997629824] [service_neighbours_opinions]: Subscribed to: wind_direction/id137
1749836200.0034914 [service_neighbours_opinions-2] [INFO] [1749836200.002652176] [service_neighbours_opinions]: Subscribed to: wind_direction/id142
1749836200.0098519 [service_neighbours_opinions-2] [INFO] [1749836200.008991547] [service_neighbours_opinions]: Subscribed to: wind_direction/id151
1749836200.0143683 [service_neighbours_opinions-2] [INFO] [1749836200.013558973] [service_neighbours_opinions]: Subscribed to: wind_direction/id152
1749836200.0184724 [service_neighbours_opinions-2] [INFO] [1749836200.017761528] [service_neighbours_opinions]: Subscribed to: wind_direction/id155
1749836200.0225241 [service_neighbours_opinions-2] [INFO] [1749836200.021822065] [service_neighbours_opinions]: Subscribed to: wind_direction/id189
1749836200.0267110 [service_neighbours_opinions-2] [INFO] [1749836200.025943010] [service_neighbours_opinions]: Subscribed to: wind_direction/id192
1749836200.0309956 [service_neighbours_opinions-2] [INFO] [1749836200.030255250] [service_neighbours_opinions]: Subscribed to: wind_direction/id193
1749836200.0352366 [service_neighbours_opinions-2] [INFO] [1749836200.034369639] [service_neighbours_opinions]: Subscribed to: wind_direction/id194
1749836200.0393314 [service_neighbours_opinions-2] [INFO] [1749836200.038473806] [service_neighbours_opinions]: Subscribed to: wind_direction/id195
1749836200.0432830 [service_neighbours_opinions-2] [INFO] [1749836200.042460158] [service_neighbours_opinions]: Subscribed to: wind_direction/id200
1749836200.0480211 [service_neighbours_opinions-2] [INFO] [1749836200.047216361] [service_neighbours_opinions]: Subscribed to: wind_direction/id206
1749836200.0526249 [service_neighbours_opinions-2] [INFO] [1749836200.051745269] [service_neighbours_opinions]: Subscribed to: wind_direction/id207
1749836200.0570173 [service_neighbours_opinions-2] [INFO] [1749836200.056271658] [service_neighbours_opinions]: Subscribed to: wind_direction/id223
1749836200.0615537 [service_neighbours_opinions-2] [INFO] [1749836200.060681695] [service_neighbours_opinions]: Subscribed to: wind_direction/id224
1749836200.0658700 [service_neighbours_opinions-2] [INFO] [1749836200.065065084] [service_neighbours_opinions]: Subscribed to: wind_direction/id236
1749836200.0704193 [service_neighbours_opinions-2] [INFO] [1749836200.069562473] [service_neighbours_opinions]: Subscribed to: wind_direction/id247
1749836200.0747495 [service_neighbours_opinions-2] [INFO] [1749836200.073964473] [service_neighbours_opinions]: Subscribed to: wind_direction/id1193
1749836200.3435409 [publish_wind_direction-4] [INFO] [1749836200.342899232] [publish_wind_direction]: Physical Ip=192.168.4.72, id=id72
1749836200.3461475 [publish_wind_direction-4] [INFO] [1749836200.345644528] [publish_wind_direction]: Updated ID from mapping: id136
1749836200.3537314 [publish_wind_direction-4] [INFO] [1749836200.353155213] [publish_wind_direction]: Publsihing on: wind_direction/id136
1749836207.7748370 [random_robot_move-3] [INFO] [1749836207.774051264] [random_robot_move]: Robot Control Node started.
1749836221.6054852 [service_vicon_node-1] [INFO] [1749836221.604718163] [service_vicon_node]: Frame_no: 309651
1749836225.4127631 [publish_wind_direction-4] [ERROR] [1749836225.412098143] [publish_wind_direction]: get_pose_data service not available!
1749836231.9955881 [service_vicon_node-1] [INFO] [1749836231.994684194] [service_vicon_node]: Frame_no: 309957
1749836232.7645738 [service_neighbours_opinions-2] [INFO] [1749836232.763880897] [service_neighbours_opinions]: All opinions size= 0
1749836232.8657410 [service_neighbours_opinions-2] /opt/ros/humble/local/lib/python3.10/dist-packages/rclpy/service.py:76: RuntimeWarning: failed to send response (timeout): client will not receive response, at ./src/rmw_response.cpp:154, at ./src/rcl/service.c:314
1749836232.8662918 [service_neighbours_opinions-2]   self.__service.service_send_response(response, header.request_id)
1749836238.2745316 [service_neighbours_opinions-2] [INFO] [1749836238.273687116] [service_neighbours_opinions]: All opinions size= 0
1749836238.3391955 [publish_wind_direction-4] [INFO] [1749836238.338451468] [publish_wind_direction]: ### Informed ###
1749836238.9914045 [publish_wind_direction-4] [INFO] [1749836238.990315968] [publish_wind_direction]: Publishing: id136:S
1749836238.9944532 [publish_wind_direction-4] [INFO] [1749836238.993749023] [publish_wind_direction]: ------------------
1749836242.6342664 [service_vicon_node-1] [INFO] [1749836242.632718299] [service_vicon_node]: Frame_no: 310321
1749836242.6885622 [service_neighbours_opinions-2] [INFO] [1749836242.687758873] [service_neighbours_opinions]: All opinions size= 1
1749836242.6964641 [publish_wind_direction-4] [INFO] [1749836242.695874762] [publish_wind_direction]: ### Informed ###
1749836242.7000425 [publish_wind_direction-4] [INFO] [1749836242.699415373] [publish_wind_direction]: Publishing: id136:W
1749836242.7027667 [publish_wind_direction-4] [INFO] [1749836242.702069669] [publish_wind_direction]: ------------------
1749836247.7733700 [service_neighbours_opinions-2] [INFO] [1749836247.772655074] [service_neighbours_opinions]: All opinions size= 1
1749836247.7777007 [publish_wind_direction-4] [INFO] [1749836247.777071240] [publish_wind_direction]: ### Informed ###
1749836247.7811377 [publish_wind_direction-4] [INFO] [1749836247.780540629] [publish_wind_direction]: Publishing: id136:W
1749836247.7837830 [publish_wind_direction-4] [INFO] [1749836247.783205018] [publish_wind_direction]: ------------------
1749836252.8726027 [service_vicon_node-1] [INFO] [1749836252.871834515] [service_vicon_node]: Frame_no: 310510
1749836253.4927020 [service_neighbours_opinions-2] [INFO] [1749836253.491977422] [service_neighbours_opinions]: All opinions size= 4
1749836253.4975634 [publish_wind_direction-4] [INFO] [1749836253.496857589] [publish_wind_direction]: ### Informed ###
1749836253.5018148 [publish_wind_direction-4] [INFO] [1749836253.501116181] [publish_wind_direction]: Publishing: id136:W
1749836253.5046420 [publish_wind_direction-4] [INFO] [1749836253.504074737] [publish_wind_direction]: ------------------
1749836258.4436324 [service_neighbours_opinions-2] [INFO] [1749836258.442863475] [service_neighbours_opinions]: All opinions size= 5
1749836258.4484830 [publish_wind_direction-4] [INFO] [1749836258.447854345] [publish_wind_direction]: ### Informed ###
1749836258.4522684 [publish_wind_direction-4] [INFO] [1749836258.451670512] [publish_wind_direction]: Publishing: id136:S
1749836258.4548798 [publish_wind_direction-4] [INFO] [1749836258.454331012] [publish_wind_direction]: ------------------
1749836262.8975494 [service_neighbours_opinions-2] [INFO] [1749836262.896812046] [service_neighbours_opinions]: All opinions size= 7
1749836262.9014478 [publish_wind_direction-4] [INFO] [1749836262.900854565] [publish_wind_direction]: ### Informed ###
1749836262.9050519 [publish_wind_direction-4] [INFO] [1749836262.904485639] [publish_wind_direction]: Publishing: id136:S
1749836262.9076917 [publish_wind_direction-4] [INFO] [1749836262.907100991] [publish_wind_direction]: ------------------
1749836263.6574686 [service_vicon_node-1] [INFO] [1749836263.656716564] [service_vicon_node]: Frame_no: 310720
1749836267.6490614 [service_neighbours_opinions-2] [INFO] [1749836267.648343988] [service_neighbours_opinions]: All opinions size= 8
1749836267.6546772 [publish_wind_direction-4] [INFO] [1749836267.653998858] [publish_wind_direction]: ### Informed ###
1749836267.6595645 [publish_wind_direction-4] [INFO] [1749836267.658909303] [publish_wind_direction]: Publishing: id136:S
1749836267.6636515 [publish_wind_direction-4] [INFO] [1749836267.662898988] [publish_wind_direction]: ------------------
1749836272.6596084 [service_neighbours_opinions-2] [INFO] [1749836272.658833411] [service_neighbours_opinions]: All opinions size= 10
1749836272.6649055 [publish_wind_direction-4] [INFO] [1749836272.664175503] [publish_wind_direction]: ### Informed ###
1749836272.6693432 [publish_wind_direction-4] [INFO] [1749836272.668738614] [publish_wind_direction]: Publishing: id136:S
1749836272.6721811 [publish_wind_direction-4] [INFO] [1749836272.671613818] [publish_wind_direction]: ------------------
1749836274.2708454 [service_vicon_node-1] [INFO] [1749836274.270077428] [service_vicon_node]: Frame_no: 310831
1749836277.9850147 [service_neighbours_opinions-2] [INFO] [1749836277.984123408] [service_neighbours_opinions]: All opinions size= 12
1749836278.4892673 [publish_wind_direction-4] [INFO] [1749836278.488427407] [publish_wind_direction]: ### Informed ###
1749836278.4947743 [publish_wind_direction-4] [INFO] [1749836278.493980296] [publish_wind_direction]: Publishing: id136:N
1749836278.5022054 [publish_wind_direction-4] [INFO] [1749836278.501503463] [publish_wind_direction]: ------------------
1749836282.7564127 [service_neighbours_opinions-2] [INFO] [1749836282.755747386] [service_neighbours_opinions]: All opinions size= 12
1749836282.7618556 [publish_wind_direction-4] [INFO] [1749836282.761172127] [publish_wind_direction]: ### Informed ###
1749836282.7662394 [publish_wind_direction-4] [INFO] [1749836282.765633071] [publish_wind_direction]: Publishing: id136:S
1749836282.7693198 [publish_wind_direction-4] [INFO] [1749836282.768708701] [publish_wind_direction]: ------------------
1749836284.2851107 [service_vicon_node-1] [INFO] [1749836284.283793496] [service_vicon_node]: Frame_no: 311093
1749836287.4966986 [service_neighbours_opinions-2] [INFO] [1749836287.495892883] [service_neighbours_opinions]: All opinions size= 13
1749836287.5019691 [publish_wind_direction-4] [INFO] [1749836287.501256328] [publish_wind_direction]: ### Informed ###
1749836287.5061719 [publish_wind_direction-4] [INFO] [1749836287.505353902] [publish_wind_direction]: Publishing: id136:S
1749836287.5088680 [publish_wind_direction-4] [INFO] [1749836287.508302124] [publish_wind_direction]: ------------------
1749836292.8211319 [service_neighbours_opinions-2] [INFO] [1749836292.820404102] [service_neighbours_opinions]: All opinions size= 14
1749836292.8259935 [publish_wind_direction-4] [INFO] [1749836292.825360732] [publish_wind_direction]: ### Informed ###
1749836292.8294137 [publish_wind_direction-4] [INFO] [1749836292.828868491] [publish_wind_direction]: Publishing: id136:S
1749836292.8323891 [publish_wind_direction-4] [INFO] [1749836292.831792306] [publish_wind_direction]: ------------------
1749836295.0124462 [service_vicon_node-1] [INFO] [1749836295.011671490] [service_vicon_node]: Frame_no: 311735
1749836298.2723322 [service_neighbours_opinions-2] [INFO] [1749836298.271526229] [service_neighbours_opinions]: All opinions size= 17
1749836298.2800624 [publish_wind_direction-4] [INFO] [1749836298.279364247] [publish_wind_direction]: ### Informed ###
1749836298.2860305 [publish_wind_direction-4] [INFO] [1749836298.285334747] [publish_wind_direction]: Publishing: id136:S
1749836298.2906253 [publish_wind_direction-4] [INFO] [1749836298.289969766] [publish_wind_direction]: ------------------
1749836302.8147140 [service_neighbours_opinions-2] [INFO] [1749836302.813961930] [service_neighbours_opinions]: All opinions size= 17
1749836302.8195002 [publish_wind_direction-4] [INFO] [1749836302.818787689] [publish_wind_direction]: ### Informed ###
1749836302.8239858 [publish_wind_direction-4] [INFO] [1749836302.823376263] [publish_wind_direction]: Publishing: id136:E
1749836302.8273594 [publish_wind_direction-4] [INFO] [1749836302.826741393] [publish_wind_direction]: ------------------
1749836305.3036525 [service_vicon_node-1] [INFO] [1749836305.302814002] [service_vicon_node]: Frame_no: 312013
1749836307.7371368 [service_neighbours_opinions-2] [INFO] [1749836307.736406056] [service_neighbours_opinions]: All opinions size= 17
1749836307.7428703 [publish_wind_direction-4] [INFO] [1749836307.742275427] [publish_wind_direction]: ### Informed ###
1749836307.7482522 [publish_wind_direction-4] [INFO] [1749836307.747623390] [publish_wind_direction]: Publishing: id136:E
1749836307.7518935 [publish_wind_direction-4] [INFO] [1749836307.751303094] [publish_wind_direction]: ------------------
1749836312.8436399 [service_neighbours_opinions-2] [INFO] [1749836312.842879405] [service_neighbours_opinions]: All opinions size= 17
1749836312.8504353 [publish_wind_direction-4] [INFO] [1749836312.849046128] [publish_wind_direction]: ### Informed ###
1749836312.8547232 [publish_wind_direction-4] [INFO] [1749836312.854045942] [publish_wind_direction]: Publishing: id136:S
1749836312.8574684 [publish_wind_direction-4] [INFO] [1749836312.856911609] [publish_wind_direction]: ------------------
1749836317.9043138 [service_neighbours_opinions-2] [INFO] [1749836317.903578810] [service_neighbours_opinions]: All opinions size= 17
1749836317.9091191 [publish_wind_direction-4] [INFO] [1749836317.908442569] [publish_wind_direction]: ### Informed ###
1749836317.9136004 [publish_wind_direction-4] [INFO] [1749836317.912567476] [publish_wind_direction]: Publishing: id136:W
1749836317.9176590 [publish_wind_direction-4] [INFO] [1749836317.915980310] [publish_wind_direction]: ------------------
1749836319.3089840 [service_vicon_node-1] [INFO] [1749836319.308246790] [service_vicon_node]: Frame_no: 312396
1749836322.8311696 [service_neighbours_opinions-2] [INFO] [1749836322.830432325] [service_neighbours_opinions]: All opinions size= 17
1749836322.8361063 [publish_wind_direction-4] [INFO] [1749836322.835461547] [publish_wind_direction]: ### Informed ###
1749836322.8415408 [publish_wind_direction-4] [INFO] [1749836322.840919844] [publish_wind_direction]: Publishing: id136:N
1749836322.8461716 [publish_wind_direction-4] [INFO] [1749836322.845460899] [publish_wind_direction]: ------------------
1749836328.6319089 [service_neighbours_opinions-2] [INFO] [1749836328.631196007] [service_neighbours_opinions]: All opinions size= 17
1749836328.6397209 [publish_wind_direction-4] [INFO] [1749836328.639053007] [publish_wind_direction]: ### Informed ###
1749836328.6450789 [publish_wind_direction-4] [INFO] [1749836328.644110248] [publish_wind_direction]: Publishing: id136:W
1749836328.6476741 [publish_wind_direction-4] [INFO] [1749836328.646685100] [publish_wind_direction]: ------------------
1749836332.3138731 [service_vicon_node-1] [INFO] [1749836332.313026060] [service_vicon_node]: Frame_no: 312396
1749836332.8929920 [service_neighbours_opinions-2] [INFO] [1749836332.892326597] [service_neighbours_opinions]: All opinions size= 17
1749836332.8975673 [publish_wind_direction-4] [INFO] [1749836332.896927041] [publish_wind_direction]: ### Informed ###
1749836332.9009645 [publish_wind_direction-4] [INFO] [1749836332.900389134] [publish_wind_direction]: Publishing: id136:W
1749836332.9036908 [publish_wind_direction-4] [INFO] [1749836332.903054449] [publish_wind_direction]: ------------------
1749836337.7012112 [service_neighbours_opinions-2] [INFO] [1749836337.700439798] [service_neighbours_opinions]: All opinions size= 18
1749836337.7065413 [publish_wind_direction-4] [INFO] [1749836337.705872353] [publish_wind_direction]: ### Informed ###
1749836337.7104230 [publish_wind_direction-4] [INFO] [1749836337.709568372] [publish_wind_direction]: Publishing: id136:W
1749836337.7130167 [publish_wind_direction-4] [INFO] [1749836337.712431557] [publish_wind_direction]: ------------------
1749836344.2986205 [service_vicon_node-1] [INFO] [1749836344.297986516] [service_vicon_node]: Frame_no: 312396
1749836354.3055446 [service_vicon_node-1] [INFO] [1749836354.304889547] [service_vicon_node]: Frame_no: 312396
1749836364.3082740 [service_vicon_node-1] [INFO] [1749836364.307578504] [service_vicon_node]: Frame_no: 312396
1749836374.3126645 [service_vicon_node-1] [INFO] [1749836374.312038535] [service_vicon_node]: Frame_no: 312396
1749836384.3176627 [service_vicon_node-1] [INFO] [1749836384.316976344] [service_vicon_node]: Frame_no: 312396
1749836394.3256271 [service_vicon_node-1] [INFO] [1749836394.324949227] [service_vicon_node]: Frame_no: 312396
1749836405.3284655 [service_vicon_node-1] [INFO] [1749836405.327429369] [service_vicon_node]: Frame_no: 312396
1749836416.3289912 [service_vicon_node-1] [INFO] [1749836416.328277270] [service_vicon_node]: Frame_no: 312396
1749836426.3379216 [service_vicon_node-1] [INFO] [1749836426.337233264] [service_vicon_node]: Frame_no: 312396
1749836436.3475204 [service_vicon_node-1] [INFO] [1749836436.346645646] [service_vicon_node]: Frame_no: 312396
1749836447.3453794 [service_vicon_node-1] [INFO] [1749836447.344701695] [service_vicon_node]: Frame_no: 312396
1749836457.3545551 [service_vicon_node-1] [INFO] [1749836457.353600671] [service_vicon_node]: Frame_no: 312396
1749836468.3557425 [service_vicon_node-1] [INFO] [1749836468.355055924] [service_vicon_node]: Frame_no: 312396
1749836478.3675659 [service_vicon_node-1] [INFO] [1749836478.365609418] [service_vicon_node]: Frame_no: 312396
1749836489.3647687 [service_vicon_node-1] [INFO] [1749836489.364087485] [service_vicon_node]: Frame_no: 312396
1749836499.3782592 [service_vicon_node-1] [INFO] [1749836499.377572627] [service_vicon_node]: Frame_no: 312396
1749836510.3720369 [service_vicon_node-1] [INFO] [1749836510.371417399] [service_vicon_node]: Frame_no: 312396
1749836521.3782480 [service_vicon_node-1] [INFO] [1749836521.377552114] [service_vicon_node]: Frame_no: 312396
1749836531.3851311 [service_vicon_node-1] [INFO] [1749836531.384478757] [service_vicon_node]: Frame_no: 312396
1749836541.3888071 [service_vicon_node-1] [INFO] [1749836541.388128121] [service_vicon_node]: Frame_no: 312396
1749836552.3939846 [service_vicon_node-1] [INFO] [1749836552.392978059] [service_vicon_node]: Frame_no: 312396
1749836562.3991966 [service_vicon_node-1] [INFO] [1749836562.398452294] [service_vicon_node]: Frame_no: 312396
1749836573.4024501 [service_vicon_node-1] [INFO] [1749836573.401504398] [service_vicon_node]: Frame_no: 312396
1749836584.4058380 [service_vicon_node-1] [INFO] [1749836584.405137188] [service_vicon_node]: Frame_no: 312396
1749836595.4082987 [service_vicon_node-1] [INFO] [1749836595.407629404] [service_vicon_node]: Frame_no: 312396
1749836606.4160013 [service_vicon_node-1] [INFO] [1749836606.415000804] [service_vicon_node]: Frame_no: 312396
1749836616.4217763 [service_vicon_node-1] [INFO] [1749836616.421111743] [service_vicon_node]: Frame_no: 312396
1749836627.4251292 [service_vicon_node-1] [INFO] [1749836627.424112496] [service_vicon_node]: Frame_no: 312396
1749836637.4307764 [service_vicon_node-1] [INFO] [1749836637.429788378] [service_vicon_node]: Frame_no: 312396
1749836648.4396477 [service_vicon_node-1] [INFO] [1749836648.438940909] [service_vicon_node]: Frame_no: 312396
1749836659.4372797 [service_vicon_node-1] [INFO] [1749836659.436317069] [service_vicon_node]: Frame_no: 312396
1749836669.4454541 [service_vicon_node-1] [INFO] [1749836669.444463822] [service_vicon_node]: Frame_no: 312396
1749836679.4484057 [service_vicon_node-1] [INFO] [1749836679.447367816] [service_vicon_node]: Frame_no: 312396
1749836690.4456835 [service_vicon_node-1] [INFO] [1749836690.444991273] [service_vicon_node]: Frame_no: 312396
1749836701.4519401 [service_vicon_node-1] [INFO] [1749836701.450768914] [service_vicon_node]: Frame_no: 312396
1749836711.4592519 [service_vicon_node-1] [INFO] [1749836711.458518575] [service_vicon_node]: Frame_no: 312396
1749836721.4686074 [service_vicon_node-1] [INFO] [1749836721.467891717] [service_vicon_node]: Frame_no: 312396
1749836733.4703801 [service_vicon_node-1] [INFO] [1749836733.469668840] [service_vicon_node]: Frame_no: 312396
1749836744.4725261 [service_vicon_node-1] [INFO] [1749836744.471786704] [service_vicon_node]: Frame_no: 312396
1749836754.4785149 [service_vicon_node-1] [INFO] [1749836754.477840475] [service_vicon_node]: Frame_no: 312396
1749836765.4753642 [service_vicon_node-1] [INFO] [1749836765.474642321] [service_vicon_node]: Frame_no: 312396
1749836775.4863858 [service_vicon_node-1] [INFO] [1749836775.485445630] [service_vicon_node]: Frame_no: 312396
1749836786.4870625 [service_vicon_node-1] [INFO] [1749836786.485956697] [service_vicon_node]: Frame_no: 312396
1749836796.4991784 [service_vicon_node-1] [INFO] [1749836796.498468284] [service_vicon_node]: Frame_no: 312396
1749836807.4929142 [service_vicon_node-1] [INFO] [1749836807.491957203] [service_vicon_node]: Frame_no: 312396
1749836817.5105674 [service_vicon_node-1] [INFO] [1749836817.509921901] [service_vicon_node]: Frame_no: 312396
1749836828.5085607 [service_vicon_node-1] [INFO] [1749836828.507533802] [service_vicon_node]: Frame_no: 312396
1749836838.5144761 [service_vicon_node-1] [INFO] [1749836838.513822925] [service_vicon_node]: Frame_no: 312396
1749836850.5168760 [service_vicon_node-1] [INFO] [1749836850.516208381] [service_vicon_node]: Frame_no: 312396
1749836862.5213382 [service_vicon_node-1] [INFO] [1749836862.520667744] [service_vicon_node]: Frame_no: 312396
1749836872.5276904 [service_vicon_node-1] [INFO] [1749836872.527022627] [service_vicon_node]: Frame_no: 312396
1749836883.5338366 [service_vicon_node-1] [INFO] [1749836883.532957195] [service_vicon_node]: Frame_no: 312396
1749836894.5308862 [service_vicon_node-1] [INFO] [1749836894.529889836] [service_vicon_node]: Frame_no: 312396
1749836904.5379491 [service_vicon_node-1] [INFO] [1749836904.537282423] [service_vicon_node]: Frame_no: 312396
1749836915.5437832 [service_vicon_node-1] [INFO] [1749836915.542786287] [service_vicon_node]: Frame_no: 312396
1749836925.5467575 [service_vicon_node-1] [INFO] [1749836925.546087373] [service_vicon_node]: Frame_no: 312396
1749836936.5507703 [service_vicon_node-1] [INFO] [1749836936.549714497] [service_vicon_node]: Frame_no: 312396
1749836946.5589883 [service_vicon_node-1] [INFO] [1749836946.558275176] [service_vicon_node]: Frame_no: 312396
1749836957.5573392 [service_vicon_node-1] [INFO] [1749836957.556473688] [service_vicon_node]: Frame_no: 312396
1749836968.5616508 [service_vicon_node-1] [INFO] [1749836968.560964255] [service_vicon_node]: Frame_no: 312396
1749836978.5698223 [service_vicon_node-1] [INFO] [1749836978.569144823] [service_vicon_node]: Frame_no: 312396
1749836989.5736177 [service_vicon_node-1] [INFO] [1749836989.572942854] [service_vicon_node]: Frame_no: 312396
1749836999.5813236 [service_vicon_node-1] [INFO] [1749836999.580380570] [service_vicon_node]: Frame_no: 312396
1749837009.5939610 [service_vicon_node-1] [INFO] [1749837009.593056379] [service_vicon_node]: Frame_no: 312396
1749837020.5866246 [service_vicon_node-1] [INFO] [1749837020.585958372] [service_vicon_node]: Frame_no: 312396
1749837030.5990119 [service_vicon_node-1] [INFO] [1749837030.598041922] [service_vicon_node]: Frame_no: 312396
1749837041.5886717 [service_vicon_node-1] [INFO] [1749837041.587761693] [service_vicon_node]: Frame_no: 312396
1749837052.5950577 [service_vicon_node-1] [INFO] [1749837052.594355983] [service_vicon_node]: Frame_no: 312396
1749837063.6031909 [service_vicon_node-1] [INFO] [1749837063.602495180] [service_vicon_node]: Frame_no: 312396
1749837075.6104982 [service_vicon_node-1] [INFO] [1749837075.609543062] [service_vicon_node]: Frame_no: 312396
1749837086.6041160 [service_vicon_node-1] [INFO] [1749837086.603271370] [service_vicon_node]: Frame_no: 312396
1749837096.6133995 [service_vicon_node-1] [INFO] [1749837096.612451271] [service_vicon_node]: Frame_no: 312396
1749837107.6122940 [service_vicon_node-1] [INFO] [1749837107.611611709] [service_vicon_node]: Frame_no: 312396
1749837117.6308956 [service_vicon_node-1] [INFO] [1749837117.630193092] [service_vicon_node]: Frame_no: 312396
1749837128.6219840 [service_vicon_node-1] [INFO] [1749837128.621321271] [service_vicon_node]: Frame_no: 312396
1749837138.6323144 [service_vicon_node-1] [INFO] [1749837138.631676172] [service_vicon_node]: Frame_no: 312396
1749837149.6343243 [service_vicon_node-1] [INFO] [1749837149.633654962] [service_vicon_node]: Frame_no: 312396
1749837159.6415095 [service_vicon_node-1] [INFO] [1749837159.640834419] [service_vicon_node]: Frame_no: 312396
1749837170.6508741 [service_vicon_node-1] [INFO] [1749837170.650209283] [service_vicon_node]: Frame_no: 312396
1749837182.6586702 [service_vicon_node-1] [INFO] [1749837182.658043313] [service_vicon_node]: Frame_no: 312396
1749837193.6496074 [service_vicon_node-1] [INFO] [1749837193.648995621] [service_vicon_node]: Frame_no: 312396
1749837203.6650162 [service_vicon_node-1] [INFO] [1749837203.664095763] [service_vicon_node]: Frame_no: 312396
1749837215.6625745 [service_vicon_node-1] [INFO] [1749837215.661927201] [service_vicon_node]: Frame_no: 312396
1749837225.6662829 [service_vicon_node-1] [INFO] [1749837225.665354009] [service_vicon_node]: Frame_no: 312396
1749837236.6605165 [service_vicon_node-1] [INFO] [1749837236.659662484] [service_vicon_node]: Frame_no: 312396
1749837246.6753032 [service_vicon_node-1] [INFO] [1749837246.674232664] [service_vicon_node]: Frame_no: 312396
1749837257.6754303 [service_vicon_node-1] [INFO] [1749837257.674454972] [service_vicon_node]: Frame_no: 312396
1749837267.6801405 [service_vicon_node-1] [INFO] [1749837267.679191318] [service_vicon_node]: Frame_no: 312396
1749837278.6811235 [service_vicon_node-1] [INFO] [1749837278.680449459] [service_vicon_node]: Frame_no: 312396
1749837288.6913602 [service_vicon_node-1] [INFO] [1749837288.690329305] [service_vicon_node]: Frame_no: 312396
1749837298.6987350 [service_vicon_node-1] [INFO] [1749837298.698075262] [service_vicon_node]: Frame_no: 312396
1749837309.7009993 [service_vicon_node-1] [INFO] [1749837309.700350293] [service_vicon_node]: Frame_no: 312396
1749837320.6962845 [service_vicon_node-1] [INFO] [1749837320.695341527] [service_vicon_node]: Frame_no: 312396
1749837330.7532470 [service_vicon_node-1] [INFO] [1749837330.752557984] [service_vicon_node]: Frame_no: 312396
1749837340.7791524 [service_vicon_node-1] [INFO] [1749837340.778078996] [service_vicon_node]: Frame_no: 312396
1749837350.8405929 [service_vicon_node-1] [INFO] [1749837350.839921731] [service_vicon_node]: Frame_no: 312396
1749837360.8770444 [service_vicon_node-1] [INFO] [1749837360.876137058] [service_vicon_node]: Frame_no: 312396
1749837370.9174080 [service_vicon_node-1] [INFO] [1749837370.916750886] [service_vicon_node]: Frame_no: 312396
1749837380.9805696 [service_vicon_node-1] [INFO] [1749837380.979635065] [service_vicon_node]: Frame_no: 312396
1749837391.0369484 [service_vicon_node-1] [INFO] [1749837391.035963540] [service_vicon_node]: Frame_no: 312396
1749837400.0690274 [service_vicon_node-1] [INFO] [1749837400.068323591] [service_vicon_node]: Vicon node, runtime finished, raising exception
1749837400.0729961 [service_vicon_node-1] [INFO] [1749837400.072273554] [service_vicon_node]: Vicon Node Stopping, Times up
1749837400.0782428 [service_neighbours_opinions-2] [INFO] [1749837400.077546572] [service_neighbours_opinions]: Raising exception at 17:56:40
1749837400.2854776 [service_neighbours_opinions-2] Traceback (most recent call last):
1749837400.2881808 [service_neighbours_opinions-2]   File "/home/thymio/ros2_ws/install/wind_direction_detector/lib/python3.10/site-packages/wind_direction_detector/neighbours_opinion_node.py", line 114, in main
1749837400.2915633 [service_neighbours_opinions-2]     rclpy.spin(neighbours_node)
1749837400.2948465 [service_neighbours_opinions-2]   File "/opt/ros/humble/local/lib/python3.10/dist-packages/rclpy/__init__.py", line 226, in spin
1749837400.3008926 [service_neighbours_opinions-2]     executor.spin_once()
1749837400.3023670 [service_neighbours_opinions-2]   File "/opt/ros/humble/local/lib/python3.10/dist-packages/rclpy/executors.py", line 739, in spin_once
1749837400.3103516 [service_neighbours_opinions-2]     self._spin_once_impl(timeout_sec)
1749837400.3183775 [service_neighbours_opinions-2]   File "/opt/ros/humble/local/lib/python3.10/dist-packages/rclpy/executors.py", line 736, in _spin_once_impl
1749837400.3210478 [service_neighbours_opinions-2]     raise handler.exception()
1749837400.3261683 [service_neighbours_opinions-2]   File "/opt/ros/humble/local/lib/python3.10/dist-packages/rclpy/task.py", line 239, in __call__
1749837400.3289692 [service_neighbours_opinions-2]     self._handler.send(None)
1749837400.3411100 [service_neighbours_opinions-2]   File "/opt/ros/humble/local/lib/python3.10/dist-packages/rclpy/executors.py", line 437, in handler
1749837400.3441384 [service_neighbours_opinions-2]     await call_coroutine(entity, arg)
1749837400.3457789 [service_neighbours_opinions-2]   File "/opt/ros/humble/local/lib/python3.10/dist-packages/rclpy/executors.py", line 351, in _execute_timer
1749837400.3467705 [service_neighbours_opinions-2]     await await_or_execute(tmr.callback)
1749837400.3476973 [service_neighbours_opinions-2]   File "/opt/ros/humble/local/lib/python3.10/dist-packages/rclpy/executors.py", line 107, in await_or_execute
1749837400.3485694 [service_neighbours_opinions-2]     return callback(*args)
1749837400.3498616 [service_neighbours_opinions-2]   File "/home/thymio/ros2_ws/install/wind_direction_detector/lib/python3.10/site-packages/wind_direction_detector/neighbours_opinion_node.py", line 65, in stop_execution
1749837400.3508639 [service_neighbours_opinions-2]     raise Exception
1749837400.3517845 [service_neighbours_opinions-2] Exception
1749837400.3530922 [service_neighbours_opinions-2] 
1749837400.3550050 [service_neighbours_opinions-2] During handling of the above exception, another exception occurred:
1749837400.3559597 [service_neighbours_opinions-2] 
1749837400.3568323 [service_neighbours_opinions-2] Traceback (most recent call last):
1749837400.3588567 [service_neighbours_opinions-2]   File "/home/thymio/ros2_ws/install/wind_direction_detector/lib/wind_direction_detector/service_neighbours_opinions", line 33, in <module>
1749837400.3608100 [service_neighbours_opinions-2]     sys.exit(load_entry_point('wind-direction-detector==0.0.0', 'console_scripts', 'service_neighbours_opinions')())
1749837400.3630736 [service_neighbours_opinions-2]   File "/home/thymio/ros2_ws/install/wind_direction_detector/lib/python3.10/site-packages/wind_direction_detector/neighbours_opinion_node.py", line 120, in main
1749837400.3647478 [service_neighbours_opinions-2]     neighbours_node.get_logger().error(e)
1749837400.3663950 [service_neighbours_opinions-2]   File "/opt/ros/humble/local/lib/python3.10/dist-packages/rclpy/impl/rcutils_logger.py", line 345, in error
1749837400.3679316 [service_neighbours_opinions-2]     return self.log(message, LoggingSeverity.ERROR, **kwargs)
1749837400.3695798 [service_neighbours_opinions-2]   File "/opt/ros/humble/local/lib/python3.10/dist-packages/rclpy/impl/rcutils_logger.py", line 318, in log
1749837400.3714075 [service_neighbours_opinions-2]     _rclpy.rclpy_logging_rcutils_log(
1749837400.3736553 [service_neighbours_opinions-2] TypeError: rclpy_logging_rcutils_log(): incompatible function arguments. The following argument types are supported:
1749837400.3763924 [service_neighbours_opinions-2]     1. (arg0: int, arg1: str, arg2: str, arg3: str, arg4: str, arg5: int) -> None
1749837400.3780048 [service_neighbours_opinions-2] 
1749837400.3814211 [service_neighbours_opinions-2] Invoked with: <LoggingSeverity.ERROR: 40>, 'service_neighbours_opinions', Exception(), 'main', '/home/thymio/ros2_ws/install/wind_direction_detector/lib/python3.10/site-packages/wind_direction_detector/neighbours_opinion_node.py', 120
1749837400.5235796 [INFO] [service_vicon_node-1]: process has finished cleanly [pid 4704]
1749837401.3344264 [ERROR] [service_neighbours_opinions-2]: process has died [pid 4706, exit code 1, cmd '/home/thymio/ros2_ws/install/wind_direction_detector/lib/wind_direction_detector/service_neighbours_opinions --ros-args -r __node:=service_neighbours_opinions'].
1749837410.1926637 [random_robot_move-3] [INFO] [1749837410.192047751] [random_robot_move]: robot move: excetion raised at 17:56:50
1749837410.1952541 [random_robot_move-3] [INFO] [1749837410.194513399] [random_robot_move]: Exception, shutting down
1749837410.2189207 [random_robot_move-3] Initializing Thymio Robot
1749837410.2192953 [random_robot_move-3] Thymio 1 is connected
1749837410.2194455 [random_robot_move-3] ['_id', 'event.source', 'event.args', '_fwversion', '_productId', 'buttons._raw', 'button.backward', 'button.left', 'button.center', 'button.forward', 'button.right', 'buttons._mean', 'buttons._noise', 'prox.horizontal', 'prox.comm.rx._payloads', 'prox.comm.rx._intensities', 'prox.comm.rx', 'prox.comm.tx', 'prox.ground.ambiant', 'prox.ground.reflected', 'prox.ground.delta', 'motor.left.target', 'motor.right.target', '_vbat', '_imot', 'motor.left.speed', 'motor.right.speed', 'motor.left.pwm', 'motor.right.pwm', '_integrator', 'acc', 'leds.top', 'leds.bottom.left', 'leds.bottom.right', 'leds.circle', 'temperature', 'rc5.address', 'rc5.command', 'mic.intensity', 'mic.threshold', 'mic._mean', 'timer.period', 'acc._tap', 'sd.present']
1749837410.2199774 [random_robot_move-3] Robot connected
