1753361776.7069824 [INFO] [launch]: All log files can be found below /home/thymio/ros_logs/2025-07-24-12-56-16-703789-thymio-4849
1753361776.7075830 [INFO] [launch]: Default logging verbosity is set to INFO
1753361776.9274888 [INFO] [service_vicon_node-1]: process started with pid [4850]
1753361776.9284606 [INFO] [service_neighbours_opinions-2]: process started with pid [4852]
1753361776.9290555 [INFO] [random_robot_move-3]: process started with pid [4854]
1753361776.9295871 [INFO] [publish_wind_direction-4]: process started with pid [4856]
1753361778.5384922 [publish_wind_direction-4] /usr/lib/python3/dist-packages/scipy/__init__.py:146: UserWarning: A NumPy version >=1.17.3 and <1.25.0 is required for this version of SciPy (detected version 1.26.4
1753361778.5389717 [publish_wind_direction-4]   warnings.warn(f"A NumPy version >={np_minversion} and <{np_maxversion}"
1753361778.5829992 [service_neighbours_opinions-2] [INFO] [1753361778.582266644] [service_neighbours_opinions]: Physical Ip=192.168.3.78, id=id78
1753361778.5863431 [service_neighbours_opinions-2] [INFO] [1753361778.585667311] [service_neighbours_opinions]: Updated ID from mapping: id194
1753361778.5950258 [service_neighbours_opinions-2] [INFO] [1753361778.594335256] [service_neighbours_opinions]: Subscribed to: wind_direction/id68
1753361778.5992916 [service_neighbours_opinions-2] [INFO] [1753361778.598494256] [service_neighbours_opinions]: Subscribed to: wind_direction/id136
1753361778.6041911 [service_neighbours_opinions-2] [INFO] [1753361778.603451237] [service_neighbours_opinions]: Subscribed to: wind_direction/id137
1753361778.6088850 [service_neighbours_opinions-2] [INFO] [1753361778.608093330] [service_neighbours_opinions]: Subscribed to: wind_direction/id142
1753361778.6114147 [service_vicon_node-1] [INFO] [1753361778.610582811] [service_vicon_node]: Physical Ip=192.168.3.78, id=id78
1753361778.6148238 [service_vicon_node-1] [INFO] [1753361778.613989663] [service_vicon_node]: Updated ID from mapping: id194
1753361778.6161516 [service_neighbours_opinions-2] [INFO] [1753361778.613989793] [service_neighbours_opinions]: Subscribed to: wind_direction/id151
1753361778.6200068 [service_neighbours_opinions-2] [INFO] [1753361778.619244052] [service_neighbours_opinions]: Subscribed to: wind_direction/id152
1753361778.6259265 [service_neighbours_opinions-2] [INFO] [1753361778.625221441] [service_neighbours_opinions]: Subscribed to: wind_direction/id155
1753361778.6288843 [service_vicon_node-1] [INFO] [1753361778.628176218] [service_vicon_node]: Subscribed to: vicon/default/data
1753361778.6320331 [service_neighbours_opinions-2] [INFO] [1753361778.631363681] [service_neighbours_opinions]: Subscribed to: wind_direction/id189
1753361778.6376231 [service_neighbours_opinions-2] [INFO] [1753361778.636979015] [service_neighbours_opinions]: Subscribed to: wind_direction/id192
1753361778.6432900 [service_neighbours_opinions-2] [INFO] [1753361778.642649478] [service_neighbours_opinions]: Subscribed to: wind_direction/id193
1753361778.6490407 [service_neighbours_opinions-2] [INFO] [1753361778.648404496] [service_neighbours_opinions]: Subscribed to: wind_direction/id195
1753361778.6551154 [service_neighbours_opinions-2] [INFO] [1753361778.654460255] [service_neighbours_opinions]: Subscribed to: wind_direction/id200
1753361778.6608913 [service_neighbours_opinions-2] [INFO] [1753361778.660168718] [service_neighbours_opinions]: Subscribed to: wind_direction/id206
1753361778.6667826 [service_neighbours_opinions-2] [INFO] [1753361778.666139181] [service_neighbours_opinions]: Subscribed to: wind_direction/id207
1753361778.6808345 [service_neighbours_opinions-2] [INFO] [1753361778.680107107] [service_neighbours_opinions]: Subscribed to: wind_direction/id223
1753361778.6869569 [service_neighbours_opinions-2] [INFO] [1753361778.686274755] [service_neighbours_opinions]: Subscribed to: wind_direction/id224
1753361778.6940484 [service_neighbours_opinions-2] [INFO] [1753361778.693394515] [service_neighbours_opinions]: Subscribed to: wind_direction/id236
1753361778.6988854 [service_neighbours_opinions-2] [INFO] [1753361778.698162070] [service_neighbours_opinions]: Subscribed to: wind_direction/id247
1753361778.7029831 [service_neighbours_opinions-2] [INFO] [1753361778.702249959] [service_neighbours_opinions]: Subscribed to: wind_direction/id1193
1753361779.0234928 [publish_wind_direction-4] [INFO] [1753361779.022872181] [publish_wind_direction]: Physical Ip=192.168.3.78, id=id78
1753361779.0260971 [publish_wind_direction-4] [INFO] [1753361779.025586885] [publish_wind_direction]: Updated ID from mapping: id194
1753361779.0333924 [publish_wind_direction-4] [INFO] [1753361779.032827977] [publish_wind_direction]: Publsihing on: wind_direction/id194
1753361786.4957404 [random_robot_move-3] [INFO] [1753361786.494993269] [random_robot_move]: Robot Control Node started.
1753361804.0834103 [publish_wind_direction-4] [ERROR] [1753361804.082770333] [publish_wind_direction]: get_pose_data service not available!
1753361829.1241422 [publish_wind_direction-4] [ERROR] [1753361829.123492688] [publish_wind_direction]: get_opinions service not available!
1753361876.2922015 [service_vicon_node-1] [INFO] [1753361876.291439531] [service_vicon_node]: Frame_no: 138499
1753361886.9324410 [service_vicon_node-1] [INFO] [1753361886.931537858] [service_vicon_node]: Frame_no: 138810
1753361897.2628863 [service_vicon_node-1] [INFO] [1753361897.262086240] [service_vicon_node]: Frame_no: 139113
1753361908.1994612 [service_vicon_node-1] [INFO] [1753361908.198667493] [service_vicon_node]: Frame_no: 139409
1753361918.6591554 [service_vicon_node-1] [INFO] [1753361918.658436765] [service_vicon_node]: Frame_no: 139768
1753361928.6015117 [service_neighbours_opinions-2] [INFO] [1753361928.600856277] [service_neighbours_opinions]: All opinions size= 8
1753361929.1781807 [service_vicon_node-1] [INFO] [1753361929.177314406] [service_vicon_node]: Frame_no: 140087
1753361931.2618005 [service_neighbours_opinions-2] [INFO] [1753361931.261154813] [service_neighbours_opinions]: All opinions size= 10
1753361931.2633090 [publish_wind_direction-4] [INFO] [1753361931.262369053] [publish_wind_direction]: ### Informed ###
1753361931.2669671 [publish_wind_direction-4] [INFO] [1753361931.266307590] [publish_wind_direction]: Publishing: id194:E
1753361931.2710707 [publish_wind_direction-4] [INFO] [1753361931.269308831] [publish_wind_direction]: ------------------
1753361933.6758139 [service_neighbours_opinions-2] [INFO] [1753361933.675147922] [service_neighbours_opinions]: All opinions size= 10
1753361933.6774209 [publish_wind_direction-4] [INFO] [1753361933.675753404] [publish_wind_direction]: ### Informed ###
1753361933.6825109 [publish_wind_direction-4] [INFO] [1753361933.679740830] [publish_wind_direction]: Publishing: id194:W
1753361933.6841888 [publish_wind_direction-4] [INFO] [1753361933.682636163] [publish_wind_direction]: ------------------
1753361936.0044253 [service_neighbours_opinions-2] [INFO] [1753361936.003361236] [service_neighbours_opinions]: All opinions size= 10
1753361936.0064690 [publish_wind_direction-4] [INFO] [1753361936.004629458] [publish_wind_direction]: ### Informed ###
1753361936.0095429 [publish_wind_direction-4] [INFO] [1753361936.008899680] [publish_wind_direction]: Publishing: id194:E
1753361936.0123422 [publish_wind_direction-4] [INFO] [1753361936.011522106] [publish_wind_direction]: ------------------
1753361938.3230402 [publish_wind_direction-4] [INFO] [1753361938.322373142] [publish_wind_direction]: ### Informed ###
1753361938.3253541 [service_neighbours_opinions-2] [INFO] [1753361938.324726975] [service_neighbours_opinions]: All opinions size= 10
1753361938.3269739 [publish_wind_direction-4] [INFO] [1753361938.326432494] [publish_wind_direction]: Publishing: id194:W
1753361938.3298547 [publish_wind_direction-4] [INFO] [1753361938.329224697] [publish_wind_direction]: ------------------
1753361939.3520770 [service_vicon_node-1] [INFO] [1753361939.351302660] [service_vicon_node]: Frame_no: 140392
1753361940.9813945 [service_neighbours_opinions-2] [INFO] [1753361940.980584455] [service_neighbours_opinions]: All opinions size= 10
1753361940.9890795 [publish_wind_direction-4] [INFO] [1753361940.988460159] [publish_wind_direction]: ### Informed ###
1753361940.9926715 [publish_wind_direction-4] [INFO] [1753361940.992077974] [publish_wind_direction]: Publishing: id194:W
1753361940.9952073 [publish_wind_direction-4] [INFO] [1753361940.994653011] [publish_wind_direction]: ------------------
1753361943.2954733 [service_neighbours_opinions-2] [INFO] [1753361943.294729694] [service_neighbours_opinions]: All opinions size= 10
1753361943.2975748 [publish_wind_direction-4] [INFO] [1753361943.295815231] [publish_wind_direction]: ### Informed ###
1753361943.3003490 [publish_wind_direction-4] [INFO] [1753361943.299742324] [publish_wind_direction]: Publishing: id194:W
1753361943.3028858 [publish_wind_direction-4] [INFO] [1753361943.302338583] [publish_wind_direction]: ------------------
1753361945.6009920 [publish_wind_direction-4] [INFO] [1753361945.600197212] [publish_wind_direction]: ### Informed ###
1753361945.6029127 [service_neighbours_opinions-2] [INFO] [1753361945.600515397] [service_neighbours_opinions]: All opinions size= 10
1753361945.6049731 [publish_wind_direction-4] [INFO] [1753361945.604362174] [publish_wind_direction]: Publishing: id194:W
1753361945.6076488 [publish_wind_direction-4] [INFO] [1753361945.607081082] [publish_wind_direction]: ------------------
1753361947.8672314 [service_neighbours_opinions-2] [INFO] [1753361947.866510321] [service_neighbours_opinions]: All opinions size= 10
1753361947.8686709 [publish_wind_direction-4] [INFO] [1753361947.867013155] [publish_wind_direction]: ### Informed ###
1753361947.8715832 [publish_wind_direction-4] [INFO] [1753361947.870983451] [publish_wind_direction]: Publishing: id194:E
1753361947.8741486 [publish_wind_direction-4] [INFO] [1753361947.873602710] [publish_wind_direction]: ------------------
1753361949.5832524 [service_vicon_node-1] [INFO] [1753361949.582512931] [service_vicon_node]: Frame_no: 140699
1753361950.1443999 [service_neighbours_opinions-2] [INFO] [1753361950.143589246] [service_neighbours_opinions]: All opinions size= 10
1753361950.1484661 [publish_wind_direction-4] [INFO] [1753361950.147714320] [publish_wind_direction]: ### Informed ###
1753361950.1519029 [publish_wind_direction-4] [INFO] [1753361950.151353413] [publish_wind_direction]: Publishing: id194:E
1753361950.1545172 [publish_wind_direction-4] [INFO] [1753361950.153943987] [publish_wind_direction]: ------------------
1753361952.4754541 [publish_wind_direction-4] [INFO] [1753361952.474782985] [publish_wind_direction]: ### Informed ###
1753361952.4774909 [service_neighbours_opinions-2] [INFO] [1753361952.475634448] [service_neighbours_opinions]: All opinions size= 10
1753361952.4795449 [publish_wind_direction-4] [INFO] [1753361952.478943985] [publish_wind_direction]: Publishing: id194:E
1753361952.4823806 [publish_wind_direction-4] [INFO] [1753361952.481810096] [publish_wind_direction]: ------------------
1753361954.7812631 [service_neighbours_opinions-2] [INFO] [1753361954.780574521] [service_neighbours_opinions]: All opinions size= 10
1753361954.7829700 [publish_wind_direction-4] [INFO] [1753361954.781775039] [publish_wind_direction]: ### Informed ###
1753361954.7862175 [publish_wind_direction-4] [INFO] [1753361954.785601817] [publish_wind_direction]: Publishing: id194:N
1753361954.7901604 [publish_wind_direction-4] [INFO] [1753361954.789587150] [publish_wind_direction]: ------------------
1753361957.0708690 [service_neighbours_opinions-2] [INFO] [1753361957.069751631] [service_neighbours_opinions]: All opinions size= 10
1753361957.0735722 [publish_wind_direction-4] [INFO] [1753361957.070383001] [publish_wind_direction]: ### Informed ###
1753361957.0758519 [publish_wind_direction-4] [INFO] [1753361957.074370205] [publish_wind_direction]: Publishing: id194:W
1753361957.0782018 [publish_wind_direction-4] [INFO] [1753361957.077012408] [publish_wind_direction]: ------------------
1753361959.3775694 [publish_wind_direction-4] [INFO] [1753361959.376885500] [publish_wind_direction]: ### Informed ###
1753361959.3792617 [service_neighbours_opinions-2] [INFO] [1753361959.377601370] [service_neighbours_opinions]: All opinions size= 10
1753361959.3819640 [publish_wind_direction-4] [INFO] [1753361959.381245018] [publish_wind_direction]: Publishing: id194:S
1753361959.3848674 [publish_wind_direction-4] [INFO] [1753361959.384195611] [publish_wind_direction]: ------------------
1753361959.7040203 [service_vicon_node-1] [INFO] [1753361959.703100462] [service_vicon_node]: Frame_no: 141002
1753361961.7574096 [service_neighbours_opinions-2] [INFO] [1753361961.755457794] [service_neighbours_opinions]: All opinions size= 10
1753361961.7594886 [publish_wind_direction-4] [INFO] [1753361961.756446720] [publish_wind_direction]: ### Informed ###
1753361961.7610602 [publish_wind_direction-4] [INFO] [1753361961.760140906] [publish_wind_direction]: Publishing: id194:S
1753361961.7636683 [publish_wind_direction-4] [INFO] [1753361961.762838091] [publish_wind_direction]: ------------------
1753361964.0915112 [service_neighbours_opinions-2] [INFO] [1753361964.090774238] [service_neighbours_opinions]: All opinions size= 10
1753361964.0939491 [publish_wind_direction-4] [INFO] [1753361964.093329552] [publish_wind_direction]: ### Informed ###
1753361964.0993288 [publish_wind_direction-4] [INFO] [1753361964.098767812] [publish_wind_direction]: Publishing: id194:S
1753361964.1028786 [publish_wind_direction-4] [INFO] [1753361964.102335756] [publish_wind_direction]: ------------------
1753361966.4737659 [service_neighbours_opinions-2] [INFO] [1753361966.472632014] [service_neighbours_opinions]: All opinions size= 10
1753361966.4764192 [publish_wind_direction-4] [INFO] [1753361966.473346662] [publish_wind_direction]: ### Informed ###
1753361966.4787183 [publish_wind_direction-4] [INFO] [1753361966.477299644] [publish_wind_direction]: Publishing: id194:W
1753361966.4808211 [publish_wind_direction-4] [INFO] [1753361966.479918884] [publish_wind_direction]: ------------------
1753361968.7945876 [service_neighbours_opinions-2] [INFO] [1753361968.793296772] [service_neighbours_opinions]: All opinions size= 10
1753361968.7965543 [publish_wind_direction-4] [INFO] [1753361968.793440513] [publish_wind_direction]: ### Informed ###
1753361968.7981248 [publish_wind_direction-4] [INFO] [1753361968.797525957] [publish_wind_direction]: Publishing: id194:W
1753361968.8006907 [publish_wind_direction-4] [INFO] [1753361968.800108753] [publish_wind_direction]: ------------------
1753361968.8047037 [publish_wind_direction-4] [INFO] [1753361968.804090105] [publish_wind_direction]: ### Informed ###
1753361968.8080840 [publish_wind_direction-4] [INFO] [1753361968.807534235] [publish_wind_direction]: Publishing: id194:W
1753361968.8106472 [publish_wind_direction-4] [INFO] [1753361968.810109438] [publish_wind_direction]: ------------------
1753361969.9432065 [service_vicon_node-1] [INFO] [1753361969.942036549] [service_vicon_node]: Frame_no: 141310
1753361971.3889585 [service_neighbours_opinions-2] [INFO] [1753361971.388296900] [service_neighbours_opinions]: All opinions size= 10
1753361971.3933964 [publish_wind_direction-4] [INFO] [1753361971.392727678] [publish_wind_direction]: ### Informed ###
1753361971.3968835 [publish_wind_direction-4] [INFO] [1753361971.396309252] [publish_wind_direction]: Publishing: id194:W
1753361971.3994038 [publish_wind_direction-4] [INFO] [1753361971.398868104] [publish_wind_direction]: ------------------
1753361976.6025059 [service_neighbours_opinions-2] [INFO] [1753361976.601833489] [service_neighbours_opinions]: All opinions size= 10
1753361976.6070006 [publish_wind_direction-4] [INFO] [1753361976.606338823] [publish_wind_direction]: ### Informed ###
1753361976.6111386 [publish_wind_direction-4] [INFO] [1753361976.610466082] [publish_wind_direction]: Publishing: id194:E
1753361976.6140234 [publish_wind_direction-4] [INFO] [1753361976.613395267] [publish_wind_direction]: ------------------
1753361980.1469772 [service_vicon_node-1] [INFO] [1753361980.146112784] [service_vicon_node]: Frame_no: 141616
1753361981.6217453 [service_neighbours_opinions-2] [INFO] [1753361981.621027134] [service_neighbours_opinions]: All opinions size= 10
1753361981.6257415 [publish_wind_direction-4] [INFO] [1753361981.625096394] [publish_wind_direction]: ### Informed ###
1753361981.6295142 [publish_wind_direction-4] [INFO] [1753361981.628930894] [publish_wind_direction]: Publishing: id194:E
1753361981.6325238 [publish_wind_direction-4] [INFO] [1753361981.631886412] [publish_wind_direction]: ------------------
1753361986.3410938 [service_neighbours_opinions-2] [INFO] [1753361986.340360928] [service_neighbours_opinions]: All opinions size= 10
1753361986.3450780 [publish_wind_direction-4] [INFO] [1753361986.344497391] [publish_wind_direction]: ### Informed ###
1753361986.3493068 [publish_wind_direction-4] [INFO] [1753361986.348238909] [publish_wind_direction]: Publishing: id194:E
1753361986.3519619 [publish_wind_direction-4] [INFO] [1753361986.351179372] [publish_wind_direction]: ------------------
1753361990.3328094 [service_vicon_node-1] [INFO] [1753361990.331668185] [service_vicon_node]: Frame_no: 141921
1753361991.3829029 [service_neighbours_opinions-2] [INFO] [1753361991.382199481] [service_neighbours_opinions]: All opinions size= 10
1753361991.3873484 [publish_wind_direction-4] [INFO] [1753361991.386666462] [publish_wind_direction]: ### Informed ###
1753361991.3910556 [publish_wind_direction-4] [INFO] [1753361991.390439869] [publish_wind_direction]: Publishing: id194:W
1753361991.3936608 [publish_wind_direction-4] [INFO] [1753361991.393100184] [publish_wind_direction]: ------------------
1753361996.2632432 [service_neighbours_opinions-2] [INFO] [1753361996.262512181] [service_neighbours_opinions]: All opinions size= 10
1753361996.2675753 [publish_wind_direction-4] [INFO] [1753361996.266937126] [publish_wind_direction]: ### Informed ###
1753361996.2710795 [publish_wind_direction-4] [INFO] [1753361996.270532700] [publish_wind_direction]: Publishing: id194:N
1753361996.2736712 [publish_wind_direction-4] [INFO] [1753361996.273126755] [publish_wind_direction]: ------------------
1753362000.5486777 [service_vicon_node-1] [INFO] [1753362000.547870827] [service_vicon_node]: Frame_no: 142228
1753362001.3068693 [service_neighbours_opinions-2] [INFO] [1753362001.306191623] [service_neighbours_opinions]: All opinions size= 10
1753362001.3116992 [publish_wind_direction-4] [INFO] [1753362001.310992456] [publish_wind_direction]: ### Informed ###
1753362001.3162851 [publish_wind_direction-4] [INFO] [1753362001.315660956] [publish_wind_direction]: Publishing: id194:W
1753362001.3187759 [publish_wind_direction-4] [INFO] [1753362001.318238123] [publish_wind_direction]: ------------------
1753362006.7252524 [service_neighbours_opinions-2] [INFO] [1753362006.724541305] [service_neighbours_opinions]: All opinions size= 10
1753362006.7294779 [publish_wind_direction-4] [INFO] [1753362006.728749194] [publish_wind_direction]: ### Informed ###
1753362006.7332137 [publish_wind_direction-4] [INFO] [1753362006.732645545] [publish_wind_direction]: Publishing: id194:W
1753362006.7358260 [publish_wind_direction-4] [INFO] [1753362006.735270990] [publish_wind_direction]: ------------------
1753362010.7037752 [service_vicon_node-1] [INFO] [1753362010.702858784] [service_vicon_node]: Frame_no: 142532
1753362011.3736880 [service_neighbours_opinions-2] [INFO] [1753362011.372992672] [service_neighbours_opinions]: All opinions size= 10
1753362011.3776836 [publish_wind_direction-4] [INFO] [1753362011.377051839] [publish_wind_direction]: ### Informed ###
1753362011.3820541 [publish_wind_direction-4] [INFO] [1753362011.381369820] [publish_wind_direction]: Publishing: id194:W
1753362011.3847532 [publish_wind_direction-4] [INFO] [1753362011.384144820] [publish_wind_direction]: ------------------
1753362016.3688865 [service_neighbours_opinions-2] [INFO] [1753362016.368153151] [service_neighbours_opinions]: All opinions size= 10
1753362016.3737354 [publish_wind_direction-4] [INFO] [1753362016.373069929] [publish_wind_direction]: ### Informed ###
1753362016.3781850 [publish_wind_direction-4] [INFO] [1753362016.377549892] [publish_wind_direction]: Publishing: id194:E
1753362016.3811409 [publish_wind_direction-4] [INFO] [1753362016.380564243] [publish_wind_direction]: ------------------
1753362020.9227641 [service_vicon_node-1] [INFO] [1753362020.921954648] [service_vicon_node]: Frame_no: 142839
1753362021.5793974 [service_neighbours_opinions-2] [INFO] [1753362021.578702722] [service_neighbours_opinions]: All opinions size= 10
1753362021.5854347 [publish_wind_direction-4] [INFO] [1753362021.584798074] [publish_wind_direction]: ### Informed ###
1753362021.5892582 [publish_wind_direction-4] [INFO] [1753362021.588684296] [publish_wind_direction]: Publishing: id194:E
1753362021.5919206 [publish_wind_direction-4] [INFO] [1753362021.591308592] [publish_wind_direction]: ------------------
1753362026.5732994 [service_neighbours_opinions-2] [INFO] [1753362026.572602348] [service_neighbours_opinions]: All opinions size= 10
1753362026.5805225 [publish_wind_direction-4] [INFO] [1753362026.579838774] [publish_wind_direction]: ### Informed ###
1753362026.5868449 [publish_wind_direction-4] [INFO] [1753362026.586248589] [publish_wind_direction]: Publishing: id194:N
1753362026.5909238 [publish_wind_direction-4] [INFO] [1753362026.590322348] [publish_wind_direction]: ------------------
1753362031.1515777 [service_vicon_node-1] [INFO] [1753362031.149676735] [service_vicon_node]: Frame_no: 143146
1753362031.7274261 [service_neighbours_opinions-2] [INFO] [1753362031.726701234] [service_neighbours_opinions]: All opinions size= 10
1753362031.7327986 [publish_wind_direction-4] [INFO] [1753362031.732089031] [publish_wind_direction]: ### Informed ###
1753362031.7370448 [publish_wind_direction-4] [INFO] [1753362031.736435308] [publish_wind_direction]: Publishing: id194:N
1753362031.7398968 [publish_wind_direction-4] [INFO] [1753362031.739334975] [publish_wind_direction]: ------------------
1753362036.6572139 [service_neighbours_opinions-2] [INFO] [1753362036.656530361] [service_neighbours_opinions]: All opinions size= 10
1753362036.6639216 [publish_wind_direction-4] [INFO] [1753362036.663295435] [publish_wind_direction]: ### Informed ###
1753362036.6673336 [publish_wind_direction-4] [INFO] [1753362036.666764676] [publish_wind_direction]: Publishing: id194:N
1753362036.6700318 [publish_wind_direction-4] [INFO] [1753362036.669481157] [publish_wind_direction]: ------------------
1753362041.3568635 [service_vicon_node-1] [INFO] [1753362041.356148932] [service_vicon_node]: Frame_no: 143452
1753362041.5719492 [service_neighbours_opinions-2] [INFO] [1753362041.571251969] [service_neighbours_opinions]: All opinions size= 10
1753362041.5768712 [publish_wind_direction-4] [INFO] [1753362041.576199451] [publish_wind_direction]: ### Informed ###
1753362041.6001861 [publish_wind_direction-4] [INFO] [1753362041.579761284] [publish_wind_direction]: Publishing: id194:E
1753362041.6007299 [publish_wind_direction-4] [INFO] [1753362041.581969025] [publish_wind_direction]: ------------------
1753362046.3444765 [service_neighbours_opinions-2] [INFO] [1753362046.343744151] [service_neighbours_opinions]: All opinions size= 10
1753362046.3502760 [publish_wind_direction-4] [INFO] [1753362046.349707448] [publish_wind_direction]: ### Informed ###
1753362046.3558147 [publish_wind_direction-4] [INFO] [1753362046.355193374] [publish_wind_direction]: Publishing: id194:W
1753362046.3596122 [publish_wind_direction-4] [INFO] [1753362046.359018226] [publish_wind_direction]: ------------------
1753362051.3454471 [service_neighbours_opinions-2] [INFO] [1753362051.344715241] [service_neighbours_opinions]: All opinions size= 10
1753362051.3494191 [publish_wind_direction-4] [INFO] [1753362051.348809630] [publish_wind_direction]: ### Informed ###
1753362051.3536315 [publish_wind_direction-4] [INFO] [1753362051.352911556] [publish_wind_direction]: Publishing: id194:S
1753362051.3584824 [publish_wind_direction-4] [INFO] [1753362051.357800963] [publish_wind_direction]: ------------------
1753362051.5855007 [service_vicon_node-1] [INFO] [1753362051.584710889] [service_vicon_node]: Frame_no: 143759
1753362056.6422310 [service_neighbours_opinions-2] [INFO] [1753362056.641499868] [service_neighbours_opinions]: All opinions size= 10
1753362056.6464133 [publish_wind_direction-4] [INFO] [1753362056.645787997] [publish_wind_direction]: ### Informed ###
1753362056.6498702 [publish_wind_direction-4] [INFO] [1753362056.649326979] [publish_wind_direction]: Publishing: id194:W
1753362056.6524422 [publish_wind_direction-4] [INFO] [1753362056.651852071] [publish_wind_direction]: ------------------
1753362061.5622399 [service_neighbours_opinions-2] [INFO] [1753362061.561547068] [service_neighbours_opinions]: All opinions size= 10
1753362061.5677364 [publish_wind_direction-4] [INFO] [1753362061.567058846] [publish_wind_direction]: ### Informed ###
1753362061.5719280 [publish_wind_direction-4] [INFO] [1753362061.571136957] [publish_wind_direction]: Publishing: id194:W
1753362061.5748773 [publish_wind_direction-4] [INFO] [1753362061.574254476] [publish_wind_direction]: ------------------
1753362061.7851691 [service_vicon_node-1] [INFO] [1753362061.784415587] [service_vicon_node]: Frame_no: 144065
1753362066.3294196 [service_neighbours_opinions-2] [INFO] [1753362066.328706843] [service_neighbours_opinions]: All opinions size= 10
1753362066.3345995 [publish_wind_direction-4] [INFO] [1753362066.333931380] [publish_wind_direction]: ### Informed ###
1753362066.3385918 [publish_wind_direction-4] [INFO] [1753362066.338002510] [publish_wind_direction]: Publishing: id194:W
1753362066.3416719 [publish_wind_direction-4] [INFO] [1753362066.341030640] [publish_wind_direction]: ------------------
1753362071.6120360 [service_neighbours_opinions-2] [INFO] [1753362071.611402229] [service_neighbours_opinions]: All opinions size= 10
1753362071.6195035 [publish_wind_direction-4] [INFO] [1753362071.618872581] [publish_wind_direction]: ### Informed ###
1753362071.6263597 [publish_wind_direction-4] [INFO] [1753362071.625583044] [publish_wind_direction]: Publishing: id194:W
1753362071.6298604 [publish_wind_direction-4] [INFO] [1753362071.629309210] [publish_wind_direction]: ------------------
1753362071.9853318 [service_vicon_node-1] [INFO] [1753362071.984589192] [service_vicon_node]: Frame_no: 144371
1753362076.3216720 [service_neighbours_opinions-2] [INFO] [1753362076.320941485] [service_neighbours_opinions]: All opinions size= 10
1753362076.3260646 [publish_wind_direction-4] [INFO] [1753362076.325301171] [publish_wind_direction]: ### Informed ###
1753362076.3300726 [publish_wind_direction-4] [INFO] [1753362076.329471300] [publish_wind_direction]: Publishing: id194:W
1753362076.3330326 [publish_wind_direction-4] [INFO] [1753362076.332427078] [publish_wind_direction]: ------------------
1753362081.3146217 [service_neighbours_opinions-2] [INFO] [1753362081.313847094] [service_neighbours_opinions]: All opinions size= 10
1753362081.3198318 [publish_wind_direction-4] [INFO] [1753362081.319199686] [publish_wind_direction]: ### Informed ###
1753362081.3236489 [publish_wind_direction-4] [INFO] [1753362081.322780260] [publish_wind_direction]: Publishing: id194:W
1753362081.3262768 [publish_wind_direction-4] [INFO] [1753362081.325519575] [publish_wind_direction]: ------------------
1753362082.2198193 [service_vicon_node-1] [INFO] [1753362082.219051797] [service_vicon_node]: Frame_no: 144678
1753362086.2907422 [service_neighbours_opinions-2] [INFO] [1753362086.289702313] [service_neighbours_opinions]: All opinions size= 10
1753362086.2948194 [publish_wind_direction-4] [INFO] [1753362086.293984072] [publish_wind_direction]: ### Informed ###
1753362086.2985544 [publish_wind_direction-4] [INFO] [1753362086.297773424] [publish_wind_direction]: Publishing: id194:W
1753362086.3014228 [publish_wind_direction-4] [INFO] [1753362086.300626942] [publish_wind_direction]: ------------------
1753362091.6579432 [service_neighbours_opinions-2] [INFO] [1753362091.656930310] [service_neighbours_opinions]: All opinions size= 10
1753362091.6621680 [publish_wind_direction-4] [INFO] [1753362091.661259273] [publish_wind_direction]: ### Informed ###
1753362091.6660359 [publish_wind_direction-4] [INFO] [1753362091.665193884] [publish_wind_direction]: Publishing: id194:W
1753362091.6689548 [publish_wind_direction-4] [INFO] [1753362091.668109236] [publish_wind_direction]: ------------------
1753362092.4238105 [service_vicon_node-1] [INFO] [1753362092.423082754] [service_vicon_node]: Frame_no: 144984
1753362096.6443768 [service_neighbours_opinions-2] [INFO] [1753362096.643588381] [service_neighbours_opinions]: All opinions size= 10
1753362096.6497447 [publish_wind_direction-4] [INFO] [1753362096.648814547] [publish_wind_direction]: ### Informed ###
1753362096.6529438 [publish_wind_direction-4] [INFO] [1753362096.652408899] [publish_wind_direction]: Publishing: id194:N
1753362096.6571131 [publish_wind_direction-4] [INFO] [1753362096.656302881] [publish_wind_direction]: ------------------
1753362101.3604629 [service_neighbours_opinions-2] [INFO] [1753362101.359292841] [service_neighbours_opinions]: All opinions size= 10
1753362101.3644862 [publish_wind_direction-4] [INFO] [1753362101.363529137] [publish_wind_direction]: ### Informed ###
1753362101.3679178 [publish_wind_direction-4] [INFO] [1753362101.367167785] [publish_wind_direction]: Publishing: id194:W
1753362101.3708410 [publish_wind_direction-4] [INFO] [1753362101.369921100] [publish_wind_direction]: ------------------
1753362102.6095808 [service_vicon_node-1] [INFO] [1753362102.608869785] [service_vicon_node]: Frame_no: 145290
1753362106.3464170 [service_neighbours_opinions-2] [INFO] [1753362106.345461968] [service_neighbours_opinions]: All opinions size= 10
1753362106.3502774 [publish_wind_direction-4] [INFO] [1753362106.349706560] [publish_wind_direction]: ### Informed ###
1753362106.3542562 [publish_wind_direction-4] [INFO] [1753362106.353682931] [publish_wind_direction]: Publishing: id194:N
1753362106.3572381 [publish_wind_direction-4] [INFO] [1753362106.356364931] [publish_wind_direction]: ------------------
1753362111.2620411 [service_neighbours_opinions-2] [INFO] [1753362111.261006539] [service_neighbours_opinions]: All opinions size= 10
1753362111.2660909 [publish_wind_direction-4] [INFO] [1753362111.265445205] [publish_wind_direction]: ### Informed ###
1753362111.2699468 [publish_wind_direction-4] [INFO] [1753362111.269367779] [publish_wind_direction]: Publishing: id194:N
1753362111.2728109 [publish_wind_direction-4] [INFO] [1753362111.272143576] [publish_wind_direction]: ------------------
1753362112.8573952 [service_vicon_node-1] [INFO] [1753362112.856620519] [service_vicon_node]: Frame_no: 145597
1753362116.7276335 [service_neighbours_opinions-2] [INFO] [1753362116.726933332] [service_neighbours_opinions]: All opinions size= 10
1753362116.7313797 [publish_wind_direction-4] [INFO] [1753362116.730824776] [publish_wind_direction]: ### Informed ###
1753362116.7374477 [publish_wind_direction-4] [INFO] [1753362116.736758128] [publish_wind_direction]: Publishing: id194:E
1753362116.7417433 [publish_wind_direction-4] [INFO] [1753362116.741124813] [publish_wind_direction]: ------------------
1753362121.3033333 [service_neighbours_opinions-2] [INFO] [1753362121.302601736] [service_neighbours_opinions]: All opinions size= 10
1753362121.3073342 [publish_wind_direction-4] [INFO] [1753362121.306757107] [publish_wind_direction]: ### Informed ###
1753362121.3108130 [publish_wind_direction-4] [INFO] [1753362121.310228310] [publish_wind_direction]: Publishing: id194:N
1753362121.3133686 [publish_wind_direction-4] [INFO] [1753362121.312820977] [publish_wind_direction]: ------------------
1753362123.0167115 [service_vicon_node-1] [INFO] [1753362123.015947309] [service_vicon_node]: Frame_no: 145902
1753362126.5823307 [service_neighbours_opinions-2] [INFO] [1753362126.581657400] [service_neighbours_opinions]: All opinions size= 10
1753362126.5865819 [publish_wind_direction-4] [INFO] [1753362126.585934196] [publish_wind_direction]: ### Informed ###
1753362126.5900688 [publish_wind_direction-4] [INFO] [1753362126.589511918] [publish_wind_direction]: Publishing: id194:E
1753362126.5928278 [publish_wind_direction-4] [INFO] [1753362126.592272585] [publish_wind_direction]: ------------------
1753362131.6633062 [service_neighbours_opinions-2] [INFO] [1753362131.662624712] [service_neighbours_opinions]: All opinions size= 10
1753362131.6680839 [publish_wind_direction-4] [INFO] [1753362131.667401508] [publish_wind_direction]: ### Informed ###
1753362131.6721628 [publish_wind_direction-4] [INFO] [1753362131.671573397] [publish_wind_direction]: Publishing: id194:E
1753362131.6750836 [publish_wind_direction-4] [INFO] [1753362131.674507008] [publish_wind_direction]: ------------------
1753362133.1164167 [service_vicon_node-1] [INFO] [1753362133.115639211] [service_vicon_node]: Frame_no: 146205
1753362136.3230278 [service_neighbours_opinions-2] [INFO] [1753362136.322337783] [service_neighbours_opinions]: All opinions size= 10
1753362136.3271911 [publish_wind_direction-4] [INFO] [1753362136.326520968] [publish_wind_direction]: ### Informed ###
1753362136.3310807 [publish_wind_direction-4] [INFO] [1753362136.330500116] [publish_wind_direction]: Publishing: id194:N
1753362136.3341582 [publish_wind_direction-4] [INFO] [1753362136.333568005] [publish_wind_direction]: ------------------
1753362141.4663033 [service_neighbours_opinions-2] [INFO] [1753362141.465618206] [service_neighbours_opinions]: All opinions size= 10
1753362141.4712033 [publish_wind_direction-4] [INFO] [1753362141.470603687] [publish_wind_direction]: ### Informed ###
1753362141.4747972 [publish_wind_direction-4] [INFO] [1753362141.474231873] [publish_wind_direction]: Publishing: id194:E
1753362141.4777825 [publish_wind_direction-4] [INFO] [1753362141.477189410] [publish_wind_direction]: ------------------
1753362143.2925227 [service_vicon_node-1] [INFO] [1753362143.291692779] [service_vicon_node]: Frame_no: 146510
1753362146.2851250 [service_neighbours_opinions-2] [INFO] [1753362146.284410499] [service_neighbours_opinions]: All opinions size= 10
1753362146.2899272 [publish_wind_direction-4] [INFO] [1753362146.289299999] [publish_wind_direction]: ### Informed ###
1753362146.2937362 [publish_wind_direction-4] [INFO] [1753362146.293043277] [publish_wind_direction]: Publishing: id194:S
1753362146.2965610 [publish_wind_direction-4] [INFO] [1753362146.295946407] [publish_wind_direction]: ------------------
1753362151.3156149 [service_neighbours_opinions-2] [INFO] [1753362151.314917811] [service_neighbours_opinions]: All opinions size= 10
1753362151.3199055 [publish_wind_direction-4] [INFO] [1753362151.319268793] [publish_wind_direction]: ### Informed ###
1753362151.3239164 [publish_wind_direction-4] [INFO] [1753362151.323350774] [publish_wind_direction]: Publishing: id194:N
1753362151.3266337 [publish_wind_direction-4] [INFO] [1753362151.326081422] [publish_wind_direction]: ------------------
1753362153.4864061 [service_vicon_node-1] [INFO] [1753362153.485526810] [service_vicon_node]: Frame_no: 146816
1753362156.3038685 [service_neighbours_opinions-2] [INFO] [1753362156.303144845] [service_neighbours_opinions]: All opinions size= 10
1753362156.3087318 [publish_wind_direction-4] [INFO] [1753362156.308030567] [publish_wind_direction]: ### Informed ###
1753362156.3126934 [publish_wind_direction-4] [INFO] [1753362156.312071864] [publish_wind_direction]: Publishing: id194:W
1753362156.3155777 [publish_wind_direction-4] [INFO] [1753362156.315010901] [publish_wind_direction]: ------------------
1753362161.3674686 [service_neighbours_opinions-2] [INFO] [1753362161.366737509] [service_neighbours_opinions]: All opinions size= 10
1753362161.3724644 [publish_wind_direction-4] [INFO] [1753362161.371781527] [publish_wind_direction]: ### Informed ###
1753362161.3770821 [publish_wind_direction-4] [INFO] [1753362161.376058879] [publish_wind_direction]: Publishing: id194:S
1753362161.3802958 [publish_wind_direction-4] [INFO] [1753362161.379175805] [publish_wind_direction]: ------------------
1753362163.6476109 [service_vicon_node-1] [INFO] [1753362163.646900619] [service_vicon_node]: Frame_no: 147121
1753362166.3531356 [service_neighbours_opinions-2] [INFO] [1753362166.352014117] [service_neighbours_opinions]: All opinions size= 10
1753362166.3567588 [publish_wind_direction-4] [INFO] [1753362166.356167561] [publish_wind_direction]: ### Informed ###
1753362166.3619747 [publish_wind_direction-4] [INFO] [1753362166.361142895] [publish_wind_direction]: Publishing: id194:N
1753362166.3645833 [publish_wind_direction-4] [INFO] [1753362166.363750321] [publish_wind_direction]: ------------------
1753362171.6219721 [service_neighbours_opinions-2] [INFO] [1753362171.621214114] [service_neighbours_opinions]: All opinions size= 10
1753362171.6264818 [publish_wind_direction-4] [INFO] [1753362171.625543243] [publish_wind_direction]: ### Informed ###
1753362171.6304796 [publish_wind_direction-4] [INFO] [1753362171.629439614] [publish_wind_direction]: Publishing: id194:N
1753362171.6332626 [publish_wind_direction-4] [INFO] [1753362171.632473521] [publish_wind_direction]: ------------------
1753362173.8645947 [service_vicon_node-1] [INFO] [1753362173.863721242] [service_vicon_node]: Frame_no: 147427
1753362176.3499517 [service_neighbours_opinions-2] [INFO] [1753362176.349219370] [service_neighbours_opinions]: All opinions size= 10
1753362176.3565047 [publish_wind_direction-4] [INFO] [1753362176.355756704] [publish_wind_direction]: ### Informed ###
1753362176.3605666 [publish_wind_direction-4] [INFO] [1753362176.359880407] [publish_wind_direction]: Publishing: id194:W
1753362176.3633375 [publish_wind_direction-4] [INFO] [1753362176.362779574] [publish_wind_direction]: ------------------
1753362181.4981532 [service_neighbours_opinions-2] [INFO] [1753362181.497499664] [service_neighbours_opinions]: All opinions size= 10
1753362181.5025105 [publish_wind_direction-4] [INFO] [1753362181.501894293] [publish_wind_direction]: ### Informed ###
1753362181.5061567 [publish_wind_direction-4] [INFO] [1753362181.505575626] [publish_wind_direction]: Publishing: id194:W
1753362181.5087969 [publish_wind_direction-4] [INFO] [1753362181.508246201] [publish_wind_direction]: ------------------
1753362184.0504432 [service_vicon_node-1] [INFO] [1753362184.049626273] [service_vicon_node]: Frame_no: 147733
1753362186.5698562 [service_neighbours_opinions-2] [INFO] [1753362186.569124883] [service_neighbours_opinions]: All opinions size= 10
1753362186.5738990 [publish_wind_direction-4] [INFO] [1753362186.573316790] [publish_wind_direction]: ### Informed ###
1753362186.5774927 [publish_wind_direction-4] [INFO] [1753362186.576932809] [publish_wind_direction]: Publishing: id194:W
1753362186.5801010 [publish_wind_direction-4] [INFO] [1753362186.579553401] [publish_wind_direction]: ------------------
1753362191.2948327 [service_neighbours_opinions-2] [INFO] [1753362191.294159361] [service_neighbours_opinions]: All opinions size= 10
1753362191.2991016 [publish_wind_direction-4] [INFO] [1753362191.298496991] [publish_wind_direction]: ### Informed ###
1753362191.3026865 [publish_wind_direction-4] [INFO] [1753362191.302055398] [publish_wind_direction]: Publishing: id194:W
1753362191.3059108 [publish_wind_direction-4] [INFO] [1753362191.305345658] [publish_wind_direction]: ------------------
1753362194.2822237 [service_vicon_node-1] [INFO] [1753362194.280992804] [service_vicon_node]: Frame_no: 148040
1753362196.3417523 [service_neighbours_opinions-2] [INFO] [1753362196.340790840] [service_neighbours_opinions]: All opinions size= 10
1753362196.3463144 [publish_wind_direction-4] [INFO] [1753362196.345245488] [publish_wind_direction]: ### Informed ###
1753362196.3500266 [publish_wind_direction-4] [INFO] [1753362196.349061395] [publish_wind_direction]: Publishing: id194:S
1753362196.3530445 [publish_wind_direction-4] [INFO] [1753362196.352024451] [publish_wind_direction]: ------------------
1753362201.7443559 [service_neighbours_opinions-2] [INFO] [1753362201.743230114] [service_neighbours_opinions]: All opinions size= 10
1753362201.7484841 [publish_wind_direction-4] [INFO] [1753362201.747708614] [publish_wind_direction]: ### Informed ###
1753362201.7524898 [publish_wind_direction-4] [INFO] [1753362201.751766948] [publish_wind_direction]: Publishing: id194:E
1753362201.7553086 [publish_wind_direction-4] [INFO] [1753362201.754744466] [publish_wind_direction]: ------------------
1753362204.4942081 [service_vicon_node-1] [INFO] [1753362204.493335002] [service_vicon_node]: Frame_no: 148346
1753362206.5524602 [service_neighbours_opinions-2] [INFO] [1753362206.551611278] [service_neighbours_opinions]: All opinions size= 10
1753362206.5579593 [publish_wind_direction-4] [INFO] [1753362206.557281630] [publish_wind_direction]: ### Informed ###
1753362206.5620103 [publish_wind_direction-4] [INFO] [1753362206.561412408] [publish_wind_direction]: Publishing: id194:S
1753362206.5655441 [publish_wind_direction-4] [INFO] [1753362206.564555371] [publish_wind_direction]: ------------------
1753362211.2438126 [service_neighbours_opinions-2] [INFO] [1753362211.243081812] [service_neighbours_opinions]: All opinions size= 10
1753362211.2485397 [publish_wind_direction-4] [INFO] [1753362211.247916109] [publish_wind_direction]: ### Informed ###
1753362211.2529466 [publish_wind_direction-4] [INFO] [1753362211.251984757] [publish_wind_direction]: Publishing: id194:S
1753362211.2554688 [publish_wind_direction-4] [INFO] [1753362211.254692942] [publish_wind_direction]: ------------------
1753362214.6506135 [service_vicon_node-1] [INFO] [1753362214.649845829] [service_vicon_node]: Frame_no: 148651
1753362216.3807409 [service_neighbours_opinions-2] [INFO] [1753362216.379925013] [service_neighbours_opinions]: All opinions size= 10
1753362216.3847415 [publish_wind_direction-4] [INFO] [1753362216.384012402] [publish_wind_direction]: ### Informed ###
1753362216.3882437 [publish_wind_direction-4] [INFO] [1753362216.387649513] [publish_wind_direction]: Publishing: id194:N
1753362216.3909967 [publish_wind_direction-4] [INFO] [1753362216.390442180] [publish_wind_direction]: ------------------
1753362221.3410785 [service_neighbours_opinions-2] [INFO] [1753362221.340337899] [service_neighbours_opinions]: All opinions size= 10
1753362221.3464773 [publish_wind_direction-4] [INFO] [1753362221.345794788] [publish_wind_direction]: ### Informed ###
1753362221.3498957 [publish_wind_direction-4] [INFO] [1753362221.349341029] [publish_wind_direction]: Publishing: id194:W
1753362221.3527172 [publish_wind_direction-4] [INFO] [1753362221.352111380] [publish_wind_direction]: ------------------
1753362224.8648944 [service_vicon_node-1] [INFO] [1753362224.864055082] [service_vicon_node]: Frame_no: 148957
1753362226.2996621 [service_neighbours_opinions-2] [INFO] [1753362226.298926841] [service_neighbours_opinions]: All opinions size= 10
1753362226.3040097 [publish_wind_direction-4] [INFO] [1753362226.303337155] [publish_wind_direction]: ### Informed ###
1753362226.3077338 [publish_wind_direction-4] [INFO] [1753362226.307165081] [publish_wind_direction]: Publishing: id194:N
1753362226.3105059 [publish_wind_direction-4] [INFO] [1753362226.309940878] [publish_wind_direction]: ------------------
1753362231.2826359 [service_neighbours_opinions-2] [INFO] [1753362231.281982912] [service_neighbours_opinions]: All opinions size= 10
1753362231.2874806 [publish_wind_direction-4] [INFO] [1753362231.286808615] [publish_wind_direction]: ### Informed ###
1753362231.2912478 [publish_wind_direction-4] [INFO] [1753362231.290657115] [publish_wind_direction]: Publishing: id194:S
1753362231.2941771 [publish_wind_direction-4] [INFO] [1753362231.293549078] [publish_wind_direction]: ------------------
1753362235.0837340 [service_vicon_node-1] [INFO] [1753362235.082937446] [service_vicon_node]: Frame_no: 149264
1753362236.3509569 [service_neighbours_opinions-2] [INFO] [1753362236.350250538] [service_neighbours_opinions]: All opinions size= 10
1753362236.3573940 [publish_wind_direction-4] [INFO] [1753362236.356726835] [publish_wind_direction]: ### Informed ###
1753362236.3628967 [publish_wind_direction-4] [INFO] [1753362236.362335075] [publish_wind_direction]: Publishing: id194:W
1753362236.3670263 [publish_wind_direction-4] [INFO] [1753362236.366182853] [publish_wind_direction]: ------------------
1753362241.3041081 [service_neighbours_opinions-2] [INFO] [1753362241.303368295] [service_neighbours_opinions]: All opinions size= 10
1753362241.3083420 [publish_wind_direction-4] [INFO] [1753362241.307714276] [publish_wind_direction]: ### Informed ###
1753362241.3117273 [publish_wind_direction-4] [INFO] [1753362241.311189832] [publish_wind_direction]: Publishing: id194:S
1753362241.3143251 [publish_wind_direction-4] [INFO] [1753362241.313737591] [publish_wind_direction]: ------------------
1753362245.3375840 [service_vicon_node-1] [INFO] [1753362245.336685366] [service_vicon_node]: Frame_no: 149571
1753362246.2993321 [service_neighbours_opinions-2] [INFO] [1753362246.298212680] [service_neighbours_opinions]: All opinions size= 10
1753362246.3037140 [publish_wind_direction-4] [INFO] [1753362246.302457180] [publish_wind_direction]: ### Informed ###
1753362246.3067801 [publish_wind_direction-4] [INFO] [1753362246.306017921] [publish_wind_direction]: Publishing: id194:W
1753362246.3096018 [publish_wind_direction-4] [INFO] [1753362246.308673773] [publish_wind_direction]: ------------------
1753362251.3108048 [service_neighbours_opinions-2] [INFO] [1753362251.309914381] [service_neighbours_opinions]: All opinions size= 10
1753362251.3151767 [publish_wind_direction-4] [INFO] [1753362251.314327418] [publish_wind_direction]: ### Informed ###
1753362251.3214383 [publish_wind_direction-4] [INFO] [1753362251.318744307] [publish_wind_direction]: Publishing: id194:W
1753362251.3257265 [publish_wind_direction-4] [INFO] [1753362251.322222659] [publish_wind_direction]: ------------------
1753362255.4859543 [service_vicon_node-1] [INFO] [1753362255.485049656] [service_vicon_node]: Frame_no: 149876
1753362256.6971059 [service_neighbours_opinions-2] [INFO] [1753362256.695925730] [service_neighbours_opinions]: All opinions size= 10
1753362256.7013206 [publish_wind_direction-4] [INFO] [1753362256.700625230] [publish_wind_direction]: ### Informed ###
1753362256.7071171 [publish_wind_direction-4] [INFO] [1753362256.706215971] [publish_wind_direction]: Publishing: id194:W
1753362256.7114215 [publish_wind_direction-4] [INFO] [1753362256.710795896] [publish_wind_direction]: ------------------
1753362261.3820665 [service_neighbours_opinions-2] [INFO] [1753362261.381065653] [service_neighbours_opinions]: All opinions size= 10
1753362261.3863554 [publish_wind_direction-4] [INFO] [1753362261.385373801] [publish_wind_direction]: ### Informed ###
1753362261.3897810 [publish_wind_direction-4] [INFO] [1753362261.389037875] [publish_wind_direction]: Publishing: id194:W
1753362261.3927639 [publish_wind_direction-4] [INFO] [1753362261.391913727] [publish_wind_direction]: ------------------
1753362265.6814513 [service_vicon_node-1] [INFO] [1753362265.680736224] [service_vicon_node]: Frame_no: 150182
1753362266.3403804 [service_neighbours_opinions-2] [INFO] [1753362266.339641168] [service_neighbours_opinions]: All opinions size= 10
1753362266.3458424 [publish_wind_direction-4] [INFO] [1753362266.345208076] [publish_wind_direction]: ### Informed ###
1753362266.3495491 [publish_wind_direction-4] [INFO] [1753362266.348981835] [publish_wind_direction]: Publishing: id194:W
1753362266.3523383 [publish_wind_direction-4] [INFO] [1753362266.351725928] [publish_wind_direction]: ------------------
1753362274.9633706 [service_neighbours_opinions-2] [INFO] [1753362274.962651774] [service_neighbours_opinions]: All opinions size= 10
1753362275.9853785 [service_neighbours_opinions-2] [INFO] [1753362275.984535829] [service_neighbours_opinions]: All opinions size= 10
1753362275.9865961 [publish_wind_direction-4] [INFO] [1753362275.984617218] [publish_wind_direction]: ### Informed ###
1753362275.9889600 [publish_wind_direction-4] [INFO] [1753362275.988437163] [publish_wind_direction]: Publishing: id194:W
1753362275.9912157 [publish_wind_direction-4] [INFO] [1753362275.990731644] [publish_wind_direction]: ------------------
1753362275.9948044 [publish_wind_direction-4] [INFO] [1753362275.994277885] [publish_wind_direction]: ### Informed ###
1753362275.9981632 [publish_wind_direction-4] [INFO] [1753362275.997658903] [publish_wind_direction]: Publishing: id194:W
1753362276.0004399 [publish_wind_direction-4] [INFO] [1753362275.999910737] [publish_wind_directi