[INFO] [launch]: All log files can be found below /home/thymio/.ros/log/2025-06-05-15-42-08-305149-thymio-817
[INFO] [launch]: Default logging verbosity is set to INFO
[INFO] [random_robot_move-1]: process started with pid [839]
[INFO] [publish_wind_direction-2]: process started with pid [841]
[publish_wind_direction-2] /usr/lib/python3/dist-packages/scipy/__init__.py:146: UserWarning: A NumPy version >=1.17.3 and <1.25.0 is required for this version of SciPy (detected version 1.26.4
[publish_wind_direction-2]   warnings.warn(f"A NumPy version >={np_minversion} and <{np_maxversion}"
[publish_wind_direction-2] [INFO] [1749138132.182913766] [publish_wind_direction]: Physical Ip=134.34.225.200, id=id200
[publish_wind_direction-2] [INFO] [1749138132.220955343] [publish_wind_direction]: Subscribed to: wind_direction/id68
[publish_wind_direction-2] [INFO] [1749138132.224679243] [publish_wind_direction]: Subscribed to: wind_direction/id136
[publish_wind_direction-2] [INFO] [1749138132.228262163] [publish_wind_direction]: Subscribed to: wind_direction/id137
[publish_wind_direction-2] [INFO] [1749138132.231858619] [publish_wind_direction]: Subscribed to: wind_direction/id142
[publish_wind_direction-2] [INFO] [1749138132.235412479] [publish_wind_direction]: Subscribed to: wind_direction/id151
[publish_wind_direction-2] [INFO] [1749138132.239065717] [publish_wind_direction]: Subscribed to: wind_direction/id152
[publish_wind_direction-2] [INFO] [1749138132.242548372] [publish_wind_direction]: Subscribed to: wind_direction/id155
[publish_wind_direction-2] [INFO] [1749138132.246139797] [publish_wind_direction]: Subscribed to: wind_direction/id189
[publish_wind_direction-2] [INFO] [1749138132.249805105] [publish_wind_direction]: Subscribed to: wind_direction/id192
[publish_wind_direction-2] [INFO] [1749138132.253327208] [publish_wind_direction]: Subscribed to: wind_direction/id193
[publish_wind_direction-2] [INFO] [1749138132.256865415] [publish_wind_direction]: Subscribed to: wind_direction/id194
[publish_wind_direction-2] [INFO] [1749138132.260383899] [publish_wind_direction]: Subscribed to: wind_direction/id195
[publish_wind_direction-2] [INFO] [1749138132.263714970] [publish_wind_direction]: Subscribed to: wind_direction/id206
[publish_wind_direction-2] [INFO] [1749138132.267197770] [publish_wind_direction]: Subscribed to: wind_direction/id207
[publish_wind_direction-2] [INFO] [1749138132.270686704] [publish_wind_direction]: Subscribed to: wind_direction/id223
[publish_wind_direction-2] [INFO] [1749138132.274196267] [publish_wind_direction]: Subscribed to: wind_direction/id224
[publish_wind_direction-2] [INFO] [1749138132.277683301] [publish_wind_direction]: Subscribed to: wind_direction/id236
[publish_wind_direction-2] [INFO] [1749138132.281126635] [publish_wind_direction]: Subscribed to: wind_direction/id247
[publish_wind_direction-2] [INFO] [1749138132.284672732] [publish_wind_direction]: Subscribed to: wind_direction/id1193
[random_robot_move-1] [INFO] [1749138135.152651707] [random_robot_move]: Robot Control Node started.
[publish_wind_direction-2] [INFO] [1749138137.208682131] [publish_wind_direction]: Publishing: "id200:S"
[publish_wind_direction-2] [INFO] [1749138142.210756424] [publish_wind_direction]: Publishing: "id200:S"
[publish_wind_direction-2] [INFO] [1749138147.210741457] [publish_wind_direction]: Publishing: "id200:S"
[publish_wind_direction-2] [INFO] [1749138152.208854258] [publish_wind_direction]: Publishing: "id200:S"
[publish_wind_direction-2] [INFO] [1749138157.210414469] [publish_wind_direction]: Publishing: "id200:S"
[publish_wind_direction-2] [INFO] [1749138162.208407642] [publish_wind_direction]: Publishing: "id200:S"
[publish_wind_direction-2] [INFO] [1749138167.212021487] [publish_wind_direction]: Publishing: "id200:S"
[publish_wind_direction-2] [INFO] [1749138172.208081384] [publish_wind_direction]: Publishing: "id200:S"
[publish_wind_direction-2] [INFO] [1749138177.208160924] [publish_wind_direction]: Publishing: "id200:S"
[publish_wind_direction-2] [INFO] [1749138182.208531593] [publish_wind_direction]: Publishing: "id200:S"
[publish_wind_direction-2] [INFO] [1749138187.208256374] [publish_wind_direction]: Publishing: "id200:S"
[publish_wind_direction-2] [INFO] [1749138192.208149763] [publish_wind_direction]: Publishing: "id200:S"
[publish_wind_direction-2] [INFO] [1749138197.208311270] [publish_wind_direction]: Publishing: "id200:S"
[publish_wind_direction-2] [INFO] [1749138202.208215152] [publish_wind_direction]: Publishing: "id200:S"
[publish_wind_direction-2] [INFO] [1749138207.208280787] [publish_wind_direction]: Publishing: "id200:S"
[publish_wind_direction-2] [INFO] [1749138212.208447629] [publish_wind_direction]: Publishing: "id200:S"
[publish_wind_direction-2] [INFO] [1749138217.208024859] [publish_wind_direction]: Publishing: "id200:S"
[publish_wind_direction-2] [INFO] [1749138222.208244181] [publish_wind_direction]: Publishing: "id200:S"
[publish_wind_direction-2] [INFO] [1749138227.208920539] [publish_wind_direction]: Publishing: "id200:S"
[publish_wind_direction-2] [INFO] [1749138232.208896701] [publish_wind_direction]: Publishing: "id200:S"
[publish_wind_direction-2] [INFO] [1749138237.208530459] [publish_wind_direction]: Publishing: "id200:S"
[publish_wind_direction-2] [INFO] [1749138242.208773348] [publish_wind_direction]: Publishing: "id200:S"
[publish_wind_direction-2] [INFO] [1749138247.208624189] [publish_wind_direction]: Publishing: "id200:S"
[publish_wind_direction-2] [INFO] [1749138252.209167849] [publish_wind_direction]: Publishing: "id200:S"
[publish_wind_direction-2] [INFO] [1749138257.208829533] [publish_wind_direction]: Publishing: "id200:S"
[publish_wind_direction-2] [INFO] [1749138262.208622507] [publish_wind_direction]: Publishing: "id200:S"
[publish_wind_direction-2] [INFO] [1749138267.208675484] [publish_wind_direction]: Publishing: "id200:S"
[publish_wind_direction-2] [INFO] [1749138272.208755856] [publish_wind_direction]: Publishing: "id200:S"
[publish_wind_direction-2] [INFO] [1749138277.208679658] [publish_wind_direction]: Publishing: "id200:S"
[publish_wind_direction-2] [INFO] [1749138282.208724826] [publish_wind_direction]: Publishing: "id200:S"
[publish_wind_direction-2] [INFO] [1749138287.208746691] [publish_wind_direction]: Publishing: "id200:S"
[publish_wind_direction-2] [INFO] [1749138292.208689281] [publish_wind_direction]: Publishing: "id200:S"
[publish_wind_direction-2] [INFO] [1749138297.208418514] [publish_wind_direction]: Publishing: "id200:S"
[publish_wind_direction-2] [INFO] [1749138302.208822411] [publish_wind_direction]: Publishing: "id200:S"
[publish_wind_direction-2] [INFO] [1749138307.208690112] [publish_wind_direction]: Publishing: "id200:S"
[publish_wind_direction-2] [INFO] [1749138312.208676698] [publish_wind_direction]: Publishing: "id200:S"
[publish_wind_direction-2] [INFO] [1749138317.208736082] [publish_wind_direction]: Publishing: "id200:S"
[publish_wind_direction-2] [INFO] [1749138322.208908705] [publish_wind_direction]: Publishing: "id200:S"
[publish_wind_direction-2] [INFO] [1749138327.208821162] [publish_wind_direction]: Publishing: "id200:S"
[publish_wind_direction-2] [INFO] [1749138332.208953731] [publish_wind_direction]: Publishing: "id200:S"
[publish_wind_direction-2] [INFO] [1749138337.208800609] [publish_wind_direction]: Publishing: "id200:S"
[publish_wind_direction-2] [INFO] [1749138342.208778755] [publish_wind_direction]: Publishing: "id200:S"
[publish_wind_direction-2] [INFO] [1749138347.208875898] [publish_wind_direction]: Publishing: "id200:S"
[publish_wind_direction-2] [INFO] [1749138352.208866130] [publish_wind_direction]: Publishing: "id200:S"
[publish_wind_direction-2] [INFO] [1749138357.208850570] [publish_wind_direction]: Publishing: "id200:S"
[publish_wind_direction-2] [INFO] [1749138362.209033169] [publish_wind_direction]: Publishing: "id200:S"
[publish_wind_direction-2] [INFO] [1749138367.208852913] [publish_wind_direction]: Publishing: "id200:S"
[publish_wind_direction-2] [INFO] [1749138372.208818436] [publish_wind_direction]: Publishing: "id200:S"
[publish_wind_direction-2] [INFO] [1749138377.208795527] [publish_wind_direction]: Publishing: "id200:S"
[publish_wind_direction-2] [INFO] [1749138382.208774192] [publish_wind_direction]: Publishing: "id200:S"
[publish_wind_direction-2] [INFO] [1749138387.208751450] [publish_wind_direction]: Publishing: "id200:S"
[publish_wind_direction-2] [INFO] [1749138392.209474584] [publish_wind_direction]: Publishing: "id200:S"
[publish_wind_direction-2] [INFO] [1749138397.209194794] [publish_wind_direction]: Publishing: "id200:S"
[publish_wind_direction-2] [INFO] [1749138402.208935576] [publish_wind_direction]: Publishing: "id200:S"
[publish_wind_direction-2] [INFO] [1749138407.208942957] [publish_wind_direction]: Publishing: "id200:S"
[publish_wind_direction-2] [INFO] [1749138412.208745723] [publish_wind_direction]: Publishing: "id200:S"
[publish_wind_direction-2] [INFO] [1749138417.208608705] [publish_wind_direction]: Publishing: "id200:S"
[publish_wind_direction-2] [INFO] [1749138422.208811960] [publish_wind_direction]: Publishing: "id200:S"
[publish_wind_direction-2] [INFO] [1749138427.208834402] [publish_wind_direction]: Publishing: "id200:S"
[publish_wind_direction-2] [INFO] [1749138432.208643326] [publish_wind_direction]: Publishing: "id200:S"
[publish_wind_direction-2] [INFO] [1749138437.208635278] [publish_wind_direction]: Publishing: "id200:S"
[publish_wind_direction-2] [INFO] [1749138442.208693361] [publish_wind_direction]: Publishing: "id200:S"
[publish_wind_direction-2] [INFO] [1749138447.208743719] [publish_wind_direction]: Publishing: "id200:S"
[publish_wind_direction-2] [INFO] [1749138452.208673107] [publish_wind_direction]: Publishing: "id200:S"
[publish_wind_direction-2] [INFO] [1749138457.208725699] [publish_wind_direction]: Publishing: "id200:S"
[publish_wind_direction-2] [INFO] [1749138462.208617009] [publish_wind_direction]: Publishing: "id200:S"
[publish_wind_direction-2] [INFO] [1749138467.208757150] [publish_wind_direction]: Publishing: "id200:S"
[publish_wind_direction-2] [INFO] [1749138472.208694465] [publish_wind_direction]: Publishing: "id200:S"
[publish_wind_direction-2] [INFO] [1749138477.208661688] [publish_wind_direction]: Publishing: "id200:S"
[publish_wind_direction-2] [INFO] [1749138482.208686434] [publish_wind_direction]: Publishing: "id200:S"
[publish_wind_direction-2] [INFO] [1749138487.208609748] [publish_wind_direction]: Publishing: "id200:S"
[publish_wind_direction-2] [INFO] [1749138492.208676676] [publish_wind_direction]: Publishing: "id200:S"
[publish_wind_direction-2] [INFO] [1749138497.208602551] [publish_wind_direction]: Publishing: "id200:S"
[publish_wind_direction-2] [INFO] [1749138502.208478524] [publish_wind_direction]: Publishing: "id200:S"
[publish_wind_direction-2] [INFO] [1749138507.208652626] [publish_wind_direction]: Publishing: "id200:S"
[publish_wind_direction-2] [INFO] [1749138512.208496484] [publish_wind_direction]: Publishing: "id200:S"
[publish_wind_direction-2] [INFO] [1749138517.208478493] [publish_wind_direction]: Publishing: "id200:S"
[publish_wind_direction-2] [INFO] [1749138522.208640958] [publish_wind_direction]: Publishing: "id200:S"
[publish_wind_direction-2] [INFO] [1749138527.208518359] [publish_wind_direction]: Publishing: "id200:S"
[publish_wind_direction-2] [INFO] [1749138532.208148475] [publish_wind_direction]: Publishing: "id200:S"
[publish_wind_direction-2] [INFO] [1749138537.208509807] [publish_wind_direction]: Publishing: "id200:S"
[publish_wind_direction-2] [INFO] [1749138542.208489702] [publish_wind_direction]: Publishing: "id200:S"
[publish_wind_direction-2] [INFO] [1749138547.208508360] [publish_wind_direction]: Publishing: "id200:S"
[publish_wind_direction-2] [INFO] [1749138552.208516859] [publish_wind_direction]: Publishing: "id200:S"
[publish_wind_direction-2] [INFO] [1749138557.208513522] [publish_wind_direction]: Publishing: "id200:S"
[publish_wind_direction-2] [INFO] [1749138562.208533888] [publish_wind_direction]: Publishing: "id200:S"
[publish_wind_direction-2] [INFO] [1749138567.208528323] [publish_wind_direction]: Publishing: "id200:S"
[publish_wind_direction-2] [INFO] [1749138572.208714857] [publish_wind_direction]: Publishing: "id200:S"
[publish_wind_direction-2] [INFO] [1749138577.208486061] [publish_wind_direction]: Publishing: "id200:S"
[publish_wind_direction-2] [INFO] [1749138582.208464973] [publish_wind_direction]: Publishing: "id200:S"
[publish_wind_direction-2] [INFO] [1749138587.208518930] [publish_wind_direction]: Publishing: "id200:S"
[publish_wind_direction-2] [INFO] [1749138592.208482722] [publish_wind_direction]: Publishing: "id200:S"
[publish_wind_direction-2] [INFO] [1749138597.208519571] [publish_wind_direction]: Publishing: "id200:S"
[publish_wind_direction-2] [INFO] [1749138602.208852871] [publish_wind_direction]: Publishing: "id200:S"
[publish_wind_direction-2] [INFO] [1749138607.208712861] [publish_wind_direction]: Publishing: "id200:S"
[publish_wind_direction-2] [INFO] [1749138612.208721013] [publish_wind_direction]: Publishing: "id200:S"
[publish_wind_direction-2] [INFO] [1749138617.208641773] [publish_wind_direction]: Publishing: "id200:S"
[publish_wind_direction-2] [INFO] [1749138622.208554320] [publish_wind_direction]: Publishing: "id200:S"
[publish_wind_direction-2] [INFO] [1749138627.208453222] [publish_wind_direction]: Publishing: "id200:S"
[publish_wind_direction-2] [INFO] [1749138632.208603921] [publish_wind_direction]: Publishing: "id200:S"
[publish_wind_direction-2] [INFO] [1749138637.208648509] [publish_wind_direction]: Publishing: "id200:S"
[publish_wind_direction-2] [INFO] [1749138642.208515684] [publish_wind_direction]: Publishing: "id200:S"
[publish_wind_direction-2] [INFO] [1749138647.208463750] [publish_wind_direction]: Publishing: "id200:S"
[publish_wind_direction-2] [INFO] [1749138652.208485119] [publish_wind_direction]: Publishing: "id200:S"
[publish_wind_direction-2] [INFO] [1749138657.208483289] [publish_wind_direction]: Publishing: "id200:S"
[publish_wind_direction-2] [INFO] [1749138662.208485617] [publish_wind_direction]: Publishing: "id200:S"
[publish_wind_direction-2] [INFO] [1749138667.208707910] [publish_wind_direction]: Publishing: "id200:S"
[publish_wind_direction-2] [INFO] [1749138672.208507166] [publish_wind_direction]: Publishing: "id200:S"
[publish_wind_direction-2] [INFO] [1749138677.208488621] [publish_wind_direction]: Publishing: "id200:S"
[publish_wind_direction-2] [INFO] [1749138682.208893578] [publish_wind_direction]: Publishing: "id200:S"
[publish_wind_direction-2] [INFO] [1749138687.208513142] [publish_wind_direction]: Publishing: "id200:S"
[publish_wind_direction-2] [INFO] [1749138692.208438760] [publish_wind_direction]: Publishing: "id200:S"
[publish_wind_direction-2] [INFO] [1749138697.208501319] [publish_wind_direction]: Publishing: "id200:S"
[publish_wind_direction-2] [INFO] [1749138702.208527146] [publish_wind_direction]: Publishing: "id200:S"
[publish_wind_direction-2] [INFO] [1749138707.208472414] [publish_wind_direction]: Publishing: "id200:S"
[publish_wind_direction-2] [INFO] [1749138712.208456060] [publish_wind_direction]: Publishing: "id200:S"
[publish_wind_direction-2] [INFO] [1749138717.208507967] [publish_wind_direction]: Publishing: "id200:S"
[publish_wind_direction-2] [INFO] [1749138722.208317303] [publish_wind_direction]: Publishing: "id200:S"
[publish_wind_direction-2] [INFO] [1749138727.208477074] [publish_wind_direction]: Publishing: "id200:S"
[publish_wind_direction-2] [INFO] [1749138732.208473010] [publish_wind_direction]: Publishing: "id200:S"
[publish_wind_direction-2] [INFO] [1749138737.208510200] [publish_wind_direction]: Publishing: "id200:S"
[publish_wind_direction-2] [INFO] [1749138742.208470724] [publish_wind_direction]: Publishing: "id200:S"
[publish_wind_direction-2] [INFO] [1749138747.208498453] [publish_wind_direction]: Publishing: "id200:S"
[publish_wind_direction-2] [INFO] [1749138752.208452300] [publish_wind_direction]: Publishing: "id200:S"
[publish_wind_direction-2] [INFO] [1749138757.209028088] [publish_wind_direction]: Publishing: "id200:S"
[publish_wind_direction-2] [INFO] [1749138762.208483922] [publish_wind_direction]: Publishing: "id200:S"
[publish_wind_direction-2] [INFO] [1749138767.208452639] [publish_wind_direction]: Publishing: "id200:S"
[publish_wind_direction-2] [INFO] [1749138772.208514676] [publish_wind_direction]: Publishing: "id200:S"
[publish_wind_direction-2] [INFO] [1749138777.208465974] [publish_wind_direction]: Publishing: "id200:S"
[publish_wind_direction-2] [INFO] [1749138782.209000668] [publish_wind_direction]: Publishing: "id200:S"
[publish_wind_direction-2] [INFO] [1749138787.208460681] [publish_wind_direction]: Publishing: "id200:S"
[publish_wind_direction-2] [INFO] [1749138792.208483693] [publish_wind_direction]: Publishing: "id200:S"
[publish_wind_direction-2] [INFO] [1749138797.208500289] [publish_wind_direction]: Publishing: "id200:S"
[publish_wind_direction-2] [INFO] [1749138802.208477153] [publish_wind_direction]: Publishing: "id200:S"
[publish_wind_direction-2] [INFO] [1749138807.208541035] [publish_wind_direction]: Publishing: "id200:S"
[publish_wind_direction-2] [INFO] [1749138812.208473346] [publish_wind_direction]: Publishing: "id200:S"
[publish_wind_direction-2] [INFO] [1749138817.208497547] [publish_wind_direction]: Publishing: "id200:S"
[publish_wind_direction-2] [INFO] [1749138822.208497836] [publish_wind_direction]: Publishing: "id200:S"
[publish_wind_direction-2] [INFO] [1749138827.208532320] [publish_wind_direction]: Publishing: "id200:S"
[publish_wind_direction-2] [INFO] [1749138832.208508057] [publish_wind_direction]: Publishing: "id200:S"
[publish_wind_direction-2] [INFO] [1749138837.208477488] [publish_wind_direction]: Publishing: "id200:S"
[publish_wind_direction-2] [INFO] [1749138842.208657416] [publish_wind_direction]: Publishing: "id200:S"
[publish_wind_direction-2] [INFO] [1749138847.208600061] [publish_wind_direction]: Publishing: "id200:S"
[publish_wind_direction-2] [INFO] [1749138852.208648475] [publish_wind_direction]: Publishing: "id200:S"
[publish_wind_direction-2] [INFO] [1749138857.208813637] [publish_wind_direction]: Publishing: "id200:S"
[publish_wind_direction-2] [INFO] [1749138862.208610969] [publish_wind_direction]: Publishing: "id200:S"
[publish_wind_direction-2] [INFO] [1749138867.208508968] [publish_wind_direction]: Publishing: "id200:S"
[publish_wind_direction-2] [INFO] [1749138872.208545640] [publish_wind_direction]: Publishing: "id200:S"
[publish_wind_direction-2] [INFO] [1749138877.208523991] [publish_wind_direction]: Publishing: "id200:S"
[publish_wind_direction-2] [INFO] [1749138882.208520249] [publish_wind_direction]: Publishing: "id200:S"
[publish_wind_direction-2] [INFO] [1749138887.208506663] [publish_wind_direction]: Publishing: "id200:S"
[publish_wind_direction-2] [INFO] [1749138892.208746111] [publish_wind_direction]: Publishing: "id200:S"
[publish_wind_direction-2] [INFO] [1749138897.208484707] [publish_wind_direction]: Publishing: "id200:S"
[publish_wind_direction-2] [INFO] [1749138902.208466882] [publish_wind_direction]: Publishing: "id200:S"
[publish_wind_direction-2] [INFO] [1749138907.208487457] [publish_wind_direction]: Publishing: "id200:S"
[publish_wind_direction-2] [INFO] [1749138912.208695351] [publish_wind_direction]: Publishing: "id200:S"
[publish_wind_direction-2] [INFO] [1749138917.208617385] [publish_wind_direction]: Publishing: "id200:S"
[publish_wind_direction-2] [INFO] [1749138922.208622011] [publish_wind_direction]: Publishing: "id200:S"
[publish_wind_direction-2] [INFO] [1749138927.208603387] [publish_wind_direction]: Publishing: "id200:S"
[publish_wind_direction-2] [INFO] [1749138932.208757010] [publish_wind_direction]: Publishing: "id200:S"
[publish_wind_direction-2] [INFO] [1749138937.208687670] [publish_wind_direction]: Publishing: "id200:S"
[publish_wind_direction-2] [INFO] [1749138942.208746810] [publish_wind_direction]: Publishing: "id200:S"
[publish_wind_direction-2] [INFO] [1749138947.208659819] [publish_wind_direction]: Publishing: "id200:S"
[publish_wind_direction-2] [INFO] [1749138952.208503864] [publish_wind_direction]: Publishing: "id200:S"
[publish_wind_direction-2] [INFO] [1749138957.208704777] [publish_wind_direction]: Publishing: "id200:S"
[publish_wind_direction-2] [INFO] [1749138962.208532152] [publish_wind_direction]: Publishing: "id200:S"
[publish_wind_direction-2] [INFO] [1749138967.208501367] [publish_wind_direction]: Publishing: "id200:S"
[publish_wind_direction-2] [INFO] [1749138972.208539107] [publish_wind_direction]: Publishing: "id200:S"
[publish_wind_direction-2] [INFO] [1749138977.208526900] [publish_wind_direction]: Publishing: "id200:S"
[publish_wind_direction-2] [INFO] [1749138982.208600144] [publish_wind_direction]: Publishing: "id200:S"
[publish_wind_direction-2] [INFO] [1749138987.208465836] [publish_wind_direction]: Publishing: "id200:S"
[publish_wind_direction-2] [INFO] [1749138992.208645518] [publish_wind_direction]: Publishing: "id200:S"
[publish_wind_direction-2] [INFO] [1749138997.208612526] [publish_wind_direction]: Publishing: "id200:S"
[publish_wind_direction-2] [INFO] [1749139002.208352259] [publish_wind_direction]: Publishing: "id200:S"
[publish_wind_direction-2] [INFO] [1749139007.208385711] [publish_wind_direction]: Publishing: "id200:S"
[publish_wind_direction-2] [INFO] [1749139012.208403005] [publish_wind_direction]: Publishing: "id200:S"
[publish_wind_direction-2] [INFO] [1749139017.208525735] [publish_wind_direction]: Publishing: "id200:S"
[publish_wind_direction-2] [INFO] [1749139022.208367862] [publish_wind_direction]: Publishing: "id200:S"
[publish_wind_direction-2] [INFO] [1749139027.208363657] [publish_wind_direction]: Publishing: "id200:S"
[publish_wind_direction-2] [INFO] [1749139032.208381725] [publish_wind_direction]: Publishing: "id200:S"
[publish_wind_direction-2] [INFO] [1749139037.207993188] [publish_wind_direction]: Raising exception
[publish_wind_direction-2] [INFO] [1749139037.210916755] [publish_wind_direction]: Publisher stopping, exception
[INFO] [publish_wind_direction-2]: process has finished cleanly [pid 841]
[random_robot_move-1] [INFO] [1749139047.784113576] [random_robot_move]: Exception, shutting down
