[INFO] [launch]: All log files can be found below /home/thymio/.ros/log/2025-06-05-13-36-12-570755-thymio-821
[INFO] [launch]: Default logging verbosity is set to INFO
[INFO] [random_robot_move-1]: process started with pid [843]
[INFO] [publish_wind_direction-2]: process started with pid [845]
[publish_wind_direction-2] /usr/lib/python3/dist-packages/scipy/__init__.py:146: UserWarning: A NumPy version >=1.17.3 and <1.25.0 is required for this version of SciPy (detected version 1.26.4
[publish_wind_direction-2]   warnings.warn(f"A NumPy version >={np_minversion} and <{np_maxversion}"
[publish_wind_direction-2] [INFO] [1749130576.529570386] [publish_wind_direction]: Physical Ip=134.34.225.189, id=id189
[random_robot_move-1] [INFO] [1749130579.450777665] [random_robot_move]: Robot Control Node started.
[publish_wind_direction-2] [INFO] [1749130581.555303307] [publish_wind_direction]: Publishing: "id189:N"
[publish_wind_direction-2] [INFO] [1749130581.559345177] [publish_wind_direction]: * Received from id189, wind direction N
[publish_wind_direction-2] [INFO] [1749130581.562026103] [publish_wind_direction]: Publisher, neighbours_by_id=set()
[publish_wind_direction-2] [INFO] [1749130586.093602294] [publish_wind_direction]: ***Cam angle= -999.0, vico ang deg= 0.0 Ground Truth= 81.0
[publish_wind_direction-2] [INFO] [1749130586.097093719] [publish_wind_direction]: Publisher, Neighbourhood size: 0
[publish_wind_direction-2] [INFO] [1749130586.555405011] [publish_wind_direction]: Publishing: "id189:N"
[publish_wind_direction-2] [INFO] [1749130586.559529529] [publish_wind_direction]: * Received from id189, wind direction N
[publish_wind_direction-2] [INFO] [1749130586.562231307] [publish_wind_direction]: Publisher, neighbours_by_id=set()
[publish_wind_direction-2] [INFO] [1749130590.679990995] [publish_wind_direction]: ***Cam angle= -210.5296333859326, vico ang deg= 0.0 Ground Truth= 149.4703666140674
[publish_wind_direction-2] [INFO] [1749130590.682613032] [publish_wind_direction]: Publisher, Neighbourhood size: 0
[publish_wind_direction-2] [INFO] [1749130591.555905528] [publish_wind_direction]: Publishing: "id189:N"
[publish_wind_direction-2] [INFO] [1749130591.562725824] [publish_wind_direction]: * Received from id189, wind direction N
[publish_wind_direction-2] [INFO] [1749130591.567523250] [publish_wind_direction]: Publisher, neighbours_by_id=set()
[publish_wind_direction-2] [INFO] [1749130593.264704261] [publish_wind_direction]: ***Cam angle= -225.78708297474094, vico ang deg= 0.0 Ground Truth= 134.21291702525906
[publish_wind_direction-2] [INFO] [1749130593.267353632] [publish_wind_direction]: Publisher, Neighbourhood size: 0
[publish_wind_direction-2] [INFO] [1749130596.555545537] [publish_wind_direction]: Publishing: "id189:N"
[publish_wind_direction-2] [INFO] [1749130596.560689759] [publish_wind_direction]: * Received from id189, wind direction N
[publish_wind_direction-2] [INFO] [1749130596.563414704] [publish_wind_direction]: Publisher, neighbours_by_id=set()
[publish_wind_direction-2] [INFO] [1749130600.515804016] [publish_wind_direction]: ***Cam angle= -999.0, vico ang deg= 0.0 Ground Truth= 81.0
[publish_wind_direction-2] [INFO] [1749130600.518380646] [publish_wind_direction]: Publisher, Neighbourhood size: 0
[publish_wind_direction-2] [INFO] [1749130601.555102923] [publish_wind_direction]: Publishing: "id189:N"
[publish_wind_direction-2] [INFO] [1749130601.561389441] [publish_wind_direction]: * Received from id189, wind direction N
[publish_wind_direction-2] [INFO] [1749130601.565885219] [publish_wind_direction]: Publisher, neighbours_by_id=set()
[publish_wind_direction-2] [INFO] [1749130605.515221161] [publish_wind_direction]: ***Cam angle= -184.49328009649548, vico ang deg= 0.0 Ground Truth= 175.50671990350452
[publish_wind_direction-2] [INFO] [1749130605.519110476] [publish_wind_direction]: Publisher, Neighbourhood size: 0
[publish_wind_direction-2] [INFO] [1749130606.555065105] [publish_wind_direction]: Publishing: "id189:N"
[publish_wind_direction-2] [INFO] [1749130606.560305753] [publish_wind_direction]: * Received from id189, wind direction N
[publish_wind_direction-2] [INFO] [1749130606.564185883] [publish_wind_direction]: Publisher, neighbours_by_id=set()
[publish_wind_direction-2] [INFO] [1749130610.402465695] [publish_wind_direction]: ***Cam angle= -999.0, vico ang deg= 0.0 Ground Truth= 81.0
[publish_wind_direction-2] [INFO] [1749130610.406764992] [publish_wind_direction]: Publisher, Neighbourhood size: 0
[publish_wind_direction-2] [INFO] [1749130611.555143658] [publish_wind_direction]: Publishing: "id189:N"
[publish_wind_direction-2] [INFO] [1749130611.559048417] [publish_wind_direction]: * Received from id189, wind direction N
[publish_wind_direction-2] [INFO] [1749130611.561884584] [publish_wind_direction]: Publisher, neighbours_by_id=set()
[publish_wind_direction-2] [INFO] [1749130615.385384952] [publish_wind_direction]: ***Cam angle= -999.0, vico ang deg= 0.0 Ground Truth= 81.0
[publish_wind_direction-2] [INFO] [1749130615.387916118] [publish_wind_direction]: Publisher, Neighbourhood size: 0
[publish_wind_direction-2] [INFO] [1749130616.555381821] [publish_wind_direction]: Publishing: "id189:N"
[publish_wind_direction-2] [INFO] [1749130616.559209507] [publish_wind_direction]: * Received from id189, wind direction N
[publish_wind_direction-2] [INFO] [1749130616.561889525] [publish_wind_direction]: Publisher, neighbours_by_id=set()
[publish_wind_direction-2] [INFO] [1749130620.481265838] [publish_wind_direction]: ***Cam angle= -999.0, vico ang deg= 0.0 Ground Truth= 81.0
[publish_wind_direction-2] [INFO] [1749130620.484826986] [publish_wind_direction]: Publisher, Neighbourhood size: 0
[publish_wind_direction-2] [INFO] [1749130621.555200356] [publish_wind_direction]: Publishing: "id189:N"
[publish_wind_direction-2] [INFO] [1749130621.560112115] [publish_wind_direction]: * Received from id189, wind direction N
[publish_wind_direction-2] [INFO] [1749130621.565200578] [publish_wind_direction]: Publisher, neighbours_by_id=set()
[publish_wind_direction-2] [INFO] [1749130625.424032872] [publish_wind_direction]: ***Cam angle= -103.89722409746591, vico ang deg= 0.0 Ground Truth= 256.10277590253406
[publish_wind_direction-2] [INFO] [1749130625.426438390] [publish_wind_direction]: Publisher, Neighbourhood size: 0
[publish_wind_direction-2] [INFO] [1749130626.555324167] [publish_wind_direction]: Publishing: "id189:N"
[publish_wind_direction-2] [INFO] [1749130626.559311575] [publish_wind_direction]: * Received from id189, wind direction N
[publish_wind_direction-2] [INFO] [1749130626.562079501] [publish_wind_direction]: Publisher, neighbours_by_id=set()
[publish_wind_direction-2] [INFO] [1749130630.350251813] [publish_wind_direction]: ***Cam angle= -999.0, vico ang deg= 0.0 Ground Truth= 81.0
[publish_wind_direction-2] [INFO] [1749130630.352733572] [publish_wind_direction]: Publisher, Neighbourhood size: 0
[publish_wind_direction-2] [INFO] [1749130631.555254516] [publish_wind_direction]: Publishing: "id189:N"
[publish_wind_direction-2] [INFO] [1749130631.559217442] [publish_wind_direction]: * Received from id189, wind direction N
[publish_wind_direction-2] [INFO] [1749130631.562004998] [publish_wind_direction]: Publisher, neighbours_by_id=set()
[publish_wind_direction-2] [INFO] [1749130635.386981866] [publish_wind_direction]: ***Cam angle= -999.0, vico ang deg= 0.0 Ground Truth= 81.0
[publish_wind_direction-2] [INFO] [1749130635.389449644] [publish_wind_direction]: Publisher, Neighbourhood size: 0
[publish_wind_direction-2] [INFO] [1749130636.555295421] [publish_wind_direction]: Publishing: "id189:N"
[publish_wind_direction-2] [INFO] [1749130636.559164050] [publish_wind_direction]: * Received from id189, wind direction N
[publish_wind_direction-2] [INFO] [1749130636.561826272] [publish_wind_direction]: Publisher, neighbours_by_id=set()
[publish_wind_direction-2] [INFO] [1749130640.423678955] [publish_wind_direction]: ***Cam angle= -156.6855475897567, vico ang deg= 0.0 Ground Truth= 203.3144524102433
[publish_wind_direction-2] [INFO] [1749130640.426146696] [publish_wind_direction]: Publisher, Neighbourhood size: 0
[publish_wind_direction-2] [INFO] [1749130641.555299288] [publish_wind_direction]: Publishing: "id189:N"
[publish_wind_direction-2] [INFO] [1749130641.559221418] [publish_wind_direction]: * Received from id189, wind direction N
[publish_wind_direction-2] [INFO] [1749130641.562034381] [publish_wind_direction]: Publisher, neighbours_by_id=set()
[publish_wind_direction-2] [INFO] [1749130645.389273952] [publish_wind_direction]: ***Cam angle= -55.31625357148855, vico ang deg= 0.0 Ground Truth= 304.6837464285114
[publish_wind_direction-2] [INFO] [1749130645.392872323] [publish_wind_direction]: Publisher, Neighbourhood size: 0
[publish_wind_direction-2] [INFO] [1749130646.555235859] [publish_wind_direction]: Publishing: "id189:N"
[publish_wind_direction-2] [INFO] [1749130646.559094896] [publish_wind_direction]: * Received from id189, wind direction N
[publish_wind_direction-2] [INFO] [1749130646.561756581] [publish_wind_direction]: Publisher, neighbours_by_id=set()
[publish_wind_direction-2] [INFO] [1749130650.423699579] [publish_wind_direction]: ***Cam angle= -999.0, vico ang deg= 0.0 Ground Truth= 81.0
[publish_wind_direction-2] [INFO] [1749130650.427243375] [publish_wind_direction]: Publisher, Neighbourhood size: 0
[publish_wind_direction-2] [INFO] [1749130651.555170578] [publish_wind_direction]: Publishing: "id189:N"
[publish_wind_direction-2] [INFO] [1749130651.559111819] [publish_wind_direction]: * Received from id189, wind direction N
[publish_wind_direction-2] [INFO] [1749130651.563712060] [publish_wind_direction]: Publisher, neighbours_by_id=set()
