[INFO] [launch]: All log files can be found below /home/thymio/.ros/log/2025-06-06-14-46-40-990887-thymio-821
[INFO] [launch]: Default logging verbosity is set to INFO
[INFO] [random_robot_move-1]: process started with pid [843]
[INFO] [publish_wind_direction-2]: process started with pid [845]
[publish_wind_direction-2] /usr/lib/python3/dist-packages/scipy/__init__.py:146: UserWarning: A NumPy version >=1.17.3 and <1.25.0 is required for this version of SciPy (detected version 1.26.4
[publish_wind_direction-2]   warnings.warn(f"A NumPy version >={np_minversion} and <{np_maxversion}"
[publish_wind_direction-2] [INFO] [1749221204.917425498] [publish_wind_direction]: Physical Ip=134.34.225.194, id=id194
[publish_wind_direction-2] [INFO] [1749221204.955343280] [publish_wind_direction]: Subscribed to: vicon/default/data
[random_robot_move-1] [INFO] [1749221206.291396818] [random_robot_move]: Robot Control Node started.
[publish_wind_direction-2] [INFO] [1749221209.944681353] [publish_wind_direction]: Publishing: "id194:W"
[publish_wind_direction-2] [INFO] [1749221214.944643350] [publish_wind_direction]: Publishing: "id194:W"
[publish_wind_direction-2] [INFO] [1749221219.945881032] [publish_wind_direction]: Publishing: "id194:W"
[publish_wind_direction-2] [INFO] [1749221224.944917603] [publish_wind_direction]: Publishing: "id194:W"
[publish_wind_direction-2] [INFO] [1749221229.945354304] [publish_wind_direction]: Publishing: "id194:W"
[publish_wind_direction-2] [INFO] [1749221234.945011615] [publish_wind_direction]: Publishing: "id194:W"
[publish_wind_direction-2] [INFO] [1749221239.943122057] [publish_wind_direction]: Publishing: "id194:W"
[publish_wind_direction-2] [INFO] [1749221244.942831887] [publish_wind_direction]: Publishing: "id194:W"
[publish_wind_direction-2] [INFO] [1749221249.943311051] [publish_wind_direction]: Publishing: "id194:W"
[publish_wind_direction-2] [INFO] [1749221254.942909733] [publish_wind_direction]: Publishing: "id194:W"
[publish_wind_direction-2] [INFO] [1749221259.943528156] [publish_wind_direction]: Publishing: "id194:W"
[publish_wind_direction-2] [INFO] [1749221264.943298431] [publish_wind_direction]: Publishing: "id194:W"
[publish_wind_direction-2] [INFO] [1749221269.944027835] [publish_wind_direction]: Publishing: "id194:W"
[publish_wind_direction-2] [INFO] [1749221274.943287147] [publish_wind_direction]: Publishing: "id194:W"
[publish_wind_direction-2] [INFO] [1749221279.943234755] [publish_wind_direction]: Publishing: "id194:W"
[publish_wind_direction-2] [INFO] [1749221284.943270141] [publish_wind_direction]: Publishing: "id194:W"
[publish_wind_direction-2] [INFO] [1749221289.943470731] [publish_wind_direction]: Publishing: "id194:W"
[publish_wind_direction-2] [INFO] [1749221294.943398043] [publish_wind_direction]: Publishing: "id194:W"
[publish_wind_direction-2] [INFO] [1749221299.473336170] [publish_wind_direction]: Vicon Position= [-364.3035583496094, -567.9287719726562]
[publish_wind_direction-2] [INFO] [1749221299.476144151] [publish_wind_direction]: Neighbourhood size: 7
[publish_wind_direction-2] [INFO] [1749221299.943469817] [publish_wind_direction]: Publishing: "id194:W"
[publish_wind_direction-2] [INFO] [1749221304.943800963] [publish_wind_direction]: Publishing: "id194:W"
[publish_wind_direction-2] [INFO] [1749221305.395720444] [publish_wind_direction]: Vicon Position= [-349.13787841796875, -536.8522338867188]
[publish_wind_direction-2] [INFO] [1749221305.398867240] [publish_wind_direction]: Neighbourhood size: 6
[publish_wind_direction-2] [INFO] [1749221309.943453460] [publish_wind_direction]: Publishing: "id194:W"
[publish_wind_direction-2] [INFO] [1749221314.943425142] [publish_wind_direction]: Publishing: "id194:W"
[publish_wind_direction-2] [INFO] [1749221319.943393843] [publish_wind_direction]: Publishing: "id194:W"
[publish_wind_direction-2] [INFO] [1749221324.943434117] [publish_wind_direction]: Publishing: "id194:W"
[publish_wind_direction-2] [INFO] [1749221329.943422763] [publish_wind_direction]: Publishing: "id194:W"
[publish_wind_direction-2] [INFO] [1749221334.943468871] [publish_wind_direction]: Publishing: "id194:W"
[publish_wind_direction-2] [INFO] [1749221339.943495645] [publish_wind_direction]: Publishing: "id194:W"
[publish_wind_direction-2] [INFO] [1749221344.943371883] [publish_wind_direction]: Publishing: "id194:W"
[publish_wind_direction-2] [INFO] [1749221349.943439936] [publish_wind_direction]: Publishing: "id194:W"
[publish_wind_direction-2] [INFO] [1749221354.943392248] [publish_wind_direction]: Publishing: "id194:W"
[publish_wind_direction-2] [INFO] [1749221359.943478189] [publish_wind_direction]: Publishing: "id194:W"
[publish_wind_direction-2] [INFO] [1749221364.943376908] [publish_wind_direction]: Publishing: "id194:W"
[publish_wind_direction-2] [INFO] [1749221367.481879888] [publish_wind_direction]: Vicon Position= [-574.7183837890625, 21.89517593383789]
[publish_wind_direction-2] [INFO] [1749221367.484798222] [publish_wind_direction]: Neighbourhood size: 8
[publish_wind_direction-2] [INFO] [1749221369.943421016] [publish_wind_direction]: Publishing: "id194:W"
[publish_wind_direction-2] [INFO] [1749221373.549779477] [publish_wind_direction]: Vicon Position= [-573.1696166992188, 20.822742462158203]
[publish_wind_direction-2] [INFO] [1749221373.552911403] [publish_wind_direction]: Neighbourhood size: 8
[publish_wind_direction-2] [INFO] [1749221374.943530865] [publish_wind_direction]: Publishing: "id194:W"
[publish_wind_direction-2] [INFO] [1749221378.464887530] [publish_wind_direction]: Vicon Position= [-577.5877685546875, 23.746870040893555]
[publish_wind_direction-2] [INFO] [1749221378.468171548] [publish_wind_direction]: Neighbourhood size: 8
[publish_wind_direction-2] [INFO] [1749221379.943577399] [publish_wind_direction]: Publishing: "id194:W"
[publish_wind_direction-2] [INFO] [1749221384.191411193] [publish_wind_direction]: Vicon Position= [-362.0616760253906, 519.782958984375]
[publish_wind_direction-2] [INFO] [1749221384.194341249] [publish_wind_direction]: Neighbourhood size: 6
[publish_wind_direction-2] [INFO] [1749221384.943400545] [publish_wind_direction]: Publishing: "id194:W"
[publish_wind_direction-2] [INFO] [1749221389.943497671] [publish_wind_direction]: Publishing: "id194:W"
[publish_wind_direction-2] [INFO] [1749221394.943553187] [publish_wind_direction]: Publishing: "id194:W"
[publish_wind_direction-2] [INFO] [1749221395.744746001] [publish_wind_direction]: Vicon Position= [-254.82977294921875, 821.7771606445312]
[publish_wind_direction-2] [INFO] [1749221395.747580927] [publish_wind_direction]: Neighbourhood size: 7
[publish_wind_direction-2] [INFO] [1749221397.630561518] [publish_wind_direction]: Vicon Position= [-263.8690490722656, 841.5255126953125]
[publish_wind_direction-2] [INFO] [1749221397.633405426] [publish_wind_direction]: Neighbourhood size: 7
[publish_wind_direction-2] [INFO] [1749221399.943404239] [publish_wind_direction]: Publishing: "id194:W"
[publish_wind_direction-2] [INFO] [1749221401.109406739] [publish_wind_direction]: Vicon Position= [-263.8690490722656, 841.5255126953125]
[publish_wind_direction-2] [INFO] [1749221401.112329387] [publish_wind_direction]: Neighbourhood size: 7
[publish_wind_direction-2] [INFO] [1749221404.943472996] [publish_wind_direction]: Publishing: "id194:W"
[publish_wind_direction-2] [INFO] [1749221409.944035641] [publish_wind_direction]: Publishing: "id194:W"
[publish_wind_direction-2] [INFO] [1749221410.422479103] [publish_wind_direction]: Vicon Position= [-263.8690490722656, 841.5255126953125]
[publish_wind_direction-2] [INFO] [1749221410.425334585] [publish_wind_direction]: Neighbourhood size: 7
[publish_wind_direction-2] [INFO] [1749221414.943402601] [publish_wind_direction]: Publishing: "id194:W"
[publish_wind_direction-2] [INFO] [1749221419.943290709] [publish_wind_direction]: Publishing: "id194:W"
[publish_wind_direction-2] [INFO] [1749221422.936945300] [publish_wind_direction]: Vicon Position= [-519.0390625, 287.0923767089844]
[publish_wind_direction-2] [INFO] [1749221422.940388077] [publish_wind_direction]: Neighbourhood size: 6
[publish_wind_direction-2] [INFO] [1749221424.943467706] [publish_wind_direction]: Publishing: "id194:W"
[publish_wind_direction-2] [INFO] [1749221429.943897277] [publish_wind_direction]: Publishing: "id194:W"
[publish_wind_direction-2] [INFO] [1749221434.943598459] [publish_wind_direction]: Publishing: "id194:W"
[publish_wind_direction-2] [INFO] [1749221439.943383753] [publish_wind_direction]: Publishing: "id194:W"
[publish_wind_direction-2] [INFO] [1749221444.943356620] [publish_wind_direction]: Publishing: "id194:W"
[publish_wind_direction-2] [INFO] [1749221449.943460228] [publish_wind_direction]: Publishing: "id194:W"
[publish_wind_direction-2] [INFO] [1749221450.739663505] [publish_wind_direction]: Vicon Position= [-238.44573974609375, -223.5858917236328]
[publish_wind_direction-2] [INFO] [1749221450.742505413] [publish_wind_direction]: Neighbourhood size: 5
[publish_wind_direction-2] [INFO] [1749221453.249603374] [publish_wind_direction]: Vicon Position= [-231.8946990966797, -221.14520263671875]
[publish_wind_direction-2] [INFO] [1749221453.252504041] [publish_wind_direction]: Neighbourhood size: 4
[publish_wind_direction-2] [INFO] [1749221454.943443670] [publish_wind_direction]: Publishing: "id194:W"
[publish_wind_direction-2] [INFO] [1749221459.943162481] [publish_wind_direction]: Publishing: "id194:W"
[publish_wind_direction-2] [INFO] [1749221462.299272443] [publish_wind_direction]: Vicon Position= [176.69276428222656, -52.30234909057617]
[publish_wind_direction-2] [INFO] [1749221462.302162887] [publish_wind_direction]: Neighbourhood size: 8
[publish_wind_direction-2] [INFO] [1749221464.943405497] [publish_wind_direction]: Publishing: "id194:W"
[publish_wind_direction-2] [INFO] [1749221469.943552679] [publish_wind_direction]: Publishing: "id194:W"
[publish_wind_direction-2] [INFO] [1749221470.342237920] [publish_wind_direction]: Vicon Position= [99.92324829101562, -117.63896942138672]
[publish_wind_direction-2] [INFO] [1749221470.345134549] [publish_wind_direction]: Neighbourhood size: 6
[publish_wind_direction-2] [INFO] [1749221474.943896861] [publish_wind_direction]: Publishing: "id194:W"
[publish_wind_direction-2] [INFO] [1749221477.168090916] [publish_wind_direction]: Vicon Position= [99.92324829101562, -117.63896942138672]
[publish_wind_direction-2] [INFO] [1749221477.170837064] [publish_wind_direction]: Neighbourhood size: 6
[publish_wind_direction-2] [INFO] [1749221479.943425488] [publish_wind_direction]: Publishing: "id194:W"
[publish_wind_direction-2] [INFO] [1749221480.894827043] [publish_wind_direction]: Vicon Position= [39.229610443115234, -17.803668975830078]
[publish_wind_direction-2] [INFO] [1749221480.898350506] [publish_wind_direction]: Neighbourhood size: 7
[publish_wind_direction-2] [INFO] [1749221482.953552968] [publish_wind_direction]: Vicon Position= [0.0, 0.0]
[publish_wind_direction-2] [INFO] [1749221482.956349653] [publish_wind_direction]: Neighbourhood size: 5
[publish_wind_direction-2] [INFO] [1749221484.943206448] [publish_wind_direction]: Publishing: "id194:W"
[publish_wind_direction-2] [INFO] [1749221489.623295316] [publish_wind_direction]: * Received from id193, wind direction N
[publish_wind_direction-2] [INFO] [1749221489.626122112] [publish_wind_direction]: Publisher, neighbours_by_id={'id206', 'id189', 'id207', 'id224', 'id247'}
[publish_wind_direction-2] [INFO] [1749221493.842573924] [publish_wind_direction]: ***Cam angle= 54.38891261505631, vico ang deg= 4.010704565915763 Ground Truth= 58.39961718097207
[publish_wind_direction-2] [INFO] [1749221493.845178202] [publish_wind_direction]: Publisher, Neighbourhood size: 5
[publish_wind_direction-2] [INFO] [1749221493.847527461] [publish_wind_direction]: Decision Making Triggered
[publish_wind_direction-2] [INFO] [1749221493.850014294] [publish_wind_direction]: Publisher, Neighbours Opinion: 0
[publish_wind_direction-2] [INFO] [1749221493.852486702] [publish_wind_direction]: Inside Decision Making, neighbours opinion: {}
[publish_wind_direction-2] [INFO] [1749221493.854872294] [publish_wind_direction]: Inside Decision Making, social opinions: {}
[publish_wind_direction-2] [INFO] [1749221493.859393146] [publish_wind_direction]: Publishing: "id194:S"
[publish_wind_direction-2] [INFO] [1749221494.943227498] [publish_wind_direction]: Publishing: "id194:S"
[publish_wind_direction-2] [INFO] [1749221499.943286032] [publish_wind_direction]: Publishing: "id194:S"
[publish_wind_direction-2] [INFO] [1749221504.943853825] [publish_wind_direction]: Publishing: "id194:S"
[publish_wind_direction-2] [INFO] [1749221509.943104118] [publish_wind_direction]: Publishing: "id194:S"
[publish_wind_direction-2] [INFO] [1749221514.943229560] [publish_wind_direction]: Publishing: "id194:S"
[publish_wind_direction-2] [INFO] [1749221519.943728575] [publish_wind_direction]: Publishing: "id194:S"
[publish_wind_direction-2] [INFO] [1749221523.979793184] [publish_wind_direction]: Vicon Position= [261.88580322265625, 120.82025146484375]
[publish_wind_direction-2] [INFO] [1749221523.982716962] [publish_wind_direction]: Neighbourhood size: 7
[publish_wind_direction-2] [INFO] [1749221524.943239517] [publish_wind_direction]: Publishing: "id194:S"
[publish_wind_direction-2] [INFO] [1749221529.943226680] [publish_wind_direction]: Publishing: "id194:S"
[publish_wind_direction-2] [INFO] [1749221534.943290122] [publish_wind_direction]: Publishing: "id194:S"
[publish_wind_direction-2] [INFO] [1749221536.777615084] [publish_wind_direction]: * Received from id193, wind direction S
[publish_wind_direction-2] [INFO] [1749221536.780483528] [publish_wind_direction]: Publisher, neighbours_by_id={'id206', 'id207', 'id224', 'id189', 'id152', 'id247', 'id223'}
[publish_wind_direction-2] [INFO] [1749221540.662506563] [publish_wind_direction]: ***Cam angle= -108.50843185296308, vico ang deg= 156.60452530053914 Ground Truth= 48.09609344757605
[publish_wind_direction-2] [INFO] [1749221540.664953822] [publish_wind_direction]: Publisher, Neighbourhood size: 7
[publish_wind_direction-2] [INFO] [1749221540.667304433] [publish_wind_direction]: Decision Making Triggered
[publish_wind_direction-2] [INFO] [1749221540.669676767] [publish_wind_direction]: Publisher, Neighbours Opinion: 0
[publish_wind_direction-2] [INFO] [1749221540.672032730] [publish_wind_direction]: Inside Decision Making, neighbours opinion: {}
[publish_wind_direction-2] [INFO] [1749221540.674420470] [publish_wind_direction]: Inside Decision Making, social opinions: {}
[publish_wind_direction-2] [INFO] [1749221540.678971378] [publish_wind_direction]: Publishing: "id194:S"
[publish_wind_direction-2] [INFO] [1749221542.871232580] [publish_wind_direction]: * Received from id155, wind direction W
[publish_wind_direction-2] [INFO] [1749221542.873930062] [publish_wind_direction]: Publisher, neighbours_by_id={'id206', 'id207', 'id224', 'id189', 'id152', 'id247', 'id223'}
[publish_wind_direction-2] [INFO] [1749221546.962166818] [publish_wind_direction]: ***Cam angle= 44.43890366511744, vico ang deg= 156.60452530053914 Ground Truth= 201.04342896565657
[publish_wind_direction-2] [INFO] [1749221546.964596133] [publish_wind_direction]: Publisher, Neighbourhood size: 7
[publish_wind_direction-2] [INFO] [1749221546.967058263] [publish_wind_direction]: Decision Making Triggered
[publish_wind_direction-2] [INFO] [1749221546.969484133] [publish_wind_direction]: Publisher, Neighbours Opinion: 0
[publish_wind_direction-2] [INFO] [1749221546.971883559] [publish_wind_direction]: Inside Decision Making, neighbours opinion: {}
[publish_wind_direction-2] [INFO] [1749221546.974309059] [publish_wind_direction]: Inside Decision Making, social opinions: {}
[publish_wind_direction-2] [INFO] [1749221546.978936911] [publish_wind_direction]: Publishing: "id194:N"
[publish_wind_direction-2] [INFO] [1749221549.943957557] [publish_wind_direction]: Publishing: "id194:N"
[publish_wind_direction-2] [INFO] [1749221554.943058906] [publish_wind_direction]: Publishing: "id194:N"
[publish_wind_direction-2] [INFO] [1749221556.486258294] [publish_wind_direction]: Vicon Position= [261.88580322265625, 120.82025146484375]
[publish_wind_direction-2] [INFO] [1749221556.489117998] [publish_wind_direction]: Neighbourhood size: 7
[publish_wind_direction-2] [INFO] [1749221559.943249570] [publish_wind_direction]: Publishing: "id194:N"
[publish_wind_direction-2] [INFO] [1749221559.982251051] [publish_wind_direction]: Vicon Position= [261.88580322265625, 120.82025146484375]
[publish_wind_direction-2] [INFO] [1749221559.985221348] [publish_wind_direction]: Neighbourhood size: 7
[publish_wind_direction-2] [INFO] [1749221564.943434585] [publish_wind_direction]: Publishing: "id194:N"
[publish_wind_direction-2] [INFO] [1749221569.943335545] [publish_wind_direction]: Publishing: "id194:N"
[publish_wind_direction-2] [INFO] [1749221574.943397635] [publish_wind_direction]: Publishing: "id194:N"
[publish_wind_direction-2] [INFO] [1749221575.241259690] [publish_wind_direction]: Vicon Position= [357.0762023925781, 122.59368133544922]
[publish_wind_direction-2] [INFO] [1749221575.244053190] [publish_wind_direction]: Neighbourhood size: 6
[publish_wind_direction-2] [INFO] [1749221576.537377875] [publish_wind_direction]: Vicon Position= [346.82952880859375, 121.95649719238281]
[publish_wind_direction-2] [INFO] [1749221576.540249338] [publish_wind_direction]: Neighbourhood size: 6
[publish_wind_direction-2] [INFO] [1749221579.943486447] [publish_wind_direction]: Publishing: "id194:N"
[publish_wind_direction-2] [INFO] [1749221584.943342277] [publish_wind_direction]: Publishing: "id194:N"
[publish_wind_direction-2] [INFO] [1749221589.943262367] [publish_wind_direction]: Publishing: "id194:N"
[publish_wind_direction-2] [INFO] [1749221590.619181885] [publish_wind_direction]: * Received from id155, wind direction W
[publish_wind_direction-2] [INFO] [1749221590.622700903] [publish_wind_direction]: Publisher, neighbours_by_id={'id206', 'id189', 'id207', 'id224', 'id152', 'id223'}
[publish_wind_direction-2] [INFO] [1749221594.423468272] [publish_wind_direction]: ***Cam angle= -999.0, vico ang deg= 180.5579358396618 Ground Truth= 261.5579358396618
[publish_wind_direction-2] [INFO] [1749221594.425949253] [publish_wind_direction]: Publisher, Neighbourhood size: 6
[publish_wind_direction-2] [INFO] [1749221594.428314197] [publish_wind_direction]: Decision Making Triggered
[publish_wind_direction-2] [INFO] [1749221594.430738049] [publish_wind_direction]: Publisher, Neighbours Opinion: 0
[publish_wind_direction-2] [INFO] [1749221594.433185123] [publish_wind_direction]: Inside Decision Making, neighbours opinion: {}
[publish_wind_direction-2] [INFO] [1749221594.435572031] [publish_wind_direction]: Inside Decision Making, social opinions: {}
[publish_wind_direction-2] [INFO] [1749221594.440549216] [publish_wind_direction]: Vicon Position= [286.5035400390625, 80.04138946533203]
[publish_wind_direction-2] [INFO] [1749221594.443139420] [publish_wind_direction]: Neighbourhood size: 6
[publish_wind_direction-2] [INFO] [1749221594.943241790] [publish_wind_direction]: Publishing: "id194:E"
[publish_wind_direction-2] [INFO] [1749221599.943329194] [publish_wind_direction]: Publishing: "id194:E"
[publish_wind_direction-2] [INFO] [1749221602.262591971] [publish_wind_direction]: Vicon Position= [0.0, 0.0]
[publish_wind_direction-2] [INFO] [1749221602.265595674] [publish_wind_direction]: Neighbourhood size: 0
[publish_wind_direction-2] [INFO] [1749221604.943335654] [publish_wind_direction]: Publishing: "id194:E"
[publish_wind_direction-2] [INFO] [1749221605.278152469] [publish_wind_direction]: Vicon Position= [0.0, 0.0]
[publish_wind_direction-2] [INFO] [1749221605.281526969] [publish_wind_direction]: Neighbourhood size: 0
[publish_wind_direction-2] [INFO] [1749221606.934934709] [publish_wind_direction]: * Received from id193, wind direction W
[publish_wind_direction-2] [INFO] [1749221606.937884042] [publish_wind_direction]: Publisher, neighbours_by_id=set()
[publish_wind_direction-2] [INFO] [1749221610.740627058] [publish_wind_direction]: ***Cam angle= 25.241417738067653, vico ang deg= 4.010704565915763 Ground Truth= 29.252122303983416
[publish_wind_direction-2] [INFO] [1749221610.743071040] [publish_wind_direction]: Publisher, Neighbourhood size: 0
[publish_wind_direction-2] [INFO] [1749221610.747238873] [publish_wind_direction]: Publishing: "id194:E"
[publish_wind_direction-2] [INFO] [1749221612.284385483] [publish_wind_direction]: Vicon Position= [137.4043731689453, 415.41314697265625]
[publish_wind_direction-2] [INFO] [1749221612.287148039] [publish_wind_direction]: Neighbourhood size: 6
[publish_wind_direction-2] [INFO] [1749221614.943297722] [publish_wind_direction]: Publishing: "id194:E"
[publish_wind_direction-2] [INFO] [1749221617.120177869] [publish_wind_direction]: Vicon Position= [-752.7612915039062, -589.581787109375]
[publish_wind_direction-2] [INFO] [1749221617.123020740] [publish_wind_direction]: Neighbourhood size: 3
[publish_wind_direction-2] [INFO] [1749221619.943258590] [publish_wind_direction]: Publishing: "id194:E"
[publish_wind_direction-2] [INFO] [1749221621.482431441] [publish_wind_direction]: Vicon Position= [-729.3680419921875, -516.4521484375]
[publish_wind_direction-2] [INFO] [1749221621.485652459] [publish_wind_direction]: Neighbourhood size: 2
[publish_wind_direction-2] [INFO] [1749221624.943296031] [publish_wind_direction]: Publishing: "id194:E"
[publish_wind_direction-2] [INFO] [1749221629.943281917] [publish_wind_direction]: Publishing: "id194:E"
[publish_wind_direction-2] [INFO] [1749221630.391295158] [publish_wind_direction]: * Received from id155, wind direction N
[publish_wind_direction-2] [INFO] [1749221630.393945454] [publish_wind_direction]: Publisher, neighbours_by_id={'id192', 'id206'}
[publish_wind_direction-2] [INFO] [1749221634.192529637] [publish_wind_direction]: ***Cam angle= -45.881252743445756, vico ang deg= 24.171294085628574 Ground Truth= 338.2900413421828
[publish_wind_direction-2] [INFO] [1749221634.195071452] [publish_wind_direction]: Publisher, Neighbourhood size: 2
[publish_wind_direction-2] [INFO] [1749221634.199599840] [publish_wind_direction]: Vicon Position= [914.3263549804688, 295.0770568847656]
[publish_wind_direction-2] [INFO] [1749221634.202141452] [publish_wind_direction]: Neighbourhood size: 5
[publish_wind_direction-2] [INFO] [1749221634.943271155] [publish_wind_direction]: Publishing: "id194:E"
[publish_wind_direction-2] [INFO] [1749221637.742222005] [publish_wind_direction]: Vicon Position= [-133.64462280273438, -85.70183563232422]
[publish_wind_direction-2] [INFO] [1749221637.745162875] [publish_wind_direction]: Neighbourhood size: 9
[publish_wind_direction-2] [INFO] [1749221639.147276634] [publish_wind_direction]: Vicon Position= [16.596574783325195, -29.738405227661133]
[publish_wind_direction-2] [INFO] [1749221639.153125430] [publish_wind_direction]: Neighbourhood size: 9
[publish_wind_direction-2] [INFO] [1749221639.943406689] [publish_wind_direction]: Publishing: "id194:E"
[publish_wind_direction-2] [INFO] [1749221643.345829316] [publish_wind_direction]: Vicon Position= [6.797028541564941, -42.88436508178711]
[publish_wind_direction-2] [INFO] [1749221643.348592224] [publish_wind_direction]: Neighbourhood size: 9
[publish_wind_direction-2] [INFO] [1749221644.943272223] [publish_wind_direction]: Publishing: "id194:E"
[publish_wind_direction-2] [INFO] [1749221649.049339350] [publish_wind_direction]: Vicon Position= [1.9071069955825806, -81.3595199584961]
[publish_wind_direction-2] [INFO] [1749221649.052254554] [publish_wind_direction]: Neighbourhood size: 9
[publish_wind_direction-2] [INFO] [1749221649.056229350] [publish_wind_direction]: * Received from id155, wind direction E
[publish_wind_direction-2] [INFO] [1749221649.058805609] [publish_wind_direction]: Publisher, neighbours_by_id={'id151', 'id189', 'id207', 'id195', 'id152', 'id155', 'id137', 'id1193', 'id136'}
[publish_wind_direction-2] [INFO] [1749221652.869714163] [publish_wind_direction]: ***Cam angle= -215.98544574867668, vico ang deg= 13.460684909218772 Ground Truth= 157.4752391605421
[publish_wind_direction-2] [INFO] [1749221652.872108774] [publish_wind_direction]: Publisher, Neighbourhood size: 9
[publish_wind_direction-2] [INFO] [1749221652.874493903] [publish_wind_direction]: Decision Making Triggered
[publish_wind_direction-2] [INFO] [1749221652.876846070] [publish_wind_direction]: Publisher, Neighbours Opinion: 1
[publish_wind_direction-2] [INFO] [1749221652.879284126] [publish_wind_direction]: Inside Decision Making, neighbours opinion: {'id155': 'E'}
[publish_wind_direction-2] [INFO] [1749221652.881648459] [publish_wind_direction]: Inside Decision Making, social opinions: {'E': 1}
[publish_wind_direction-2] [INFO] [1749221652.885976700] [publish_wind_direction]: Publishing: "id194:E"
[publish_wind_direction-2] [INFO] [1749221652.888808700] [publish_wind_direction]: * Received from id193, wind direction W
[publish_wind_direction-2] [INFO] [1749221652.891177811] [publish_wind_direction]: Publisher, neighbours_by_id={'id151', 'id189', 'id207', 'id195', 'id152', 'id155', 'id137', 'id1193', 'id136'}
[publish_wind_direction-2] [INFO] [1749221656.638902309] [publish_wind_direction]: ***Cam angle= 27.201131734802104, vico ang deg= 13.460684909218772 Ground Truth= 40.661816644020874
[publish_wind_direction-2] [INFO] [1749221656.641307031] [publish_wind_direction]: Publisher, Neighbourhood size: 9
[publish_wind_direction-2] [INFO] [1749221656.643637753] [publish_wind_direction]: Decision Making Triggered
[publish_wind_direction-2] [INFO] [1749221656.646017253] [publish_wind_direction]: Publisher, Neighbours Opinion: 1
[publish_wind_direction-2] [INFO] [1749221656.648353494] [publish_wind_direction]: Inside Decision Making, neighbours opinion: {'id155': 'E'}
[publish_wind_direction-2] [INFO] [1749221656.650710512] [publish_wind_direction]: Inside Decision Making, social opinions: {'E': 1}
[publish_wind_direction-2] [INFO] [1749221656.655138309] [publish_wind_direction]: Publishing: "id194:E"
[publish_wind_direction-2] [INFO] [1749221659.943186918] [publish_wind_direction]: Publishing: "id194:E"
[publish_wind_direction-2] [INFO] [1749221664.943225322] [publish_wind_direction]: Publishing: "id194:E"
[publish_wind_direction-2] [INFO] [1749221668.095908079] [publish_wind_direction]: Vicon Position= [46.578704833984375, -57.73207092285156]
[publish_wind_direction-2] [INFO] [1749221668.099396172] [publish_wind_direction]: Neighbourhood size: 6
[publish_wind_direction-2] [INFO] [1749221669.943414541] [publish_wind_direction]: Publishing: "id194:E"
[publish_wind_direction-2] [INFO] [1749221671.639222374] [publish_wind_direction]: Vicon Position= [-53.9825325012207, -43.269527435302734]
[publish_wind_direction-2] [INFO] [1749221671.642157911] [publish_wind_direction]: Neighbourhood size: 5
[publish_wind_direction-2] [INFO] [1749221674.943195242] [publish_wind_direction]: Publishing: "id194:E"
[publish_wind_direction-2] [INFO] [1749221678.318110833] [publish_wind_direction]: Vicon Position= [-98.40491485595703, -39.54935836791992]
[publish_wind_direction-2] [INFO] [1749221678.321048573] [publish_wind_direction]: Neighbourhood size: 5
[publish_wind_direction-2] [INFO] [1749221679.938756313] [publish_wind_direction]: Vicon Position= [-102.17424774169922, -40.171443939208984]
[publish_wind_direction-2] [INFO] [1749221679.943147461] [publish_wind_direction]: Neighbourhood size: 5
[publish_wind_direction-2] [INFO] [1749221679.951010832] [publish_wind_direction]: Publishing: "id194:E"
[publish_wind_direction-2] [INFO] [1749221684.241935051] [publish_wind_direction]: Vicon Position= [-127.61116027832031, -55.71329879760742]
[publish_wind_direction-2] [INFO] [1749221684.244919681] [publish_wind_direction]: Neighbourhood size: 4
[publish_wind_direction-2] [INFO] [1749221684.943391310] [publish_wind_direction]: Publishing: "id194:E"
[publish_wind_direction-2] [INFO] [1749221689.943314974] [publish_wind_direction]: Publishing: "id194:E"
[publish_wind_direction-2] [INFO] [1749221694.943229008] [publish_wind_direction]: Publishing: "id194:E"
[publish_wind_direction-2] [INFO] [1749221699.943252653] [publish_wind_direction]: Publishing: "id194:E"
[publish_wind_direction-2] [INFO] [1749221704.943202576] [publish_wind_direction]: Publishing: "id194:E"
[publish_wind_direction-2] [INFO] [1749221709.943210610] [publish_wind_direction]: Publishing: "id194:E"
[publish_wind_direction-2] [INFO] [1749221713.921362571] [publish_wind_direction]: Vicon Position= [234.71185302734375, -621.1780395507812]
[publish_wind_direction-2] [INFO] [1749221713.924146256] [publish_wind_direction]: Neighbourhood size: 5
[publish_wind_direction-2] [INFO] [1749221714.943247829] [publish_wind_direction]: Publishing: "id194:E"
[publish_wind_direction-2] [INFO] [1749221719.943361382] [publish_wind_direction]: Publishing: "id194:E"
[publish_wind_direction-2] [INFO] [1749221722.462352584] [publish_wind_direction]: Vicon Position= [6.845980644226074, -592.3582763671875]
[publish_wind_direction-2] [INFO] [1749221722.465637806] [publish_wind_direction]: Neighbourhood size: 7
[publish_wind_direction-2] [INFO] [1749221724.943213546] [publish_wind_direction]: Publishing: "id194:E"
[publish_wind_direction-2] [INFO] [1749221727.177250618] [publish_wind_direction]: Vicon Position= [-286.6453857421875, -523.4903564453125]
[publish_wind_direction-2] [INFO] [1749221727.180105618] [publish_wind_direction]: Neighbourhood size: 7
[publish_wind_direction-2] [INFO] [1749221729.943177506] [publish_wind_direction]: Publishing: "id194:E"
[publish_wind_direction-2] [INFO] [1749221730.877231394] [publish_wind_direction]: Vicon Position= [-429.4459533691406, -446.7923889160156]
[publish_wind_direction-2] [INFO] [1749221730.880214931] [publish_wind_direction]: Neighbourhood size: 7
[publish_wind_direction-2] [INFO] [1749221734.943233540] [publish_wind_direction]: Publishing: "id194:E"
[publish_wind_direction-2] [INFO] [1749221739.943181259] [publish_wind_direction]: Publishing: "id194:E"
[publish_wind_direction-2] [INFO] [1749221743.756371664] [publish_wind_direction]: Vicon Position= [-470.1220703125, -426.21453857421875]
[publish_wind_direction-2] [INFO] [1749221743.760576960] [publish_wind_direction]: Neighbourhood size: 7
[publish_wind_direction-2] [INFO] [1749221744.943153015] [publish_wind_direction]: Publishing: "id194:E"
[publish_wind_direction-2] [INFO] [1749221745.610169607] [publish_wind_direction]: * Received from id155, wind direction S
[publish_wind_direction-2] [INFO] [1749221745.612986941] [publish_wind_direction]: Publisher, neighbours_by_id={'id192', 'id206', 'id207', 'id195', 'id137', 'id142', 'id223'}
[publish_wind_direction-2] [INFO] [1749221749.355802735] [publish_wind_direction]: ***Cam angle= -268.21688480148714, vico ang deg= 70.15039920573653 Ground Truth= 161.9335144042494
[publish_wind_direction-2] [INFO] [1749221749.358212494] [publish_wind_direction]: Publisher, Neighbourhood size: 7
[publish_wind_direction-2] [INFO] [1749221749.360519364] [publish_wind_direction]: Decision Making Triggered
[publish_wind_direction-2] [INFO] [1749221749.362849401] [publish_wind_direction]: Publisher, Neighbours Opinion: 1
[publish_wind_direction-2] [INFO] [1749221749.365211142] [publish_wind_direction]: Inside Decision Making, neighbours opinion: {'id155': 'E'}
[publish_wind_direction-2] [INFO] [1749221749.367522698] [publish_wind_direction]: Inside Decision Making, social opinions: {'E': 1}
[publish_wind_direction-2] [INFO] [1749221749.943673808] [publish_wind_direction]: Publishing: "id194:E"
[publish_wind_direction-2] [INFO] [1749221754.943234213] [publish_wind_direction]: Publishing: "id194:E"
[publish_wind_direction-2] [INFO] [1749221757.905958970] [publish_wind_direction]: * Received from id193, wind direction W
[publish_wind_direction-2] [INFO] [1749221757.908588563] [publish_wind_direction]: Publisher, neighbours_by_id={'id192', 'id206', 'id207', 'id195', 'id137', 'id142', 'id223'}
[publish_wind_direction-2] [INFO] [1749221761.958062172] [publish_wind_direction]: ***Cam angle= -249.1638226903885, vico ang deg= 70.15039920573653 Ground Truth= 180.98657651534802
[publish_wind_direction-2] [INFO] [1749221761.961472616] [publish_wind_direction]: Publisher, Neighbourhood size: 7
[publish_wind_direction-2] [INFO] [1749221761.964807524] [publish_wind_direction]: Decision Making Triggered
[publish_wind_direction-2] [INFO] [1749221761.968271838] [publish_wind_direction]: Publisher, Neighbours Opinion: 1
[publish_wind_direction-2] [INFO] [1749221761.971805672] [publish_wind_direction]: Inside Decision Making, neighbours opinion: {'id155': 'E'}
[publish_wind_direction-2] [INFO] [1749221761.975092209] [publish_wind_direction]: Inside Decision Making, social opinions: {'E': 1}
[publish_wind_direction-2] [INFO] [1749221761.981306616] [publish_wind_direction]: Publishing: "id194:E"
[publish_wind_direction-2] [INFO] [1749221763.052411060] [publish_wind_direction]: Vicon Position= [-470.1220703125, -426.21453857421875]
[publish_wind_direction-2] [INFO] [1749221763.056037227] [publish_wind_direction]: Neighbourhood size: 7
[publish_wind_direction-2] [INFO] [1749221764.943288466] [publish_wind_direction]: Publishing: "id194:E"
[publish_wind_direction-2] [INFO] [1749221766.682703132] [publish_wind_direction]: Vicon Position= [-470.1220703125, -426.21453857421875]
[publish_wind_direction-2] [INFO] [1749221766.685786854] [publish_wind_direction]: Neighbourhood size: 7
[publish_wind_direction-2] [INFO] [1749221769.943261630] [publish_wind_direction]: Publishing: "id194:E"
[publish_wind_direction-2] [INFO] [1749221773.754244572] [publish_wind_direction]: Vicon Position= [-470.1220703125, -426.21453857421875]
[publish_wind_direction-2] [INFO] [1749221773.757330628] [publish_wind_direction]: Neighbourhood size: 7
[publish_wind_direction-2] [INFO] [1749221774.943213923] [publish_wind_direction]: Publishing: "id194:E"
[publish_wind_direction-2] [INFO] [1749221779.943611235] [publish_wind_direction]: Publishing: "id194:E"
[publish_wind_direction-2] [INFO] [1749221784.943391751] [publish_wind_direction]: Publishing: "id194:E"
[publish_wind_direction-2] [INFO] [1749221785.491622991] [publish_wind_direction]: Vicon Position= [-470.1220703125, -426.21453857421875]
[publish_wind_direction-2] [INFO] [1749221785.494323898] [publish_wind_direction]: Neighbourhood size: 7
[publish_wind_direction-2] [INFO] [1749221789.944033451] [publish_wind_direction]: Publishing: "id194:E"
[publish_wind_direction-2] [INFO] [1749221791.684297080] [publish_wind_direction]: Vicon Position= [-470.1220703125, -426.21453857421875]
[publish_wind_direction-2] [INFO] [1749221791.687711524] [publish_wind_direction]: Neighbourhood size: 7
[publish_wind_direction-2] [INFO] [1749221792.451437561] [publish_wind_direction]: * Received from id193, wind direction W
[publish_wind_direction-2] [INFO] [1749221792.454380116] [publish_wind_direction]: Publisher, neighbours_by_id={'id192', 'id206', 'id207', 'id195', 'id137', 'id142', 'id223'}
[publish_wind_direction-2] [INFO] [1749221796.277214781] [publish_wind_direction]: ***Cam angle= -74.491009815488, vico ang deg= 70.15039920573653 Ground Truth= 355.6593893902485
[publish_wind_direction-2] [INFO] [1749221796.280614392] [publish_wind_direction]: Publisher, Neighbourhood size: 7
[publish_wind_direction-2] [INFO] [1749221796.283994781] [publish_wind_direction]: Decision Making Triggered
[publish_wind_direction-2] [INFO] [1749221796.287312096] [publish_wind_direction]: Publisher, Neighbours Opinion: 1
[publish_wind_direction-2] [INFO] [1749221796.290828207] [publish_wind_direction]: Inside Decision Making, neighbours opinion: {'id155': 'E'}
[publish_wind_direction-2] [INFO] [1749221796.294228373] [publish_wind_direction]: Inside Decision Making, social opinions: {'E': 1}
[publish_wind_direction-2] [INFO] [1749221796.300313503] [publish_wind_direction]: Publishing: "id194:E"
[publish_wind_direction-2] [INFO] [1749221799.943232445] [publish_wind_direction]: Publishing: "id194:E"
[publish_wind_direction-2] [INFO] [1749221804.943692961] [publish_wind_direction]: Publishing: "id194:E"
[publish_wind_direction-2] [INFO] [1749221807.229438052] [publish_wind_direction]: * Received from id136, wind direction W
[publish_wind_direction-2] [INFO] [1749221807.233156200] [publish_wind_direction]: Publisher, neighbours_by_id={'id192', 'id206', 'id207', 'id195', 'id137', 'id142', 'id223'}
[publish_wind_direction-2] [INFO] [1749221811.051486642] [publish_wind_direction]: ***Cam angle= 21.156100257345543, vico ang deg= 70.15039920573653 Ground Truth= 91.30649946308208
[publish_wind_direction-2] [INFO] [1749221811.054924809] [publish_wind_direction]: Publisher, Neighbourhood size: 7
[publish_wind_direction-2] [INFO] [1749221811.058273420] [publish_wind_direction]: Decision Making Triggered
[publish_wind_direction-2] [INFO] [1749221811.061623346] [publish_wind_direction]: Publisher, Neighbours Opinion: 1
[publish_wind_direction-2] [INFO] [1749221811.065158328] [publish_wind_direction]: Inside Decision Making, neighbours opinion: {'id155': 'E'}
[publish_wind_direction-2] [INFO] [1749221811.068490587] [publish_wind_direction]: Inside Decision Making, social opinions: {'E': 1}
[publish_wind_direction-2] [INFO] [1749221811.074610179] [publish_wind_direction]: Publishing: "id194:E"
[publish_wind_direction-2] [INFO] [1749221811.080220883] [publish_wind_direction]: Vicon Position= [-470.1220703125, -426.21453857421875]
[publish_wind_direction-2] [INFO] [1749221811.083787031] [publish_wind_direction]: Neighbourhood size: 7
[publish_wind_direction-2] [INFO] [1749221814.943301955] [publish_wind_direction]: Publishing: "id194:E"
[publish_wind_direction-2] [INFO] [1749221819.944939304] [publish_wind_direction]: Publishing: "id194:E"
[publish_wind_direction-2] [INFO] [1749221823.999078950] [publish_wind_direction]: Vicon Position= [-470.1220703125, -426.21453857421875]
[publish_wind_direction-2] [INFO] [1749221824.001799746] [publish_wind_direction]: Neighbourhood size: 7
[publish_wind_direction-2] [INFO] [1749221824.943557301] [publish_wind_direction]: Publishing: "id194:E"
[publish_wind_direction-2] [INFO] [1749221829.943224983] [publish_wind_direction]: Publishing: "id194:E"
[publish_wind_direction-2] [INFO] [1749221830.828043334] [publish_wind_direction]: * Received from id136, wind direction W
[publish_wind_direction-2] [INFO] [1749221830.830666205] [publish_wind_direction]: Publisher, neighbours_by_id={'id192', 'id206', 'id207', 'id195', 'id137', 'id142', 'id223'}
[publish_wind_direction-2] [INFO] [1749221834.792241351] [publish_wind_direction]: ***Cam angle= 66.82987956871631, vico ang deg= 70.15039920573653 Ground Truth= 136.98027877445284
[publish_wind_direction-2] [INFO] [1749221834.795606369] [publish_wind_direction]: Publisher, Neighbourhood size: 7
[publish_wind_direction-2] [INFO] [1749221834.798976221] [publish_wind_direction]: Decision Making Triggered
[publish_wind_direction-2] [INFO] [1749221834.802258054] [publish_wind_direction]: Publisher, Neighbours Opinion: 1
[publish_wind_direction-2] [INFO] [1749221834.805820295] [publish_wind_direction]: Inside Decision Making, neighbours opinion: {'id155': 'E'}
[publish_wind_direction-2] [INFO] [1749221834.809225221] [publish_wind_direction]: Inside Decision Making, social opinions: {'E': 1}
[publish_wind_direction-2] [INFO] [1749221834.943252813] [publish_wind_direction]: Publishing: "id194:E"
[publish_wind_direction-2] [INFO] [1749221839.943296570] [publish_wind_direction]: Publishing: "id194:E"
[publish_wind_direction-2] [INFO] [1749221844.943541456] [publish_wind_direction]: Publishing: "id194:E"
[publish_wind_direction-2] [INFO] [1749221849.943386286] [publish_wind_direction]: Publishing: "id194:E"
[publish_wind_direction-2] [INFO] [1749221854.943359098] [publish_wind_direction]: Publishing: "id194:E"
[publish_wind_direction-2] [INFO] [1749221855.244638542] [publish_wind_direction]: Vicon Position= [-470.1220703125, -426.21453857421875]
[publish_wind_direction-2] [INFO] [1749221855.248002394] [publish_wind_direction]: Neighbourhood size: 7
[publish_wind_direction-2] [INFO] [1749221859.943303687] [publish_wind_direction]: Publishing: "id194:E"
[publish_wind_direction-2] [INFO] [1749221864.943292573] [publish_wind_direction]: Publishing: "id194:E"
[publish_wind_direction-2] [INFO] [1749221869.943220163] [publish_wind_direction]: Publishing: "id194:E"
[publish_wind_direction-2] [INFO] [1749221872.821379143] [publish_wind_direction]: Vicon Position= [-470.1220703125, -426.21453857421875]
[publish_wind_direction-2] [INFO] [1749221872.824111865] [publish_wind_direction]: Neighbourhood size: 7
[publish_wind_direction-2] [INFO] [1749221874.943423271] [publish_wind_direction]: Publishing: "id194:E"
[publish_wind_direction-2] [INFO] [1749221879.943251490] [publish_wind_direction]: Publishing: "id194:E"
[publish_wind_direction-2] [INFO] [1749221884.943250154] [publish_wind_direction]: Publishing: "id194:E"
[publish_wind_direction-2] [INFO] [1749221889.943250114] [publish_wind_direction]: Publishing: "id194:E"
[publish_wind_direction-2] [INFO] [1749221894.943361037] [publish_wind_direction]: Publishing: "id194:E"
[publish_wind_direction-2] [INFO] [1749221899.943306034] [publish_wind_direction]: Publishing: "id194:E"
[publish_wind_direction-2] [INFO] [1749221904.943240735] [publish_wind_direction]: Publishing: "id194:E"
[publish_wind_direction-2] [INFO] [1749221908.477730751] [publish_wind_direction]: Vicon Position= [-470.1220703125, -426.21453857421875]
[publish_wind_direction-2] [INFO] [1749221908.480395714] [publish_wind_direction]: Neighbourhood size: 7
[publish_wind_direction-2] [INFO] [1749221908.972054232] [publish_wind_direction]: * Received from id136, wind direction W
[publish_wind_direction-2] [INFO] [1749221908.975445047] [publish_wind_direction]: Publisher, neighbours_by_id={'id192', 'id206', 'id207', 'id195', 'id137', 'id142', 'id223'}
[publish_wind_direction-2] [INFO] [1749221912.784343341] [publish_wind_direction]: ***Cam angle= 3.0103472628502033, vico ang deg= 70.15039920573653 Ground Truth= 73.16074646858674
[publish_wind_direction-2] [INFO] [1749221912.787778600] [publish_wind_direction]: Publisher, Neighbourhood size: 7
[publish_wind_direction-2] [INFO] [1749221912.791113174] [publish_wind_direction]: Decision Making Triggered
[publish_wind_direction-2] [INFO] [1749221912.794446841] [publish_wind_direction]: Publisher, Neighbours Opinion: 1
[publish_wind_direction-2] [INFO] [1749221912.797798823] [publish_wind_direction]: Inside Decision Making, neighbours opinion: {'id155': 'E'}
[publish_wind_direction-2] [INFO] [1749221912.801175841] [publish_wind_direction]: Inside Decision Making, social opinions: {'E': 1}
[publish_wind_direction-2] [INFO] [1749221912.807464360] [publish_wind_direction]: Publishing: "id194:E"
[publish_wind_direction-2] [INFO] [1749221912.813039767] [publish_wind_direction]: Vicon Position= [-470.1220703125, -426.21453857421875]
[publish_wind_direction-2] [INFO] [1749221912.816643582] [publish_wind_direction]: Neighbourhood size: 7
[publish_wind_direction-2] [INFO] [1749221912.820603045] [publish_wind_direction]: * Received from id136, wind direction N
[publish_wind_direction-2] [INFO] [1749221912.824145860] [publish_wind_direction]: Publisher, neighbours_by_id={'id192', 'id206', 'id207', 'id195', 'id137', 'id142', 'id223'}
[publish_wind_direction-2] [INFO] [1749221916.770129950] [publish_wind_direction]: ***Cam angle= -169.954474501324, vico ang deg= 70.15039920573653 Ground Truth= 260.1959247044125
[publish_wind_direction-2] [INFO] [1749221916.772540005] [publish_wind_direction]: Publisher, Neighbourhood size: 7
[publish_wind_direction-2] [INFO] [1749221916.774937579] [publish_wind_direction]: Decision Making Triggered
[publish_wind_direction-2] [INFO] [1749221916.777367413] [publish_wind_direction]: Publisher, Neighbours Opinion: 1
[publish_wind_direction-2] [INFO] [1749221916.779751802] [publish_wind_direction]: Inside Decision Making, neighbours opinion: {'id155': 'E'}
[publish_wind_direction-2] [INFO] [1749221916.782192728] [publish_wind_direction]: Inside Decision Making, social opinions: {'E': 1}
[publish_wind_direction-2] [INFO] [1749221916.786493320] [publish_wind_direction]: Publishing: "id194:E"
[publish_wind_direction-2] [INFO] [1749221916.790424894] [publish_wind_direction]: Vicon Position= [-470.1220703125, -426.21453857421875]
[publish_wind_direction-2] [INFO] [1749221916.792995765] [publish_wind_direction]: Neighbourhood size: 7
[publish_wind_direction-2] [INFO] [1749221917.657328338] [publish_wind_direction]: * Received from id136, wind direction N
[publish_wind_direction-2] [INFO] [1749221917.659980060] [publish_wind_direction]: Publisher, neighbours_by_id={'id192', 'id206', 'id207', 'id195', 'id137', 'id142', 'id223'}
[publish_wind_direction-2] [INFO] [1749221921.751427391] [publish_wind_direction]: ***Cam angle= -203.9929083537092, vico ang deg= 70.15039920573653 Ground Truth= 226.15749085202734
[publish_wind_direction-2] [INFO] [1749221921.754930206] [publish_wind_direction]: Publisher, Neighbourhood size: 7
[publish_wind_direction-2] [INFO] [1749221921.758354095] [publish_wind_direction]: Decision Making Triggered
[publish_wind_direction-2] [INFO] [1749221921.761776336] [publish_wind_direction]: Publisher, Neighbours Opinion: 1
[publish_wind_direction-2] [INFO] [1749221921.765497706] [publish_wind_direction]: Inside Decision Making, neighbours opinion: {'id155': 'E'}
[publish_wind_direction-2] [INFO] [1749221921.768903613] [publish_wind_direction]: Inside Decision Making, social opinions: {'E': 1}
[publish_wind_direction-2] [INFO] [1749221921.775145873] [publish_wind_direction]: Publishing: "id194:E"
[publish_wind_direction-2] [INFO] [1749221924.943239445] [publish_wind_direction]: Publishing: "id194:E"
[publish_wind_direction-2] [INFO] [1749221926.401718185] [publish_wind_direction]: Vicon Position= [-470.1220703125, -426.21453857421875]
[publish_wind_direction-2] [INFO] [1749221926.404382074] [publish_wind_direction]: Neighbourhood size: 7
[publish_wind_direction-2] [INFO] [1749221929.943270794] [publish_wind_direction]: Publishing: "id194:E"
[publish_wind_direction-2] [INFO] [1749221930.828586534] [publish_wind_direction]: * Received from id193, wind direction W
[publish_wind_direction-2] [INFO] [1749221930.831274497] [publish_wind_direction]: Publisher, neighbours_by_id={'id192', 'id206', 'id207', 'id195', 'id137', 'id142', 'id223'}
[publish_wind_direction-2] [INFO] [1749221934.584811439] [publish_wind_direction]: ***Cam angle= -97.15999371227433, vico ang deg= 70.15039920573653 Ground Truth= 332.9904054934622
[publish_wind_direction-2] [INFO] [1749221934.587228328] [publish_wind_direction]: Publisher, Neighbourhood size: 7
[publish_wind_direction-2] [INFO] [1749221934.589612939] [publish_wind_direction]: Decision Making Triggered
[publish_wind_direction-2] [INFO] [1749221934.591956661] [publish_wind_direction]: Publisher, Neighbours Opinion: 1
[publish_wind_direction-2] [INFO] [1749221934.594368735] [publish_wind_direction]: Inside Decision Making, neighbours opinion: {'id155': 'E'}
[publish_wind_direction-2] [INFO] [1749221934.596799217] [publish_wind_direction]: Inside Decision Making, social opinions: {'E': 1}
[publish_wind_direction-2] [INFO] [1749221934.601632828] [publish_wind_direction]: Vicon Position= [-470.1220703125, -426.21453857421875]
[publish_wind_direction-2] [INFO] [1749221934.604137384] [publish_wind_direction]: Neighbourhood size: 7
[publish_wind_direction-2] [INFO] [1749221934.943226532] [publish_wind_direction]: Publishing: "id194:E"
[publish_wind_direction-2] [INFO] [1749221939.943386880] [publish_wind_direction]: Publishing: "id194:E"
[publish_wind_direction-2] [INFO] [1749221944.943280377] [publish_wind_direction]: Publishing: "id194:E"
[publish_wind_direction-2] [INFO] [1749221949.943266041] [publish_wind_direction]: Publishing: "id194:E"
[publish_wind_direction-2] [INFO] [1749221954.943042316] [publish_wind_direction]: Publishing: "id194:E"
[publish_wind_direction-2] [INFO] [1749221959.943443998] [publish_wind_direction]: Publishing: "id194:E"
[publish_wind_direction-2] [INFO] [1749221964.943222940] [publish_wind_direction]: Publishing: "id194:E"
[publish_wind_direction-2] [INFO] [1749221969.943183511] [publish_wind_direction]: Publishing: "id194:E"
[publish_wind_direction-2] [INFO] [1749221972.852649842] [publish_wind_direction]: Vicon Position= [-470.1220703125, -426.21453857421875]
[publish_wind_direction-2] [INFO] [1749221972.855726620] [publish_wind_direction]: Neighbourhood size: 7
[publish_wind_direction-2] [INFO] [1749221974.943303397] [publish_wind_direction]: Publishing: "id194:E"
[publish_wind_direction-2] [INFO] [1749221979.943241468] [publish_wind_direction]: Publishing: "id194:E"
[publish_wind_direction-2] [INFO] [1749221984.943200428] [publish_wind_direction]: Publishing: "id194:E"
[publish_wind_direction-2] [INFO] [1749221989.943212888] [publish_wind_direction]: Publishing: "id194:E"
[publish_wind_direction-2] [INFO] [1749221994.943202644] [publish_wind_direction]: Publishing: "id194:E"
[publish_wind_direction-2] [INFO] [1749221999.943044585] [publish_wind_direction]: Publishing: "id194:E"
[publish_wind_direction-2] [INFO] [1749222002.339492584] [publish_wind_direction]: * Received from id136, wind direction N
[publish_wind_direction-2] [INFO] [1749222002.342260899] [publish_wind_direction]: Publisher, neighbours_by_id={'id192', 'id206', 'id207', 'id195', 'id137', 'id142', 'id223'}
[publish_wind_direction-2] [INFO] [1749222006.053338878] [publish_wind_direction]: ***Cam angle= 3.573042555799802, vico ang deg= 70.15039920573653 Ground Truth= 73.72344176153634
[publish_wind_direction-2] [INFO] [1749222006.055700471] [publish_wind_direction]: Publisher, Neighbourhood size: 7
[publish_wind_direction-2] [INFO] [1749222006.058061248] [publish_wind_direction]: Decision Making Triggered
[publish_wind_direction-2] [INFO] [1749222006.060368415] [publish_wind_direction]: Publisher, Neighbours Opinion: 1
[publish_wind_direction-2] [INFO] [1749222006.062743415] [publish_wind_direction]: Inside Decision Making, neighbours opinion: {'id155': 'E'}
[publish_wind_direction-2] [INFO] [1749222006.065135804] [publish_wind_direction]: Inside Decision Making, social opinions: {'E': 1}
[publish_wind_direction-2] [INFO] [1749222006.069467619] [publish_wind_direction]: Publishing: "id194:E"
[publish_wind_direction-2] [INFO] [1749222009.943278079] [publish_wind_direction]: Publishing: "id194:E"
[publish_wind_direction-2] [INFO] [1749222014.943205039] [publish_wind_direction]: Publishing: "id194:E"
[publish_wind_direction-2] [INFO] [1749222019.943294018] [publish_wind_direction]: Publishing: "id194:E"
[publish_wind_direction-2] [INFO] [1749222024.943461348] [publish_wind_direction]: Publishing: "id194:E"
[publish_wind_direction-2] [INFO] [1749222029.943388160] [publish_wind_direction]: Publishing: "id194:E"
[publish_wind_direction-2] [INFO] [1749222034.943342916] [publish_wind_direction]: Publishing: "id194:E"
[publish_wind_direction-2] [INFO] [1749222036.472172712] [publish_wind_direction]: Vicon Position= [-470.1220703125, -426.21453857421875]
[publish_wind_direction-2] [INFO] [1749222036.474888545] [publish_wind_direction]: Neighbourhood size: 7
[publish_wind_direction-2] [INFO] [1749222039.943391599] [publish_wind_direction]: Publishing: "id194:E"
[publish_wind_direction-2] [INFO] [1749222044.943363207] [publish_wind_direction]: Publishing: "id194:E"
[publish_wind_direction-2] [INFO] [1749222049.943345852] [publish_wind_direction]: Publishing: "id194:E"
[publish_wind_direction-2] [INFO] [1749222054.943311497] [publish_wind_direction]: Publishing: "id194:E"
[publish_wind_direction-2] [INFO] [1749222059.943276105] [publish_wind_direction]: Publishing: "id194:E"
[publish_wind_direction-2] [INFO] [1749222064.943372732] [publish_wind_direction]: Publishing: "id194:E"
[publish_wind_direction-2] [INFO] [1749222066.337888935] [publish_wind_direction]: * Received from id193, wind direction W
[publish_wind_direction-2] [INFO] [1749222066.340727805] [publish_wind_direction]: Publisher, neighbours_by_id={'id192', 'id206', 'id207', 'id195', 'id137', 'id142', 'id223'}
[publish_wind_direction-2] [INFO] [1749222070.133092655] [publish_wind_direction]: ***Cam angle= -35.146523936380916, vico ang deg= 70.15039920573653 Ground Truth= 35.00387526935562
[publish_wind_direction-2] [INFO] [1749222070.135439321] [publish_wind_direction]: Publisher, Neighbourhood size: 7
[publish_wind_direction-2] [INFO] [1749222070.137784673] [publish_wind_direction]: Decision Making Triggered
[publish_wind_direction-2] [INFO] [1749222070.140106507] [publish_wind_direction]: Publisher, Neighbours Opinion: 1
[publish_wind_direction-2] [INFO] [1749222070.142474284] [publish_wind_direction]: Inside Decision Making, neighbours opinion: {'id155': 'E'}
[publish_wind_direction-2] [INFO] [1749222070.144825636] [publish_wind_direction]: Inside Decision Making, social opinions: {'E': 1}
[publish_wind_direction-2] [INFO] [1749222070.149128747] [publish_wind_direction]: Publishing: "id194:E"
[publish_wind_direction-2] [INFO] [1749222070.152986525] [publish_wind_direction]: Vicon Position= [-470.1220703125, -426.21453857421875]
[publish_wind_direction-2] [INFO] [1749222070.155464155] [publish_wind_direction]: Neighbourhood size: 7
[publish_wind_direction-2] [INFO] [1749222074.943244504] [publish_wind_direction]: Publishing: "id194:E"
[publish_wind_direction-2] [INFO] [1749222079.943292278] [publish_wind_direction]: Publishing: "id194:E"
[publish_wind_direction-2] [INFO] [1749222084.943196516] [publish_wind_direction]: Publishing: "id194:E"
[publish_wind_direction-2] [INFO] [1749222089.943387791] [publish_wind_direction]: Publishing: "id194:E"
[publish_wind_direction-2] [INFO] [1749222094.943367251] [publish_wind_direction]: Publishing: "id194:E"
[publish_wind_direction-2] [INFO] [1749222098.049112268] [publish_wind_direction]: Vicon Position= [-470.1220703125, -426.21453857421875]
[publish_wind_direction-2] [INFO] [1749222098.051913601] [publish_wind_direction]: Neighbourhood size: 7
[publish_wind_direction-2] [INFO] [1749222099.943310285] [publish_wind_direction]: Publishing: "id194:E"
[publish_wind_direction-2] [INFO] [1749222101.930111839] [publish_wind_direction]: Vicon Position= [-470.1220703125, -426.21453857421875]
[publish_wind_direction-2] [INFO] [1749222101.933484302] [publish_wind_direction]: Neighbourhood size: 7
[publish_wind_direction-2] [INFO] [1749222104.943962467] [publish_wind_direction]: Publishing: "id194:E"
[publish_wind_direction-2] [INFO] [1749222109.350482631] [publish_wind_direction]: Vicon Position= [-470.1220703125, -426.21453857421875]
[publish_wind_direction-2] [INFO] [1749222109.353538631] [publish_wind_direction]: Neighbourhood size: 7
[publish_wind_direction-2] [INFO] [1749222109.943084779] [publish_wind_direction]: Raising exception
[publish_wind_direction-2] [INFO] [1749222109.945829316] [publish_wind_direction]: Publisher stopping, exception
[INFO] [publish_wind_direction-2]: process has finished cleanly [pid 845]
[random_robot_move-1] [INFO] [1749222114.317916258] [random_robot_move]: Exception, shutting down
