[INFO] [launch]: All log files can be found below /home/thymio/.ros/log/2025-06-13-15-43-27-427588-thymio-820
[INFO] [launch]: Default logging verbosity is set to INFO
[INFO] [random_robot_move-1]: process started with pid [842]
[INFO] [service_vicon_node-2]: process started with pid [844]
[INFO] [service_neighbours_opinions-3]: process started with pid [846]
[INFO] [publish_wind_direction-4]: process started with pid [848]
[service_neighbours_opinions-3] [INFO] [1749829410.206960111] [service_neighbours_opinions]: Physical Ip=192.168.3.83, id=id83
[service_neighbours_opinions-3] [INFO] [1749829410.211779222] [service_neighbours_opinions]: Updated ID from mapping: id68
[service_vicon_node-2] [INFO] [1749829410.229309296] [service_vicon_node]: Physical Ip=192.168.3.83, id=id83
[service_vicon_node-2] [INFO] [1749829410.232318870] [service_vicon_node]: Updated ID from mapping: id68
[service_neighbours_opinions-3] [INFO] [1749829410.284731352] [service_neighbours_opinions]: Subscribed to: wind_direction/id136
[service_neighbours_opinions-3] [INFO] [1749829410.289613741] [service_neighbours_opinions]: Subscribed to: wind_direction/id137
[service_neighbours_opinions-3] [INFO] [1749829410.294297555] [service_neighbours_opinions]: Subscribed to: wind_direction/id142
[service_neighbours_opinions-3] [INFO] [1749829410.298752611] [service_neighbours_opinions]: Subscribed to: wind_direction/id151
[service_neighbours_opinions-3] [INFO] [1749829410.302363685] [service_neighbours_opinions]: Subscribed to: wind_direction/id152
[service_neighbours_opinions-3] [INFO] [1749829410.306684666] [service_neighbours_opinions]: Subscribed to: wind_direction/id155
[service_vicon_node-2] [INFO] [1749829410.309938666] [service_vicon_node]: Subscribed to: vicon/default/data
[service_neighbours_opinions-3] [INFO] [1749829410.310683407] [service_neighbours_opinions]: Subscribed to: wind_direction/id189
[service_neighbours_opinions-3] [INFO] [1749829410.314309944] [service_neighbours_opinions]: Subscribed to: wind_direction/id192
[service_neighbours_opinions-3] [INFO] [1749829410.317951166] [service_neighbours_opinions]: Subscribed to: wind_direction/id193
[service_neighbours_opinions-3] [INFO] [1749829410.321996833] [service_neighbours_opinions]: Subscribed to: wind_direction/id194
[service_neighbours_opinions-3] [INFO] [1749829410.327552148] [service_neighbours_opinions]: Subscribed to: wind_direction/id195
[service_neighbours_opinions-3] [INFO] [1749829410.331197759] [service_neighbours_opinions]: Subscribed to: wind_direction/id200
[service_neighbours_opinions-3] [INFO] [1749829410.335256500] [service_neighbours_opinions]: Subscribed to: wind_direction/id206
[service_neighbours_opinions-3] [INFO] [1749829410.339108481] [service_neighbours_opinions]: Subscribed to: wind_direction/id207
[service_neighbours_opinions-3] [INFO] [1749829410.342870907] [service_neighbours_opinions]: Subscribed to: wind_direction/id223
[service_neighbours_opinions-3] [INFO] [1749829410.346782203] [service_neighbours_opinions]: Subscribed to: wind_direction/id224
[service_neighbours_opinions-3] [INFO] [1749829410.350570796] [service_neighbours_opinions]: Subscribed to: wind_direction/id236
[service_neighbours_opinions-3] [INFO] [1749829410.354550703] [service_neighbours_opinions]: Subscribed to: wind_direction/id247
[service_neighbours_opinions-3] [INFO] [1749829410.358213722] [service_neighbours_opinions]: Subscribed to: wind_direction/id1193
[publish_wind_direction-4] /usr/lib/python3/dist-packages/scipy/__init__.py:146: UserWarning: A NumPy version >=1.17.3 and <1.25.0 is required for this version of SciPy (detected version 1.26.4
[publish_wind_direction-4]   warnings.warn(f"A NumPy version >={np_minversion} and <{np_maxversion}"
[publish_wind_direction-4] [INFO] [1749829412.065379536] [publish_wind_direction]: Physical Ip=192.168.3.83, id=id83
[publish_wind_direction-4] [INFO] [1749829412.068235091] [publish_wind_direction]: Updated ID from mapping: id68
[publish_wind_direction-4] [INFO] [1749829412.076682573] [publish_wind_direction]: Publsihing on: wind_direction/id68
[random_robot_move-1] [INFO] [1749829412.879365332] [random_robot_move]: Robot Control Node started.
[publish_wind_direction-4] [ERROR] [1749829437.128570947] [publish_wind_direction]: get_pose_data service not available!
[publish_wind_direction-4] [ERROR] [1749829462.173394987] [publish_wind_direction]: get_opinions service not available!
[service_vicon_node-2] [INFO] [1749829466.162850318] [service_vicon_node]: Vicon Position= [720.1346435546875, 544.9320068359375], yaw: 31.872146932562693
[service_vicon_node-2] [INFO] [1749829466.191991189] [service_vicon_node]: Neighbours: {'id136', 'id236', 'id137', 'id224', 'id195', 'id155', 'id192', 'id194', 'id151', 'id247', 'id142', 'id152', 'id223', 'id193', 'id189', 'id200', 'id1193'}
[publish_wind_direction-4] [INFO] [1749829466.622724800] [publish_wind_direction]: Pose info requested
[publish_wind_direction-4] [INFO] [1749829471.016985686] [publish_wind_direction]: Pose info requested
[publish_wind_direction-4] [INFO] [1749829475.994013053] [publish_wind_direction]: Pose info requested
[service_vicon_node-2] [INFO] [1749829476.213617683] [service_vicon_node]: Vicon Position= [684.1029663085938, 219.45773315429688], yaw: 31.064418757089125
[service_vicon_node-2] [INFO] [1749829476.216481942] [service_vicon_node]: Neighbours: {'id192', 'id194', 'id247', 'id189', 'id200', 'id206', 'id136', 'id207', 'id151', 'id142', 'id223', 'id193', 'id137', 'id224', 'id195', 'id155', 'id1193', 'id236', 'id152'}
[publish_wind_direction-4] [INFO] [1749829481.079392976] [publish_wind_direction]: Pose info requested
[publish_wind_direction-4] [INFO] [1749829485.900901770] [publish_wind_direction]: Pose info requested
[service_vicon_node-2] [INFO] [1749829486.410215565] [service_vicon_node]: Vicon Position= [771.82373046875, 185.85997009277344], yaw: 41.3322753909725
[service_vicon_node-2] [INFO] [1749829486.413669491] [service_vicon_node]: Neighbours: {'id192', 'id194', 'id247', 'id189', 'id200', 'id206', 'id136', 'id207', 'id151', 'id142', 'id223', 'id193', 'id137', 'id224', 'id195', 'id155', 'id1193', 'id236', 'id152'}
[publish_wind_direction-4] [INFO] [1749829490.934589563] [publish_wind_direction]: Pose info requested
[publish_wind_direction-4] [INFO] [1749829495.918578523] [publish_wind_direction]: Pose info requested
[service_vicon_node-2] [INFO] [1749829496.538154004] [service_vicon_node]: Vicon Position= [1073.22509765625, 183.0584716796875], yaw: 92.1880327622589
[service_vicon_node-2] [INFO] [1749829496.540828374] [service_vicon_node]: Neighbours: {'id136', 'id236', 'id137', 'id224', 'id207', 'id195', 'id155', 'id192', 'id194', 'id247', 'id142', 'id152', 'id223', 'id1193', 'id193', 'id189', 'id206'}
[publish_wind_direction-4] [INFO] [1749829501.293871094] [publish_wind_direction]: Pose info requested
[publish_wind_direction-4] [INFO] [1749829505.984768869] [publish_wind_direction]: Pose info requested
[service_vicon_node-2] [INFO] [1749829506.623796461] [service_vicon_node]: Vicon Position= [1027.79541015625, 292.11474609375], yaw: 1.509011960568546
[service_vicon_node-2] [INFO] [1749829506.628172683] [service_vicon_node]: Neighbours: {'id136', 'id236', 'id137', 'id224', 'id207', 'id195', 'id155', 'id192', 'id194', 'id247', 'id142', 'id152', 'id223', 'id1193', 'id193', 'id189', 'id200', 'id206'}
[publish_wind_direction-4] [INFO] [1749829510.899963699] [publish_wind_direction]: Pose info requested
[publish_wind_direction-4] [INFO] [1749829516.047957529] [publish_wind_direction]: Pose info requested
[service_vicon_node-2] [INFO] [1749829516.764432121] [service_vicon_node]: Vicon Position= [867.648681640625, 374.1144714355469], yaw: -8.434532645490409
[service_vicon_node-2] [INFO] [1749829516.768339844] [service_vicon_node]: Neighbours: {'id136', 'id236', 'id137', 'id224', 'id207', 'id195', 'id155', 'id192', 'id194', 'id247', 'id142', 'id152', 'id223', 'id1193', 'id189', 'id200', 'id206'}
[publish_wind_direction-4] [INFO] [1749829520.960694137] [publish_wind_direction]: Pose info requested
[publish_wind_direction-4] [INFO] [1749829525.948454394] [publish_wind_direction]: Pose info requested
[service_vicon_node-2] [INFO] [1749829526.796794875] [service_vicon_node]: Vicon Position= [610.373779296875, 568.148681640625], yaw: 3.8939367586129547
[service_vicon_node-2] [INFO] [1749829526.800465282] [service_vicon_node]: Neighbours: {'id136', 'id236', 'id137', 'id224', 'id207', 'id195', 'id155', 'id192', 'id194', 'id247', 'id142', 'id152', 'id223', 'id1193', 'id193', 'id189', 'id200', 'id206'}
[publish_wind_direction-4] [INFO] [1749829530.916885039] [publish_wind_direction]: Pose info requested
[publish_wind_direction-4] [INFO] [1749829535.931217758] [publish_wind_direction]: Pose info requested
[service_neighbours_opinions-3] [INFO] [1749829536.817199721] [service_neighbours_opinions]: * Received from id136, wind direction W
[service_neighbours_opinions-3] [INFO] [1749829536.820188850] [service_neighbours_opinions]: All opinions = {'id136': 'W'}
[publish_wind_direction-4] [INFO] [1749829540.960964274] [publish_wind_direction]: Pose info requested
[publish_wind_direction-4] [INFO] [1749829545.880581919] [publish_wind_direction]: Pose info requested
[service_neighbours_opinions-3] [INFO] [1749829546.080025900] [service_neighbours_opinions]: * Received from id136, wind direction E
[service_neighbours_opinions-3] [INFO] [1749829546.083276585] [service_neighbours_opinions]: Comm. Noise, new received opinion: S
[service_neighbours_opinions-3] [INFO] [1749829546.086077419] [service_neighbours_opinions]: All opinions = {'id136': 'S'}
[publish_wind_direction-4] [INFO] [1749829550.961960509] [publish_wind_direction]: Pose info requested
[service_neighbours_opinions-3] [INFO] [1749829551.052566934] [service_neighbours_opinions]: * Received from id136, wind direction W
[service_neighbours_opinions-3] [INFO] [1749829551.056278508] [service_neighbours_opinions]: All opinions = {'id136': 'W'}
[publish_wind_direction-4] [INFO] [1749829555.842287450] [publish_wind_direction]: Pose info requested
[service_neighbours_opinions-3] [INFO] [1749829555.977003857] [service_neighbours_opinions]: * Received from id136, wind direction W
[service_neighbours_opinions-3] [INFO] [1749829555.979720413] [service_neighbours_opinions]: All opinions = {'id136': 'W'}
[publish_wind_direction-4] [INFO] [1749829560.926636132] [publish_wind_direction]: Pose info requested
[service_neighbours_opinions-3] [INFO] [1749829561.275695651] [service_neighbours_opinions]: * Received from id136, wind direction W
[service_neighbours_opinions-3] [INFO] [1749829561.280294336] [service_neighbours_opinions]: Comm. Noise, new received opinion: N
[service_neighbours_opinions-3] [INFO] [1749829561.283242447] [service_neighbours_opinions]: All opinions = {'id136': 'N'}
[publish_wind_direction-4] [INFO] [1749829565.898960185] [publish_wind_direction]: Pose info requested
[service_neighbours_opinions-3] [INFO] [1749829566.579581462] [service_neighbours_opinions]: * Received from id136, wind direction W
[service_neighbours_opinions-3] [INFO] [1749829566.582612184] [service_neighbours_opinions]: Comm. Noise, new received opinion: E
[service_neighbours_opinions-3] [INFO] [1749829566.586616555] [service_neighbours_opinions]: All opinions = {'id136': 'E'}
[publish_wind_direction-4] [INFO] [1749829570.858078330] [publish_wind_direction]: Pose info requested
[service_neighbours_opinions-3] [INFO] [1749829571.336686107] [service_neighbours_opinions]: * Received from id136, wind direction W
[service_neighbours_opinions-3] [INFO] [1749829571.340967200] [service_neighbours_opinions]: All opinions = {'id136': 'W'}
[publish_wind_direction-4] [INFO] [1749829575.894483401] [publish_wind_direction]: Pose info requested
[service_neighbours_opinions-3] [INFO] [1749829575.988921475] [service_neighbours_opinions]: * Received from id136, wind direction W
[service_neighbours_opinions-3] [INFO] [1749829575.992187605] [service_neighbours_opinions]: Comm. Noise, new received opinion: S
[service_neighbours_opinions-3] [INFO] [1749829575.994983271] [service_neighbours_opinions]: All opinions = {'id136': 'S'}
[publish_wind_direction-4] [INFO] [1749829580.918639787] [publish_wind_direction]: Pose info requested
[service_neighbours_opinions-3] [INFO] [1749829581.527311046] [service_neighbours_opinions]: * Received from id136, wind direction W
[service_neighbours_opinions-3] [INFO] [1749829581.530870009] [service_neighbours_opinions]: All opinions = {'id136': 'W'}
[publish_wind_direction-4] [INFO] [1749829585.878880006] [publish_wind_direction]: Pose info requested
[service_neighbours_opinions-3] [INFO] [1749829586.344832358] [service_neighbours_opinions]: * Received from id136, wind direction W
[service_neighbours_opinions-3] [INFO] [1749829586.348069784] [service_neighbours_opinions]: Comm. Noise, new received opinion: E
[service_neighbours_opinions-3] [INFO] [1749829586.350869524] [service_neighbours_opinions]: All opinions = {'id136': 'E'}
[publish_wind_direction-4] [INFO] [1749829590.829171448] [publish_wind_direction]: Pose info requested
[service_neighbours_opinions-3] [INFO] [1749829591.067772707] [service_neighbours_opinions]: * Received from id136, wind direction W
[service_neighbours_opinions-3] [INFO] [1749829591.070674411] [service_neighbours_opinions]: Comm. Noise, new received opinion: S
[service_neighbours_opinions-3] [INFO] [1749829591.073442670] [service_neighbours_opinions]: All opinions = {'id136': 'S'}
[publish_wind_direction-4] [INFO] [1749829595.825368278] [publish_wind_direction]: Pose info requested
[service_neighbours_opinions-3] [INFO] [1749829596.277838185] [service_neighbours_opinions]: * Received from id136, wind direction W
[service_neighbours_opinions-3] [INFO] [1749829596.281869259] [service_neighbours_opinions]: All opinions = {'id136': 'W'}
[publish_wind_direction-4] [INFO] [1749829600.910896794] [publish_wind_direction]: Pose info requested
[publish_wind_direction-4] [INFO] [1749829605.892237809] [publish_wind_direction]: Pose info requested
[publish_wind_direction-4] [INFO] [1749829610.844127917] [publish_wind_direction]: Pose info requested
[publish_wind_direction-4] [INFO] [1749829615.884069025] [publish_wind_direction]: Pose info requested
[publish_wind_direction-4] [INFO] [1749829620.911142856] [publish_wind_direction]: Pose info requested
[publish_wind_direction-4] [INFO] [1749829625.881817408] [publish_wind_direction]: Pose info requested
[publish_wind_direction-4] [INFO] [1749829630.821641257] [publish_wind_direction]: Pose info requested
[publish_wind_direction-4] [INFO] [1749829635.938665754] [publish_wind_direction]: Pose info requested
[publish_wind_direction-4] [INFO] [1749829641.037340121] [publish_wind_direction]: Pose info requested
[publish_wind_direction-4] [INFO] [1749829645.832157415] [publish_wind_direction]: Pose info requested
[publish_wind_direction-4] [INFO] [1749829650.868605486] [publish_wind_direction]: Pose info requested
[publish_wind_direction-4] [INFO] [1749829655.830671076] [publish_wind_direction]: Pose info requested
[publish_wind_direction-4] [INFO] [1749829661.177553795] [publish_wind_direction]: Pose info requested
[publish_wind_direction-4] [INFO] [1749829665.758370885] [publish_wind_direction]: Pose info requested
[publish_wind_direction-4] [INFO] [1749829670.901628863] [publish_wind_direction]: Pose info requested
[publish_wind_direction-4] [INFO] [1749829675.941521027] [publish_wind_direction]: Pose info requested
[publish_wind_direction-4] [INFO] [1749829680.822546301] [publish_wind_direction]: Pose info requested
[publish_wind_direction-4] [INFO] [1749829685.903015391] [publish_wind_direction]: Pose info requested
[publish_wind_direction-4] [INFO] [1749829690.925733092] [publish_wind_direction]: Pose info requested
[publish_wind_direction-4] [INFO] [1749829695.862301533] [publish_wind_direction]: Pose info requested
[publish_wind_direction-4] [INFO] [1749829700.856683956] [publish_wind_direction]: Pose info requested
[publish_wind_direction-4] [INFO] [1749829706.057182861] [publish_wind_direction]: Pose info requested
[publish_wind_direction-4] [INFO] [1749829710.922714228] [publish_wind_direction]: Pose info requested
[publish_wind_direction-4] [INFO] [1749829715.820854132] [publish_wind_direction]: Pose info requested
[publish_wind_direction-4] [INFO] [1749829720.866174166] [publish_wind_direction]: Pose info requested
[publish_wind_direction-4] [INFO] [1749829725.879873775] [publish_wind_direction]: Pose info requested
[publish_wind_direction-4] [INFO] [1749829730.897378512] [publish_wind_direction]: Pose info requested
[publish_wind_direction-4] [INFO] [1749829735.876434195] [publish_wind_direction]: Pose info requested
[publish_wind_direction-4] [INFO] [1749829740.852963469] [publish_wind_direction]: Pose info requested
[publish_wind_direction-4] [INFO] [1749829745.884450078] [publish_wind_direction]: Pose info requested
[publish_wind_direction-4] [INFO] [1749829750.864013000] [publish_wind_direction]: Pose info requested
[publish_wind_direction-4] [INFO] [1749829755.809701201] [publish_wind_direction]: Pose info requested
[publish_wind_direction-4] [INFO] [1749829760.846130235] [publish_wind_direction]: Pose info requested
[publish_wind_direction-4] [INFO] [1749829765.814763380] [publish_wind_direction]: Pose info requested
[publish_wind_direction-4] [INFO] [1749829770.874942063] [publish_wind_direction]: Pose info requested
[publish_wind_direction-4] [INFO] [1749829775.835319412] [publish_wind_direction]: Pose info requested
[publish_wind_direction-4] [INFO] [1749829780.890838742] [publish_wind_direction]: Pose info requested
[publish_wind_direction-4] [INFO] [1749829785.835205517] [publish_wind_direction]: Pose info requested
[publish_wind_direction-4] [INFO] [1749829790.849436217] [publish_wind_direction]: Pose info requested
[publish_wind_direction-4] [INFO] [1749829795.763177826] [publish_wind_direction]: Pose info requested
[publish_wind_direction-4] [INFO] [1749829800.834759767] [publish_wind_direction]: Pose info requested
[publish_wind_direction-4] [INFO] [1749829805.933942338] [publish_wind_direction]: Pose info requested
[publish_wind_direction-4] [INFO] [1749829810.863492687] [publish_wind_direction]: Pose info requested
[publish_wind_direction-4] [INFO] [1749829815.855668369] [publish_wind_direction]: Pose info requested
[publish_wind_direction-4] [INFO] [1749829820.864262088] [publish_wind_direction]: Pose info requested
[publish_wind_direction-4] [INFO] [1749829825.869596993] [publish_wind_direction]: Pose info requested
[publish_wind_direction-4] [INFO] [1749829830.858359323] [publish_wind_direction]: Pose info requested
[publish_wind_direction-4] [INFO] [1749829835.859734135] [publish_wind_direction]: Pose info requested
[publish_wind_direction-4] [INFO] [1749829840.857026188] [publish_wind_direction]: Pose info requested
[publish_wind_direction-4] [INFO] [1749829845.883447536] [publish_wind_direction]: Pose info requested
[publish_wind_direction-4] [INFO] [1749829850.872592274] [publish_wind_direction]: Pose info requested
[publish_wind_direction-4] [INFO] [1749829855.878240771] [publish_wind_direction]: Pose info requested
[publish_wind_direction-4] [INFO] [1749829860.873774879] [publish_wind_direction]: Pose info requested
[publish_wind_direction-4] [INFO] [1749829865.852990839] [publish_wind_direction]: Pose info requested
[publish_wind_direction-4] [INFO] [1749829870.808606022] [publish_wind_direction]: Pose info requested
[publish_wind_direction-4] [INFO] [1749829875.931029481] [publish_wind_direction]: Pose info requested
[publish_wind_direction-4] [INFO] [1749829880.968583423] [publish_wind_direction]: Pose info requested
[publish_wind_direction-4] [INFO] [1749829886.170469383] [publish_wind_direction]: Pose info requested
[publish_wind_direction-4] [INFO] [1749829890.929743676] [publish_wind_direction]: Pose info requested
[publish_wind_direction-4] [INFO] [1749829895.837428933] [publish_wind_direction]: Pose info requested
[publish_wind_direction-4] [INFO] [1749829900.922438430] [publish_wind_direction]: Pose info requested
[publish_wind_direction-4] [INFO] [1749829905.837086241] [publish_wind_direction]: Pose info requested
[publish_wind_direction-4] [INFO] [1749829910.924064424] [publish_wind_direction]: Pose info requested
[publish_wind_direction-4] [INFO] [1749829916.616237846] [publish_wind_direction]: Pose info requested
[publish_wind_direction-4] [INFO] [1749829920.879588529] [publish_wind_direction]: Pose info requested
[publish_wind_direction-4] [INFO] [1749829925.755268896] [publish_wind_direction]: Pose info requested
[publish_wind_direction-4] [INFO] [1749829931.250996374] [publish_wind_direction]: Pose info requested
[publish_wind_direction-4] [INFO] [1749829935.832583724] [publish_wind_direction]: Pose info requested
[publish_wind_direction-4] [INFO] [1749829940.815018072] [publish_wind_direction]: Pose info requested
[publish_wind_direction-4] [INFO] [1749829945.978607551] [publish_wind_direction]: Pose info requested
[publish_wind_direction-4] [INFO] [1749829950.886055826] [publish_wind_direction]: Pose info requested
[publish_wind_direction-4] [INFO] [1749829955.791970378] [publish_wind_direction]: Pose info requested
[publish_wind_direction-4] [INFO] [1749829960.820989598] [publish_wind_direction]: Pose info requested
[publish_wind_direction-4] [INFO] [1749829965.864990632] [publish_wind_direction]: Pose info requested
[publish_wind_direction-4] [INFO] [1749829970.759897795] [publish_wind_direction]: Pose info requested
[publish_wind_direction-4] [INFO] [1749829975.742943700] [publish_wind_direction]: Pose info requested
[publish_wind_direction-4] [INFO] [1749829980.770397160] [publish_wind_direction]: Pose info requested
[publish_wind_direction-4] [INFO] [1749829985.747809583] [publish_wind_direction]: Pose info requested
[publish_wind_direction-4] [INFO] [1749829990.790258209] [publish_wind_direction]: Pose info requested
[publish_wind_direction-4] [INFO] [1749829995.846220984] [publish_wind_direction]: Pose info requested
[publish_wind_direction-4] [INFO] [1749830000.750802759] [publish_wind_direction]: Pose info requested
[publish_wind_direction-4] [INFO] [1749830005.751206460] [publish_wind_direction]: Pose info requested
[publish_wind_direction-4] [INFO] [1749830010.773874049] [publish_wind_direction]: Pose info requested
[publish_wind_direction-4] [INFO] [1749830015.834421787] [publish_wind_direction]: Pose info requested
[publish_wind_direction-4] [INFO] [1749830020.787284710] [publish_wind_direction]: Pose info requested
[publish_wind_direction-4] [INFO] [1749830025.766821096] [publish_wind_direction]: Pose info requested
[publish_wind_direction-4] [INFO] [1749830030.901772945] [publish_wind_direction]: Pose info requested
[publish_wind_direction-4] [INFO] [1749830035.867676942] [publish_wind_direction]: Pose info requested
[publish_wind_direction-4] [INFO] [1749830040.854750698] [publish_wind_direction]: Pose info requested
[publish_wind_direction-4] [INFO] [1749830046.149026306] [publish_wind_direction]: Pose info requested
[publish_wind_direction-4] [INFO] [1749830050.803275062] [publish_wind_direction]: Pose info requested
[publish_wind_direction-4] [INFO] [1749830055.899531485] [publish_wind_direction]: Pose info requested
[publish_wind_direction-4] [INFO] [1749830060.778043556] [publish_wind_direction]: Pose info requested
[publish_wind_direction-4] [INFO] [1749830065.802461331] [publish_wind_direction]: Pose info requested
[publish_wind_direction-4] [INFO] [1749830070.809753551] [publish_wind_direction]: Pose info requested
[publish_wind_direction-4] [INFO] [1749830075.830763122] [publish_wind_direction]: Pose info requested
[publish_wind_direction-4] [INFO] [1749830080.774873045] [publish_wind_direction]: Pose info requested
[publish_wind_direction-4] [INFO] [1749830085.787266764] [publish_wind_direction]: Pose info requested
[publish_wind_direction-4] [INFO] [1749830090.802135687] [publish_wind_direction]: Pose info requested
[publish_wind_direction-4] [INFO] [1749830095.774889221] [publish_wind_direction]: Pose info requested
[publish_wind_direction-4] [INFO] [1749830100.874274810] [publish_wind_direction]: Pose info requested
[publish_wind_direction-4] [INFO] [1749830105.754457641] [publish_wind_direction]: Pose info requested
[service_neighbours_opinions-3] [INFO] [1749830110.361910601] [service_neighbours_opinions]: Raising exception at 15:55:10
[service_neighbours_opinions-3] Traceback (most recent call last):
[service_neighbours_opinions-3]   File "/home/thymio/ros2_ws/install/wind_direction_detector/lib/python3.10/site-packages/wind_direction_detector/neighbours_opinion_node.py", line 111, in main
[service_neighbours_opinions-3]     rclpy.spin(neighbours_node)
[service_neighbours_opinions-3]   File "/opt/ros/humble/local/lib/python3.10/dist-packages/rclpy/__init__.py", line 226, in spin
[service_neighbours_opinions-3]     executor.spin_once()
[service_neighbours_opinions-3]   File "/opt/ros/humble/local/lib/python3.10/dist-packages/rclpy/executors.py", line 739, in spin_once
[service_neighbours_opinions-3]     self._spin_once_impl(timeout_sec)
[service_neighbours_opinions-3]   File "/opt/ros/humble/local/lib/python3.10/dist-packages/rclpy/executors.py", line 736, in _spin_once_impl
[service_neighbours_opinions-3]     raise handler.exception()
[service_neighbours_opinions-3]   File "/opt/ros/humble/local/lib/python3.10/dist-packages/rclpy/task.py", line 239, in __call__
[service_neighbours_opinions-3]     self._handler.send(None)
[service_neighbours_opinions-3]   File "/opt/ros/humble/local/lib/python3.10/dist-packages/rclpy/executors.py", line 437, in handler
[service_neighbours_opinions-3]     await call_coroutine(entity, arg)
[service_neighbours_opinions-3]   File "/opt/ros/humble/local/lib/python3.10/dist-packages/rclpy/executors.py", line 351, in _execute_timer
[service_neighbours_opinions-3]     await await_or_execute(tmr.callback)
[service_neighbours_opinions-3]   File "/opt/ros/humble/local/lib/python3.10/dist-packages/rclpy/executors.py", line 107, in await_or_execute
[service_neighbours_opinions-3]     return callback(*args)
[service_neighbours_opinions-3]   File "/home/thymio/ros2_ws/install/wind_direction_detector/lib/python3.10/site-packages/wind_direction_detector/neighbours_opinion_node.py", line 64, in stop_execution
[service_neighbours_opinions-3]     raise Exception
[service_neighbours_opinions-3] Exception
[service_neighbours_opinions-3] 
[service_neighbours_opinions-3] During handling of the above exception, another exception occurred:
[service_neighbours_opinions-3] 
[service_neighbours_opinions-3] Traceback (most recent call last):
[service_neighbours_opinions-3]   File "/home/thymio/ros2_ws/install/wind_direction_detector/lib/wind_direction_detector/service_neighbours_opinions", line 33, in <module>
[service_neighbours_opinions-3]     sys.exit(load_entry_point('wind-direction-detector==0.0.0', 'console_scripts', 'service_neighbours_opinions')())
[service_neighbours_opinions-3]   File "/home/thymio/ros2_ws/install/wind_direction_detector/lib/python3.10/site-packages/wind_direction_detector/neighbours_opinion_node.py", line 117, in main
[service_neighbours_opinions-3]     neighbours_node.get_logger().error(e)
[service_neighbours_opinions-3]   File "/opt/ros/humble/local/lib/python3.10/dist-packages/rclpy/impl/rcutils_logger.py", line 345, in error
[service_neighbours_opinions-3]     return self.log(message, LoggingSeverity.ERROR, **kwargs)
[service_neighbours_opinions-3]   File "/opt/ros/humble/local/lib/python3.10/dist-packages/rclpy/impl/rcutils_logger.py", line 318, in log
[service_neighbours_opinions-3]     _rclpy.rclpy_logging_rcutils_log(
[service_neighbours_opinions-3] TypeError: rclpy_logging_rcutils_log(): incompatible function arguments. The following argument types are supported:
[service_neighbours_opinions-3]     1. (arg0: int, arg1: str, arg2: str, arg3: str, arg4: str, arg5: int) -> None
[service_neighbours_opinions-3] 
[service_neighbours_opinions-3] Invoked with: <LoggingSeverity.ERROR: 40>, 'service_neighbours_opinions', Exception(), 'main', '/home/thymio/ros2_ws/install/wind_direction_detector/lib/python3.10/site-packages/wind_direction_detector/neighbours_opinion_node.py', 117
[publish_wind_direction-4] [INFO] [1749830110.787393823] [publish_wind_direction]: Pose info requested
[ERROR] [service_neighbours_opinions-3]: process has died [pid 846, exit code 1, cmd '/home/thymio/ros2_ws/install/wind_direction_detector/lib/wind_direction_detector/service_neighbours_opinions --ros-args -r __node:=service_neighbours_opinions'].
[publish_wind_direction-4] [INFO] [1749830115.795990542] [publish_wind_direction]: Pose info requested
[publish_wind_direction-4] [INFO] [1749830115.798695339] [publish_wind_direction]: Raising exception at 15:55:15
[publish_wind_direction-4] Traceback (most recent call last):
[publish_wind_direction-4]   File "/home/thymio/ros2_ws/install/wind_direction_detector/lib/wind_direction_detector/publish_wind_direction", line 33, in <module>
[publish_wind_direction-4]     sys.exit(load_entry_point('wind-direction-detector==0.0.0', 'console_scripts', 'publish_wind_direction')())
[publish_wind_direction-4]   File "/home/thymio/ros2_ws/install/wind_direction_detector/lib/python3.10/site-packages/wind_direction_detector/publish_direction.py", line 331, in main
[publish_wind_direction-4]     rclpy.spin(wind_direction_sensor)
[publish_wind_direction-4]   File "/opt/ros/humble/local/lib/python3.10/dist-packages/rclpy/__init__.py", line 226, in spin
[publish_wind_direction-4]     executor.spin_once()
[publish_wind_direction-4]   File "/opt/ros/humble/local/lib/python3.10/dist-packages/rclpy/executors.py", line 739, in spin_once
[publish_wind_direction-4]     self._spin_once_impl(timeout_sec)
[publish_wind_direction-4]   File "/opt/ros/humble/local/lib/python3.10/dist-packages/rclpy/executors.py", line 736, in _spin_once_impl
[publish_wind_direction-4]     raise handler.exception()
[publish_wind_direction-4]   File "/opt/ros/humble/local/lib/python3.10/dist-packages/rclpy/task.py", line 239, in __call__
[publish_wind_direction-4]     self._handler.send(None)
[publish_wind_direction-4]   File "/opt/ros/humble/local/lib/python3.10/dist-packages/rclpy/executors.py", line 437, in handler
[publish_wind_direction-4]     await call_coroutine(entity, arg)
[publish_wind_direction-4]   File "/opt/ros/humble/local/lib/python3.10/dist-packages/rclpy/executors.py", line 351, in _execute_timer
[publish_wind_direction-4]     await await_or_execute(tmr.callback)
[publish_wind_direction-4]   File "/opt/ros/humble/local/lib/python3.10/dist-packages/rclpy/executors.py", line 107, in await_or_execute
[publish_wind_direction-4]     return callback(*args)
[publish_wind_direction-4]   File "/home/thymio/ros2_ws/install/wind_direction_detector/lib/python3.10/site-packages/wind_direction_detector/publish_direction.py", line 169, in make_wind_direction_opinion
[publish_wind_direction-4]     raise Exception
[publish_wind_direction-4] Exception
[ERROR] [publish_wind_direction-4]: process has died [pid 848, exit code 1, cmd '/home/thymio/ros2_ws/install/wind_direction_detector/lib/wind_direction_detector/publish_wind_direction --ros-args -r __node:=publish_wind_direction'].
[random_robot_move-1] [INFO] [1749830117.976249689] [random_robot_move]: robot move: excetion raised at 15:55:17
[random_robot_move-1] [INFO] [1749830117.979030226] [random_robot_move]: Exception, shutting down
