1749830690.7338331 [INFO] [launch]: All log files can be found below /home/thymio/ros_logs/2025-06-13-16-04-50-730637-thymio-2175
1749830690.7344089 [INFO] [launch]: Default logging verbosity is set to INFO
1749830690.9604201 [INFO] [service_vicon_node-1]: process started with pid [2176]
1749830690.9612906 [INFO] [service_neighbours_opinions-2]: process started with pid [2178]
1749830690.9621053 [INFO] [random_robot_move-3]: process started with pid [2180]
1749830690.9632561 [INFO] [publish_wind_direction-4]: process started with pid [2182]
1749830692.5718918 [publish_wind_direction-4] /usr/lib/python3/dist-packages/scipy/__init__.py:146: UserWarning: A NumPy version >=1.17.3 and <1.25.0 is required for this version of SciPy (detected version 1.26.4
1749830692.5723994 [publish_wind_direction-4]   warnings.warn(f"A NumPy version >={np_minversion} and <{np_maxversion}"
1749830692.6448016 [service_vicon_node-1] [INFO] [1749830692.643998050] [service_vicon_node]: Physical Ip=192.168.3.83, id=id83
1749830692.6498156 [service_vicon_node-1] [INFO] [1749830692.649111421] [service_vicon_node]: Updated ID from mapping: id68
1749830692.6622877 [service_neighbours_opinions-2] [INFO] [1749830692.661471643] [service_neighbours_opinions]: Physical Ip=192.168.3.83, id=id83
1749830692.6639576 [service_vicon_node-1] [INFO] [1749830692.663038124] [service_vicon_node]: Subscribed to: vicon/default/data
1749830692.6691654 [service_neighbours_opinions-2] [INFO] [1749830692.668374772] [service_neighbours_opinions]: Updated ID from mapping: id68
1749830692.6791232 [service_neighbours_opinions-2] [INFO] [1749830692.678478513] [service_neighbours_opinions]: Subscribed to: wind_direction/id136
1749830692.6851559 [service_neighbours_opinions-2] [INFO] [1749830692.684502513] [service_neighbours_opinions]: Subscribed to: wind_direction/id137
1749830692.6910815 [service_neighbours_opinions-2] [INFO] [1749830692.690427791] [service_neighbours_opinions]: Subscribed to: wind_direction/id142
1749830692.6969004 [service_neighbours_opinions-2] [INFO] [1749830692.696223532] [service_neighbours_opinions]: Subscribed to: wind_direction/id151
1749830692.7043769 [service_neighbours_opinions-2] [INFO] [1749830692.703768254] [service_neighbours_opinions]: Subscribed to: wind_direction/id152
1749830692.7116165 [service_neighbours_opinions-2] [INFO] [1749830692.710883402] [service_neighbours_opinions]: Subscribed to: wind_direction/id155
1749830692.7175343 [service_neighbours_opinions-2] [INFO] [1749830692.716878161] [service_neighbours_opinions]: Subscribed to: wind_direction/id189
1749830692.7236407 [service_neighbours_opinions-2] [INFO] [1749830692.722927254] [service_neighbours_opinions]: Subscribed to: wind_direction/id192
1749830692.7288427 [service_neighbours_opinions-2] [INFO] [1749830692.728085717] [service_neighbours_opinions]: Subscribed to: wind_direction/id193
1749830692.7327981 [service_neighbours_opinions-2] [INFO] [1749830692.732080402] [service_neighbours_opinions]: Subscribed to: wind_direction/id194
1749830692.7366502 [service_neighbours_opinions-2] [INFO] [1749830692.735971791] [service_neighbours_opinions]: Subscribed to: wind_direction/id195
1749830692.7408042 [service_neighbours_opinions-2] [INFO] [1749830692.740106050] [service_neighbours_opinions]: Subscribed to: wind_direction/id200
1749830692.7446744 [service_neighbours_opinions-2] [INFO] [1749830692.743933606] [service_neighbours_opinions]: Subscribed to: wind_direction/id206
1749830692.7485163 [service_neighbours_opinions-2] [INFO] [1749830692.747709587] [service_neighbours_opinions]: Subscribed to: wind_direction/id207
1749830692.7527463 [service_neighbours_opinions-2] [INFO] [1749830692.751807235] [service_neighbours_opinions]: Subscribed to: wind_direction/id223
1749830692.7565260 [service_neighbours_opinions-2] [INFO] [1749830692.755783513] [service_neighbours_opinions]: Subscribed to: wind_direction/id224
1749830692.7606008 [service_neighbours_opinions-2] [INFO] [1749830692.759536328] [service_neighbours_opinions]: Subscribed to: wind_direction/id236
1749830692.7697053 [service_neighbours_opinions-2] [INFO] [1749830692.764967161] [service_neighbours_opinions]: Subscribed to: wind_direction/id247
1749830692.7712123 [service_neighbours_opinions-2] [INFO] [1749830692.768981995] [service_neighbours_opinions]: Subscribed to: wind_direction/id1193
1749830693.0662291 [publish_wind_direction-4] [INFO] [1749830693.065585198] [publish_wind_direction]: Physical Ip=192.168.3.83, id=id83
1749830693.0688283 [publish_wind_direction-4] [INFO] [1749830693.068296513] [publish_wind_direction]: Updated ID from mapping: id68
1749830693.0761526 [publish_wind_direction-4] [INFO] [1749830693.075576754] [publish_wind_direction]: Publsihing on: wind_direction/id68
1749830700.5230858 [random_robot_move-3] [INFO] [1749830700.522433916] [random_robot_move]: Robot Control Node started.
1749830703.5563045 [service_vicon_node-1] [INFO] [1749830703.555335766] [service_vicon_node]: Frame_no: 169065
1749830713.7296922 [service_vicon_node-1] [INFO] [1749830713.728713871] [service_vicon_node]: Frame_no: 169355
1749830718.1284475 [publish_wind_direction-4] [ERROR] [1749830718.126861924] [publish_wind_direction]: get_pose_data service not available!
1749830724.4718177 [service_vicon_node-1] [INFO] [1749830724.471054253] [service_vicon_node]: Frame_no: 169691
1749830735.2614105 [service_vicon_node-1] [INFO] [1749830735.260022525] [service_vicon_node]: Frame_no: 170018
1749830745.3304796 [service_vicon_node-1] [INFO] [1749830745.329462704] [service_vicon_node]: Frame_no: 170321
1749830755.8350232 [service_vicon_node-1] [INFO] [1749830755.833965142] [service_vicon_node]: Frame_no: 170635
1749830756.2217374 [service_neighbours_opinions-2] [INFO] [1749830756.220945827] [service_neighbours_opinions]: All opinions size= 4
1749830758.5883396 [publish_wind_direction-4] [INFO] [1749830758.587637900] [publish_wind_direction]: ### Informed ###
1749830758.5899644 [service_neighbours_opinions-2] [INFO] [1749830758.588928289] [service_neighbours_opinions]: All opinions size= 5
1749830758.5940533 [publish_wind_direction-4] [INFO] [1749830758.592687326] [publish_wind_direction]: Publishing: id68:N
1749830758.5974500 [publish_wind_direction-4] [INFO] [1749830758.595491752] [publish_wind_direction]: ------------------
1749830760.9969733 [service_neighbours_opinions-2] [INFO] [1749830760.995965898] [service_neighbours_opinions]: All opinions size= 7
1749830761.0045493 [publish_wind_direction-4] [INFO] [1749830761.003896806] [publish_wind_direction]: ### Informed ###
1749830761.0082023 [publish_wind_direction-4] [INFO] [1749830761.007611454] [publish_wind_direction]: Publishing: id68:S
1749830761.0113356 [publish_wind_direction-4] [INFO] [1749830761.010468380] [publish_wind_direction]: ------------------
1749830763.3622689 [service_neighbours_opinions-2] [INFO] [1749830763.361537267] [service_neighbours_opinions]: All opinions size= 8
1749830763.3637428 [publish_wind_direction-4] [INFO] [1749830763.363222860] [publish_wind_direction]: ### Informed ###
1749830763.3673780 [publish_wind_direction-4] [INFO] [1749830763.366723786] [publish_wind_direction]: Publishing: id68:E
1749830763.3698094 [publish_wind_direction-4] [INFO] [1749830763.369226953] [publish_wind_direction]: ------------------
1749830765.8104005 [publish_wind_direction-4] [INFO] [1749830765.809554951] [publish_wind_direction]: ### Informed ###
1749830765.8141048 [publish_wind_direction-4] [INFO] [1749830765.813321155] [publish_wind_direction]: Publishing: id68:S
1749830765.8156486 [service_neighbours_opinions-2] [INFO] [1749830765.813876951] [service_neighbours_opinions]: All opinions size= 8
1749830765.8171823 [publish_wind_direction-4] [INFO] [1749830765.816601821] [publish_wind_direction]: ------------------
1749830766.5029225 [service_vicon_node-1] [INFO] [1749830766.502055080] [service_vicon_node]: Frame_no: 170957
1749830768.2615211 [service_neighbours_opinions-2] [INFO] [1749830768.260752413] [service_neighbours_opinions]: All opinions size= 8
1749830768.2637331 [publish_wind_direction-4] [INFO] [1749830768.261546450] [publish_wind_direction]: ### Informed ###
1749830768.2662151 [publish_wind_direction-4] [INFO] [1749830768.265556135] [publish_wind_direction]: Publishing: id68:E
1749830768.2687380 [publish_wind_direction-4] [INFO] [1749830768.268185894] [publish_wind_direction]: ------------------
1749830768.2730370 [publish_wind_direction-4] [INFO] [1749830768.272473135] [publish_wind_direction]: ### Informed ###
1749830768.2764306 [publish_wind_direction-4] [INFO] [1749830768.275887190] [publish_wind_direction]: Publishing: id68:E
1749830768.2789505 [publish_wind_direction-4] [INFO] [1749830768.278396820] [publish_wind_direction]: ------------------
1749830770.7966335 [service_neighbours_opinions-2] [INFO] [1749830770.795728170] [service_neighbours_opinions]: All opinions size= 9
1749830770.8008418 [publish_wind_direction-4] [INFO] [1749830770.799968522] [publish_wind_direction]: ### Informed ###
1749830770.8049119 [publish_wind_direction-4] [INFO] [1749830770.804136855] [publish_wind_direction]: Publishing: id68:E
1749830770.8084157 [publish_wind_direction-4] [INFO] [1749830770.807242448] [publish_wind_direction]: ------------------
1749830775.5535710 [service_neighbours_opinions-2] [INFO] [1749830775.552746760] [service_neighbours_opinions]: All opinions size= 10
1749830775.5617621 [publish_wind_direction-4] [INFO] [1749830775.560936056] [publish_wind_direction]: ### Informed ###
1749830775.5655868 [publish_wind_direction-4] [INFO] [1749830775.564663130] [publish_wind_direction]: Publishing: id68:S
1749830775.5681620 [publish_wind_direction-4] [INFO] [1749830775.567429519] [publish_wind_direction]: ------------------
1749830776.5964973 [service_vicon_node-1] [INFO] [1749830776.595767296] [service_vicon_node]: Frame_no: 171259
1749830781.2040141 [service_neighbours_opinions-2] [INFO] [1749830781.202915812] [service_neighbours_opinions]: All opinions size= 11
1749830781.2162585 [publish_wind_direction-4] [INFO] [1749830781.215374497] [publish_wind_direction]: ### Informed ###
1749830781.2200706 [publish_wind_direction-4] [INFO] [1749830781.219492905] [publish_wind_direction]: Publishing: id68:W
1749830781.2224703 [publish_wind_direction-4] [INFO] [1749830781.221953534] [publish_wind_direction]: ------------------
1749830785.7192762 [service_neighbours_opinions-2] [INFO] [1749830785.718564069] [service_neighbours_opinions]: All opinions size= 11
1749830785.7238123 [publish_wind_direction-4] [INFO] [1749830785.723154791] [publish_wind_direction]: ### Informed ###
1749830785.7274640 [publish_wind_direction-4] [INFO] [1749830785.726883587] [publish_wind_direction]: Publishing: id68:W
1749830785.7304435 [publish_wind_direction-4] [INFO] [1749830785.729605106] [publish_wind_direction]: ------------------
1749830787.2098632 [service_vicon_node-1] [INFO] [1749830787.209083920] [service_vicon_node]: Frame_no: 171578
1749830790.4395084 [service_neighbours_opinions-2] [INFO] [1749830790.438817159] [service_neighbours_opinions]: All opinions size= 12
1749830790.4442189 [publish_wind_direction-4] [INFO] [1749830790.443488696] [publish_wind_direction]: ### Informed ###
1749830790.4489238 [publish_wind_direction-4] [INFO] [1749830790.448223492] [publish_wind_direction]: Publishing: id68:S
1749830790.4523745 [publish_wind_direction-4] [INFO] [1749830790.451568010] [publish_wind_direction]: ------------------
1749830795.4819384 [service_neighbours_opinions-2] [INFO] [1749830795.481166619] [service_neighbours_opinions]: All opinions size= 12
1749830795.4881585 [publish_wind_direction-4] [INFO] [1749830795.487567082] [publish_wind_direction]: ### Informed ###
1749830795.4915514 [publish_wind_direction-4] [INFO] [1749830795.490997674] [publish_wind_direction]: Publishing: id68:S
1749830795.4940672 [publish_wind_direction-4] [INFO] [1749830795.493475119] [publish_wind_direction]: ------------------
1749830798.0686579 [service_vicon_node-1] [INFO] [1749830798.067895395] [service_vicon_node]: Frame_no: 171903
1749830800.4000790 [service_neighbours_opinions-2] [INFO] [1749830800.399338097] [service_neighbours_opinions]: All opinions size= 13
1749830800.4040496 [publish_wind_direction-4] [INFO] [1749830800.403464116] [publish_wind_direction]: ### Informed ###
1749830800.4077518 [publish_wind_direction-4] [INFO] [1749830800.407193856] [publish_wind_direction]: Publishing: id68:N
1749830800.4103820 [publish_wind_direction-4] [INFO] [1749830800.409828245] [publish_wind_direction]: ------------------
1749830805.4196777 [service_neighbours_opinions-2] [INFO] [1749830805.419030668] [service_neighbours_opinions]: All opinions size= 13
1749830805.4251089 [publish_wind_direction-4] [INFO] [1749830805.424488224] [publish_wind_direction]: ### Informed ###
1749830805.4288595 [publish_wind_direction-4] [INFO] [1749830805.427925835] [publish_wind_direction]: Publishing: id68:W
1749830805.4317288 [publish_wind_direction-4] [INFO] [1749830805.430942779] [publish_wind_direction]: ------------------
1749830808.8812287 [service_vicon_node-1] [INFO] [1749830808.879534592] [service_vicon_node]: Frame_no: 172228
1749830810.4295516 [service_neighbours_opinions-2] [INFO] [1749830810.428813073] [service_neighbours_opinions]: All opinions size= 13
1749830810.4340167 [publish_wind_direction-4] [INFO] [1749830810.433137647] [publish_wind_direction]: ### Informed ###
1749830810.4373896 [publish_wind_direction-4] [INFO] [1749830810.436660536] [publish_wind_direction]: Publishing: id68:N
1749830810.4400158 [publish_wind_direction-4] [INFO] [1749830810.439219943] [publish_wind_direction]: ------------------
1749830815.4586780 [service_neighbours_opinions-2] [INFO] [1749830815.457979699] [service_neighbours_opinions]: All opinions size= 13
1749830815.4632332 [publish_wind_direction-4] [INFO] [1749830815.462594125] [publish_wind_direction]: ### Informed ###
1749830815.4671519 [publish_wind_direction-4] [INFO] [1749830815.466560403] [publish_wind_direction]: Publishing: id68:S
1749830815.4700468 [publish_wind_direction-4] [INFO] [1749830815.469443366] [publish_wind_direction]: ------------------
1749830819.2157986 [service_vicon_node-1] [INFO] [1749830819.214585716] [service_vicon_node]: Frame_no: 172539
1749830820.4343176 [service_neighbours_opinions-2] [INFO] [1749830820.433561530] [service_neighbours_opinions]: All opinions size= 13
1749830820.4389849 [publish_wind_direction-4] [INFO] [1749830820.438287807] [publish_wind_direction]: ### Informed ###
1749830820.4428809 [publish_wind_direction-4] [INFO] [1749830820.442298585] [publish_wind_direction]: Publishing: id68:W
1749830820.4457989 [publish_wind_direction-4] [INFO] [1749830820.445178381] [publish_wind_direction]: ------------------
1749830825.4822528 [service_neighbours_opinions-2] [INFO] [1749830825.481511786] [service_neighbours_opinions]: All opinions size= 13
1749830825.4866631 [publish_wind_direction-4] [INFO] [1749830825.486022249] [publish_wind_direction]: ### Informed ###
1749830825.4904127 [publish_wind_direction-4] [INFO] [1749830825.489815323] [publish_wind_direction]: Publishing: id68:W
1749830825.4934974 [publish_wind_direction-4] [INFO] [1749830825.492865230] [publish_wind_direction]: ------------------
1749830829.5081484 [service_vicon_node-1] [INFO] [1749830829.507069709] [service_vicon_node]: Frame_no: 172847
1749830830.6608703 [service_neighbours_opinions-2] [INFO] [1749830830.660178746] [service_neighbours_opinions]: All opinions size= 13
1749830830.6651025 [publish_wind_direction-4] [INFO] [1749830830.664381875] [publish_wind_direction]: ### Informed ###
1749830830.6692381 [publish_wind_direction-4] [INFO] [1749830830.668536412] [publish_wind_direction]: Publishing: id68:N
1749830830.6721668 [publish_wind_direction-4] [INFO] [1749830830.671495135] [publish_wind_direction]: ------------------
1749830835.5119879 [service_neighbours_opinions-2] [INFO] [1749830835.511311576] [service_neighbours_opinions]: All opinions size= 13
1749830835.5179646 [publish_wind_direction-4] [INFO] [1749830835.517308224] [publish_wind_direction]: ### Informed ###
1749830835.5230715 [publish_wind_direction-4] [INFO] [1749830835.522476447] [publish_wind_direction]: Publishing: id68:W
1749830835.5267889 [publish_wind_direction-4] [INFO] [1749830835.526237465] [publish_wind_direction]: ------------------
1749830839.6786499 [service_vicon_node-1] [INFO] [1749830839.677908407] [service_vicon_node]: Frame_no: 173153
1749830840.3779802 [service_neighbours_opinions-2] [INFO] [1749830840.377216592] [service_neighbours_opinions]: All opinions size= 13
1749830840.3822277 [publish_wind_direction-4] [INFO] [1749830840.381487981] [publish_wind_direction]: ### Informed ###
1749830840.3860049 [publish_wind_direction-4] [INFO] [1749830840.385378055] [publish_wind_direction]: Publishing: id68:S
1749830840.3886948 [publish_wind_direction-4] [INFO] [1749830840.388126444] [publish_wind_direction]: ------------------
1749830845.4171877 [service_neighbours_opinions-2] [INFO] [1749830845.416480589] [service_neighbours_opinions]: All opinions size= 13
1749830845.4222434 [publish_wind_direction-4] [INFO] [1749830845.421517033] [publish_wind_direction]: ### Informed ###
1749830845.4277318 [publish_wind_direction-4] [INFO] [1749830845.427124959] [publish_wind_direction]: Publishing: id68:N
1749830845.4319134 [publish_wind_direction-4] [INFO] [1749830845.431306830] [publish_wind_direction]: ------------------
1749830849.8436615 [service_vicon_node-1] [INFO] [1749830849.842937401] [service_vicon_node]: Frame_no: 173458
1749830850.4477046 [service_neighbours_opinions-2] [INFO] [1749830850.446969678] [service_neighbours_opinions]: All opinions size= 13
1749830850.4539742 [publish_wind_direction-4] [INFO] [1749830850.452806530] [publish_wind_direction]: ### Informed ###
1749830850.4579492 [publish_wind_direction-4] [INFO] [1749830850.457186919] [publish_wind_direction]: Publishing: id68:E
1749830850.4607151 [publish_wind_direction-4] [INFO] [1749830850.460132475] [publish_wind_direction]: ------------------
1749830855.6879096 [service_neighbours_opinions-2] [INFO] [1749830855.686835194] [service_neighbours_opinions]: All opinions size= 13
1749830855.6923413 [publish_wind_direction-4] [INFO] [1749830855.691089786] [publish_wind_direction]: ### Informed ###
1749830855.6956031 [publish_wind_direction-4] [INFO] [1749830855.694819046] [publish_wind_direction]: Publishing: id68:W
1749830855.6983657 [publish_wind_direction-4] [INFO] [1749830855.697549638] [publish_wind_direction]: ------------------
1749830860.0455508 [service_vicon_node-1] [INFO] [1749830860.044679395] [service_vicon_node]: Frame_no: 173764
1749830860.6885624 [service_neighbours_opinions-2] [INFO] [1749830860.687480265] [service_neighbours_opinions]: All opinions size= 13
1749830860.6928468 [publish_wind_direction-4] [INFO] [1749830860.691814617] [publish_wind_direction]: ### Informed ###
1749830860.6966572 [publish_wind_direction-4] [INFO] [1749830860.695970376] [publish_wind_direction]: Publishing: id68:N
1749830860.6997120 [publish_wind_direction-4] [INFO] [1749830860.699096561] [publish_wind_direction]: ------------------
1749830865.3944821 [service_neighbours_opinions-2] [INFO] [1749830865.393745318] [service_neighbours_opinions]: All opinions size= 13
1749830865.4009345 [publish_wind_direction-4] [INFO] [1749830865.400341540] [publish_wind_direction]: ### Informed ###
1749830865.4063025 [publish_wind_direction-4] [INFO] [1749830865.405703669] [publish_wind_direction]: Publishing: id68:N
1749830865.4100010 [publish_wind_direction-4] [INFO] [1749830865.409369132] [publish_wind_direction]: ------------------
1749830870.1946495 [service_vicon_node-1] [INFO] [1749830870.193118018] [service_vicon_node]: Frame_no: 174068
1749830870.3993616 [service_neighbours_opinions-2] [INFO] [1749830870.398661481] [service_neighbours_opinions]: All opinions size= 13
1749830870.4032180 [publish_wind_direction-4] [INFO] [1749830870.402567685] [publish_wind_direction]: ### Informed ###
1749830870.4074097 [publish_wind_direction-4] [INFO] [1749830870.406405685] [publish_wind_direction]: Publishing: id68:N
1749830870.4101975 [publish_wind_direction-4] [INFO] [1749830870.409545241] [publish_wind_direction]: ------------------
1749830875.3515832 [service_neighbours_opinions-2] [INFO] [1749830875.350901312] [service_neighbours_opinions]: All opinions size= 13
1749830875.3559518 [publish_wind_direction-4] [INFO] [1749830875.355158034] [publish_wind_direction]: ### Informed ###
1749830875.3596752 [publish_wind_direction-4] [INFO] [1749830875.359086201] [publish_wind_direction]: Publishing: id68:W
1749830875.3627477 [publish_wind_direction-4] [INFO] [1749830875.362149701] [publish_wind_direction]: ------------------
1749830880.3814237 [service_vicon_node-1] [INFO] [1749830880.380670086] [service_vicon_node]: Frame_no: 174374
1749830880.4191213 [service_neighbours_opinions-2] [INFO] [1749830880.418391975] [service_neighbours_opinions]: All opinions size= 13
1749830880.4249678 [publish_wind_direction-4] [INFO] [1749830880.424326846] [publish_wind_direction]: ### Informed ###
1749830880.4284048 [publish_wind_direction-4] [INFO] [1749830880.427827346] [publish_wind_direction]: Publishing: id68:W
1749830880.4309433 [publish_wind_direction-4] [INFO] [1749830880.430395179] [publish_wind_direction]: ------------------
1749830885.4701221 [service_neighbours_opinions-2] [INFO] [1749830885.469378880] [service_neighbours_opinions]: All opinions size= 13
1749830885.4757524 [publish_wind_direction-4] [INFO] [1749830885.475047102] [publish_wind_direction]: ### Informed ###
1749830885.4795117 [publish_wind_direction-4] [INFO] [1749830885.478924250] [publish_wind_direction]: Publishing: id68:W
1749830885.4829800 [publish_wind_direction-4] [INFO] [1749830885.481982028] [publish_wind_direction]: ------------------
1749830890.5046945 [service_neighbours_opinions-2] [INFO] [1749830890.503909080] [service_neighbours_opinions]: All opinions size= 13
1749830890.5090022 [publish_wind_direction-4] [INFO] [1749830890.508311025] [publish_wind_direction]: ### Informed ###
1749830890.5124114 [publish_wind_direction-4] [INFO] [1749830890.511866617] [publish_wind_direction]: Publishing: id68:W
1749830890.5149724 [publish_wind_direction-4] [INFO] [1749830890.514415488] [publish_wind_direction]: ------------------
1749830890.5472460 [service_vicon_node-1] [INFO] [1749830890.546545358] [service_vicon_node]: Frame_no: 174679
1749830895.5191636 [service_neighbours_opinions-2] [INFO] [1749830895.518442411] [service_neighbours_opinions]: All opinions size= 13
1749830895.5247016 [publish_wind_direction-4] [INFO] [1749830895.524112077] [publish_wind_direction]: ### Informed ###
1749830895.5299883 [publish_wind_direction-4] [INFO] [1749830895.529362633] [publish_wind_direction]: Publishing: id68:N
1749830895.5338991 [publish_wind_direction-4] [INFO] [1749830895.533247022] [publish_wind_direction]: ------------------
1749830900.4389796 [service_neighbours_opinions-2] [INFO] [1749830900.437999315] [service_neighbours_opinions]: All opinions size= 13
1749830900.4461799 [publish_wind_direction-4] [INFO] [1749830900.445063500] [publish_wind_direction]: ### Informed ###
1749830900.4501536 [publish_wind_direction-4] [INFO] [1749830900.449239463] [publish_wind_direction]: Publishing: id68:W
1749830900.4529705 [publish_wind_direction-4] [INFO] [1749830900.452070426] [publish_wind_direction]: ------------------
1749830900.7163529 [service_vicon_node-1] [INFO] [1749830900.715631704] [service_vicon_node]: Frame_no: 174984
1749830905.4100101 [service_neighbours_opinions-2] [INFO] [1749830905.409198590] [service_neighbours_opinions]: All opinions size= 13
1749830905.4409206 [publish_wind_direction-4] [INFO] [1749830905.413804609] [publish_wind_direction]: ### Informed ###
1749830905.4441454 [publish_wind_direction-4] [INFO] [1749830905.443480720] [publish_wind_direction]: Publishing: id68:N
1749830905.4479342 [publish_wind_direction-4] [INFO] [1749830905.446559535] [publish_wind_direction]: ------------------
1749830910.3620157 [service_neighbours_opinions-2] [INFO] [1749830910.360760235] [service_neighbours_opinions]: All opinions size= 13
1749830910.3664124 [publish_wind_direction-4] [INFO] [1749830910.365445772] [publish_wind_direction]: ### Informed ###
1749830910.3698506 [publish_wind_direction-4] [INFO] [1749830910.369044569] [publish_wind_direction]: Publishing: id68:N
1749830910.3723989 [publish_wind_direction-4] [INFO] [1749830910.371799957] [publish_wind_direction]: ------------------
1749830910.9116287 [service_vicon_node-1] [INFO] [1749830910.910891346] [service_vicon_node]: Frame_no: 175290
1749830915.3702266 [service_neighbours_opinions-2] [INFO] [1749830915.368841695] [service_neighbours_opinions]: All opinions size= 13
1749830915.3739181 [publish_wind_direction-4] [INFO] [1749830915.373167862] [publish_wind_direction]: ### Informed ###
1749830915.3773897 [publish_wind_direction-4] [INFO] [1749830915.376828380] [publish_wind_direction]: Publishing: id68:N
1749830915.3802919 [publish_wind_direction-4] [INFO] [1749830915.379712529] [publish_wind_direction]: ------------------
1749830920.4355323 [service_neighbours_opinions-2] [INFO] [1749830920.434854100] [service_neighbours_opinions]: All opinions size= 13
1749830920.4406769 [publish_wind_direction-4] [INFO] [1749830920.439965859] [publish_wind_direction]: ### Informed ###
1749830920.4445138 [publish_wind_direction-4] [INFO] [1749830920.443919007] [publish_wind_direction]: Publishing: id68:N
1749830920.4473040 [publish_wind_direction-4] [INFO] [1749830920.446743618] [publish_wind_direction]: ------------------
1749830921.0762806 [service_vicon_node-1] [INFO] [1749830921.075558433] [service_vicon_node]: Frame_no: 175595
1749830925.4179988 [service_neighbours_opinions-2] [INFO] [1749830925.417262837] [service_neighbours_opinions]: All opinions size= 13
1749830925.4224195 [publish_wind_direction-4] [INFO] [1749830925.421797097] [publish_wind_direction]: ### Informed ###
1749830925.4258823 [publish_wind_direction-4] [INFO] [1749830925.425296615] [publish_wind_direction]: Publishing: id68:N
1749830925.4285171 [publish_wind_direction-4] [INFO] [1749830925.427973986] [publish_wind_direction]: ------------------
1749830930.4618158 [service_neighbours_opinions-2] [INFO] [1749830930.460766297] [service_neighbours_opinions]: All opinions size= 13
1749830930.4658794 [publish_wind_direction-4] [INFO] [1749830930.465028649] [publish_wind_direction]: ### Informed ###
1749830930.4696379 [publish_wind_direction-4] [INFO] [1749830930.468821946] [publish_wind_direction]: Publishing: id68:N
1749830930.4725158 [publish_wind_direction-4] [INFO] [1749830930.471723390] [publish_wind_direction]: ------------------
1749830931.2541363 [service_vicon_node-1] [INFO] [1749830931.253164834] [service_vicon_node]: Frame_no: 175900
1749830935.5051930 [service_neighbours_opinions-2] [INFO] [1749830935.504208313] [service_neighbours_opinions]: All opinions size= 13
1749830935.5091646 [publish_wind_direction-4] [INFO] [1749830935.508294146] [publish_wind_direction]: ### Informed ###
1749830935.5124979 [publish_wind_direction-4] [INFO] [1749830935.511736109] [publish_wind_direction]: Publishing: id68:W
1749830935.5151374 [publish_wind_direction-4] [INFO] [1749830935.514368035] [publish_wind_direction]: ------------------
1749830940.3877199 [service_neighbours_opinions-2] [INFO] [1749830940.387055884] [service_neighbours_opinions]: All opinions size= 13
1749830940.3919227 [publish_wind_direction-4] [INFO] [1749830940.391298995] [publish_wind_direction]: ### Informed ###
1749830940.3955438 [publish_wind_direction-4] [INFO] [1749830940.395004403] [publish_wind_direction]: Publishing: id68:W
1749830940.3982484 [publish_wind_direction-4] [INFO] [1749830940.397657736] [publish_wind_direction]: ------------------
1749830941.4435899 [service_vicon_node-1] [INFO] [1749830941.442877606] [service_vicon_node]: Frame_no: 176206
1749830945.4090748 [service_neighbours_opinions-2] [INFO] [1749830945.408342048] [service_neighbours_opinions]: All opinions size= 13
1749830945.4146476 [publish_wind_direction-4] [INFO] [1749830945.414087585] [publish_wind_direction]: ### Informed ###
1749830945.4201777 [publish_wind_direction-4] [INFO] [1749830945.419598714] [publish_wind_direction]: Publishing: id68:N
1749830945.4240267 [publish_wind_direction-4] [INFO] [1749830945.423448622] [publish_wind_direction]: ------------------
1749830950.3951664 [service_neighbours_opinions-2] [INFO] [1749830950.394460137] [service_neighbours_opinions]: All opinions size= 13
1749830950.4003460 [publish_wind_direction-4] [INFO] [1749830950.399631785] [publish_wind_direction]: ### Informed ###
1749830950.4040577 [publish_wind_direction-4] [INFO] [1749830950.403454841] [publish_wind_direction]: Publishing: id68:N
1749830950.4067934 [publish_wind_direction-4] [INFO] [1749830950.406236971] [publish_wind_direction]: ------------------
1749830951.5480411 [service_vicon_node-1] [INFO] [1749830951.547269266] [service_vicon_node]: Frame_no: 176509
1749830955.4618065 [service_neighbours_opinions-2] [INFO] [1749830955.460866190] [service_neighbours_opinions]: All opinions size= 13
1749830955.4655817 [publish_wind_direction-4] [INFO] [1749830955.464771134] [publish_wind_direction]: ### Informed ###
1749830955.4687860 [publish_wind_direction-4] [INFO] [1749830955.468235838] [publish_wind_direction]: Publishing: id68:W
1749830955.4715292 [publish_wind_direction-4] [INFO] [1749830955.470861486] [publish_wind_direction]: ------------------
1749830960.3641772 [service_neighbours_opinions-2] [INFO] [1749830960.363489131] [service_neighbours_opinions]: All opinions size= 13
1749830960.3683228 [publish_wind_direction-4] [INFO] [1749830960.367722446] [publish_wind_direction]: ### Informed ###
1749830960.3961449 [publish_wind_direction-4] [INFO] [1749830960.371437428] [publish_wind_direction]: Publishing: id68:W
1749830960.3967311 [publish_wind_direction-4] [INFO] [1749830960.374480391] [publish_wind_direction]: ------------------
1749830961.6833541 [service_vicon_node-1] [INFO] [1749830961.682648890] [service_vicon_node]: Frame_no: 176813
1749830965.7221293 [service_neighbours_opinions-2] [INFO] [1749830965.721372443] [service_neighbours_opinions]: All opinions size= 13
1749830965.7269387 [publish_wind_direction-4] [INFO] [1749830965.726321795] [publish_wind_direction]: ### Informed ###
1749830965.7302477 [publish_wind_direction-4] [INFO] [1749830965.729699258] [publish_wind_direction]: Publishing: id68:W
1749830965.7332261 [publish_wind_direction-4] [INFO] [1749830965.732538887] [publish_wind_direction]: ------------------
1749830970.8005538 [service_neighbours_opinions-2] [INFO] [1749830970.799832070] [service_neighbours_opinions]: All opinions size= 13
1749830970.8048079 [publish_wind_direction-4] [INFO] [1749830970.804158884] [publish_wind_direction]: ### Informed ###
1749830970.8082550 [publish_wind_direction-4] [INFO] [1749830970.807697829] [publish_wind_direction]: Publishing: id68:W
1749830970.8109136 [publish_wind_direction-4] [INFO] [1749830970.810360440] [publish_wind_direction]: ------------------
1749830971.8479586 [service_vicon_node-1] [INFO] [1749830971.846559532] [service_vicon_node]: Frame_no: 177118
1749830975.3839808 [service_neighbours_opinions-2] [INFO] [1749830975.383295863] [service_neighbours_opinions]: All opinions size= 13
1749830975.3888750 [publish_wind_direction-4] [INFO] [1749830975.388200604] [publish_wind_direction]: ### Informed ###
1749830975.3929005 [publish_wind_direction-4] [INFO] [1749830975.392290715] [publish_wind_direction]: Publishing: id68:W
1749830975.3961802 [publish_wind_direction-4] [INFO] [1749830975.395626511] [publish_wind_direction]: ------------------
1749830980.5815132 [service_neighbours_opinions-2] [INFO] [1749830980.580753619] [service_neighbours_opinions]: All opinions size= 13
1749830980.5855629 [publish_wind_direction-4] [INFO] [1749830980.584955175] [publish_wind_direction]: ### Informed ###
1749830980.5889144 [publish_wind_direction-4] [INFO] [1749830980.588375712] [publish_wind_direction]: Publishing: id68:N
1749830980.5914731 [publish_wind_direction-4] [INFO] [1749830980.590915897] [publish_wind_direction]: ------------------
1749830982.0392535 [service_vicon_node-1] [INFO] [1749830982.038537452] [service_vicon_node]: Frame_no: 177424
1749830985.4848845 [service_neighbours_opinions-2] [INFO] [1749830985.484210061] [service_neighbours_opinions]: All opinions size= 13
1749830985.4891069 [publish_wind_direction-4] [INFO] [1749830985.488471876] [publish_wind_direction]: ### Informed ###
1749830985.4924870 [publish_wind_direction-4] [INFO] [1749830985.491942987] [publish_wind_direction]: Publishing: id68:W
1749830985.4951365 [publish_wind_direction-4] [INFO] [1749830985.494570894] [publish_wind_direction]: ------------------
1749830990.4592083 [service_neighbours_opinions-2] [INFO] [1749830990.458439632] [service_neighbours_opinions]: All opinions size= 13
1749830990.4631810 [publish_wind_direction-4] [INFO] [1749830990.462554576] [publish_wind_direction]: ### Informed ###
1749830990.4664986 [publish_wind_direction-4] [INFO] [1749830990.465956299] [publish_wind_direction]: Publishing: id68:N
1749830990.4690771 [publish_wind_direction-4] [INFO] [1749830990.468521058] [publish_wind_direction]: ------------------
1749830992.2194064 [service_vicon_node-1] [INFO] [1749830992.218506520] [service_vicon_node]: Frame_no: 177729
1749830995.4636295 [service_neighbours_opinions-2] [INFO] [1749830995.462646481] [service_neighbours_opinions]: All opinions size= 13
1749830995.4683020 [publish_wind_direction-4] [INFO] [1749830995.467388185] [publish_wind_direction]: ### Informed ###
1749830995.4721749 [publish_wind_direction-4] [INFO] [1749830995.471390610] [publish_wind_direction]: Publishing: id68:W
1749830995.4754148 [publish_wind_direction-4] [INFO] [1749830995.474484703] [publish_wind_direction]: ------------------
1749831000.4414945 [service_neighbours_opinions-2] [INFO] [1749831000.440190237] [service_neighbours_opinions]: All opinions size= 13
1749831000.4456675 [publish_wind_direction-4] [INFO] [1749831000.444855089] [publish_wind_direction]: ### Informed ###
1749831000.4503500 [publish_wind_direction-4] [INFO] [1749831000.449726330] [publish_wind_direction]: Publishing: id68:E
1749831000.4540148 [publish_wind_direction-4] [INFO] [1749831000.452970996] [publish_wind_direction]: ------------------
1749831002.4092569 [service_vicon_node-1] [INFO] [1749831002.408497310] [service_vicon_node]: Frame_no: 178035
1749831005.4109762 [service_neighbours_opinions-2] [INFO] [1749831005.410279660] [service_neighbours_opinions]: All opinions size= 13
1749831005.4155228 [publish_wind_direction-4] [INFO] [1749831005.414828456] [publish_wind_direction]: ### Informed ###
1749831005.4194703 [publish_wind_direction-4] [INFO] [1749831005.418824697] [publish_wind_direction]: Publishing: id68:E
1749831005.4229057 [publish_wind_direction-4] [INFO] [1749831005.422016382] [publish_wind_direction]: ------------------
1749831010.6909564 [service_neighbours_opinions-2] [INFO] [1749831010.690232064] [service_neighbours_opinions]: All opinions size= 13
1749831010.6951487 [publish_wind_direction-4] [INFO] [1749831010.694557342] [publish_wind_direction]: ### Informed ###
1749831010.6989865 [publish_wind_direction-4] [INFO] [1749831010.698383861] [publish_wind_direction]: Publishing: id68:N
1749831010.7019973 [publish_wind_direction-4] [INFO] [1749831010.701194379] [publish_wind_direction]: ------------------
1749831012.5496423 [service_vicon_node-1] [INFO] [1749831012.548873360] [service_vicon_node]: Frame_no: 178339
1749831015.7380850 [service_neighbours_opinions-2] [INFO] [1749831015.737334080] [service_neighbours_opinions]: All opinions size= 13
1749831015.7430022 [publish_wind_direction-4] [INFO] [1749831015.742381487] [publish_wind_direction]: ### Informed ###
1749831015.7486596 [publish_wind_direction-4] [INFO] [1749831015.748047802] [publish_wind_direction]: Publishing: id68:S
1749831015.7524874 [publish_wind_direction-4] [INFO] [1749831015.751940358] [publish_wind_direction]: ------------------
1749831020.7675548 [service_neighbours_opinions-2] [INFO] [1749831020.766853262] [service_neighbours_opinions]: All opinions size= 13
1749831020.7719114 [publish_wind_direction-4] [INFO] [1749831020.771242058] [publish_wind_direction]: ### Informed ###
1749831020.7756889 [publish_wind_direction-4] [INFO] [1749831020.775107058] [publish_wind_direction]: Publishing: id68:N
1749831020.7790728 [publish_wind_direction-4] [INFO] [1749831020.778381762] [publish_wind_direction]: ------------------
1749831022.7742610 [service_vicon_node-1] [INFO] [1749831022.773405465] [service_vicon_node]: Frame_no: 178646
1749831025.4211409 [service_neighbours_opinions-2] [INFO] [1749831025.420458778] [service_neighbours_opinions]: All opinions size= 13
1749831025.4270074 [publish_wind_direction-4] [INFO] [1749831025.426438630] [publish_wind_direction]: ### Informed ###
1749831025.4327188 [publish_wind_direction-4] [INFO] [1749831025.432081519] [publish_wind_direction]: Publishing: id68:W
1749831025.4367771 [publish_wind_direction-4] [INFO] [1749831025.436186241] [publish_wind_direction]: ------------------
1749831030.4308512 [service_neighbours_opinions-2] [INFO] [1749831030.430147904] [service_neighbours_opinions]: All opinions size= 13
1749831030.4353571 [publish_wind_direction-4] [INFO] [1749831030.434759960] [publish_wind_direction]: ### Informed ###
1749831030.4388771 [publish_wind_direction-4] [INFO] [1749831030.438314867] [publish_wind_direction]: Publishing: id68:W
1749831030.4415345 [publish_wind_direction-4] [INFO] [1749831030.440983886] [publish_wind_direction]: ------------------
1749831032.9775436 [service_vicon_node-1] [INFO] [1749831032.976754125] [service_vicon_node]: Frame_no: 178952
1749831035.4139318 [service_neighbours_opinions-2] [INFO] [1749831035.413176401] [service_neighbours_opinions]: All opinions size= 13
1749831035.4182606 [publish_wind_direction-4] [INFO] [1749831035.417341087] [publish_wind_direction]: ### Informed ###
1749831035.4219134 [publish_wind_direction-4] [INFO] [1749831035.421059568] [publish_wind_direction]: Publishing: id68:N
1749831035.4250395 [publish_wind_direction-4] [INFO] [1749831035.423896735] [publish_wind_direction]: ------------------
1749831040.4440632 [service_neighbours_opinions-2] [INFO] [1749831040.443405269] [service_neighbours_opinions]: All opinions size= 13
1749831040.4493773 [publish_wind_direction-4] [INFO] [1749831040.448495398] [publish_wind_direction]: ### Informed ###
1749831040.4526405 [publish_wind_direction-4] [INFO] [1749831040.451918676] [publish_wind_direction]: Publishing: id68:N
1749831040.4553154 [publish_wind_direction-4] [INFO] [1749831040.454547676] [publish_wind_direction]: ------------------
1749831043.1453719 [service_vicon_node-1] [INFO] [1749831043.144613804] [service_vicon_node]: Frame_no: 179257
1749831045.4316962 [service_neighbours_opinions-2] [INFO] [1749831045.431010914] [service_neighbours_opinions]: All opinions size= 13
1749831045.4361632 [publish_wind_direction-4] [INFO] [1749831045.435303729] [publish_wind_direction]: ### Informed ###
1749831045.4395320 [publish_wind_direction-4] [INFO] [1749831045.438809210] [publish_wind_direction]: Publishing: id68:W
1749831045.4422917 [publish_wind_direction-4] [INFO] [1749831045.441471284] [publish_wind_direction]: ------------------
1749831050.4232194 [service_neighbours_opinions-2] [INFO] [1749831050.422579504] [service_neighbours_opinions]: All opinions size= 13
1749831050.4280798 [publish_wind_direction-4] [INFO] [1749831050.427384522] [publish_wind_direction]: ### Informed ###
1749831050.4318819 [publish_wind_direction-4] [INFO] [1749831050.431296522] [publish_wind_direction]: Publishing: id68:N
1749831050.4347703 [publish_wind_direction-4] [INFO] [1749831050.434175041] [publish_wind_direction]: ------------------
1749831053.3814714 [service_vicon_node-1] [INFO] [1749831053.380413020] [service_vicon_node]: Frame_no: 179564
1749831055.3590527 [service_neighbours_opinions-2] [INFO] [1749831055.358361853] [service_neighbours_opinions]: All opinions size= 13
1749831055.3633091 [publish_wind_direction-4] [INFO] [1749831055.362712612] [publish_wind_direction]: ### Informed ###
1749831055.3670604 [publish_wind_direction-4] [INFO] [1749831055.366251223] [publish_wind_direction]: Publishing: id68:N
1749831055.3698206 [publish_wind_direction-4] [INFO] [1749831055.369013741] [publish_wind_direction]: ------------------
1749831060.4974895 [service_neighbours_opinions-2] [INFO] [1749831060.496792312] [service_neighbours_opinions]: All opinions size= 13
1749831060.5023141 [publish_wind_direction-4] [INFO] [1749831060.501442757] [publish_wind_direction]: ### Informed ###
1749831060.5088527 [publish_wind_direction-4] [INFO] [1749831060.508229257] [publish_wind_direction]: Publishing: id68:E
1749831060.5115182 [publish_wind_direction-4] [INFO] [1749831060.510966775] [publish_wind_direction]: ------------------
1749831063.5800097 [service_vicon_node-1] [INFO] [1749831063.578896403] [service_vicon_node]: Frame_no: 179870
1749831065.4059625 [service_neighbours_opinions-2] [INFO] [1749831065.404990198] [service_neighbours_opinions]: All opinions size= 13
1749831065.4426794 [publish_wind_direction-4] [INFO] [1749831065.409591069] [publish_wind_direction]: ### Informed ###
1749831065.4463639 [publish_wind_direction-4] [INFO] [1749831065.445178235] [publish_wind_direction]: Publishing: id68:W
1749831065.4494534 [publish_wind_direction-4] [INFO] [1749831065.448249865] [publish_wind_direction]: ------------------
1749831070.4233751 [service_neighbours_opinions-2] [INFO] [1749831070.422638640] [service_neighbours_opinions]: All opinions size= 13
1749831070.4282739 [publish_wind_direction-4] [INFO] [1749831070.427582936] [publish_wind_direction]: ### Informed ###
1749831070.4322264 [publish_wind_direction-4] [INFO] [1749831070.431599566] [publish_wind_direction]: Publishing: id68:E
1749831070.4352336 [publish_wind_direction-4] [INFO] [1749831070.434500881] [publish_wind_direction]: ------------------
1749831073.7057045 [service_vicon_node-1] [INFO] [1749831073.704984082] [service_vicon_node]: Frame_no: 180174
1749831079.7305999 [service_neighbours_opinions-2] [INFO] [1749831079.729868486] [service_neighbours_opinions]: All opinions size= 13
1749831082.0626502 [service_neighbours_opinions-2] [INFO] [1749831082.061781207] [service_neighbours_opinions]: All opinions size= 13
1749831082.0646312 [publish_wind_direction-4] [INFO] [1749831082.061908503] [publish_wind_direction]: ### Informed ###
1749831082.0665183 [publish_wind_direction-4] [INFO] [1749831082.065978837] [publish_wind_direction]: Publishing: id68:N
1749831082.0690081 [publish_wind_direction-4] [INFO] [1749831082.068479244] [publish_wind_direction]: ------------------
1749831082.0732069 [publish_wind_direction-4] [INFO] [1749831082.072310726] [publish_wind_direction]: ### Informed ###
1749831082.0768220 [publish_wind_direction-4] [INFO] [1749831082.076251392] [publish_wind_direction]: Publishing: id68:N
1749831082.0793610 [publish_wind_direction-4] [INFO] [1749831082.078818485] [publish_wind_direction]: ------------------
1749831083.8489478 [service_vicon_node-1] [INFO] [1749831083.848156206] [service_vicon_node]: Frame_no: 180478
1749831085.9307399 [service_neighbours_opinions-2] [INFO] [1749831085.930011520] [service_neighbours_opinions]: All opinions size= 13
1749831085.9351165 [publish_wind_direction-4] [INFO] [1749831085.934493594] [publish_wind_direction]: ### Informed ###
1749831085.9385242 [publish_wind_direction-4] [INFO] [1749831085.937904797] [publish_wind_direction]: Publishing: id68:S
1749831085.9413590 [publish_wind_direction-4] [INFO] [1749831085.940765853] [publish_wind_direction]: ------------------
1749831090.3919792 [service_neighbours_opinions-2] [INFO] [1749831090.391258276] [service_neighbours_opinions]: All opinions size= 13
1749831090.3990912 [publish_wind_direction-4] [INFO] [1749831090.398464387] [publish_wind_direction]: ### Informed ###
1749831090.4043801 [publish_wind_direction-4] [INFO] [1749831090.403712072] [publish_wind_direction]: Publishing: id68:S
1749831090.4083960 [publish_wind_direction-4] [INFO] [1749831090.407847887] [publish_wind_direction]: ------------------
1749831094.0471857 [service_vicon_node-1] [INFO] [1749831094.046372052] [service_vicon_node]: Frame_no: 180784
1749831095.3585937 [service_neighbours_opinions-2] [INFO] [1749831095.357872699] [service_neighbours_opinions]: All opinions size= 13
1749831095.3625653 [publish_wind_direction-4] [INFO] [1749831095.361963625] [publish_wind_direction]: ### Informed ###
1749831095.3658838 [publish_wind_direction-4] [INFO] [1749831095.365304903] [publish_wind_direction]: Publishing: id68:S
1749831095.3684146 [publish_wind_direction-4] [INFO] [1749831095.367864847] [publish_wind_direction]: ------------------
1749831100.3619933 [service_neighbours_opinions-2] [INFO] [1749831100.361210307] [service_neighbours_opinions]: All opinions size= 13
1749831100.3661060 [publish_wind_direction-4] [INFO] [1749831100.365475418] [publish_wind_direction]: ### Informed ###
1749831100.3697100 [publish_wind_direction-4] [INFO] [1749831100.369114178] [publish_wind_direction]: Publishing: id68:E
1749831100.3724046 [publish_wind_direction-4] [INFO] [1749831100.371845548] [publish_wind_direction]: ------------------
1749831104.3085592 [service_vicon_node-1] [INFO] [1749831104.307751212] [service_vicon_node]: Frame_no: 181092
1749831105.4573658 [service_neighbours_opinions-2] [INFO] [1749831105.456673082] [service_neighbours_opinions]: All opinions size= 13
1749831105.4612901 [publish_wind_direction-4] [INFO] [1749831105.460702582] [publish_wind_direction]: ### Informed ###
1749831105.4660337 [publish_wind_direction-4] [INFO] [1749831105.465378804] [publish_wind_direction]: Publishing: id68:E
1749831105.4688420 [publish_wind_direction-4] [INFO] [1749831105.468267526] [publish_wind_direction]: ------------------
1749831114.5157940 [service_vicon_node-1] [INFO] [1749831114.515065391] [service_vicon_node]: Frame_no: 181398
1749831124.6817431 [service_vicon_node-1] [INFO] [1749831124.680885774] [service_vicon_node]: Frame_no: 181703
1749831134.8526328 [service_vicon_node-1] [INFO] [1749831134.851907157] [service_vicon_node]: Frame_no: 182008
1749831145.0445397 [service_vicon_node-1] [INFO] [1749831145.043842892] [service_vicon_node]: Frame_no: 182314
1749831155.2489684 [service_vicon_node-1] [INFO] [1749831155.248234737] [service_vicon_node]: Frame_no: 182620
1749831165.4453025 [service_vicon_node-1] [INFO] [1749831165.444570861] [service_vicon_node]: Frame_no: 182926
1749831175.6755469 [service_vicon_node-1] [INFO] [1749831175.674684429] [service_vicon_node]: Frame_no: 183233
1749831185.8842328 [service_vicon_node-1] [INFO] [1749831185.883530756] [service_vicon_node]: Frame_no: 183539
1749831196.0817244 [service_vicon_node-1] [INFO] [1749831196.080679121] [service_vicon_node]: Frame_no: 183845
1749831206.2812769 [service_vicon_node-1] [INFO] [1749831206.280232726] [service_vicon_node]: Frame_no: 184151
1749831216.5429339 [service_vicon_node-1] [INFO] [1749831216.542213201] [service_vicon_node]: Frame_no: 184459
1749831226.7765009 [service_vicon_node-1] [INFO] [1749831226.775773102] [service_vicon_node]: Frame_no: 184766
1749831237.0083756 [service_vicon_node-1] [INFO] [1749831237.007612485] [service_vicon_node]: Frame_no: 185073
1749831247.1472747 [service_vicon_node-1] [INFO] [1749831247.146565238] [service_vicon_node]: Frame_no: 185377
1749831257.3458486 [service_vicon_node-1] [INFO] [1749831257.345085714] [service_vicon_node]: Frame_no: 185683
1749831267.6806736 [service_vicon_node-1] [INFO] [1749831267.679973485] [service_vicon_node]: Frame_no: 185993
1749831277.8076372 [service_vicon_node-1] [INFO] [1749831277.806812590] [service_vicon_node]: Frame_no: 186297
1749831288.0783780 [service_vicon_node-1] [INFO] [1749831288.077659436] [service_vicon_node]: Frame_no: 186605
1749831298.2471435 [service_vicon_node-1] [INFO] [1749831298.246434893] [service_vicon_node]: Frame_no: 186910
1749831308.4446852 [service_vicon_node-1] [INFO] [1749831308.443981924] [service_vicon_node]: Frame_no: 187216
1749831318.5786602 [service_vicon_node-1] [INFO] [1749831318.577954881] [service_vicon_node]: Frame_no: 187520
1749831328.7450051 [service_vicon_node-1] [INFO] [1749831328.744298967] [service_vicon_node]: Frame_no: 187825
1749831338.9804618 [service_vicon_node-1] [INFO] [1749831338.979753461] [service_vicon_node]: Frame_no: 188132
1749831349.1828210 [service_vicon_node-1] [INFO] [1749831349.181906622] [service_vicon_node]: Frame_no: 188438
1749831359.3131065 [service_vicon_node-1] [INFO] [1749831359.312399023] [service_vicon_node]: Frame_no: 188742
1749831369.5465643 [service_vicon_node-1] [INFO] [1749831369.545859628] [service_vicon_node]: Frame_no: 189049
1749831379.7426927 [service_vicon_node-1] [INFO] [1749831379.741974715] [service_vicon_node]: Frame_no: 189355
1749831389.8847179 [service_vicon_node-1] [INFO] [1749831389.883992227] [service_vicon_node]: Frame_no: 189659
1749831400.1230369 [service_vicon_node-1] [INFO] [1749831400.122204203] [service_vicon_node]: Frame_no: 189966
1749831410.2807722 [service_vicon_node-1] [INFO] [1749831410.280044048] [service_vicon_node]: Frame_no: 190271
1749831420.4524155 [service_vicon_node-1] [INFO] [1749831420.451714690] [service_vicon_node]: Frame_no: 190576
1749831430.6819594 [service_vicon_node-1] [INFO] [1749831430.681196740] [service_vicon_node]: Frame_no: 190883
1749831440.8172057 [service_vicon_node-1] [INFO] [1749831440.816483623] [service_vicon_node]: Frame_no: 191187
1749831451.0156283 [service_vicon_node-1] [INFO] [1749831451.014612413] [service_vicon_node]: Frame_no: 191493
1749831461.1873610 [service_vicon_node-1] [INFO] [1749831461.186517148] [service_vicon_node]: Frame_no: 191798
1749831471.4129651 [service_vicon_node-1] [INFO] [1749831471.412167605] [service_vicon_node]: Frame_no: 192105
1749831481.6442962 [service_vicon_node-1] [INFO] [1749831481.643604858] [service_vicon_node]: Frame_no: 192412
1749831491.8181341 [service_vicon_node-1] [INFO] [1749831491.817274148] [service_vicon_node]: Frame_no: 192717
1749831502.0316837 [service_vicon_node-1] [INFO] [1749831502.030970401] [service_vicon_node]: Frame_no: 193023
1749831512.2502694 [service_vicon_node-1] [INFO] [1749831512.249554265] [service_vicon_node]: Frame_no: 193330
1749831522.3813858 [service_vicon_node-1] [INFO] [1749831522.380660352] [service_vicon_node]: Frame_no: 193634
1749831532.5832145 [service_vicon_node-1] [INFO] [1749831532.582450272] [service_vicon_node]: Frame_no: 193940
1749831542.7484071 [service_vicon_node-1] [INFO] [1749831542.747681025] [service_vicon_node]: Frame_no: 194245
1749831552.8826885 [service_vicon_node-1] [INFO] [1749831552.881959278] [service_vicon_node]: Frame_no: 194549
1749831563.0466313 [service_vicon_node-1] [INFO] [1749831563.045801883] [service_vicon_node]: Frame_no: 194854
1749831573.2615416 [service_vicon_node-1] [INFO] [1749831573.260769470] [service_vicon_node]: Frame_no: 195160
1749831583.4258542 [service_vicon_node-1] [INFO] [1749831583.425044297] [service_vicon_node]: Frame_no: 195465
1749831593.6168315 [service_vicon_node-1] [INFO] [1749831593.616068958] [service_vicon_node]: Frame_no: 195771
1749831603.7659333 [service_vicon_node-1] [INFO] [1749831603.765193303] [service_vicon_node]: Frame_no: 196075
1749831613.8851104 [service_vicon_node-1] [INFO] [1749831613.884359186] [service_vicon_node]: Frame_no: 196379
1749831624.0517826 [service_vicon_node-1] [INFO] [1749831624.051044995] [service_vicon_node]: Frame_no: 196684
1749831634.2497735 [service_vicon_node-1] [INFO] [1749831634.248967952] [service_vicon_node]: Frame_no: 196990
1749831644.5200720 [service_vicon_node-1] [INFO] [1749831644.519310557] [service_vicon_node]: Frame_no: 197298
1749831654.7299883 [service_vicon_node-1] [INFO] [1749831654.728922440] [service_vicon_node]: Frame_no: 197604
1749831664.8469410 [service_vicon_node-1] [INFO] [1749831664.846212323] [service_vicon_node]: Frame_no: 197908
1749831674.9844220 [service_vicon_node-1] [INFO] [1749831674.983515520] [service_vicon_node]: Frame_no: 198212
1749831685.1528225 [service_vicon_node-1] [INFO] [1749831685.151826699] [service_vicon_node]: Frame_no: 198517
1749831695.3845003 [service_vicon_node-1] [INFO] [1749831695.383685916] [service_vicon_node]: Frame_no: 198824
1749831705.5209084 [service_vicon_node-1] [INFO] [1749831705.520194872] [service_vicon_node]: Frame_no: 199128
1749831715.6800134 [service_vicon_node-1] [INFO] [1749831715.679137274] [service_vicon_node]: Frame_no: 199433
1749831725.9210482 [service_vicon_node-1] [INFO] [1749831725.920171008] [service_vicon_node]: Frame_no: 199740
1749831736.0340769 [service_vicon_node-1] [INFO] [1749831736.033326891] [service_vicon_node]: Frame_no: 200043
1749831746.2047062 [service_vicon_node-1] [INFO] [1749831746.203925089] [service_vicon_node]: Frame_no: 200348
1749831756.3510046 [service_vicon_node-1] [INFO] [1749831756.350259972] [service_vicon_node]: Frame_no: 200653
1749831766.5488966 [service_vicon_node-1] [INFO] [1749831766.547937336] [service_vicon_node]: Frame_no: 200959
1749831776.7804513 [service_vicon_node-1] [INFO] [1749831776.779727848] [service_vicon_node]: Frame_no: 201266
1749831787.0235825 [service_vicon_node-1] [INFO] [1749831787.022776509] [service_vicon_node]: Frame_no: 201573
1749831797.2048044 [service_vicon_node-1] [INFO] [1749831797.203916207] [service_vicon_node]: Frame_no: 201878
1749831807.4164333 [service_vicon_node-1] [INFO] [1749831807.415704997] [service_vicon_node]: Frame_no: 202185
1749831817.6844006 [service_vicon_node-1] [INFO] [1749831817.683705843] [service_vicon_node]: Frame_no: 202493
1749831827.8197911 [service_vicon_node-1] [INFO] [1749831827.818983485] [service_vicon_node]: Frame_no: 202797
1749831838.0234954 [service_vicon_node-1] [INFO] [1749831838.022816849] [service_vicon_node]: Frame_no: 203103
1749831848.1838760 [service_vicon_node-1] [INFO] [1749831848.182390991] [service_vicon_node]: Frame_no: 203408
1749831858.3534782 [service_vicon_node-1] [INFO] [1749831858.352766744] [service_vicon_node]: Frame_no: 203713
1749831868.5178428 [service_vicon_node-1] [INFO] [1749831868.517081998] [service_vicon_node]: Frame_no: 204018
1749831878.7289367 [service_vicon_node-1] [INFO] [1749831878.728133417] [service_vicon_node]: Frame_no: 204324
1749831888.9254005 [service_vicon_node-1] [INFO] [1749831888.924582930] [service_vicon_node]: Frame_no: 204630
1749831892.7734709 [service_neighbours_opinions-2] [INFO] [1749831892.772791113] [service_neighbours_opinions]: Raising exception at 16:24:52
1749831892.9038858 [service_neighbours_opinions-2] Traceback (most recent call last):
1749831892.9046946 [service_neighbours_opinions-2]   File "/home/thymio/ros2_ws/install/wind_direction_detector/lib/python3.10/site-packages/wind_direction_detector/neighbours_opinion_node.py", line 114, in main
1749831892.9072838 [service_neighbours_opinions-2]     rclpy.spin(neighbours_node)
1749831892.9080000 [service_neighbours_opinions-2]   File "/opt/ros/humble/local/lib/python3.10/dist-packages/rclpy/__init__.py", line 226, in spin
1749831892.9088585 [service_neighbours_opinions-2]     executor.spin_once()
1749831892.9105122 [service_neighbours_opinions-2]   File "/opt/ros/humble/local/lib/python3.10/dist-packages/rclpy/executors.py", line 739, in spin_once
1749831892.9120908 [service_neighbours_opinions-2]     self._spin_once_impl(timeout_sec)
1749831892.9134455 [service_neighbours_opinions-2]   File "/opt/ros/humble/local/lib/python3.10/dist-packages/rclpy/executors.py", line 736, in _spin_once_impl
1749831892.9148452 [service_neighbours_opinions-2]     raise handler.exception()
1749831892.9163849 [service_neighbours_opinions-2]   File "/opt/ros/humble/local/lib/python3.10/dist-packages/rclpy/task.py", line 239, in __call__
1749831892.9178498 [service_neighbours_opinions-2]     self._handler.send(None)
1749831892.9192476 [service_neighbours_opinions-2]   File "/opt/ros/humble/local/lib/python3.10/dist-packages/rclpy/executors.py", line 437, in handler
1749831892.9234855 [service_neighbours_opinions-2]     await call_coroutine(entity, arg)
1749831892.9251518 [service_neighbours_opinions-2]   File "/opt/ros/humble/local/lib/python3.10/dist-packages/rclpy/executors.py", line 351, in _execute_timer
1749831892.9284446 [service_neighbours_opinions-2]     await await_or_execute(tmr.callback)
1749831892.9299135 [service_neighbours_opinions-2]   File "/opt/ros/humble/local/lib/python3.10/dist-packages/rclpy/executors.py", line 107, in await_or_execute
1749831892.9316027 [service_neighbours_opinions-2]     return callback(*args)
1749831892.9335313 [service_neighbours_opinions-2]   File "/home/thymio/ros2_ws/install/wind_direction_detector/lib/python3.10/site-packages/wind_direction_detector/neighbours_opinion_node.py", line 65, in stop_execution
1749831892.9371688 [service_neighbours_opinions-2]     raise Exception
1749831892.9388268 [service_neighbours_opinions-2] Exception
1749831892.9403236 [service_neighbours_opinions-2] 
1749831892.9419305 [service_neighbours_opinions-2] During handling of the above exception, another exception occurred:
1749831892.9436376 [service_neighbours_opinions-2] 
1749831892.9451082 [service_neighbours_opinions-2] Traceback (most recent call last):
1749831892.9465241 [service_neighbours_opinions-2]   File "/home/thymio/ros2_ws/install/wind_direction_detector/lib/wind_direction_detector/service_neighbours_opinions", line 33, in <module>
1749831892.9475760 [service_neighbours_opinions-2]     sys.exit(load_entry_point('wind-direction-detector==0.0.0', 'console_scripts', 'service_neighbours_opinions')())
1749831892.9486334 [service_neighbours_opinions-2]   File "/home/thymio/ros2_ws/install/wind_direction_detector/lib/python3.10/site-packages/wind_direction_detector/neighbours_opinion_node.py", line 120, in main
1749831892.9496760 [service_neighbours_opinions-2]     neighbours_node.get_logger().error(e)
1749831892.9507501 [service_neighbours_opinions-2]   File "/opt/ros/humble/local/lib/python3.10/dist-packages/rclpy/impl/rcutils_logger.py", line 345, in error
1749831892.9524250 [service_neighbours_opinions-2]     return self.log(message, LoggingSeverity.ERROR, **kwargs)
1749831892.9539719 [service_neighbours_opinions-2]   File "/opt/ros/humble/local/lib/python3.10/dist-packages/rclpy/impl/rcutils_logger.py", line 318, in log
1749831892.9556150 [service_neighbours_opinions-2]     _rclpy.rclpy_logging_rcutils_log(
1749831892.9572403 [service_neighbours_opinions-2] TypeError: rclpy_logging_rcutils_log(): incompatible function arguments. The following argument types are supported:
1749831892.9587479 [service_neighbours_opinions-2]     1. (arg0: int, arg1: str, arg2: str, arg3: str, arg4: str, arg5: int) -> None
1749831892.9602337 [service_neighbours_opinions-2] 
1749831892.9621489 [service_neighbours_opinions-2] Invoked with: <LoggingSeverity.ERROR: 40>, 'service_neighbours_opinions', Exception(), 'main', '/home/thymio/ros2_ws/install/wind_direction_detector/lib/python3.10/site-packages/wind_direction_detector/neighbours_opinion_node.py', 120
1749831893.0537598 [service_vicon_node-1] [INFO] [1749831893.052967705] [service_vicon_node]: Vicon node, runtime finished, raising exception
1749831893.0569661 [service_vicon_node-1] [INFO] [1749831893.056178168] [service_vicon_node]: Vicon Node Stopping, Times up
1749831895.5558083 [INFO] [service_vicon_node-1]: process has finished cleanly [pid 2176]
1749831904.4850214 [random_robot_move-3] [INFO] [1749831904.484368476] [random_robot_move]: robot move: excetion raised at 16:25:04
1749831904.4877710 [random_robot_move-3] [INFO] [1749831904.487200421] [random_robot_move]: Exception, shutting down
1749831904.5149584 [random_robot_move-3] Initializing Thymio Robot
1749831904.5153172 [random_robot_move-3] Thymio 49031 is connected
1749831904.5155101 [random_robot_move-3] ['_id', 'event.source', 'event.args', '_fwversion', '_productId', 'buttons._raw', 'button.backward', 'button.left', 'button.center', 'button.forward', 'button.right', 'buttons._mean', 'buttons._noise', 'prox.horizontal', 'prox.comm.rx._payloads', 'prox.comm.rx._intensities', 'prox.comm.rx', 'prox.comm.tx', 'prox.ground.ambiant', 'prox.ground.reflected', 'prox.ground.delta', 'motor.left.target', 'motor.right.target', '_vbat', '_imot', 'motor.left.speed', 'motor.right.speed', 'motor.left.pwm', 'motor.right.pwm', '_integrator', 'acc', 'leds.top', 'leds.bottom.left', 'leds.bottom.right', 'leds.circle', 'temperature', 'rc5.address', 'rc5.command', 'mic.intensity', 'mic.threshold', 'mic._mean', 'timer.period', 'acc._tap', 'sd.present']
1749831904.5156670 [random_robot_move-3] Robot connected
