[INFO] [launch]: All log files can be found below /home/thymio/.ros/log/2025-06-04-14-38-37-154313-thymio-819
[INFO] [launch]: Default logging verbosity is set to INFO
[INFO] [random_robot_move-1]: process started with pid [846]
[INFO] [publish_wind_direction-2]: process started with pid [848]
[publish_wind_direction-2] /usr/lib/python3/dist-packages/scipy/__init__.py:146: UserWarning: A NumPy version >=1.17.3 and <1.25.0 is required for this version of SciPy (detected version 1.26.4
[publish_wind_direction-2]   warnings.warn(f"A NumPy version >={np_minversion} and <{np_maxversion}"
[random_robot_move-1] [INFO] [1749047924.038583812] [random_robot_move]: Robot Control Node started.
[publish_wind_direction-2] [INFO] [1749047926.099124885] [publish_wind_direction]: Publishing: "id193:N"
[publish_wind_direction-2] [INFO] [1749047930.449561070] [publish_wind_direction]: ***Cam angle= -171.31007666621628, vico ang deg= 0.0 Ground Truth= 188.68992333378372
[publish_wind_direction-2] [INFO] [1749047930.451932719] [publish_wind_direction]: ***Corrected Wind Direction= S
[publish_wind_direction-2] [INFO] [1749047930.971390845] [publish_wind_direction]: Publishing: "id193:N"
[publish_wind_direction-2] [INFO] [1749047935.053724782] [publish_wind_direction]: ***Cam angle= 81.79790176320799, vico ang deg= 0.0 Ground Truth= 81.79790176320799
[publish_wind_direction-2] [INFO] [1749047935.055977026] [publish_wind_direction]: ***Corrected Wind Direction= W
[publish_wind_direction-2] [INFO] [1749047935.971328968] [publish_wind_direction]: Publishing: "id193:N"
[publish_wind_direction-2] [INFO] [1749047939.825865610] [publish_wind_direction]: ***Cam angle= -185.0800013004146, vico ang deg= 0.0 Ground Truth= 174.9199986995854
[publish_wind_direction-2] [INFO] [1749047939.829722016] [publish_wind_direction]: ***Corrected Wind Direction= S
[publish_wind_direction-2] [INFO] [1749047940.970864100] [publish_wind_direction]: Publishing: "id193:N"
[publish_wind_direction-2] [INFO] [1749047944.806129273] [publish_wind_direction]: ***Cam angle= -203.1882489592153, vico ang deg= 0.0 Ground Truth= 156.8117510407847
[publish_wind_direction-2] [INFO] [1749047944.808788583] [publish_wind_direction]: ***Corrected Wind Direction= S
[publish_wind_direction-2] [INFO] [1749047945.971312162] [publish_wind_direction]: Publishing: "id193:N"
[publish_wind_direction-2] [INFO] [1749047949.827827532] [publish_wind_direction]: ***Cam angle= -138.67638667328134, vico ang deg= 0.0 Ground Truth= 221.32361332671866
[publish_wind_direction-2] [INFO] [1749047949.831827609] [publish_wind_direction]: ***Corrected Wind Direction= S
[publish_wind_direction-2] [INFO] [1749047950.971552834] [publish_wind_direction]: Publishing: "id193:N"
[publish_wind_direction-2] [INFO] [1749047954.764415923] [publish_wind_direction]: ***Cam angle= -206.81512101988534, vico ang deg= 0.0 Ground Truth= 153.18487898011466
[publish_wind_direction-2] [INFO] [1749047954.767239520] [publish_wind_direction]: ***Corrected Wind Direction= S
[publish_wind_direction-2] [INFO] [1749047955.971243829] [publish_wind_direction]: Publishing: "id193:N"
[publish_wind_direction-2] [INFO] [1749047960.158337065] [publish_wind_direction]: ***Cam angle= 4.107242485334311, vico ang deg= 0.0 Ground Truth= 4.107242485334311
[publish_wind_direction-2] [INFO] [1749047960.161883261] [publish_wind_direction]: ***Corrected Wind Direction= N
[publish_wind_direction-2] [INFO] [1749047960.970986940] [publish_wind_direction]: Publishing: "id193:N"
[publish_wind_direction-2] [INFO] [1749047964.685589614] [publish_wind_direction]: ***Cam angle= -999.0, vico ang deg= 0.0 Ground Truth= 81.0
[publish_wind_direction-2] [INFO] [1749047964.688014728] [publish_wind_direction]: ***Corrected Wind Direction= W
[publish_wind_direction-2] [INFO] [1749047965.971229503] [publish_wind_direction]: Publishing: "id193:N"
[publish_wind_direction-2] [INFO] [1749047969.745902334] [publish_wind_direction]: ***Cam angle= 78.53683828877021, vico ang deg= 0.0 Ground Truth= 78.53683828877021
[publish_wind_direction-2] [INFO] [1749047969.749488592] [publish_wind_direction]: ***Corrected Wind Direction= W
[publish_wind_direction-2] [INFO] [1749047970.971154037] [publish_wind_direction]: Publishing: "id193:N"
[publish_wind_direction-2] [INFO] [1749047974.727800738] [publish_wind_direction]: ***Cam angle= -151.85426200997932, vico ang deg= 0.0 Ground Truth= 208.14573799002068
[publish_wind_direction-2] [INFO] [1749047974.730302804] [publish_wind_direction]: ***Corrected Wind Direction= S
[publish_wind_direction-2] [INFO] [1749047975.971583355] [publish_wind_direction]: Publishing: "id193:N"
[publish_wind_direction-2] [INFO] [1749047979.753240893] [publish_wind_direction]: ***Cam angle= -63.38000798856705, vico ang deg= 0.0 Ground Truth= 296.61999201143294
[publish_wind_direction-2] [INFO] [1749047979.755660201] [publish_wind_direction]: ***Corrected Wind Direction= E
[publish_wind_direction-2] [INFO] [1749047980.971281647] [publish_wind_direction]: Publishing: "id193:N"
[publish_wind_direction-2] [INFO] [1749047984.758689268] [publish_wind_direction]: ***Cam angle= -252.03741402291118, vico ang deg= 0.0 Ground Truth= 107.96258597708882
[publish_wind_direction-2] [INFO] [1749047984.761117473] [publish_wind_direction]: ***Corrected Wind Direction= W
[publish_wind_direction-2] [INFO] [1749047985.971175036] [publish_wind_direction]: Publishing: "id193:N"
[publish_wind_direction-2] [INFO] [1749047989.766656761] [publish_wind_direction]: ***Cam angle= -240.7458960729185, vico ang deg= 0.0 Ground Truth= 119.2541039270815
[publish_wind_direction-2] [INFO] [1749047989.769106811] [publish_wind_direction]: ***Corrected Wind Direction= W
[publish_wind_direction-2] [INFO] [1749047990.971224103] [publish_wind_direction]: Publishing: "id193:N"
[publish_wind_direction-2] [INFO] [1749047995.113759768] [publish_wind_direction]: ***Cam angle= -999.0, vico ang deg= 0.0 Ground Truth= 81.0
[publish_wind_direction-2] [INFO] [1749047995.117273114] [publish_wind_direction]: ***Corrected Wind Direction= W
[publish_wind_direction-2] [INFO] [1749047995.971162778] [publish_wind_direction]: Publishing: "id193:N"
[publish_wind_direction-2] [INFO] [1749047999.642541890] [publish_wind_direction]: ***Cam angle= -201.60655897750377, vico ang deg= 0.0 Ground Truth= 158.39344102249623
[publish_wind_direction-2] [INFO] [1749047999.645030515] [publish_wind_direction]: ***Corrected Wind Direction= S
[publish_wind_direction-2] [INFO] [1749048000.971301899] [publish_wind_direction]: Publishing: "id193:N"
[publish_wind_direction-2] [INFO] [1749048004.718548247] [publish_wind_direction]: ***Cam angle= -213.8918687835632, vico ang deg= 0.0 Ground Truth= 146.1081312164368
[publish_wind_direction-2] [INFO] [1749048004.720996439] [publish_wind_direction]: ***Corrected Wind Direction= S
[publish_wind_direction-2] [INFO] [1749048005.971189998] [publish_wind_direction]: Publishing: "id193:N"
[publish_wind_direction-2] [INFO] [1749048009.690871487] [publish_wind_direction]: ***Cam angle= 16.500895122925087, vico ang deg= 0.0 Ground Truth= 16.500895122925087
[publish_wind_direction-2] [INFO] [1749048009.693316611] [publish_wind_direction]: ***Corrected Wind Direction= N
[publish_wind_direction-2] [INFO] [1749048010.971185252] [publish_wind_direction]: Publishing: "id193:N"
[publish_wind_direction-2] [INFO] [1749048014.661547755] [publish_wind_direction]: ***Cam angle= -95.21376228570833, vico ang deg= 0.0 Ground Truth= 264.7862377142917
[publish_wind_direction-2] [INFO] [1749048014.663942171] [publish_wind_direction]: ***Corrected Wind Direction= E
[publish_wind_direction-2] [INFO] [1749048015.971210940] [publish_wind_direction]: Publishing: "id193:N"
[publish_wind_direction-2] [INFO] [1749048019.690175095] [publish_wind_direction]: ***Cam angle= -136.5758415916286, vico ang deg= 0.0 Ground Truth= 223.4241584083714
[publish_wind_direction-2] [INFO] [1749048019.692598444] [publish_wind_direction]: ***Corrected Wind Direction= S
[publish_wind_direction-2] [INFO] [1749048020.971264931] [publish_wind_direction]: Publishing: "id193:N"
[publish_wind_direction-2] [INFO] [1749048024.682559129] [publish_wind_direction]: ***Cam angle= -253.8560588427619, vico ang deg= 0.0 Ground Truth= 106.14394115723809
[publish_wind_direction-2] [INFO] [1749048024.685082564] [publish_wind_direction]: ***Corrected Wind Direction= W
[publish_wind_direction-2] [INFO] [1749048025.971293604] [publish_wind_direction]: Publishing: "id193:N"
[publish_wind_direction-2] [INFO] [1749048029.725536153] [publish_wind_direction]: ***Cam angle= 49.69618037112255, vico ang deg= 0.0 Ground Truth= 49.69618037112255
[publish_wind_direction-2] [INFO] [1749048029.727940372] [publish_wind_direction]: ***Corrected Wind Direction= W
[publish_wind_direction-2] [INFO] [1749048030.971020358] [publish_wind_direction]: Publishing: "id193:N"
[publish_wind_direction-2] [INFO] [1749048034.699889447] [publish_wind_direction]: ***Cam angle= 36.78060139986225, vico ang deg= 0.0 Ground Truth= 36.78060139986225
[publish_wind_direction-2] [INFO] [1749048034.702327367] [publish_wind_direction]: ***Corrected Wind Direction= N
[publish_wind_direction-2] [INFO] [1749048035.971184377] [publish_wind_direction]: Publishing: "id193:N"
[publish_wind_direction-2] [INFO] [1749048039.686560198] [publish_wind_direction]: ***Cam angle= -194.9493333621578, vico ang deg= 0.0 Ground Truth= 165.0506666378422
[publish_wind_direction-2] [INFO] [1749048039.689061199] [publish_wind_direction]: ***Corrected Wind Direction= S
[publish_wind_direction-2] [INFO] [1749048040.971162278] [publish_wind_direction]: Publishing: "id193:N"
[publish_wind_direction-2] [INFO] [1749048044.740339279] [publish_wind_direction]: ***Cam angle= -237.24254105221465, vico ang deg= 0.0 Ground Truth= 122.75745894778535
[publish_wind_direction-2] [INFO] [1749048044.743818301] [publish_wind_direction]: ***Corrected Wind Direction= W
[publish_wind_direction-2] [INFO] [1749048045.971088786] [publish_wind_direction]: Publishing: "id193:N"
[publish_wind_direction-2] [INFO] [1749048050.014697758] [publish_wind_direction]: ***Cam angle= 12.542549227669781, vico ang deg= 0.0 Ground Truth= 12.542549227669781
[publish_wind_direction-2] [INFO] [1749048050.017132105] [publish_wind_direction]: ***Corrected Wind Direction= N
[publish_wind_direction-2] [INFO] [1749048050.971180278] [publish_wind_direction]: Publishing: "id193:N"
[publish_wind_direction-2] [INFO] [1749048054.713583885] [publish_wind_direction]: ***Cam angle= -179.08371429865755, vico ang deg= 0.0 Ground Truth= 180.91628570134245
[publish_wind_direction-2] [INFO] [1749048054.715973445] [publish_wind_direction]: ***Corrected Wind Direction= S
[publish_wind_direction-2] [INFO] [1749048055.971232012] [publish_wind_direction]: Publishing: "id193:N"
[publish_wind_direction-2] [INFO] [1749048059.710208376] [publish_wind_direction]: ***Cam angle= -218.12330268964678, vico ang deg= 0.0 Ground Truth= 141.87669731035322
[publish_wind_direction-2] [INFO] [1749048059.712603142] [publish_wind_direction]: ***Corrected Wind Direction= S
[publish_wind_direction-2] [INFO] [1749048060.971217789] [publish_wind_direction]: Publishing: "id193:N"
[publish_wind_direction-2] [INFO] [1749048065.006581435] [publish_wind_direction]: ***Cam angle= -142.22098595497596, vico ang deg= 0.0 Ground Truth= 217.77901404502404
[publish_wind_direction-2] [INFO] [1749048065.009054288] [publish_wind_direction]: ***Corrected Wind Direction= S
[publish_wind_direction-2] [INFO] [1749048065.971395229] [publish_wind_direction]: Publishing: "id193:N"
[publish_wind_direction-2] [INFO] [1749048069.700822141] [publish_wind_direction]: ***Cam angle= -208.85581469424713, vico ang deg= 0.0 Ground Truth= 151.14418530575287
[publish_wind_direction-2] [INFO] [1749048069.703248299] [publish_wind_direction]: ***Corrected Wind Direction= S
[publish_wind_direction-2] [INFO] [1749048070.971494576] [publish_wind_direction]: Publishing: "id193:N"
[publish_wind_direction-2] [INFO] [1749048074.713020621] [publish_wind_direction]: ***Cam angle= -47.068738590169346, vico ang deg= 0.0 Ground Truth= 312.93126140983065
[publish_wind_direction-2] [INFO] [1749048074.715436715] [publish_wind_direction]: ***Corrected Wind Direction= E
[publish_wind_direction-2] [INFO] [1749048075.971350027] [publish_wind_direction]: Publishing: "id193:N"
[publish_wind_direction-2] [INFO] [1749048079.678461034] [publish_wind_direction]: ***Cam angle= -27.041233176824996, vico ang deg= 0.0 Ground Truth= 332.958766823175
[publish_wind_direction-2] [INFO] [1749048079.680866329] [publish_wind_direction]: ***Corrected Wind Direction= N
[publish_wind_direction-2] [INFO] [1749048080.971288251] [publish_wind_direction]: Publishing: "id193:N"
[publish_wind_direction-2] [INFO] [1749048084.756269781] [publish_wind_direction]: ***Cam angle= -119.70261845019714, vico ang deg= 0.0 Ground Truth= 240.29738154980288
[publish_wind_direction-2] [INFO] [1749048084.758717249] [publish_wind_direction]: ***Corrected Wind Direction= E
[publish_wind_direction-2] [INFO] [1749048085.971214229] [publish_wind_direction]: Publishing: "id193:N"
[publish_wind_direction-2] [INFO] [1749048089.676638173] [publish_wind_direction]: ***Cam angle= -182.1849267298026, vico ang deg= 0.0 Ground Truth= 177.8150732701974
[publish_wind_direction-2] [INFO] [1749048089.679136920] [publish_wind_direction]: ***Corrected Wind Direction= S
[publish_wind_direction-2] [INFO] [1749048090.971234146] [publish_wind_direction]: Publishing: "id193:N"
[publish_wind_direction-2] [INFO] [1749048094.722460567] [publish_wind_direction]: ***Cam angle= -221.107008469205, vico ang deg= 0.0 Ground Truth= 138.892991530795
[publish_wind_direction-2] [INFO] [1749048094.724833808] [publish_wind_direction]: ***Corrected Wind Direction= S
[publish_wind_direction-2] [INFO] [1749048095.971266561] [publish_wind_direction]: Publishing: "id193:N"
[publish_wind_direction-2] [INFO] [1749048099.694543232] [publish_wind_direction]: ***Cam angle= -50.692553236023045, vico ang deg= 0.0 Ground Truth= 309.30744676397694
[publish_wind_direction-2] [INFO] [1749048099.697027368] [publish_wind_direction]: ***Corrected Wind Direction= E
[publish_wind_direction-2] [INFO] [1749048100.971125418] [publish_wind_direction]: Publishing: "id193:N"
[publish_wind_direction-2] [INFO] [1749048104.739017661] [publish_wind_direction]: ***Cam angle= -157.66415991965454, vico ang deg= 0.0 Ground Truth= 202.33584008034546
[publish_wind_direction-2] [INFO] [1749048104.741517902] [publish_wind_direction]: ***Corrected Wind Direction= S
[publish_wind_direction-2] [INFO] [1749048105.971176242] [publish_wind_direction]: Publishing: "id193:N"
[publish_wind_direction-2] [INFO] [1749048109.660636640] [publish_wind_direction]: ***Cam angle= -147.93438186312375, vico ang deg= 0.0 Ground Truth= 212.06561813687625
[publish_wind_direction-2] [INFO] [1749048109.663055854] [publish_wind_direction]: ***Corrected Wind Direction= S
[publish_wind_direction-2] [INFO] [1749048110.971224258] [publish_wind_direction]: Publishing: "id193:N"
[publish_wind_direction-2] [INFO] [1749048114.740576994] [publish_wind_direction]: ***Cam angle= -191.75002545530845, vico ang deg= 0.0 Ground Truth= 168.24997454469155
[publish_wind_direction-2] [INFO] [1749048114.744031890] [publish_wind_direction]: ***Corrected Wind Direction= S
[publish_wind_direction-2] [INFO] [1749048115.971366180] [publish_wind_direction]: Publishing: "id193:N"
[publish_wind_direction-2] [INFO] [1749048119.796726407] [publish_wind_direction]: ***Cam angle= -239.4597139511799, vico ang deg= 0.0 Ground Truth= 120.5402860488201
[publish_wind_direction-2] [INFO] [1749048119.799207939] [publish_wind_direction]: ***Corrected Wind Direction= W
[publish_wind_direction-2] [INFO] [1749048120.971315373] [publish_wind_direction]: Publishing: "id193:N"
[publish_wind_direction-2] [INFO] [1749048124.726546932] [publish_wind_direction]: ***Cam angle= -257.93428509995636, vico ang deg= 0.0 Ground Truth= 102.06571490004364
[publish_wind_direction-2] [INFO] [1749048124.729022442] [publish_wind_direction]: ***Corrected Wind Direction= W
[publish_wind_direction-2] [INFO] [1749048125.971173796] [publish_wind_direction]: Publishing: "id193:N"
[publish_wind_direction-2] [INFO] [1749048129.600285853] [publish_wind_direction]: ***Cam angle= -999.0, vico ang deg= 0.0 Ground Truth= 81.0
[publish_wind_direction-2] [INFO] [1749048129.602847074] [publish_wind_direction]: ***Corrected Wind Direction= W
[publish_wind_direction-2] [INFO] [1749048130.971228588] [publish_wind_direction]: Publishing: "id193:N"
[publish_wind_direction-2] [INFO] [1749048134.678527192] [publish_wind_direction]: ***Cam angle= 42.84068973780359, vico ang deg= 0.0 Ground Truth= 42.84068973780359
[publish_wind_direction-2] [INFO] [1749048134.680999756] [publish_wind_direction]: ***Corrected Wind Direction= N
[publish_wind_direction-2] [INFO] [1749048135.971296916] [publish_wind_direction]: Publishing: "id193:N"
[publish_wind_direction-2] [INFO] [1749048139.716512611] [publish_wind_direction]: ***Cam angle= -151.65326354489034, vico ang deg= 0.0 Ground Truth= 208.34673645510966
[publish_wind_direction-2] [INFO] [1749048139.719982203] [publish_wind_direction]: ***Corrected Wind Direction= S
[publish_wind_direction-2] [INFO] [1749048140.970996842] [publish_wind_direction]: Publishing: "id193:N"
[publish_wind_direction-2] [INFO] [1749048144.698090413] [publish_wind_direction]: ***Cam angle= -183.72807400469452, vico ang deg= 0.0 Ground Truth= 176.27192599530548
[publish_wind_direction-2] [INFO] [1749048144.700466924] [publish_wind_direction]: ***Corrected Wind Direction= S
[publish_wind_direction-2] [INFO] [1749048145.971281647] [publish_wind_direction]: Publishing: "id193:N"
[publish_wind_direction-2] [INFO] [1749048150.318154989] [publish_wind_direction]: ***Cam angle= -189.65856277727286, vico ang deg= 0.0 Ground Truth= 170.34143722272714
[publish_wind_direction-2] [INFO] [1749048150.320594105] [publish_wind_direction]: ***Corrected Wind Direction= S
[publish_wind_direction-2] [INFO] [1749048150.971220885] [publish_wind_direction]: Publishing: "id193:N"
[publish_wind_direction-2] [INFO] [1749048154.710472110] [publish_wind_direction]: ***Cam angle= -999.0, vico ang deg= 0.0 Ground Truth= 81.0
[publish_wind_direction-2] [INFO] [1749048154.712889083] [publish_wind_direction]: ***Corrected Wind Direction= W
[publish_wind_direction-2] [INFO] [1749048155.971205026] [publish_wind_direction]: Publishing: "id193:N"
[publish_wind_direction-2] [INFO] [1749048160.179013882] [publish_wind_direction]: ***Cam angle= -13.034176368138603, vico ang deg= 0.0 Ground Truth= 346.9658236318614
[publish_wind_direction-2] [INFO] [1749048160.181443223] [publish_wind_direction]: ***Corrected Wind Direction= N
[publish_wind_direction-2] [INFO] [1749048160.971236229] [publish_wind_direction]: Publishing: "id193:N"
[publish_wind_direction-2] [INFO] [1749048164.781623257] [publish_wind_direction]: ***Cam angle= -148.94210869888195, vico ang deg= 0.0 Ground Truth= 211.05789130111805
[publish_wind_direction-2] [INFO] [1749048164.784194563] [publish_wind_direction]: ***Corrected Wind Direction= S
[publish_wind_direction-2] [INFO] [1749048165.971188631] [publish_wind_direction]: Publishing: "id193:N"
[publish_wind_direction-2] [INFO] [1749048169.716202672] [publish_wind_direction]: ***Cam angle= -190.75050706985095, vico ang deg= 0.0 Ground Truth= 169.24949293014905
[publish_wind_direction-2] [INFO] [1749048169.718666591] [publish_wind_direction]: ***Corrected Wind Direction= S
[publish_wind_direction-2] [INFO] [1749048170.971250373] [publish_wind_direction]: Publishing: "id193:N"
[publish_wind_direction-2] [INFO] [1749048174.741818479] [publish_wind_direction]: ***Cam angle= 1.1987098972227272, vico ang deg= 0.0 Ground Truth= 1.1987098972227272
[publish_wind_direction-2] [INFO] [1749048174.744226782] [publish_wind_direction]: ***Corrected Wind Direction= N
[publish_wind_direction-2] [INFO] [1749048175.971206596] [publish_wind_direction]: Publishing: "id193:N"
[publish_wind_direction-2] [INFO] [1749048179.746348731] [publish_wind_direction]: ***Cam angle= -999.0, vico ang deg= 0.0 Ground Truth= 81.0
[publish_wind_direction-2] [INFO] [1749048179.748744834] [publish_wind_direction]: ***Corrected Wind Direction= W
[publish_wind_direction-2] [INFO] [1749048180.971253866] [publish_wind_direction]: Publishing: "id193:N"
[publish_wind_direction-2] [INFO] [1749048184.753559871] [publish_wind_direction]: ***Cam angle= 47.17588180749718, vico ang deg= 0.0 Ground Truth= 47.17588180749718
[publish_wind_direction-2] [INFO] [1749048184.757172444] [publish_wind_direction]: ***Corrected Wind Direction= W
[publish_wind_direction-2] [INFO] [1749048185.971101061] [publish_wind_direction]: Publishing: "id193:N"
[publish_wind_direction-2] [INFO] [1749048189.717147014] [publish_wind_direction]: ***Cam angle= -71.19045309842376, vico ang deg= 0.0 Ground Truth= 288.80954690157625
[publish_wind_direction-2] [INFO] [1749048189.719548646] [publish_wind_direction]: ***Corrected Wind Direction= E
[publish_wind_direction-2] [INFO] [1749048190.971164209] [publish_wind_direction]: Publishing: "id193:N"
[publish_wind_direction-2] [INFO] [1749048194.690794553] [publish_wind_direction]: ***Cam angle= -57.44545888189364, vico ang deg= 0.0 Ground Truth= 302.5545411181064
[publish_wind_direction-2] [INFO] [1749048194.693235753] [publish_wind_direction]: ***Corrected Wind Direction= E
[publish_wind_direction-2] [INFO] [1749048195.971226833] [publish_wind_direction]: Publishing: "id193:N"
[publish_wind_direction-2] [INFO] [1749048200.000120000] [publish_wind_direction]: ***Cam angle= -164.76606130318214, vico ang deg= 0.0 Ground Truth= 195.23393869681786
[publish_wind_direction-2] [INFO] [1749048200.002581856] [publish_wind_direction]: ***Corrected Wind Direction= S
[publish_wind_direction-2] [INFO] [1749048200.971381935] [publish_wind_direction]: Publishing: "id193:N"
[publish_wind_direction-2] [INFO] [1749048204.744811247] [publish_wind_direction]: ***Cam angle= -204.3604682533279, vico ang deg= 0.0 Ground Truth= 155.6395317466721
[publish_wind_direction-2] [INFO] [1749048204.748266822] [publish_wind_direction]: ***Corrected Wind Direction= S
[publish_wind_direction-2] [INFO] [1749048205.971099504] [publish_wind_direction]: Publishing: "id193:N"
[publish_wind_direction-2] [INFO] [1749048209.669375024] [publish_wind_direction]: ***Cam angle= -181.6094820573092, vico ang deg= 0.0 Ground Truth= 178.3905179426908
[publish_wind_direction-2] [INFO] [1749048209.671822030] [publish_wind_direction]: ***Corrected Wind Direction= S
[publish_wind_direction-2] [INFO] [1749048210.971116219] [publish_wind_direction]: Publishing: "id193:N"
[publish_wind_direction-2] [INFO] [1749048214.823975550] [publish_wind_direction]: ***Cam angle= 36.89037730036638, vico ang deg= 0.0 Ground Truth= 36.89037730036638
[publish_wind_direction-2] [INFO] [1749048214.827413687] [publish_wind_direction]: ***Corrected Wind Direction= N
[publish_wind_direction-2] [INFO] [1749048215.971150181] [publish_wind_direction]: Publishing: "id193:N"
[publish_wind_direction-2] [INFO] [1749048219.861507899] [publish_wind_direction]: ***Cam angle= -64.43444212331443, vico ang deg= 0.0 Ground Truth= 295.5655578766856
[publish_wind_direction-2] [INFO] [1749048219.864935530] [publish_wind_direction]: ***Corrected Wind Direction= E
[publish_wind_direction-2] [INFO] [1749048220.971135207] [publish_wind_direction]: Publishing: "id193:N"
[publish_wind_direction-2] [INFO] [1749048224.752109728] [publish_wind_direction]: ***Cam angle= -146.1160930871634, vico ang deg= 0.0 Ground Truth= 213.8839069128366
[publish_wind_direction-2] [INFO] [1749048224.754581554] [publish_wind_direction]: ***Corrected Wind Direction= S
[publish_wind_direction-2] [INFO] [1749048225.970974984] [publish_wind_direction]: Raising exception
[publish_wind_direction-2] [INFO] [1749048225.973929790] [publish_wind_direction]: Publisher stopping, exception
[INFO] [publish_wind_direction-2]: process has finished cleanly [pid 848]
[random_robot_move-1] [INFO] [1749048228.901011370] [random_robot_move]: Exception, shutting down
