[INFO] [launch]: All log files can be found below /home/thymio/.ros/log/2025-06-06-15-23-19-511097-thymio-820
[INFO] [launch]: Default logging verbosity is set to INFO
[INFO] [random_robot_move-1]: process started with pid [842]
[INFO] [publish_wind_direction-2]: process started with pid [844]
[publish_wind_direction-2] /usr/lib/python3/dist-packages/scipy/__init__.py:146: UserWarning: A NumPy version >=1.17.3 and <1.25.0 is required for this version of SciPy (detected version 1.26.4
[publish_wind_direction-2]   warnings.warn(f"A NumPy version >={np_minversion} and <{np_maxversion}"
[publish_wind_direction-2] [INFO] [1749223403.457694762] [publish_wind_direction]: Physical Ip=134.34.225.152, id=id152
[publish_wind_direction-2] [INFO] [1749223403.495311502] [publish_wind_direction]: Subscribed to: vicon/default/data
[random_robot_move-1] [INFO] [1749223406.374721922] [random_robot_move]: Robot Control Node started.
[publish_wind_direction-2] [INFO] [1749223408.483829244] [publish_wind_direction]: Publishing: "id152:S"
[publish_wind_direction-2] [INFO] [1749223413.483751557] [publish_wind_direction]: Publishing: "id152:S"
[publish_wind_direction-2] [INFO] [1749223418.483710045] [publish_wind_direction]: Publishing: "id152:S"
[publish_wind_direction-2] [INFO] [1749223423.484126672] [publish_wind_direction]: Publishing: "id152:S"
[publish_wind_direction-2] [INFO] [1749223428.483593113] [publish_wind_direction]: Publishing: "id152:S"
[publish_wind_direction-2] [INFO] [1749223433.483063018] [publish_wind_direction]: Publishing: "id152:S"
[publish_wind_direction-2] [INFO] [1749223438.483576570] [publish_wind_direction]: Publishing: "id152:S"
[publish_wind_direction-2] [INFO] [1749223443.483630512] [publish_wind_direction]: Publishing: "id152:S"
[publish_wind_direction-2] [INFO] [1749223446.666329343] [publish_wind_direction]: Vicon Position= [-98.75627136230469, 1035.41455078125]
[publish_wind_direction-2] [INFO] [1749223446.669336288] [publish_wind_direction]: Neighbourhood size: 6
[publish_wind_direction-2] [INFO] [1749223448.483751379] [publish_wind_direction]: Publishing: "id152:S"
[publish_wind_direction-2] [INFO] [1749223453.483718061] [publish_wind_direction]: Publishing: "id152:S"
[publish_wind_direction-2] [INFO] [1749223458.483679744] [publish_wind_direction]: Publishing: "id152:S"
[publish_wind_direction-2] [INFO] [1749223463.484541926] [publish_wind_direction]: Publishing: "id152:S"
[publish_wind_direction-2] [INFO] [1749223468.484937182] [publish_wind_direction]: Publishing: "id152:S"
[publish_wind_direction-2] [INFO] [1749223473.484868438] [publish_wind_direction]: Publishing: "id152:S"
[publish_wind_direction-2] [INFO] [1749223478.484433750] [publish_wind_direction]: Publishing: "id152:S"
[publish_wind_direction-2] [INFO] [1749223483.484579988] [publish_wind_direction]: Publishing: "id152:S"
[publish_wind_direction-2] [INFO] [1749223488.484430467] [publish_wind_direction]: Publishing: "id152:S"
[publish_wind_direction-2] [INFO] [1749223493.484536315] [publish_wind_direction]: Publishing: "id152:S"
[publish_wind_direction-2] [INFO] [1749223498.484665127] [publish_wind_direction]: Publishing: "id152:S"
[publish_wind_direction-2] [INFO] [1749223502.581059273] [publish_wind_direction]: Vicon Position= [-621.345703125, 1294.8963623046875]
[publish_wind_direction-2] [INFO] [1749223502.583953884] [publish_wind_direction]: Neighbourhood size: 3
[publish_wind_direction-2] [INFO] [1749223503.484451754] [publish_wind_direction]: Publishing: "id152:S"
[publish_wind_direction-2] [INFO] [1749223508.484482529] [publish_wind_direction]: Publishing: "id152:S"
[publish_wind_direction-2] [INFO] [1749223513.484710600] [publish_wind_direction]: Publishing: "id152:S"
[publish_wind_direction-2] [INFO] [1749223518.484663819] [publish_wind_direction]: Publishing: "id152:S"
[publish_wind_direction-2] [INFO] [1749223521.636744428] [publish_wind_direction]: Vicon Position= [-127.77870178222656, 1239.5206298828125]
[publish_wind_direction-2] [INFO] [1749223521.639695521] [publish_wind_direction]: Neighbourhood size: 3
[publish_wind_direction-2] [INFO] [1749223523.484624390] [publish_wind_direction]: Publishing: "id152:S"
[publish_wind_direction-2] [INFO] [1749223526.062162240] [publish_wind_direction]: Vicon Position= [-433.5165100097656, 1193.1175537109375]
[publish_wind_direction-2] [INFO] [1749223526.065134963] [publish_wind_direction]: Neighbourhood size: 3
[publish_wind_direction-2] [INFO] [1749223528.484552850] [publish_wind_direction]: Publishing: "id152:S"
[publish_wind_direction-2] [INFO] [1749223533.484697699] [publish_wind_direction]: Publishing: "id152:S"
[publish_wind_direction-2] [INFO] [1749223533.524691569] [publish_wind_direction]: Vicon Position= [-244.7648162841797, 971.9427490234375]
[publish_wind_direction-2] [INFO] [1749223533.528240884] [publish_wind_direction]: Neighbourhood size: 4
[publish_wind_direction-2] [INFO] [1749223538.484580696] [publish_wind_direction]: Publishing: "id152:S"
[publish_wind_direction-2] [INFO] [1749223543.484599934] [publish_wind_direction]: Publishing: "id152:S"
[publish_wind_direction-2] [INFO] [1749223545.364554192] [publish_wind_direction]: Vicon Position= [530.621826171875, 1198.341796875]
[publish_wind_direction-2] [INFO] [1749223545.367447933] [publish_wind_direction]: Neighbourhood size: 2
[publish_wind_direction-2] [INFO] [1749223548.484594968] [publish_wind_direction]: Publishing: "id152:S"
[publish_wind_direction-2] [INFO] [1749223553.484714854] [publish_wind_direction]: Publishing: "id152:S"
[publish_wind_direction-2] [INFO] [1749223558.485271036] [publish_wind_direction]: Publishing: "id152:S"
[publish_wind_direction-2] [INFO] [1749223563.484804681] [publish_wind_direction]: Publishing: "id152:S"
[publish_wind_direction-2] [INFO] [1749223568.485031863] [publish_wind_direction]: Publishing: "id152:S"
[publish_wind_direction-2] [INFO] [1749223571.236275751] [publish_wind_direction]: * Received from id1193, wind direction N
[publish_wind_direction-2] [INFO] [1749223571.239159732] [publish_wind_direction]: Publisher, neighbours_by_id={'id1193', 'id136'}
[publish_wind_direction-2] [INFO] [1749223575.543542304] [publish_wind_direction]: ***Cam angle= -205.061458728024, vico ang deg= 45.05518598071016 Ground Truth= 199.99372725268614
[publish_wind_direction-2] [INFO] [1749223575.546158341] [publish_wind_direction]: Publisher, Neighbourhood size: 2
[publish_wind_direction-2] [INFO] [1749223575.550836100] [publish_wind_direction]: Publishing: "id152:S"
[publish_wind_direction-2] [INFO] [1749223575.554818933] [publish_wind_direction]: Vicon Position= [503.7207336425781, 1295.8494873046875]
[publish_wind_direction-2] [INFO] [1749223575.557433026] [publish_wind_direction]: Neighbourhood size: 2
[publish_wind_direction-2] [INFO] [1749223575.560313118] [publish_wind_direction]: * Received from id194, wind direction N
[publish_wind_direction-2] [INFO] [1749223575.562745581] [publish_wind_direction]: Publisher, neighbours_by_id={'id1193', 'id136'}
[publish_wind_direction-2] [INFO] [1749223579.678696912] [publish_wind_direction]: ***Cam angle= -999.0, vico ang deg= 303.2285081041651 Ground Truth= 24.22850810416503
[publish_wind_direction-2] [INFO] [1749223579.681170320] [publish_wind_direction]: Publisher, Neighbourhood size: 2
[publish_wind_direction-2] [INFO] [1749223579.686038857] [publish_wind_direction]: Publishing: "id152:S"
[publish_wind_direction-2] [INFO] [1749223579.688905116] [publish_wind_direction]: * Received from id194, wind direction N
[publish_wind_direction-2] [INFO] [1749223579.691392727] [publish_wind_direction]: Publisher, neighbours_by_id={'id1193', 'id136'}
[publish_wind_direction-2] [INFO] [1749223583.550870391] [publish_wind_direction]: ***Cam angle= -999.0, vico ang deg= 303.2285081041651 Ground Truth= 24.22850810416503
[publish_wind_direction-2] [INFO] [1749223583.553282910] [publish_wind_direction]: Publisher, Neighbourhood size: 2
[publish_wind_direction-2] [INFO] [1749223583.558000762] [publish_wind_direction]: Publishing: "id152:S"
[publish_wind_direction-2] [INFO] [1749223588.484412074] [publish_wind_direction]: Publishing: "id152:S"
[publish_wind_direction-2] [INFO] [1749223592.192581664] [publish_wind_direction]: Vicon Position= [-70.73235321044922, 1255.1246337890625]
[publish_wind_direction-2] [INFO] [1749223592.195853868] [publish_wind_direction]: Neighbourhood size: 5
[publish_wind_direction-2] [INFO] [1749223593.484519756] [publish_wind_direction]: Publishing: "id152:S"
[publish_wind_direction-2] [INFO] [1749223595.910537440] [publish_wind_direction]: Vicon Position= [-148.51416015625, 1306.674072265625]
[publish_wind_direction-2] [INFO] [1749223595.913378143] [publish_wind_direction]: Neighbourhood size: 4
[publish_wind_direction-2] [INFO] [1749223598.484477253] [publish_wind_direction]: Publishing: "id152:S"
[publish_wind_direction-2] [INFO] [1749223603.484581305] [publish_wind_direction]: Publishing: "id152:S"
[publish_wind_direction-2] [INFO] [1749223608.484537839] [publish_wind_direction]: Publishing: "id152:S"
[publish_wind_direction-2] [INFO] [1749223613.484179096] [publish_wind_direction]: Publishing: "id152:S"
[publish_wind_direction-2] [INFO] [1749223618.484428852] [publish_wind_direction]: Publishing: "id152:S"
[publish_wind_direction-2] [INFO] [1749223623.484691997] [publish_wind_direction]: Publishing: "id152:S"
[publish_wind_direction-2] [INFO] [1749223628.487574698] [publish_wind_direction]: Publishing: "id152:S"
[publish_wind_direction-2] [INFO] [1749223629.133122883] [publish_wind_direction]: Vicon Position= [81.03968811035156, 589.08056640625]
[publish_wind_direction-2] [INFO] [1749223629.136109401] [publish_wind_direction]: Neighbourhood size: 7
[publish_wind_direction-2] [INFO] [1749223630.115545327] [publish_wind_direction]: * Received from id194, wind direction N
[publish_wind_direction-2] [INFO] [1749223630.118420752] [publish_wind_direction]: Publisher, neighbours_by_id={'id193', 'id151', 'id136', 'id1193', 'id247', 'id236', 'id137'}
[publish_wind_direction-2] [INFO] [1749223633.895842343] [publish_wind_direction]: ***Cam angle= -999.0, vico ang deg= 104.40320130412613 Ground Truth= 185.40320130412613
[publish_wind_direction-2] [INFO] [1749223633.898303139] [publish_wind_direction]: Publisher, Neighbourhood size: 7
[publish_wind_direction-2] [INFO] [1749223633.900656991] [publish_wind_direction]: Decision Making Triggered
[publish_wind_direction-2] [INFO] [1749223633.903064861] [publish_wind_direction]: Publisher, Neighbours Opinion: 1
[publish_wind_direction-2] [INFO] [1749223633.905593843] [publish_wind_direction]: Inside Decision Making, neighbours opinion: {'id1193': 'N'}
[publish_wind_direction-2] [INFO] [1749223633.909531861] [publish_wind_direction]: Inside Decision Making, social opinions: {'N': 1}
[publish_wind_direction-2] [INFO] [1749223633.914446639] [publish_wind_direction]: Publishing: "id152:N"
[publish_wind_direction-2] [INFO] [1749223633.918346769] [publish_wind_direction]: Vicon Position= [-666.4414672851562, 1031.7005615234375]
[publish_wind_direction-2] [INFO] [1749223633.920846750] [publish_wind_direction]: Neighbourhood size: 3
[publish_wind_direction-2] [INFO] [1749223633.923687509] [publish_wind_direction]: * Received from id194, wind direction N
[publish_wind_direction-2] [INFO] [1749223633.926112750] [publish_wind_direction]: Publisher, neighbours_by_id={'id137', 'id206', 'id200'}
[publish_wind_direction-2] [INFO] [1749223637.662553933] [publish_wind_direction]: ***Cam angle= 5.936270939238113, vico ang deg= 246.7492681158753 Ground Truth= 252.68553905511342
[publish_wind_direction-2] [INFO] [1749223637.664953211] [publish_wind_direction]: Publisher, Neighbourhood size: 3
[publish_wind_direction-2] [INFO] [1749223637.667356341] [publish_wind_direction]: Decision Making Triggered
[publish_wind_direction-2] [INFO] [1749223637.669717711] [publish_wind_direction]: Publisher, Neighbours Opinion: 1
[publish_wind_direction-2] [INFO] [1749223637.672125859] [publish_wind_direction]: Inside Decision Making, neighbours opinion: {'id1193': 'N'}
[publish_wind_direction-2] [INFO] [1749223637.674512767] [publish_wind_direction]: Inside Decision Making, social opinions: {'N': 1}
[publish_wind_direction-2] [INFO] [1749223638.484459785] [publish_wind_direction]: Publishing: "id152:N"
[publish_wind_direction-2] [INFO] [1749223639.608328691] [publish_wind_direction]: Vicon Position= [557.2581787109375, 683.856201171875]
[publish_wind_direction-2] [INFO] [1749223639.611419006] [publish_wind_direction]: Neighbourhood size: 9
[publish_wind_direction-2] [INFO] [1749223643.484498504] [publish_wind_direction]: Publishing: "id152:N"
[publish_wind_direction-2] [INFO] [1749223644.855038984] [publish_wind_direction]: Vicon Position= [563.9859008789062, 710.1529541015625]
[publish_wind_direction-2] [INFO] [1749223644.858032521] [publish_wind_direction]: Neighbourhood size: 10
[publish_wind_direction-2] [INFO] [1749223648.484474667] [publish_wind_direction]: Publishing: "id152:N"
[publish_wind_direction-2] [INFO] [1749223648.889511408] [publish_wind_direction]: Vicon Position= [599.8212280273438, 820.3601684570312]
[publish_wind_direction-2] [INFO] [1749223648.892479889] [publish_wind_direction]: Neighbourhood size: 9
[publish_wind_direction-2] [INFO] [1749223653.484450942] [publish_wind_direction]: Publishing: "id152:N"
[publish_wind_direction-2] [INFO] [1749223658.484420976] [publish_wind_direction]: Publishing: "id152:N"
[publish_wind_direction-2] [INFO] [1749223663.484664029] [publish_wind_direction]: Publishing: "id152:N"
[publish_wind_direction-2] [INFO] [1749223668.484588674] [publish_wind_direction]: Publishing: "id152:N"
[publish_wind_direction-2] [INFO] [1749223672.778129949] [publish_wind_direction]: * Received from id194, wind direction N
[publish_wind_direction-2] [INFO] [1749223672.781067264] [publish_wind_direction]: Publisher, neighbours_by_id={'id195', 'id193', 'id151', 'id200', 'id224', 'id1193', 'id192', 'id236', 'id137'}
[publish_wind_direction-2] [INFO] [1749223676.479549206] [publish_wind_direction]: ***Cam angle= 29.262324469269913, vico ang deg= 260.27428438771085 Ground Truth= 289.53660885698076
[publish_wind_direction-2] [INFO] [1749223676.482036077] [publish_wind_direction]: Publisher, Neighbourhood size: 9
[publish_wind_direction-2] [INFO] [1749223676.484501836] [publish_wind_direction]: Decision Making Triggered
[publish_wind_direction-2] [INFO] [1749223676.487081058] [publish_wind_direction]: Publisher, Neighbours Opinion: 1
[publish_wind_direction-2] [INFO] [1749223676.489610521] [publish_wind_direction]: Inside Decision Making, neighbours opinion: {'id1193': 'N'}
[publish_wind_direction-2] [INFO] [1749223676.492204651] [publish_wind_direction]: Inside Decision Making, social opinions: {'N': 1}
[publish_wind_direction-2] [INFO] [1749223676.496842317] [publish_wind_direction]: Publishing: "id152:N"
[publish_wind_direction-2] [INFO] [1749223676.500786058] [publish_wind_direction]: Vicon Position= [524.029052734375, 716.6261596679688]
[publish_wind_direction-2] [INFO] [1749223676.503374058] [publish_wind_direction]: Neighbourhood size: 9
[publish_wind_direction-2] [INFO] [1749223676.506259966] [publish_wind_direction]: * Received from id194, wind direction N
[publish_wind_direction-2] [INFO] [1749223676.508733892] [publish_wind_direction]: Publisher, neighbours_by_id={'id195', 'id193', 'id151', 'id224', 'id1193', 'id192', 'id247', 'id236', 'id137'}
[publish_wind_direction-2] [INFO] [1749223680.518215167] [publish_wind_direction]: ***Cam angle= 37.75246842319922, vico ang deg= -7.761145884096723 Ground Truth= 29.991322539102494
[publish_wind_direction-2] [INFO] [1749223680.520669778] [publish_wind_direction]: Publisher, Neighbourhood size: 9
[publish_wind_direction-2] [INFO] [1749223680.523267426] [publish_wind_direction]: Decision Making Triggered
[publish_wind_direction-2] [INFO] [1749223680.525683000] [publish_wind_direction]: Publisher, Neighbours Opinion: 1
[publish_wind_direction-2] [INFO] [1749223680.528142815] [publish_wind_direction]: Inside Decision Making, neighbours opinion: {'id1193': 'N'}
[publish_wind_direction-2] [INFO] [1749223680.530557593] [publish_wind_direction]: Inside Decision Making, social opinions: {'N': 1}
[publish_wind_direction-2] [INFO] [1749223680.535213315] [publish_wind_direction]: Publishing: "id152:N"
[publish_wind_direction-2] [INFO] [1749223680.539155815] [publish_wind_direction]: Vicon Position= [-517.0348510742188, 629.3805541992188]
[publish_wind_direction-2] [INFO] [1749223680.541691648] [publish_wind_direction]: Neighbourhood size: 5
[publish_wind_direction-2] [INFO] [1749223680.544671871] [publish_wind_direction]: * Received from id192, wind direction E
[publish_wind_direction-2] [INFO] [1749223680.547130611] [publish_wind_direction]: Publisher, neighbours_by_id={'id206', 'id195', 'id151', 'id200', 'id247'}
[publish_wind_direction-2] [INFO] [1749223684.227065128] [publish_wind_direction]: ***Cam angle= -250.727805538217, vico ang deg= 72.98718306118688 Ground Truth= 182.25937752296988
[publish_wind_direction-2] [INFO] [1749223684.229491572] [publish_wind_direction]: Publisher, Neighbourhood size: 5
[publish_wind_direction-2] [INFO] [1749223684.231931868] [publish_wind_direction]: Decision Making Triggered
[publish_wind_direction-2] [INFO] [1749223684.234381461] [publish_wind_direction]: Publisher, Neighbours Opinion: 1
[publish_wind_direction-2] [INFO] [1749223684.236794313] [publish_wind_direction]: Inside Decision Making, neighbours opinion: {'id1193': 'N'}
[publish_wind_direction-2] [INFO] [1749223684.239368091] [publish_wind_direction]: Inside Decision Making, social opinions: {'N': 1}
[publish_wind_direction-2] [INFO] [1749223684.244075609] [publish_wind_direction]: Publishing: "id152:N"
[publish_wind_direction-2] [INFO] [1749223684.248025776] [publish_wind_direction]: Vicon Position= [-484.46734619140625, 370.3695983886719]
[publish_wind_direction-2] [INFO] [1749223684.250695739] [publish_wind_direction]: Neighbourhood size: 5
[publish_wind_direction-2] [INFO] [1749223684.253731554] [publish_wind_direction]: * Received from id223, wind direction N
[publish_wind_direction-2] [INFO] [1749223684.256265331] [publish_wind_direction]: Publisher, neighbours_by_id={'id206', 'id195', 'id151', 'id200', 'id247'}
[publish_wind_direction-2] [INFO] [1749223688.086041422] [publish_wind_direction]: ***Cam angle= -78.80653698050997, vico ang deg= 63.666689792134456 Ground Truth= 344.86015281162446
[publish_wind_direction-2] [INFO] [1749223688.088476736] [publish_wind_direction]: Publisher, Neighbourhood size: 5
[publish_wind_direction-2] [INFO] [1749223688.090879755] [publish_wind_direction]: Decision Making Triggered
[publish_wind_direction-2] [INFO] [1749223688.093238014] [publish_wind_direction]: Publisher, Neighbours Opinion: 1
[publish_wind_direction-2] [INFO] [1749223688.095678848] [publish_wind_direction]: Inside Decision Making, neighbours opinion: {'id1193': 'N'}
[publish_wind_direction-2] [INFO] [1749223688.098278144] [publish_wind_direction]: Inside Decision Making, social opinions: {'N': 1}
[publish_wind_direction-2] [INFO] [1749223688.102976607] [publish_wind_direction]: Vicon Position= [-540.552734375, -346.21075439453125]
[publish_wind_direction-2] [INFO] [1749223688.105523459] [publish_wind_direction]: Neighbourhood size: 4
[publish_wind_direction-2] [INFO] [1749223688.484421699] [publish_wind_direction]: Publishing: "id152:N"
[publish_wind_direction-2] [INFO] [1749223693.484424474] [publish_wind_direction]: Publishing: "id152:N"
[publish_wind_direction-2] [INFO] [1749223698.485202971] [publish_wind_direction]: Publishing: "id152:N"
[publish_wind_direction-2] [INFO] [1749223703.484766338] [publish_wind_direction]: Publishing: "id152:N"
[publish_wind_direction-2] [INFO] [1749223708.484850335] [publish_wind_direction]: Publishing: "id152:N"
[publish_wind_direction-2] [INFO] [1749223713.484675629] [publish_wind_direction]: Publishing: "id152:N"
[publish_wind_direction-2] [INFO] [1749223715.110000443] [publish_wind_direction]: Vicon Position= [-343.02545166015625, -229.0439453125]
[publish_wind_direction-2] [INFO] [1749223715.112949720] [publish_wind_direction]: Neighbourhood size: 5
[publish_wind_direction-2] [INFO] [1749223716.554284034] [publish_wind_direction]: Vicon Position= [-139.30789184570312, 514.91259765625]
[publish_wind_direction-2] [INFO] [1749223716.557436627] [publish_wind_direction]: Neighbourhood size: 10
[publish_wind_direction-2] [INFO] [1749223718.044514348] [publish_wind_direction]: * Received from id223, wind direction N
[publish_wind_direction-2] [INFO] [1749223718.047398237] [publish_wind_direction]: Publisher, neighbours_by_id={'id206', 'id195', 'id193', 'id151', 'id194', 'id200', 'id1193', 'id192', 'id236', 'id137'}
[publish_wind_direction-2] [INFO] [1749223722.004428105] [publish_wind_direction]: ***Cam angle= -221.02308133331246, vico ang deg= 271.3631842652034 Ground Truth= 50.340102931890954
[publish_wind_direction-2] [INFO] [1749223722.006883216] [publish_wind_direction]: Publisher, Neighbourhood size: 10
[publish_wind_direction-2] [INFO] [1749223722.009252253] [publish_wind_direction]: Decision Making Triggered
[publish_wind_direction-2] [INFO] [1749223722.011671105] [publish_wind_direction]: Publisher, Neighbours Opinion: 1
[publish_wind_direction-2] [INFO] [1749223722.014091716] [publish_wind_direction]: Inside Decision Making, neighbours opinion: {'id1193': 'N'}
[publish_wind_direction-2] [INFO] [1749223722.016461587] [publish_wind_direction]: Inside Decision Making, social opinions: {'N': 1}
[publish_wind_direction-2] [INFO] [1749223722.021131050] [publish_wind_direction]: Publishing: "id152:N"
[publish_wind_direction-2] [INFO] [1749223722.232763753] [publish_wind_direction]: Vicon Position= [-246.81961059570312, 326.73870849609375]
[publish_wind_direction-2] [INFO] [1749223722.235569679] [publish_wind_direction]: Neighbourhood size: 8
[publish_wind_direction-2] [INFO] [1749223722.818193697] [publish_wind_direction]: * Received from id1193, wind direction N
[publish_wind_direction-2] [INFO] [1749223722.821002956] [publish_wind_direction]: Publisher, neighbours_by_id={'id206', 'id193', 'id151', 'id194', 'id200', 'id1193', 'id192', 'id137'}
[publish_wind_direction-2] [INFO] [1749223726.824183213] [publish_wind_direction]: ***Cam angle= -112.15269226826615, vico ang deg= 4.411765785167746 Ground Truth= 252.2590735169016
[publish_wind_direction-2] [INFO] [1749223726.827736324] [publish_wind_direction]: Publisher, Neighbourhood size: 8
[publish_wind_direction-2] [INFO] [1749223726.831235362] [publish_wind_direction]: Decision Making Triggered
[publish_wind_direction-2] [INFO] [1749223726.834706880] [publish_wind_direction]: Publisher, Neighbours Opinion: 1
[publish_wind_direction-2] [INFO] [1749223726.838229139] [publish_wind_direction]: Inside Decision Making, neighbours opinion: {'id1193': 'N'}
[publish_wind_direction-2] [INFO] [1749223726.841703176] [publish_wind_direction]: Inside Decision Making, social opinions: {'N': 1}
[publish_wind_direction-2] [INFO] [1749223726.849130232] [publish_wind_direction]: Publishing: "id152:N"
[publish_wind_direction-2] [INFO] [1749223728.484688305] [publish_wind_direction]: Publishing: "id152:N"
[publish_wind_direction-2] [INFO] [1749223733.484718895] [publish_wind_direction]: Publishing: "id152:N"
[publish_wind_direction-2] [INFO] [1749223734.030905357] [publish_wind_direction]: Vicon Position= [-705.5068969726562, 80.09230041503906]
[publish_wind_direction-2] [INFO] [1749223734.033961561] [publish_wind_direction]: Neighbourhood size: 3
[publish_wind_direction-2] [INFO] [1749223738.484994151] [publish_wind_direction]: Publishing: "id152:N"
[publish_wind_direction-2] [INFO] [1749223741.544091390] [publish_wind_direction]: Vicon Position= [-709.4185791015625, 78.12237548828125]
[publish_wind_direction-2] [INFO] [1749223741.546968705] [publish_wind_direction]: Neighbourhood size: 3
[publish_wind_direction-2] [INFO] [1749223743.484535278] [publish_wind_direction]: Publishing: "id152:N"
[publish_wind_direction-2] [INFO] [1749223748.484639145] [publish_wind_direction]: Publishing: "id152:N"
[publish_wind_direction-2] [INFO] [1749223753.484505253] [publish_wind_direction]: Publishing: "id152:N"
[publish_wind_direction-2] [INFO] [1749223753.546791679] [publish_wind_direction]: Vicon Position= [-732.5599365234375, 67.19718933105469]
[publish_wind_direction-2] [INFO] [1749223753.549598179] [publish_wind_direction]: Neighbourhood size: 3
[publish_wind_direction-2] [INFO] [1749223755.775966807] [publish_wind_direction]: * Received from id1193, wind direction N
[publish_wind_direction-2] [INFO] [1749223755.778701307] [publish_wind_direction]: Publisher, neighbours_by_id={'id193', 'id136', 'id223'}
[publish_wind_direction-2] [INFO] [1749223759.816099027] [publish_wind_direction]: ***Cam angle= 63.033042682700085, vico ang deg= 16.055681879589077 Ground Truth= 79.08872456228916
[publish_wind_direction-2] [INFO] [1749223759.818538731] [publish_wind_direction]: Publisher, Neighbourhood size: 3
[publish_wind_direction-2] [INFO] [1749223759.820886712] [publish_wind_direction]: Decision Making Triggered
[publish_wind_direction-2] [INFO] [1749223759.823286231] [publish_wind_direction]: Publisher, Neighbours Opinion: 1
[publish_wind_direction-2] [INFO] [1749223759.825643620] [publish_wind_direction]: Inside Decision Making, neighbours opinion: {'id1193': 'N'}
[publish_wind_direction-2] [INFO] [1749223759.828021083] [publish_wind_direction]: Inside Decision Making, social opinions: {'N': 1}
[publish_wind_direction-2] [INFO] [1749223759.832701768] [publish_wind_direction]: Publishing: "id152:N"
[publish_wind_direction-2] [INFO] [1749223761.286856119] [publish_wind_direction]: Vicon Position= [-732.5599365234375, 67.19718933105469]
[publish_wind_direction-2] [INFO] [1749223761.290046267] [publish_wind_direction]: Neighbourhood size: 3
[publish_wind_direction-2] [INFO] [1749223763.485240377] [publish_wind_direction]: Publishing: "id152:N"
[publish_wind_direction-2] [INFO] [1749223767.196505115] [publish_wind_direction]: * Received from id151, wind direction W
[publish_wind_direction-2] [INFO] [1749223767.199436356] [publish_wind_direction]: Publisher, neighbours_by_id={'id193', 'id136', 'id223'}
[publish_wind_direction-2] [INFO] [1749223770.951826780] [publish_wind_direction]: ***Cam angle= -4.660923324378231, vico ang deg= 16.055681879589077 Ground Truth= 11.394758555210846
[publish_wind_direction-2] [INFO] [1749223770.954134113] [publish_wind_direction]: Publisher, Neighbourhood size: 3
[publish_wind_direction-2] [INFO] [1749223770.956485576] [publish_wind_direction]: Decision Making Triggered
[publish_wind_direction-2] [INFO] [1749223770.958758094] [publish_wind_direction]: Publisher, Neighbours Opinion: 1
[publish_wind_direction-2] [INFO] [1749223770.961127094] [publish_wind_direction]: Inside Decision Making, neighbours opinion: {'id1193': 'N'}
[publish_wind_direction-2] [INFO] [1749223770.963400780] [publish_wind_direction]: Inside Decision Making, social opinions: {'N': 1}
[publish_wind_direction-2] [INFO] [1749223770.968135409] [publish_wind_direction]: Publishing: "id152:N"
[publish_wind_direction-2] [INFO] [1749223770.971008317] [publish_wind_direction]: * Received from id223, wind direction N
[publish_wind_direction-2] [INFO] [1749223770.973369835] [publish_wind_direction]: Publisher, neighbours_by_id={'id193', 'id136', 'id223'}
[publish_wind_direction-2] [INFO] [1749223774.701487611] [publish_wind_direction]: ***Cam angle= -999.0, vico ang deg= 16.055681879589077 Ground Truth= 97.05568187958909
[publish_wind_direction-2] [INFO] [1749223774.703900777] [publish_wind_direction]: Publisher, Neighbourhood size: 3
[publish_wind_direction-2] [INFO] [1749223774.706249907] [publish_wind_direction]: Decision Making Triggered
[publish_wind_direction-2] [INFO] [1749223774.708561944] [publish_wind_direction]: Publisher, Neighbours Opinion: 2
[publish_wind_direction-2] [INFO] [1749223774.710928389] [publish_wind_direction]: Inside Decision Making, neighbours opinion: {'id1193': 'N', 'id223': 'N'}
[publish_wind_direction-2] [INFO] [1749223774.713253111] [publish_wind_direction]: Inside Decision Making, social opinions: {'N': 2}
[publish_wind_direction-2] [INFO] [1749223774.718205777] [publish_wind_direction]: Publishing: "id152:N"
[publish_wind_direction-2] [INFO] [1749223774.721166611] [publish_wind_direction]: * Received from id195, wind direction W
[publish_wind_direction-2] [INFO] [1749223774.723675981] [publish_wind_direction]: Publisher, neighbours_by_id={'id193', 'id136', 'id223'}
[publish_wind_direction-2] [INFO] [1749223778.500989905] [publish_wind_direction]: ***Cam angle= -227.1722247348772, vico ang deg= 16.055681879589077 Ground Truth= 148.88345714471188
[publish_wind_direction-2] [INFO] [1749223778.504459238] [publish_wind_direction]: Publisher, Neighbourhood size: 3
[publish_wind_direction-2] [INFO] [1749223778.507901164] [publish_wind_direction]: Decision Making Triggered
[publish_wind_direction-2] [INFO] [1749223778.511323386] [publish_wind_direction]: Publisher, Neighbours Opinion: 2
[publish_wind_direction-2] [INFO] [1749223778.514787534] [publish_wind_direction]: Inside Decision Making, neighbours opinion: {'id1193': 'N', 'id223': 'N'}
[publish_wind_direction-2] [INFO] [1749223778.518247238] [publish_wind_direction]: Inside Decision Making, social opinions: {'N': 2}
[publish_wind_direction-2] [INFO] [1749223778.525670053] [publish_wind_direction]: Publishing: "id152:N"
[publish_wind_direction-2] [INFO] [1749223781.722970273] [publish_wind_direction]: Vicon Position= [-732.5599365234375, 67.19718933105469]
[publish_wind_direction-2] [INFO] [1749223781.725824421] [publish_wind_direction]: Neighbourhood size: 3
[publish_wind_direction-2] [INFO] [1749223783.484555976] [publish_wind_direction]: Publishing: "id152:N"
[publish_wind_direction-2] [INFO] [1749223784.821113197] [publish_wind_direction]: * Received from id1193, wind direction N
[publish_wind_direction-2] [INFO] [1749223784.824213290] [publish_wind_direction]: Publisher, neighbours_by_id={'id193', 'id136', 'id223'}
[publish_wind_direction-2] [INFO] [1749223788.574189177] [publish_wind_direction]: ***Cam angle= -999.0, vico ang deg= 16.055681879589077 Ground Truth= 97.05568187958909
[publish_wind_direction-2] [INFO] [1749223788.576562751] [publish_wind_direction]: Publisher, Neighbourhood size: 3
[publish_wind_direction-2] [INFO] [1749223788.578891732] [publish_wind_direction]: Decision Making Triggered
[publish_wind_direction-2] [INFO] [1749223788.581196010] [publish_wind_direction]: Publisher, Neighbours Opinion: 2
[publish_wind_direction-2] [INFO] [1749223788.583565677] [publish_wind_direction]: Inside Decision Making, neighbours opinion: {'id1193': 'N', 'id223': 'N'}
[publish_wind_direction-2] [INFO] [1749223788.585888547] [publish_wind_direction]: Inside Decision Making, social opinions: {'N': 2}
[publish_wind_direction-2] [INFO] [1749223788.590549417] [publish_wind_direction]: Publishing: "id152:N"
[publish_wind_direction-2] [INFO] [1749223793.484465914] [publish_wind_direction]: Publishing: "id152:N"
[publish_wind_direction-2] [INFO] [1749223797.501943023] [publish_wind_direction]: Vicon Position= [-732.5599365234375, 67.19718933105469]
[publish_wind_direction-2] [INFO] [1749223797.504863523] [publish_wind_direction]: Neighbourhood size: 3
[publish_wind_direction-2] [INFO] [1749223798.484525060] [publish_wind_direction]: Publishing: "id152:N"
[publish_wind_direction-2] [INFO] [1749223802.537851576] [publish_wind_direction]: Vicon Position= [-732.5599365234375, 67.19718933105469]
[publish_wind_direction-2] [INFO] [1749223802.540807020] [publish_wind_direction]: Neighbourhood size: 3
[publish_wind_direction-2] [INFO] [1749223803.484765427] [publish_wind_direction]: Publishing: "id152:N"
[publish_wind_direction-2] [INFO] [1749223808.484560035] [publish_wind_direction]: Publishing: "id152:N"
[publish_wind_direction-2] [INFO] [1749223809.796865831] [publish_wind_direction]: * Received from id151, wind direction E
[publish_wind_direction-2] [INFO] [1749223809.800680645] [publish_wind_direction]: Publisher, neighbours_by_id={'id193', 'id136', 'id223'}
[publish_wind_direction-2] [INFO] [1749223813.572954865] [publish_wind_direction]: ***Cam angle= -93.69055940293457, vico ang deg= 16.055681879589077 Ground Truth= 282.3651224766545
[publish_wind_direction-2] [INFO] [1749223813.575382865] [publish_wind_direction]: Publisher, Neighbourhood size: 3
[publish_wind_direction-2] [INFO] [1749223813.577680921] [publish_wind_direction]: Decision Making Triggered
[publish_wind_direction-2] [INFO] [1749223813.580085939] [publish_wind_direction]: Publisher, Neighbours Opinion: 2
[publish_wind_direction-2] [INFO] [1749223813.582490402] [publish_wind_direction]: Inside Decision Making, neighbours opinion: {'id1193': 'N', 'id223': 'N'}
[publish_wind_direction-2] [INFO] [1749223813.584826995] [publish_wind_direction]: Inside Decision Making, social opinions: {'N': 2}
[publish_wind_direction-2] [INFO] [1749223813.589588588] [publish_wind_direction]: Publishing: "id152:N"
[publish_wind_direction-2] [INFO] [1749223813.592447773] [publish_wind_direction]: * Received from id194, wind direction N
[publish_wind_direction-2] [INFO] [1749223813.594825014] [publish_wind_direction]: Publisher, neighbours_by_id={'id193', 'id136', 'id223'}
[publish_wind_direction-2] [INFO] [1749223817.372366030] [publish_wind_direction]: ***Cam angle= -999.0, vico ang deg= 16.055681879589077 Ground Truth= 97.05568187958909
[publish_wind_direction-2] [INFO] [1749223817.374792771] [publish_wind_direction]: Publisher, Neighbourhood size: 3
[publish_wind_direction-2] [INFO] [1749223817.377145956] [publish_wind_direction]: Decision Making Triggered
[publish_wind_direction-2] [INFO] [1749223817.379535845] [publish_wind_direction]: Publisher, Neighbours Opinion: 2
[publish_wind_direction-2] [INFO] [1749223817.381889122] [publish_wind_direction]: Inside Decision Making, neighbours opinion: {'id1193': 'N', 'id223': 'N'}
[publish_wind_direction-2] [INFO] [1749223817.384270289] [publish_wind_direction]: Inside Decision Making, social opinions: {'N': 2}
[publish_wind_direction-2] [INFO] [1749223817.387861622] [publish_wind_direction]: * Received from id194, wind direction N
[publish_wind_direction-2] [INFO] [1749223817.390271437] [publish_wind_direction]: Publisher, neighbours_by_id={'id193', 'id136', 'id223'}
[publish_wind_direction-2] [INFO] [1749223821.428453194] [publish_wind_direction]: ***Cam angle= -118.27649248999423, vico ang deg= 16.055681879589077 Ground Truth= 257.7791893895949
[publish_wind_direction-2] [INFO] [1749223821.430769416] [publish_wind_direction]: Publisher, Neighbourhood size: 3
[publish_wind_direction-2] [INFO] [1749223821.433120916] [publish_wind_direction]: Decision Making Triggered
[publish_wind_direction-2] [INFO] [1749223821.435504046] [publish_wind_direction]: Publisher, Neighbours Opinion: 2
[publish_wind_direction-2] [INFO] [1749223821.437880657] [publish_wind_direction]: Inside Decision Making, neighbours opinion: {'id1193': 'N', 'id223': 'N'}
[publish_wind_direction-2] [INFO] [1749223821.440299046] [publish_wind_direction]: Inside Decision Making, social opinions: {'N': 2}
[publish_wind_direction-2] [INFO] [1749223821.445119157] [publish_wind_direction]: Publishing: "id152:N"
[publish_wind_direction-2] [INFO] [1749223822.689509249] [publish_wind_direction]: Vicon Position= [-732.5599365234375, 67.19718933105469]
[publish_wind_direction-2] [INFO] [1749223822.692518971] [publish_wind_direction]: Neighbourhood size: 3
[publish_wind_direction-2] [INFO] [1749223823.484931896] [publish_wind_direction]: Publishing: "id152:N"
[publish_wind_direction-2] [INFO] [1749223825.670753877] [publish_wind_direction]: Vicon Position= [-732.5599365234375, 67.19718933105469]
[publish_wind_direction-2] [INFO] [1749223825.673499710] [publish_wind_direction]: Neighbourhood size: 3
[publish_wind_direction-2] [INFO] [1749223826.009884321] [publish_wind_direction]: * Received from id151, wind direction W
[publish_wind_direction-2] [INFO] [1749223826.012619876] [publish_wind_direction]: Publisher, neighbours_by_id={'id193', 'id136', 'id223'}
[publish_wind_direction-2] [INFO] [1749223829.797391022] [publish_wind_direction]: ***Cam angle= -212.5032595709881, vico ang deg= 16.055681879589077 Ground Truth= 163.552422308601
[publish_wind_direction-2] [INFO] [1749223829.799857282] [publish_wind_direction]: Publisher, Neighbourhood size: 3
[publish_wind_direction-2] [INFO] [1749223829.802270171] [publish_wind_direction]: Decision Making Triggered
[publish_wind_direction-2] [INFO] [1749223829.804618541] [publish_wind_direction]: Publisher, Neighbours Opinion: 2
[publish_wind_direction-2] [INFO] [1749223829.807046078] [publish_wind_direction]: Inside Decision Making, neighbours opinion: {'id1193': 'N', 'id223': 'N'}
[publish_wind_direction-2] [INFO] [1749223829.809431559] [publish_wind_direction]: Inside Decision Making, social opinions: {'N': 2}
[publish_wind_direction-2] [INFO] [1749223829.814271059] [publish_wind_direction]: Publishing: "id152:N"
[publish_wind_direction-2] [INFO] [1749223829.817069467] [publish_wind_direction]: * Received from id151, wind direction W
[publish_wind_direction-2] [INFO] [1749223829.819464078] [publish_wind_direction]: Publisher, neighbours_by_id={'id193', 'id136', 'id223'}
[publish_wind_direction-2] [INFO] [1749223833.853472594] [publish_wind_direction]: ***Cam angle= -240.93058952612867, vico ang deg= 16.055681879589077 Ground Truth= 135.12509235346042
[publish_wind_direction-2] [INFO] [1749223833.855901001] [publish_wind_direction]: Publisher, Neighbourhood size: 3
[publish_wind_direction-2] [INFO] [1749223833.858303668] [publish_wind_direction]: Decision Making Triggered
[publish_wind_direction-2] [INFO] [1749223833.860639501] [publish_wind_direction]: Publisher, Neighbours Opinion: 2
[publish_wind_direction-2] [INFO] [1749223833.863036427] [publish_wind_direction]: Inside Decision Making, neighbours opinion: {'id1193': 'N', 'id223': 'N'}
[publish_wind_direction-2] [INFO] [1749223833.865532946] [publish_wind_direction]: Inside Decision Making, social opinions: {'N': 2}
[publish_wind_direction-2] [INFO] [1749223833.870249946] [publish_wind_direction]: Publishing: "id152:N"
[publish_wind_direction-2] [INFO] [1749223838.484373276] [publish_wind_direction]: Publishing: "id152:N"
[publish_wind_direction-2] [INFO] [1749223843.042129107] [publish_wind_direction]: Vicon Position= [-732.5599365234375, 67.19718933105469]
[publish_wind_direction-2] [INFO] [1749223843.044938163] [publish_wind_direction]: Neighbourhood size: 3
[publish_wind_direction-2] [INFO] [1749223843.484422736] [publish_wind_direction]: Publishing: "id152:N"
[publish_wind_direction-2] [INFO] [1749223848.484405919] [publish_wind_direction]: Publishing: "id152:N"
[publish_wind_direction-2] [INFO] [1749223853.484630323] [publish_wind_direction]: Publishing: "id152:N"
[publish_wind_direction-2] [INFO] [1749223858.484577079] [publish_wind_direction]: Publishing: "id152:N"
[publish_wind_direction-2] [INFO] [1749223863.484498113] [publish_wind_direction]: Publishing: "id152:N"
[publish_wind_direction-2] [INFO] [1749223865.065544890] [publish_wind_direction]: * Received from id1193, wind direction S
[publish_wind_direction-2] [INFO] [1749223865.068308538] [publish_wind_direction]: Publisher, neighbours_by_id={'id193', 'id136', 'id223'}
[publish_wind_direction-2] [INFO] [1749223868.857190092] [publish_wind_direction]: ***Cam angle= 88.23204911743724, vico ang deg= 16.055681879589077 Ground Truth= 104.28773099702632
[publish_wind_direction-2] [INFO] [1749223868.859644481] [publish_wind_direction]: Publisher, Neighbourhood size: 3
[publish_wind_direction-2] [INFO] [1749223868.862040703] [publish_wind_direction]: Decision Making Triggered
[publish_wind_direction-2] [INFO] [1749223868.864386295] [publish_wind_direction]: Publisher, Neighbours Opinion: 2
[publish_wind_direction-2] [INFO] [1749223868.866900592] [publish_wind_direction]: Inside Decision Making, neighbours opinion: {'id1193': 'N', 'id223': 'N'}
[publish_wind_direction-2] [INFO] [1749223868.869295314] [publish_wind_direction]: Inside Decision Making, social opinions: {'N': 2}
[publish_wind_direction-2] [INFO] [1749223868.874172962] [publish_wind_direction]: Publishing: "id152:N"
[publish_wind_direction-2] [INFO] [1749223868.877011740] [publish_wind_direction]: * Received from id192, wind direction W
[publish_wind_direction-2] [INFO] [1749223868.879447073] [publish_wind_direction]: Publisher, neighbours_by_id={'id193', 'id136', 'id223'}
[publish_wind_direction-2] [INFO] [1749223872.772410941] [publish_wind_direction]: ***Cam angle= -999.0, vico ang deg= 16.055681879589077 Ground Truth= 97.05568187958909
[publish_wind_direction-2] [INFO] [1749223872.774843163] [publish_wind_direction]: Publisher, Neighbourhood size: 3
[publish_wind_direction-2] [INFO] [1749223872.777194997] [publish_wind_direction]: Decision Making Triggered
[publish_wind_direction-2] [INFO] [1749223872.779525719] [publish_wind_direction]: Publisher, Neighbours Opinion: 2
[publish_wind_direction-2] [INFO] [1749223872.781845812] [publish_wind_direction]: Inside Decision Making, neighbours opinion: {'id1193': 'N', 'id223': 'N'}
[publish_wind_direction-2] [INFO] [1749223872.784204349] [publish_wind_direction]: Inside Decision Making, social opinions: {'N': 2}
[publish_wind_direction-2] [INFO] [1749223873.484614959] [publish_wind_direction]: Publishing: "id152:N"
[publish_wind_direction-2] [INFO] [1749223878.249091086] [publish_wind_direction]: Vicon Position= [-732.5599365234375, 67.19718933105469]
[publish_wind_direction-2] [INFO] [1749223878.251951049] [publish_wind_direction]: Neighbourhood size: 3
[publish_wind_direction-2] [INFO] [1749223878.484417012] [publish_wind_direction]: Publishing: "id152:N"
[publish_wind_direction-2] [INFO] [1749223883.484429379] [publish_wind_direction]: Publishing: "id152:N"
[publish_wind_direction-2] [INFO] [1749223888.326613376] [publish_wind_direction]: Vicon Position= [-732.5599365234375, 67.19718933105469]
[publish_wind_direction-2] [INFO] [1749223888.329772969] [publish_wind_direction]: Neighbourhood size: 3
[publish_wind_direction-2] [INFO] [1749223888.484031561] [publish_wind_direction]: Publishing: "id152:N"
[publish_wind_direction-2] [INFO] [1749223892.778764392] [publish_wind_direction]: Vicon Position= [-732.5599365234375, 67.19718933105469]
[publish_wind_direction-2] [INFO] [1749223892.781647189] [publish_wind_direction]: Neighbourhood size: 3
[publish_wind_direction-2] [INFO] [1749223893.484531151] [publish_wind_direction]: Publishing: "id152:N"
[publish_wind_direction-2] [INFO] [1749223897.243688575] [publish_wind_direction]: Vicon Position= [-732.5599365234375, 67.19718933105469]
[publish_wind_direction-2] [INFO] [1749223897.246915982] [publish_wind_direction]: Neighbourhood size: 3
[publish_wind_direction-2] [INFO] [1749223898.485029352] [publish_wind_direction]: Publishing: "id152:N"
[publish_wind_direction-2] [INFO] [1749223903.484731738] [publish_wind_direction]: Publishing: "id152:N"
[publish_wind_direction-2] [INFO] [1749223908.186158827] [publish_wind_direction]: * Received from id194, wind direction N
[publish_wind_direction-2] [INFO] [1749223908.189098698] [publish_wind_direction]: Publisher, neighbours_by_id={'id193', 'id136', 'id223'}
[publish_wind_direction-2] [INFO] [1749223911.877851918] [publish_wind_direction]: ***Cam angle= 74.70715342175197, vico ang deg= 16.055681879589077 Ground Truth= 90.76283530134104
[publish_wind_direction-2] [INFO] [1749223911.880301788] [publish_wind_direction]: Publisher, Neighbourhood size: 3
[publish_wind_direction-2] [INFO] [1749223911.882735918] [publish_wind_direction]: Decision Making Triggered
[publish_wind_direction-2] [INFO] [1749223911.885083251] [publish_wind_direction]: Publisher, Neighbours Opinion: 2
[publish_wind_direction-2] [INFO] [1749223911.887504714] [publish_wind_direction]: Inside Decision Making, neighbours opinion: {'id1193': 'N', 'id223': 'N'}
[publish_wind_direction-2] [INFO] [1749223911.889867233] [publish_wind_direction]: Inside Decision Making, social opinions: {'N': 2}
[publish_wind_direction-2] [INFO] [1749223911.894726085] [publish_wind_direction]: Publishing: "id152:N"
[publish_wind_direction-2] [INFO] [1749223912.073002047] [publish_wind_direction]: Vicon Position= [-732.5599365234375, 67.19718933105469]
[publish_wind_direction-2] [INFO] [1749223912.076022436] [publish_wind_direction]: Neighbourhood size: 3
[publish_wind_direction-2] [INFO] [1749223913.484404991] [publish_wind_direction]: Publishing: "id152:N"
[publish_wind_direction-2] [INFO] [1749223915.742177286] [publish_wind_direction]: * Received from id151, wind direction N
[publish_wind_direction-2] [INFO] [1749223915.745024212] [publish_wind_direction]: Publisher, neighbours_by_id={'id193', 'id136', 'id223'}
[publish_wind_direction-2] [INFO] [1749223919.787923284] [publish_wind_direction]: ***Cam angle= 24.320469414551766, vico ang deg= 16.055681879589077 Ground Truth= 40.37615129414084
[publish_wind_direction-2] [INFO] [1749223919.790368432] [publish_wind_direction]: Publisher, Neighbourhood size: 3
[publish_wind_direction-2] [INFO] [1749223919.792692469] [publish_wind_direction]: Decision Making Triggered
[publish_wind_direction-2] [INFO] [1749223919.795066802] [publish_wind_direction]: Publisher, Neighbours Opinion: 2
[publish_wind_direction-2] [INFO] [1749223919.797424728] [publish_wind_direction]: Inside Decision Making, neighbours opinion: {'id1193': 'N', 'id223': 'N'}
[publish_wind_direction-2] [INFO] [1749223919.799787006] [publish_wind_direction]: Inside Decision Making, social opinions: {'N': 2}
[publish_wind_direction-2] [INFO] [1749223919.804539876] [publish_wind_direction]: Publishing: "id152:N"
[publish_wind_direction-2] [INFO] [1749223920.143726376] [publish_wind_direction]: Vicon Position= [-732.5599365234375, 67.19718933105469]
[publish_wind_direction-2] [INFO] [1749223920.146709431] [publish_wind_direction]: Neighbourhood size: 3
[publish_wind_direction-2] [INFO] [1749223923.484471152] [publish_wind_direction]: Publishing: "id152:N"
[publish_wind_direction-2] [INFO] [1749223928.484448593] [publish_wind_direction]: Publishing: "id152:N"
[publish_wind_direction-2] [INFO] [1749223932.663374387] [publish_wind_direction]: Vicon Position= [-732.5599365234375, 67.19718933105469]
[publish_wind_direction-2] [INFO] [1749223932.666202776] [publish_wind_direction]: Neighbourhood size: 3
[publish_wind_direction-2] [INFO] [1749223933.484608701] [publish_wind_direction]: Publishing: "id152:N"
[publish_wind_direction-2] [INFO] [1749223938.484541328] [publish_wind_direction]: Publishing: "id152:N"
[publish_wind_direction-2] [INFO] [1749223940.578332438] [publish_wind_direction]: * Received from id194, wind direction N
[publish_wind_direction-2] [INFO] [1749223940.581026216] [publish_wind_direction]: Publisher, neighbours_by_id={'id193', 'id136', 'id223'}
[publish_wind_direction-2] [INFO] [1749223944.346571658] [publish_wind_direction]: ***Cam angle= -199.23891126079693, vico ang deg= 16.055681879589077 Ground Truth= 176.81677061879216
[publish_wind_direction-2] [INFO] [1749223944.348978658] [publish_wind_direction]: Publisher, Neighbourhood size: 3
[publish_wind_direction-2] [INFO] [1749223944.351359806] [publish_wind_direction]: Decision Making Triggered
[publish_wind_direction-2] [INFO] [1749223944.353691065] [publish_wind_direction]: Publisher, Neighbours Opinion: 2
[publish_wind_direction-2] [INFO] [1749223944.356076787] [publish_wind_direction]: Inside Decision Making, neighbours opinion: {'id1193': 'N', 'id223': 'N'}
[publish_wind_direction-2] [INFO] [1749223944.358452213] [publish_wind_direction]: Inside Decision Making, social opinions: {'N': 2}
[publish_wind_direction-2] [INFO] [1749223944.363198417] [publish_wind_direction]: Publishing: "id152:N"
[publish_wind_direction-2] [INFO] [1749223944.367050806] [publish_wind_direction]: Vicon Position= [-732.5599365234375, 67.19718933105469]
[publish_wind_direction-2] [INFO] [1749223944.369661824] [publish_wind_direction]: Neighbourhood size: 3
[publish_wind_direction-2] [INFO] [1749223944.372506121] [publish_wind_direction]: * Received from id193, wind direction N
[publish_wind_direction-2] [INFO] [1749223944.374904824] [publish_wind_direction]: Publisher, neighbours_by_id={'id193', 'id136', 'id223'}
[publish_wind_direction-2] [INFO] [1749223948.184623915] [publish_wind_direction]: ***Cam angle= -202.68808210517594, vico ang deg= 16.055681879589077 Ground Truth= 173.36759977441315
[publish_wind_direction-2] [INFO] [1749223948.187095804] [publish_wind_direction]: Publisher, Neighbourhood size: 3
[publish_wind_direction-2] [INFO] [1749223948.189435007] [publish_wind_direction]: Decision Making Triggered
[publish_wind_direction-2] [INFO] [1749223948.191705063] [publish_wind_direction]: Publisher, Neighbours Opinion: 3
[publish_wind_direction-2] [INFO] [1749223948.194126248] [publish_wind_direction]: Inside Decision Making, neighbours opinion: {'id1193': 'N', 'id223': 'N', 'id193': 'N'}
[publish_wind_direction-2] [INFO] [1749223948.196509933] [publish_wind_direction]: Inside Decision Making, social opinions: {'N': 3}
[publish_wind_direction-2] [INFO] [1749223948.201172970] [publish_wind_direction]: Vicon Position= [-732.5599365234375, 67.19718933105469]
[publish_wind_direction-2] [INFO] [1749223948.203734526] [publish_wind_direction]: Neighbourhood size: 3
[publish_wind_direction-2] [INFO] [1749223948.484438563] [publish_wind_direction]: Publishing: "id152:N"
[publish_wind_direction-2] [INFO] [1749223953.484389319] [publish_wind_direction]: Publishing: "id152:N"
[publish_wind_direction-2] [INFO] [1749223958.484431890] [publish_wind_direction]: Publishing: "id152:N"
[publish_wind_direction-2] [INFO] [1749223960.538109963] [publish_wind_direction]: Vicon Position= [-732.5599365234375, 67.19718933105469]
[publish_wind_direction-2] [INFO] [1749223960.540913259] [publish_wind_direction]: Neighbourhood size: 3
[publish_wind_direction-2] [INFO] [1749223963.484409165] [publish_wind_direction]: Publishing: "id152:N"
[publish_wind_direction-2] [INFO] [1749223968.484581088] [publish_wind_direction]: Publishing: "id152:N"
[publish_wind_direction-2] [INFO] [1749223973.484537733] [publish_wind_direction]: Publishing: "id152:N"
[publish_wind_direction-2] [INFO] [1749223975.808177269] [publish_wind_direction]: Vicon Position= [-732.5599365234375, 67.19718933105469]
[publish_wind_direction-2] [INFO] [1749223975.811038750] [publish_wind_direction]: Neighbourhood size: 3
[publish_wind_direction-2] [INFO] [1749223978.484562915] [publish_wind_direction]: Publishing: "id152:N"
[publish_wind_direction-2] [INFO] [1749223978.823590193] [publish_wind_direction]: * Received from id194, wind direction N
[publish_wind_direction-2] [INFO] [1749223978.826332637] [publish_wind_direction]: Publisher, neighbours_by_id={'id193', 'id136', 'id223'}
[publish_wind_direction-2] [INFO] [1749223982.980591172] [publish_wind_direction]: ***Cam angle= -220.38279056210425, vico ang deg= 16.055681879589077 Ground Truth= 155.67289131748484
[publish_wind_direction-2] [INFO] [1749223982.984063876] [publish_wind_direction]: Publisher, Neighbourhood size: 3
[publish_wind_direction-2] [INFO] [1749223982.987442764] [publish_wind_direction]: Decision Making Triggered
[publish_wind_direction-2] [INFO] [1749223982.990776950] [publish_wind_direction]: Publisher, Neighbours Opinion: 3
[publish_wind_direction-2] [INFO] [1749223982.994099635] [publish_wind_direction]: Inside Decision Making, neighbours opinion: {'id1193': 'N', 'id223': 'N', 'id193': 'N'}
[publish_wind_direction-2] [INFO] [1749223982.997659338] [publish_wind_direction]: Inside Decision Making, social opinions: {'N': 3}
[publish_wind_direction-2] [INFO] [1749223983.004180838] [publish_wind_direction]: Vicon Position= [-732.5599365234375, 67.19718933105469]
[publish_wind_direction-2] [INFO] [1749223983.007632857] [publish_wind_direction]: Neighbourhood size: 3
[publish_wind_direction-2] [INFO] [1749223983.011751172] [publish_wind_direction]: * Received from id192, wind direction S
[publish_wind_direction-2] [INFO] [1749223983.015077431] [publish_wind_direction]: Publisher, neighbours_by_id={'id193', 'id136', 'id223'}
[publish_wind_direction-2] [INFO] [1749223986.856385040] [publish_wind_direction]: ***Cam angle= -143.4637495778428, vico ang deg= 16.055681879589077 Ground Truth= 232.59193230174628
[publish_wind_direction-2] [INFO] [1749223986.858800169] [publish_wind_direction]: Publisher, Neighbourhood size: 3
[publish_wind_direction-2] [INFO] [1749223986.861127540] [publish_wind_direction]: Decision Making Triggered
[publish_wind_direction-2] [INFO] [1749223986.863511207] [publish_wind_direction]: Publisher, Neighbours Opinion: 3
[publish_wind_direction-2] [INFO] [1749223986.865856429] [publish_wind_direction]: Inside Decision Making, neighbours opinion: {'id1193': 'N', 'id223': 'N', 'id193': 'N'}
[publish_wind_direction-2] [INFO] [1749223986.868321040] [publish_wind_direction]: Inside Decision Making, social opinions: {'N': 3}
[publish_wind_direction-2] [INFO] [1749223986.873146966] [publish_wind_direction]: Publishing: "id152:N"
[publish_wind_direction-2] [INFO] [1749223988.484399113] [publish_wind_direction]: Publishing: "id152:N"
[publish_wind_direction-2] [INFO] [1749223993.484391943] [publish_wind_direction]: Publishing: "id152:N"
[publish_wind_direction-2] [INFO] [1749223998.484749348] [publish_wind_direction]: Publishing: "id152:N"
[publish_wind_direction-2] [INFO] [1749223999.242258199] [publish_wind_direction]: Vicon Position= [-732.5599365234375, 67.19718933105469]
[publish_wind_direction-2] [INFO] [1749223999.245053699] [publish_wind_direction]: Neighbourhood size: 3
[publish_wind_direction-2] [INFO] [1749223999.756038366] [publish_wind_direction]: * Received from id193, wind direction N
[publish_wind_direction-2] [INFO] [1749223999.758830680] [publish_wind_direction]: Publisher, neighbours_by_id={'id193', 'id136', 'id223'}
[publish_wind_direction-2] [INFO] [1749224003.563335104] [publish_wind_direction]: ***Cam angle= -999.0, vico ang deg= 16.055681879589077 Ground Truth= 97.05568187958909
[publish_wind_direction-2] [INFO] [1749224003.565706808] [publish_wind_direction]: Publisher, Neighbourhood size: 3
[publish_wind_direction-2] [INFO] [1749224003.568066085] [publish_wind_direction]: Decision Making Triggered
[publish_wind_direction-2] [INFO] [1749224003.570426789] [publish_wind_direction]: Publisher, Neighbours Opinion: 3
[publish_wind_direction-2] [INFO] [1749224003.572784048] [publish_wind_direction]: Inside Decision Making, neighbours opinion: {'id1193': 'N', 'id223': 'N', 'id193': 'N'}
[publish_wind_direction-2] [INFO] [1749224003.575150808] [publish_wind_direction]: Inside Decision Making, social opinions: {'N': 3}
[publish_wind_direction-2] [INFO] [1749224003.579919715] [publish_wind_direction]: Publishing: "id152:N"
[publish_wind_direction-2] [INFO] [1749224008.484578953] [publish_wind_direction]: Publishing: "id152:N"
[publish_wind_direction-2] [INFO] [1749224010.714464655] [publish_wind_direction]: Vicon Position= [-732.5599365234375, 67.19718933105469]
[publish_wind_direction-2] [INFO] [1749224010.717486489] [publish_wind_direction]: Neighbourhood size: 3
[publish_wind_direction-2] [INFO] [1749224013.484605357] [publish_wind_direction]: Publishing: "id152:N"
[publish_wind_direction-2] [INFO] [1749224018.484526780] [publish_wind_direction]: Publishing: "id152:N"
[publish_wind_direction-2] [INFO] [1749224023.484527296] [publish_wind_direction]: Publishing: "id152:N"
[publish_wind_direction-2] [INFO] [1749224028.484452219] [publish_wind_direction]: Publishing: "id152:N"
[publish_wind_direction-2] [INFO] [1749224031.646260939] [publish_wind_direction]: * Received from id192, wind direction S
[publish_wind_direction-2] [INFO] [1749224031.649072772] [publish_wind_direction]: Publisher, neighbours_by_id={'id193', 'id136', 'id223'}
[publish_wind_direction-2] [INFO] [1749224035.371333511] [publish_wind_direction]: ***Cam angle= -999.0, vico ang deg= 16.055681879589077 Ground Truth= 97.05568187958909
[publish_wind_direction-2] [INFO] [1749224035.373764159] [publish_wind_direction]: Publisher, Neighbourhood size: 3
[publish_wind_direction-2] [INFO] [1749224035.376161659] [publish_wind_direction]: Decision Making Triggered
[publish_wind_direction-2] [INFO] [1749224035.378572455] [publish_wind_direction]: Publisher, Neighbours Opinion: 3
[publish_wind_direction-2] [INFO] [1749224035.380977511] [publish_wind_direction]: Inside Decision Making, neighbours opinion: {'id1193': 'N', 'id223': 'N', 'id193': 'N'}
[publish_wind_direction-2] [INFO] [1749224035.383420529] [publish_wind_direction]: Inside Decision Making, social opinions: {'N': 3}
[publish_wind_direction-2] [INFO] [1749224035.388226900] [publish_wind_direction]: Publishing: "id152:N"
[publish_wind_direction-2] [INFO] [1749224038.484428176] [publish_wind_direction]: Publishing: "id152:N"
[publish_wind_direction-2] [INFO] [1749224039.741838527] [publish_wind_direction]: * Received from id194, wind direction N
[publish_wind_direction-2] [INFO] [1749224039.744968434] [publish_wind_direction]: Publisher, neighbours_by_id={'id193', 'id136', 'id223'}
[publish_wind_direction-2] [INFO] [1749224043.686278210] [publish_wind_direction]: ***Cam angle= -999.0, vico ang deg= 16.055681879589077 Ground Truth= 97.05568187958909
[publish_wind_direction-2] [INFO] [1749224043.688686487] [publish_wind_direction]: Publisher, Neighbourhood size: 3
[publish_wind_direction-2] [INFO] [1749224043.691114450] [publish_wind_direction]: Decision Making Triggered
[publish_wind_direction-2] [INFO] [1749224043.693456950] [publish_wind_direction]: Publisher, Neighbours Opinion: 3
[publish_wind_direction-2] [INFO] [1749224043.695873469] [publish_wind_direction]: Inside Decision Making, neighbours opinion: {'id1193': 'N', 'id223': 'N', 'id193': 'N'}
[publish_wind_direction-2] [INFO] [1749224043.698314506] [publish_wind_direction]: Inside Decision Making, social opinions: {'N': 3}
[publish_wind_direction-2] [INFO] [1749224043.703190932] [publish_wind_direction]: Publishing: "id152:N"
[publish_wind_direction-2] [INFO] [1749224043.706174636] [publish_wind_direction]: * Received from id194, wind direction N
[publish_wind_direction-2] [INFO] [1749224043.708534136] [publish_wind_direction]: Publisher, neighbours_by_id={'id193', 'id136', 'id223'}
[publish_wind_direction-2] [INFO] [1749224047.655758318] [publish_wind_direction]: ***Cam angle= -999.0, vico ang deg= 16.055681879589077 Ground Truth= 97.05568187958909
[publish_wind_direction-2] [INFO] [1749224047.659146911] [publish_wind_direction]: Publisher, Neighbourhood size: 3
[publish_wind_direction-2] [INFO] [1749224047.662494670] [publish_wind_direction]: Decision Making Triggered
[publish_wind_direction-2] [INFO] [1749224047.665792152] [publish_wind_direction]: Publisher, Neighbours Opinion: 3
[publish_wind_direction-2] [INFO] [1749224047.669348300] [publish_wind_direction]: Inside Decision Making, neighbours opinion: {'id1193': 'N', 'id223': 'N', 'id193': 'N'}
[publish_wind_direction-2] [INFO] [1749224047.672723467] [publish_wind_direction]: Inside Decision Making, social opinions: {'N': 3}
[publish_wind_direction-2] [INFO] [1749224047.679268689] [publish_wind_direction]: Vicon Position= [-732.5599365234375, 67.19718933105469]
[publish_wind_direction-2] [INFO] [1749224047.682752726] [publish_wind_direction]: Neighbourhood size: 3
[publish_wind_direction-2] [INFO] [1749224048.484675170] [publish_wind_direction]: Publishing: "id152:N"
[publish_wind_direction-2] [INFO] [1749224053.484766778] [publish_wind_direction]: Publishing: "id152:N"
[publish_wind_direction-2] [INFO] [1749224053.791241593] [publish_wind_direction]: * Received from id192, wind direction S
[publish_wind_direction-2] [INFO] [1749224053.794141370] [publish_wind_direction]: Publisher, neighbours_by_id={'id193', 'id136', 'id223'}
[publish_wind_direction-2] [INFO] [1749224057.736094942] [publish_wind_direction]: ***Cam angle= -261.36041240168356, vico ang deg= 16.055681879589077 Ground Truth= 114.69526947790553
[publish_wind_direction-2] [INFO] [1749224057.739513127] [publish_wind_direction]: Publisher, Neighbourhood size: 3
[publish_wind_direction-2] [INFO] [1749224057.742887257] [publish_wind_direction]: Decision Making Triggered
[publish_wind_direction-2] [INFO] [1749224057.746240868] [publish_wind_direction]: Publisher, Neighbours Opinion: 3
[publish_wind_direction-2] [INFO] [1749224057.749592627] [publish_wind_direction]: Inside Decision Making, neighbours opinion: {'id1193': 'N', 'id223': 'N', 'id193': 'N'}
[publish_wind_direction-2] [INFO] [1749224057.753142498] [publish_wind_direction]: Inside Decision Making, social opinions: {'N': 3}
[publish_wind_direction-2] [INFO] [1749224058.486052349] [publish_wind_direction]: Publishing: "id152:N"
[publish_wind_direction-2] [INFO] [1749224063.484392068] [publish_wind_direction]: Publishing: "id152:N"
[publish_wind_direction-2] [INFO] [1749224068.484504213] [publish_wind_direction]: Publishing: "id152:N"
[publish_wind_direction-2] [INFO] [1749224072.752137044] [publish_wind_direction]: Vicon Position= [-732.5599365234375, 67.19718933105469]
[publish_wind_direction-2] [INFO] [1749224072.755072266] [publish_wind_direction]: Neighbourhood size: 3
[publish_wind_direction-2] [INFO] [1749224073.484381544] [publish_wind_direction]: Publishing: "id152:N"
[publish_wind_direction-2] [INFO] [1749224077.625581967] [publish_wind_direction]: * Received from id151, wind direction N
[publish_wind_direction-2] [INFO] [1749224077.628430412] [publish_wind_direction]: Publisher, neighbours_by_id={'id193', 'id136', 'id223'}
[publish_wind_direction-2] [INFO] [1749224081.511483909] [publish_wind_direction]: ***Cam angle= 52.231266103080515, vico ang deg= 16.055681879589077 Ground Truth= 68.28694798266959
[publish_wind_direction-2] [INFO] [1749224081.513874039] [publish_wind_direction]: Publisher, Neighbourhood size: 3
[publish_wind_direction-2] [INFO] [1749224081.516235354] [publish_wind_direction]: Decision Making Triggered
[publish_wind_direction-2] [INFO] [1749224081.518654595] [publish_wind_direction]: Publisher, Neighbours Opinion: 3
[publish_wind_direction-2] [INFO] [1749224081.521007798] [publish_wind_direction]: Inside Decision Making, neighbours opinion: {'id1193': 'N', 'id223': 'N', 'id193': 'N'}
[publish_wind_direction-2] [INFO] [1749224081.523380261] [publish_wind_direction]: Inside Decision Making, social opinions: {'N': 3}
[publish_wind_direction-2] [INFO] [1749224081.528298187] [publish_wind_direction]: Publishing: "id152:N"
[publish_wind_direction-2] [INFO] [1749224081.532138687] [publish_wind_direction]: Vicon Position= [-732.5599365234375, 67.19718933105469]
[publish_wind_direction-2] [INFO] [1749224081.534661446] [publish_wind_direction]: Neighbourhood size: 3
[publish_wind_direction-2] [INFO] [1749224081.577002946] [publish_wind_direction]: * Received from id136, wind direction W
[publish_wind_direction-2] [INFO] [1749224081.580943372] [publish_wind_direction]: Publisher, neighbours_by_id={'id193', 'id136', 'id223'}
[publish_wind_direction-2] [INFO] [1749224085.501535166] [publish_wind_direction]: ***Cam angle= -999.0, vico ang deg= 16.055681879589077 Ground Truth= 97.05568187958909
[publish_wind_direction-2] [INFO] [1749224085.505127574] [publish_wind_direction]: Publisher, Neighbourhood size: 3
[publish_wind_direction-2] [INFO] [1749224085.508514240] [publish_wind_direction]: Decision Making Triggered
[publish_wind_direction-2] [INFO] [1749224085.511769685] [publish_wind_direction]: Publisher, Neighbours Opinion: 4
[publish_wind_direction-2] [INFO] [1749224085.515372759] [publish_wind_direction]: Inside Decision Making, neighbours opinion: {'id1193': 'N', 'id223': 'N', 'id193': 'N', 'id136': 'W'}
[publish_wind_direction-2] [INFO] [1749224085.518787851] [publish_wind_direction]: Inside Decision Making, social opinions: {'N': 3, 'W': 1}
[publish_wind_direction-2] [INFO] [1749224085.526155092] [publish_wind_direction]: Publishing: "id152:W"
[publish_wind_direction-2] [INFO] [1749224085.530366870] [publish_wind_direction]: * Received from id223, wind direction N
[publish_wind_direction-2] [INFO] [1749224085.534044518] [publish_wind_direction]: Publisher, neighbours_by_id={'id193', 'id136', 'id223'}
[publish_wind_direction-2] [INFO] [1749224089.460462516] [publish_wind_direction]: ***Cam angle= -999.0, vico ang deg= 16.055681879589077 Ground Truth= 97.05568187958909
[publish_wind_direction-2] [INFO] [1749224089.463871682] [publish_wind_direction]: Publisher, Neighbourhood size: 3
[publish_wind_direction-2] [INFO] [1749224089.467174997] [publish_wind_direction]: Decision Making Triggered
[publish_wind_direction-2] [INFO] [1749224089.470492738] [publish_wind_direction]: Publisher, Neighbours Opinion: 4
[publish_wind_direction-2] [INFO] [1749224089.473828349] [publish_wind_direction]: Inside Decision Making, neighbours opinion: {'id1193': 'N', 'id223': 'N', 'id193': 'N', 'id136': 'W'}
[publish_wind_direction-2] [INFO] [1749224089.477394960] [publish_wind_direction]: Inside Decision Making, social opinions: {'N': 3, 'W': 1}
[publish_wind_direction-2] [INFO] [1749224089.484546905] [publish_wind_direction]: Publishing: "id152:W"
[publish_wind_direction-2] [INFO] [1749224092.790078829] [publish_wind_direction]: * Received from id151, wind direction N
[publish_wind_direction-2] [INFO] [1749224092.793360847] [publish_wind_direction]: Publisher, neighbours_by_id={'id193', 'id136', 'id223'}
[publish_wind_direction-2] [INFO] [1749224096.699731826] [publish_wind_direction]: ***Cam angle= -999.0, vico ang deg= 16.055681879589077 Ground Truth= 97.05568187958909
[publish_wind_direction-2] [INFO] [1749224096.702152048] [publish_wind_direction]: Publisher, Neighbourhood size: 3
[publish_wind_direction-2] [INFO] [1749224096.704464530] [publish_wind_direction]: Decision Making Triggered
[publish_wind_direction-2] [INFO] [1749224096.706943437] [publish_wind_direction]: Publisher, Neighbours Opinion: 4
[publish_wind_direction-2] [INFO] [1749224096.709454585] [publish_wind_direction]: Inside Decision Making, neighbours opinion: {'id1193': 'N', 'id223': 'N', 'id193': 'N', 'id136': 'W'}
[publish_wind_direction-2] [INFO] [1749224096.711952937] [publish_wind_direction]: Inside Decision Making, social opinions: {'N': 3, 'W': 1}
[publish_wind_direction-2] [INFO] [1749224096.716775623] [publish_wind_direction]: Publishing: "id152:W"
[publish_wind_direction-2] [INFO] [1749224096.720658789] [publish_wind_direction]: Vicon Position= [-732.5599365234375, 67.19718933105469]
[publish_wind_direction-2] [INFO] [1749224096.723176123] [publish_wind_direction]: Neighbourhood size: 3
[publish_wind_direction-2] [INFO] [1749224098.484425936] [publish_wind_direction]: Publishing: "id152:W"
[publish_wind_direction-2] [INFO] [1749224103.484392563] [publish_wind_direction]: Publishing: "id152:W"
[publish_wind_direction-2] [INFO] [1749224108.484575912] [publish_wind_direction]: Publishing: "id152:W"
[publish_wind_direction-2] [INFO] [1749224110.072290763] [publish_wind_direction]: Vicon Position= [-732.5599365234375, 67.19718933105469]
[publish_wind_direction-2] [INFO] [1749224110.075242948] [publish_wind_direction]: Neighbourhood size: 3
[publish_wind_direction-2] [INFO] [1749224113.484642575] [publish_wind_direction]: Publishing: "id152:W"
[publish_wind_direction-2] [INFO] [1749224115.452940500] [publish_wind_direction]: Vicon Position= [-732.5599365234375, 67.19718933105469]
[publish_wind_direction-2] [INFO] [1749224115.456412871] [publish_wind_direction]: Neighbourhood size: 3
[publish_wind_direction-2] [INFO] [1749224118.484542961] [publish_wind_direction]: Publishing: "id152:W"
[publish_wind_direction-2] [INFO] [1749224123.365194051] [publish_wind_direction]: Vicon Position= [-732.5599365234375, 67.19718933105469]
[publish_wind_direction-2] [INFO] [1749224123.367904958] [publish_wind_direction]: Neighbourhood size: 3
[publish_wind_direction-2] [INFO] [1749224123.484473070] [publish_wind_direction]: Publishing: "id152:W"
[publish_wind_direction-2] [INFO] [1749224128.484619048] [publish_wind_direction]: Publishing: "id152:W"
[publish_wind_direction-2] [INFO] [1749224133.484547934] [publish_wind_direction]: Publishing: "id152:W"
[publish_wind_direction-2] [INFO] [1749224138.484587283] [publish_wind_direction]: Publishing: "id152:W"
[publish_wind_direction-2] [INFO] [1749224140.697944985] [publish_wind_direction]: * Received from id223, wind direction N
[publish_wind_direction-2] [INFO] [1749224140.700816578] [publish_wind_direction]: Publisher, neighbours_by_id={'id193', 'id136', 'id223'}
[publish_wind_direction-2] [INFO] [1749224144.530864279] [publish_wind_direction]: ***Cam angle= -203.06846365969585, vico ang deg= 16.055681879589077 Ground Truth= 172.98721821989324
[publish_wind_direction-2] [INFO] [1749224144.533357335] [publish_wind_direction]: Publisher, Neighbourhood size: 3
[publish_wind_direction-2] [INFO] [1749224144.535824316] [publish_wind_direction]: Decision Making Triggered
[publish_wind_direction-2] [INFO] [1749224144.538218964] [publish_wind_direction]: Publisher, Neighbours Opinion: 4
[publish_wind_direction-2] [INFO] [1749224144.540602020] [publish_wind_direction]: Inside Decision Making, neighbours opinion: {'id1193': 'N', 'id223': 'N', 'id193': 'N', 'id136': 'W'}
[publish_wind_direction-2] [INFO] [1749224144.543005779] [publish_wind_direction]: Inside Decision Making, social opinions: {'N': 3, 'W': 1}
[publish_wind_direction-2] [INFO] [1749224144.547847001] [publish_wind_direction]: Publishing: "id152:N"
[publish_wind_direction-2] [INFO] [1749224144.551611316] [publish_wind_direction]: Vicon Position= [-732.5599365234375, 67.19718933105469]
[publish_wind_direction-2] [INFO] [1749224144.554167298] [publish_wind_direction]: Neighbourhood size: 3
[publish_wind_direction-2] [INFO] [1749224148.484458314] [publish_wind_direction]: Publishing: "id152:N"
[publish_wind_direction-2] [INFO] [1749224153.484406663] [publish_wind_direction]: Publishing: "id152:N"
[publish_wind_direction-2] [INFO] [1749224155.444782625] [publish_wind_direction]: Vicon Position= [-732.5599365234375, 67.19718933105469]
[publish_wind_direction-2] [INFO] [1749224155.447920125] [publish_wind_direction]: Neighbourhood size: 3
[publish_wind_direction-2] [INFO] [1749224158.484438808] [publish_wind_direction]: Publishing: "id152:N"
[publish_wind_direction-2] [INFO] [1749224163.484561083] [publish_wind_direction]: Publishing: "id152:N"
[publish_wind_direction-2] [INFO] [1749224168.484387339] [publish_wind_direction]: Publishing: "id152:N"
[publish_wind_direction-2] [INFO] [1749224173.484584095] [publish_wind_direction]: Publishing: "id152:N"
[publish_wind_direction-2] [INFO] [1749224177.460216537] [publish_wind_direction]: Vicon Position= [-732.5599365234375, 67.19718933105469]
[publish_wind_direction-2] [INFO] [1749224177.462966982] [publish_wind_direction]: Neighbourhood size: 3
[publish_wind_direction-2] [INFO] [1749224178.484429870] [publish_wind_direction]: Publishing: "id152:N"
[publish_wind_direction-2] [INFO] [1749224182.935373256] [publish_wind_direction]: Vicon Position= [-732.5599365234375, 67.19718933105469]
[publish_wind_direction-2] [INFO] [1749224182.938241201] [publish_wind_direction]: Neighbourhood size: 3
[publish_wind_direction-2] [INFO] [1749224183.484444312] [publish_wind_direction]: Publishing: "id152:N"
[publish_wind_direction-2] [INFO] [1749224186.745561198] [publish_wind_direction]: * Received from id194, wind direction N
[publish_wind_direction-2] [INFO] [1749224186.748815884] [publish_wind_direction]: Publisher, neighbours_by_id={'id193', 'id136', 'id223'}
[publish_wind_direction-2] [INFO] [1749224190.586486752] [publish_wind_direction]: ***Cam angle= -999.0, vico ang deg= 16.055681879589077 Ground Truth= 97.05568187958909
[publish_wind_direction-2] [INFO] [1749224190.590007937] [publish_wind_direction]: Publisher, Neighbourhood size: 3
[publish_wind_direction-2] [INFO] [1749224190.593362381] [publish_wind_direction]: Decision Making Triggered
[publish_wind_direction-2] [INFO] [1749224190.596804918] [publish_wind_direction]: Publisher, Neighbours Opinion: 4
[publish_wind_direction-2] [INFO] [1749224190.600324715] [publish_wind_direction]: Inside Decision Making, neighbours opinion: {'id1193': 'N', 'id223': 'N', 'id193': 'N', 'id136': 'W'}
[publish_wind_direction-2] [INFO] [1749224190.603754030] [publish_wind_direction]: Inside Decision Making, social opinions: {'N': 3, 'W': 1}
[publish_wind_direction-2] [INFO] [1749224190.610917085] [publish_wind_direction]: Publishing: "id152:W"
[publish_wind_direction-2] [INFO] [1749224193.484915324] [publish_wind_direction]: Publishing: "id152:W"
[publish_wind_direction-2] [INFO] [1749224198.484496414] [publish_wind_direction]: Publishing: "id152:W"
[publish_wind_direction-2] [INFO] [1749224203.484649874] [publish_wind_direction]: Publishing: "id152:W"
[publish_wind_direction-2] [INFO] [1749224208.484671167] [publish_wind_direction]: Publishing: "id152:W"
[publish_wind_direction-2] [INFO] [1749224208.639690260] [publish_wind_direction]: Vicon Position= [-732.5599365234375, 67.19718933105469]
[publish_wind_direction-2] [INFO] [1749224208.642757685] [publish_wind_direction]: Neighbourhood size: 3
[publish_wind_direction-2] [INFO] [1749224213.484449571] [publish_wind_direction]: Publishing: "id152:W"
[publish_wind_direction-2] [INFO] [1749224216.214997607] [publish_wind_direction]: Vicon Position= [-732.5599365234375, 67.19718933105469]
[publish_wind_direction-2] [INFO] [1749224216.217840144] [publish_wind_direction]: Neighbourhood size: 3
[publish_wind_direction-2] [INFO] [1749224218.484665476] [publish_wind_direction]: Publishing: "id152:W"
[publish_wind_direction-2] [INFO] [1749224218.955990124] [publish_wind_direction]: * Received from id195, wind direction E
[publish_wind_direction-2] [INFO] [1749224218.958989790] [publish_wind_direction]: Publisher, neighbours_by_id={'id193', 'id136', 'id223'}
[publish_wind_direction-2] [INFO] [1749224222.710758547] [publish_wind_direction]: ***Cam angle= -999.0, vico ang deg= 16.055681879589077 Ground Truth= 97.05568187958909
[publish_wind_direction-2] [INFO] [1749224222.713156751] [publish_wind_direction]: Publisher, Neighbourhood size: 3
[publish_wind_direction-2] [INFO] [1749224222.715606140] [publish_wind_direction]: Decision Making Triggered
[publish_wind_direction-2] [INFO] [1749224222.718000640] [publish_wind_direction]: Publisher, Neighbours Opinion: 4
[publish_wind_direction-2] [INFO] [1749224222.720373918] [publish_wind_direction]: Inside Decision Making, neighbours opinion: {'id1193': 'N', 'id223': 'N', 'id193': 'N', 'id136': 'W'}
[publish_wind_direction-2] [INFO] [1749224222.722951140] [publish_wind_direction]: Inside Decision Making, social opinions: {'N': 3, 'W': 1}
[publish_wind_direction-2] [INFO] [1749224223.484434917] [publish_wind_direction]: Publishing: "id152:W"
[publish_wind_direction-2] [INFO] [1749224228.484420433] [publish_wind_direction]: Publishing: "id152:W"
[publish_wind_direction-2] [INFO] [1749224233.484675597] [publish_wind_direction]: Publishing: "id152:W"
[publish_wind_direction-2] [INFO] [1749224233.776737633] [publish_wind_direction]: Vicon Position= [-732.5599365234375, 67.19718933105469]
[publish_wind_direction-2] [INFO] [1749224233.779859226] [publish_wind_direction]: Neighbourhood size: 3
[publish_wind_direction-2] [INFO] [1749224238.484454260] [publish_wind_direction]: Publishing: "id152:W"
[publish_wind_direction-2] [INFO] [1749224241.945562036] [publish_wind_direction]: * Received from id223, wind direction N
[publish_wind_direction-2] [INFO] [1749224241.948510166] [publish_wind_direction]: Publisher, neighbours_by_id={'id193', 'id136', 'id223'}
[publish_wind_direction-2] [INFO] [1749224245.956183922] [publish_wind_direction]: ***Cam angle= -999.0, vico ang deg= 16.055681879589077 Ground Truth= 97.05568187958909
[publish_wind_direction-2] [INFO] [1749224245.958667922] [publish_wind_direction]: Publisher, Neighbourhood size: 3
[publish_wind_direction-2] [INFO] [1749224245.961022904] [publish_wind_direction]: Decision Making Triggered
[publish_wind_direction-2] [INFO] [1749224245.963423515] [publish_wind_direction]: Publisher, Neighbours Opinion: 4
[publish_wind_direction-2] [INFO] [1749224245.965828145] [publish_wind_direction]: Inside Decision Making, neighbours opinion: {'id1193': 'N', 'id223': 'N', 'id193': 'N', 'id136': 'W'}
[publish_wind_direction-2] [INFO] [1749224245.968290922] [publish_wind_direction]: Inside Decision Making, social opinions: {'N': 3, 'W': 1}
[publish_wind_direction-2] [INFO] [1749224245.973122385] [publish_wind_direction]: Publishing: "id152:W"
[publish_wind_direction-2] [INFO] [1749224247.668561329] [publish_wind_direction]: * Received from id136, wind direction W
[publish_wind_direction-2] [INFO] [1749224247.671459162] [publish_wind_direction]: Publisher, neighbours_by_id={'id193', 'id136', 'id223'}
[publish_wind_direction-2] [INFO] [1749224251.327868104] [publish_wind_direction]: ***Cam angle= -210.06542594737311, vico ang deg= 16.055681879589077 Ground Truth= 165.99025593221597
[publish_wind_direction-2] [INFO] [1749224251.330314882] [publish_wind_direction]: Publisher, Neighbourhood size: 3
[publish_wind_direction-2] [INFO] [1749224251.332647753] [publish_wind_direction]: Decision Making Triggered
[publish_wind_direction-2] [INFO] [1749224251.335047438] [publish_wind_direction]: Publisher, Neighbours Opinion: 4
[publish_wind_direction-2] [INFO] [1749224251.337473401] [publish_wind_direction]: Inside Decision Making, neighbours opinion: {'id1193': 'N', 'id223': 'N', 'id193': 'N', 'id136': 'W'}
[publish_wind_direction-2] [INFO] [1749224251.340054401] [publish_wind_direction]: Inside Decision Making, social opinions: {'N': 3, 'W': 1}
[publish_wind_direction-2] [INFO] [1749224251.344860679] [publish_wind_direction]: Publishing: "id152:N"
[publish_wind_direction-2] [INFO] [1749224253.484352862] [publish_wind_direction]: Publishing: "id152:N"
[publish_wind_direction-2] [INFO] [1749224257.146952731] [publish_wind_direction]: Vicon Position= [-732.5599365234375, 67.19718933105469]
[publish_wind_direction-2] [INFO] [1749224257.149786268] [publish_wind_direction]: Neighbourhood size: 3
[publish_wind_direction-2] [INFO] [1749224257.971035156] [publish_wind_direction]: * Received from id151, wind direction N
[publish_wind_direction-2] [INFO] [1749224257.973845526] [publish_wind_direction]: Publisher, neighbours_by_id={'id193', 'id136', 'id223'}
[publish_wind_direction-2] [INFO] [1749224262.076469505] [publish_wind_direction]: ***Cam angle= -179.36982238254149, vico ang deg= 16.055681879589077 Ground Truth= 196.6858594970476
[publish_wind_direction-2] [INFO] [1749224262.078948783] [publish_wind_direction]: Publisher, Neighbourhood size: 3
[publish_wind_direction-2] [INFO] [1749224262.081328598] [publish_wind_direction]: Decision Making Triggered
[publish_wind_direction-2] [INFO] [1749224262.083703228] [publish_wind_direction]: Publisher, Neighbours Opinion: 4
[publish_wind_direction-2] [INFO] [1749224262.086231561] [publish_wind_direction]: Inside Decision Making, neighbours opinion: {'id1193': 'N', 'id223': 'N', 'id193': 'N', 'id136': 'W'}
[publish_wind_direction-2] [INFO] [1749224262.088598339] [publish_wind_direction]: Inside Decision Making, social opinions: {'N': 3, 'W': 1}
[publish_wind_direction-2] [INFO] [1749224262.093402042] [publish_wind_direction]: Publishing: "id152:N"
[publish_wind_direction-2] [INFO] [1749224262.097255913] [publish_wind_direction]: Vicon Position= [-732.5599365234375, 67.19718933105469]
[publish_wind_direction-2] [INFO] [1749224262.099763542] [publish_wind_direction]: Neighbourhood size: 3
[publish_wind_direction-2] [INFO] [1749224263.484403523] [publish_wind_direction]: Publishing: "id152:N"
[publish_wind_direction-2] [INFO] [1749224266.485952947] [publish_wind_direction]: Vicon Position= [-732.5599365234375, 67.19718933105469]
[publish_wind_direction-2] [INFO] [1749224266.488804799] [publish_wind_direction]: Neighbourhood size: 3
[publish_wind_direction-2] [INFO] [1749224268.484455224] [publish_wind_direction]: Publishing: "id152:N"
[publish_wind_direction-2] [INFO] [1749224268.525221057] [publish_wind_direction]: * Received from id194, wind direction N
[publish_wind_direction-2] [INFO] [1749224268.528294224] [publish_wind_direction]: Publisher, neighbours_by_id={'id193', 'id136', 'id223'}
[publish_wind_direction-2] [INFO] [1749224272.594364147] [publish_wind_direction]: ***Cam angle= 44.2371898094319, vico ang deg= 16.055681879589077 Ground Truth= 60.29287168902097
[publish_wind_direction-2] [INFO] [1749224272.596753388] [publish_wind_direction]: Publisher, Neighbourhood size: 3
[publish_wind_direction-2] [INFO] [1749224272.599125814] [publish_wind_direction]: Decision Making Triggered
[publish_wind_direction-2] [INFO] [1749224272.601454018] [publish_wind_direction]: Publisher, Neighbours Opinion: 4
[publish_wind_direction-2] [INFO] [1749224272.603867721] [publish_wind_direction]: Inside Decision Making, neighbours opinion: {'id1193': 'N', 'id223': 'N', 'id193': 'N', 'id136': 'W'}
[publish_wind_direction-2] [INFO] [1749224272.606453055] [publish_wind_direction]: Inside Decision Making, social opinions: {'N': 3, 'W': 1}
[publish_wind_direction-2] [INFO] [1749224273.484412276] [publish_wind_direction]: Publishing: "id152:W"
[publish_wind_direction-2] [INFO] [1749224278.484421940] [publish_wind_direction]: Publishing: "id152:W"
[publish_wind_direction-2] [INFO] [1749224278.529129996] [publish_wind_direction]: * Received from id151, wind direction N
[publish_wind_direction-2] [INFO] [1749224278.532218366] [publish_wind_direction]: Publisher, neighbours_by_id={'id193', 'id136', 'id223'}
[publish_wind_direction-2] [INFO] [1749224282.647253715] [publish_wind_direction]: ***Cam angle= -263.3892405657831, vico ang deg= 16.055681879589077 Ground Truth= 112.66644131380599
[publish_wind_direction-2] [INFO] [1749224282.649669197] [publish_wind_direction]: Publisher, Neighbourhood size: 3
[publish_wind_direction-2] [INFO] [1749224282.652073956] [publish_wind_direction]: Decision Making Triggered
[publish_wind_direction-2] [INFO] [1749224282.654477123] [publish_wind_direction]: Publisher, Neighbours Opinion: 4
[publish_wind_direction-2] [INFO] [1749224282.656856845] [publish_wind_direction]: Inside Decision Making, neighbours opinion: {'id1193': 'N', 'id223': 'N', 'id193': 'N', 'id136': 'W'}
[publish_wind_direction-2] [INFO] [1749224282.659272252] [publish_wind_direction]: Inside Decision Making, social opinions: {'N': 3, 'W': 1}
[publish_wind_direction-2] [INFO] [1749224282.663995938] [publish_wind_direction]: Vicon Position= [-732.5599365234375, 67.19718933105469]
[publish_wind_direction-2] [INFO] [1749224282.666541345] [publish_wind_direction]: Neighbourhood size: 3
[publish_wind_direction-2] [INFO] [1749224282.669386364] [publish_wind_direction]: * Received from id223, wind direction N
[publish_wind_direction-2] [INFO] [1749224282.671810308] [publish_wind_direction]: Publisher, neighbours_by_id={'id193', 'id136', 'id223'}
[publish_wind_direction-2] [INFO] [1749224286.425821584] [publish_wind_direction]: ***Cam angle= -211.26652659872803, vico ang deg= 16.055681879589077 Ground Truth= 164.78915528086105
[publish_wind_direction-2] [INFO] [1749224286.428309232] [publish_wind_direction]: Publisher, Neighbourhood size: 3
[publish_wind_direction-2] [INFO] [1749224286.430714102] [publish_wind_direction]: Decision Making Triggered
[publish_wind_direction-2] [INFO] [1749224286.433059991] [publish_wind_direction]: Publisher, Neighbours Opinion: 4
[publish_wind_direction-2] [INFO] [1749224286.435476102] [publish_wind_direction]: Inside Decision Making, neighbours opinion: {'id1193': 'N', 'id223': 'N', 'id193': 'N', 'id136': 'W'}
[publish_wind_direction-2] [INFO] [1749224286.437831621] [publish_wind_direction]: Inside Decision Making, social opinions: {'N': 3, 'W': 1}
[publish_wind_direction-2] [INFO] [1749224286.442687658] [publish_wind_direction]: Publishing: "id152:N"
[publish_wind_direction-2] [INFO] [1749224288.484458490] [publish_wind_direction]: Publishing: "id152:N"
[publish_wind_direction-2] [INFO] [1749224291.549535469] [publish_wind_direction]: Vicon Position= [-732.5599365234375, 67.19718933105469]
[publish_wind_direction-2] [INFO] [1749224291.552494192] [publish_wind_direction]: Neighbourhood size: 3
[publish_wind_direction-2] [INFO] [1749224292.974522043] [publish_wind_direction]: Vicon Position= [-732.5599365234375, 67.19718933105469]
[publish_wind_direction-2] [INFO] [1749224292.977298580] [publish_wind_direction]: Neighbourhood size: 3
[publish_wind_direction-2] [INFO] [1749224293.484638783] [publish_wind_direction]: Publishing: "id152:N"
[publish_wind_direction-2] [INFO] [1749224298.484469095] [publish_wind_direction]: Publishing: "id152:N"
[publish_wind_direction-2] [INFO] [1749224300.589777149] [publish_wind_direction]: Vicon Position= [-732.5599365234375, 67.19718933105469]
[publish_wind_direction-2] [INFO] [1749224300.592587945] [publish_wind_direction]: Neighbourhood size: 3
[publish_wind_direction-2] [INFO] [1749224302.475877722] [publish_wind_direction]: * Received from id193, wind direction N
[publish_wind_direction-2] [INFO] [1749224302.478743667] [publish_wind_direction]: Publisher, neighbours_by_id={'id193', 'id136', 'id223'}
[publish_wind_direction-2] [INFO] [1749224306.549712072] [publish_wind_direction]: ***Cam angle= 38.78732458048185, vico ang deg= 16.055681879589077 Ground Truth= 54.843006460070924
[publish_wind_direction-2] [INFO] [1749224306.552149386] [publish_wind_direction]: Publisher, Neighbourhood size: 3
[publish_wind_direction-2] [INFO] [1749224306.554496183] [publish_wind_direction]: Decision Making Triggered
[publish_wind_direction-2] [INFO] [1749224306.556801516] [publish_wind_direction]: Publisher, Neighbours Opinion: 4
[publish_wind_direction-2] [INFO] [1749224306.559179646] [publish_wind_direction]: Inside Decision Making, neighbours opinion: {'id1193': 'N', 'id223': 'N', 'id193': 'N', 'id136': 'W'}
[publish_wind_direction-2] [INFO] [1749224306.561496127] [publish_wind_direction]: Inside Decision Making, social opinions: {'N': 3, 'W': 1}
[publish_wind_direction-2] [INFO] [1749224306.565383220] [publish_wind_direction]: Raising exception
[publish_wind_direction-2] [INFO] [1749224306.567873923] [publish_wind_direction]: Publisher stopping, exception
[INFO] [publish_wind_direction-2]: process has finished cleanly [pid 844]
[random_robot_move-1] [INFO] [1749224316.773419436] [random_robot_move]: Exception, shutting down
