1749829925.6939225 [INFO] [launch]: All log files can be found below /home/thymio/ros_logs/2025-06-13-15-52-05-690661-thymio-1522
1749829925.6945543 [INFO] [launch]: Default logging verbosity is set to INFO
1749829925.9123900 [INFO] [service_vicon_node-1]: process started with pid [1523]
1749829925.9134142 [INFO] [service_neighbours_opinions-2]: process started with pid [1525]
1749829925.9140904 [INFO] [random_robot_move-3]: process started with pid [1527]
1749829925.9147549 [INFO] [publish_wind_direction-4]: process started with pid [1529]
1749829927.5273747 [publish_wind_direction-4] /usr/lib/python3/dist-packages/scipy/__init__.py:146: UserWarning: A NumPy version >=1.17.3 and <1.25.0 is required for this version of SciPy (detected version 1.26.4
1749829927.5279424 [publish_wind_direction-4]   warnings.warn(f"A NumPy version >={np_minversion} and <{np_maxversion}"
1749829927.6007810 [service_neighbours_opinions-2] [INFO] [1749829927.600040400] [service_neighbours_opinions]: Physical Ip=192.168.4.74, id=id74
1749829927.6055441 [service_neighbours_opinions-2] [INFO] [1749829927.604811326] [service_neighbours_opinions]: Updated ID from mapping: id192
1749829927.6155698 [service_neighbours_opinions-2] [INFO] [1749829927.614876252] [service_neighbours_opinions]: Subscribed to: wind_direction/id68
1749829927.6217642 [service_neighbours_opinions-2] [INFO] [1749829927.620943770] [service_neighbours_opinions]: Subscribed to: wind_direction/id136
1749829927.6266694 [service_vicon_node-1] [INFO] [1749829927.625924863] [service_vicon_node]: Physical Ip=192.168.4.74, id=id74
1749829927.6283221 [service_neighbours_opinions-2] [INFO] [1749829927.627245252] [service_neighbours_opinions]: Subscribed to: wind_direction/id137
1749829927.6326334 [service_neighbours_opinions-2] [INFO] [1749829927.631845067] [service_neighbours_opinions]: Subscribed to: wind_direction/id142
1749829927.6354227 [service_vicon_node-1] [INFO] [1749829927.634707492] [service_vicon_node]: Updated ID from mapping: id192
1749829927.6380057 [service_neighbours_opinions-2] [INFO] [1749829927.637287974] [service_neighbours_opinions]: Subscribed to: wind_direction/id151
1749829927.6428969 [service_neighbours_opinions-2] [INFO] [1749829927.642127567] [service_neighbours_opinions]: Subscribed to: wind_direction/id152
1749829927.6480258 [service_neighbours_opinions-2] [INFO] [1749829927.647275381] [service_neighbours_opinions]: Subscribed to: wind_direction/id155
1749829927.6524611 [service_neighbours_opinions-2] [INFO] [1749829927.651732807] [service_neighbours_opinions]: Subscribed to: wind_direction/id189
1749829927.6567724 [service_neighbours_opinions-2] [INFO] [1749829927.656101252] [service_neighbours_opinions]: Subscribed to: wind_direction/id193
1749829927.6583779 [service_vicon_node-1] [INFO] [1749829927.657340974] [service_vicon_node]: Subscribed to: vicon/default/data
1749829927.6650589 [service_neighbours_opinions-2] [INFO] [1749829927.661255252] [service_neighbours_opinions]: Subscribed to: wind_direction/id194
1749829927.6673334 [service_neighbours_opinions-2] [INFO] [1749829927.666597733] [service_neighbours_opinions]: Subscribed to: wind_direction/id195
1749829927.6726272 [service_neighbours_opinions-2] [INFO] [1749829927.671404215] [service_neighbours_opinions]: Subscribed to: wind_direction/id200
1749829927.6781576 [service_neighbours_opinions-2] [INFO] [1749829927.677492400] [service_neighbours_opinions]: Subscribed to: wind_direction/id206
1749829927.6823459 [service_neighbours_opinions-2] [INFO] [1749829927.681678789] [service_neighbours_opinions]: Subscribed to: wind_direction/id207
1749829927.6880550 [service_neighbours_opinions-2] [INFO] [1749829927.685961011] [service_neighbours_opinions]: Subscribed to: wind_direction/id223
1749829927.6931319 [service_neighbours_opinions-2] [INFO] [1749829927.692294789] [service_neighbours_opinions]: Subscribed to: wind_direction/id224
1749829927.6978524 [service_neighbours_opinions-2] [INFO] [1749829927.697066770] [service_neighbours_opinions]: Subscribed to: wind_direction/id236
1749829927.7024662 [service_neighbours_opinions-2] [INFO] [1749829927.701665048] [service_neighbours_opinions]: Subscribed to: wind_direction/id247
1749829927.7070892 [service_neighbours_opinions-2] [INFO] [1749829927.706331529] [service_neighbours_opinions]: Subscribed to: wind_direction/id1193
1749829928.0167394 [publish_wind_direction-4] [INFO] [1749829928.016104863] [publish_wind_direction]: Physical Ip=192.168.4.74, id=id74
1749829928.0193777 [publish_wind_direction-4] [INFO] [1749829928.018869511] [publish_wind_direction]: Updated ID from mapping: id192
1749829928.0271862 [publish_wind_direction-4] [INFO] [1749829928.026449714] [publish_wind_direction]: Publsihing on: wind_direction/id192
1749829935.4437363 [random_robot_move-3] [INFO] [1749829935.442475247] [random_robot_move]: Robot Control Node started.
1749829938.0524089 [service_vicon_node-1] [INFO] [1749829938.051336820] [service_vicon_node]: Frame_no: 56323
1749829945.7461517 [service_neighbours_opinions-2] [INFO] [1749829945.745431556] [service_neighbours_opinions]: All opinions size= 0
1749829948.6187856 [publish_wind_direction-4] [INFO] [1749829948.618087813] [publish_wind_direction]: ### Informed ###
1749829948.6207907 [service_neighbours_opinions-2] [INFO] [1749829948.618600832] [service_neighbours_opinions]: All opinions size= 0
1749829948.6230605 [publish_wind_direction-4] [INFO] [1749829948.622486221] [publish_wind_direction]: Publishing: id192:N
1749829948.6263373 [publish_wind_direction-4] [INFO] [1749829948.624994017] [publish_wind_direction]: ------------------
1749829948.6317511 [publish_wind_direction-4] [INFO] [1749829948.629830258] [publish_wind_direction]: ### Informed ###
1749829948.6355991 [publish_wind_direction-4] [INFO] [1749829948.633700943] [publish_wind_direction]: Publishing: id192:S
1749829948.6378362 [publish_wind_direction-4] [INFO] [1749829948.636361684] [publish_wind_direction]: ------------------
1749829948.7333992 [service_vicon_node-1] [INFO] [1749829948.731219480] [service_vicon_node]: Frame_no: 56643
1749829951.2878375 [service_neighbours_opinions-2] [INFO] [1749829951.287086164] [service_neighbours_opinions]: All opinions size= 3
1749829951.2999916 [publish_wind_direction-4] [INFO] [1749829951.298177349] [publish_wind_direction]: ### Informed ###
1749829951.3035035 [publish_wind_direction-4] [INFO] [1749829951.302679664] [publish_wind_direction]: Publishing: id192:S
1749829951.3065174 [publish_wind_direction-4] [INFO] [1749829951.305710830] [publish_wind_direction]: ------------------
1749829955.6708646 [service_neighbours_opinions-2] [INFO] [1749829955.670161624] [service_neighbours_opinions]: All opinions size= 4
1749829955.6751361 [publish_wind_direction-4] [INFO] [1749829955.674382013] [publish_wind_direction]: ### Informed ###
1749829955.6827874 [publish_wind_direction-4] [INFO] [1749829955.680428346] [publish_wind_direction]: Publishing: id192:S
1749829955.6863811 [publish_wind_direction-4] [INFO] [1749829955.683987568] [publish_wind_direction]: ------------------
1749829959.0260839 [service_vicon_node-1] [INFO] [1749829959.025252177] [service_vicon_node]: Frame_no: 56953
1749829960.9099941 [service_neighbours_opinions-2] [INFO] [1749829960.909285824] [service_neighbours_opinions]: All opinions size= 5
1749829960.9140251 [publish_wind_direction-4] [INFO] [1749829960.913325510] [publish_wind_direction]: ### Informed ###
1749829960.9179177 [publish_wind_direction-4] [INFO] [1749829960.917321213] [publish_wind_direction]: Publishing: id192:E
1749829960.9205916 [publish_wind_direction-4] [INFO] [1749829960.920024176] [publish_wind_direction]: ------------------
1749829965.5775144 [service_neighbours_opinions-2] [INFO] [1749829965.576730433] [service_neighbours_opinions]: All opinions size= 5
1749829965.5816269 [publish_wind_direction-4] [INFO] [1749829965.581050081] [publish_wind_direction]: ### Informed ###
1749829965.5853240 [publish_wind_direction-4] [INFO] [1749829965.584736136] [publish_wind_direction]: Publishing: id192:S
1749829965.5899696 [publish_wind_direction-4] [INFO] [1749829965.587755007] [publish_wind_direction]: ------------------
1749829969.6143718 [service_vicon_node-1] [INFO] [1749829969.613609560] [service_vicon_node]: Frame_no: 57269
1749829970.5309706 [service_neighbours_opinions-2] [INFO] [1749829970.529876319] [service_neighbours_opinions]: All opinions size= 6
1749829970.5350270 [publish_wind_direction-4] [INFO] [1749829970.534409837] [publish_wind_direction]: ### Informed ###
1749829970.5390935 [publish_wind_direction-4] [INFO] [1749829970.538258745] [publish_wind_direction]: Publishing: id192:N
1749829970.5420709 [publish_wind_direction-4] [INFO] [1749829970.541243763] [publish_wind_direction]: ------------------
1749829975.6532371 [service_neighbours_opinions-2] [INFO] [1749829975.652456019] [service_neighbours_opinions]: All opinions size= 8
1749829975.6580884 [publish_wind_direction-4] [INFO] [1749829975.657449186] [publish_wind_direction]: ### Informed ###
1749829975.6615090 [publish_wind_direction-4] [INFO] [1749829975.660960334] [publish_wind_direction]: Publishing: id192:S
1749829975.6639791 [publish_wind_direction-4] [INFO] [1749829975.663446686] [publish_wind_direction]: ------------------
1749829980.1266727 [service_vicon_node-1] [INFO] [1749829980.125838628] [service_vicon_node]: Frame_no: 57585
1749829980.7003784 [service_neighbours_opinions-2] [INFO] [1749829980.699600887] [service_neighbours_opinions]: All opinions size= 9
1749829980.7079873 [publish_wind_direction-4] [INFO] [1749829980.707264331] [publish_wind_direction]: ### Informed ###
1749829980.7119422 [publish_wind_direction-4] [INFO] [1749829980.711359572] [publish_wind_direction]: Publishing: id192:N
1749829980.7145987 [publish_wind_direction-4] [INFO] [1749829980.714037813] [publish_wind_direction]: ------------------
1749829985.6517899 [service_neighbours_opinions-2] [INFO] [1749829985.649969699] [service_neighbours_opinions]: All opinions size= 9
1749829985.6553566 [publish_wind_direction-4] [INFO] [1749829985.654643884] [publish_wind_direction]: ### Informed ###
1749829985.6591067 [publish_wind_direction-4] [INFO] [1749829985.658536847] [publish_wind_direction]: Publishing: id192:S
1749829985.6618629 [publish_wind_direction-4] [INFO] [1749829985.661274273] [publish_wind_direction]: ------------------
1749829990.5424380 [service_vicon_node-1] [INFO] [1749829990.541620825] [service_vicon_node]: Frame_no: 57898
1749829990.6105011 [service_neighbours_opinions-2] [INFO] [1749829990.609795418] [service_neighbours_opinions]: All opinions size= 10
1749829990.6151283 [publish_wind_direction-4] [INFO] [1749829990.614513010] [publish_wind_direction]: ### Informed ###
1749829990.6188436 [publish_wind_direction-4] [INFO] [1749829990.618269214] [publish_wind_direction]: Publishing: id192:S
1749829990.6217625 [publish_wind_direction-4] [INFO] [1749829990.621174603] [publish_wind_direction]: ------------------
1749829995.6216447 [service_neighbours_opinions-2] [INFO] [1749829995.620938878] [service_neighbours_opinions]: All opinions size= 11
1749829995.6281431 [publish_wind_direction-4] [INFO] [1749829995.627477007] [publish_wind_direction]: ### Informed ###
1749829995.6360676 [publish_wind_direction-4] [INFO] [1749829995.635463007] [publish_wind_direction]: Publishing: id192:S
1749829995.6402020 [publish_wind_direction-4] [INFO] [1749829995.639457174] [publish_wind_direction]: ------------------
1749830000.7698624 [service_vicon_node-1] [INFO] [1749830000.769121801] [service_vicon_node]: Frame_no: 58205
1749830000.8694670 [service_neighbours_opinions-2] [INFO] [1749830000.868631449] [service_neighbours_opinions]: All opinions size= 12
1749830000.8759630 [publish_wind_direction-4] [INFO] [1749830000.875359301] [publish_wind_direction]: ### Informed ###
1749830000.8796546 [publish_wind_direction-4] [INFO] [1749830000.879092560] [publish_wind_direction]: Publishing: id192:N
1749830000.8822248 [publish_wind_direction-4] [INFO] [1749830000.881678041] [publish_wind_direction]: ------------------
1749830005.8551984 [service_neighbours_opinions-2] [INFO] [1749830005.854477575] [service_neighbours_opinions]: All opinions size= 12
1749830005.8600683 [publish_wind_direction-4] [INFO] [1749830005.859408483] [publish_wind_direction]: ### Informed ###
1749830005.8642392 [publish_wind_direction-4] [INFO] [1749830005.863573742] [publish_wind_direction]: Publishing: id192:N
1749830005.8675935 [publish_wind_direction-4] [INFO] [1749830005.866940187] [publish_wind_direction]: ------------------
1749830010.9220772 [service_vicon_node-1] [INFO] [1749830010.921115517] [service_vicon_node]: Frame_no: 58510
1749830017.6402156 [service_neighbours_opinions-2] [INFO] [1749830017.638966439] [service_neighbours_opinions]: All opinions size= 13
1749830020.0867221 [service_neighbours_opinions-2] [INFO] [1749830020.085900437] [service_neighbours_opinions]: All opinions size= 15
1749830020.0892220 [publish_wind_direction-4] [INFO] [1749830020.086505882] [publish_wind_direction]: ### Informed ###
1749830020.0911787 [publish_wind_direction-4] [INFO] [1749830020.090646400] [publish_wind_direction]: Publishing: id192:W
1749830020.0937943 [publish_wind_direction-4] [INFO] [1749830020.093239234] [publish_wind_direction]: ------------------
1749830020.0984185 [publish_wind_direction-4] [INFO] [1749830020.097809252] [publish_wind_direction]: ### Informed ###
1749830020.1020720 [publish_wind_direction-4] [INFO] [1749830020.101524493] [publish_wind_direction]: Publishing: id192:N
1749830020.1047029 [publish_wind_direction-4] [INFO] [1749830020.104151826] [publish_wind_direction]: ------------------
1749830021.0680230 [service_vicon_node-1] [INFO] [1749830021.066831103] [service_vicon_node]: Frame_no: 58814
1749830022.5527675 [service_neighbours_opinions-2] [INFO] [1749830022.551739491] [service_neighbours_opinions]: All opinions size= 16
1749830022.5571370 [publish_wind_direction-4] [INFO] [1749830022.556073621] [publish_wind_direction]: ### Informed ###
1749830022.5612416 [publish_wind_direction-4] [INFO] [1749830022.560255695] [publish_wind_direction]: Publishing: id192:S
1749830022.5641119 [publish_wind_direction-4] [INFO] [1749830022.563178047] [publish_wind_direction]: ------------------
1749830025.4665155 [service_neighbours_opinions-2] [INFO] [1749830025.465173471] [service_neighbours_opinions]: All opinions size= 16
1749830025.4719999 [publish_wind_direction-4] [INFO] [1749830025.469765786] [publish_wind_direction]: ### Informed ###
1749830025.4750144 [publish_wind_direction-4] [INFO] [1749830025.474080916] [publish_wind_direction]: Publishing: id192:W
1749830025.4775722 [publish_wind_direction-4] [INFO] [1749830025.476741267] [publish_wind_direction]: ------------------
1749830030.4591742 [service_neighbours_opinions-2] [INFO] [1749830030.458141876] [service_neighbours_opinions]: All opinions size= 17
1749830030.4643197 [publish_wind_direction-4] [INFO] [1749830030.463166709] [publish_wind_direction]: ### Informed ###
1749830030.4681866 [publish_wind_direction-4] [INFO] [1749830030.467129468] [publish_wind_direction]: Publishing: id192:W
1749830030.4709265 [publish_wind_direction-4] [INFO] [1749830030.470133709] [publish_wind_direction]: ------------------
1749830031.2600257 [service_vicon_node-1] [INFO] [1749830031.259268894] [service_vicon_node]: Frame_no: 59120
1749830035.4942000 [service_neighbours_opinions-2] [INFO] [1749830035.493475965] [service_neighbours_opinions]: All opinions size= 18
1749830035.4993341 [publish_wind_direction-4] [INFO] [1749830035.498388854] [publish_wind_direction]: ### Informed ###
1749830035.5028636 [publish_wind_direction-4] [INFO] [1749830035.502158150] [publish_wind_direction]: Publishing: id192:W
1749830035.5059328 [publish_wind_direction-4] [INFO] [1749830035.505287761] [publish_wind_direction]: ------------------
1749830040.4071670 [service_neighbours_opinions-2] [INFO] [1749830040.406164110] [service_neighbours_opinions]: All opinions size= 18
1749830040.4113278 [publish_wind_direction-4] [INFO] [1749830040.410489981] [publish_wind_direction]: ### Informed ###
1749830040.4150090 [publish_wind_direction-4] [INFO] [1749830040.414218240] [publish_wind_direction]: Publishing: id192:W
1749830040.4185812 [publish_wind_direction-4] [INFO] [1749830040.416884481] [publish_wind_direction]: ------------------
1749830041.4964387 [service_vicon_node-1] [INFO] [1749830041.495725647] [service_vicon_node]: Frame_no: 59427
1749830045.4610498 [service_neighbours_opinions-2] [INFO] [1749830045.460257922] [service_neighbours_opinions]: All opinions size= 18
1749830045.4663510 [publish_wind_direction-4] [INFO] [1749830045.465650237] [publish_wind_direction]: ### Informed ###
1749830045.4701536 [publish_wind_direction-4] [INFO] [1749830045.469581885] [publish_wind_direction]: Publishing: id192:N
1749830045.4726622 [publish_wind_direction-4] [INFO] [1749830045.472111700] [publish_wind_direction]: ------------------
1749830050.8345878 [service_neighbours_opinions-2] [INFO] [1749830050.833856345] [service_neighbours_opinions]: All opinions size= 18
1749830050.8387003 [publish_wind_direction-4] [INFO] [1749830050.838102863] [publish_wind_direction]: ### Informed ###
1749830050.8425918 [publish_wind_direction-4] [INFO] [1749830050.842008400] [publish_wind_direction]: Publishing: id192:W
1749830050.8453896 [publish_wind_direction-4] [INFO] [1749830050.844764975] [publish_wind_direction]: ------------------
1749830051.7394004 [service_vicon_node-1] [INFO] [1749830051.738348104] [service_vicon_node]: Frame_no: 59734
1749830055.4716756 [service_neighbours_opinions-2] [INFO] [1749830055.470965120] [service_neighbours_opinions]: All opinions size= 18
1749830055.4760535 [publish_wind_direction-4] [INFO] [1749830055.475411898] [publish_wind_direction]: ### Informed ###
1749830055.4798415 [publish_wind_direction-4] [INFO] [1749830055.479133231] [publish_wind_direction]: Publishing: id192:W
1749830055.4824240 [publish_wind_direction-4] [INFO] [1749830055.481872324] [publish_wind_direction]: ------------------
1749830060.4929941 [service_neighbours_opinions-2] [INFO] [1749830060.491939173] [service_neighbours_opinions]: All opinions size= 18
1749830060.4974196 [publish_wind_direction-4] [INFO] [1749830060.496431173] [publish_wind_direction]: ### Informed ###
1749830060.5006714 [publish_wind_direction-4] [INFO] [1749830060.499976432] [publish_wind_direction]: Publishing: id192:W
1749830060.5033329 [publish_wind_direction-4] [INFO] [1749830060.502554395] [publish_wind_direction]: ------------------
1749830061.9613068 [service_vicon_node-1] [INFO] [1749830061.960468598] [service_vicon_node]: Frame_no: 60041
1749830069.7868361 [service_neighbours_opinions-2] [INFO] [1749830069.785862500] [service_neighbours_opinions]: All opinions size= 18
1749830069.7948198 [publish_wind_direction-4] [INFO] [1749830069.793228611] [publish_wind_direction]: ### Informed ###
1749830069.7984521 [publish_wind_direction-4] [INFO] [1749830069.797811167] [publish_wind_direction]: Publishing: id192:W
1749830069.8016889 [publish_wind_direction-4] [INFO] [1749830069.801001167] [publish_wind_direction]: ------------------
1749830072.1624937 [service_vicon_node-1] [INFO] [1749830072.161832610] [service_vicon_node]: Frame_no: 60347
1749830076.4388115 [service_neighbours_opinions-2] [INFO] [1749830076.438023274] [service_neighbours_opinions]: All opinions size= 18
1749830078.8889945 [publish_wind_direction-4] [INFO] [1749830078.888270717] [publish_wind_direction]: ### Informed ###
1749830078.8908644 [service_neighbours_opinions-2] [INFO] [1749830078.889054495] [service_neighbours_opinions]: All opinions size= 18
1749830078.8929822 [publish_wind_direction-4] [INFO] [1749830078.892288087] [publish_wind_direction]: Publishing: id192:N
1749830078.8958559 [publish_wind_direction-4] [INFO] [1749830078.895154013] [publish_wind_direction]: ------------------
1749830078.9018192 [publish_wind_direction-4] [INFO] [1749830078.901205717] [publish_wind_direction]: ### Informed ###
1749830078.9054997 [publish_wind_direction-4] [INFO] [1749830078.904909958] [publish_wind_direction]: Publishing: id192:W
1749830078.9082336 [publish_wind_direction-4] [INFO] [1749830078.907663513] [publish_wind_direction]: ------------------
1749830081.3049178 [service_neighbours_opinions-2] [INFO] [1749830081.304117068] [service_neighbours_opinions]: All opinions size= 18
1749830081.3092070 [publish_wind_direction-4] [INFO] [1749830081.308563271] [publish_wind_direction]: ### Informed ###
1749830081.3127971 [publish_wind_direction-4] [INFO] [1749830081.312233919] [publish_wind_direction]: Publishing: id192:W
1749830081.3154786 [publish_wind_direction-4] [INFO] [1749830081.314923956] [publish_wind_direction]: ------------------
1749830082.3966200 [service_vicon_node-1] [INFO] [1749830082.395868678] [service_vicon_node]: Frame_no: 60654
1749830085.7810016 [service_neighbours_opinions-2] [INFO] [1749830085.780210694] [service_neighbours_opinions]: All opinions size= 18
1749830085.7851155 [publish_wind_direction-4] [INFO] [1749830085.784352713] [publish_wind_direction]: ### Informed ###
1749830085.7892070 [publish_wind_direction-4] [INFO] [1749830085.788442972] [publish_wind_direction]: Publishing: id192:W
1749830085.7918229 [publish_wind_direction-4] [INFO] [1749830085.791246861] [publish_wind_direction]: ------------------
1749830090.4260812 [service_neighbours_opinions-2] [INFO] [1749830090.425338081] [service_neighbours_opinions]: All opinions size= 18
1749830090.4314857 [publish_wind_direction-4] [INFO] [1749830090.430878081] [publish_wind_direction]: ### Informed ###
1749830090.4374373 [publish_wind_direction-4] [INFO] [1749830090.436708877] [publish_wind_direction]: Publishing: id192:S
1749830090.4404252 [publish_wind_direction-4] [INFO] [1749830090.439567155] [publish_wind_direction]: ------------------
1749830092.5706403 [service_vicon_node-1] [INFO] [1749830092.569516153] [service_vicon_node]: Frame_no: 60959
1749830095.4540739 [service_neighbours_opinions-2] [INFO] [1749830095.453023448] [service_neighbours_opinions]: All opinions size= 18
1749830095.4589353 [publish_wind_direction-4] [INFO] [1749830095.457949837] [publish_wind_direction]: ### Informed ###
1749830095.4634633 [publish_wind_direction-4] [INFO] [1749830095.462826300] [publish_wind_direction]: Publishing: id192:N
1749830095.4662139 [publish_wind_direction-4] [INFO] [1749830095.465621004] [publish_wind_direction]: ------------------
1749830100.4307234 [service_neighbours_opinions-2] [INFO] [1749830100.429411575] [service_neighbours_opinions]: All opinions size= 18
1749830100.4349782 [publish_wind_direction-4] [INFO] [1749830100.434045260] [publish_wind_direction]: ### Informed ###
1749830100.4386401 [publish_wind_direction-4] [INFO] [1749830100.437893334] [publish_wind_direction]: Publishing: id192:E
1749830100.4415004 [publish_wind_direction-4] [INFO] [1749830100.440655575] [publish_wind_direction]: ------------------
1749830102.7697790 [service_vicon_node-1] [INFO] [1749830102.768108999] [service_vicon_node]: Frame_no: 61265
1749830105.4611647 [service_neighbours_opinions-2] [INFO] [1749830105.460297961] [service_neighbours_opinions]: All opinions size= 18
1749830105.4670386 [publish_wind_direction-4] [INFO] [1749830105.466386294] [publish_wind_direction]: ### Informed ###
1749830105.4707558 [publish_wind_direction-4] [INFO] [1749830105.470197349] [publish_wind_direction]: Publishing: id192:S
1749830105.4735968 [publish_wind_direction-4] [INFO] [1749830105.473041016] [publish_wind_direction]: ------------------
1749830110.5906191 [service_neighbours_opinions-2] [INFO] [1749830110.589924513] [service_neighbours_opinions]: All opinions size= 18
1749830110.5947549 [publish_wind_direction-4] [INFO] [1749830110.594166420] [publish_wind_direction]: ### Informed ###
1749830110.5981865 [publish_wind_direction-4] [INFO] [1749830110.597639883] [publish_wind_direction]: Publishing: id192:W
1749830110.6007180 [publish_wind_direction-4] [INFO] [1749830110.600162809] [publish_wind_direction]: ------------------
1749830112.9227993 [service_vicon_node-1] [INFO] [1749830112.922060678] [service_vicon_node]: Frame_no: 61570
1749830115.7439582 [service_neighbours_opinions-2] [INFO] [1749830115.743229214] [service_neighbours_opinions]: All opinions size= 18
1749830115.7478068 [publish_wind_direction-4] [INFO] [1749830115.747196843] [publish_wind_direction]: ### Informed ###
1749830115.7513084 [publish_wind_direction-4] [INFO] [1749830115.750750066] [publish_wind_direction]: Publishing: id192:S
1749830115.7541375 [publish_wind_direction-4] [INFO] [1749830115.753566621] [publish_wind_direction]: ------------------
1749830120.4329352 [service_neighbours_opinions-2] [INFO] [1749830120.431879785] [service_neighbours_opinions]: All opinions size= 18
1749830120.4370615 [publish_wind_direction-4] [INFO] [1749830120.436251711] [publish_wind_direction]: ### Informed ###
1749830120.4415278 [publish_wind_direction-4] [INFO] [1749830120.440684248] [publish_wind_direction]: Publishing: id192:E
1749830120.4449749 [publish_wind_direction-4] [INFO] [1749830120.444276433] [publish_wind_direction]: ------------------
1749830123.0931327 [service_vicon_node-1] [INFO] [1749830123.092081339] [service_vicon_node]: Frame_no: 61875
1749830125.4586723 [service_neighbours_opinions-2] [INFO] [1749830125.457944319] [service_neighbours_opinions]: All opinions size= 18
1749830125.4631062 [publish_wind_direction-4] [INFO] [1749830125.462486930] [publish_wind_direction]: ### Informed ###
1749830125.4670353 [publish_wind_direction-4] [INFO] [1749830125.466463263] [publish_wind_direction]: Publishing: id192:S
1749830125.4698679 [publish_wind_direction-4] [INFO] [1749830125.469214449] [publish_wind_direction]: ------------------
1749830130.5022502 [service_neighbours_opinions-2] [INFO] [1749830130.501519279] [service_neighbours_opinions]: All opinions size= 18
1749830130.5065567 [publish_wind_direction-4] [INFO] [1749830130.505864612] [publish_wind_direction]: ### Informed ###
1749830130.5105820 [publish_wind_direction-4] [INFO] [1749830130.509908464] [publish_wind_direction]: Publishing: id192:E
1749830130.5132108 [publish_wind_direction-4] [INFO] [1749830130.512621853] [publish_wind_direction]: ------------------
1749830133.2578363 [service_vicon_node-1] [INFO] [1749830133.256932851] [service_vicon_node]: Frame_no: 62180
1749830135.4945276 [service_neighbours_opinions-2] [INFO] [1749830135.493790813] [service_neighbours_opinions]: All opinions size= 18
1749830135.5010760 [publish_wind_direction-4] [INFO] [1749830135.500396146] [publish_wind_direction]: ### Informed ###
1749830135.5079303 [publish_wind_direction-4] [INFO] [1749830135.507227202] [publish_wind_direction]: Publishing: id192:E
1749830135.5116248 [publish_wind_direction-4] [INFO] [1749830135.511040165] [publish_wind_direction]: ------------------
1749830140.4296265 [service_neighbours_opinions-2] [INFO] [1749830140.428878995] [service_neighbours_opinions]: All opinions size= 18
1749830140.4351652 [publish_wind_direction-4] [INFO] [1749830140.434593310] [publish_wind_direction]: ### Informed ###
1749830140.4416084 [publish_wind_direction-4] [INFO] [1749830140.440958125] [publish_wind_direction]: Publishing: id192:E
1749830140.4458230 [publish_wind_direction-4] [INFO] [1749830140.445250236] [publish_wind_direction]: ------------------
1749830143.4568255 [service_vicon_node-1] [INFO] [1749830143.456004530] [service_vicon_node]: Frame_no: 62486
1749830145.4403679 [service_neighbours_opinions-2] [INFO] [1749830145.439638659] [service_neighbours_opinions]: All opinions size= 18
1749830145.4457026 [publish_wind_direction-4] [INFO] [1749830145.445136752] [publish_wind_direction]: ### Informed ###
1749830145.4518747 [publish_wind_direction-4] [INFO] [1749830145.451194955] [publish_wind_direction]: Publishing: id192:W
1749830145.4559312 [publish_wind_direction-4] [INFO] [1749830145.455292844] [publish_wind_direction]: ------------------
1749830153.5627754 [service_vicon_node-1] [INFO] [1749830153.562144376] [service_vicon_node]: Frame_no: 62788
1749830154.6993167 [service_neighbours_opinions-2] [INFO] [1749830154.698521190] [service_neighbours_opinions]: All opinions size= 18
1749830157.1699049 [publish_wind_direction-4] [INFO] [1749830157.169223096] [publish_wind_direction]: ### Informed ###
1749830157.1718426 [service_neighbours_opinions-2] [INFO] [1749830157.170794948] [service_neighbours_opinions]: All opinions size= 18
1749830157.1739957 [publish_wind_direction-4] [INFO] [1749830157.173396004] [publish_wind_direction]: Publishing: id192:W
1749830157.1780660 [publish_wind_direction-4] [INFO] [1749830157.177403245] [publish_wind_direction]: ------------------
1749830157.1820810 [publish_wind_direction-4] [INFO] [1749830157.181521541] [publish_wind_direction]: ### Informed ###
1749830157.1856902 [publish_wind_direction-4] [INFO] [1749830157.185107726] [publish_wind_direction]: Publishing: id192:W
1749830157.1882100 [publish_wind_direction-4] [INFO] [1749830157.187644633] [publish_wind_direction]: ------------------
1749830160.4565642 [service_neighbours_opinions-2] [INFO] [1749830160.455782854] [service_neighbours_opinions]: All opinions size= 18
1749830160.4610102 [publish_wind_direction-4] [INFO] [1749830160.460341076] [publish_wind_direction]: ### Informed ###
1749830160.4646320 [publish_wind_direction-4] [INFO] [1749830160.464087428] [publish_wind_direction]: Publishing: id192:W
1749830160.4677355 [publish_wind_direction-4] [INFO] [1749830160.467165650] [publish_wind_direction]: ------------------
1749830163.7572265 [service_vicon_node-1] [INFO] [1749830163.756376685] [service_vicon_node]: Frame_no: 63095
1749830165.4319575 [service_neighbours_opinions-2] [INFO] [1749830165.431241443] [service_neighbours_opinions]: All opinions size= 18
1749830165.4378059 [publish_wind_direction-4] [INFO] [1749830165.437090703] [publish_wind_direction]: ### Informed ###
1749830165.4436655 [publish_wind_direction-4] [INFO] [1749830165.443062184] [publish_wind_direction]: Publishing: id192:W
1749830165.4466236 [publish_wind_direction-4] [INFO] [1749830165.445878684] [publish_wind_direction]: ------------------
1749830170.4430282 [service_neighbours_opinions-2] [INFO] [1749830170.441949792] [service_neighbours_opinions]: All opinions size= 18
1749830170.4468777 [publish_wind_direction-4] [INFO] [1749830170.446043033] [publish_wind_direction]: ### Informed ###
1749830170.4504001 [publish_wind_direction-4] [INFO] [1749830170.449677051] [publish_wind_direction]: Publishing: id192:N
1749830170.4533875 [publish_wind_direction-4] [INFO] [1749830170.452613033] [publish_wind_direction]: ------------------
1749830173.8973804 [service_vicon_node-1] [INFO] [1749830173.896550531] [service_vicon_node]: Frame_no: 63399
1749830175.4739201 [service_neighbours_opinions-2] [INFO] [1749830175.473139215] [service_neighbours_opinions]: All opinions size= 18
1749830175.4793663 [publish_wind_direction-4] [INFO] [1749830175.478392011] [publish_wind_direction]: ### Informed ###
1749830175.4826505 [publish_wind_direction-4] [INFO] [1749830175.481957826] [publish_wind_direction]: Publishing: id192:S
1749830175.4850523 [publish_wind_direction-4] [INFO] [1749830175.484471160] [publish_wind_direction]: ------------------
1749830180.4216030 [service_neighbours_opinions-2] [INFO] [1749830180.420902453] [service_neighbours_opinions]: All opinions size= 18
1749830180.4258981 [publish_wind_direction-4] [INFO] [1749830180.425319397] [publish_wind_direction]: ### Informed ###
1749830180.4296551 [publish_wind_direction-4] [INFO] [1749830180.429095842] [publish_wind_direction]: Publishing: id192:S
1749830180.4328175 [publish_wind_direction-4] [INFO] [1749830180.432070286] [publish_wind_direction]: ------------------
1749830184.0818651 [service_vicon_node-1] [INFO] [1749830184.080914562] [service_vicon_node]: Frame_no: 63704
1749830185.4558957 [service_neighbours_opinions-2] [INFO] [1749830185.455144709] [service_neighbours_opinions]: All opinions size= 18
1749830185.4616661 [publish_wind_direction-4] [INFO] [1749830185.461079283] [publish_wind_direction]: ### Informed ###
1749830185.4683943 [publish_wind_direction-4] [INFO] [1749830185.467747746] [publish_wind_direction]: Publishing: id192:S
1749830185.4727874 [publish_wind_direction-4] [INFO] [1749830185.472058246] [publish_wind_direction]: ------------------
1749830190.7820709 [service_neighbours_opinions-2] [INFO] [1749830190.781386002] [service_neighbours_opinions]: All opinions size= 18
1749830190.7865987 [publish_wind_direction-4] [INFO] [1749830190.785947650] [publish_wind_direction]: ### Informed ###
1749830190.7906077 [publish_wind_direction-4] [INFO] [1749830190.789933039] [publish_wind_direction]: Publishing: id192:S
1749830190.7932978 [publish_wind_direction-4] [INFO] [1749830190.792702613] [publish_wind_direction]: ------------------
1749830194.2636659 [service_vicon_node-1] [INFO] [1749830194.262770963] [service_vicon_node]: Frame_no: 64010
1749830195.4829183 [service_neighbours_opinions-2] [INFO] [1749830195.482101314] [service_neighbours_opinions]: All opinions size= 18
1749830195.4905224 [publish_wind_direction-4] [INFO] [1749830195.489871111] [publish_wind_direction]: ### Informed ###
1749830195.4968848 [publish_wind_direction-4] [INFO] [1749830195.496286536] [publish_wind_direction]: Publishing: id192:S
1749830195.5003822 [publish_wind_direction-4] [INFO] [1749830195.499857185] [publish_wind_direction]: ------------------
1749830200.4482355 [service_neighbours_opinions-2] [INFO] [1749830200.447559756] [service_neighbours_opinions]: All opinions size= 18
1749830200.4526987 [publish_wind_direction-4] [INFO] [1749830200.451996867] [publish_wind_direction]: ### Informed ###
1749830200.4579048 [publish_wind_direction-4] [INFO] [1749830200.457199348] [publish_wind_direction]: Publishing: id192:S
1749830200.4612188 [publish_wind_direction-4] [INFO] [1749830200.460490330] [publish_wind_direction]: ------------------
1749830204.4326963 [service_vicon_node-1] [INFO] [1749830204.431958957] [service_vicon_node]: Frame_no: 64315
1749830205.8998861 [service_neighbours_opinions-2] [INFO] [1749830205.899150530] [service_neighbours_opinions]: All opinions size= 18
1749830205.9053230 [publish_wind_direction-4] [INFO] [1749830205.904696401] [publish_wind_direction]: ### Informed ###
1749830205.9114132 [publish_wind_direction-4] [INFO] [1749830205.910793697] [publish_wind_direction]: Publishing: id192:N
1749830205.9155653 [publish_wind_direction-4] [INFO] [1749830205.914930790] [publish_wind_direction]: ------------------
1749830210.4456975 [service_neighbours_opinions-2] [INFO] [1749830210.444970139] [service_neighbours_opinions]: All opinions size= 18
1749830210.4502192 [publish_wind_direction-4] [INFO] [1749830210.449535657] [publish_wind_direction]: ### Informed ###
1749830210.4538527 [publish_wind_direction-4] [INFO] [1749830210.453182342] [publish_wind_direction]: Publishing: id192:N
1749830210.4563854 [publish_wind_direction-4] [INFO] [1749830210.455853120] [publish_wind_direction]: ------------------
1749830214.6017931 [service_vicon_node-1] [INFO] [1749830214.601052970] [service_vicon_node]: Frame_no: 64620
1749830215.5147517 [service_neighbours_opinions-2] [INFO] [1749830215.513763913] [service_neighbours_opinions]: All opinions size= 18
1749830215.5197761 [publish_wind_direction-4] [INFO] [1749830215.519033876] [publish_wind_direction]: ### Informed ###
1749830215.5236270 [publish_wind_direction-4] [INFO] [1749830215.523043969] [publish_wind_direction]: Publishing: id192:W
1749830215.5262923 [publish_wind_direction-4] [INFO] [1749830215.525751450] [publish_wind_direction]: ------------------
1749830220.3884423 [service_neighbours_opinions-2] [INFO] [1749830220.387393318] [service_neighbours_opinions]: All opinions size= 18
1749830220.3926046 [publish_wind_direction-4] [INFO] [1749830220.391792744] [publish_wind_direction]: ### Informed ###
1749830220.3964016 [publish_wind_direction-4] [INFO] [1749830220.395630429] [publish_wind_direction]: Publishing: id192:S
1749830220.3992445 [publish_wind_direction-4] [INFO] [1749830220.398624503] [publish_wind_direction]: ------------------
1749830224.8272383 [service_vicon_node-1] [INFO] [1749830224.826508075] [service_vicon_node]: Frame_no: 64927
1749830225.4093924 [service_neighbours_opinions-2] [INFO] [1749830225.408636093] [service_neighbours_opinions]: All opinions size= 18
1749830225.4158082 [publish_wind_direction-4] [INFO] [1749830225.414907241] [publish_wind_direction]: ### Informed ###
1749830225.4194982 [publish_wind_direction-4] [INFO] [1749830225.418668315] [publish_wind_direction]: Publishing: id192:E
1749830225.4228137 [publish_wind_direction-4] [INFO] [1749830225.422005167] [publish_wind_direction]: ------------------
1749830229.3411567 [service_neighbours_opinions-2] [INFO] [1749830229.340367053] [service_neighbours_opinions]: All opinions size= 18
1749830229.3465211 [publish_wind_direction-4] [INFO] [1749830229.345440498] [publish_wind_direction]: ### Informed ###
1749830229.3499398 [publish_wind_direction-4] [INFO] [1749830229.349291424] [publish_wind_direction]: Publishing: id192:N
1749830229.3527570 [publish_wind_direction-4] [INFO] [1749830229.352156368] [publish_wind_direction]: ------------------
1749830235.0331180 [service_vicon_node-1] [INFO] [1749830235.032281328] [service_vicon_node]: Frame_no: 65233
