[INFO] [launch]: All log files can be found below /home/thymio/.ros/log/2025-06-06-15-22-47-961125-thymio-821
[INFO] [launch]: Default logging verbosity is set to INFO
[INFO] [random_robot_move-1]: process started with pid [843]
[INFO] [publish_wind_direction-2]: process started with pid [845]
[publish_wind_direction-2] /usr/lib/python3/dist-packages/scipy/__init__.py:146: UserWarning: A NumPy version >=1.17.3 and <1.25.0 is required for this version of SciPy (detected version 1.26.4
[publish_wind_direction-2]   warnings.warn(f"A NumPy version >={np_minversion} and <{np_maxversion}"
[publish_wind_direction-2] [INFO] [1749223371.857182764] [publish_wind_direction]: Physical Ip=134.34.225.236, id=id236
[publish_wind_direction-2] [INFO] [1749223371.893907201] [publish_wind_direction]: Subscribed to: vicon/default/data
[random_robot_move-1] [INFO] [1749223374.819803139] [random_robot_move]: Robot Control Node started.
[publish_wind_direction-2] [INFO] [1749223376.882168623] [publish_wind_direction]: Publishing: "id236:N"
[publish_wind_direction-2] [INFO] [1749223381.882052449] [publish_wind_direction]: Publishing: "id236:N"
[publish_wind_direction-2] [INFO] [1749223386.882378091] [publish_wind_direction]: Publishing: "id236:N"
[publish_wind_direction-2] [INFO] [1749223391.885440456] [publish_wind_direction]: Publishing: "id236:N"
[publish_wind_direction-2] [INFO] [1749223396.882204546] [publish_wind_direction]: Publishing: "id236:N"
[publish_wind_direction-2] [INFO] [1749223401.881913397] [publish_wind_direction]: Publishing: "id236:N"
[publish_wind_direction-2] [INFO] [1749223406.884310343] [publish_wind_direction]: Publishing: "id236:N"
[publish_wind_direction-2] [INFO] [1749223411.882265865] [publish_wind_direction]: Publishing: "id236:N"
[publish_wind_direction-2] [INFO] [1749223416.882211151] [publish_wind_direction]: Publishing: "id236:N"
[publish_wind_direction-2] [INFO] [1749223421.882310911] [publish_wind_direction]: Publishing: "id236:N"
[publish_wind_direction-2] [INFO] [1749223426.882207430] [publish_wind_direction]: Publishing: "id236:N"
[publish_wind_direction-2] [INFO] [1749223431.882105830] [publish_wind_direction]: Publishing: "id236:N"
[publish_wind_direction-2] [INFO] [1749223436.882163871] [publish_wind_direction]: Publishing: "id236:N"
[publish_wind_direction-2] [INFO] [1749223441.882166392] [publish_wind_direction]: Publishing: "id236:N"
[publish_wind_direction-2] [INFO] [1749223446.882151315] [publish_wind_direction]: Publishing: "id236:N"
[publish_wind_direction-2] [INFO] [1749223451.882221564] [publish_wind_direction]: Publishing: "id236:N"
[publish_wind_direction-2] [INFO] [1749223456.882141627] [publish_wind_direction]: Publishing: "id236:N"
[publish_wind_direction-2] [INFO] [1749223461.882120790] [publish_wind_direction]: Publishing: "id236:N"
[publish_wind_direction-2] [INFO] [1749223466.882141348] [publish_wind_direction]: Publishing: "id236:N"
[publish_wind_direction-2] [INFO] [1749223471.882159029] [publish_wind_direction]: Publishing: "id236:N"
[publish_wind_direction-2] [INFO] [1749223476.882111379] [publish_wind_direction]: Publishing: "id236:N"
[publish_wind_direction-2] [INFO] [1749223481.882305289] [publish_wind_direction]: Publishing: "id236:N"
[publish_wind_direction-2] [INFO] [1749223486.882127893] [publish_wind_direction]: Publishing: "id236:N"
[publish_wind_direction-2] [INFO] [1749223491.882108468] [publish_wind_direction]: Publishing: "id236:N"
[publish_wind_direction-2] [INFO] [1749223496.882170121] [publish_wind_direction]: Publishing: "id236:N"
[publish_wind_direction-2] [INFO] [1749223501.882207900] [publish_wind_direction]: Publishing: "id236:N"
[publish_wind_direction-2] [INFO] [1749223506.882185267] [publish_wind_direction]: Publishing: "id236:N"
[publish_wind_direction-2] [INFO] [1749223511.882457266] [publish_wind_direction]: Publishing: "id236:N"
[publish_wind_direction-2] [INFO] [1749223516.882304495] [publish_wind_direction]: Publishing: "id236:N"
[publish_wind_direction-2] [INFO] [1749223521.882227558] [publish_wind_direction]: Publishing: "id236:N"
[publish_wind_direction-2] [INFO] [1749223526.882165391] [publish_wind_direction]: Publishing: "id236:N"
[publish_wind_direction-2] [INFO] [1749223531.882232973] [publish_wind_direction]: Publishing: "id236:N"
[publish_wind_direction-2] [INFO] [1749223536.882672130] [publish_wind_direction]: Publishing: "id236:N"
[publish_wind_direction-2] [INFO] [1749223541.882325698] [publish_wind_direction]: Publishing: "id236:N"
[publish_wind_direction-2] [INFO] [1749223546.882230880] [publish_wind_direction]: Publishing: "id236:N"
[publish_wind_direction-2] [INFO] [1749223551.882304534] [publish_wind_direction]: Publishing: "id236:N"
[publish_wind_direction-2] [INFO] [1749223556.882281126] [publish_wind_direction]: Publishing: "id236:N"
[publish_wind_direction-2] [INFO] [1749223561.882124617] [publish_wind_direction]: Publishing: "id236:N"
[publish_wind_direction-2] [INFO] [1749223566.882157606] [publish_wind_direction]: Publishing: "id236:N"
[publish_wind_direction-2] [INFO] [1749223571.882166663] [publish_wind_direction]: Publishing: "id236:N"
[publish_wind_direction-2] [INFO] [1749223576.882313799] [publish_wind_direction]: Publishing: "id236:N"
[publish_wind_direction-2] [INFO] [1749223581.882128027] [publish_wind_direction]: Publishing: "id236:N"
[publish_wind_direction-2] [INFO] [1749223586.882118889] [publish_wind_direction]: Publishing: "id236:N"
[publish_wind_direction-2] [INFO] [1749223591.882154007] [publish_wind_direction]: Publishing: "id236:N"
[publish_wind_direction-2] [INFO] [1749223596.882179944] [publish_wind_direction]: Publishing: "id236:N"
[publish_wind_direction-2] [INFO] [1749223601.882160829] [publish_wind_direction]: Publishing: "id236:N"
[publish_wind_direction-2] [INFO] [1749223606.882153542] [publish_wind_direction]: Publishing: "id236:N"
[publish_wind_direction-2] [INFO] [1749223611.882129727] [publish_wind_direction]: Publishing: "id236:N"
[publish_wind_direction-2] [INFO] [1749223616.882118108] [publish_wind_direction]: Publishing: "id236:N"
[publish_wind_direction-2] [INFO] [1749223621.882155225] [publish_wind_direction]: Publishing: "id236:N"
[publish_wind_direction-2] [INFO] [1749223626.882139739] [publish_wind_direction]: Publishing: "id236:N"
[publish_wind_direction-2] [INFO] [1749223631.882140466] [publish_wind_direction]: Publishing: "id236:N"
[publish_wind_direction-2] [INFO] [1749223636.882178231] [publish_wind_direction]: Publishing: "id236:N"
[publish_wind_direction-2] [INFO] [1749223641.882327699] [publish_wind_direction]: Publishing: "id236:N"
[publish_wind_direction-2] [INFO] [1749223646.882147665] [publish_wind_direction]: Publishing: "id236:N"
[publish_wind_direction-2] [INFO] [1749223651.882258855] [publish_wind_direction]: Publishing: "id236:N"
[publish_wind_direction-2] [INFO] [1749223656.882243295] [publish_wind_direction]: Publishing: "id236:N"
[publish_wind_direction-2] [INFO] [1749223661.882283817] [publish_wind_direction]: Publishing: "id236:N"
[publish_wind_direction-2] [INFO] [1749223666.882159404] [publish_wind_direction]: Publishing: "id236:N"
[publish_wind_direction-2] [INFO] [1749223671.882266763] [publish_wind_direction]: Publishing: "id236:N"
[publish_wind_direction-2] [INFO] [1749223676.882288147] [publish_wind_direction]: Publishing: "id236:N"
[publish_wind_direction-2] [INFO] [1749223681.882193070] [publish_wind_direction]: Publishing: "id236:N"
[publish_wind_direction-2] [INFO] [1749223686.882337559] [publish_wind_direction]: Publishing: "id236:N"
[publish_wind_direction-2] [INFO] [1749223691.882163559] [publish_wind_direction]: Publishing: "id236:N"
[publish_wind_direction-2] [INFO] [1749223696.882118236] [publish_wind_direction]: Publishing: "id236:N"
[publish_wind_direction-2] [INFO] [1749223701.882308387] [publish_wind_direction]: Publishing: "id236:N"
[publish_wind_direction-2] [INFO] [1749223706.882117026] [publish_wind_direction]: Publishing: "id236:N"
[publish_wind_direction-2] [INFO] [1749223711.881939842] [publish_wind_direction]: Publishing: "id236:N"
[publish_wind_direction-2] [INFO] [1749223716.882479133] [publish_wind_direction]: Publishing: "id236:N"
[publish_wind_direction-2] [INFO] [1749223721.882156745] [publish_wind_direction]: Publishing: "id236:N"
[publish_wind_direction-2] [INFO] [1749223726.882151179] [publish_wind_direction]: Publishing: "id236:N"
[publish_wind_direction-2] [INFO] [1749223731.882130510] [publish_wind_direction]: Publishing: "id236:N"
[publish_wind_direction-2] [INFO] [1749223736.882101104] [publish_wind_direction]: Publishing: "id236:N"
[publish_wind_direction-2] [INFO] [1749223741.882458246] [publish_wind_direction]: Publishing: "id236:N"
[publish_wind_direction-2] [INFO] [1749223746.882127751] [publish_wind_direction]: Publishing: "id236:N"
[publish_wind_direction-2] [INFO] [1749223751.882149875] [publish_wind_direction]: Publishing: "id236:N"
[publish_wind_direction-2] [INFO] [1749223756.882123172] [publish_wind_direction]: Publishing: "id236:N"
[publish_wind_direction-2] [INFO] [1749223761.882238693] [publish_wind_direction]: Publishing: "id236:N"
[publish_wind_direction-2] [INFO] [1749223766.882155444] [publish_wind_direction]: Publishing: "id236:N"
[publish_wind_direction-2] [INFO] [1749223771.881952496] [publish_wind_direction]: Publishing: "id236:N"
[publish_wind_direction-2] [INFO] [1749223776.882167505] [publish_wind_direction]: Publishing: "id236:N"
[publish_wind_direction-2] [INFO] [1749223781.882133621] [publish_wind_direction]: Publishing: "id236:N"
[publish_wind_direction-2] [INFO] [1749223786.882301246] [publish_wind_direction]: Publishing: "id236:N"
[publish_wind_direction-2] [INFO] [1749223791.882119306] [publish_wind_direction]: Publishing: "id236:N"
[publish_wind_direction-2] [INFO] [1749223796.882101450] [publish_wind_direction]: Publishing: "id236:N"
[publish_wind_direction-2] [INFO] [1749223801.882147914] [publish_wind_direction]: Publishing: "id236:N"
[publish_wind_direction-2] [INFO] [1749223806.882137036] [publish_wind_direction]: Publishing: "id236:N"
[publish_wind_direction-2] [INFO] [1749223811.882169692] [publish_wind_direction]: Publishing: "id236:N"
[publish_wind_direction-2] [INFO] [1749223816.882582491] [publish_wind_direction]: Publishing: "id236:N"
[publish_wind_direction-2] [INFO] [1749223821.882182067] [publish_wind_direction]: Publishing: "id236:N"
[publish_wind_direction-2] [INFO] [1749223826.882126286] [publish_wind_direction]: Publishing: "id236:N"
[publish_wind_direction-2] [INFO] [1749223831.882103229] [publish_wind_direction]: Publishing: "id236:N"
[publish_wind_direction-2] [INFO] [1749223836.882744507] [publish_wind_direction]: Publishing: "id236:N"
[publish_wind_direction-2] [INFO] [1749223841.882109608] [publish_wind_direction]: Publishing: "id236:N"
[publish_wind_direction-2] [INFO] [1749223846.882100137] [publish_wind_direction]: Publishing: "id236:N"
[publish_wind_direction-2] [INFO] [1749223851.882151024] [publish_wind_direction]: Publishing: "id236:N"
[publish_wind_direction-2] [INFO] [1749223856.882747824] [publish_wind_direction]: Publishing: "id236:N"
[publish_wind_direction-2] [INFO] [1749223861.882119570] [publish_wind_direction]: Publishing: "id236:N"
[publish_wind_direction-2] [INFO] [1749223866.882106397] [publish_wind_direction]: Publishing: "id236:N"
[publish_wind_direction-2] [INFO] [1749223871.882097944] [publish_wind_direction]: Publishing: "id236:N"
[publish_wind_direction-2] [INFO] [1749223876.882127805] [publish_wind_direction]: Publishing: "id236:N"
[publish_wind_direction-2] [INFO] [1749223881.882165588] [publish_wind_direction]: Publishing: "id236:N"
[publish_wind_direction-2] [INFO] [1749223886.882128797] [publish_wind_direction]: Publishing: "id236:N"
[publish_wind_direction-2] [INFO] [1749223891.882186163] [publish_wind_direction]: Publishing: "id236:N"
[publish_wind_direction-2] [INFO] [1749223896.882150168] [publish_wind_direction]: Publishing: "id236:N"
[publish_wind_direction-2] [INFO] [1749223901.882124464] [publish_wind_direction]: Publishing: "id236:N"
[publish_wind_direction-2] [INFO] [1749223906.882173668] [publish_wind_direction]: Publishing: "id236:N"
[publish_wind_direction-2] [INFO] [1749223911.882131916] [publish_wind_direction]: Publishing: "id236:N"
[publish_wind_direction-2] [INFO] [1749223916.882141991] [publish_wind_direction]: Publishing: "id236:N"
[publish_wind_direction-2] [INFO] [1749223921.882382284] [publish_wind_direction]: Publishing: "id236:N"
[publish_wind_direction-2] [INFO] [1749223926.881954948] [publish_wind_direction]: Publishing: "id236:N"
[publish_wind_direction-2] [INFO] [1749223931.882130236] [publish_wind_direction]: Publishing: "id236:N"
[publish_wind_direction-2] [INFO] [1749223936.882203409] [publish_wind_direction]: Publishing: "id236:N"
[publish_wind_direction-2] [INFO] [1749223941.882161695] [publish_wind_direction]: Publishing: "id236:N"
[publish_wind_direction-2] [INFO] [1749223946.882236977] [publish_wind_direction]: Publishing: "id236:N"
[publish_wind_direction-2] [INFO] [1749223951.882212347] [publish_wind_direction]: Publishing: "id236:N"
[publish_wind_direction-2] [INFO] [1749223956.882278838] [publish_wind_direction]: Publishing: "id236:N"
[publish_wind_direction-2] [INFO] [1749223961.882230109] [publish_wind_direction]: Publishing: "id236:N"
[publish_wind_direction-2] [INFO] [1749223966.882119855] [publish_wind_direction]: Publishing: "id236:N"
[publish_wind_direction-2] [INFO] [1749223971.882130633] [publish_wind_direction]: Publishing: "id236:N"
[publish_wind_direction-2] [INFO] [1749223976.882132064] [publish_wind_direction]: Publishing: "id236:N"
[publish_wind_direction-2] [INFO] [1749223981.882186172] [publish_wind_direction]: Publishing: "id236:N"
[publish_wind_direction-2] [INFO] [1749223986.882225695] [publish_wind_direction]: Publishing: "id236:N"
[publish_wind_direction-2] [INFO] [1749223991.882122567] [publish_wind_direction]: Publishing: "id236:N"
[publish_wind_direction-2] [INFO] [1749223996.882123924] [publish_wind_direction]: Publishing: "id236:N"
[publish_wind_direction-2] [INFO] [1749224001.882189175] [publish_wind_direction]: Publishing: "id236:N"
[publish_wind_direction-2] [INFO] [1749224006.882587759] [publish_wind_direction]: Publishing: "id236:N"
[publish_wind_direction-2] [INFO] [1749224011.882098528] [publish_wind_direction]: Publishing: "id236:N"
[publish_wind_direction-2] [INFO] [1749224016.882079802] [publish_wind_direction]: Publishing: "id236:N"
[publish_wind_direction-2] [INFO] [1749224021.882150402] [publish_wind_direction]: Publishing: "id236:N"
[publish_wind_direction-2] [INFO] [1749224026.882101525] [publish_wind_direction]: Publishing: "id236:N"
[publish_wind_direction-2] [INFO] [1749224031.882128017] [publish_wind_direction]: Publishing: "id236:N"
[publish_wind_direction-2] [INFO] [1749224036.882131206] [publish_wind_direction]: Publishing: "id236:N"
[publish_wind_direction-2] [INFO] [1749224041.882075832] [publish_wind_direction]: Publishing: "id236:N"
[publish_wind_direction-2] [INFO] [1749224046.882150041] [publish_wind_direction]: Publishing: "id236:N"
[publish_wind_direction-2] [INFO] [1749224051.882126873] [publish_wind_direction]: Publishing: "id236:N"
[publish_wind_direction-2] [INFO] [1749224056.882160196] [publish_wind_direction]: Publishing: "id236:N"
[publish_wind_direction-2] [INFO] [1749224061.882248120] [publish_wind_direction]: Publishing: "id236:N"
[publish_wind_direction-2] [INFO] [1749224066.882213921] [publish_wind_direction]: Publishing: "id236:N"
[publish_wind_direction-2] [INFO] [1749224071.882165784] [publish_wind_direction]: Publishing: "id236:N"
[publish_wind_direction-2] [INFO] [1749224076.882093400] [publish_wind_direction]: Publishing: "id236:N"
[publish_wind_direction-2] [INFO] [1749224081.882427424] [publish_wind_direction]: Publishing: "id236:N"
[publish_wind_direction-2] [INFO] [1749224086.882112309] [publish_wind_direction]: Publishing: "id236:N"
[publish_wind_direction-2] [INFO] [1749224091.882273364] [publish_wind_direction]: Publishing: "id236:N"
[publish_wind_direction-2] [INFO] [1749224096.882146748] [publish_wind_direction]: Publishing: "id236:N"
[publish_wind_direction-2] [INFO] [1749224101.882147068] [publish_wind_direction]: Publishing: "id236:N"
[publish_wind_direction-2] [INFO] [1749224106.882094304] [publish_wind_direction]: Publishing: "id236:N"
[publish_wind_direction-2] [INFO] [1749224111.882037338] [publish_wind_direction]: Publishing: "id236:N"
[publish_wind_direction-2] [INFO] [1749224116.882163281] [publish_wind_direction]: Publishing: "id236:N"
[publish_wind_direction-2] [INFO] [1749224121.881945691] [publish_wind_direction]: Publishing: "id236:N"
[publish_wind_direction-2] [INFO] [1749224126.882077002] [publish_wind_direction]: Publishing: "id236:N"
[publish_wind_direction-2] [INFO] [1749224131.882151341] [publish_wind_direction]: Publishing: "id236:N"
[publish_wind_direction-2] [INFO] [1749224136.882140907] [publish_wind_direction]: Publishing: "id236:N"
[publish_wind_direction-2] [INFO] [1749224141.882071318] [publish_wind_direction]: Publishing: "id236:N"
[publish_wind_direction-2] [INFO] [1749224146.882184341] [publish_wind_direction]: Publishing: "id236:N"
[publish_wind_direction-2] [INFO] [1749224151.882146791] [publish_wind_direction]: Publishing: "id236:N"
[publish_wind_direction-2] [INFO] [1749224156.882285098] [publish_wind_direction]: Publishing: "id236:N"
[publish_wind_direction-2] [INFO] [1749224161.882146951] [publish_wind_direction]: Publishing: "id236:N"
[publish_wind_direction-2] [INFO] [1749224166.882124893] [publish_wind_direction]: Publishing: "id236:N"
[publish_wind_direction-2] [INFO] [1749224171.882180038] [publish_wind_direction]: Publishing: "id236:N"
[publish_wind_direction-2] [INFO] [1749224176.882088108] [publish_wind_direction]: Publishing: "id236:N"
[publish_wind_direction-2] [INFO] [1749224181.882113768] [publish_wind_direction]: Publishing: "id236:N"
[publish_wind_direction-2] [INFO] [1749224186.882145147] [publish_wind_direction]: Publishing: "id236:N"
[publish_wind_direction-2] [INFO] [1749224191.882089347] [publish_wind_direction]: Publishing: "id236:N"
[publish_wind_direction-2] [INFO] [1749224196.882131313] [publish_wind_direction]: Publishing: "id236:N"
[publish_wind_direction-2] [INFO] [1749224201.882092042] [publish_wind_direction]: Publishing: "id236:N"
[publish_wind_direction-2] [INFO] [1749224206.882110205] [publish_wind_direction]: Publishing: "id236:N"
[publish_wind_direction-2] [INFO] [1749224211.882350350] [publish_wind_direction]: Publishing: "id236:N"
[publish_wind_direction-2] [INFO] [1749224216.881955942] [publish_wind_direction]: Publishing: "id236:N"
[publish_wind_direction-2] [INFO] [1749224221.882267699] [publish_wind_direction]: Publishing: "id236:N"
[publish_wind_direction-2] [INFO] [1749224226.882282142] [publish_wind_direction]: Publishing: "id236:N"
[publish_wind_direction-2] [INFO] [1749224231.882285405] [publish_wind_direction]: Publishing: "id236:N"
[publish_wind_direction-2] [INFO] [1749224236.882195844] [publish_wind_direction]: Publishing: "id236:N"
[publish_wind_direction-2] [INFO] [1749224241.882429844] [publish_wind_direction]: Publishing: "id236:N"
[publish_wind_direction-2] [INFO] [1749224246.882117784] [publish_wind_direction]: Publishing: "id236:N"
[publish_wind_direction-2] [INFO] [1749224251.882111848] [publish_wind_direction]: Publishing: "id236:N"
[publish_wind_direction-2] [INFO] [1749224256.882297686] [publish_wind_direction]: Publishing: "id236:N"
[publish_wind_direction-2] [INFO] [1749224261.881972318] [publish_wind_direction]: Publishing: "id236:N"
[publish_wind_direction-2] [INFO] [1749224266.882138888] [publish_wind_direction]: Publishing: "id236:N"
[publish_wind_direction-2] [INFO] [1749224271.882140819] [publish_wind_direction]: Publishing: "id236:N"
[publish_wind_direction-2] [INFO] [1749224276.881864518] [publish_wind_direction]: Raising exception
[publish_wind_direction-2] [INFO] [1749224276.884770268] [publish_wind_direction]: Publisher stopping, exception
[INFO] [publish_wind_direction-2]: process has finished cleanly [pid 845]
[random_robot_move-1] [INFO] [1749224286.181900761] [random_robot_move]: Exception, shutting down
