[INFO] [launch]: All log files can be found below /home/thymio/.ros/log/2025-06-13-15-43-33-905822-thymio-823
[INFO] [launch]: Default logging verbosity is set to INFO
[INFO] [random_robot_move-1]: process started with pid [845]
[INFO] [publish_wind_direction-2]: process started with pid [847]
[publish_wind_direction-2] /usr/lib/python3/dist-packages/scipy/__init__.py:146: UserWarning: A NumPy version >=1.17.3 and <1.25.0 is required for this version of SciPy (detected version 1.26.4
[publish_wind_direction-2]   warnings.warn(f"A NumPy version >={np_minversion} and <{np_maxversion}"
[publish_wind_direction-2] [INFO] [1749829418.111584849] [publish_wind_direction]: Physical Ip=Error: [Errno 101] Network is unreachable, id=idError: [Errno 101] Network is unreachable
[publish_wind_direction-2] [INFO] [1749829418.115079978] [publish_wind_direction]: Updated ID from mapping: None
[publish_wind_direction-2] [INFO] [1749829418.139122034] [publish_wind_direction]: Publsihing on: wind_direction/None
[publish_wind_direction-2] [INFO] [1749829418.155467552] [publish_wind_direction]: Subscribed to: vicon/default/data
[publish_wind_direction-2] [INFO] [1749829418.159758052] [publish_wind_direction]: Subscribed to: wind_direction/id68
[publish_wind_direction-2] [INFO] [1749829418.163484237] [publish_wind_direction]: Subscribed to: wind_direction/id136
[publish_wind_direction-2] [INFO] [1749829418.167219571] [publish_wind_direction]: Subscribed to: wind_direction/id137
[publish_wind_direction-2] [INFO] [1749829418.170990626] [publish_wind_direction]: Subscribed to: wind_direction/id142
[publish_wind_direction-2] [INFO] [1749829418.174673719] [publish_wind_direction]: Subscribed to: wind_direction/id151
[publish_wind_direction-2] [INFO] [1749829418.178081182] [publish_wind_direction]: Subscribed to: wind_direction/id152
[publish_wind_direction-2] [INFO] [1749829418.181601830] [publish_wind_direction]: Subscribed to: wind_direction/id155
[publish_wind_direction-2] [INFO] [1749829418.185057775] [publish_wind_direction]: Subscribed to: wind_direction/id189
[publish_wind_direction-2] [INFO] [1749829418.188450589] [publish_wind_direction]: Subscribed to: wind_direction/id192
[publish_wind_direction-2] [INFO] [1749829418.191908275] [publish_wind_direction]: Subscribed to: wind_direction/id193
[publish_wind_direction-2] [INFO] [1749829418.195246330] [publish_wind_direction]: Subscribed to: wind_direction/id194
[publish_wind_direction-2] [INFO] [1749829418.198794534] [publish_wind_direction]: Subscribed to: wind_direction/id195
[publish_wind_direction-2] [INFO] [1749829418.202168645] [publish_wind_direction]: Subscribed to: wind_direction/id200
[publish_wind_direction-2] [INFO] [1749829418.205570312] [publish_wind_direction]: Subscribed to: wind_direction/id206
[publish_wind_direction-2] [INFO] [1749829418.209074460] [publish_wind_direction]: Subscribed to: wind_direction/id207
[publish_wind_direction-2] [INFO] [1749829418.212526534] [publish_wind_direction]: Subscribed to: wind_direction/id223
[publish_wind_direction-2] [INFO] [1749829418.215950830] [publish_wind_direction]: Subscribed to: wind_direction/id224
[publish_wind_direction-2] [INFO] [1749829418.219371256] [publish_wind_direction]: Subscribed to: wind_direction/id236
[publish_wind_direction-2] [INFO] [1749829418.222766145] [publish_wind_direction]: Subscribed to: wind_direction/id247
[publish_wind_direction-2] [INFO] [1749829418.226411534] [publish_wind_direction]: Subscribed to: wind_direction/id1193
[random_robot_move-1] [INFO] [1749829420.854638791] [random_robot_move]: Robot Control Node started.
[publish_wind_direction-2] [INFO] [1749829423.143672568] [publish_wind_direction]: Publishing: "None:S"
[publish_wind_direction-2] [INFO] [1749829428.143446787] [publish_wind_direction]: Publishing: "None:S"
[publish_wind_direction-2] [INFO] [1749829433.145485525] [publish_wind_direction]: Publishing: "None:S"
[publish_wind_direction-2] [INFO] [1749829438.143792022] [publish_wind_direction]: Publishing: "None:S"
[publish_wind_direction-2] [INFO] [1749829443.142966889] [publish_wind_direction]: Publishing: "None:S"
[publish_wind_direction-2] [INFO] [1749829448.143659442] [publish_wind_direction]: Publishing: "None:S"
[publish_wind_direction-2] [INFO] [1749829453.143369754] [publish_wind_direction]: Publishing: "None:S"
[publish_wind_direction-2] [INFO] [1749829458.143509195] [publish_wind_direction]: Publishing: "None:S"
[publish_wind_direction-2] [INFO] [1749829463.143358674] [publish_wind_direction]: Publishing: "None:S"
[publish_wind_direction-2] [INFO] [1749829468.143401856] [publish_wind_direction]: Publishing: "None:S"
[publish_wind_direction-2] [INFO] [1749829473.143285371] [publish_wind_direction]: Publishing: "None:S"
[publish_wind_direction-2] [INFO] [1749829478.143390183] [publish_wind_direction]: Publishing: "None:S"
[publish_wind_direction-2] [INFO] [1749829483.143272680] [publish_wind_direction]: Publishing: "None:S"
[publish_wind_direction-2] [INFO] [1749829488.143389862] [publish_wind_direction]: Publishing: "None:S"
[publish_wind_direction-2] [INFO] [1749829493.143511971] [publish_wind_direction]: Publishing: "None:S"
[publish_wind_direction-2] [INFO] [1749829498.143363782] [publish_wind_direction]: Publishing: "None:S"
[publish_wind_direction-2] [INFO] [1749829503.143291168] [publish_wind_direction]: Publishing: "None:S"
[publish_wind_direction-2] [INFO] [1749829508.143477054] [publish_wind_direction]: Publishing: "None:S"
[publish_wind_direction-2] [INFO] [1749829513.143302107] [publish_wind_direction]: Publishing: "None:S"
[publish_wind_direction-2] [INFO] [1749829518.143268567] [publish_wind_direction]: Publishing: "None:S"
[publish_wind_direction-2] [INFO] [1749829523.143438545] [publish_wind_direction]: Publishing: "None:S"
[publish_wind_direction-2] [INFO] [1749829528.143394005] [publish_wind_direction]: Publishing: "None:S"
[publish_wind_direction-2] [INFO] [1749829533.143314595] [publish_wind_direction]: Publishing: "None:S"
[publish_wind_direction-2] [INFO] [1749829538.143446425] [publish_wind_direction]: Publishing: "None:S"
[publish_wind_direction-2] [INFO] [1749829543.143380144] [publish_wind_direction]: Publishing: "None:S"
[publish_wind_direction-2] [INFO] [1749829548.143295271] [publish_wind_direction]: Publishing: "None:S"
[publish_wind_direction-2] [INFO] [1749829553.143364435] [publish_wind_direction]: Publishing: "None:S"
[publish_wind_direction-2] [INFO] [1749829558.143450339] [publish_wind_direction]: Publishing: "None:S"
[publish_wind_direction-2] [INFO] [1749829563.143466299] [publish_wind_direction]: Publishing: "None:S"
[publish_wind_direction-2] [INFO] [1749829568.143295648] [publish_wind_direction]: Publishing: "None:S"
[publish_wind_direction-2] [INFO] [1749829573.143388219] [publish_wind_direction]: Publishing: "None:S"
[publish_wind_direction-2] [INFO] [1749829578.143274679] [publish_wind_direction]: Publishing: "None:S"
[publish_wind_direction-2] [INFO] [1749829583.143176565] [publish_wind_direction]: Publishing: "None:S"
[publish_wind_direction-2] [INFO] [1749829588.143370136] [publish_wind_direction]: Publishing: "None:S"
[publish_wind_direction-2] [INFO] [1749829593.143302244] [publish_wind_direction]: Publishing: "None:S"
[publish_wind_direction-2] [INFO] [1749829598.143203038] [publish_wind_direction]: Publishing: "None:S"
[publish_wind_direction-2] [INFO] [1749829603.143221516] [publish_wind_direction]: Publishing: "None:S"
[publish_wind_direction-2] [INFO] [1749829608.143219513] [publish_wind_direction]: Publishing: "None:S"
[publish_wind_direction-2] [INFO] [1749829613.143225918] [publish_wind_direction]: Publishing: "None:S"
[publish_wind_direction-2] [INFO] [1749829618.143189359] [publish_wind_direction]: Publishing: "None:S"
[publish_wind_direction-2] [INFO] [1749829623.143193912] [publish_wind_direction]: Publishing: "None:S"
[publish_wind_direction-2] [INFO] [1749829628.143198168] [publish_wind_direction]: Publishing: "None:S"
[publish_wind_direction-2] [INFO] [1749829633.143203628] [publish_wind_direction]: Publishing: "None:S"
[publish_wind_direction-2] [INFO] [1749829638.143450366] [publish_wind_direction]: Publishing: "None:S"
[publish_wind_direction-2] [INFO] [1749829643.143229103] [publish_wind_direction]: Publishing: "None:S"
[publish_wind_direction-2] [INFO] [1749829648.143462582] [publish_wind_direction]: Publishing: "None:S"
[publish_wind_direction-2] [INFO] [1749829653.143166449] [publish_wind_direction]: Publishing: "None:S"
[publish_wind_direction-2] [INFO] [1749829658.143143206] [publish_wind_direction]: Publishing: "None:S"
[publish_wind_direction-2] [INFO] [1749829663.143189999] [publish_wind_direction]: Publishing: "None:S"
[publish_wind_direction-2] [INFO] [1749829668.143182496] [publish_wind_direction]: Publishing: "None:S"
[publish_wind_direction-2] [INFO] [1749829673.143227326] [publish_wind_direction]: Publishing: "None:S"
[publish_wind_direction-2] [INFO] [1749829678.143203490] [publish_wind_direction]: Publishing: "None:S"
[publish_wind_direction-2] [INFO] [1749829683.143185820] [publish_wind_direction]: Publishing: "None:S"
[publish_wind_direction-2] [INFO] [1749829688.143237465] [publish_wind_direction]: Publishing: "None:S"
[publish_wind_direction-2] [INFO] [1749829693.143444796] [publish_wind_direction]: Publishing: "None:S"
[publish_wind_direction-2] [INFO] [1749829698.143185460] [publish_wind_direction]: Publishing: "None:S"
[publish_wind_direction-2] [INFO] [1749829703.143172012] [publish_wind_direction]: Publishing: "None:S"
[publish_wind_direction-2] [INFO] [1749829708.143209102] [publish_wind_direction]: Publishing: "None:S"
[publish_wind_direction-2] [INFO] [1749829713.143202451] [publish_wind_direction]: Publishing: "None:S"
[publish_wind_direction-2] [INFO] [1749829718.143291281] [publish_wind_direction]: Publishing: "None:S"
[publish_wind_direction-2] [INFO] [1749829723.143404426] [publish_wind_direction]: Publishing: "None:S"
[publish_wind_direction-2] [INFO] [1749829728.143294275] [publish_wind_direction]: Publishing: "None:S"
[publish_wind_direction-2] [INFO] [1749829733.143386828] [publish_wind_direction]: Publishing: "None:S"
[publish_wind_direction-2] [INFO] [1749829738.143061158] [publish_wind_direction]: Publishing: "None:S"
[publish_wind_direction-2] [INFO] [1749829743.143069118] [publish_wind_direction]: Publishing: "None:S"
[publish_wind_direction-2] [INFO] [1749829748.143054096] [publish_wind_direction]: Publishing: "None:S"
[publish_wind_direction-2] [INFO] [1749829753.143130223] [publish_wind_direction]: Publishing: "None:S"
[publish_wind_direction-2] [INFO] [1749829758.143072368] [publish_wind_direction]: Publishing: "None:S"
[publish_wind_direction-2] [INFO] [1749829763.143049254] [publish_wind_direction]: Publishing: "None:S"
[publish_wind_direction-2] [INFO] [1749829768.143241233] [publish_wind_direction]: Publishing: "None:S"
[publish_wind_direction-2] [INFO] [1749829773.143251970] [publish_wind_direction]: Publishing: "None:S"
[publish_wind_direction-2] [INFO] [1749829778.143167116] [publish_wind_direction]: Publishing: "None:S"
[publish_wind_direction-2] [INFO] [1749829783.143122538] [publish_wind_direction]: Publishing: "None:S"
[publish_wind_direction-2] [INFO] [1749829788.143086332] [publish_wind_direction]: Publishing: "None:S"
[publish_wind_direction-2] [INFO] [1749829793.143060903] [publish_wind_direction]: Publishing: "None:S"
[publish_wind_direction-2] [INFO] [1749829798.143066604] [publish_wind_direction]: Publishing: "None:S"
[publish_wind_direction-2] [INFO] [1749829803.143089527] [publish_wind_direction]: Publishing: "None:S"
[publish_wind_direction-2] [INFO] [1749829808.143100857] [publish_wind_direction]: Publishing: "None:S"
[publish_wind_direction-2] [INFO] [1749829813.143200817] [publish_wind_direction]: Publishing: "None:S"
[publish_wind_direction-2] [INFO] [1749829818.143091055] [publish_wind_direction]: Publishing: "None:S"
[publish_wind_direction-2] [INFO] [1749829823.143068533] [publish_wind_direction]: Publishing: "None:S"
[publish_wind_direction-2] [INFO] [1749829828.143072326] [publish_wind_direction]: Publishing: "None:S"
[publish_wind_direction-2] [INFO] [1749829833.143173398] [publish_wind_direction]: Publishing: "None:S"
[publish_wind_direction-2] [INFO] [1749829838.143130913] [publish_wind_direction]: Publishing: "None:S"
[publish_wind_direction-2] [INFO] [1749829843.143411188] [publish_wind_direction]: Publishing: "None:S"
[publish_wind_direction-2] [INFO] [1749829848.143076018] [publish_wind_direction]: Publishing: "None:S"
[publish_wind_direction-2] [INFO] [1749829853.143083163] [publish_wind_direction]: Publishing: "None:S"
[publish_wind_direction-2] [INFO] [1749829858.143048179] [publish_wind_direction]: Publishing: "None:S"
[publish_wind_direction-2] [INFO] [1749829863.143272046] [publish_wind_direction]: Publishing: "None:S"
[publish_wind_direction-2] [INFO] [1749829868.143178803] [publish_wind_direction]: Publishing: "None:S"
[publish_wind_direction-2] [INFO] [1749829873.143486096] [publish_wind_direction]: Publishing: "None:S"
[publish_wind_direction-2] [INFO] [1749829878.143187167] [publish_wind_direction]: Publishing: "None:S"
[publish_wind_direction-2] [INFO] [1749829883.143129275] [publish_wind_direction]: Publishing: "None:S"
[publish_wind_direction-2] [INFO] [1749829888.143235494] [publish_wind_direction]: Publishing: "None:S"
[publish_wind_direction-2] [INFO] [1749829893.143173084] [publish_wind_direction]: Publishing: "None:S"
[publish_wind_direction-2] [INFO] [1749829898.143184822] [publish_wind_direction]: Publishing: "None:S"
[publish_wind_direction-2] [INFO] [1749829903.143155597] [publish_wind_direction]: Publishing: "None:S"
[publish_wind_direction-2] [INFO] [1749829908.143368945] [publish_wind_direction]: Publishing: "None:S"
[publish_wind_direction-2] [INFO] [1749829913.143148739] [publish_wind_direction]: Publishing: "None:S"
[publish_wind_direction-2] [INFO] [1749829918.143036495] [publish_wind_direction]: Publishing: "None:S"
[publish_wind_direction-2] [INFO] [1749829923.143076455] [publish_wind_direction]: Publishing: "None:S"
[publish_wind_direction-2] [INFO] [1749829928.143192656] [publish_wind_direction]: Publishing: "None:S"
[publish_wind_direction-2] [INFO] [1749829933.143151838] [publish_wind_direction]: Publishing: "None:S"
[publish_wind_direction-2] [INFO] [1749829938.142858428] [publish_wind_direction]: Publishing: "None:S"
[publish_wind_direction-2] [INFO] [1749829943.143052999] [publish_wind_direction]: Publishing: "None:S"
[publish_wind_direction-2] [INFO] [1749829948.143076699] [publish_wind_direction]: Publishing: "None:S"
[publish_wind_direction-2] [INFO] [1749829953.143188048] [publish_wind_direction]: Publishing: "None:S"
[publish_wind_direction-2] [INFO] [1749829958.143196342] [publish_wind_direction]: Publishing: "None:S"
[publish_wind_direction-2] [INFO] [1749829963.143029950] [publish_wind_direction]: Publishing: "None:S"
[publish_wind_direction-2] [INFO] [1749829968.143073780] [publish_wind_direction]: Publishing: "None:S"
[publish_wind_direction-2] [INFO] [1749829973.143189555] [publish_wind_direction]: Publishing: "None:S"
[publish_wind_direction-2] [INFO] [1749829978.143170756] [publish_wind_direction]: Publishing: "None:S"
[publish_wind_direction-2] [INFO] [1749829983.143068956] [publish_wind_direction]: Publishing: "None:S"
[publish_wind_direction-2] [INFO] [1749829988.143259527] [publish_wind_direction]: Publishing: "None:S"
[publish_wind_direction-2] [INFO] [1749829993.143039117] [publish_wind_direction]: Publishing: "None:S"
[publish_wind_direction-2] [INFO] [1749829998.143078466] [publish_wind_direction]: Publishing: "None:S"
[publish_wind_direction-2] [INFO] [1749830003.143221333] [publish_wind_direction]: Publishing: "None:S"
[publish_wind_direction-2] [INFO] [1749830008.143120571] [publish_wind_direction]: Publishing: "None:S"
[publish_wind_direction-2] [INFO] [1749830013.143050753] [publish_wind_direction]: Publishing: "None:S"
[publish_wind_direction-2] [INFO] [1749830018.143069806] [publish_wind_direction]: Publishing: "None:S"
[publish_wind_direction-2] [INFO] [1749830023.143067951] [publish_wind_direction]: Publishing: "None:S"
[publish_wind_direction-2] [INFO] [1749830028.143206059] [publish_wind_direction]: Publishing: "None:S"
[publish_wind_direction-2] [INFO] [1749830033.143188815] [publish_wind_direction]: Publishing: "None:S"
[publish_wind_direction-2] [INFO] [1749830038.143094479] [publish_wind_direction]: Publishing: "None:S"
[publish_wind_direction-2] [INFO] [1749830043.143199124] [publish_wind_direction]: Publishing: "None:S"
[publish_wind_direction-2] [INFO] [1749830048.143130769] [publish_wind_direction]: Publishing: "None:S"
[publish_wind_direction-2] [INFO] [1749830053.143049896] [publish_wind_direction]: Publishing: "None:S"
[publish_wind_direction-2] [INFO] [1749830058.143062115] [publish_wind_direction]: Publishing: "None:S"
[publish_wind_direction-2] [INFO] [1749830063.143174557] [publish_wind_direction]: Publishing: "None:S"
[publish_wind_direction-2] [INFO] [1749830068.143252572] [publish_wind_direction]: Publishing: "None:S"
[publish_wind_direction-2] [INFO] [1749830073.143197310] [publish_wind_direction]: Publishing: "None:S"
[publish_wind_direction-2] [INFO] [1749830078.143093566] [publish_wind_direction]: Publishing: "None:S"
[publish_wind_direction-2] [INFO] [1749830083.143176471] [publish_wind_direction]: Publishing: "None:S"
[publish_wind_direction-2] [INFO] [1749830088.143061727] [publish_wind_direction]: Publishing: "None:S"
[publish_wind_direction-2] [INFO] [1749830093.143072335] [publish_wind_direction]: Publishing: "None:S"
[publish_wind_direction-2] [INFO] [1749830098.143178277] [publish_wind_direction]: Publishing: "None:S"
[publish_wind_direction-2] [INFO] [1749830103.143066181] [publish_wind_direction]: Publishing: "None:S"
[publish_wind_direction-2] [INFO] [1749830108.143050956] [publish_wind_direction]: Publishing: "None:S"
[publish_wind_direction-2] [INFO] [1749830113.143082268] [publish_wind_direction]: Publishing: "None:S"
[publish_wind_direction-2] [INFO] [1749830118.143149728] [publish_wind_direction]: Publishing: "None:S"
[publish_wind_direction-2] [INFO] [1749830123.143158243] [publish_wind_direction]: Publishing: "None:S"
[publish_wind_direction-2] [INFO] [1749830128.143221277] [publish_wind_direction]: Publishing: "None:S"
[publish_wind_direction-2] [INFO] [1749830133.143103145] [publish_wind_direction]: Publishing: "None:S"
[publish_wind_direction-2] [INFO] [1749830138.143051457] [publish_wind_direction]: Publishing: "None:S"
[publish_wind_direction-2] [INFO] [1749830143.143129157] [publish_wind_direction]: Publishing: "None:S"
[publish_wind_direction-2] [INFO] [1749830148.143118395] [publish_wind_direction]: Publishing: "None:S"
[publish_wind_direction-2] [INFO] [1749830153.143171096] [publish_wind_direction]: Publishing: "None:S"
[publish_wind_direction-2] [INFO] [1749830158.143306278] [publish_wind_direction]: Publishing: "None:S"
[publish_wind_direction-2] [INFO] [1749830163.143075386] [publish_wind_direction]: Publishing: "None:S"
[publish_wind_direction-2] [INFO] [1749830168.143040346] [publish_wind_direction]: Publishing: "None:S"
[publish_wind_direction-2] [INFO] [1749830173.143047917] [publish_wind_direction]: Publishing: "None:S"
[publish_wind_direction-2] [INFO] [1749830178.143074729] [publish_wind_direction]: Publishing: "None:S"
[publish_wind_direction-2] [INFO] [1749830183.143161059] [publish_wind_direction]: Publishing: "None:S"
[publish_wind_direction-2] [INFO] [1749830188.143032408] [publish_wind_direction]: Publishing: "None:S"
[publish_wind_direction-2] [INFO] [1749830193.143025720] [publish_wind_direction]: Publishing: "None:S"
[publish_wind_direction-2] [INFO] [1749830198.143075976] [publish_wind_direction]: Publishing: "None:S"
[publish_wind_direction-2] [INFO] [1749830203.143216696] [publish_wind_direction]: Publishing: "None:S"
[publish_wind_direction-2] [INFO] [1749830208.143068322] [publish_wind_direction]: Publishing: "None:S"
[publish_wind_direction-2] [INFO] [1749830213.143048653] [publish_wind_direction]: Publishing: "None:S"
[publish_wind_direction-2] [INFO] [1749830218.143063057] [publish_wind_direction]: Publishing: "None:S"
[publish_wind_direction-2] [INFO] [1749830223.143059165] [publish_wind_direction]: Publishing: "None:S"
[publish_wind_direction-2] [INFO] [1749830228.143178699] [publish_wind_direction]: Publishing: "None:S"
[publish_wind_direction-2] [INFO] [1749830233.143102492] [publish_wind_direction]: Publishing: "None:S"
[publish_wind_direction-2] [INFO] [1749830238.143019082] [publish_wind_direction]: Publishing: "None:S"
[publish_wind_direction-2] [INFO] [1749830243.143065153] [publish_wind_direction]: Publishing: "None:S"
[publish_wind_direction-2] [INFO] [1749830248.143184817] [publish_wind_direction]: Publishing: "None:S"
[publish_wind_direction-2] [INFO] [1749830253.143047777] [publish_wind_direction]: Publishing: "None:S"
[publish_wind_direction-2] [INFO] [1749830258.143071478] [publish_wind_direction]: Publishing: "None:S"
[publish_wind_direction-2] [INFO] [1749830263.143042586] [publish_wind_direction]: Publishing: "None:S"
[publish_wind_direction-2] [INFO] [1749830268.143201064] [publish_wind_direction]: Publishing: "None:S"
[publish_wind_direction-2] [INFO] [1749830273.143458487] [publish_wind_direction]: Publishing: "None:S"
[publish_wind_direction-2] [INFO] [1749830278.143146484] [publish_wind_direction]: Publishing: "None:S"
[publish_wind_direction-2] [INFO] [1749830283.143166703] [publish_wind_direction]: Publishing: "None:S"
[publish_wind_direction-2] [INFO] [1749830288.143124460] [publish_wind_direction]: Publishing: "None:S"
[publish_wind_direction-2] [INFO] [1749830293.143116679] [publish_wind_direction]: Publishing: "None:S"
[publish_wind_direction-2] [INFO] [1749830298.143422232] [publish_wind_direction]: Publishing: "None:S"
[publish_wind_direction-2] [INFO] [1749830303.143050747] [publish_wind_direction]: Publishing: "None:S"
[publish_wind_direction-2] [INFO] [1749830308.143292559] [publish_wind_direction]: Publishing: "None:S"
[publish_wind_direction-2] [INFO] [1749830313.143286223] [publish_wind_direction]: Publishing: "None:S"
[publish_wind_direction-2] [INFO] [1749830318.143039053] [publish_wind_direction]: Publishing: "None:S"
[publish_wind_direction-2] [INFO] [1749830323.143080902] [publish_wind_direction]: Publishing: "None:S"
[publish_wind_direction-2] [INFO] [1749830328.143101047] [publish_wind_direction]: Publishing: "None:S"
[publish_wind_direction-2] [INFO] [1749830333.143113840] [publish_wind_direction]: Publishing: "None:S"
[publish_wind_direction-2] [INFO] [1749830338.142859485] [publish_wind_direction]: Publishing: "None:S"
[publish_wind_direction-2] [INFO] [1749830343.143157001] [publish_wind_direction]: Publishing: "None:S"
[publish_wind_direction-2] [INFO] [1749830348.143194368] [publish_wind_direction]: Publishing: "None:S"
[publish_wind_direction-2] [INFO] [1749830353.143022958] [publish_wind_direction]: Publishing: "None:S"
[publish_wind_direction-2] [INFO] [1749830358.143056733] [publish_wind_direction]: Publishing: "None:S"
[publish_wind_direction-2] [INFO] [1749830363.143083193] [publish_wind_direction]: Publishing: "None:S"
[publish_wind_direction-2] [INFO] [1749830368.143170875] [publish_wind_direction]: Publishing: "None:S"
[publish_wind_direction-2] [INFO] [1749830373.143027557] [publish_wind_direction]: Publishing: "None:S"
[publish_wind_direction-2] [INFO] [1749830378.143024462] [publish_wind_direction]: Publishing: "None:S"
[publish_wind_direction-2] [INFO] [1749830383.143016348] [publish_wind_direction]: Publishing: "None:S"
[publish_wind_direction-2] [INFO] [1749830388.143025863] [publish_wind_direction]: Publishing: "None:S"
[publish_wind_direction-2] [INFO] [1749830393.143207434] [publish_wind_direction]: Publishing: "None:S"
[publish_wind_direction-2] [INFO] [1749830398.143069505] [publish_wind_direction]: Publishing: "None:S"
[publish_wind_direction-2] [INFO] [1749830403.143069595] [publish_wind_direction]: Publishing: "None:S"
[publish_wind_direction-2] [INFO] [1749830408.143553814] [publish_wind_direction]: Publishing: "None:S"
[publish_wind_direction-2] [INFO] [1749830413.143142163] [publish_wind_direction]: Publishing: "None:S"
[publish_wind_direction-2] [INFO] [1749830418.143023141] [publish_wind_direction]: Publishing: "None:S"
[publish_wind_direction-2] [INFO] [1749830423.143032416] [publish_wind_direction]: Publishing: "None:S"
[publish_wind_direction-2] [INFO] [1749830428.143042784] [publish_wind_direction]: Publishing: "None:S"
[publish_wind_direction-2] [INFO] [1749830433.143161077] [publish_wind_direction]: Publishing: "None:S"
[publish_wind_direction-2] [INFO] [1749830438.143062685] [publish_wind_direction]: Publishing: "None:S"
[publish_wind_direction-2] [INFO] [1749830443.143025312] [publish_wind_direction]: Publishing: "None:S"
[publish_wind_direction-2] [INFO] [1749830448.143041420] [publish_wind_direction]: Publishing: "None:S"
[publish_wind_direction-2] [INFO] [1749830453.143200158] [publish_wind_direction]: Publishing: "None:S"
[publish_wind_direction-2] [INFO] [1749830458.143102655] [publish_wind_direction]: Publishing: "None:S"
[publish_wind_direction-2] [INFO] [1749830463.143144596] [publish_wind_direction]: Publishing: "None:S"
[publish_wind_direction-2] [INFO] [1749830468.143133964] [publish_wind_direction]: Publishing: "None:S"
[publish_wind_direction-2] [INFO] [1749830473.143044979] [publish_wind_direction]: Publishing: "None:S"
[publish_wind_direction-2] [INFO] [1749830478.143007735] [publish_wind_direction]: Publishing: "None:S"
[publish_wind_direction-2] [INFO] [1749830483.143109010] [publish_wind_direction]: Publishing: "None:S"
[publish_wind_direction-2] [INFO] [1749830488.143041192] [publish_wind_direction]: Publishing: "None:S"
[publish_wind_direction-2] [INFO] [1749830493.143013152] [publish_wind_direction]: Publishing: "None:S"
[publish_wind_direction-2] [INFO] [1749830498.143052483] [publish_wind_direction]: Publishing: "None:S"
[publish_wind_direction-2] [INFO] [1749830503.143155295] [publish_wind_direction]: Publishing: "None:S"
[publish_wind_direction-2] [INFO] [1749830508.143083847] [publish_wind_direction]: Publishing: "None:S"
[publish_wind_direction-2] [INFO] [1749830513.143111029] [publish_wind_direction]: Publishing: "None:S"
[publish_wind_direction-2] [INFO] [1749830518.143080656] [publish_wind_direction]: Publishing: "None:S"
[publish_wind_direction-2] [INFO] [1749830523.143004764] [publish_wind_direction]: Publishing: "None:S"
[publish_wind_direction-2] [INFO] [1749830528.143038317] [publish_wind_direction]: Publishing: "None:S"
[publish_wind_direction-2] [INFO] [1749830533.143055925] [publish_wind_direction]: Publishing: "None:S"
[publish_wind_direction-2] [INFO] [1749830538.143036996] [publish_wind_direction]: Publishing: "None:S"
[publish_wind_direction-2] [INFO] [1749830543.143044585] [publish_wind_direction]: Publishing: "None:S"
[publish_wind_direction-2] [INFO] [1749830548.143060638] [publish_wind_direction]: Publishing: "None:S"
[publish_wind_direction-2] [INFO] [1749830553.143051339] [publish_wind_direction]: Publishing: "None:S"
[publish_wind_direction-2] [INFO] [1749830558.143078039] [publish_wind_direction]: Publishing: "None:S"
[publish_wind_direction-2] [INFO] [1749830563.143305925] [publish_wind_direction]: Publishing: "None:S"
[publish_wind_direction-2] [INFO] [1749830568.145205922] [publish_wind_direction]: Publishing: "None:S"
[publish_wind_direction-2] [INFO] [1749830573.143375623] [publish_wind_direction]: Publishing: "None:S"
[publish_wind_direction-2] [INFO] [1749830578.143185509] [publish_wind_direction]: Publishing: "None:S"
[publish_wind_direction-2] [INFO] [1749830583.143264154] [publish_wind_direction]: Publishing: "None:S"
[publish_wind_direction-2] [INFO] [1749830588.143389818] [publish_wind_direction]: Publishing: "None:S"
[publish_wind_direction-2] [INFO] [1749830593.143280815] [publish_wind_direction]: Publishing: "None:S"
[publish_wind_direction-2] [INFO] [1749830598.143244127] [publish_wind_direction]: Publishing: "None:S"
[publish_wind_direction-2] [INFO] [1749830603.143407494] [publish_wind_direction]: Publishing: "None:S"
[publish_wind_direction-2] [INFO] [1749830608.143362380] [publish_wind_direction]: Publishing: "None:S"
[publish_wind_direction-2] [INFO] [1749830613.143315247] [publish_wind_direction]: Publishing: "None:S"
[publish_wind_direction-2] [INFO] [1749830618.143366189] [publish_wind_direction]: Publishing: "None:S"
[publish_wind_direction-2] [INFO] [1749830623.143143538] [publish_wind_direction]: Raising exception
[publish_wind_direction-2] [INFO] [1749830623.146065186] [publish_wind_direction]: Publisher stopping, exception
[INFO] [publish_wind_direction-2]: process has finished cleanly [pid 847]
[random_robot_move-1] [INFO] [1749830623.883211371] [random_robot_move]: Exception, shutting down
