[INFO] [launch]: All log files can be found below /home/thymio/.ros/log/2025-06-05-14-33-26-296577-thymio-819
[INFO] [launch]: Default logging verbosity is set to INFO
[INFO] [random_robot_move-1]: process started with pid [841]
[INFO] [publish_wind_direction-2]: process started with pid [843]
[publish_wind_direction-2] /usr/lib/python3/dist-packages/scipy/__init__.py:146: UserWarning: A NumPy version >=1.17.3 and <1.25.0 is required for this version of SciPy (detected version 1.26.4
[publish_wind_direction-2]   warnings.warn(f"A NumPy version >={np_minversion} and <{np_maxversion}"
[publish_wind_direction-2] [INFO] [1749134010.241383772] [publish_wind_direction]: Physical Ip=134.34.225.189, id=id189
[random_robot_move-1] [INFO] [1749134013.154375013] [random_robot_move]: Robot Control Node started.
[publish_wind_direction-2] [INFO] [1749134015.267155716] [publish_wind_direction]: Publishing: "id189:S"
[publish_wind_direction-2] [INFO] [1749134015.271079935] [publish_wind_direction]: * Received from id189, wind direction S
[publish_wind_direction-2] [INFO] [1749134015.273740598] [publish_wind_direction]: Publisher, neighbours_by_id=set()
[publish_wind_direction-2] [INFO] [1749134019.683342041] [publish_wind_direction]: ***Cam angle= -244.3071511968554, vico ang deg= 0.0 Ground Truth= 115.69284880314461
[publish_wind_direction-2] [INFO] [1749134019.686101861] [publish_wind_direction]: Publisher, Neighbourhood size: 0
[publish_wind_direction-2] [INFO] [1749134020.267228973] [publish_wind_direction]: Publishing: "id189:S"
[publish_wind_direction-2] [INFO] [1749134020.271999866] [publish_wind_direction]: * Received from id189, wind direction S
[publish_wind_direction-2] [INFO] [1749134020.275964809] [publish_wind_direction]: Publisher, neighbours_by_id=set()
[publish_wind_direction-2] [INFO] [1749134024.228040271] [publish_wind_direction]: ***Cam angle= -999.0, vico ang deg= 0.0 Ground Truth= 81.0
[publish_wind_direction-2] [INFO] [1749134024.231172970] [publish_wind_direction]: Publisher, Neighbourhood size: 0
[publish_wind_direction-2] [INFO] [1749134025.266882568] [publish_wind_direction]: Publishing: "id189:S"
[publish_wind_direction-2] [INFO] [1749134025.272110814] [publish_wind_direction]: * Received from id189, wind direction S
[publish_wind_direction-2] [INFO] [1749134025.276853390] [publish_wind_direction]: Publisher, neighbours_by_id=set()
[publish_wind_direction-2] [INFO] [1749134029.140433926] [publish_wind_direction]: ***Cam angle= 73.29946745129172, vico ang deg= 0.0 Ground Truth= 73.29946745129172
[publish_wind_direction-2] [INFO] [1749134029.142878946] [publish_wind_direction]: Publisher, Neighbourhood size: 0
[publish_wind_direction-2] [INFO] [1749134030.267306046] [publish_wind_direction]: Publishing: "id189:S"
[publish_wind_direction-2] [INFO] [1749134030.271312718] [publish_wind_direction]: * Received from id189, wind direction S
[publish_wind_direction-2] [INFO] [1749134030.273794598] [publish_wind_direction]: Publisher, neighbours_by_id=set()
[publish_wind_direction-2] [INFO] [1749134034.222485326] [publish_wind_direction]: ***Cam angle= -243.92385257856938, vico ang deg= 0.0 Ground Truth= 116.07614742143062
[publish_wind_direction-2] [INFO] [1749134034.225067121] [publish_wind_direction]: Publisher, Neighbourhood size: 0
[publish_wind_direction-2] [INFO] [1749134035.267285375] [publish_wind_direction]: Publishing: "id189:S"
[publish_wind_direction-2] [INFO] [1749134035.271368686] [publish_wind_direction]: * Received from id189, wind direction S
[publish_wind_direction-2] [INFO] [1749134035.274133673] [publish_wind_direction]: Publisher, neighbours_by_id=set()
[publish_wind_direction-2] [INFO] [1749134039.126295509] [publish_wind_direction]: ***Cam angle= -241.35885852179013, vico ang deg= 0.0 Ground Truth= 118.64114147820987
[publish_wind_direction-2] [INFO] [1749134039.130044257] [publish_wind_direction]: Publisher, Neighbourhood size: 0
[publish_wind_direction-2] [INFO] [1749134040.267227575] [publish_wind_direction]: Publishing: "id189:S"
[publish_wind_direction-2] [INFO] [1749134040.271792342] [publish_wind_direction]: * Received from id189, wind direction S
[publish_wind_direction-2] [INFO] [1749134040.275086271] [publish_wind_direction]: Publisher, neighbours_by_id=set()
[publish_wind_direction-2] [INFO] [1749134044.094905663] [publish_wind_direction]: ***Cam angle= -250.263903807202, vico ang deg= 0.0 Ground Truth= 109.73609619279799
[publish_wind_direction-2] [INFO] [1749134044.097414491] [publish_wind_direction]: Publisher, Neighbourhood size: 0
[publish_wind_direction-2] [INFO] [1749134045.267790418] [publish_wind_direction]: Publishing: "id189:S"
[publish_wind_direction-2] [INFO] [1749134045.272605287] [publish_wind_direction]: * Received from id189, wind direction S
[publish_wind_direction-2] [INFO] [1749134045.275871027] [publish_wind_direction]: Publisher, neighbours_by_id=set()
[publish_wind_direction-2] [INFO] [1749134049.077942891] [publish_wind_direction]: ***Cam angle= -241.4852101008777, vico ang deg= 0.0 Ground Truth= 118.51478989912229
[publish_wind_direction-2] [INFO] [1749134049.080433501] [publish_wind_direction]: Publisher, Neighbourhood size: 0
[publish_wind_direction-2] [INFO] [1749134050.267138120] [publish_wind_direction]: Publishing: "id189:S"
[publish_wind_direction-2] [INFO] [1749134050.271006692] [publish_wind_direction]: * Received from id189, wind direction S
[publish_wind_direction-2] [INFO] [1749134050.273730121] [publish_wind_direction]: Publisher, neighbours_by_id=set()
[publish_wind_direction-2] [INFO] [1749134054.051387076] [publish_wind_direction]: ***Cam angle= -229.25247248768244, vico ang deg= 0.0 Ground Truth= 130.74752751231756
[publish_wind_direction-2] [INFO] [1749134054.053968292] [publish_wind_direction]: Publisher, Neighbourhood size: 0
[publish_wind_direction-2] [INFO] [1749134055.267139357] [publish_wind_direction]: Publishing: "id189:S"
[publish_wind_direction-2] [INFO] [1749134055.271258644] [publish_wind_direction]: * Received from id189, wind direction S
[publish_wind_direction-2] [INFO] [1749134055.273928855] [publish_wind_direction]: Publisher, neighbours_by_id=set()
[publish_wind_direction-2] [INFO] [1749134059.201063128] [publish_wind_direction]: ***Cam angle= -244.88326225603035, vico ang deg= 0.0 Ground Truth= 115.11673774396965
[publish_wind_direction-2] [INFO] [1749134059.203558214] [publish_wind_direction]: Publisher, Neighbourhood size: 0
[publish_wind_direction-2] [INFO] [1749134060.267085791] [publish_wind_direction]: Publishing: "id189:S"
[publish_wind_direction-2] [INFO] [1749134060.271081792] [publish_wind_direction]: * Received from id189, wind direction S
[publish_wind_direction-2] [INFO] [1749134060.273631359] [publish_wind_direction]: Publisher, neighbours_by_id=set()
[publish_wind_direction-2] [INFO] [1749134063.997247232] [publish_wind_direction]: ***Cam angle= -227.0787471906628, vico ang deg= 0.0 Ground Truth= 132.9212528093372
[publish_wind_direction-2] [INFO] [1749134063.999789692] [publish_wind_direction]: Publisher, Neighbourhood size: 0
[publish_wind_direction-2] [INFO] [1749134065.267036314] [publish_wind_direction]: Publishing: "id189:S"
[publish_wind_direction-2] [INFO] [1749134065.270941733] [publish_wind_direction]: * Received from id189, wind direction S
[publish_wind_direction-2] [INFO] [1749134065.273533570] [publish_wind_direction]: Publisher, neighbours_by_id=set()
[publish_wind_direction-2] [INFO] [1749134069.037114015] [publish_wind_direction]: ***Cam angle= -250.32814995622667, vico ang deg= 0.0 Ground Truth= 109.67185004377333
[publish_wind_direction-2] [INFO] [1749134069.039636088] [publish_wind_direction]: Publisher, Neighbourhood size: 0
[publish_wind_direction-2] [INFO] [1749134070.267117052] [publish_wind_direction]: Publishing: "id189:S"
[publish_wind_direction-2] [INFO] [1749134070.271125910] [publish_wind_direction]: * Received from id189, wind direction S
[publish_wind_direction-2] [INFO] [1749134070.273865573] [publish_wind_direction]: Publisher, neighbours_by_id=set()
[publish_wind_direction-2] [INFO] [1749134074.120467013] [publish_wind_direction]: ***Cam angle= -219.88074765916684, vico ang deg= 0.0 Ground Truth= 140.11925234083316
[publish_wind_direction-2] [INFO] [1749134074.124002958] [publish_wind_direction]: Publisher, Neighbourhood size: 0
[publish_wind_direction-2] [INFO] [1749134075.267049424] [publish_wind_direction]: Publishing: "id189:S"
[publish_wind_direction-2] [INFO] [1749134075.271035287] [publish_wind_direction]: * Received from id189, wind direction S
[publish_wind_direction-2] [INFO] [1749134075.273548818] [publish_wind_direction]: Publisher, neighbours_by_id=set()
[publish_wind_direction-2] [INFO] [1749134079.278596508] [publish_wind_direction]: ***Cam angle= -211.89365114395272, vico ang deg= 0.0 Ground Truth= 148.10634885604728
[publish_wind_direction-2] [INFO] [1749134079.282131742] [publish_wind_direction]: Publisher, Neighbourhood size: 0
[publish_wind_direction-2] [INFO] [1749134080.267007421] [publish_wind_direction]: Publishing: "id189:S"
[publish_wind_direction-2] [INFO] [1749134080.270796579] [publish_wind_direction]: * Received from id189, wind direction S
[publish_wind_direction-2] [INFO] [1749134080.273134445] [publish_wind_direction]: Publisher, neighbours_by_id=set()
[publish_wind_direction-2] [INFO] [1749134084.047356258] [publish_wind_direction]: ***Cam angle= -999.0, vico ang deg= 0.0 Ground Truth= 81.0
[publish_wind_direction-2] [INFO] [1749134084.051393377] [publish_wind_direction]: Publisher, Neighbourhood size: 0
[publish_wind_direction-2] [INFO] [1749134085.267105987] [publish_wind_direction]: Publishing: "id189:S"
[publish_wind_direction-2] [INFO] [1749134085.271033492] [publish_wind_direction]: * Received from id189, wind direction S
[publish_wind_direction-2] [INFO] [1749134085.273384114] [publish_wind_direction]: Publisher, neighbours_by_id=set()
[publish_wind_direction-2] [INFO] [1749134089.106573510] [publish_wind_direction]: ***Cam angle= -196.12068213174035, vico ang deg= 0.0 Ground Truth= 163.87931786825965
[publish_wind_direction-2] [INFO] [1749134089.109035208] [publish_wind_direction]: Publisher, Neighbourhood size: 0
[publish_wind_direction-2] [INFO] [1749134090.267119746] [publish_wind_direction]: Publishing: "id189:S"
[publish_wind_direction-2] [INFO] [1749134090.271027555] [publish_wind_direction]: * Received from id189, wind direction S
[publish_wind_direction-2] [INFO] [1749134090.273414929] [publish_wind_direction]: Publisher, neighbours_by_id=set()
