[INFO] [launch]: All log files can be found below /home/thymio/.ros/log/2025-06-05-15-42-35-379425-thymio-822
[INFO] [launch]: Default logging verbosity is set to INFO
[INFO] [random_robot_move-1]: process started with pid [849]
[INFO] [publish_wind_direction-2]: process started with pid [851]
[publish_wind_direction-2] /usr/lib/python3/dist-packages/scipy/__init__.py:146: UserWarning: A NumPy version >=1.17.3 and <1.25.0 is required for this version of SciPy (detected version 1.26.4
[publish_wind_direction-2]   warnings.warn(f"A NumPy version >={np_minversion} and <{np_maxversion}"
[publish_wind_direction-2] [INFO] [1749138159.289752345] [publish_wind_direction]: Physical Ip=134.34.225.189, id=id189
[publish_wind_direction-2] [INFO] [1749138159.328316411] [publish_wind_direction]: Subscribed to: wind_direction/id68
[publish_wind_direction-2] [INFO] [1749138159.332216481] [publish_wind_direction]: Subscribed to: wind_direction/id136
[publish_wind_direction-2] [INFO] [1749138159.336147613] [publish_wind_direction]: Subscribed to: wind_direction/id137
[publish_wind_direction-2] [INFO] [1749138159.340128541] [publish_wind_direction]: Subscribed to: wind_direction/id142
[publish_wind_direction-2] [INFO] [1749138159.343612975] [publish_wind_direction]: Subscribed to: wind_direction/id151
[publish_wind_direction-2] [INFO] [1749138159.347200726] [publish_wind_direction]: Subscribed to: wind_direction/id152
[publish_wind_direction-2] [INFO] [1749138159.350668776] [publish_wind_direction]: Subscribed to: wind_direction/id155
[publish_wind_direction-2] [INFO] [1749138159.354162989] [publish_wind_direction]: Subscribed to: wind_direction/id192
[publish_wind_direction-2] [INFO] [1749138159.357708301] [publish_wind_direction]: Subscribed to: wind_direction/id193
[publish_wind_direction-2] [INFO] [1749138159.361281851] [publish_wind_direction]: Subscribed to: wind_direction/id194
[publish_wind_direction-2] [INFO] [1749138159.364683738] [publish_wind_direction]: Subscribed to: wind_direction/id195
[publish_wind_direction-2] [INFO] [1749138159.368231655] [publish_wind_direction]: Subscribed to: wind_direction/id200
[publish_wind_direction-2] [INFO] [1749138159.371845295] [publish_wind_direction]: Subscribed to: wind_direction/id206
[publish_wind_direction-2] [INFO] [1749138159.375312023] [publish_wind_direction]: Subscribed to: wind_direction/id207
[publish_wind_direction-2] [INFO] [1749138159.378856822] [publish_wind_direction]: Subscribed to: wind_direction/id223
[publish_wind_direction-2] [INFO] [1749138159.382346448] [publish_wind_direction]: Subscribed to: wind_direction/id224
[publish_wind_direction-2] [INFO] [1749138159.385795581] [publish_wind_direction]: Subscribed to: wind_direction/id236
[publish_wind_direction-2] [INFO] [1749138159.389367388] [publish_wind_direction]: Subscribed to: wind_direction/id247
[publish_wind_direction-2] [INFO] [1749138159.392892664] [publish_wind_direction]: Subscribed to: wind_direction/id1193
[random_robot_move-1] [INFO] [1749138162.250434911] [random_robot_move]: Robot Control Node started.
[publish_wind_direction-2] [INFO] [1749138164.316214258] [publish_wind_direction]: Publishing: "id189:E"
[publish_wind_direction-2] [INFO] [1749138169.316235268] [publish_wind_direction]: Publishing: "id189:E"
[publish_wind_direction-2] [INFO] [1749138174.316042860] [publish_wind_direction]: Publishing: "id189:E"
[publish_wind_direction-2] [INFO] [1749138179.316501603] [publish_wind_direction]: Publishing: "id189:E"
[publish_wind_direction-2] [INFO] [1749138184.316211364] [publish_wind_direction]: Publishing: "id189:E"
[publish_wind_direction-2] [INFO] [1749138189.316081316] [publish_wind_direction]: Publishing: "id189:E"
[publish_wind_direction-2] [INFO] [1749138194.316210849] [publish_wind_direction]: Publishing: "id189:E"
[publish_wind_direction-2] [INFO] [1749138199.316222240] [publish_wind_direction]: Publishing: "id189:E"
[publish_wind_direction-2] [INFO] [1749138204.316123944] [publish_wind_direction]: Publishing: "id189:E"
[publish_wind_direction-2] [INFO] [1749138209.316152142] [publish_wind_direction]: Publishing: "id189:E"
[publish_wind_direction-2] [INFO] [1749138214.316134847] [publish_wind_direction]: Publishing: "id189:E"
[publish_wind_direction-2] [INFO] [1749138219.316127170] [publish_wind_direction]: Publishing: "id189:E"
[publish_wind_direction-2] [INFO] [1749138224.316213928] [publish_wind_direction]: Publishing: "id189:E"
[publish_wind_direction-2] [INFO] [1749138229.316178811] [publish_wind_direction]: Publishing: "id189:E"
[publish_wind_direction-2] [INFO] [1749138234.316138166] [publish_wind_direction]: Publishing: "id189:E"
