[INFO] [launch]: All log files can be found below /home/thymio/.ros/log/2025-06-05-15-42-17-958688-thymio-817
[INFO] [launch]: Default logging verbosity is set to INFO
[INFO] [random_robot_move-1]: process started with pid [839]
[INFO] [publish_wind_direction-2]: process started with pid [841]
[publish_wind_direction-2] /usr/lib/python3/dist-packages/scipy/__init__.py:146: UserWarning: A NumPy version >=1.17.3 and <1.25.0 is required for this version of SciPy (detected version 1.26.4
[publish_wind_direction-2]   warnings.warn(f"A NumPy version >={np_minversion} and <{np_maxversion}"
[publish_wind_direction-2] [INFO] [1749138142.006689889] [publish_wind_direction]: Physical Ip=134.34.225.206, id=id206
[publish_wind_direction-2] [INFO] [1749138142.049382072] [publish_wind_direction]: Subscribed to: wind_direction/id68
[publish_wind_direction-2] [INFO] [1749138142.053318677] [publish_wind_direction]: Subscribed to: wind_direction/id136
[publish_wind_direction-2] [INFO] [1749138142.057220830] [publish_wind_direction]: Subscribed to: wind_direction/id137
[publish_wind_direction-2] [INFO] [1749138142.061070585] [publish_wind_direction]: Subscribed to: wind_direction/id142
[publish_wind_direction-2] [INFO] [1749138142.064473766] [publish_wind_direction]: Subscribed to: wind_direction/id151
[publish_wind_direction-2] [INFO] [1749138142.067933039] [publish_wind_direction]: Subscribed to: wind_direction/id152
[publish_wind_direction-2] [INFO] [1749138142.071449648] [publish_wind_direction]: Subscribed to: wind_direction/id155
[publish_wind_direction-2] [INFO] [1749138142.074837134] [publish_wind_direction]: Subscribed to: wind_direction/id189
[publish_wind_direction-2] [INFO] [1749138142.078349148] [publish_wind_direction]: Subscribed to: wind_direction/id192
[publish_wind_direction-2] [INFO] [1749138142.081925290] [publish_wind_direction]: Subscribed to: wind_direction/id193
[publish_wind_direction-2] [INFO] [1749138142.085532965] [publish_wind_direction]: Subscribed to: wind_direction/id194
[publish_wind_direction-2] [INFO] [1749138142.089235381] [publish_wind_direction]: Subscribed to: wind_direction/id195
[publish_wind_direction-2] [INFO] [1749138142.092657680] [publish_wind_direction]: Subscribed to: wind_direction/id200
[publish_wind_direction-2] [INFO] [1749138142.096055167] [publish_wind_direction]: Subscribed to: wind_direction/id207
[publish_wind_direction-2] [INFO] [1749138142.099507611] [publish_wind_direction]: Subscribed to: wind_direction/id223
[publish_wind_direction-2] [INFO] [1749138142.103015210] [publish_wind_direction]: Subscribed to: wind_direction/id224
[publish_wind_direction-2] [INFO] [1749138142.106454356] [publish_wind_direction]: Subscribed to: wind_direction/id236
[publish_wind_direction-2] [INFO] [1749138142.109873214] [publish_wind_direction]: Subscribed to: wind_direction/id247
[publish_wind_direction-2] [INFO] [1749138142.113369065] [publish_wind_direction]: Subscribed to: wind_direction/id1193
[random_robot_move-1] [INFO] [1749138144.906223447] [random_robot_move]: Robot Control Node started.
[publish_wind_direction-2] [INFO] [1749138147.035783403] [publish_wind_direction]: Publishing: "id206:E"
[publish_wind_direction-2] [INFO] [1749138152.035812086] [publish_wind_direction]: Publishing: "id206:E"
[publish_wind_direction-2] [INFO] [1749138157.038782631] [publish_wind_direction]: Publishing: "id206:E"
[publish_wind_direction-2] [INFO] [1749138162.035746344] [publish_wind_direction]: Publishing: "id206:E"
[publish_wind_direction-2] [INFO] [1749138167.036074671] [publish_wind_direction]: Publishing: "id206:E"
[publish_wind_direction-2] [INFO] [1749138172.036331436] [publish_wind_direction]: Publishing: "id206:E"
[publish_wind_direction-2] [INFO] [1749138177.035586679] [publish_wind_direction]: Publishing: "id206:E"
[publish_wind_direction-2] [INFO] [1749138182.035962939] [publish_wind_direction]: Publishing: "id206:E"
[publish_wind_direction-2] [INFO] [1749138187.035764146] [publish_wind_direction]: Publishing: "id206:E"
[publish_wind_direction-2] [INFO] [1749138192.035984188] [publish_wind_direction]: Publishing: "id206:E"
[publish_wind_direction-2] [INFO] [1749138197.035893865] [publish_wind_direction]: Publishing: "id206:E"
[publish_wind_direction-2] [INFO] [1749138202.035837470] [publish_wind_direction]: Publishing: "id206:E"
[publish_wind_direction-2] [INFO] [1749138207.036071343] [publish_wind_direction]: Publishing: "id206:E"
[publish_wind_direction-2] [INFO] [1749138212.035957684] [publish_wind_direction]: Publishing: "id206:E"
[publish_wind_direction-2] [INFO] [1749138217.035866444] [publish_wind_direction]: Publishing: "id206:E"
[publish_wind_direction-2] [INFO] [1749138222.035888575] [publish_wind_direction]: Publishing: "id206:E"
[publish_wind_direction-2] [INFO] [1749138227.035892144] [publish_wind_direction]: Publishing: "id206:E"
[publish_wind_direction-2] [INFO] [1749138232.035882387] [publish_wind_direction]: Publishing: "id206:E"
[publish_wind_direction-2] [INFO] [1749138237.035679225] [publish_wind_direction]: Publishing: "id206:E"
[publish_wind_direction-2] [INFO] [1749138242.035987740] [publish_wind_direction]: Publishing: "id206:E"
[publish_wind_direction-2] [INFO] [1749138247.035851816] [publish_wind_direction]: Publishing: "id206:E"
[publish_wind_direction-2] [INFO] [1749138252.035875153] [publish_wind_direction]: Publishing: "id206:E"
[publish_wind_direction-2] [INFO] [1749138257.035868563] [publish_wind_direction]: Publishing: "id206:E"
[publish_wind_direction-2] [INFO] [1749138262.036100097] [publish_wind_direction]: Publishing: "id206:E"
[publish_wind_direction-2] [INFO] [1749138267.035888623] [publish_wind_direction]: Publishing: "id206:E"
[publish_wind_direction-2] [INFO] [1749138272.035804147] [publish_wind_direction]: Publishing: "id206:E"
[publish_wind_direction-2] [INFO] [1749138277.035855402] [publish_wind_direction]: Publishing: "id206:E"
[publish_wind_direction-2] [INFO] [1749138282.035839192] [publish_wind_direction]: Publishing: "id206:E"
[publish_wind_direction-2] [INFO] [1749138287.035874031] [publish_wind_direction]: Publishing: "id206:E"
[publish_wind_direction-2] [INFO] [1749138292.035868687] [publish_wind_direction]: Publishing: "id206:E"
[publish_wind_direction-2] [INFO] [1749138297.035668441] [publish_wind_direction]: Publishing: "id206:E"
[publish_wind_direction-2] [INFO] [1749138302.035942606] [publish_wind_direction]: Publishing: "id206:E"
[publish_wind_direction-2] [INFO] [1749138307.035815008] [publish_wind_direction]: Publishing: "id206:E"
[publish_wind_direction-2] [INFO] [1749138312.035732574] [publish_wind_direction]: Publishing: "id206:E"
[publish_wind_direction-2] [INFO] [1749138317.035948101] [publish_wind_direction]: Publishing: "id206:E"
[publish_wind_direction-2] [INFO] [1749138322.035910663] [publish_wind_direction]: Publishing: "id206:E"
[publish_wind_direction-2] [INFO] [1749138327.035790599] [publish_wind_direction]: Publishing: "id206:E"
[publish_wind_direction-2] [INFO] [1749138332.035926203] [publish_wind_direction]: Publishing: "id206:E"
[publish_wind_direction-2] [INFO] [1749138337.036303298] [publish_wind_direction]: Publishing: "id206:E"
[publish_wind_direction-2] [INFO] [1749138342.035968915] [publish_wind_direction]: Publishing: "id206:E"
[publish_wind_direction-2] [INFO] [1749138347.035846667] [publish_wind_direction]: Publishing: "id206:E"
[publish_wind_direction-2] [INFO] [1749138352.035956451] [publish_wind_direction]: Publishing: "id206:E"
[publish_wind_direction-2] [INFO] [1749138357.035852398] [publish_wind_direction]: Publishing: "id206:E"
[publish_wind_direction-2] [INFO] [1749138362.035689707] [publish_wind_direction]: Publishing: "id206:E"
[publish_wind_direction-2] [INFO] [1749138367.036033948] [publish_wind_direction]: Publishing: "id206:E"
[publish_wind_direction-2] [INFO] [1749138372.035872312] [publish_wind_direction]: Publishing: "id206:E"
[publish_wind_direction-2] [INFO] [1749138377.035918203] [publish_wind_direction]: Publishing: "id206:E"
[publish_wind_direction-2] [INFO] [1749138382.036055639] [publish_wind_direction]: Publishing: "id206:E"
[publish_wind_direction-2] [INFO] [1749138387.035843103] [publish_wind_direction]: Publishing: "id206:E"
[publish_wind_direction-2] [INFO] [1749138392.035845793] [publish_wind_direction]: Publishing: "id206:E"
[publish_wind_direction-2] [INFO] [1749138397.035928516] [publish_wind_direction]: Publishing: "id206:E"
[publish_wind_direction-2] [INFO] [1749138402.035861722] [publish_wind_direction]: Publishing: "id206:E"
[publish_wind_direction-2] [INFO] [1749138407.035696644] [publish_wind_direction]: Publishing: "id206:E"
[publish_wind_direction-2] [INFO] [1749138412.036025707] [publish_wind_direction]: Publishing: "id206:E"
[publish_wind_direction-2] [INFO] [1749138417.035893723] [publish_wind_direction]: Publishing: "id206:E"
[publish_wind_direction-2] [INFO] [1749138422.035875238] [publish_wind_direction]: Publishing: "id206:E"
[publish_wind_direction-2] [INFO] [1749138427.035995387] [publish_wind_direction]: Publishing: "id206:E"
[publish_wind_direction-2] [INFO] [1749138432.035843783] [publish_wind_direction]: Publishing: "id206:E"
[publish_wind_direction-2] [INFO] [1749138437.035818024] [publish_wind_direction]: Publishing: "id206:E"
[publish_wind_direction-2] [INFO] [1749138442.035932954] [publish_wind_direction]: Publishing: "id206:E"
[publish_wind_direction-2] [INFO] [1749138447.035864660] [publish_wind_direction]: Publishing: "id206:E"
[publish_wind_direction-2] [INFO] [1749138452.035934909] [publish_wind_direction]: Publishing: "id206:E"
[publish_wind_direction-2] [INFO] [1749138457.035913184] [publish_wind_direction]: Publishing: "id206:E"
[publish_wind_direction-2] [INFO] [1749138462.035856441] [publish_wind_direction]: Publishing: "id206:E"
[publish_wind_direction-2] [INFO] [1749138467.035871346] [publish_wind_direction]: Publishing: "id206:E"
[publish_wind_direction-2] [INFO] [1749138472.035974541] [publish_wind_direction]: Publishing: "id206:E"
[publish_wind_direction-2] [INFO] [1749138477.035780236] [publish_wind_direction]: Publishing: "id206:E"
[publish_wind_direction-2] [INFO] [1749138482.035852872] [publish_wind_direction]: Publishing: "id206:E"
[publish_wind_direction-2] [INFO] [1749138487.035903075] [publish_wind_direction]: Publishing: "id206:E"
[publish_wind_direction-2] [INFO] [1749138492.035860065] [publish_wind_direction]: Publishing: "id206:E"
[publish_wind_direction-2] [INFO] [1749138497.035860293] [publish_wind_direction]: Publishing: "id206:E"
[publish_wind_direction-2] [INFO] [1749138502.035899002] [publish_wind_direction]: Publishing: "id206:E"
[publish_wind_direction-2] [INFO] [1749138507.035852345] [publish_wind_direction]: Publishing: "id206:E"
[publish_wind_direction-2] [INFO] [1749138512.035879948] [publish_wind_direction]: Publishing: "id206:E"
[publish_wind_direction-2] [INFO] [1749138517.035808471] [publish_wind_direction]: Publishing: "id206:E"
[publish_wind_direction-2] [INFO] [1749138522.035899894] [publish_wind_direction]: Publishing: "id206:E"
[publish_wind_direction-2] [INFO] [1749138527.035890997] [publish_wind_direction]: Publishing: "id206:E"
[publish_wind_direction-2] [INFO] [1749138532.035952398] [publish_wind_direction]: Publishing: "id206:E"
[publish_wind_direction-2] [INFO] [1749138537.035859579] [publish_wind_direction]: Publishing: "id206:E"
[publish_wind_direction-2] [INFO] [1749138542.035853718] [publish_wind_direction]: Publishing: "id206:E"
[publish_wind_direction-2] [INFO] [1749138547.035926205] [publish_wind_direction]: Publishing: "id206:E"
[publish_wind_direction-2] [INFO] [1749138552.036119078] [publish_wind_direction]: Publishing: "id206:E"
[publish_wind_direction-2] [INFO] [1749138557.035886940] [publish_wind_direction]: Publishing: "id206:E"
[publish_wind_direction-2] [INFO] [1749138562.035803913] [publish_wind_direction]: Publishing: "id206:E"
[publish_wind_direction-2] [INFO] [1749138567.035895410] [publish_wind_direction]: Publishing: "id206:E"
[publish_wind_direction-2] [INFO] [1749138572.035933212] [publish_wind_direction]: Publishing: "id206:E"
[publish_wind_direction-2] [INFO] [1749138577.035841522] [publish_wind_direction]: Publishing: "id206:E"
[publish_wind_direction-2] [INFO] [1749138582.035864387] [publish_wind_direction]: Publishing: "id206:E"
[publish_wind_direction-2] [INFO] [1749138587.035877775] [publish_wind_direction]: Publishing: "id206:E"
[publish_wind_direction-2] [INFO] [1749138592.036225866] [publish_wind_direction]: Publishing: "id206:E"
[publish_wind_direction-2] [INFO] [1749138597.035924189] [publish_wind_direction]: Publishing: "id206:E"
[publish_wind_direction-2] [INFO] [1749138602.035852915] [publish_wind_direction]: Publishing: "id206:E"
[publish_wind_direction-2] [INFO] [1749138607.035743716] [publish_wind_direction]: Publishing: "id206:E"
[publish_wind_direction-2] [INFO] [1749138612.035969035] [publish_wind_direction]: Publishing: "id206:E"
[publish_wind_direction-2] [INFO] [1749138617.035871479] [publish_wind_direction]: Publishing: "id206:E"
[publish_wind_direction-2] [INFO] [1749138622.035861249] [publish_wind_direction]: Publishing: "id206:E"
[publish_wind_direction-2] [INFO] [1749138627.035997371] [publish_wind_direction]: Publishing: "id206:E"
[publish_wind_direction-2] [INFO] [1749138632.036663988] [publish_wind_direction]: Publishing: "id206:E"
[publish_wind_direction-2] [INFO] [1749138637.035825524] [publish_wind_direction]: Publishing: "id206:E"
[publish_wind_direction-2] [INFO] [1749138642.035830768] [publish_wind_direction]: Publishing: "id206:E"
[publish_wind_direction-2] [INFO] [1749138647.035889300] [publish_wind_direction]: Publishing: "id206:E"
[publish_wind_direction-2] [INFO] [1749138652.035970617] [publish_wind_direction]: Publishing: "id206:E"
[publish_wind_direction-2] [INFO] [1749138657.035814423] [publish_wind_direction]: Publishing: "id206:E"
[publish_wind_direction-2] [INFO] [1749138662.035739355] [publish_wind_direction]: Publishing: "id206:E"
[publish_wind_direction-2] [INFO] [1749138667.035902557] [publish_wind_direction]: Publishing: "id206:E"
[publish_wind_direction-2] [INFO] [1749138672.035808887] [publish_wind_direction]: Publishing: "id206:E"
[publish_wind_direction-2] [INFO] [1749138677.035852426] [publish_wind_direction]: Publishing: "id206:E"
[publish_wind_direction-2] [INFO] [1749138682.035834867] [publish_wind_direction]: Publishing: "id206:E"
[publish_wind_direction-2] [INFO] [1749138687.035876555] [publish_wind_direction]: Publishing: "id206:E"
[publish_wind_direction-2] [INFO] [1749138692.035754974] [publish_wind_direction]: Publishing: "id206:E"
[publish_wind_direction-2] [INFO] [1749138697.035981718] [publish_wind_direction]: Publishing: "id206:E"
[publish_wind_direction-2] [INFO] [1749138702.035642263] [publish_wind_direction]: Publishing: "id206:E"
[publish_wind_direction-2] [INFO] [1749138707.035871229] [publish_wind_direction]: Publishing: "id206:E"
[publish_wind_direction-2] [INFO] [1749138712.035876343] [publish_wind_direction]: Publishing: "id206:E"
[publish_wind_direction-2] [INFO] [1749138717.035868075] [publish_wind_direction]: Publishing: "id206:E"
[publish_wind_direction-2] [INFO] [1749138722.035924441] [publish_wind_direction]: Publishing: "id206:E"
[publish_wind_direction-2] [INFO] [1749138727.035894554] [publish_wind_direction]: Publishing: "id206:E"
[publish_wind_direction-2] [INFO] [1749138732.035863816] [publish_wind_direction]: Publishing: "id206:E"
[publish_wind_direction-2] [INFO] [1749138737.035862489] [publish_wind_direction]: Publishing: "id206:E"
[publish_wind_direction-2] [INFO] [1749138742.035636201] [publish_wind_direction]: Publishing: "id206:E"
[publish_wind_direction-2] [INFO] [1749138747.035896002] [publish_wind_direction]: Publishing: "id206:E"
[publish_wind_direction-2] [INFO] [1749138752.035961734] [publish_wind_direction]: Publishing: "id206:E"
[publish_wind_direction-2] [INFO] [1749138757.035868583] [publish_wind_direction]: Publishing: "id206:E"
[publish_wind_direction-2] [INFO] [1749138762.035857908] [publish_wind_direction]: Publishing: "id206:E"
[publish_wind_direction-2] [INFO] [1749138767.035902207] [publish_wind_direction]: Publishing: "id206:E"
[publish_wind_direction-2] [INFO] [1749138772.035915206] [publish_wind_direction]: Publishing: "id206:E"
[publish_wind_direction-2] [INFO] [1749138777.035860757] [publish_wind_direction]: Publishing: "id206:E"
[publish_wind_direction-2] [INFO] [1749138782.036189284] [publish_wind_direction]: Publishing: "id206:E"
[publish_wind_direction-2] [INFO] [1749138787.035915593] [publish_wind_direction]: Publishing: "id206:E"
[publish_wind_direction-2] [INFO] [1749138792.035851742] [publish_wind_direction]: Publishing: "id206:E"
[publish_wind_direction-2] [INFO] [1749138797.036576626] [publish_wind_direction]: Publishing: "id206:E"
[publish_wind_direction-2] [INFO] [1749138802.035837112] [publish_wind_direction]: Publishing: "id206:E"
[publish_wind_direction-2] [INFO] [1749138807.035828400] [publish_wind_direction]: Publishing: "id206:E"
[publish_wind_direction-2] [INFO] [1749138812.035874124] [publish_wind_direction]: Publishing: "id206:E"
[publish_wind_direction-2] [INFO] [1749138817.035867003] [publish_wind_direction]: Publishing: "id206:E"
[publish_wind_direction-2] [INFO] [1749138822.035860734] [publish_wind_direction]: Publishing: "id206:E"
[publish_wind_direction-2] [INFO] [1749138827.036223244] [publish_wind_direction]: Publishing: "id206:E"
[publish_wind_direction-2] [INFO] [1749138832.035938392] [publish_wind_direction]: Publishing: "id206:E"
[publish_wind_direction-2] [INFO] [1749138837.035820308] [publish_wind_direction]: Publishing: "id206:E"
[publish_wind_direction-2] [INFO] [1749138842.035856055] [publish_wind_direction]: Publishing: "id206:E"
[publish_wind_direction-2] [INFO] [1749138847.035848731] [publish_wind_direction]: Publishing: "id206:E"
[publish_wind_direction-2] [INFO] [1749138852.035866691] [publish_wind_direction]: Publishing: "id206:E"
[publish_wind_direction-2] [INFO] [1749138857.036039370] [publish_wind_direction]: Publishing: "id206:E"
[publish_wind_direction-2] [INFO] [1749138862.035895447] [publish_wind_direction]: Publishing: "id206:E"
[publish_wind_direction-2] [INFO] [1749138867.035825469] [publish_wind_direction]: Publishing: "id206:E"
[publish_wind_direction-2] [INFO] [1749138872.035884686] [publish_wind_direction]: Publishing: "id206:E"
[publish_wind_direction-2] [INFO] [1749138877.035827387] [publish_wind_direction]: Publishing: "id206:E"
[publish_wind_direction-2] [INFO] [1749138882.036030217] [publish_wind_direction]: Publishing: "id206:E"
[publish_wind_direction-2] [INFO] [1749138887.035813368] [publish_wind_direction]: Publishing: "id206:E"
[publish_wind_direction-2] [INFO] [1749138892.035902940] [publish_wind_direction]: Publishing: "id206:E"
[publish_wind_direction-2] [INFO] [1749138897.035912330] [publish_wind_direction]: Publishing: "id206:E"
[publish_wind_direction-2] [INFO] [1749138902.035799096] [publish_wind_direction]: Publishing: "id206:E"
[publish_wind_direction-2] [INFO] [1749138907.035795603] [publish_wind_direction]: Publishing: "id206:E"
[publish_wind_direction-2] [INFO] [1749138912.035627804] [publish_wind_direction]: Publishing: "id206:E"
[publish_wind_direction-2] [INFO] [1749138917.035947243] [publish_wind_direction]: Publishing: "id206:E"
[publish_wind_direction-2] [INFO] [1749138922.035912988] [publish_wind_direction]: Publishing: "id206:E"
[publish_wind_direction-2] [INFO] [1749138927.035707763] [publish_wind_direction]: Publishing: "id206:E"
[publish_wind_direction-2] [INFO] [1749138932.035832076] [publish_wind_direction]: Publishing: "id206:E"
[publish_wind_direction-2] [INFO] [1749138937.035883575] [publish_wind_direction]: Publishing: "id206:E"
[publish_wind_direction-2] [INFO] [1749138942.035868625] [publish_wind_direction]: Publishing: "id206:E"
[publish_wind_direction-2] [INFO] [1749138947.035866354] [publish_wind_direction]: Publishing: "id206:E"
[publish_wind_direction-2] [INFO] [1749138952.035895549] [publish_wind_direction]: Publishing: "id206:E"
[publish_wind_direction-2] [INFO] [1749138957.035857129] [publish_wind_direction]: Publishing: "id206:E"
[publish_wind_direction-2] [INFO] [1749138962.035891377] [publish_wind_direction]: Publishing: "id206:E"
[publish_wind_direction-2] [INFO] [1749138967.035881813] [publish_wind_direction]: Publishing: "id206:E"
[publish_wind_direction-2] [INFO] [1749138972.035852223] [publish_wind_direction]: Publishing: "id206:E"
[publish_wind_direction-2] [INFO] [1749138977.035935205] [publish_wind_direction]: Publishing: "id206:E"
[publish_wind_direction-2] [INFO] [1749138982.035860822] [publish_wind_direction]: Publishing: "id206:E"
[publish_wind_direction-2] [INFO] [1749138987.035831047] [publish_wind_direction]: Publishing: "id206:E"
[publish_wind_direction-2] [INFO] [1749138992.035889227] [publish_wind_direction]: Publishing: "id206:E"
[publish_wind_direction-2] [INFO] [1749138997.035858840] [publish_wind_direction]: Publishing: "id206:E"
[publish_wind_direction-2] [INFO] [1749139002.035835820] [publish_wind_direction]: Publishing: "id206:E"
[publish_wind_direction-2] [INFO] [1749139007.035838288] [publish_wind_direction]: Publishing: "id206:E"
[publish_wind_direction-2] [INFO] [1749139012.035890267] [publish_wind_direction]: Publishing: "id206:E"
[publish_wind_direction-2] [INFO] [1749139017.035910171] [publish_wind_direction]: Publishing: "id206:E"
[publish_wind_direction-2] [INFO] [1749139022.035855093] [publish_wind_direction]: Publishing: "id206:E"
[publish_wind_direction-2] [INFO] [1749139027.035866148] [publish_wind_direction]: Publishing: "id206:E"
[publish_wind_direction-2] [INFO] [1749139032.036616464] [publish_wind_direction]: Publishing: "id206:E"
[publish_wind_direction-2] [INFO] [1749139037.035897607] [publish_wind_direction]: Publishing: "id206:E"
[publish_wind_direction-2] [INFO] [1749139042.035838235] [publish_wind_direction]: Publishing: "id206:E"
[publish_wind_direction-2] [INFO] [1749139047.036035845] [publish_wind_direction]: Raising exception
[publish_wind_direction-2] [INFO] [1749139047.039046969] [publish_wind_direction]: Publisher stopping, exception
[INFO] [publish_wind_direction-2]: process has finished cleanly [pid 841]
[random_robot_move-1] [INFO] [1749139058.786475624] [random_robot_move]: Exception, shutting down
