1749837939.6677244 [INFO] [launch]: All log files can be found below /home/thymio/ros_logs/2025-06-13-18-05-39-664420-thymio-3723
1749837939.6682918 [INFO] [launch]: Default logging verbosity is set to INFO
1749837939.9061921 [INFO] [random_robot_move-1]: process started with pid [3724]
1749837939.9072771 [INFO] [service_vicon_node-2]: process started with pid [3726]
1749837939.9079649 [INFO] [service_neighbours_opinions-3]: process started with pid [3728]
1749837939.9088483 [INFO] [publish_wind_direction-4]: process started with pid [3730]
1749837941.5061815 [publish_wind_direction-4] /usr/lib/python3/dist-packages/scipy/__init__.py:146: UserWarning: A NumPy version >=1.17.3 and <1.25.0 is required for this version of SciPy (detected version 1.26.4
1749837941.5066853 [publish_wind_direction-4]   warnings.warn(f"A NumPy version >={np_minversion} and <{np_maxversion}"
1749837941.5709915 [service_neighbours_opinions-3] [INFO] [1749837941.570240453] [service_neighbours_opinions]: Physical Ip=192.168.4.72, id=id72
1749837941.5737493 [service_neighbours_opinions-3] [INFO] [1749837941.573124120] [service_neighbours_opinions]: Updated ID from mapping: id136
1749837941.5888031 [service_neighbours_opinions-3] [INFO] [1749837941.588079916] [service_neighbours_opinions]: Subscribed to: wind_direction/id68
1749837941.5955029 [service_neighbours_opinions-3] [INFO] [1749837941.594828564] [service_neighbours_opinions]: Subscribed to: wind_direction/id137
1749837941.6018684 [service_neighbours_opinions-3] [INFO] [1749837941.601256194] [service_neighbours_opinions]: Subscribed to: wind_direction/id142
1749837941.6051748 [service_vicon_node-2] [INFO] [1749837941.604460453] [service_vicon_node]: Physical Ip=192.168.4.72, id=id72
1749837941.6086831 [service_neighbours_opinions-3] [INFO] [1749837941.607955379] [service_neighbours_opinions]: Subscribed to: wind_direction/id151
1749837941.6105478 [service_vicon_node-2] [INFO] [1749837941.609616194] [service_vicon_node]: Updated ID from mapping: id136
1749837941.6178114 [service_neighbours_opinions-3] [INFO] [1749837941.617139897] [service_neighbours_opinions]: Subscribed to: wind_direction/id152
1749837941.6222537 [service_vicon_node-2] [INFO] [1749837941.621629860] [service_vicon_node]: Subscribed to: vicon/default/data
1749837941.6238809 [service_neighbours_opinions-3] [INFO] [1749837941.623299509] [service_neighbours_opinions]: Subscribed to: wind_direction/id155
1749837941.6319191 [service_neighbours_opinions-3] [INFO] [1749837941.631267286] [service_neighbours_opinions]: Subscribed to: wind_direction/id189
1749837941.6368003 [service_neighbours_opinions-3] [INFO] [1749837941.636208823] [service_neighbours_opinions]: Subscribed to: wind_direction/id192
1749837941.6421046 [service_neighbours_opinions-3] [INFO] [1749837941.641433860] [service_neighbours_opinions]: Subscribed to: wind_direction/id193
1749837941.6491261 [service_neighbours_opinions-3] [INFO] [1749837941.648540916] [service_neighbours_opinions]: Subscribed to: wind_direction/id194
1749837941.6558981 [service_neighbours_opinions-3] [INFO] [1749837941.655318916] [service_neighbours_opinions]: Subscribed to: wind_direction/id195
1749837941.6632721 [service_neighbours_opinions-3] [INFO] [1749837941.662611286] [service_neighbours_opinions]: Subscribed to: wind_direction/id200
1749837941.6693065 [service_neighbours_opinions-3] [INFO] [1749837941.668686768] [service_neighbours_opinions]: Subscribed to: wind_direction/id206
1749837941.6756690 [service_neighbours_opinions-3] [INFO] [1749837941.675051731] [service_neighbours_opinions]: Subscribed to: wind_direction/id207
1749837941.6818554 [service_neighbours_opinions-3] [INFO] [1749837941.681159360] [service_neighbours_opinions]: Subscribed to: wind_direction/id223
1749837941.6877239 [service_neighbours_opinions-3] [INFO] [1749837941.686375212] [service_neighbours_opinions]: Subscribed to: wind_direction/id224
1749837941.6928134 [service_neighbours_opinions-3] [INFO] [1749837941.692148953] [service_neighbours_opinions]: Subscribed to: wind_direction/id236
1749837941.6966231 [service_neighbours_opinions-3] [INFO] [1749837941.695952823] [service_neighbours_opinions]: Subscribed to: wind_direction/id247
1749837941.7007942 [service_neighbours_opinions-3] [INFO] [1749837941.700071268] [service_neighbours_opinions]: Subscribed to: wind_direction/id1193
1749837942.0244544 [publish_wind_direction-4] [INFO] [1749837942.023722490] [publish_wind_direction]: Physical Ip=192.168.4.72, id=id72
1749837942.0291903 [publish_wind_direction-4] [INFO] [1749837942.028518082] [publish_wind_direction]: Updated ID from mapping: id136
1749837942.0375657 [publish_wind_direction-4] [INFO] [1749837942.036882601] [publish_wind_direction]: Publsihing on: wind_direction/id136
1749837949.4471328 [random_robot_move-1] [INFO] [1749837949.446305708] [random_robot_move]: Robot Control Node started.
1749837952.4186726 [service_vicon_node-2] [INFO] [1749837952.417934076] [service_vicon_node]: Vicon Position= [1065.8873291015625, 625.5231323242188], yaw: 187.7542419699566
1749837952.4235499 [service_vicon_node-2] [INFO] [1749837952.421045947] [service_vicon_node]: Neighbours: {'id207', 'id142', 'id194', 'id152'}
1749837955.8258207 [publish_wind_direction-4] [INFO] [1749837955.825031056] [publish_wind_direction]: Main Pub Node: Requesting Pose Info
1749837955.8302186 [service_vicon_node-2] [INFO] [1749837955.829472907] [service_vicon_node]: Request received. Responding with pos=array('f', [1009.6976318359375, 630.1563720703125]), yaw=-73.18656974730077, neigh=['id142', 'id207', 'id194', 'id236', 'id152']Response to be returned: service_messages.srv.GetPoseData_Response(my_position_xy=[1009.6976318359375, 630.1563720703125], my_vicon_yaw=-73.18656974730077, neighbours_by_id=['id142', 'id207', 'id194', 'id236', 'id152'])
1749837958.4123108 [publish_wind_direction-4] [INFO] [1749837958.411665573] [publish_wind_direction]: Pose Response: pos=array('f', [1009.6976318359375, 630.1563720703125]) yaw=-73.18656921386719
1749837958.4148240 [publish_wind_direction-4] [INFO] [1749837958.414277980] [publish_wind_direction]: ***Cam angle= -151.93873630038058, vico ang deg= -73.18656921386719 Ground Truth= 134.87469448575223
1749837958.4173536 [publish_wind_direction-4] [INFO] [1749837958.416805091] [publish_wind_direction]: Neighbour info requested
1749837958.4995732 [publish_wind_direction-4] [INFO] [1749837958.498799684] [publish_wind_direction]: Main Pub Node: Requesting Pose Info
1749837958.5109603 [service_neighbours_opinions-3] [INFO] [1749837958.510161943] [service_neighbours_opinions]: Requested ['id142', 'id207', 'id194', 'id236', 'id152'], responding []
1749837958.5253103 [service_vicon_node-2] [INFO] [1749837958.524533721] [service_vicon_node]: Request received. Responding with pos=array('f', [1008.0272827148438, 634.185791015625]), yaw=-72.80772284351106, neigh=['id142', 'id207', 'id194', 'id236', 'id152']Response to be returned: service_messages.srv.GetPoseData_Response(my_position_xy=[1008.0272827148438, 634.185791015625], my_vicon_yaw=-72.80772284351106, neighbours_by_id=['id142', 'id207', 'id194', 'id236', 'id152'])
1749837958.5303118 [publish_wind_direction-4] [INFO] [1749837958.529695554] [publish_wind_direction]: Neighbour Opinion Response: service_messages.srv.GetOpinionData_Response(neighbours_opinions=[])
1749837958.5332565 [publish_wind_direction-4] [INFO] [1749837958.532535832] [publish_wind_direction]: Inside Decision Making, neighbours opinion: []
1749837958.5432475 [publish_wind_direction-4] [INFO] [1749837958.535911887] [publish_wind_direction]: Inside Decision Making, computed social info: {}
1749837958.5441563 [publish_wind_direction-4] [INFO] [1749837958.539094961] [publish_wind_direction]: Inside Decision Making, My Wind Direction: W
1749837958.5459292 [publish_wind_direction-4] [INFO] [1749837958.542210776] [publish_wind_direction]: Inside Decision Making, Decision dict: {'N': 0.0, 'S': 0.0, 'E': 0.0, 'W': 0.0}
1749837958.5481584 [publish_wind_direction-4] [INFO] [1749837958.547501147] [publish_wind_direction]: Publishing: id136:W
1749837958.5506673 [publish_wind_direction-4] [INFO] [1749837958.550108184] [publish_wind_direction]: TIME: Decision making completed at: 18:05:58.
1749837958.5531085 [publish_wind_direction-4] [INFO] [1749837958.552569702] [publish_wind_direction]: -----------------------------------------------------
1749837961.0647380 [publish_wind_direction-4] [INFO] [1749837961.064115053] [publish_wind_direction]: Pose Response: pos=array('f', [1008.0272827148438, 634.185791015625]) yaw=-72.80772399902344
1749837961.0695889 [publish_wind_direction-4] [INFO] [1749837961.068924590] [publish_wind_direction]: ***Cam angle= -999.0, vico ang deg= -72.80772399902344 Ground Truth= 8.192276000976562
1749837961.0721276 [publish_wind_direction-4] [INFO] [1749837961.071532923] [publish_wind_direction]: Neighbour info requested
1749837961.0776067 [service_neighbours_opinions-3] [INFO] [1749837961.076981997] [service_neighbours_opinions]: Requested ['id142', 'id207', 'id194', 'id236', 'id152'], responding []
1749837961.0825012 [publish_wind_direction-4] [INFO] [1749837961.081820015] [publish_wind_direction]: Neighbour Opinion Response: service_messages.srv.GetOpinionData_Response(neighbours_opinions=[])
1749837961.0856540 [publish_wind_direction-4] [INFO] [1749837961.084989478] [publish_wind_direction]: Inside Decision Making, neighbours opinion: []
1749837961.0885360 [publish_wind_direction-4] [INFO] [1749837961.087947034] [publish_wind_direction]: Inside Decision Making, computed social info: {}
1749837961.0911186 [publish_wind_direction-4] [INFO] [1749837961.090566404] [publish_wind_direction]: Inside Decision Making, My Wind Direction: N
1749837961.0936153 [publish_wind_direction-4] [INFO] [1749837961.093077275] [publish_wind_direction]: Inside Decision Making, Decision dict: {'N': 0.0, 'S': 0.0, 'E': 0.0, 'W': 0.0}
1749837961.0972669 [publish_wind_direction-4] [INFO] [1749837961.096677682] [publish_wind_direction]: Publishing: id136:N
1749837961.0998170 [publish_wind_direction-4] [INFO] [1749837961.099268052] [publish_wind_direction]: TIME: Decision making completed at: 18:06:01.
1749837961.1022038 [publish_wind_direction-4] [INFO] [1749837961.101671793] [publish_wind_direction]: -----------------------------------------------------
1749837962.0408742 [publish_wind_direction-4] [INFO] [1749837962.040208330] [publish_wind_direction]: Main Pub Node: Requesting Pose Info
1749837962.1006033 [service_vicon_node-2] [INFO] [1749837962.099866033] [service_vicon_node]: Request received. Responding with pos=array('f', [1008.0272827148438, 634.185791015625]), yaw=-72.80772284351106, neigh=['id142', 'id207', 'id194', 'id236', 'id152']Response to be returned: service_messages.srv.GetPoseData_Response(my_position_xy=[1008.0272827148438, 634.185791015625], my_vicon_yaw=-72.80772284351106, neighbours_by_id=['id142', 'id207', 'id194', 'id236', 'id152'])
1749837964.6190274 [publish_wind_direction-4] [INFO] [1749837964.618367069] [publish_wind_direction]: Pose Response: pos=array('f', [1008.0272827148438, 634.185791015625]) yaw=-72.80772399902344
1749837964.6214924 [publish_wind_direction-4] [INFO] [1749837964.620954810] [publish_wind_direction]: ***Cam angle= -999.0, vico ang deg= -72.80772399902344 Ground Truth= 8.192276000976562
1749837964.6239574 [publish_wind_direction-4] [INFO] [1749837964.623419736] [publish_wind_direction]: Neighbour info requested
