[INFO] [launch]: All log files can be found below /home/thymio/.ros/log/2025-06-05-12-24-52-688880-thymio-822
[INFO] [launch]: Default logging verbosity is set to INFO
[INFO] [random_robot_move-1]: process started with pid [844]
[INFO] [publish_wind_direction-2]: process started with pid [846]
[publish_wind_direction-2] /usr/lib/python3/dist-packages/scipy/__init__.py:146: UserWarning: A NumPy version >=1.17.3 and <1.25.0 is required for this version of SciPy (detected version 1.26.4
[publish_wind_direction-2]   warnings.warn(f"A NumPy version >={np_minversion} and <{np_maxversion}"
[publish_wind_direction-2] [INFO] [1749126296.661598274] [publish_wind_direction]: Physical Ip=134.34.225.137, id=id137
[random_robot_move-1] [INFO] [1749126297.555871218] [random_robot_move]: Robot Control Node started.
[publish_wind_direction-2] [INFO] [1749126301.686849805] [publish_wind_direction]: Publishing: "id137:S"
[publish_wind_direction-2] [INFO] [1749126301.690906649] [publish_wind_direction]: * Received from id137, wind direction S
[publish_wind_direction-2] [INFO] [1749126301.693715874] [publish_wind_direction]: Publisher, neighbours_by_id=set()
[publish_wind_direction-2] [INFO] [1749126306.211418059] [publish_wind_direction]: ***Cam angle= -999.0, vico ang deg= 0.0 Ground Truth= 81.0
[publish_wind_direction-2] [INFO] [1749126306.214239966] [publish_wind_direction]: Publisher, Neighbourhood size: 0
[publish_wind_direction-2] [INFO] [1749126306.686611132] [publish_wind_direction]: Publishing: "id137:S"
[publish_wind_direction-2] [INFO] [1749126306.690730113] [publish_wind_direction]: * Received from id137, wind direction S
[publish_wind_direction-2] [INFO] [1749126306.693581277] [publish_wind_direction]: Publisher, neighbours_by_id=set()
[publish_wind_direction-2] [INFO] [1749126310.844893472] [publish_wind_direction]: ***Cam angle= -147.81416023173819, vico ang deg= 0.0 Ground Truth= 212.18583976826181
[publish_wind_direction-2] [INFO] [1749126310.848815449] [publish_wind_direction]: Publisher, Neighbourhood size: 0
[publish_wind_direction-2] [INFO] [1749126311.686421730] [publish_wind_direction]: Publishing: "id137:S"
[publish_wind_direction-2] [INFO] [1749126311.690717557] [publish_wind_direction]: * Received from id137, wind direction S
[publish_wind_direction-2] [INFO] [1749126311.693867858] [publish_wind_direction]: Publisher, neighbours_by_id=set()
[publish_wind_direction-2] [INFO] [1749126315.635838154] [publish_wind_direction]: ***Cam angle= -142.2885281411146, vico ang deg= 0.0 Ground Truth= 217.7114718588854
[publish_wind_direction-2] [INFO] [1749126315.638507363] [publish_wind_direction]: Publisher, Neighbourhood size: 0
[publish_wind_direction-2] [INFO] [1749126316.686270158] [publish_wind_direction]: Publishing: "id137:S"
[publish_wind_direction-2] [INFO] [1749126316.690452865] [publish_wind_direction]: * Received from id137, wind direction S
[publish_wind_direction-2] [INFO] [1749126316.693450001] [publish_wind_direction]: Publisher, neighbours_by_id=set()
[publish_wind_direction-2] [INFO] [1749126320.569614749] [publish_wind_direction]: ***Cam angle= -28.281416025983184, vico ang deg= 0.0 Ground Truth= 331.71858397401684
[publish_wind_direction-2] [INFO] [1749126320.572224612] [publish_wind_direction]: Publisher, Neighbourhood size: 0
[publish_wind_direction-2] [INFO] [1749126321.686177655] [publish_wind_direction]: Publishing: "id137:S"
[publish_wind_direction-2] [INFO] [1749126321.689847665] [publish_wind_direction]: * Received from id137, wind direction S
[publish_wind_direction-2] [INFO] [1749126321.692821585] [publish_wind_direction]: Publisher, neighbours_by_id=set()
[publish_wind_direction-2] [INFO] [1749126326.223908158] [publish_wind_direction]: ***Cam angle= 82.04131522541033, vico ang deg= 0.0 Ground Truth= 82.04131522541033
[publish_wind_direction-2] [INFO] [1749126326.226729940] [publish_wind_direction]: Publisher, Neighbourhood size: 0
[publish_wind_direction-2] [INFO] [1749126326.688496022] [publish_wind_direction]: Publishing: "id137:S"
[publish_wind_direction-2] [INFO] [1749126326.697374992] [publish_wind_direction]: * Received from id137, wind direction S
[publish_wind_direction-2] [INFO] [1749126326.701662105] [publish_wind_direction]: Publisher, neighbours_by_id=set()
[publish_wind_direction-2] [INFO] [1749126330.580503561] [publish_wind_direction]: ***Cam angle= -248.5274707512229, vico ang deg= 0.0 Ground Truth= 111.47252924877711
[publish_wind_direction-2] [INFO] [1749126330.583970455] [publish_wind_direction]: Publisher, Neighbourhood size: 0
[publish_wind_direction-2] [INFO] [1749126331.686852640] [publish_wind_direction]: Publishing: "id137:S"
[publish_wind_direction-2] [INFO] [1749126331.691308733] [publish_wind_direction]: * Received from id137, wind direction S
[publish_wind_direction-2] [INFO] [1749126331.694719318] [publish_wind_direction]: Publisher, neighbours_by_id=set()
[publish_wind_direction-2] [INFO] [1749126335.745824931] [publish_wind_direction]: ***Cam angle= -252.51240941733516, vico ang deg= 0.0 Ground Truth= 107.48759058266484
[publish_wind_direction-2] [INFO] [1749126335.749411670] [publish_wind_direction]: Publisher, Neighbourhood size: 0
[publish_wind_direction-2] [INFO] [1749126336.686185984] [publish_wind_direction]: Publishing: "id137:S"
[publish_wind_direction-2] [INFO] [1749126336.690482864] [publish_wind_direction]: * Received from id137, wind direction S
[publish_wind_direction-2] [INFO] [1749126336.693833949] [publish_wind_direction]: Publisher, neighbours_by_id=set()
[publish_wind_direction-2] [INFO] [1749126340.564639412] [publish_wind_direction]: ***Cam angle= -247.94328339304374, vico ang deg= 0.0 Ground Truth= 112.05671660695626
[publish_wind_direction-2] [INFO] [1749126340.567090727] [publish_wind_direction]: Publisher, Neighbourhood size: 0
[publish_wind_direction-2] [INFO] [1749126341.686174214] [publish_wind_direction]: Publishing: "id137:S"
[publish_wind_direction-2] [INFO] [1749126341.690640346] [publish_wind_direction]: * Received from id137, wind direction S
[publish_wind_direction-2] [INFO] [1749126341.694058905] [publish_wind_direction]: Publisher, neighbours_by_id=set()
[publish_wind_direction-2] [INFO] [1749126345.590080576] [publish_wind_direction]: ***Cam angle= -246.880234914862, vico ang deg= 0.0 Ground Truth= 113.119765085138
[publish_wind_direction-2] [INFO] [1749126345.592586028] [publish_wind_direction]: Publisher, Neighbourhood size: 0
[publish_wind_direction-2] [INFO] [1749126346.686398140] [publish_wind_direction]: Publishing: "id137:S"
[publish_wind_direction-2] [INFO] [1749126346.690397655] [publish_wind_direction]: * Received from id137, wind direction S
[publish_wind_direction-2] [INFO] [1749126346.693271912] [publish_wind_direction]: Publisher, neighbours_by_id=set()
[publish_wind_direction-2] [INFO] [1749126350.563111287] [publish_wind_direction]: ***Cam angle= -250.13568272760455, vico ang deg= 0.0 Ground Truth= 109.86431727239545
[publish_wind_direction-2] [INFO] [1749126350.565730817] [publish_wind_direction]: Publisher, Neighbourhood size: 0
[publish_wind_direction-2] [INFO] [1749126351.686245770] [publish_wind_direction]: Publishing: "id137:S"
[publish_wind_direction-2] [INFO] [1749126351.690248760] [publish_wind_direction]: * Received from id137, wind direction S
[publish_wind_direction-2] [INFO] [1749126351.693102044] [publish_wind_direction]: Publisher, neighbours_by_id=set()
[publish_wind_direction-2] [INFO] [1749126355.610520573] [publish_wind_direction]: ***Cam angle= -241.6440547793853, vico ang deg= 0.0 Ground Truth= 118.3559452206147
[publish_wind_direction-2] [INFO] [1749126355.613096778] [publish_wind_direction]: Publisher, Neighbourhood size: 0
[publish_wind_direction-2] [INFO] [1749126356.686262720] [publish_wind_direction]: Publishing: "id137:S"
[publish_wind_direction-2] [INFO] [1749126356.690109595] [publish_wind_direction]: * Received from id137, wind direction S
[publish_wind_direction-2] [INFO] [1749126356.692840019] [publish_wind_direction]: Publisher, neighbours_by_id=set()
[publish_wind_direction-2] [INFO] [1749126360.503402755] [publish_wind_direction]: ***Cam angle= -101.75875736878676, vico ang deg= 0.0 Ground Truth= 258.24124263121325
[publish_wind_direction-2] [INFO] [1749126360.505907579] [publish_wind_direction]: Publisher, Neighbourhood size: 0
[publish_wind_direction-2] [INFO] [1749126361.686445083] [publish_wind_direction]: Publishing: "id137:S"
[publish_wind_direction-2] [INFO] [1749126361.690467480] [publish_wind_direction]: * Received from id137, wind direction S
[publish_wind_direction-2] [INFO] [1749126361.693333222] [publish_wind_direction]: Publisher, neighbours_by_id=set()
[publish_wind_direction-2] [INFO] [1749126365.429140762] [publish_wind_direction]: ***Cam angle= -170.5319026108071, vico ang deg= 0.0 Ground Truth= 189.4680973891929
[publish_wind_direction-2] [INFO] [1749126365.431582000] [publish_wind_direction]: Publisher, Neighbourhood size: 0
[publish_wind_direction-2] [INFO] [1749126366.686254447] [publish_wind_direction]: Publishing: "id137:S"
[publish_wind_direction-2] [INFO] [1749126366.690163465] [publish_wind_direction]: * Received from id137, wind direction S
[publish_wind_direction-2] [INFO] [1749126366.692879235] [publish_wind_direction]: Publisher, neighbours_by_id=set()
[publish_wind_direction-2] [INFO] [1749126370.438988105] [publish_wind_direction]: ***Cam angle= -164.99637202679577, vico ang deg= 0.0 Ground Truth= 195.00362797320423
[publish_wind_direction-2] [INFO] [1749126370.441702340] [publish_wind_direction]: Publisher, Neighbourhood size: 0
[publish_wind_direction-2] [INFO] [1749126371.686775947] [publish_wind_direction]: Publishing: "id137:S"
[publish_wind_direction-2] [INFO] [1749126371.691518231] [publish_wind_direction]: * Received from id137, wind direction S
[publish_wind_direction-2] [INFO] [1749126371.694928118] [publish_wind_direction]: Publisher, neighbours_by_id=set()
[publish_wind_direction-2] [INFO] [1749126375.511098383] [publish_wind_direction]: ***Cam angle= -160.24746698478972, vico ang deg= 0.0 Ground Truth= 199.75253301521028
[publish_wind_direction-2] [INFO] [1749126375.513643274] [publish_wind_direction]: Publisher, Neighbourhood size: 0
[publish_wind_direction-2] [INFO] [1749126376.686348717] [publish_wind_direction]: Publishing: "id137:S"
[publish_wind_direction-2] [INFO] [1749126376.690548445] [publish_wind_direction]: * Received from id137, wind direction S
[publish_wind_direction-2] [INFO] [1749126376.693636715] [publish_wind_direction]: Publisher, neighbours_by_id=set()
[publish_wind_direction-2] [INFO] [1749126380.467360315] [publish_wind_direction]: ***Cam angle= -137.2459803618986, vico ang deg= 0.0 Ground Truth= 222.7540196381014
[publish_wind_direction-2] [INFO] [1749126380.469892302] [publish_wind_direction]: Publisher, Neighbourhood size: 0
[publish_wind_direction-2] [INFO] [1749126381.686643506] [publish_wind_direction]: Publishing: "id137:S"
[publish_wind_direction-2] [INFO] [1749126381.690525115] [publish_wind_direction]: * Received from id137, wind direction S
[publish_wind_direction-2] [INFO] [1749126381.693278524] [publish_wind_direction]: Publisher, neighbours_by_id=set()
[publish_wind_direction-2] [INFO] [1749126385.455330737] [publish_wind_direction]: ***Cam angle= 84.39484176216726, vico ang deg= 0.0 Ground Truth= 84.39484176216726
[publish_wind_direction-2] [INFO] [1749126385.457889689] [publish_wind_direction]: Publisher, Neighbourhood size: 0
[publish_wind_direction-2] [INFO] [1749126386.686424479] [publish_wind_direction]: Publishing: "id137:S"
[publish_wind_direction-2] [INFO] [1749126386.690442219] [publish_wind_direction]: * Received from id137, wind direction S
[publish_wind_direction-2] [INFO] [1749126386.693002375] [publish_wind_direction]: Publisher, neighbours_by_id=set()
[publish_wind_direction-2] [INFO] [1749126390.403602202] [publish_wind_direction]: ***Cam angle= 17.127592321415932, vico ang deg= 0.0 Ground Truth= 17.127592321415932
[publish_wind_direction-2] [INFO] [1749126390.406151842] [publish_wind_direction]: Publisher, Neighbourhood size: 0
[publish_wind_direction-2] [INFO] [1749126391.686266829] [publish_wind_direction]: Publishing: "id137:S"
[publish_wind_direction-2] [INFO] [1749126391.690475402] [publish_wind_direction]: * Received from id137, wind direction S
[publish_wind_direction-2] [INFO] [1749126391.693489515] [publish_wind_direction]: Publisher, neighbours_by_id=set()
[publish_wind_direction-2] [INFO] [1749126395.498912453] [publish_wind_direction]: ***Cam angle= 16.17193554583038, vico ang deg= 0.0 Ground Truth= 16.17193554583038
[publish_wind_direction-2] [INFO] [1749126395.501401484] [publish_wind_direction]: Publisher, Neighbourhood size: 0
[publish_wind_direction-2] [INFO] [1749126396.686375832] [publish_wind_direction]: Publishing: "id137:S"
[publish_wind_direction-2] [INFO] [1749126396.690412782] [publish_wind_direction]: * Received from id137, wind direction S
[publish_wind_direction-2] [INFO] [1749126396.693468211] [publish_wind_direction]: Publisher, neighbours_by_id=set()
[publish_wind_direction-2] [INFO] [1749126400.530441514] [publish_wind_direction]: ***Cam angle= 16.67553413684186, vico ang deg= 0.0 Ground Truth= 16.67553413684186
[publish_wind_direction-2] [INFO] [1749126400.532977805] [publish_wind_direction]: Publisher, Neighbourhood size: 0
[publish_wind_direction-2] [INFO] [1749126401.686243190] [publish_wind_direction]: Publishing: "id137:S"
[publish_wind_direction-2] [INFO] [1749126401.690145403] [publish_wind_direction]: * Received from id137, wind direction S
[publish_wind_direction-2] [INFO] [1749126401.692992579] [publish_wind_direction]: Publisher, neighbours_by_id=set()
[publish_wind_direction-2] [INFO] [1749126405.658170768] [publish_wind_direction]: ***Cam angle= 16.448734851917663, vico ang deg= 0.0 Ground Truth= 16.448734851917663
[publish_wind_direction-2] [INFO] [1749126405.660752078] [publish_wind_direction]: Publisher, Neighbourhood size: 0
[publish_wind_direction-2] [INFO] [1749126406.686129136] [publish_wind_direction]: Publishing: "id137:S"
[publish_wind_direction-2] [INFO] [1749126406.690005778] [publish_wind_direction]: * Received from id137, wind direction S
[publish_wind_direction-2] [INFO] [1749126406.692778030] [publish_wind_direction]: Publisher, neighbours_by_id=set()
[publish_wind_direction-2] [INFO] [1749126410.680209899] [publish_wind_direction]: ***Cam angle= 17.227380817258677, vico ang deg= 0.0 Ground Truth= 17.227380817258677
[publish_wind_direction-2] [INFO] [1749126410.683683974] [publish_wind_direction]: Publisher, Neighbourhood size: 0
[publish_wind_direction-2] [INFO] [1749126411.686136127] [publish_wind_direction]: Publishing: "id137:S"
[publish_wind_direction-2] [INFO] [1749126411.690280248] [publish_wind_direction]: * Received from id137, wind direction S
[publish_wind_direction-2] [INFO] [1749126411.694574386] [publish_wind_direction]: Publisher, neighbours_by_id=set()
[publish_wind_direction-2] [INFO] [1749126415.724386956] [publish_wind_direction]: ***Cam angle= 32.58769347873755, vico ang deg= 0.0 Ground Truth= 32.58769347873755
[publish_wind_direction-2] [INFO] [1749126415.727846625] [publish_wind_direction]: Publisher, Neighbourhood size: 0
[publish_wind_direction-2] [INFO] [1749126416.686213886] [publish_wind_direction]: Publishing: "id137:S"
[publish_wind_direction-2] [INFO] [1749126416.691250921] [publish_wind_direction]: * Received from id137, wind direction S
[publish_wind_direction-2] [INFO] [1749126416.696555471] [publish_wind_direction]: Publisher, neighbours_by_id=set()
[publish_wind_direction-2] [INFO] [1749126420.658737712] [publish_wind_direction]: ***Cam angle= 51.02858894481733, vico ang deg= 0.0 Ground Truth= 51.02858894481733
[publish_wind_direction-2] [INFO] [1749126420.662187013] [publish_wind_direction]: Publisher, Neighbourhood size: 0
[publish_wind_direction-2] [INFO] [1749126421.686100246] [publish_wind_direction]: Publishing: "id137:S"
[publish_wind_direction-2] [INFO] [1749126421.690772232] [publish_wind_direction]: * Received from id137, wind direction S
[publish_wind_direction-2] [INFO] [1749126421.695139983] [publish_wind_direction]: Publisher, neighbours_by_id=set()
[publish_wind_direction-2] [INFO] [1749126425.659484094] [publish_wind_direction]: ***Cam angle= 66.72334487506882, vico ang deg= 0.0 Ground Truth= 66.72334487506882
[publish_wind_direction-2] [INFO] [1749126425.662211667] [publish_wind_direction]: Publisher, Neighbourhood size: 0
[publish_wind_direction-2] [INFO] [1749126426.686934615] [publish_wind_direction]: Publishing: "id137:S"
[publish_wind_direction-2] [INFO] [1749126426.691525761] [publish_wind_direction]: * Received from id137, wind direction S
[publish_wind_direction-2] [INFO] [1749126426.694346980] [publish_wind_direction]: Publisher, neighbours_by_id=set()
[publish_wind_direction-2] [INFO] [1749126430.587929585] [publish_wind_direction]: ***Cam angle= 37.93552453580682, vico ang deg= 0.0 Ground Truth= 37.93552453580682
[publish_wind_direction-2] [INFO] [1749126430.590469163] [publish_wind_direction]: Publisher, Neighbourhood size: 0
[publish_wind_direction-2] [INFO] [1749126431.686304396] [publish_wind_direction]: Publishing: "id137:S"
[publish_wind_direction-2] [INFO] [1749126431.690155059] [publish_wind_direction]: * Received from id137, wind direction S
[publish_wind_direction-2] [INFO] [1749126431.693098925] [publish_wind_direction]: Publisher, neighbours_by_id=set()
[publish_wind_direction-2] [INFO] [1749126435.707678791] [publish_wind_direction]: ***Cam angle= -86.7162981611049, vico ang deg= 0.0 Ground Truth= 273.2837018388951
[publish_wind_direction-2] [INFO] [1749126435.710169409] [publish_wind_direction]: Publisher, Neighbourhood size: 0
[publish_wind_direction-2] [INFO] [1749126436.686080227] [publish_wind_direction]: Publishing: "id137:S"
[publish_wind_direction-2] [INFO] [1749126436.690279477] [publish_wind_direction]: * Received from id137, wind direction S
[publish_wind_direction-2] [INFO] [1749126436.693164587] [publish_wind_direction]: Publisher, neighbours_by_id=set()
[publish_wind_direction-2] [INFO] [1749126440.721211110] [publish_wind_direction]: ***Cam angle= -98.56249942686868, vico ang deg= 0.0 Ground Truth= 261.43750057313133
[publish_wind_direction-2] [INFO] [1749126440.723674062] [publish_wind_direction]: Publisher, Neighbourhood size: 0
[publish_wind_direction-2] [INFO] [1749126441.686263823] [publish_wind_direction]: Publishing: "id137:S"
[publish_wind_direction-2] [INFO] [1749126441.690148859] [publish_wind_direction]: * Received from id137, wind direction S
[publish_wind_direction-2] [INFO] [1749126441.692894343] [publish_wind_direction]: Publisher, neighbours_by_id=set()
[publish_wind_direction-2] [INFO] [1749126445.549561375] [publish_wind_direction]: ***Cam angle= -106.3211566560829, vico ang deg= 0.0 Ground Truth= 253.6788433439171
[publish_wind_direction-2] [INFO] [1749126445.553004106] [publish_wind_direction]: Publisher, Neighbourhood size: 0
[publish_wind_direction-2] [INFO] [1749126446.686198094] [publish_wind_direction]: Publishing: "id137:S"
[publish_wind_direction-2] [INFO] [1749126446.690837136] [publish_wind_direction]: * Received from id137, wind direction S
[publish_wind_direction-2] [INFO] [1749126446.695359069] [publish_wind_direction]: Publisher, neighbours_by_id=set()
[publish_wind_direction-2] [INFO] [1749126450.613026956] [publish_wind_direction]: ***Cam angle= -92.97923585203138, vico ang deg= 0.0 Ground Truth= 267.02076414796863
[publish_wind_direction-2] [INFO] [1749126450.615341116] [publish_wind_direction]: Publisher, Neighbourhood size: 0
[publish_wind_direction-2] [INFO] [1749126451.686368699] [publish_wind_direction]: Publishing: "id137:S"
[publish_wind_direction-2] [INFO] [1749126451.690537955] [publish_wind_direction]: * Received from id137, wind direction S
[publish_wind_direction-2] [INFO] [1749126451.693586677] [publish_wind_direction]: Publisher, neighbours_by_id=set()
[publish_wind_direction-2] [INFO] [1749126455.648770363] [publish_wind_direction]: ***Cam angle= -91.00142019572442, vico ang deg= 0.0 Ground Truth= 268.99857980427555
[publish_wind_direction-2] [INFO] [1749126455.651240744] [publish_wind_direction]: Publisher, Neighbourhood size: 0
[publish_wind_direction-2] [INFO] [1749126456.686090296] [publish_wind_direction]: Publishing: "id137:S"
[publish_wind_direction-2] [INFO] [1749126456.689903893] [publish_wind_direction]: * Received from id137, wind direction S
[publish_wind_direction-2] [INFO] [1749126456.692850618] [publish_wind_direction]: Publisher, neighbours_by_id=set()
[publish_wind_direction-2] [INFO] [1749126460.658231025] [publish_wind_direction]: ***Cam angle= -999.0, vico ang deg= 0.0 Ground Truth= 81.0
[publish_wind_direction-2] [INFO] [1749126460.660689888] [publish_wind_direction]: Publisher, Neighbourhood size: 0
[publish_wind_direction-2] [INFO] [1749126461.686224617] [publish_wind_direction]: Publishing: "id137:S"
[publish_wind_direction-2] [INFO] [1749126461.690176843] [publish_wind_direction]: * Received from id137, wind direction S
[publish_wind_direction-2] [INFO] [1749126461.692993144] [publish_wind_direction]: Publisher, neighbours_by_id=set()
[publish_wind_direction-2] [INFO] [1749126465.491505376] [publish_wind_direction]: ***Cam angle= -85.772755756468, vico ang deg= 0.0 Ground Truth= 274.227244243532
[publish_wind_direction-2] [INFO] [1749126465.495037147] [publish_wind_direction]: Publisher, Neighbourhood size: 0
[publish_wind_direction-2] [INFO] [1749126466.686172173] [publish_wind_direction]: Publishing: "id137:S"
[publish_wind_direction-2] [INFO] [1749126466.690253879] [publish_wind_direction]: * Received from id137, wind direction S
[publish_wind_direction-2] [INFO] [1749126466.693911426] [publish_wind_direction]: Publisher, neighbours_by_id=set()
[publish_wind_direction-2] [INFO] [1749126470.516374811] [publish_wind_direction]: ***Cam angle= -60.03589571292679, vico ang deg= 0.0 Ground Truth= 299.9641042870732
[publish_wind_direction-2] [INFO] [1749126470.518793084] [publish_wind_direction]: Publisher, Neighbourhood size: 0
[publish_wind_direction-2] [INFO] [1749126471.686278616] [publish_wind_direction]: Publishing: "id137:S"
[publish_wind_direction-2] [INFO] [1749126471.690311935] [publish_wind_direction]: * Received from id137, wind direction S
[publish_wind_direction-2] [INFO] [1749126471.693138275] [publish_wind_direction]: Publisher, neighbours_by_id=set()
[publish_wind_direction-2] [INFO] [1749126475.624878531] [publish_wind_direction]: ***Cam angle= -70.20177827414103, vico ang deg= 0.0 Ground Truth= 289.798221725859
[publish_wind_direction-2] [INFO] [1749126475.627365711] [publish_wind_direction]: Publisher, Neighbourhood size: 0
[publish_wind_direction-2] [INFO] [1749126476.686256969] [publish_wind_direction]: Publishing: "id137:S"
[publish_wind_direction-2] [INFO] [1749126476.690076664] [publish_wind_direction]: * Received from id137, wind direction S
[publish_wind_direction-2] [INFO] [1749126476.692779692] [publish_wind_direction]: Publisher, neighbours_by_id=set()
[publish_wind_direction-2] [INFO] [1749126480.471061454] [publish_wind_direction]: ***Cam angle= -88.85515512332276, vico ang deg= 0.0 Ground Truth= 271.1448448766772
[publish_wind_direction-2] [INFO] [1749126480.473534857] [publish_wind_direction]: Publisher, Neighbourhood size: 0
[publish_wind_direction-2] [INFO] [1749126481.686062835] [publish_wind_direction]: Publishing: "id137:S"
[publish_wind_direction-2] [INFO] [1749126481.689936252] [publish_wind_direction]: * Received from id137, wind direction S
[publish_wind_direction-2] [INFO] [1749126481.692812426] [publish_wind_direction]: Publisher, neighbours_by_id=set()
[publish_wind_direction-2] [INFO] [1749126485.683755129] [publish_wind_direction]: ***Cam angle= -999.0, vico ang deg= 0.0 Ground Truth= 81.0
[publish_wind_direction-2] [INFO] [1749126485.686232922] [publish_wind_direction]: Publisher, Neighbourhood size: 0
[publish_wind_direction-2] [INFO] [1749126486.686249795] [publish_wind_direction]: Publishing: "id137:S"
[publish_wind_direction-2] [INFO] [1749126486.690097009] [publish_wind_direction]: * Received from id137, wind direction S
[publish_wind_direction-2] [INFO] [1749126486.692792224] [publish_wind_direction]: Publisher, neighbours_by_id=set()
[publish_wind_direction-2] [INFO] [1749126490.650102465] [publish_wind_direction]: ***Cam angle= -999.0, vico ang deg= 0.0 Ground Truth= 81.0
[publish_wind_direction-2] [INFO] [1749126490.652570184] [publish_wind_direction]: Publisher, Neighbourhood size: 0
[publish_wind_direction-2] [INFO] [1749126491.686269770] [publish_wind_direction]: Publishing: "id137:S"
[publish_wind_direction-2] [INFO] [1749126491.690279816] [publish_wind_direction]: * Received from id137, wind direction S
[publish_wind_direction-2] [INFO] [1749126491.693129843] [publish_wind_direction]: Publisher, neighbours_by_id=set()
[publish_wind_direction-2] [INFO] [1749126495.616884358] [publish_wind_direction]: ***Cam angle= -999.0, vico ang deg= 0.0 Ground Truth= 81.0
[publish_wind_direction-2] [INFO] [1749126495.619278208] [publish_wind_direction]: Publisher, Neighbourhood size: 0
[publish_wind_direction-2] [INFO] [1749126496.686081532] [publish_wind_direction]: Publishing: "id137:S"
[publish_wind_direction-2] [INFO] [1749126496.689779324] [publish_wind_direction]: * Received from id137, wind direction S
[publish_wind_direction-2] [INFO] [1749126496.693481580] [publish_wind_direction]: Publisher, neighbours_by_id=set()
[publish_wind_direction-2] [INFO] [1749126500.646626366] [publish_wind_direction]: ***Cam angle= 60.52159174548598, vico ang deg= 0.0 Ground Truth= 60.52159174548598
[publish_wind_direction-2] [INFO] [1749126500.649107789] [publish_wind_direction]: Publisher, Neighbourhood size: 0
[publish_wind_direction-2] [INFO] [1749126501.686177739] [publish_wind_direction]: Publishing: "id137:S"
[publish_wind_direction-2] [INFO] [1749126501.689908902] [publish_wind_direction]: * Received from id137, wind direction S
[publish_wind_direction-2] [INFO] [1749126501.692951205] [publish_wind_direction]: Publisher, neighbours_by_id=set()
[publish_wind_direction-2] [INFO] [1749126505.635425425] [publish_wind_direction]: ***Cam angle= -999.0, vico ang deg= 0.0 Ground Truth= 81.0
[publish_wind_direction-2] [INFO] [1749126505.637961644] [publish_wind_direction]: Publisher, Neighbourhood size: 0
[publish_wind_direction-2] [INFO] [1749126506.686204606] [publish_wind_direction]: Publishing: "id137:S"
[publish_wind_direction-2] [INFO] [1749126506.689997343] [publish_wind_direction]: * Received from id137, wind direction S
[publish_wind_direction-2] [INFO] [1749126506.692691985] [publish_wind_direction]: Publisher, neighbours_by_id=set()
[publish_wind_direction-2] [INFO] [1749126510.631429328] [publish_wind_direction]: ***Cam angle= 38.42941805175883, vico ang deg= 0.0 Ground Truth= 38.42941805175883
[publish_wind_direction-2] [INFO] [1749126510.633999028] [publish_wind_direction]: Publisher, Neighbourhood size: 0
[publish_wind_direction-2] [INFO] [1749126511.687238978] [publish_wind_direction]: Publishing: "id137:S"
[publish_wind_direction-2] [INFO] [1749126511.691260508] [publish_wind_direction]: * Received from id137, wind direction S
[publish_wind_direction-2] [INFO] [1749126511.693855541] [publish_wind_direction]: Publisher, neighbours_by_id=set()
[publish_wind_direction-2] [INFO] [1749126515.536757551] [publish_wind_direction]: ***Cam angle= -40.14461011130128, vico ang deg= 0.0 Ground Truth= 319.8553898886987
[publish_wind_direction-2] [INFO] [1749126515.539196161] [publish_wind_direction]: Publisher, Neighbourhood size: 0
[publish_wind_direction-2] [INFO] [1749126516.686288119] [publish_wind_direction]: Publishing: "id137:S"
[publish_wind_direction-2] [INFO] [1749126516.690236076] [publish_wind_direction]: * Received from id137, wind direction S
[publish_wind_direction-2] [INFO] [1749126516.693148365] [publish_wind_direction]: Publisher, neighbours_by_id=set()
[publish_wind_direction-2] [INFO] [1749126520.481102234] [publish_wind_direction]: ***Cam angle= -37.63355614453523, vico ang deg= 0.0 Ground Truth= 322.36644385546475
[publish_wind_direction-2] [INFO] [1749126520.483624288] [publish_wind_direction]: Publisher, Neighbourhood size: 0
[publish_wind_direction-2] [INFO] [1749126521.686401891] [publish_wind_direction]: Publishing: "id137:S"
[publish_wind_direction-2] [INFO] [1749126521.690400978] [publish_wind_direction]: * Received from id137, wind direction S
[publish_wind_direction-2] [INFO] [1749126521.693257378] [publish_wind_direction]: Publisher, neighbours_by_id=set()
[publish_wind_direction-2] [INFO] [1749126525.501609278] [publish_wind_direction]: ***Cam angle= -22.404478485744733, vico ang deg= 0.0 Ground Truth= 337.59552151425527
[publish_wind_direction-2] [INFO] [1749126525.504028334] [publish_wind_direction]: Publisher, Neighbourhood size: 0
[publish_wind_direction-2] [INFO] [1749126526.686413150] [publish_wind_direction]: Publishing: "id137:S"
[publish_wind_direction-2] [INFO] [1749126526.690603790] [publish_wind_direction]: * Received from id137, wind direction S
[publish_wind_direction-2] [INFO] [1749126526.693846463] [publish_wind_direction]: Publisher, neighbours_by_id=set()
[publish_wind_direction-2] [INFO] [1749126530.438933720] [publish_wind_direction]: ***Cam angle= -25.265341935683992, vico ang deg= 0.0 Ground Truth= 334.734658064316
[publish_wind_direction-2] [INFO] [1749126530.442352131] [publish_wind_direction]: Publisher, Neighbourhood size: 0
[publish_wind_direction-2] [INFO] [1749126531.686241778] [publish_wind_direction]: Publishing: "id137:S"
[publish_wind_direction-2] [INFO] [1749126531.693094415] [publish_wind_direction]: * Received from id137, wind direction S
[publish_wind_direction-2] [INFO] [1749126531.698022748] [publish_wind_direction]: Publisher, neighbours_by_id=set()
[publish_wind_direction-2] [INFO] [1749126535.593542662] [publish_wind_direction]: ***Cam angle= -3.6888465235994943, vico ang deg= 0.0 Ground Truth= 356.3111534764005
[publish_wind_direction-2] [INFO] [1749126535.597039498] [publish_wind_direction]: Publisher, Neighbourhood size: 0
[publish_wind_direction-2] [INFO] [1749126536.686187818] [publish_wind_direction]: Publishing: "id137:S"
[publish_wind_direction-2] [INFO] [1749126536.690521772] [publish_wind_direction]: * Received from id137, wind direction S
[publish_wind_direction-2] [INFO] [1749126536.695341829] [publish_wind_direction]: Publisher, neighbours_by_id=set()
[publish_wind_direction-2] [INFO] [1749126540.666731122] [publish_wind_direction]: ***Cam angle= 79.18592320365843, vico ang deg= 0.0 Ground Truth= 79.18592320365843
[publish_wind_direction-2] [INFO] [1749126540.669188789] [publish_wind_direction]: Publisher, Neighbourhood size: 0
[publish_wind_direction-2] [INFO] [1749126541.686285880] [publish_wind_direction]: Publishing: "id137:S"
[publish_wind_direction-2] [INFO] [1749126541.690500613] [publish_wind_direction]: * Received from id137, wind direction S
[publish_wind_direction-2] [INFO] [1749126541.693930858] [publish_wind_direction]: Publisher, neighbours_by_id=set()
[publish_wind_direction-2] [INFO] [1749126545.521326851] [publish_wind_direction]: ***Cam angle= -999.0, vico ang deg= 0.0 Ground Truth= 81.0
[publish_wind_direction-2] [INFO] [1749126545.523721778] [publish_wind_direction]: Publisher, Neighbourhood size: 0
[publish_wind_direction-2] [INFO] [1749126546.686248225] [publish_wind_direction]: Publishing: "id137:S"
[publish_wind_direction-2] [INFO] [1749126546.690207259] [publish_wind_direction]: * Received from id137, wind direction S
[publish_wind_direction-2] [INFO] [1749126546.692821887] [publish_wind_direction]: Publisher, neighbours_by_id=set()
[publish_wind_direction-2] [INFO] [1749126550.668868914] [publish_wind_direction]: ***Cam angle= 42.34642451836896, vico ang deg= 0.0 Ground Truth= 42.34642451836896
[publish_wind_direction-2] [INFO] [1749126550.671347211] [publish_wind_direction]: Publisher, Neighbourhood size: 0
[publish_wind_direction-2] [INFO] [1749126551.686261708] [publish_wind_direction]: Publishing: "id137:S"
[publish_wind_direction-2] [INFO] [1749126551.690437720] [publish_wind_direction]: * Received from id137, wind direction S
[publish_wind_direction-2] [INFO] [1749126551.693343474] [publish_wind_direction]: Publisher, neighbours_by_id=set()
[publish_wind_direction-2] [INFO] [1749126555.595768037] [publish_wind_direction]: ***Cam angle= -8.963279078830922, vico ang deg= 0.0 Ground Truth= 351.0367209211691
[publish_wind_direction-2] [INFO] [1749126555.598331907] [publish_wind_direction]: Publisher, Neighbourhood size: 0
[publish_wind_direction-2] [INFO] [1749126556.686211575] [publish_wind_direction]: Publishing: "id137:S"
[publish_wind_direction-2] [INFO] [1749126556.690158962] [publish_wind_direction]: * Received from id137, wind direction S
[publish_wind_direction-2] [INFO] [1749126556.693041271] [publish_wind_direction]: Publisher, neighbours_by_id=set()
[publish_wind_direction-2] [INFO] [1749126560.589109411] [publish_wind_direction]: ***Cam angle= -14.446986111247199, vico ang deg= 0.0 Ground Truth= 345.5530138887528
[publish_wind_direction-2] [INFO] [1749126560.592640822] [publish_wind_direction]: Publisher, Neighbourhood size: 0
[publish_wind_direction-2] [INFO] [1749126561.686141057] [publish_wind_direction]: Publishing: "id137:S"
[publish_wind_direction-2] [INFO] [1749126561.690540492] [publish_wind_direction]: * Received from id137, wind direction S
[publish_wind_direction-2] [INFO] [1749126561.694920077] [publish_wind_direction]: Publisher, neighbours_by_id=set()
[publish_wind_direction-2] [INFO] [1749126565.524238334] [publish_wind_direction]: ***Cam angle= 72.37247581492556, vico ang deg= 0.0 Ground Truth= 72.37247581492556
[publish_wind_direction-2] [INFO] [1749126565.527637599] [publish_wind_direction]: Publisher, Neighbourhood size: 0
[publish_wind_direction-2] [INFO] [1749126566.686024904] [publish_wind_direction]: Publishing: "id137:S"
[publish_wind_direction-2] [INFO] [1749126566.691576805] [publish_wind_direction]: * Received from id137, wind direction S
[publish_wind_direction-2] [INFO] [1749126566.696476344] [publish_wind_direction]: Publisher, neighbours_by_id=set()
[publish_wind_direction-2] [INFO] [1749126570.527841695] [publish_wind_direction]: ***Cam angle= 71.62199377450565, vico ang deg= 0.0 Ground Truth= 71.62199377450565
[publish_wind_direction-2] [INFO] [1749126570.530368880] [publish_wind_direction]: Publisher, Neighbourhood size: 0
[publish_wind_direction-2] [INFO] [1749126571.686446453] [publish_wind_direction]: Publishing: "id137:S"
[publish_wind_direction-2] [INFO] [1749126571.690760743] [publish_wind_direction]: * Received from id137, wind direction S
[publish_wind_direction-2] [INFO] [1749126571.694988996] [publish_wind_direction]: Publisher, neighbours_by_id=set()
[publish_wind_direction-2] [INFO] [1749126575.497325538] [publish_wind_direction]: ***Cam angle= -999.0, vico ang deg= 0.0 Ground Truth= 81.0
[publish_wind_direction-2] [INFO] [1749126575.499740985] [publish_wind_direction]: Publisher, Neighbourhood size: 0
[publish_wind_direction-2] [INFO] [1749126576.686240552] [publish_wind_direction]: Publishing: "id137:S"
[publish_wind_direction-2] [INFO] [1749126576.690355714] [publish_wind_direction]: * Received from id137, wind direction S
[publish_wind_direction-2] [INFO] [1749126576.693104138] [publish_wind_direction]: Publisher, neighbours_by_id=set()
[publish_wind_direction-2] [INFO] [1749126580.526902685] [publish_wind_direction]: ***Cam angle= 66.17890187193905, vico ang deg= 0.0 Ground Truth= 66.17890187193905
[publish_wind_direction-2] [INFO] [1749126580.529426519] [publish_wind_direction]: Publisher, Neighbourhood size: 0
[publish_wind_direction-2] [INFO] [1749126581.686146481] [publish_wind_direction]: Publishing: "id137:S"
[publish_wind_direction-2] [INFO] [1749126581.692510741] [publish_wind_direction]: * Received from id137, wind direction S
[publish_wind_direction-2] [INFO] [1749126581.697468041] [publish_wind_direction]: Publisher, neighbours_by_id=set()
[publish_wind_direction-2] [INFO] [1749126585.524001543] [publish_wind_direction]: ***Cam angle= 73.03613105561035, vico ang deg= 0.0 Ground Truth= 73.03613105561035
[publish_wind_direction-2] [INFO] [1749126585.526486804] [publish_wind_direction]: Publisher, Neighbourhood size: 0
[publish_wind_direction-2] [INFO] [1749126586.686064705] [publish_wind_direction]: Publishing: "id137:S"
[publish_wind_direction-2] [INFO] [1749126586.690044870] [publish_wind_direction]: * Received from id137, wind direction S
[publish_wind_direction-2] [INFO] [1749126586.693331416] [publish_wind_direction]: Publisher, neighbours_by_id=set()
[publish_wind_direction-2] [INFO] [1749126590.644026648] [publish_wind_direction]: ***Cam angle= 87.17065760758015, vico ang deg= 0.0 Ground Truth= 87.17065760758015
[publish_wind_direction-2] [INFO] [1749126590.646526372] [publish_wind_direction]: Publisher, Neighbourhood size: 0
[publish_wind_direction-2] [INFO] [1749126591.686254554] [publish_wind_direction]: Publishing: "id137:S"
[publish_wind_direction-2] [INFO] [1749126591.690142017] [publish_wind_direction]: * Received from id137, wind direction S
[publish_wind_direction-2] [INFO] [1749126591.693040494] [publish_wind_direction]: Publisher, neighbours_by_id=set()
[publish_wind_direction-2] [INFO] [1749126595.447787682] [publish_wind_direction]: ***Cam angle= -128.5839089564348, vico ang deg= 0.0 Ground Truth= 231.4160910435652
[publish_wind_direction-2] [INFO] [1749126595.450239851] [publish_wind_direction]: Publisher, Neighbourhood size: 0
[publish_wind_direction-2] [INFO] [1749126596.686284498] [publish_wind_direction]: Publishing: "id137:S"
[publish_wind_direction-2] [INFO] [1749126596.690243405] [publish_wind_direction]: * Received from id137, wind direction S
[publish_wind_direction-2] [INFO] [1749126596.693189919] [publish_wind_direction]: Publisher, neighbours_by_id=set()
[random_robot_move-1] [INFO] [1749126599.233826181] [random_robot_move]: Exception, shutting down
[publish_wind_direction-2] [INFO] [1749126600.392478482] [publish_wind_direction]: ***Cam angle= -150.96688101499663, vico ang deg= 0.0 Ground Truth= 209.03311898500337
[publish_wind_direction-2] [INFO] [1749126600.394659525] [publish_wind_direction]: Publisher, Neighbourhood size: 0
[publish_wind_direction-2] [INFO] [1749126601.689844693] [publish_wind_direction]: Raising exception
[publish_wind_direction-2] [INFO] [1749126601.696055660] [publish_wind_direction]: Publisher stopping, exception
[INFO] [publish_wind_direction-2]: process has finished cleanly [pid 846]
