[INFO] [launch]: All log files can be found below /home/thymio/.ros/log/2025-06-06-14-46-08-885450-thymio-819
[INFO] [launch]: Default logging verbosity is set to INFO
[INFO] [random_robot_move-1]: process started with pid [841]
[INFO] [publish_wind_direction-2]: process started with pid [843]
[publish_wind_direction-2] /usr/lib/python3/dist-packages/scipy/__init__.py:146: UserWarning: A NumPy version >=1.17.3 and <1.25.0 is required for this version of SciPy (detected version 1.26.4
[publish_wind_direction-2]   warnings.warn(f"A NumPy version >={np_minversion} and <{np_maxversion}"
[publish_wind_direction-2] [INFO] [1749221172.791248856] [publish_wind_direction]: Physical Ip=134.34.225.200, id=id200
[publish_wind_direction-2] [INFO] [1749221172.827472187] [publish_wind_direction]: Subscribed to: vicon/default/data
[random_robot_move-1] [INFO] [1749221175.755256283] [random_robot_move]: Robot Control Node started.
[publish_wind_direction-2] [INFO] [1749221177.816417598] [publish_wind_direction]: Publishing: "id200:W"
[publish_wind_direction-2] [INFO] [1749221180.933747608] [publish_wind_direction]: Vicon Position= [-786.041748046875, -4.409213066101074]
[publish_wind_direction-2] [INFO] [1749221180.937134555] [publish_wind_direction]: Neighbourhood size: 7
[publish_wind_direction-2] [INFO] [1749221182.816574675] [publish_wind_direction]: Publishing: "id200:W"
[publish_wind_direction-2] [INFO] [1749221187.816097733] [publish_wind_direction]: Publishing: "id200:W"
[publish_wind_direction-2] [INFO] [1749221192.816734765] [publish_wind_direction]: Publishing: "id200:W"
[publish_wind_direction-2] [INFO] [1749221197.816842236] [publish_wind_direction]: Publishing: "id200:W"
[publish_wind_direction-2] [INFO] [1749221202.816561858] [publish_wind_direction]: Publishing: "id200:W"
[publish_wind_direction-2] [INFO] [1749221207.817342775] [publish_wind_direction]: Publishing: "id200:W"
[publish_wind_direction-2] [INFO] [1749221212.816610149] [publish_wind_direction]: Publishing: "id200:W"
[publish_wind_direction-2] [INFO] [1749221217.816341714] [publish_wind_direction]: Publishing: "id200:W"
[publish_wind_direction-2] [INFO] [1749221222.816405557] [publish_wind_direction]: Publishing: "id200:W"
[publish_wind_direction-2] [INFO] [1749221227.816360536] [publish_wind_direction]: Publishing: "id200:W"
[publish_wind_direction-2] [INFO] [1749221232.816384705] [publish_wind_direction]: Publishing: "id200:W"
[publish_wind_direction-2] [INFO] [1749221237.816392859] [publish_wind_direction]: Publishing: "id200:W"
[publish_wind_direction-2] [INFO] [1749221242.816538114] [publish_wind_direction]: Publishing: "id200:W"
[publish_wind_direction-2] [INFO] [1749221247.816476040] [publish_wind_direction]: Publishing: "id200:W"
[publish_wind_direction-2] [INFO] [1749221252.816704608] [publish_wind_direction]: Publishing: "id200:W"
[publish_wind_direction-2] [INFO] [1749221257.816989741] [publish_wind_direction]: Publishing: "id200:W"
[publish_wind_direction-2] [INFO] [1749221262.817295290] [publish_wind_direction]: Publishing: "id200:W"
[publish_wind_direction-2] [INFO] [1749221267.816648070] [publish_wind_direction]: Publishing: "id200:W"
[publish_wind_direction-2] [INFO] [1749221271.663082831] [publish_wind_direction]: Vicon Position= [-627.6170043945312, 245.6002655029297]
[publish_wind_direction-2] [INFO] [1749221271.665955884] [publish_wind_direction]: Neighbourhood size: 10
[publish_wind_direction-2] [INFO] [1749221272.816538769] [publish_wind_direction]: Publishing: "id200:W"
[publish_wind_direction-2] [INFO] [1749221277.816487690] [publish_wind_direction]: Publishing: "id200:W"
[publish_wind_direction-2] [INFO] [1749221282.816583627] [publish_wind_direction]: Publishing: "id200:W"
[publish_wind_direction-2] [INFO] [1749221287.769526590] [publish_wind_direction]: Vicon Position= [-687.4540405273438, 254.13575744628906]
[publish_wind_direction-2] [INFO] [1749221287.772806278] [publish_wind_direction]: Neighbourhood size: 9
[publish_wind_direction-2] [INFO] [1749221287.816294082] [publish_wind_direction]: Publishing: "id200:W"
[publish_wind_direction-2] [INFO] [1749221292.254247288] [publish_wind_direction]: Vicon Position= [-893.5609130859375, 271.5104675292969]
[publish_wind_direction-2] [INFO] [1749221292.257270500] [publish_wind_direction]: Neighbourhood size: 4
[publish_wind_direction-2] [INFO] [1749221292.816469944] [publish_wind_direction]: Publishing: "id200:W"
[publish_wind_direction-2] [INFO] [1749221294.819565294] [publish_wind_direction]: Vicon Position= [-893.5609130859375, 271.5104675292969]
[publish_wind_direction-2] [INFO] [1749221294.822420564] [publish_wind_direction]: Neighbourhood size: 4
[publish_wind_direction-2] [INFO] [1749221297.816525239] [publish_wind_direction]: Publishing: "id200:W"
[publish_wind_direction-2] [INFO] [1749221302.816416491] [publish_wind_direction]: Publishing: "id200:W"
[publish_wind_direction-2] [INFO] [1749221307.816200931] [publish_wind_direction]: Publishing: "id200:W"
[publish_wind_direction-2] [INFO] [1749221312.816638436] [publish_wind_direction]: Publishing: "id200:W"
[publish_wind_direction-2] [INFO] [1749221314.302709845] [publish_wind_direction]: Vicon Position= [-908.1632080078125, 226.0182647705078]
[publish_wind_direction-2] [INFO] [1749221314.305628440] [publish_wind_direction]: Neighbourhood size: 4
[publish_wind_direction-2] [INFO] [1749221317.816435638] [publish_wind_direction]: Publishing: "id200:W"
[publish_wind_direction-2] [INFO] [1749221318.898259054] [publish_wind_direction]: Vicon Position= [-955.548583984375, 108.99854278564453]
[publish_wind_direction-2] [INFO] [1749221318.901151981] [publish_wind_direction]: Neighbourhood size: 4
[publish_wind_direction-2] [INFO] [1749221322.816471629] [publish_wind_direction]: Publishing: "id200:W"
[publish_wind_direction-2] [INFO] [1749221327.816388898] [publish_wind_direction]: Publishing: "id200:W"
[publish_wind_direction-2] [INFO] [1749221332.816425499] [publish_wind_direction]: Publishing: "id200:W"
[publish_wind_direction-2] [INFO] [1749221337.509536236] [publish_wind_direction]: * Received from id155, wind direction W
[publish_wind_direction-2] [INFO] [1749221337.512498395] [publish_wind_direction]: Publisher, neighbours_by_id={'id193', 'id1193', 'id189', 'id206'}
[publish_wind_direction-2] [INFO] [1749221341.751466561] [publish_wind_direction]: ***Cam angle= -219.0753796552546, vico ang deg= 51.7493383792623 Ground Truth= 192.6739587240077
[publish_wind_direction-2] [INFO] [1749221341.753926798] [publish_wind_direction]: Publisher, Neighbourhood size: 4
[publish_wind_direction-2] [INFO] [1749221341.756376160] [publish_wind_direction]: Decision Making Triggered
[publish_wind_direction-2] [INFO] [1749221341.758780764] [publish_wind_direction]: Publisher, Neighbours Opinion: 0
[publish_wind_direction-2] [INFO] [1749221341.761280350] [publish_wind_direction]: Inside Decision Making, neighbours opinion: {}
[publish_wind_direction-2] [INFO] [1749221341.763849667] [publish_wind_direction]: Inside Decision Making, social opinions: {}
[publish_wind_direction-2] [INFO] [1749221341.768224446] [publish_wind_direction]: Publishing: "id200:W"
[publish_wind_direction-2] [INFO] [1749221341.772350796] [publish_wind_direction]: Vicon Position= [-817.6752319335938, 47.864070892333984]
[publish_wind_direction-2] [INFO] [1749221341.774924151] [publish_wind_direction]: Neighbourhood size: 6
[publish_wind_direction-2] [INFO] [1749221342.816409759] [publish_wind_direction]: Publishing: "id200:W"
[publish_wind_direction-2] [INFO] [1749221345.241418124] [publish_wind_direction]: * Received from id136, wind direction W
[publish_wind_direction-2] [INFO] [1749221345.244351241] [publish_wind_direction]: Publisher, neighbours_by_id={'id136', 'id193', 'id1193', 'id207', 'id189', 'id206'}
[publish_wind_direction-2] [INFO] [1749221349.104751309] [publish_wind_direction]: ***Cam angle= -999.0, vico ang deg= -182.72849404911324 Ground Truth= 258.2715059508869
[publish_wind_direction-2] [INFO] [1749221349.107130456] [publish_wind_direction]: Publisher, Neighbourhood size: 6
[publish_wind_direction-2] [INFO] [1749221349.109565681] [publish_wind_direction]: Decision Making Triggered
[publish_wind_direction-2] [INFO] [1749221349.112087366] [publish_wind_direction]: Publisher, Neighbours Opinion: 1
[publish_wind_direction-2] [INFO] [1749221349.114565849] [publish_wind_direction]: Inside Decision Making, neighbours opinion: {'id136': 'W'}
[publish_wind_direction-2] [INFO] [1749221349.117173865] [publish_wind_direction]: Inside Decision Making, social opinions: {'W': 1}
[publish_wind_direction-2] [INFO] [1749221349.121309671] [publish_wind_direction]: Publishing: "id200:W"
[publish_wind_direction-2] [INFO] [1749221349.125286322] [publish_wind_direction]: Vicon Position= [-817.6752319335938, 47.864070892333984]
[publish_wind_direction-2] [INFO] [1749221349.127949119] [publish_wind_direction]: Neighbourhood size: 6
[publish_wind_direction-2] [INFO] [1749221352.816410358] [publish_wind_direction]: Publishing: "id200:W"
[publish_wind_direction-2] [INFO] [1749221353.941178989] [publish_wind_direction]: Vicon Position= [-817.6752319335938, 47.864070892333984]
[publish_wind_direction-2] [INFO] [1749221353.944090521] [publish_wind_direction]: Neighbourhood size: 6
[publish_wind_direction-2] [INFO] [1749221357.816502645] [publish_wind_direction]: Publishing: "id200:W"
[publish_wind_direction-2] [INFO] [1749221362.816762519] [publish_wind_direction]: Publishing: "id200:W"
[publish_wind_direction-2] [INFO] [1749221367.817243857] [publish_wind_direction]: Publishing: "id200:W"
[publish_wind_direction-2] [INFO] [1749221370.792965313] [publish_wind_direction]: Vicon Position= [901.1314697265625, 1.9134259223937988]
[publish_wind_direction-2] [INFO] [1749221370.795868411] [publish_wind_direction]: Neighbourhood size: 4
[publish_wind_direction-2] [INFO] [1749221372.816480127] [publish_wind_direction]: Publishing: "id200:W"
[publish_wind_direction-2] [INFO] [1749221377.816470517] [publish_wind_direction]: Publishing: "id200:W"
[publish_wind_direction-2] [INFO] [1749221378.870927614] [publish_wind_direction]: Vicon Position= [877.8513793945312, 121.06099700927734]
[publish_wind_direction-2] [INFO] [1749221378.874179153] [publish_wind_direction]: Neighbourhood size: 5
[publish_wind_direction-2] [INFO] [1749221380.520811974] [publish_wind_direction]: * Received from id136, wind direction S
[publish_wind_direction-2] [INFO] [1749221380.523666111] [publish_wind_direction]: Publisher, neighbours_by_id={'id142', 'id193', 'id189', 'id151', 'id247'}
[publish_wind_direction-2] [INFO] [1749221384.822358193] [publish_wind_direction]: ***Cam angle= -999.0, vico ang deg= -179.45513314930434 Ground Truth= 261.5448668506956
[publish_wind_direction-2] [INFO] [1749221384.824871249] [publish_wind_direction]: Publisher, Neighbourhood size: 5
[publish_wind_direction-2] [INFO] [1749221384.827312090] [publish_wind_direction]: Decision Making Triggered
[publish_wind_direction-2] [INFO] [1749221384.829679532] [publish_wind_direction]: Publisher, Neighbours Opinion: 1
[publish_wind_direction-2] [INFO] [1749221384.832122356] [publish_wind_direction]: Inside Decision Making, neighbours opinion: {'id136': 'W'}
[publish_wind_direction-2] [INFO] [1749221384.834512899] [publish_wind_direction]: Inside Decision Making, social opinions: {'W': 1}
[publish_wind_direction-2] [INFO] [1749221384.838846952] [publish_wind_direction]: Publishing: "id200:W"
[publish_wind_direction-2] [INFO] [1749221384.842902689] [publish_wind_direction]: Vicon Position= [858.6879272460938, 378.4510192871094]
[publish_wind_direction-2] [INFO] [1749221384.845534812] [publish_wind_direction]: Neighbourhood size: 7
[publish_wind_direction-2] [INFO] [1749221384.848390321] [publish_wind_direction]: * Received from id155, wind direction W
[publish_wind_direction-2] [INFO] [1749221384.850804337] [publish_wind_direction]: Publisher, neighbours_by_id={'id155', 'id192', 'id152', 'id189', 'id151', 'id195', 'id247'}
[publish_wind_direction-2] [INFO] [1749221388.803355482] [publish_wind_direction]: ***Cam angle= -999.0, vico ang deg= -212.79118134600023 Ground Truth= 228.20881865399974
[publish_wind_direction-2] [INFO] [1749221388.805758660] [publish_wind_direction]: Publisher, Neighbourhood size: 7
[publish_wind_direction-2] [INFO] [1749221388.808189943] [publish_wind_direction]: Decision Making Triggered
[publish_wind_direction-2] [INFO] [1749221388.810548270] [publish_wind_direction]: Publisher, Neighbours Opinion: 2
[publish_wind_direction-2] [INFO] [1749221388.812985629] [publish_wind_direction]: Inside Decision Making, neighbours opinion: {'id136': 'W', 'id155': 'W'}
[publish_wind_direction-2] [INFO] [1749221388.815392179] [publish_wind_direction]: Inside Decision Making, social opinions: {'W': 2}
[publish_wind_direction-2] [INFO] [1749221388.819594032] [publish_wind_direction]: Publishing: "id200:W"
[publish_wind_direction-2] [INFO] [1749221388.823552471] [publish_wind_direction]: Vicon Position= [634.4172973632812, 600.6343994140625]
[publish_wind_direction-2] [INFO] [1749221388.826093502] [publish_wind_direction]: Neighbourhood size: 6
[publish_wind_direction-2] [INFO] [1749221392.816390466] [publish_wind_direction]: Publishing: "id200:W"
[publish_wind_direction-2] [INFO] [1749221397.816495892] [publish_wind_direction]: Publishing: "id200:W"
[publish_wind_direction-2] [INFO] [1749221402.333120729] [publish_wind_direction]: Vicon Position= [892.4575805664062, 701.463623046875]
[publish_wind_direction-2] [INFO] [1749221402.336029818] [publish_wind_direction]: Neighbourhood size: 3
[publish_wind_direction-2] [INFO] [1749221402.816605940] [publish_wind_direction]: Publishing: "id200:W"
[publish_wind_direction-2] [INFO] [1749221407.816435222] [publish_wind_direction]: Publishing: "id200:W"
[publish_wind_direction-2] [INFO] [1749221412.816523799] [publish_wind_direction]: Publishing: "id200:W"
[publish_wind_direction-2] [INFO] [1749221417.816511975] [publish_wind_direction]: Publishing: "id200:W"
[publish_wind_direction-2] [INFO] [1749221420.908828806] [publish_wind_direction]: * Received from id136, wind direction N
[publish_wind_direction-2] [INFO] [1749221420.911493574] [publish_wind_direction]: Publisher, neighbours_by_id={'id195', 'id236', 'id151'}
[publish_wind_direction-2] [INFO] [1749221424.682533710] [publish_wind_direction]: ***Cam angle= -210.95782952754865, vico ang deg= -252.67071289824784 Ground Truth= 256.37145757420353
[publish_wind_direction-2] [INFO] [1749221424.685058365] [publish_wind_direction]: Publisher, Neighbourhood size: 3
[publish_wind_direction-2] [INFO] [1749221424.687525590] [publish_wind_direction]: Decision Making Triggered
[publish_wind_direction-2] [INFO] [1749221424.689933791] [publish_wind_direction]: Publisher, Neighbours Opinion: 2
[publish_wind_direction-2] [INFO] [1749221424.692401739] [publish_wind_direction]: Inside Decision Making, neighbours opinion: {'id136': 'W', 'id155': 'W'}
[publish_wind_direction-2] [INFO] [1749221424.694825538] [publish_wind_direction]: Inside Decision Making, social opinions: {'W': 2}
[publish_wind_direction-2] [INFO] [1749221424.699107816] [publish_wind_direction]: Publishing: "id200:W"
[publish_wind_direction-2] [INFO] [1749221425.332836165] [publish_wind_direction]: Vicon Position= [234.90626525878906, 1386.3363037109375]
[publish_wind_direction-2] [INFO] [1749221425.335758056] [publish_wind_direction]: Neighbourhood size: 6
[publish_wind_direction-2] [INFO] [1749221427.816482784] [publish_wind_direction]: Publishing: "id200:W"
[publish_wind_direction-2] [INFO] [1749221429.632852617] [publish_wind_direction]: Vicon Position= [257.89984130859375, 1380.663330078125]
[publish_wind_direction-2] [INFO] [1749221429.635837497] [publish_wind_direction]: Neighbourhood size: 6
[publish_wind_direction-2] [INFO] [1749221430.913599541] [publish_wind_direction]: Vicon Position= [264.4864807128906, 1378.8677978515625]
[publish_wind_direction-2] [INFO] [1749221430.917511891] [publish_wind_direction]: Neighbourhood size: 6
[publish_wind_direction-2] [INFO] [1749221430.966653918] [publish_wind_direction]: * Received from id136, wind direction N
[publish_wind_direction-2] [INFO] [1749221430.969481715] [publish_wind_direction]: Publisher, neighbours_by_id={'id236', 'id152', 'id193', 'id151', 'id137', 'id195'}
[publish_wind_direction-2] [INFO] [1749221434.852940327] [publish_wind_direction]: ***Cam angle= -999.0, vico ang deg= 49.47423435762639 Ground Truth= 130.47423435762641
[publish_wind_direction-2] [INFO] [1749221434.856451698] [publish_wind_direction]: Publisher, Neighbourhood size: 6
[publish_wind_direction-2] [INFO] [1749221434.860057164] [publish_wind_direction]: Decision Making Triggered
[publish_wind_direction-2] [INFO] [1749221434.863461455] [publish_wind_direction]: Publisher, Neighbours Opinion: 2
[publish_wind_direction-2] [INFO] [1749221434.867096172] [publish_wind_direction]: Inside Decision Making, neighbours opinion: {'id136': 'W', 'id155': 'W'}
[publish_wind_direction-2] [INFO] [1749221434.870657861] [publish_wind_direction]: Inside Decision Making, social opinions: {'W': 2}
[publish_wind_direction-2] [INFO] [1749221434.876611095] [publish_wind_direction]: Publishing: "id200:W"
[publish_wind_direction-2] [INFO] [1749221437.816074436] [publish_wind_direction]: Publishing: "id200:W"
[publish_wind_direction-2] [INFO] [1749221442.816388331] [publish_wind_direction]: Publishing: "id200:W"
[publish_wind_direction-2] [INFO] [1749221447.816406590] [publish_wind_direction]: Publishing: "id200:W"
[publish_wind_direction-2] [INFO] [1749221451.274915361] [publish_wind_direction]: Vicon Position= [300.1383361816406, 1212.1912841796875]
[publish_wind_direction-2] [INFO] [1749221451.277800867] [publish_wind_direction]: Neighbourhood size: 6
[publish_wind_direction-2] [INFO] [1749221452.816366280] [publish_wind_direction]: Publishing: "id200:W"
[publish_wind_direction-2] [INFO] [1749221453.821330927] [publish_wind_direction]: Vicon Position= [284.69549560546875, 1065.2056884765625]
[publish_wind_direction-2] [INFO] [1749221453.824336926] [publish_wind_direction]: Neighbourhood size: 6
[publish_wind_direction-2] [INFO] [1749221456.321418001] [publish_wind_direction]: Vicon Position= [284.69549560546875, 1065.2056884765625]
[publish_wind_direction-2] [INFO] [1749221456.324678956] [publish_wind_direction]: Neighbourhood size: 6
[publish_wind_direction-2] [INFO] [1749221457.816444631] [publish_wind_direction]: Publishing: "id200:W"
[publish_wind_direction-2] [INFO] [1749221461.916560392] [publish_wind_direction]: Vicon Position= [268.89453125, 903.6956787109375]
[publish_wind_direction-2] [INFO] [1749221461.919526931] [publish_wind_direction]: Neighbourhood size: 5
[publish_wind_direction-2] [INFO] [1749221462.816390572] [publish_wind_direction]: Publishing: "id200:W"
[publish_wind_direction-2] [INFO] [1749221467.816417668] [publish_wind_direction]: Publishing: "id200:W"
[publish_wind_direction-2] [INFO] [1749221468.149537009] [publish_wind_direction]: Vicon Position= [192.87266540527344, 825.6617431640625]
[publish_wind_direction-2] [INFO] [1749221468.152449675] [publish_wind_direction]: Neighbourhood size: 8
[publish_wind_direction-2] [INFO] [1749221471.159832846] [publish_wind_direction]: * Received from id155, wind direction W
[publish_wind_direction-2] [INFO] [1749221471.162443981] [publish_wind_direction]: Publisher, neighbours_by_id={'id224', 'id236', 'id152', 'id1193', 'id207', 'id151', 'id137', 'id195'}
[publish_wind_direction-2] [INFO] [1749221475.361146129] [publish_wind_direction]: ***Cam angle= -999.0, vico ang deg= -223.83960890594003 Ground Truth= 217.16039109406006
[publish_wind_direction-2] [INFO] [1749221475.363671340] [publish_wind_direction]: Publisher, Neighbourhood size: 8
[publish_wind_direction-2] [INFO] [1749221475.366071056] [publish_wind_direction]: Decision Making Triggered
[publish_wind_direction-2] [INFO] [1749221475.368511493] [publish_wind_direction]: Publisher, Neighbours Opinion: 2
[publish_wind_direction-2] [INFO] [1749221475.370945686] [publish_wind_direction]: Inside Decision Making, neighbours opinion: {'id136': 'W', 'id155': 'W'}
[publish_wind_direction-2] [INFO] [1749221475.373429251] [publish_wind_direction]: Inside Decision Making, social opinions: {'W': 2}
[publish_wind_direction-2] [INFO] [1749221475.377711862] [publish_wind_direction]: Publishing: "id200:W"
[publish_wind_direction-2] [INFO] [1749221475.380563299] [publish_wind_direction]: * Received from id136, wind direction W
[publish_wind_direction-2] [INFO] [1749221475.383017259] [publish_wind_direction]: Publisher, neighbours_by_id={'id224', 'id236', 'id152', 'id1193', 'id207', 'id151', 'id137', 'id195'}
[publish_wind_direction-2] [INFO] [1749221479.225391598] [publish_wind_direction]: ***Cam angle= -2.105834617178317, vico ang deg= -223.83960890594003 Ground Truth= 134.05455647688166
[publish_wind_direction-2] [INFO] [1749221479.227988987] [publish_wind_direction]: Publisher, Neighbourhood size: 8
[publish_wind_direction-2] [INFO] [1749221479.230422328] [publish_wind_direction]: Decision Making Triggered
[publish_wind_direction-2] [INFO] [1749221479.232922455] [publish_wind_direction]: Publisher, Neighbours Opinion: 2
[publish_wind_direction-2] [INFO] [1749221479.235381214] [publish_wind_direction]: Inside Decision Making, neighbours opinion: {'id136': 'W', 'id155': 'W'}
[publish_wind_direction-2] [INFO] [1749221479.237832432] [publish_wind_direction]: Inside Decision Making, social opinions: {'W': 2}
[publish_wind_direction-2] [INFO] [1749221479.242116600] [publish_wind_direction]: Publishing: "id200:W"
[publish_wind_direction-2] [INFO] [1749221482.816372592] [publish_wind_direction]: Publishing: "id200:W"
[publish_wind_direction-2] [INFO] [1749221486.838831483] [publish_wind_direction]: Vicon Position= [0.0, 0.0]
[publish_wind_direction-2] [INFO] [1749221486.841998177] [publish_wind_direction]: Neighbourhood size: 7
[publish_wind_direction-2] [INFO] [1749221487.816338925] [publish_wind_direction]: Publishing: "id200:W"
[publish_wind_direction-2] [INFO] [1749221490.595564795] [publish_wind_direction]: * Received from id136, wind direction E
[publish_wind_direction-2] [INFO] [1749221490.598290718] [publish_wind_direction]: Publisher, neighbours_by_id={'id224', 'id194', 'id206', 'id152', 'id207', 'id189', 'id247'}
[publish_wind_direction-2] [INFO] [1749221494.462862048] [publish_wind_direction]: ***Cam angle= -233.6835410699205, vico ang deg= -110.58085446024889 Ground Truth= 15.735604469830605
[publish_wind_direction-2] [INFO] [1749221494.465423441] [publish_wind_direction]: Publisher, Neighbourhood size: 7
[publish_wind_direction-2] [INFO] [1749221494.467880792] [publish_wind_direction]: Decision Making Triggered
[publish_wind_direction-2] [INFO] [1749221494.470285603] [publish_wind_direction]: Publisher, Neighbours Opinion: 2
[publish_wind_direction-2] [INFO] [1749221494.472775077] [publish_wind_direction]: Inside Decision Making, neighbours opinion: {'id136': 'W', 'id155': 'W'}
[publish_wind_direction-2] [INFO] [1749221494.475385194] [publish_wind_direction]: Inside Decision Making, social opinions: {'W': 2}
[publish_wind_direction-2] [INFO] [1749221494.479469206] [publish_wind_direction]: Publishing: "id200:W"
[publish_wind_direction-2] [INFO] [1749221494.483496176] [publish_wind_direction]: Vicon Position= [0.0, 0.0]
[publish_wind_direction-2] [INFO] [1749221494.486203313] [publish_wind_direction]: Neighbourhood size: 7
[publish_wind_direction-2] [INFO] [1749221496.929806047] [publish_wind_direction]: Vicon Position= [0.0, 0.0]
[publish_wind_direction-2] [INFO] [1749221496.932805210] [publish_wind_direction]: Neighbourhood size: 7
[publish_wind_direction-2] [INFO] [1749221497.816516585] [publish_wind_direction]: Publishing: "id200:W"
[publish_wind_direction-2] [INFO] [1749221502.816389051] [publish_wind_direction]: Publishing: "id200:W"
[publish_wind_direction-2] [INFO] [1749221507.816560398] [publish_wind_direction]: Publishing: "id200:W"
[publish_wind_direction-2] [INFO] [1749221512.816519012] [publish_wind_direction]: Publishing: "id200:W"
[publish_wind_direction-2] [INFO] [1749221517.816363968] [publish_wind_direction]: Publishing: "id200:W"
[publish_wind_direction-2] [INFO] [1749221522.816388887] [publish_wind_direction]: Publishing: "id200:W"
[publish_wind_direction-2] [INFO] [1749221527.816353893] [publish_wind_direction]: Publishing: "id200:W"
[publish_wind_direction-2] [INFO] [1749221529.296960065] [publish_wind_direction]: Vicon Position= [1067.40576171875, 1224.79931640625]
[publish_wind_direction-2] [INFO] [1749221529.299861336] [publish_wind_direction]: Neighbourhood size: 1
[publish_wind_direction-2] [INFO] [1749221532.816385111] [publish_wind_direction]: Publishing: "id200:W"
[publish_wind_direction-2] [INFO] [1749221534.404214031] [publish_wind_direction]: Vicon Position= [1067.40576171875, 1224.79931640625]
[publish_wind_direction-2] [INFO] [1749221534.407256360] [publish_wind_direction]: Neighbourhood size: 1
[publish_wind_direction-2] [INFO] [1749221535.777249017] [publish_wind_direction]: * Received from id155, wind direction W
[publish_wind_direction-2] [INFO] [1749221535.780057102] [publish_wind_direction]: Publisher, neighbours_by_id={'id151'}
[publish_wind_direction-2] [INFO] [1749221539.596106399] [publish_wind_direction]: ***Cam angle= -254.60750039814923, vico ang deg= -234.21123049472533 Ground Truth= 231.18126910712544
[publish_wind_direction-2] [INFO] [1749221539.599690152] [publish_wind_direction]: Publisher, Neighbourhood size: 1
[publish_wind_direction-2] [INFO] [1749221539.605663506] [publish_wind_direction]: Publishing: "id200:W"
[publish_wind_direction-2] [INFO] [1749221539.611656738] [publish_wind_direction]: Vicon Position= [1067.40576171875, 1224.79931640625]
[publish_wind_direction-2] [INFO] [1749221539.615431643] [publish_wind_direction]: Neighbourhood size: 1
[publish_wind_direction-2] [INFO] [1749221542.816324443] [publish_wind_direction]: Publishing: "id200:W"
[publish_wind_direction-2] [INFO] [1749221547.816358810] [publish_wind_direction]: Publishing: "id200:W"
[publish_wind_direction-2] [INFO] [1749221552.816829022] [publish_wind_direction]: Publishing: "id200:W"
[publish_wind_direction-2] [INFO] [1749221556.212985392] [publish_wind_direction]: Vicon Position= [1067.40576171875, 1224.79931640625]
[publish_wind_direction-2] [INFO] [1749221556.215868582] [publish_wind_direction]: Neighbourhood size: 1
[publish_wind_direction-2] [INFO] [1749221557.690321494] [publish_wind_direction]: Vicon Position= [0.0, 0.0]
[publish_wind_direction-2] [INFO] [1749221557.693243348] [publish_wind_direction]: Neighbourhood size: 8
[publish_wind_direction-2] [INFO] [1749221557.816396478] [publish_wind_direction]: Publishing: "id200:W"
[publish_wind_direction-2] [INFO] [1749221559.229407416] [publish_wind_direction]: Vicon Position= [0.0, 0.0]
[publish_wind_direction-2] [INFO] [1749221559.232790106] [publish_wind_direction]: Neighbourhood size: 8
[publish_wind_direction-2] [INFO] [1749221562.816343274] [publish_wind_direction]: Publishing: "id200:W"
[publish_wind_direction-2] [INFO] [1749221567.816393907] [publish_wind_direction]: Publishing: "id200:W"
[publish_wind_direction-2] [INFO] [1749221569.692010745] [publish_wind_direction]: Vicon Position= [0.0, 0.0]
[publish_wind_direction-2] [INFO] [1749221569.694829131] [publish_wind_direction]: Neighbourhood size: 8
[publish_wind_direction-2] [INFO] [1749221570.285930591] [publish_wind_direction]: * Received from id155, wind direction W
[publish_wind_direction-2] [INFO] [1749221570.288767411] [publish_wind_direction]: Publisher, neighbours_by_id={'id224', 'id194', 'id152', 'id207', 'id189', 'id223', 'id247', 'id206'}
[publish_wind_direction-2] [INFO] [1749221574.038765435] [publish_wind_direction]: ***Cam angle= -264.4742152154282, vico ang deg= -110.58085446024889 Ground Truth= 344.9449303243229
[publish_wind_direction-2] [INFO] [1749221574.042249073] [publish_wind_direction]: Publisher, Neighbourhood size: 8
[publish_wind_direction-2] [INFO] [1749221574.045634690] [publish_wind_direction]: Decision Making Triggered
[publish_wind_direction-2] [INFO] [1749221574.049028292] [publish_wind_direction]: Publisher, Neighbours Opinion: 2
[publish_wind_direction-2] [INFO] [1749221574.052589795] [publish_wind_direction]: Inside Decision Making, neighbours opinion: {'id136': 'W', 'id155': 'W'}
[publish_wind_direction-2] [INFO] [1749221574.055998477] [publish_wind_direction]: Inside Decision Making, social opinions: {'W': 2}
[publish_wind_direction-2] [INFO] [1749221574.061875532] [publish_wind_direction]: Publishing: "id200:W"
[publish_wind_direction-2] [INFO] [1749221575.675129545] [publish_wind_direction]: * Received from id155, wind direction E
[publish_wind_direction-2] [INFO] [1749221575.678531965] [publish_wind_direction]: Publisher, neighbours_by_id={'id224', 'id194', 'id152', 'id207', 'id189', 'id223', 'id247', 'id206'}
[publish_wind_direction-2] [INFO] [1749221579.450632602] [publish_wind_direction]: ***Cam angle= -999.0, vico ang deg= -110.58085446024889 Ground Truth= 330.41914553975107
[publish_wind_direction-2] [INFO] [1749221579.454147846] [publish_wind_direction]: Publisher, Neighbourhood size: 8
[publish_wind_direction-2] [INFO] [1749221579.457522755] [publish_wind_direction]: Decision Making Triggered
[publish_wind_direction-2] [INFO] [1749221579.460889586] [publish_wind_direction]: Publisher, Neighbours Opinion: 2
[publish_wind_direction-2] [INFO] [1749221579.464473487] [publish_wind_direction]: Inside Decision Making, neighbours opinion: {'id136': 'W', 'id155': 'W'}
[publish_wind_direction-2] [INFO] [1749221579.467940434] [publish_wind_direction]: Inside Decision Making, social opinions: {'W': 2}
[publish_wind_direction-2] [INFO] [1749221579.473804002] [publish_wind_direction]: Publishing: "id200:W"
[publish_wind_direction-2] [INFO] [1749221582.816355343] [publish_wind_direction]: Publishing: "id200:W"
[publish_wind_direction-2] [INFO] [1749221584.078528083] [publish_wind_direction]: Vicon Position= [0.0, 0.0]
[publish_wind_direction-2] [INFO] [1749221584.081752041] [publish_wind_direction]: Neighbourhood size: 7
[publish_wind_direction-2] [INFO] [1749221586.963694517] [publish_wind_direction]: Vicon Position= [994.9581298828125, 1156.406982421875]
[publish_wind_direction-2] [INFO] [1749221586.966626634] [publish_wind_direction]: Neighbourhood size: 2
[publish_wind_direction-2] [INFO] [1749221587.816347583] [publish_wind_direction]: Publishing: "id200:W"
[publish_wind_direction-2] [INFO] [1749221590.692178315] [publish_wind_direction]: Vicon Position= [994.9581298828125, 1156.406982421875]
[publish_wind_direction-2] [INFO] [1749221590.695158545] [publish_wind_direction]: Neighbourhood size: 2
[publish_wind_direction-2] [INFO] [1749221592.817075418] [publish_wind_direction]: Publishing: "id200:W"
[publish_wind_direction-2] [INFO] [1749221593.025773152] [publish_wind_direction]: * Received from id142, wind direction E
[publish_wind_direction-2] [INFO] [1749221593.028549780] [publish_wind_direction]: Publisher, neighbours_by_id={'id1193', 'id151'}
[publish_wind_direction-2] [INFO] [1749221596.847459610] [publish_wind_direction]: ***Cam angle= -217.26770690932014, vico ang deg= -228.46433680035028 Ground Truth= 274.2679562903296
[publish_wind_direction-2] [INFO] [1749221596.849884151] [publish_wind_direction]: Publisher, Neighbourhood size: 2
[publish_wind_direction-2] [INFO] [1749221597.207134951] [publish_wind_direction]: Vicon Position= [992.6627197265625, 1160.3824462890625]
[publish_wind_direction-2] [INFO] [1749221597.209988147] [publish_wind_direction]: Neighbourhood size: 2
[publish_wind_direction-2] [INFO] [1749221597.816375562] [publish_wind_direction]: Publishing: "id200:W"
[publish_wind_direction-2] [INFO] [1749221599.413299196] [publish_wind_direction]: * Received from id155, wind direction W
[publish_wind_direction-2] [INFO] [1749221599.416065524] [publish_wind_direction]: Publisher, neighbours_by_id={'id1193', 'id151'}
[publish_wind_direction-2] [INFO] [1749221603.500073179] [publish_wind_direction]: ***Cam angle= -215.77564361168572, vico ang deg= -187.329120212733 Ground Truth= 316.8952361755813
[publish_wind_direction-2] [INFO] [1749221603.502467448] [publish_wind_direction]: Publisher, Neighbourhood size: 2
[publish_wind_direction-2] [INFO] [1749221603.506610503] [publish_wind_direction]: Publishing: "id200:W"
[publish_wind_direction-2] [INFO] [1749221603.510562276] [publish_wind_direction]: Vicon Position= [922.6128540039062, 1261.6875]
[publish_wind_direction-2] [INFO] [1749221603.513273970] [publish_wind_direction]: Neighbourhood size: 2
[publish_wind_direction-2] [INFO] [1749221604.655033397] [publish_wind_direction]: Vicon Position= [0.0, 0.0]
[publish_wind_direction-2] [INFO] [1749221604.657682845] [publish_wind_direction]: Neighbourhood size: 0
[publish_wind_direction-2] [INFO] [1749221607.816391332] [publish_wind_direction]: Publishing: "id200:W"
[publish_wind_direction-2] [INFO] [1749221612.816393650] [publish_wind_direction]: Publishing: "id200:W"
[publish_wind_direction-2] [INFO] [1749221617.816500955] [publish_wind_direction]: Publishing: "id200:W"
[publish_wind_direction-2] [INFO] [1749221621.277923889] [publish_wind_direction]: Vicon Position= [0.0, 0.0]
[publish_wind_direction-2] [INFO] [1749221621.280689162] [publish_wind_direction]: Neighbourhood size: 6
[publish_wind_direction-2] [INFO] [1749221622.816327757] [publish_wind_direction]: Publishing: "id200:W"
[publish_wind_direction-2] [INFO] [1749221622.850341230] [publish_wind_direction]: Vicon Position= [569.1207275390625, 289.77642822265625]
[publish_wind_direction-2] [INFO] [1749221622.855156799] [publish_wind_direction]: Neighbourhood size: 5
[publish_wind_direction-2] [INFO] [1749221623.581282122] [publish_wind_direction]: * Received from id142, wind direction S
[publish_wind_direction-2] [INFO] [1749221623.584171148] [publish_wind_direction]: Publisher, neighbours_by_id={'id142', 'id136', 'id207', 'id189', 'id151'}
[publish_wind_direction-2] [INFO] [1749221627.628962252] [publish_wind_direction]: ***Cam angle= -999.0, vico ang deg= 30.649158132932854 Ground Truth= 111.64915813293283
[publish_wind_direction-2] [INFO] [1749221627.631476681] [publish_wind_direction]: Publisher, Neighbourhood size: 5
[publish_wind_direction-2] [INFO] [1749221627.633879621] [publish_wind_direction]: Decision Making Triggered
[publish_wind_direction-2] [INFO] [1749221627.636315185] [publish_wind_direction]: Publisher, Neighbours Opinion: 3
[publish_wind_direction-2] [INFO] [1749221627.638720051] [publish_wind_direction]: Inside Decision Making, neighbours opinion: {'id136': 'W', 'id155': 'W', 'id142': 'S'}
[publish_wind_direction-2] [INFO] [1749221627.641352714] [publish_wind_direction]: Inside Decision Making, social opinions: {'W': 2, 'S': 1}
[publish_wind_direction-2] [INFO] [1749221627.645881425] [publish_wind_direction]: Vicon Position= [-893.240234375, -376.9237976074219]
[publish_wind_direction-2] [INFO] [1749221627.648445171] [publish_wind_direction]: Neighbourhood size: 2
[publish_wind_direction-2] [INFO] [1749221627.816351028] [publish_wind_direction]: Publishing: "id200:W"
[publish_wind_direction-2] [INFO] [1749221631.461720525] [publish_wind_direction]: Vicon Position= [-866.9674072265625, -98.26444244384766]
[publish_wind_direction-2] [INFO] [1749221631.464702941] [publish_wind_direction]: Neighbourhood size: 3
[publish_wind_direction-2] [INFO] [1749221632.816396215] [publish_wind_direction]: Publishing: "id200:W"
[publish_wind_direction-2] [INFO] [1749221635.967786876] [publish_wind_direction]: * Received from id136, wind direction S
[publish_wind_direction-2] [INFO] [1749221635.970756083] [publish_wind_direction]: Publisher, neighbours_by_id={'id137', 'id195', 'id151'}
[publish_wind_direction-2] [INFO] [1749221639.837355556] [publish_wind_direction]: ***Cam angle= -179.50495214787026, vico ang deg= -201.18154742033528 Ground Truth= 339.31350043179447
[publish_wind_direction-2] [INFO] [1749221639.840806144] [publish_wind_direction]: Publisher, Neighbourhood size: 3
[publish_wind_direction-2] [INFO] [1749221639.844206767] [publish_wind_direction]: Decision Making Triggered
[publish_wind_direction-2] [INFO] [1749221639.847585584] [publish_wind_direction]: Publisher, Neighbours Opinion: 3
[publish_wind_direction-2] [INFO] [1749221639.851173617] [publish_wind_direction]: Inside Decision Making, neighbours opinion: {'id136': 'W', 'id155': 'W', 'id142': 'S'}
[publish_wind_direction-2] [INFO] [1749221639.855214908] [publish_wind_direction]: Inside Decision Making, social opinions: {'W': 2, 'S': 1}
[publish_wind_direction-2] [INFO] [1749221639.861306384] [publish_wind_direction]: Publishing: "id200:W"
[publish_wind_direction-2] [INFO] [1749221642.816512823] [publish_wind_direction]: Publishing: "id200:W"
[publish_wind_direction-2] [INFO] [1749221644.049162637] [publish_wind_direction]: Vicon Position= [368.3949890136719, 1083.8529052734375]
[publish_wind_direction-2] [INFO] [1749221644.051937117] [publish_wind_direction]: Neighbourhood size: 4
[publish_wind_direction-2] [INFO] [1749221645.944661889] [publish_wind_direction]: Vicon Position= [215.1437225341797, 906.2801513671875]
[publish_wind_direction-2] [INFO] [1749221645.947681727] [publish_wind_direction]: Neighbourhood size: 5
[publish_wind_direction-2] [INFO] [1749221647.816375510] [publish_wind_direction]: Publishing: "id200:W"
[publish_wind_direction-2] [INFO] [1749221648.044494638] [publish_wind_direction]: * Received from id136, wind direction N
[publish_wind_direction-2] [INFO] [1749221648.047450969] [publish_wind_direction]: Publisher, neighbours_by_id={'id193', 'id1193', 'id207', 'id151', 'id247'}
[publish_wind_direction-2] [INFO] [1749221652.131089937] [publish_wind_direction]: ***Cam angle= -254.46899659144745, vico ang deg= 43.39720145996954 Ground Truth= 148.92820486852207
[publish_wind_direction-2] [INFO] [1749221652.133512607] [publish_wind_direction]: Publisher, Neighbourhood size: 5
[publish_wind_direction-2] [INFO] [1749221652.135928144] [publish_wind_direction]: Decision Making Triggered
[publish_wind_direction-2] [INFO] [1749221652.138302239] [publish_wind_direction]: Publisher, Neighbours Opinion: 3
[publish_wind_direction-2] [INFO] [1749221652.140741526] [publish_wind_direction]: Inside Decision Making, neighbours opinion: {'id136': 'W', 'id155': 'W', 'id142': 'S'}
[publish_wind_direction-2] [INFO] [1749221652.143165326] [publish_wind_direction]: Inside Decision Making, social opinions: {'W': 2, 'S': 1}
[publish_wind_direction-2] [INFO] [1749221652.147905346] [publish_wind_direction]: Vicon Position= [334.83929443359375, 976.8995361328125]
[publish_wind_direction-2] [INFO] [1749221652.150451769] [publish_wind_direction]: Neighbourhood size: 7
[publish_wind_direction-2] [INFO] [1749221652.816376012] [publish_wind_direction]: Publishing: "id200:S"
[publish_wind_direction-2] [INFO] [1749221654.689740619] [publish_wind_direction]: * Received from id142, wind direction S
[publish_wind_direction-2] [INFO] [1749221654.692588666] [publish_wind_direction]: Publisher, neighbours_by_id={'id224', 'id236', 'id192', 'id142', 'id152', 'id137', 'id247'}
[publish_wind_direction-2] [INFO] [1749221658.539901892] [publish_wind_direction]: ***Cam angle= -189.7423537047774, vico ang deg= -280.90593971051555 Ground Truth= 249.35170658470702
[publish_wind_direction-2] [INFO] [1749221658.542340698] [publish_wind_direction]: Publisher, Neighbourhood size: 7
[publish_wind_direction-2] [INFO] [1749221658.544754050] [publish_wind_direction]: Decision Making Triggered
[publish_wind_direction-2] [INFO] [1749221658.547182092] [publish_wind_direction]: Publisher, Neighbours Opinion: 3
[publish_wind_direction-2] [INFO] [1749221658.549590627] [publish_wind_direction]: Inside Decision Making, neighbours opinion: {'id136': 'W', 'id155': 'W', 'id142': 'S'}
[publish_wind_direction-2] [INFO] [1749221658.552018558] [publish_wind_direction]: Inside Decision Making, social opinions: {'W': 2, 'S': 1}
[publish_wind_direction-2] [INFO] [1749221658.556783754] [publish_wind_direction]: Publishing: "id200:W"
[publish_wind_direction-2] [INFO] [1749221658.563810110] [publish_wind_direction]: Vicon Position= [334.83929443359375, 976.8995361328125]
[publish_wind_direction-2] [INFO] [1749221658.567649300] [publish_wind_direction]: Neighbourhood size: 7
[publish_wind_direction-2] [INFO] [1749221662.816415922] [publish_wind_direction]: Publishing: "id200:W"
[publish_wind_direction-2] [INFO] [1749221667.816523190] [publish_wind_direction]: Publishing: "id200:W"
[publish_wind_direction-2] [INFO] [1749221669.315845525] [publish_wind_direction]: Vicon Position= [336.4638366699219, 904.3936767578125]
[publish_wind_direction-2] [INFO] [1749221669.318576783] [publish_wind_direction]: Neighbourhood size: 8
[publish_wind_direction-2] [INFO] [1749221672.816681145] [publish_wind_direction]: Publishing: "id200:W"
[publish_wind_direction-2] [INFO] [1749221674.655353522] [publish_wind_direction]: Vicon Position= [317.2742919921875, 974.7434692382812]
[publish_wind_direction-2] [INFO] [1749221674.658092524] [publish_wind_direction]: Neighbourhood size: 6
[publish_wind_direction-2] [INFO] [1749221676.434601337] [publish_wind_direction]: Vicon Position= [314.58709716796875, 976.5394287109375]
[publish_wind_direction-2] [INFO] [1749221676.437372649] [publish_wind_direction]: Neighbourhood size: 6
[publish_wind_direction-2] [INFO] [1749221676.787277148] [publish_wind_direction]: * Received from id136, wind direction S
[publish_wind_direction-2] [INFO] [1749221676.790156818] [publish_wind_direction]: Publisher, neighbours_by_id={'id224', 'id236', 'id192', 'id142', 'id152', 'id137'}
[publish_wind_direction-2] [INFO] [1749221680.666369532] [publish_wind_direction]: ***Cam angle= -999.0, vico ang deg= -274.0530148316499 Ground Truth= 166.94698516835024
[publish_wind_direction-2] [INFO] [1749221680.668839943] [publish_wind_direction]: Publisher, Neighbourhood size: 6
[publish_wind_direction-2] [INFO] [1749221680.671235491] [publish_wind_direction]: Decision Making Triggered
[publish_wind_direction-2] [INFO] [1749221680.673579055] [publish_wind_direction]: Publisher, Neighbours Opinion: 3
[publish_wind_direction-2] [INFO] [1749221680.676000168] [publish_wind_direction]: Inside Decision Making, neighbours opinion: {'id136': 'W', 'id155': 'W', 'id142': 'S'}
[publish_wind_direction-2] [INFO] [1749221680.678369706] [publish_wind_direction]: Inside Decision Making, social opinions: {'W': 2, 'S': 1}
[publish_wind_direction-2] [INFO] [1749221680.682616672] [publish_wind_direction]: Publishing: "id200:S"
[publish_wind_direction-2] [INFO] [1749221680.686503864] [publish_wind_direction]: Vicon Position= [470.7085266113281, 1031.1309814453125]
[publish_wind_direction-2] [INFO] [1749221680.689201015] [publish_wind_direction]: Neighbourhood size: 6
[publish_wind_direction-2] [INFO] [1749221682.816575236] [publish_wind_direction]: Publishing: "id200:S"
[publish_wind_direction-2] [INFO] [1749221687.816350444] [publish_wind_direction]: Publishing: "id200:S"
[publish_wind_direction-2] [INFO] [1749221692.816388369] [publish_wind_direction]: Publishing: "id200:S"
[publish_wind_direction-2] [INFO] [1749221694.161323155] [publish_wind_direction]: * Received from id155, wind direction W
[publish_wind_direction-2] [INFO] [1749221694.164138837] [publish_wind_direction]: Publisher, neighbours_by_id={'id224', 'id236', 'id142', 'id152', 'id137', 'id247'}
[publish_wind_direction-2] [INFO] [1749221698.023288041] [publish_wind_direction]: ***Cam angle= -999.0, vico ang deg= -226.18791427686318 Ground Truth= 214.81208572313676
[publish_wind_direction-2] [INFO] [1749221698.026724771] [publish_wind_direction]: Publisher, Neighbourhood size: 6
[publish_wind_direction-2] [INFO] [1749221698.030133601] [publish_wind_direction]: Decision Making Triggered
[publish_wind_direction-2] [INFO] [1749221698.033527629] [publish_wind_direction]: Publisher, Neighbours Opinion: 3
[publish_wind_direction-2] [INFO] [1749221698.037164681] [publish_wind_direction]: Inside Decision Making, neighbours opinion: {'id136': 'W', 'id155': 'W', 'id142': 'S'}
[publish_wind_direction-2] [INFO] [1749221698.040569583] [publish_wind_direction]: Inside Decision Making, social opinions: {'W': 2, 'S': 1}
[publish_wind_direction-2] [INFO] [1749221698.046417627] [publish_wind_direction]: Publishing: "id200:S"
[publish_wind_direction-2] [INFO] [1749221702.816387577] [publish_wind_direction]: Publishing: "id200:S"
[publish_wind_direction-2] [INFO] [1749221707.816409977] [publish_wind_direction]: Publishing: "id200:S"
[publish_wind_direction-2] [INFO] [1749221712.816354901] [publish_wind_direction]: Publishing: "id200:S"
[publish_wind_direction-2] [INFO] [1749221717.816358312] [publish_wind_direction]: Publishing: "id200:S"
[publish_wind_direction-2] [INFO] [1749221720.927904019] [publish_wind_direction]: * Received from id136, wind direction N
[publish_wind_direction-2] [INFO] [1749221720.930574697] [publish_wind_direction]: Publisher, neighbours_by_id={'id224', 'id236', 'id142', 'id152', 'id137', 'id247'}
[publish_wind_direction-2] [INFO] [1749221724.829927371] [publish_wind_direction]: ***Cam angle= -114.51733809728412, vico ang deg= -226.18791427686318 Ground Truth= 19.294747625852665
[publish_wind_direction-2] [INFO] [1749221724.833414715] [publish_wind_direction]: Publisher, Neighbourhood size: 6
[publish_wind_direction-2] [INFO] [1749221724.836792384] [publish_wind_direction]: Decision Making Triggered
[publish_wind_direction-2] [INFO] [1749221724.840171757] [publish_wind_direction]: Publisher, Neighbours Opinion: 3
[publish_wind_direction-2] [INFO] [1749221724.843784985] [publish_wind_direction]: Inside Decision Making, neighbours opinion: {'id136': 'W', 'id155': 'W', 'id142': 'S'}
[publish_wind_direction-2] [INFO] [1749221724.847241575] [publish_wind_direction]: Inside Decision Making, social opinions: {'W': 2, 'S': 1}
[publish_wind_direction-2] [INFO] [1749221724.853136583] [publish_wind_direction]: Publishing: "id200:W"
[publish_wind_direction-2] [INFO] [1749221727.259651799] [publish_wind_direction]: * Received from id142, wind direction W
[publish_wind_direction-2] [INFO] [1749221727.262605815] [publish_wind_direction]: Publisher, neighbours_by_id={'id224', 'id236', 'id142', 'id152', 'id137', 'id247'}
[publish_wind_direction-2] [INFO] [1749221731.423953923] [publish_wind_direction]: ***Cam angle= -213.66971072215753, vico ang deg= -226.18791427686318 Ground Truth= 280.1423750009793
[publish_wind_direction-2] [INFO] [1749221731.427567281] [publish_wind_direction]: Publisher, Neighbourhood size: 6
[publish_wind_direction-2] [INFO] [1749221731.431073021] [publish_wind_direction]: Decision Making Triggered
[publish_wind_direction-2] [INFO] [1749221731.434553509] [publish_wind_direction]: Publisher, Neighbours Opinion: 3
[publish_wind_direction-2] [INFO] [1749221731.438334676] [publish_wind_direction]: Inside Decision Making, neighbours opinion: {'id136': 'W', 'id155': 'W', 'id142': 'W'}
[publish_wind_direction-2] [INFO] [1749221731.441870687] [publish_wind_direction]: Inside Decision Making, social opinions: {'W': 3}
[publish_wind_direction-2] [INFO] [1749221731.448112169] [publish_wind_direction]: Publishing: "id200:W"
[publish_wind_direction-2] [INFO] [1749221732.816355985] [publish_wind_direction]: Publishing: "id200:W"
[publish_wind_direction-2] [INFO] [1749221737.816328550] [publish_wind_direction]: Publishing: "id200:W"
[publish_wind_direction-2] [INFO] [1749221742.372999006] [publish_wind_direction]: * Received from id155, wind direction S
[publish_wind_direction-2] [INFO] [1749221742.375759906] [publish_wind_direction]: Publisher, neighbours_by_id={'id224', 'id236', 'id142', 'id152', 'id137', 'id247'}
[publish_wind_direction-2] [INFO] [1749221746.178156506] [publish_wind_direction]: ***Cam angle= -127.05543030741626, vico ang deg= -226.18791427686318 Ground Truth= 6.756655415720559
[publish_wind_direction-2] [INFO] [1749221746.180744484] [publish_wind_direction]: Publisher, Neighbourhood size: 6
[publish_wind_direction-2] [INFO] [1749221746.183123061] [publish_wind_direction]: Decision Making Triggered
[publish_wind_direction-2] [INFO] [1749221746.185468645] [publish_wind_direction]: Publisher, Neighbours Opinion: 3
[publish_wind_direction-2] [INFO] [1749221746.187904227] [publish_wind_direction]: Inside Decision Making, neighbours opinion: {'id136': 'W', 'id155': 'W', 'id142': 'W'}
[publish_wind_direction-2] [INFO] [1749221746.190284120] [publish_wind_direction]: Inside Decision Making, social opinions: {'W': 3}
[publish_wind_direction-2] [INFO] [1749221746.194490978] [publish_wind_direction]: Publishing: "id200:W"
[publish_wind_direction-2] [INFO] [1749221747.407590216] [publish_wind_direction]: Vicon Position= [241.309326171875, 1232.659912109375]
[publish_wind_direction-2] [INFO] [1749221747.410339538] [publish_wind_direction]: Neighbourhood size: 2
[publish_wind_direction-2] [INFO] [1749221747.816387727] [publish_wind_direction]: Publishing: "id200:W"
[publish_wind_direction-2] [INFO] [1749221752.816173086] [publish_wind_direction]: Publishing: "id200:W"
[publish_wind_direction-2] [INFO] [1749221757.816494886] [publish_wind_direction]: Publishing: "id200:W"
[publish_wind_direction-2] [INFO] [1749221761.293721485] [publish_wind_direction]: Vicon Position= [241.309326171875, 1232.659912109375]
[publish_wind_direction-2] [INFO] [1749221761.296498984] [publish_wind_direction]: Neighbourhood size: 2
[publish_wind_direction-2] [INFO] [1749221762.816467025] [publish_wind_direction]: Publishing: "id200:W"
[publish_wind_direction-2] [INFO] [1749221767.816523272] [publish_wind_direction]: Publishing: "id200:W"
[publish_wind_direction-2] [INFO] [1749221772.816389257] [publish_wind_direction]: Publishing: "id200:W"
[publish_wind_direction-2] [INFO] [1749221776.067324304] [publish_wind_direction]: * Received from id136, wind direction W
[publish_wind_direction-2] [INFO] [1749221776.070012174] [publish_wind_direction]: Publisher, neighbours_by_id={'id193', 'id155'}
[publish_wind_direction-2] [INFO] [1749221779.903610326] [publish_wind_direction]: ***Cam angle= -999.0, vico ang deg= -8.78664966102045 Ground Truth= 72.21335033897958
[publish_wind_direction-2] [INFO] [1749221779.906035442] [publish_wind_direction]: Publisher, Neighbourhood size: 2
[publish_wind_direction-2] [INFO] [1749221779.910122010] [publish_wind_direction]: Publishing: "id200:W"
[publish_wind_direction-2] [INFO] [1749221782.816395857] [publish_wind_direction]: Publishing: "id200:W"
[publish_wind_direction-2] [INFO] [1749221787.816153094] [publish_wind_direction]: Publishing: "id200:W"
[publish_wind_direction-2] [INFO] [1749221790.693964723] [publish_wind_direction]: Vicon Position= [241.309326171875, 1232.659912109375]
[publish_wind_direction-2] [INFO] [1749221790.696871812] [publish_wind_direction]: Neighbourhood size: 2
[publish_wind_direction-2] [INFO] [1749221792.816350732] [publish_wind_direction]: Publishing: "id200:W"
[publish_wind_direction-2] [INFO] [1749221793.937577350] [publish_wind_direction]: * Received from id155, wind direction N
[publish_wind_direction-2] [INFO] [1749221793.940323151] [publish_wind_direction]: Publisher, neighbours_by_id={'id193', 'id155'}
[publish_wind_direction-2] [INFO] [1749221797.845027167] [publish_wind_direction]: ***Cam angle= -71.73239901102724, vico ang deg= -8.78664966102045 Ground Truth= 279.4809513279523
[publish_wind_direction-2] [INFO] [1749221797.847508028] [publish_wind_direction]: Publisher, Neighbourhood size: 2
[publish_wind_direction-2] [INFO] [1749221797.851569308] [publish_wind_direction]: Publishing: "id200:W"
[publish_wind_direction-2] [INFO] [1749221797.855452442] [publish_wind_direction]: Vicon Position= [241.309326171875, 1232.659912109375]
[publish_wind_direction-2] [INFO] [1749221797.858009111] [publish_wind_direction]: Neighbourhood size: 2
[publish_wind_direction-2] [INFO] [1749221802.816490386] [publish_wind_direction]: Publishing: "id200:W"
[publish_wind_direction-2] [INFO] [1749221807.816447667] [publish_wind_direction]: Publishing: "id200:W"
[publish_wind_direction-2] [INFO] [1749221812.816377604] [publish_wind_direction]: Publishing: "id200:W"
[publish_wind_direction-2] [INFO] [1749221817.816361173] [publish_wind_direction]: Publishing: "id200:W"
[publish_wind_direction-2] [INFO] [1749221822.816367863] [publish_wind_direction]: Publishing: "id200:W"
[publish_wind_direction-2] [INFO] [1749221823.469269017] [publish_wind_direction]: Vicon Position= [241.309326171875, 1232.659912109375]
[publish_wind_direction-2] [INFO] [1749221823.471879670] [publish_wind_direction]: Neighbourhood size: 2
[publish_wind_direction-2] [INFO] [1749221825.578908233] [publish_wind_direction]: * Received from id155, wind direction N
[publish_wind_direction-2] [INFO] [1749221825.581615945] [publish_wind_direction]: Publisher, neighbours_by_id={'id193', 'id155'}
[publish_wind_direction-2] [INFO] [1749221829.704996788] [publish_wind_direction]: ***Cam angle= -218.29865937360168, vico ang deg= -8.78664966102045 Ground Truth= 132.91469096537787
[publish_wind_direction-2] [INFO] [1749221829.707564887] [publish_wind_direction]: Publisher, Neighbourhood size: 2
[publish_wind_direction-2] [INFO] [1749221829.711619461] [publish_wind_direction]: Publishing: "id200:W"
[publish_wind_direction-2] [INFO] [1749221829.715470934] [publish_wind_direction]: Vicon Position= [241.309326171875, 1232.659912109375]
[publish_wind_direction-2] [INFO] [1749221829.717984215] [publish_wind_direction]: Neighbourhood size: 2
[publish_wind_direction-2] [INFO] [1749221830.055094643] [publish_wind_direction]: * Received from id155, wind direction N
[publish_wind_direction-2] [INFO] [1749221830.057967829] [publish_wind_direction]: Publisher, neighbours_by_id={'id193', 'id155'}
[publish_wind_direction-2] [INFO] [1749221834.305189397] [publish_wind_direction]: ***Cam angle= -207.8147279386331, vico ang deg= -8.78664966102045 Ground Truth= 143.39862240034645
[publish_wind_direction-2] [INFO] [1749221834.307689951] [publish_wind_direction]: Publisher, Neighbourhood size: 2
[publish_wind_direction-2] [INFO] [1749221834.311763569] [publish_wind_direction]: Publishing: "id200:W"
[publish_wind_direction-2] [INFO] [1749221834.315585956] [publish_wind_direction]: Vicon Position= [241.309326171875, 1232.659912109375]
[publish_wind_direction-2] [INFO] [1749221834.317994268] [publish_wind_direction]: Neighbourhood size: 2
[publish_wind_direction-2] [INFO] [1749221834.321128931] [publish_wind_direction]: * Received from id142, wind direction W
[publish_wind_direction-2] [INFO] [1749221834.323625520] [publish_wind_direction]: Publisher, neighbours_by_id={'id193', 'id155'}
[publish_wind_direction-2] [INFO] [1749221838.458431341] [publish_wind_direction]: ***Cam angle= -211.95522730015162, vico ang deg= -8.78664966102045 Ground Truth= 139.25812303882793
[publish_wind_direction-2] [INFO] [1749221838.460811086] [publish_wind_direction]: Publisher, Neighbourhood size: 2
[publish_wind_direction-2] [INFO] [1749221838.464863288] [publish_wind_direction]: Publishing: "id200:W"
[publish_wind_direction-2] [INFO] [1749221838.467756853] [publish_wind_direction]: * Received from id136, wind direction W
[publish_wind_direction-2] [INFO] [1749221838.470177189] [publish_wind_direction]: Publisher, neighbours_by_id={'id193', 'id155'}
[publish_wind_direction-2] [INFO] [1749221842.269536461] [publish_wind_direction]: ***Cam angle= -999.0, vico ang deg= -8.78664966102045 Ground Truth= 72.21335033897958
[publish_wind_direction-2] [INFO] [1749221842.271972322] [publish_wind_direction]: Publisher, Neighbourhood size: 2
[publish_wind_direction-2] [INFO] [1749221842.816386510] [publish_wind_direction]: Publishing: "id200:W"
[publish_wind_direction-2] [INFO] [1749221844.680514547] [publish_wind_direction]: * Received from id155, wind direction N
[publish_wind_direction-2] [INFO] [1749221844.683354665] [publish_wind_direction]: Publisher, neighbours_by_id={'id193', 'id155'}
[publish_wind_direction-2] [INFO] [1749221848.401567603] [publish_wind_direction]: ***Cam angle= -246.96218805456135, vico ang deg= -8.78664966102045 Ground Truth= 104.2511622844182
[publish_wind_direction-2] [INFO] [1749221848.404016932] [publish_wind_direction]: Publisher, Neighbourhood size: 2
[publish_wind_direction-2] [INFO] [1749221848.408099295] [publish_wind_direction]: Publishing: "id200:W"
[publish_wind_direction-2] [INFO] [1749221848.822845056] [publish_wind_direction]: * Received from id155, wind direction N
[publish_wind_direction-2] [INFO] [1749221848.825550044] [publish_wind_direction]: Publisher, neighbours_by_id={'id193', 'id155'}
[publish_wind_direction-2] [INFO] [1749221852.961396213] [publish_wind_direction]: ***Cam angle= -999.0, vico ang deg= -8.78664966102045 Ground Truth= 72.21335033897958
[publish_wind_direction-2] [INFO] [1749221852.963855102] [publish_wind_direction]: Publisher, Neighbourhood size: 2
[publish_wind_direction-2] [INFO] [1749221852.967935649] [publish_wind_direction]: Publishing: "id200:W"
[publish_wind_direction-2] [INFO] [1749221852.971812002] [publish_wind_direction]: Vicon Position= [241.309326171875, 1232.659912109375]
[publish_wind_direction-2] [INFO] [1749221852.974668349] [publish_wind_direction]: Neighbourhood size: 2
[publish_wind_direction-2] [INFO] [1749221854.552118513] [publish_wind_direction]: Vicon Position= [241.309326171875, 1232.659912109375]
[publish_wind_direction-2] [INFO] [1749221854.554823705] [publish_wind_direction]: Neighbourhood size: 2
[publish_wind_direction-2] [INFO] [1749221856.902469790] [publish_wind_direction]: Vicon Position= [241.309326171875, 1232.659912109375]
[publish_wind_direction-2] [INFO] [1749221856.905462080] [publish_wind_direction]: Neighbourhood size: 2
[publish_wind_direction-2] [INFO] [1749221857.816353225] [publish_wind_direction]: Publishing: "id200:W"
[publish_wind_direction-2] [INFO] [1749221859.899130949] [publish_wind_direction]: Vicon Position= [241.309326171875, 1232.659912109375]
[publish_wind_direction-2] [INFO] [1749221859.902211238] [publish_wind_direction]: Neighbourhood size: 2
[publish_wind_direction-2] [INFO] [1749221862.816355450] [publish_wind_direction]: Publishing: "id200:W"
[publish_wind_direction-2] [INFO] [1749221867.816348561] [publish_wind_direction]: Publishing: "id200:W"
[publish_wind_direction-2] [INFO] [1749221872.816398898] [publish_wind_direction]: Publishing: "id200:W"
[publish_wind_direction-2] [INFO] [1749221877.503494941] [publish_wind_direction]: Vicon Position= [241.309326171875, 1232.659912109375]
[publish_wind_direction-2] [INFO] [1749221877.506351361] [publish_wind_direction]: Neighbourhood size: 2
[publish_wind_direction-2] [INFO] [1749221877.816359996] [publish_wind_direction]: Publishing: "id200:W"
[publish_wind_direction-2] [INFO] [1749221882.818428228] [publish_wind_direction]: Publishing: "id200:W"
[publish_wind_direction-2] [INFO] [1749221887.816601839] [publish_wind_direction]: Publishing: "id200:W"
[publish_wind_direction-2] [INFO] [1749221892.816300052] [publish_wind_direction]: Publishing: "id200:W"
[publish_wind_direction-2] [INFO] [1749221894.948711932] [publish_wind_direction]: Vicon Position= [241.309326171875, 1232.659912109375]
[publish_wind_direction-2] [INFO] [1749221894.952107683] [publish_wind_direction]: Neighbourhood size: 2
[publish_wind_direction-2] [INFO] [1749221897.075608441] [publish_wind_direction]: Vicon Position= [241.309326171875, 1232.659912109375]
[publish_wind_direction-2] [INFO] [1749221897.078413803] [publish_wind_direction]: Neighbourhood size: 2
[publish_wind_direction-2] [INFO] [1749221897.816364359] [publish_wind_direction]: Publishing: "id200:W"
[publish_wind_direction-2] [INFO] [1749221900.322062611] [publish_wind_direction]: * Received from id142, wind direction W
[publish_wind_direction-2] [INFO] [1749221900.325069463] [publish_wind_direction]: Publisher, neighbours_by_id={'id193', 'id155'}
[publish_wind_direction-2] [INFO] [1749221904.104063865] [publish_wind_direction]: ***Cam angle= -999.0, vico ang deg= -8.78664966102045 Ground Truth= 72.21335033897958
[publish_wind_direction-2] [INFO] [1749221904.106463822] [publish_wind_direction]: Publisher, Neighbourhood size: 2
[publish_wind_direction-2] [INFO] [1749221904.110541461] [publish_wind_direction]: Publishing: "id200:W"
[publish_wind_direction-2] [INFO] [1749221907.816369976] [publish_wind_direction]: Publishing: "id200:W"
[publish_wind_direction-2] [INFO] [1749221911.442840107] [publish_wind_direction]: Vicon Position= [241.309326171875, 1232.659912109375]
[publish_wind_direction-2] [INFO] [1749221911.445996167] [publish_wind_direction]: Neighbourhood size: 2
[publish_wind_direction-2] [INFO] [1749221912.816398953] [publish_wind_direction]: Publishing: "id200:W"
[publish_wind_direction-2] [INFO] [1749221915.072243262] [publish_wind_direction]: * Received from id136, wind direction N
[publish_wind_direction-2] [INFO] [1749221915.075053349] [publish_wind_direction]: Publisher, neighbours_by_id={'id193', 'id155'}
[publish_wind_direction-2] [INFO] [1749221918.930219749] [publish_wind_direction]: ***Cam angle= -184.44351236163513, vico ang deg= -8.78664966102045 Ground Truth= 166.76983797734442
[publish_wind_direction-2] [INFO] [1749221918.933623206] [publish_wind_direction]: Publisher, Neighbourhood size: 2
[publish_wind_direction-2] [INFO] [1749221918.939577701] [publish_wind_direction]: Publishing: "id200:W"
[publish_wind_direction-2] [INFO] [1749221918.945279722] [publish_wind_direction]: Vicon Position= [241.309326171875, 1232.659912109375]
[publish_wind_direction-2] [INFO] [1749221918.948958439] [publish_wind_direction]: Neighbourhood size: 2
[publish_wind_direction-2] [INFO] [1749221920.184539445] [publish_wind_direction]: * Received from id155, wind direction N
[publish_wind_direction-2] [INFO] [1749221920.187380730] [publish_wind_direction]: Publisher, neighbours_by_id={'id193', 'id155'}
[publish_wind_direction-2] [INFO] [1749221923.963167995] [publish_wind_direction]: ***Cam angle= -999.0, vico ang deg= -8.78664966102045 Ground Truth= 72.21335033897958
[publish_wind_direction-2] [INFO] [1749221923.966067507] [publish_wind_direction]: Publisher, Neighbourhood size: 2
[publish_wind_direction-2] [INFO] [1749221923.970127435] [publish_wind_direction]: Publishing: "id200:W"
[publish_wind_direction-2] [INFO] [1749221925.224017530] [publish_wind_direction]: Vicon Position= [241.309326171875, 1232.659912109375]
[publish_wind_direction-2] [INFO] [1749221925.226947888] [publish_wind_direction]: Neighbourhood size: 2
[publish_wind_direction-2] [INFO] [1749221927.816363223] [publish_wind_direction]: Publishing: "id200:W"
[publish_wind_direction-2] [INFO] [1749221930.154831171] [publish_wind_direction]: Vicon Position= [241.309326171875, 1232.659912109375]
[publish_wind_direction-2] [INFO] [1749221930.157939860] [publish_wind_direction]: Neighbourhood size: 2
[publish_wind_direction-2] [INFO] [1749221932.069302893] [publish_wind_direction]: * Received from id155, wind direction N
[publish_wind_direction-2] [INFO] [1749221932.072233399] [publish_wind_direction]: Publisher, neighbours_by_id={'id193', 'id155'}
[publish_wind_direction-2] [INFO] [1749221935.907125929] [publish_wind_direction]: ***Cam angle= -999.0, vico ang deg= -8.78664966102045 Ground Truth= 72.21335033897958
[publish_wind_direction-2] [INFO] [1749221935.910546875] [publish_wind_direction]: Publisher, Neighbourhood size: 2
[publish_wind_direction-2] [INFO] [1749221935.916444884] [publish_wind_direction]: Publishing: "id200:W"
[publish_wind_direction-2] [INFO] [1749221937.185528340] [publish_wind_direction]: Vicon Position= [241.309326171875, 1232.659912109375]
[publish_wind_direction-2] [INFO] [1749221937.188722305] [publish_wind_direction]: Neighbourhood size: 2
[publish_wind_direction-2] [INFO] [1749221937.816399131] [publish_wind_direction]: Publishing: "id200:W"
[publish_wind_direction-2] [INFO] [1749221938.969824985] [publish_wind_direction]: * Received from id136, wind direction W
[publish_wind_direction-2] [INFO] [1749221938.972566248] [publish_wind_direction]: Publisher, neighbours_by_id={'id193', 'id155'}
[publish_wind_direction-2] [INFO] [1749221942.841990035] [publish_wind_direction]: ***Cam angle= -999.0, vico ang deg= -8.78664966102045 Ground Truth= 72.21335033897958
[publish_wind_direction-2] [INFO] [1749221942.844449368] [publish_wind_direction]: Publisher, Neighbourhood size: 2
[publish_wind_direction-2] [INFO] [1749221942.848517022] [publish_wind_direction]: Publishing: "id200:W"
[publish_wind_direction-2] [INFO] [1749221942.852370143] [publish_wind_direction]: Vicon Position= [241.309326171875, 1232.659912109375]
[publish_wind_direction-2] [INFO] [1749221942.854889371] [publish_wind_direction]: Neighbourhood size: 2
[publish_wind_direction-2] [INFO] [1749221947.816378739] [publish_wind_direction]: Publishing: "id200:W"
[publish_wind_direction-2] [INFO] [1749221948.960710452] [publish_wind_direction]: * Received from id142, wind direction N
[publish_wind_direction-2] [INFO] [1749221948.963764953] [publish_wind_direction]: Publisher, neighbours_by_id={'id193', 'id155'}
[publish_wind_direction-2] [INFO] [1749221952.840135527] [publish_wind_direction]: ***Cam angle= -999.0, vico ang deg= -8.78664966102045 Ground Truth= 72.21335033897958
[publish_wind_direction-2] [INFO] [1749221952.842536243] [publish_wind_direction]: Publisher, Neighbourhood size: 2
[publish_wind_direction-2] [INFO] [1749221952.846592281] [publish_wind_direction]: Publishing: "id200:W"
[publish_wind_direction-2] [INFO] [1749221956.467178130] [publish_wind_direction]: Vicon Position= [241.309326171875, 1232.659912109375]
[publish_wind_direction-2] [INFO] [1749221956.470146448] [publish_wind_direction]: Neighbourhood size: 2
[publish_wind_direction-2] [INFO] [1749221957.816542569] [publish_wind_direction]: Publishing: "id200:W"
[publish_wind_direction-2] [INFO] [1749221959.356785758] [publish_wind_direction]: * Received from id142, wind direction W
[publish_wind_direction-2] [INFO] [1749221959.359602199] [publish_wind_direction]: Publisher, neighbours_by_id={'id193', 'id155'}
[publish_wind_direction-2] [INFO] [1749221963.176095732] [publish_wind_direction]: ***Cam angle= -999.0, vico ang deg= -8.78664966102045 Ground Truth= 72.21335033897958
[publish_wind_direction-2] [INFO] [1749221963.178495578] [publish_wind_direction]: Publisher, Neighbourhood size: 2
[publish_wind_direction-2] [INFO] [1749221963.182549930] [publish_wind_direction]: Publishing: "id200:W"
[publish_wind_direction-2] [INFO] [1749221967.277882484] [publish_wind_direction]: * Received from id192, wind direction E
[publish_wind_direction-2] [INFO] [1749221967.280766823] [publish_wind_direction]: Publisher, neighbours_by_id={'id193', 'id155'}
[publish_wind_direction-2] [INFO] [1749221971.448716467] [publish_wind_direction]: ***Cam angle= -999.0, vico ang deg= -8.78664966102045 Ground Truth= 72.21335033897958
[publish_wind_direction-2] [INFO] [1749221971.451215871] [publish_wind_direction]: Publisher, Neighbourhood size: 2
[publish_wind_direction-2] [INFO] [1749221971.455261775] [publish_wind_direction]: Publishing: "id200:W"
[publish_wind_direction-2] [INFO] [1749221971.459124771] [publish_wind_direction]: Vicon Position= [241.309326171875, 1232.659912109375]
[publish_wind_direction-2] [INFO] [1749221971.461897898] [publish_wind_direction]: Neighbourhood size: 2
[publish_wind_direction-2] [INFO] [1749221972.816717980] [publish_wind_direction]: Publishing: "id200:W"
[publish_wind_direction-2] [INFO] [1749221973.381687875] [publish_wind_direction]: Vicon Position= [241.309326171875, 1232.659912109375]
[publish_wind_direction-2] [INFO] [1749221973.384503223] [publish_wind_direction]: Neighbourhood size: 2
[publish_wind_direction-2] [INFO] [1749221977.816533019] [publish_wind_direction]: Publishing: "id200:W"
[publish_wind_direction-2] [INFO] [1749221982.816517978] [publish_wind_direction]: Publishing: "id200:W"
[publish_wind_direction-2] [INFO] [1749221987.816522686] [publish_wind_direction]: Publishing: "id200:W"
[publish_wind_direction-2] [INFO] [1749221987.949385652] [publish_wind_direction]: * Received from id136, wind direction W
[publish_wind_direction-2] [INFO] [1749221987.952316009] [publish_wind_direction]: Publisher, neighbours_by_id={'id193', 'id155'}
[publish_wind_direction-2] [INFO] [1749221991.753471586] [publish_wind_direction]: ***Cam angle= 44.127969548995594, vico ang deg= -8.78664966102045 Ground Truth= 35.341319887975146
[publish_wind_direction-2] [INFO] [1749221991.755960838] [publish_wind_direction]: Publisher, Neighbourhood size: 2
[publish_wind_direction-2] [INFO] [1749221992.816509868] [publish_wind_direction]: Publishing: "id200:W"
[publish_wind_direction-2] [INFO] [1749221994.947751402] [publish_wind_direction]: Vicon Position= [241.309326171875, 1232.659912109375]
[publish_wind_direction-2] [INFO] [1749221994.950718515] [publish_wind_direction]: Neighbourhood size: 2
[publish_wind_direction-2] [INFO] [1749221997.816518318] [publish_wind_direction]: Publishing: "id200:W"
[publish_wind_direction-2] [INFO] [1749222000.425717250] [publish_wind_direction]: * Received from id136, wind direction N
[publish_wind_direction-2] [INFO] [1749222000.429101755] [publish_wind_direction]: Publisher, neighbours_by_id={'id193', 'id155'}
[publish_wind_direction-2] [INFO] [1749222004.482941796] [publish_wind_direction]: ***Cam angle= -191.21227435958627, vico ang deg= -8.78664966102045 Ground Truth= 160.00107597939328
[publish_wind_direction-2] [INFO] [1749222004.485307536] [publish_wind_direction]: Publisher, Neighbourhood size: 2
[publish_wind_direction-2] [INFO] [1749222004.489367964] [publish_wind_direction]: Publishing: "id200:W"
[publish_wind_direction-2] [INFO] [1749222007.816349513] [publish_wind_direction]: Publishing: "id200:W"
[publish_wind_direction-2] [INFO] [1749222011.500553480] [publish_wind_direction]: * Received from id136, wind direction N
[publish_wind_direction-2] [INFO] [1749222011.503276068] [publish_wind_direction]: Publisher, neighbours_by_id={'id193', 'id155'}
[publish_wind_direction-2] [INFO] [1749222015.355499531] [publish_wind_direction]: ***Cam angle= -189.47017586317207, vico ang deg= -8.78664966102045 Ground Truth= 161.74317447580748
[publish_wind_direction-2] [INFO] [1749222015.358993155] [publish_wind_direction]: Publisher, Neighbourhood size: 2
[publish_wind_direction-2] [INFO] [1749222015.365005376] [publish_wind_direction]: Publishing: "id200:W"
[publish_wind_direction-2] [INFO] [1749222015.811115701] [publish_wind_direction]: Vicon Position= [241.309326171875, 1232.659912109375]
[publish_wind_direction-2] [INFO] [1749222015.814065881] [publish_wind_direction]: Neighbourhood size: 2
[publish_wind_direction-2] [INFO] [1749222017.816417545] [publish_wind_direction]: Publishing: "id200:W"
[publish_wind_direction-2] [INFO] [1749222019.779186565] [publish_wind_direction]: Vicon Position= [241.309326171875, 1232.659912109375]
[publish_wind_direction-2] [INFO] [1749222019.782028406] [publish_wind_direction]: Neighbourhood size: 2
[publish_wind_direction-2] [INFO] [1749222022.816410897] [publish_wind_direction]: Publishing: "id200:W"
[publish_wind_direction-2] [INFO] [1749222027.816314378] [publish_wind_direction]: Publishing: "id200:W"
[publish_wind_direction-2] [INFO] [1749222028.048785405] [publish_wind_direction]: Vicon Position= [241.309326171875, 1232.659912109375]
[publish_wind_direction-2] [INFO] [1749222028.051576872] [publish_wind_direction]: Neighbourhood size: 2
[publish_wind_direction-2] [INFO] [1749222031.098268218] [publish_wind_direction]: * Received from id142, wind direction W
[publish_wind_direction-2] [INFO] [1749222031.101183329] [publish_wind_direction]: Publisher, neighbours_by_id={'id193', 'id155'}
[publish_wind_direction-2] [INFO] [1749222035.083666385] [publish_wind_direction]: ***Cam angle= -151.6963768327635, vico ang deg= -8.78664966102045 Ground Truth= 199.51697350621606
[publish_wind_direction-2] [INFO] [1749222035.087130979] [publish_wind_direction]: Publisher, Neighbourhood size: 2
[publish_wind_direction-2] [INFO] [1749222035.093040936] [publish_wind_direction]: Publishing: "id200:W"
[publish_wind_direction-2] [INFO] [1749222037.816378335] [publish_wind_direction]: Publishing: "id200:W"
[publish_wind_direction-2] [INFO] [1749222042.816310272] [publish_wind_direction]: Publishing: "id200:W"
[publish_wind_direction-2] [INFO] [1749222047.816406443] [publish_wind_direction]: Publishing: "id200:W"
[publish_wind_direction-2] [INFO] [1749222052.816354091] [publish_wind_direction]: Publishing: "id200:W"
[publish_wind_direction-2] [INFO] [1749222057.816421880] [publish_wind_direction]: Publishing: "id200:W"
[publish_wind_direction-2] [INFO] [1749222062.816361598] [publish_wind_direction]: Publishing: "id200:W"
[publish_wind_direction-2] [INFO] [1749222063.472836204] [publish_wind_direction]: * Received from id142, wind direction W
[publish_wind_direction-2] [INFO] [1749222063.475675043] [publish_wind_direction]: Publisher, neighbours_by_id={'id193', 'id155'}
[publish_wind_direction-2] [INFO] [1749222067.300056801] [publish_wind_direction]: ***Cam angle= -200.52685359556722, vico ang deg= -8.78664966102045 Ground Truth= 150.68649674341233
[publish_wind_direction-2] [INFO] [1749222067.302453145] [publish_wind_direction]: Publisher, Neighbourhood size: 2
[publish_wind_direction-2] [INFO] [1749222067.816400598] [publish_wind_direction]: Publishing: "id200:W"
[publish_wind_direction-2] [INFO] [1749222070.669097890] [publish_wind_direction]: * Received from id192, wind direction W
[publish_wind_direction-2] [INFO] [1749222070.672281332] [publish_wind_direction]: Publisher, neighbours_by_id={'id193', 'id155'}
[publish_wind_direction-2] [INFO] [1749222074.477648787] [publish_wind_direction]: ***Cam angle= -999.0, vico ang deg= -8.78664966102045 Ground Truth= 72.21335033897958
[publish_wind_direction-2] [INFO] [1749222074.480111159] [publish_wind_direction]: Publisher, Neighbourhood size: 2
[publish_wind_direction-2] [INFO] [1749222074.483757456] [publish_wind_direction]: Raising exception
[publish_wind_direction-2] [INFO] [1749222074.486350343] [publish_wind_direction]: Publisher stopping, exception
[INFO] [publish_wind_direction-2]: process has finished cleanly [pid 843]
[random_robot_move-1] [INFO] [1749222082.515997708] [random_robot_move]: Exception, shutting down
