[INFO] [launch]: All log files can be found below /home/thymio/.ros/log/2025-06-04-14-37-28-465560-thymio-822
[INFO] [launch]: Default logging verbosity is set to INFO
[INFO] [random_robot_move-1]: process started with pid [846]
[INFO] [publish_wind_direction-2]: process started with pid [848]
[publish_wind_direction-2] /usr/lib/python3/dist-packages/scipy/__init__.py:146: UserWarning: A NumPy version >=1.17.3 and <1.25.0 is required for this version of SciPy (detected version 1.26.4
[publish_wind_direction-2]   warnings.warn(f"A NumPy version >={np_minversion} and <{np_maxversion}"
[random_robot_move-1] [INFO] [1749047855.384301178] [random_robot_move]: Robot Control Node started.
[publish_wind_direction-2] [INFO] [1749047947.166337403] [publish_wind_direction]: Publishing: "id136:W"
[publish_wind_direction-2] [INFO] [1749047947.170412585] [publish_wind_direction]: Neighbourhood size: 0
[publish_wind_direction-2] [INFO] [1749047951.635308106] [publish_wind_direction]: ***Cam angle= -999.0, vico ang deg= 0.0 Ground Truth= 81.0
[publish_wind_direction-2] [INFO] [1749047951.637847008] [publish_wind_direction]: ***Corrected Wind Direction= W
[publish_wind_direction-2] [INFO] [1749047951.641714379] [publish_wind_direction]: Publishing: "id136:W"
[publish_wind_direction-2] [INFO] [1749047955.536907118] [publish_wind_direction]: ***Cam angle= -999.0, vico ang deg= 0.0 Ground Truth= 81.0
[publish_wind_direction-2] [INFO] [1749047955.539352688] [publish_wind_direction]: ***Corrected Wind Direction= W
[publish_wind_direction-2] [INFO] [1749047955.543200245] [publish_wind_direction]: Publishing: "id136:W"
[publish_wind_direction-2] [INFO] [1749047955.546262921] [publish_wind_direction]: Neighbourhood size: 0
[publish_wind_direction-2] [INFO] [1749047959.461808968] [publish_wind_direction]: ***Cam angle= 27.09935018205006, vico ang deg= 0.0 Ground Truth= 27.09935018205006
[publish_wind_direction-2] [INFO] [1749047959.464283520] [publish_wind_direction]: ***Corrected Wind Direction= N
[publish_wind_direction-2] [INFO] [1749047959.468208633] [publish_wind_direction]: Publishing: "id136:W"
[publish_wind_direction-2] [INFO] [1749047963.766607483] [publish_wind_direction]: ***Cam angle= 41.682067111062395, vico ang deg= 0.0 Ground Truth= 41.682067111062395
[publish_wind_direction-2] [INFO] [1749047963.769065406] [publish_wind_direction]: ***Corrected Wind Direction= N
[publish_wind_direction-2] [INFO] [1749047963.772943224] [publish_wind_direction]: Publishing: "id136:W"
[publish_wind_direction-2] [INFO] [1749047963.775945013] [publish_wind_direction]: Neighbourhood size: 0
[publish_wind_direction-2] [INFO] [1749047968.048633471] [publish_wind_direction]: ***Cam angle= 37.92526632403106, vico ang deg= 0.0 Ground Truth= 37.92526632403106
[publish_wind_direction-2] [INFO] [1749047968.052164885] [publish_wind_direction]: ***Corrected Wind Direction= N
[publish_wind_direction-2] [INFO] [1749047968.057744301] [publish_wind_direction]: Publishing: "id136:W"
[publish_wind_direction-2] [INFO] [1749047971.812365360] [publish_wind_direction]: ***Cam angle= 45.73049598188675, vico ang deg= 0.0 Ground Truth= 45.73049598188675
[publish_wind_direction-2] [INFO] [1749047971.814837599] [publish_wind_direction]: ***Corrected Wind Direction= W
[publish_wind_direction-2] [INFO] [1749047972.459313566] [publish_wind_direction]: Publishing: "id136:W"
[publish_wind_direction-2] [INFO] [1749047976.318937726] [publish_wind_direction]: ***Cam angle= 46.34551964176728, vico ang deg= 0.0 Ground Truth= 46.34551964176728
[publish_wind_direction-2] [INFO] [1749047976.321412872] [publish_wind_direction]: ***Corrected Wind Direction= W
[publish_wind_direction-2] [INFO] [1749047977.459442461] [publish_wind_direction]: Publishing: "id136:W"
[publish_wind_direction-2] [INFO] [1749047981.369976345] [publish_wind_direction]: ***Cam angle= -999.0, vico ang deg= 0.0 Ground Truth= 81.0
[publish_wind_direction-2] [INFO] [1749047981.373524446] [publish_wind_direction]: ***Corrected Wind Direction= W
[publish_wind_direction-2] [INFO] [1749047982.459350704] [publish_wind_direction]: Publishing: "id136:W"
[publish_wind_direction-2] [INFO] [1749047986.308885335] [publish_wind_direction]: ***Cam angle= 27.67175816286536, vico ang deg= 0.0 Ground Truth= 27.67175816286536
[publish_wind_direction-2] [INFO] [1749047986.311302686] [publish_wind_direction]: ***Corrected Wind Direction= N
[publish_wind_direction-2] [INFO] [1749047987.459384542] [publish_wind_direction]: Publishing: "id136:W"
[publish_wind_direction-2] [INFO] [1749047991.353002247] [publish_wind_direction]: ***Cam angle= 8.382698870445012, vico ang deg= 0.0 Ground Truth= 8.382698870445012
[publish_wind_direction-2] [INFO] [1749047991.355435802] [publish_wind_direction]: ***Corrected Wind Direction= N
[publish_wind_direction-2] [INFO] [1749047992.459343964] [publish_wind_direction]: Publishing: "id136:W"
[publish_wind_direction-2] [INFO] [1749047996.391141988] [publish_wind_direction]: ***Cam angle= -999.0, vico ang deg= 0.0 Ground Truth= 81.0
[publish_wind_direction-2] [INFO] [1749047996.393571284] [publish_wind_direction]: ***Corrected Wind Direction= W
[publish_wind_direction-2] [INFO] [1749047997.459186161] [publish_wind_direction]: Publishing: "id136:W"
[publish_wind_direction-2] [INFO] [1749048001.407202986] [publish_wind_direction]: ***Cam angle= 82.03156918272836, vico ang deg= 0.0 Ground Truth= 82.03156918272836
[publish_wind_direction-2] [INFO] [1749048001.409631227] [publish_wind_direction]: ***Corrected Wind Direction= W
[publish_wind_direction-2] [INFO] [1749048002.459359090] [publish_wind_direction]: Publishing: "id136:W"
[publish_wind_direction-2] [INFO] [1749048006.894288189] [publish_wind_direction]: ***Cam angle= -999.0, vico ang deg= 0.0 Ground Truth= 81.0
[publish_wind_direction-2] [INFO] [1749048006.896721300] [publish_wind_direction]: ***Corrected Wind Direction= W
[publish_wind_direction-2] [INFO] [1749048007.459381025] [publish_wind_direction]: Publishing: "id136:W"
[publish_wind_direction-2] [INFO] [1749048011.355847865] [publish_wind_direction]: ***Cam angle= -999.0, vico ang deg= 0.0 Ground Truth= 81.0
[publish_wind_direction-2] [INFO] [1749048011.359428320] [publish_wind_direction]: ***Corrected Wind Direction= W
[publish_wind_direction-2] [INFO] [1749048012.459291205] [publish_wind_direction]: Publishing: "id136:W"
[publish_wind_direction-2] [INFO] [1749048016.671265890] [publish_wind_direction]: ***Cam angle= 31.250681070705653, vico ang deg= 0.0 Ground Truth= 31.250681070705653
[publish_wind_direction-2] [INFO] [1749048016.676182799] [publish_wind_direction]: ***Corrected Wind Direction= N
[publish_wind_direction-2] [INFO] [1749048017.459281676] [publish_wind_direction]: Publishing: "id136:W"
[publish_wind_direction-2] [INFO] [1749048021.660591694] [publish_wind_direction]: ***Cam angle= 47.04384293048798, vico ang deg= 0.0 Ground Truth= 47.04384293048798
[publish_wind_direction-2] [INFO] [1749048021.663006250] [publish_wind_direction]: ***Corrected Wind Direction= W
[publish_wind_direction-2] [INFO] [1749048022.459384120] [publish_wind_direction]: Publishing: "id136:W"
[publish_wind_direction-2] [INFO] [1749048026.512962294] [publish_wind_direction]: ***Cam angle= -999.0, vico ang deg= 0.0 Ground Truth= 81.0
[publish_wind_direction-2] [INFO] [1749048026.515417795] [publish_wind_direction]: ***Corrected Wind Direction= W
[publish_wind_direction-2] [INFO] [1749048027.459334615] [publish_wind_direction]: Publishing: "id136:W"
[publish_wind_direction-2] [INFO] [1749048031.618475530] [publish_wind_direction]: ***Cam angle= -999.0, vico ang deg= 0.0 Ground Truth= 81.0
[publish_wind_direction-2] [INFO] [1749048031.620906197] [publish_wind_direction]: ***Corrected Wind Direction= W
[publish_wind_direction-2] [INFO] [1749048032.459357112] [publish_wind_direction]: Publishing: "id136:W"
[publish_wind_direction-2] [INFO] [1749048036.575070519] [publish_wind_direction]: ***Cam angle= -999.0, vico ang deg= 0.0 Ground Truth= 81.0
[publish_wind_direction-2] [INFO] [1749048036.577535057] [publish_wind_direction]: ***Corrected Wind Direction= W
[publish_wind_direction-2] [INFO] [1749048037.459395105] [publish_wind_direction]: Publishing: "id136:W"
[publish_wind_direction-2] [INFO] [1749048041.560507869] [publish_wind_direction]: ***Cam angle= -999.0, vico ang deg= 0.0 Ground Truth= 81.0
[publish_wind_direction-2] [INFO] [1749048041.563010777] [publish_wind_direction]: ***Corrected Wind Direction= W
[publish_wind_direction-2] [INFO] [1749048042.459416240] [publish_wind_direction]: Publishing: "id136:W"
[publish_wind_direction-2] [INFO] [1749048046.194140382] [publish_wind_direction]: ***Cam angle= 16.532917130500806, vico ang deg= 0.0 Ground Truth= 16.532917130500806
[publish_wind_direction-2] [INFO] [1749048046.196586142] [publish_wind_direction]: ***Corrected Wind Direction= N
[publish_wind_direction-2] [INFO] [1749048047.459441443] [publish_wind_direction]: Publishing: "id136:W"
[publish_wind_direction-2] [INFO] [1749048051.521719889] [publish_wind_direction]: ***Cam angle= 9.1664222895904, vico ang deg= 0.0 Ground Truth= 9.1664222895904
[publish_wind_direction-2] [INFO] [1749048051.525217327] [publish_wind_direction]: ***Corrected Wind Direction= N
[publish_wind_direction-2] [INFO] [1749048052.459246533] [publish_wind_direction]: Publishing: "id136:W"
[publish_wind_direction-2] [INFO] [1749048056.704560580] [publish_wind_direction]: ***Cam angle= -999.0, vico ang deg= 0.0 Ground Truth= 81.0
[publish_wind_direction-2] [INFO] [1749048056.706949970] [publish_wind_direction]: ***Corrected Wind Direction= W
[publish_wind_direction-2] [INFO] [1749048057.459421846] [publish_wind_direction]: Publishing: "id136:W"
[publish_wind_direction-2] [INFO] [1749048061.545549886] [publish_wind_direction]: ***Cam angle= 29.820269330710204, vico ang deg= 0.0 Ground Truth= 29.820269330710204
[publish_wind_direction-2] [INFO] [1749048061.548036609] [publish_wind_direction]: ***Corrected Wind Direction= N
[publish_wind_direction-2] [INFO] [1749048062.459556335] [publish_wind_direction]: Publishing: "id136:W"
[publish_wind_direction-2] [INFO] [1749048066.598124139] [publish_wind_direction]: ***Cam angle= 43.00866413775867, vico ang deg= 0.0 Ground Truth= 43.00866413775867
[publish_wind_direction-2] [INFO] [1749048066.600738713] [publish_wind_direction]: ***Corrected Wind Direction= N
[publish_wind_direction-2] [INFO] [1749048067.459521974] [publish_wind_direction]: Publishing: "id136:W"
[publish_wind_direction-2] [INFO] [1749048071.681145465] [publish_wind_direction]: ***Cam angle= 36.63955301803772, vico ang deg= 0.0 Ground Truth= 36.63955301803772
[publish_wind_direction-2] [INFO] [1749048071.684622292] [publish_wind_direction]: ***Corrected Wind Direction= N
[publish_wind_direction-2] [INFO] [1749048072.459321421] [publish_wind_direction]: Publishing: "id136:W"
[publish_wind_direction-2] [INFO] [1749048076.619330997] [publish_wind_direction]: ***Cam angle= 32.18789804515667, vico ang deg= 0.0 Ground Truth= 32.18789804515667
[publish_wind_direction-2] [INFO] [1749048076.621894349] [publish_wind_direction]: ***Corrected Wind Direction= N
[publish_wind_direction-2] [INFO] [1749048076.625648415] [publish_wind_direction]: Neighbourhood size: 0
[publish_wind_direction-2] [INFO] [1749048077.459131927] [publish_wind_direction]: Publishing: "id136:W"
[publish_wind_direction-2] [INFO] [1749048081.743315998] [publish_wind_direction]: ***Cam angle= -96.06393994858527, vico ang deg= 0.0 Ground Truth= 263.93606005141476
[publish_wind_direction-2] [INFO] [1749048081.745678518] [publish_wind_direction]: ***Corrected Wind Direction= E
[publish_wind_direction-2] [INFO] [1749048082.459276539] [publish_wind_direction]: Publishing: "id136:W"
[publish_wind_direction-2] [INFO] [1749048086.727577934] [publish_wind_direction]: ***Cam angle= -999.0, vico ang deg= 0.0 Ground Truth= 81.0
[publish_wind_direction-2] [INFO] [1749048086.730023491] [publish_wind_direction]: ***Corrected Wind Direction= W
[publish_wind_direction-2] [INFO] [1749048086.733704594] [publish_wind_direction]: Neighbourhood size: 0
[publish_wind_direction-2] [INFO] [1749048087.459563365] [publish_wind_direction]: Publishing: "id136:W"
[publish_wind_direction-2] [INFO] [1749048091.693254714] [publish_wind_direction]: ***Cam angle= -999.0, vico ang deg= 0.0 Ground Truth= 81.0
[publish_wind_direction-2] [INFO] [1749048091.695670993] [publish_wind_direction]: ***Corrected Wind Direction= W
[publish_wind_direction-2] [INFO] [1749048092.459472348] [publish_wind_direction]: Publishing: "id136:W"
[publish_wind_direction-2] [INFO] [1749048096.564362522] [publish_wind_direction]: ***Cam angle= 8.877428403236038, vico ang deg= 0.0 Ground Truth= 8.877428403236038
[publish_wind_direction-2] [INFO] [1749048096.566764708] [publish_wind_direction]: ***Corrected Wind Direction= N
[publish_wind_direction-2] [INFO] [1749048096.570464737] [publish_wind_direction]: Neighbourhood size: 0
[publish_wind_direction-2] [INFO] [1749048097.459632684] [publish_wind_direction]: Publishing: "id136:W"
[publish_wind_direction-2] [INFO] [1749048101.373579899] [publish_wind_direction]: ***Cam angle= -999.0, vico ang deg= 0.0 Ground Truth= 81.0
[publish_wind_direction-2] [INFO] [1749048101.376063881] [publish_wind_direction]: ***Corrected Wind Direction= W
[publish_wind_direction-2] [INFO] [1749048102.459323487] [publish_wind_direction]: Publishing: "id136:W"
[publish_wind_direction-2] [INFO] [1749048106.331222402] [publish_wind_direction]: ***Cam angle= 59.585848190579725, vico ang deg= 0.0 Ground Truth= 59.585848190579725
[publish_wind_direction-2] [INFO] [1749048106.334702803] [publish_wind_direction]: ***Corrected Wind Direction= W
[publish_wind_direction-2] [INFO] [1749048106.340002247] [publish_wind_direction]: Neighbourhood size: 0
[publish_wind_direction-2] [INFO] [1749048107.459748374] [publish_wind_direction]: Publishing: "id136:W"
[publish_wind_direction-2] [INFO] [1749048111.269546741] [publish_wind_direction]: ***Cam angle= -999.0, vico ang deg= 0.0 Ground Truth= 81.0
[publish_wind_direction-2] [INFO] [1749048111.271954557] [publish_wind_direction]: ***Corrected Wind Direction= W
[publish_wind_direction-2] [INFO] [1749048112.459366299] [publish_wind_direction]: Publishing: "id136:W"
[publish_wind_direction-2] [INFO] [1749048116.220154264] [publish_wind_direction]: ***Cam angle= -999.0, vico ang deg= 0.0 Ground Truth= 81.0
[publish_wind_direction-2] [INFO] [1749048116.222523099] [publish_wind_direction]: ***Corrected Wind Direction= W
[publish_wind_direction-2] [INFO] [1749048116.226188461] [publish_wind_direction]: Neighbourhood size: 0
[publish_wind_direction-2] [INFO] [1749048117.459229825] [publish_wind_direction]: Publishing: "id136:W"
[publish_wind_direction-2] [INFO] [1749048121.404318469] [publish_wind_direction]: ***Cam angle= 17.035204698037347, vico ang deg= 0.0 Ground Truth= 17.035204698037347
[publish_wind_direction-2] [INFO] [1749048121.406748063] [publish_wind_direction]: ***Corrected Wind Direction= N
[publish_wind_direction-2] [INFO] [1749048122.459362323] [publish_wind_direction]: Publishing: "id136:W"
[publish_wind_direction-2] [INFO] [1749048126.381749783] [publish_wind_direction]: ***Cam angle= -999.0, vico ang deg= 0.0 Ground Truth= 81.0
[publish_wind_direction-2] [INFO] [1749048126.384192062] [publish_wind_direction]: ***Corrected Wind Direction= W
[publish_wind_direction-2] [INFO] [1749048126.387847592] [publish_wind_direction]: Neighbourhood size: 0
[publish_wind_direction-2] [INFO] [1749048127.459221368] [publish_wind_direction]: Publishing: "id136:W"
[publish_wind_direction-2] [INFO] [1749048131.725993887] [publish_wind_direction]: ***Cam angle= -999.0, vico ang deg= 0.0 Ground Truth= 81.0
[publish_wind_direction-2] [INFO] [1749048131.728412222] [publish_wind_direction]: ***Corrected Wind Direction= W
[publish_wind_direction-2] [INFO] [1749048132.459365159] [publish_wind_direction]: Publishing: "id136:W"
[publish_wind_direction-2] [INFO] [1749048136.158811528] [publish_wind_direction]: ***Cam angle= 17.796240864070512, vico ang deg= 0.0 Ground Truth= 17.796240864070512
[publish_wind_direction-2] [INFO] [1749048136.161255455] [publish_wind_direction]: ***Corrected Wind Direction= N
[publish_wind_direction-2] [INFO] [1749048136.164932392] [publish_wind_direction]: Neighbourhood size: 0
[publish_wind_direction-2] [INFO] [1749048137.458881830] [publish_wind_direction]: Publishing: "id136:W"
[publish_wind_direction-2] [INFO] [1749048141.355460062] [publish_wind_direction]: ***Cam angle= 62.56265262944561, vico ang deg= 0.0 Ground Truth= 62.56265262944561
[publish_wind_direction-2] [INFO] [1749048141.358876871] [publish_wind_direction]: ***Corrected Wind Direction= W
[publish_wind_direction-2] [INFO] [1749048142.241421881] [publish_wind_direction]: Neighbourhood size: 0
[publish_wind_direction-2] [INFO] [1749048142.459299890] [publish_wind_direction]: Publishing: "id136:W"
[publish_wind_direction-2] [INFO] [1749048146.301776417] [publish_wind_direction]: ***Cam angle= -999.0, vico ang deg= 0.0 Ground Truth= 81.0
[publish_wind_direction-2] [INFO] [1749048146.304303547] [publish_wind_direction]: ***Corrected Wind Direction= W
[publish_wind_direction-2] [INFO] [1749048147.459190549] [publish_wind_direction]: Publishing: "id136:W"
[publish_wind_direction-2] [INFO] [1749048151.461660240] [publish_wind_direction]: ***Cam angle= -999.0, vico ang deg= 0.0 Ground Truth= 81.0
[publish_wind_direction-2] [INFO] [1749048151.465196474] [publish_wind_direction]: ***Corrected Wind Direction= W
[publish_wind_direction-2] [INFO] [1749048151.470424696] [publish_wind_direction]: Neighbourhood size: 0
[publish_wind_direction-2] [INFO] [1749048152.459046010] [publish_wind_direction]: Publishing: "id136:W"
[publish_wind_direction-2] [INFO] [1749048156.349992346] [publish_wind_direction]: ***Cam angle= -999.0, vico ang deg= 0.0 Ground Truth= 81.0
[publish_wind_direction-2] [INFO] [1749048156.352308108] [publish_wind_direction]: ***Corrected Wind Direction= W
[publish_wind_direction-2] [INFO] [1749048157.459145249] [publish_wind_direction]: Raising exception
[publish_wind_direction-2] [INFO] [1749048157.461933100] [publish_wind_direction]: Publisher stopping, exception
[INFO] [publish_wind_direction-2]: process has finished cleanly [pid 848]
[random_robot_move-1] [INFO] [1749048162.467767283] [random_robot_move]: Exception, shutting down
