[INFO] [launch]: All log files can be found below /home/thymio/.ros/log/2025-06-06-15-22-56-583741-thymio-818
[INFO] [launch]: Default logging verbosity is set to INFO
[INFO] [random_robot_move-1]: process started with pid [840]
[INFO] [publish_wind_direction-2]: process started with pid [842]
[publish_wind_direction-2] /usr/lib/python3/dist-packages/scipy/__init__.py:146: UserWarning: A NumPy version >=1.17.3 and <1.25.0 is required for this version of SciPy (detected version 1.26.4
[publish_wind_direction-2]   warnings.warn(f"A NumPy version >={np_minversion} and <{np_maxversion}"
[publish_wind_direction-2] [INFO] [1749223380.560767195] [publish_wind_direction]: Physical Ip=134.34.225.137, id=id137
[publish_wind_direction-2] [INFO] [1749223380.598130559] [publish_wind_direction]: Subscribed to: vicon/default/data
[random_robot_move-1] [INFO] [1749223383.490349506] [random_robot_move]: Robot Control Node started.
[publish_wind_direction-2] [INFO] [1749223385.586446472] [publish_wind_direction]: Publishing: "id137:W"
[publish_wind_direction-2] [INFO] [1749223390.586079369] [publish_wind_direction]: Publishing: "id137:W"
[publish_wind_direction-2] [INFO] [1749223395.586257416] [publish_wind_direction]: Publishing: "id137:W"
[publish_wind_direction-2] [INFO] [1749223400.586729104] [publish_wind_direction]: Publishing: "id137:W"
[publish_wind_direction-2] [INFO] [1749223405.586341294] [publish_wind_direction]: Publishing: "id137:W"
[publish_wind_direction-2] [INFO] [1749223410.586214569] [publish_wind_direction]: Publishing: "id137:W"
[publish_wind_direction-2] [INFO] [1749223415.586000360] [publish_wind_direction]: Publishing: "id137:W"
[publish_wind_direction-2] [INFO] [1749223420.586009430] [publish_wind_direction]: Publishing: "id137:W"
[publish_wind_direction-2] [INFO] [1749223425.586029714] [publish_wind_direction]: Publishing: "id137:W"
[publish_wind_direction-2] [INFO] [1749223430.586076022] [publish_wind_direction]: Publishing: "id137:W"
[publish_wind_direction-2] [INFO] [1749223435.585856276] [publish_wind_direction]: Publishing: "id137:W"
[publish_wind_direction-2] [INFO] [1749223440.586159078] [publish_wind_direction]: Publishing: "id137:W"
[publish_wind_direction-2] [INFO] [1749223445.586187350] [publish_wind_direction]: Publishing: "id137:W"
[publish_wind_direction-2] [INFO] [1749223450.586145718] [publish_wind_direction]: Publishing: "id137:W"
[publish_wind_direction-2] [INFO] [1749223455.586250879] [publish_wind_direction]: Publishing: "id137:W"
[publish_wind_direction-2] [INFO] [1749223460.586180931] [publish_wind_direction]: Publishing: "id137:W"
[publish_wind_direction-2] [INFO] [1749223465.586073501] [publish_wind_direction]: Publishing: "id137:W"
[publish_wind_direction-2] [INFO] [1749223470.586189135] [publish_wind_direction]: Publishing: "id137:W"
[publish_wind_direction-2] [INFO] [1749223475.586109071] [publish_wind_direction]: Publishing: "id137:W"
[publish_wind_direction-2] [INFO] [1749223480.586183907] [publish_wind_direction]: Publishing: "id137:W"
[publish_wind_direction-2] [INFO] [1749223485.586190022] [publish_wind_direction]: Publishing: "id137:W"
[publish_wind_direction-2] [INFO] [1749223490.586158279] [publish_wind_direction]: Publishing: "id137:W"
[publish_wind_direction-2] [INFO] [1749223495.586127302] [publish_wind_direction]: Publishing: "id137:W"
[publish_wind_direction-2] [INFO] [1749223500.586346529] [publish_wind_direction]: Publishing: "id137:W"
[publish_wind_direction-2] [INFO] [1749223505.586356668] [publish_wind_direction]: Publishing: "id137:W"
[publish_wind_direction-2] [INFO] [1749223510.586022233] [publish_wind_direction]: Publishing: "id137:W"
[publish_wind_direction-2] [INFO] [1749223515.586313205] [publish_wind_direction]: Publishing: "id137:W"
[publish_wind_direction-2] [INFO] [1749223520.586188517] [publish_wind_direction]: Publishing: "id137:W"
[publish_wind_direction-2] [INFO] [1749223525.586139979] [publish_wind_direction]: Publishing: "id137:W"
[publish_wind_direction-2] [INFO] [1749223530.586238126] [publish_wind_direction]: Publishing: "id137:W"
[publish_wind_direction-2] [INFO] [1749223535.586314400] [publish_wind_direction]: Publishing: "id137:W"
[publish_wind_direction-2] [INFO] [1749223540.586113281] [publish_wind_direction]: Publishing: "id137:W"
[publish_wind_direction-2] [INFO] [1749223545.586064461] [publish_wind_direction]: Publishing: "id137:W"
[publish_wind_direction-2] [INFO] [1749223550.586072059] [publish_wind_direction]: Publishing: "id137:W"
[publish_wind_direction-2] [INFO] [1749223555.586126706] [publish_wind_direction]: Publishing: "id137:W"
[publish_wind_direction-2] [INFO] [1749223560.586035500] [publish_wind_direction]: Publishing: "id137:W"
[publish_wind_direction-2] [INFO] [1749223565.586130359] [publish_wind_direction]: Publishing: "id137:W"
[publish_wind_direction-2] [INFO] [1749223570.586155833] [publish_wind_direction]: Publishing: "id137:W"
[publish_wind_direction-2] [INFO] [1749223575.586168534] [publish_wind_direction]: Publishing: "id137:W"
[publish_wind_direction-2] [INFO] [1749223580.586155940] [publish_wind_direction]: Publishing: "id137:W"
[publish_wind_direction-2] [INFO] [1749223585.586160809] [publish_wind_direction]: Publishing: "id137:W"
[publish_wind_direction-2] [INFO] [1749223590.586164108] [publish_wind_direction]: Publishing: "id137:W"
[publish_wind_direction-2] [INFO] [1749223595.586145056] [publish_wind_direction]: Publishing: "id137:W"
[publish_wind_direction-2] [INFO] [1749223600.586201155] [publish_wind_direction]: Publishing: "id137:W"
[publish_wind_direction-2] [INFO] [1749223605.586258456] [publish_wind_direction]: Publishing: "id137:W"
[publish_wind_direction-2] [INFO] [1749223610.586153628] [publish_wind_direction]: Publishing: "id137:W"
[publish_wind_direction-2] [INFO] [1749223615.586949578] [publish_wind_direction]: Publishing: "id137:W"
[publish_wind_direction-2] [INFO] [1749223620.586126872] [publish_wind_direction]: Publishing: "id137:W"
[publish_wind_direction-2] [INFO] [1749223625.586137465] [publish_wind_direction]: Publishing: "id137:W"
[publish_wind_direction-2] [INFO] [1749223630.585936542] [publish_wind_direction]: Publishing: "id137:W"
[publish_wind_direction-2] [INFO] [1749223635.586013200] [publish_wind_direction]: Publishing: "id137:W"
[publish_wind_direction-2] [INFO] [1749223640.585992105] [publish_wind_direction]: Publishing: "id137:W"
[publish_wind_direction-2] [INFO] [1749223645.586038450] [publish_wind_direction]: Publishing: "id137:W"
[publish_wind_direction-2] [INFO] [1749223650.586024228] [publish_wind_direction]: Publishing: "id137:W"
[publish_wind_direction-2] [INFO] [1749223655.586035352] [publish_wind_direction]: Publishing: "id137:W"
[publish_wind_direction-2] [INFO] [1749223660.586026076] [publish_wind_direction]: Publishing: "id137:W"
[publish_wind_direction-2] [INFO] [1749223665.586073459] [publish_wind_direction]: Publishing: "id137:W"
[publish_wind_direction-2] [INFO] [1749223670.586098682] [publish_wind_direction]: Publishing: "id137:W"
[publish_wind_direction-2] [INFO] [1749223675.586028154] [publish_wind_direction]: Publishing: "id137:W"
[publish_wind_direction-2] [INFO] [1749223680.586046151] [publish_wind_direction]: Publishing: "id137:W"
[publish_wind_direction-2] [INFO] [1749223685.586005378] [publish_wind_direction]: Publishing: "id137:W"
[publish_wind_direction-2] [INFO] [1749223690.586114829] [publish_wind_direction]: Publishing: "id137:W"
[publish_wind_direction-2] [INFO] [1749223695.586041039] [publish_wind_direction]: Publishing: "id137:W"
[publish_wind_direction-2] [INFO] [1749223700.585991003] [publish_wind_direction]: Publishing: "id137:W"
[publish_wind_direction-2] [INFO] [1749223705.586011038] [publish_wind_direction]: Publishing: "id137:W"
[publish_wind_direction-2] [INFO] [1749223710.586014751] [publish_wind_direction]: Publishing: "id137:W"
[publish_wind_direction-2] [INFO] [1749223715.585979388] [publish_wind_direction]: Publishing: "id137:W"
[publish_wind_direction-2] [INFO] [1749223720.586006446] [publish_wind_direction]: Publishing: "id137:W"
[publish_wind_direction-2] [INFO] [1749223725.586018848] [publish_wind_direction]: Publishing: "id137:W"
[publish_wind_direction-2] [INFO] [1749223730.586186976] [publish_wind_direction]: Publishing: "id137:W"
[publish_wind_direction-2] [INFO] [1749223735.586021678] [publish_wind_direction]: Publishing: "id137:W"
[publish_wind_direction-2] [INFO] [1749223740.586027095] [publish_wind_direction]: Publishing: "id137:W"
[publish_wind_direction-2] [INFO] [1749223745.586025860] [publish_wind_direction]: Publishing: "id137:W"
[publish_wind_direction-2] [INFO] [1749223750.586046952] [publish_wind_direction]: Publishing: "id137:W"
[publish_wind_direction-2] [INFO] [1749223755.586067432] [publish_wind_direction]: Publishing: "id137:W"
[publish_wind_direction-2] [INFO] [1749223760.585889943] [publish_wind_direction]: Publishing: "id137:W"
[publish_wind_direction-2] [INFO] [1749223765.585870292] [publish_wind_direction]: Publishing: "id137:W"
[publish_wind_direction-2] [INFO] [1749223770.585869261] [publish_wind_direction]: Publishing: "id137:W"
[publish_wind_direction-2] [INFO] [1749223775.585900709] [publish_wind_direction]: Publishing: "id137:W"
[publish_wind_direction-2] [INFO] [1749223780.586013810] [publish_wind_direction]: Publishing: "id137:W"
[publish_wind_direction-2] [INFO] [1749223785.586070030] [publish_wind_direction]: Publishing: "id137:W"
[publish_wind_direction-2] [INFO] [1749223790.585995389] [publish_wind_direction]: Publishing: "id137:W"
[publish_wind_direction-2] [INFO] [1749223795.585905054] [publish_wind_direction]: Publishing: "id137:W"
[publish_wind_direction-2] [INFO] [1749223800.586879733] [publish_wind_direction]: Publishing: "id137:W"
[publish_wind_direction-2] [INFO] [1749223805.586020904] [publish_wind_direction]: Publishing: "id137:W"
[publish_wind_direction-2] [INFO] [1749223810.585969496] [publish_wind_direction]: Publishing: "id137:W"
[publish_wind_direction-2] [INFO] [1749223815.586086191] [publish_wind_direction]: Publishing: "id137:W"
[publish_wind_direction-2] [INFO] [1749223820.585908609] [publish_wind_direction]: Publishing: "id137:W"
[publish_wind_direction-2] [INFO] [1749223825.585887642] [publish_wind_direction]: Publishing: "id137:W"
[publish_wind_direction-2] [INFO] [1749223830.585929244] [publish_wind_direction]: Publishing: "id137:W"
[publish_wind_direction-2] [INFO] [1749223835.585900311] [publish_wind_direction]: Publishing: "id137:W"
[publish_wind_direction-2] [INFO] [1749223840.585902504] [publish_wind_direction]: Publishing: "id137:W"
[publish_wind_direction-2] [INFO] [1749223845.585905772] [publish_wind_direction]: Publishing: "id137:W"
[publish_wind_direction-2] [INFO] [1749223850.585884083] [publish_wind_direction]: Publishing: "id137:W"
[publish_wind_direction-2] [INFO] [1749223855.586110425] [publish_wind_direction]: Publishing: "id137:W"
[publish_wind_direction-2] [INFO] [1749223860.586192158] [publish_wind_direction]: Publishing: "id137:W"
[publish_wind_direction-2] [INFO] [1749223865.585875729] [publish_wind_direction]: Publishing: "id137:W"
[publish_wind_direction-2] [INFO] [1749223870.586016936] [publish_wind_direction]: Publishing: "id137:W"
[publish_wind_direction-2] [INFO] [1749223875.586027615] [publish_wind_direction]: Publishing: "id137:W"
[publish_wind_direction-2] [INFO] [1749223880.585984971] [publish_wind_direction]: Publishing: "id137:W"
[publish_wind_direction-2] [INFO] [1749223885.586294447] [publish_wind_direction]: Publishing: "id137:W"
[publish_wind_direction-2] [INFO] [1749223890.585892549] [publish_wind_direction]: Publishing: "id137:W"
[publish_wind_direction-2] [INFO] [1749223895.585974542] [publish_wind_direction]: Publishing: "id137:W"
[publish_wind_direction-2] [INFO] [1749223900.585925135] [publish_wind_direction]: Publishing: "id137:W"
[publish_wind_direction-2] [INFO] [1749223905.585937685] [publish_wind_direction]: Publishing: "id137:W"
[publish_wind_direction-2] [INFO] [1749223910.585827878] [publish_wind_direction]: Publishing: "id137:W"
[publish_wind_direction-2] [INFO] [1749223915.585881801] [publish_wind_direction]: Publishing: "id137:W"
[publish_wind_direction-2] [INFO] [1749223920.585893517] [publish_wind_direction]: Publishing: "id137:W"
[publish_wind_direction-2] [INFO] [1749223925.585892320] [publish_wind_direction]: Publishing: "id137:W"
[publish_wind_direction-2] [INFO] [1749223930.585899979] [publish_wind_direction]: Publishing: "id137:W"
[publish_wind_direction-2] [INFO] [1749223935.585895317] [publish_wind_direction]: Publishing: "id137:W"
[publish_wind_direction-2] [INFO] [1749223940.585894935] [publish_wind_direction]: Publishing: "id137:W"
[publish_wind_direction-2] [INFO] [1749223945.585942391] [publish_wind_direction]: Publishing: "id137:W"
[publish_wind_direction-2] [INFO] [1749223950.585888834] [publish_wind_direction]: Publishing: "id137:W"
[publish_wind_direction-2] [INFO] [1749223955.585964601] [publish_wind_direction]: Publishing: "id137:W"
[publish_wind_direction-2] [INFO] [1749223960.585863687] [publish_wind_direction]: Publishing: "id137:W"
[publish_wind_direction-2] [INFO] [1749223965.587090715] [publish_wind_direction]: Publishing: "id137:W"
[publish_wind_direction-2] [INFO] [1749223970.586091982] [publish_wind_direction]: Publishing: "id137:W"
[publish_wind_direction-2] [INFO] [1749223975.585905321] [publish_wind_direction]: Publishing: "id137:W"
[publish_wind_direction-2] [INFO] [1749223980.585866791] [publish_wind_direction]: Publishing: "id137:W"
[publish_wind_direction-2] [INFO] [1749223985.585858664] [publish_wind_direction]: Publishing: "id137:W"
[publish_wind_direction-2] [INFO] [1749223990.585855039] [publish_wind_direction]: Publishing: "id137:W"
[publish_wind_direction-2] [INFO] [1749223995.585914483] [publish_wind_direction]: Publishing: "id137:W"
[publish_wind_direction-2] [INFO] [1749224000.585870616] [publish_wind_direction]: Publishing: "id137:W"
[publish_wind_direction-2] [INFO] [1749224005.585963058] [publish_wind_direction]: Publishing: "id137:W"
[publish_wind_direction-2] [INFO] [1749224010.585950503] [publish_wind_direction]: Publishing: "id137:W"
[publish_wind_direction-2] [INFO] [1749224015.585990308] [publish_wind_direction]: Publishing: "id137:W"
[publish_wind_direction-2] [INFO] [1749224020.586006064] [publish_wind_direction]: Publishing: "id137:W"
[publish_wind_direction-2] [INFO] [1749224025.585903538] [publish_wind_direction]: Publishing: "id137:W"
[publish_wind_direction-2] [INFO] [1749224030.586041465] [publish_wind_direction]: Publishing: "id137:W"
[publish_wind_direction-2] [INFO] [1749224035.585708954] [publish_wind_direction]: Publishing: "id137:W"
[publish_wind_direction-2] [INFO] [1749224040.585884215] [publish_wind_direction]: Publishing: "id137:W"
[publish_wind_direction-2] [INFO] [1749224045.585984106] [publish_wind_direction]: Publishing: "id137:W"
[publish_wind_direction-2] [INFO] [1749224050.585859958] [publish_wind_direction]: Publishing: "id137:W"
[publish_wind_direction-2] [INFO] [1749224055.585865245] [publish_wind_direction]: Publishing: "id137:W"
[publish_wind_direction-2] [INFO] [1749224060.585884595] [publish_wind_direction]: Publishing: "id137:W"
[publish_wind_direction-2] [INFO] [1749224065.585872263] [publish_wind_direction]: Publishing: "id137:W"
[publish_wind_direction-2] [INFO] [1749224070.585940970] [publish_wind_direction]: Publishing: "id137:W"
[publish_wind_direction-2] [INFO] [1749224075.585991447] [publish_wind_direction]: Publishing: "id137:W"
[publish_wind_direction-2] [INFO] [1749224080.585953991] [publish_wind_direction]: Publishing: "id137:W"
[publish_wind_direction-2] [INFO] [1749224085.586007117] [publish_wind_direction]: Publishing: "id137:W"
[publish_wind_direction-2] [INFO] [1749224090.589660449] [publish_wind_direction]: Publishing: "id137:W"
[publish_wind_direction-2] [INFO] [1749224095.586048207] [publish_wind_direction]: Publishing: "id137:W"
[publish_wind_direction-2] [INFO] [1749224100.585888115] [publish_wind_direction]: Publishing: "id137:W"
[publish_wind_direction-2] [INFO] [1749224105.585888066] [publish_wind_direction]: Publishing: "id137:W"
[publish_wind_direction-2] [INFO] [1749224110.586187612] [publish_wind_direction]: Publishing: "id137:W"
[publish_wind_direction-2] [INFO] [1749224115.586129682] [publish_wind_direction]: Publishing: "id137:W"
[publish_wind_direction-2] [INFO] [1749224120.586332365] [publish_wind_direction]: Publishing: "id137:W"
[publish_wind_direction-2] [INFO] [1749224125.586099125] [publish_wind_direction]: Publishing: "id137:W"
[publish_wind_direction-2] [INFO] [1749224130.586080901] [publish_wind_direction]: Publishing: "id137:W"
[publish_wind_direction-2] [INFO] [1749224135.586223164] [publish_wind_direction]: Publishing: "id137:W"
[publish_wind_direction-2] [INFO] [1749224140.586245571] [publish_wind_direction]: Publishing: "id137:W"
[publish_wind_direction-2] [INFO] [1749224145.585825442] [publish_wind_direction]: Publishing: "id137:W"
[publish_wind_direction-2] [INFO] [1749224150.586197172] [publish_wind_direction]: Publishing: "id137:W"
[publish_wind_direction-2] [INFO] [1749224155.586160494] [publish_wind_direction]: Publishing: "id137:W"
[publish_wind_direction-2] [INFO] [1749224160.585952489] [publish_wind_direction]: Publishing: "id137:W"
[publish_wind_direction-2] [INFO] [1749224165.586108074] [publish_wind_direction]: Publishing: "id137:W"
[publish_wind_direction-2] [INFO] [1749224170.585870277] [publish_wind_direction]: Publishing: "id137:W"
[publish_wind_direction-2] [INFO] [1749224175.585909285] [publish_wind_direction]: Publishing: "id137:W"
[publish_wind_direction-2] [INFO] [1749224180.585860249] [publish_wind_direction]: Publishing: "id137:W"
[publish_wind_direction-2] [INFO] [1749224185.585840764] [publish_wind_direction]: Publishing: "id137:W"
[publish_wind_direction-2] [INFO] [1749224190.585863486] [publish_wind_direction]: Publishing: "id137:W"
[publish_wind_direction-2] [INFO] [1749224195.585860955] [publish_wind_direction]: Publishing: "id137:W"
[publish_wind_direction-2] [INFO] [1749224200.585869133] [publish_wind_direction]: Publishing: "id137:W"
[publish_wind_direction-2] [INFO] [1749224205.586090769] [publish_wind_direction]: Publishing: "id137:W"
[publish_wind_direction-2] [INFO] [1749224210.586020333] [publish_wind_direction]: Publishing: "id137:W"
[publish_wind_direction-2] [INFO] [1749224215.585986360] [publish_wind_direction]: Publishing: "id137:W"
[publish_wind_direction-2] [INFO] [1749224220.586031464] [publish_wind_direction]: Publishing: "id137:W"
[publish_wind_direction-2] [INFO] [1749224225.586020409] [publish_wind_direction]: Publishing: "id137:W"
[publish_wind_direction-2] [INFO] [1749224230.586084856] [publish_wind_direction]: Publishing: "id137:W"
[publish_wind_direction-2] [INFO] [1749224235.586024370] [publish_wind_direction]: Publishing: "id137:W"
[publish_wind_direction-2] [INFO] [1749224240.585997697] [publish_wind_direction]: Publishing: "id137:W"
[publish_wind_direction-2] [INFO] [1749224245.585918256] [publish_wind_direction]: Publishing: "id137:W"
[publish_wind_direction-2] [INFO] [1749224250.585920338] [publish_wind_direction]: Publishing: "id137:W"
[publish_wind_direction-2] [INFO] [1749224255.585883605] [publish_wind_direction]: Publishing: "id137:W"
[publish_wind_direction-2] [INFO] [1749224260.585897767] [publish_wind_direction]: Publishing: "id137:W"
[publish_wind_direction-2] [INFO] [1749224265.585876782] [publish_wind_direction]: Publishing: "id137:W"
[publish_wind_direction-2] [INFO] [1749224270.585891074] [publish_wind_direction]: Publishing: "id137:W"
[publish_wind_direction-2] [INFO] [1749224275.586187303] [publish_wind_direction]: Publishing: "id137:W"
[publish_wind_direction-2] [INFO] [1749224280.585885992] [publish_wind_direction]: Publishing: "id137:W"
[publish_wind_direction-2] [INFO] [1749224285.585663129] [publish_wind_direction]: Raising exception
[publish_wind_direction-2] [INFO] [1749224285.588471625] [publish_wind_direction]: Publisher stopping, exception
[INFO] [publish_wind_direction-2]: process has finished cleanly [pid 842]
[random_robot_move-1] [INFO] [1749224292.531262652] [random_robot_move]: Exception, shutting down
