[INFO] [launch]: All log files can be found below /home/thymio/.ros/log/2025-06-04-15-20-17-617250-thymio-820
[INFO] [launch]: Default logging verbosity is set to INFO
[INFO] [random_robot_move-1]: process started with pid [870]
[INFO] [publish_wind_direction-2]: process started with pid [872]
[publish_wind_direction-2] /usr/lib/python3/dist-packages/scipy/__init__.py:146: UserWarning: A NumPy version >=1.17.3 and <1.25.0 is required for this version of SciPy (detected version 1.26.4
[publish_wind_direction-2]   warnings.warn(f"A NumPy version >={np_minversion} and <{np_maxversion}"
[random_robot_move-1] [INFO] [1749050422.470397578] [random_robot_move]: Robot Control Node started.
[publish_wind_direction-2] [INFO] [1749050426.578346854] [publish_wind_direction]: Publishing: "id1193:N"
[publish_wind_direction-2] [INFO] [1749050431.140871721] [publish_wind_direction]: ***Cam angle= 0.4782515939375003, vico ang deg= 0.0 Ground Truth= 0.4782515939375003
[publish_wind_direction-2] [INFO] [1749050431.143428777] [publish_wind_direction]: ***Corrected Wind Direction= N
[publish_wind_direction-2] [INFO] [1749050431.451863295] [publish_wind_direction]: Publishing: "id1193:N"
[publish_wind_direction-2] [INFO] [1749050435.267405163] [publish_wind_direction]: ***Cam angle= -41.610402633815625, vico ang deg= 0.0 Ground Truth= 318.3895973661844
[publish_wind_direction-2] [INFO] [1749050435.270427534] [publish_wind_direction]: ***Corrected Wind Direction= N
[publish_wind_direction-2] [INFO] [1749050436.447640237] [publish_wind_direction]: Publishing: "id1193:N"
[publish_wind_direction-2] [INFO] [1749050440.564619605] [publish_wind_direction]: ***Cam angle= -26.1260092850679, vico ang deg= 0.0 Ground Truth= 333.8739907149321
[publish_wind_direction-2] [INFO] [1749050440.567069142] [publish_wind_direction]: ***Corrected Wind Direction= N
[publish_wind_direction-2] [INFO] [1749050441.446132141] [publish_wind_direction]: Publishing: "id1193:N"
[publish_wind_direction-2] [INFO] [1749050445.259773972] [publish_wind_direction]: ***Cam angle= 2.1827550423206077, vico ang deg= 0.0 Ground Truth= 2.1827550423206077
[publish_wind_direction-2] [INFO] [1749050445.262433380] [publish_wind_direction]: ***Corrected Wind Direction= N
[publish_wind_direction-2] [INFO] [1749050446.446298435] [publish_wind_direction]: Publishing: "id1193:N"
[publish_wind_direction-2] [INFO] [1749050450.360230747] [publish_wind_direction]: ***Cam angle= 46.196808443158574, vico ang deg= 0.0 Ground Truth= 46.196808443158574
[publish_wind_direction-2] [INFO] [1749050450.363208506] [publish_wind_direction]: ***Corrected Wind Direction= W
[publish_wind_direction-2] [INFO] [1749050451.445985598] [publish_wind_direction]: Publishing: "id1193:N"
[publish_wind_direction-2] [INFO] [1749050455.318344781] [publish_wind_direction]: ***Cam angle= 12.65977325519502, vico ang deg= 0.0 Ground Truth= 12.65977325519502
[publish_wind_direction-2] [INFO] [1749050455.321758318] [publish_wind_direction]: ***Corrected Wind Direction= N
[publish_wind_direction-2] [INFO] [1749050456.445987725] [publish_wind_direction]: Publishing: "id1193:N"
[publish_wind_direction-2] [INFO] [1749050460.254896297] [publish_wind_direction]: ***Cam angle= -105.39994777804148, vico ang deg= 0.0 Ground Truth= 254.60005222195852
[publish_wind_direction-2] [INFO] [1749050460.257386204] [publish_wind_direction]: ***Corrected Wind Direction= E
[publish_wind_direction-2] [INFO] [1749050461.445860500] [publish_wind_direction]: Publishing: "id1193:N"
[publish_wind_direction-2] [INFO] [1749050465.482664682] [publish_wind_direction]: ***Cam angle= -5.482553460295634, vico ang deg= 0.0 Ground Truth= 354.51744653970434
[publish_wind_direction-2] [INFO] [1749050465.485091757] [publish_wind_direction]: ***Corrected Wind Direction= N
[publish_wind_direction-2] [INFO] [1749050466.445828645] [publish_wind_direction]: Publishing: "id1193:N"
[publish_wind_direction-2] [INFO] [1749050470.116536883] [publish_wind_direction]: ***Cam angle= -999.0, vico ang deg= 0.0 Ground Truth= 81.0
[publish_wind_direction-2] [INFO] [1749050470.118948217] [publish_wind_direction]: ***Corrected Wind Direction= W
[publish_wind_direction-2] [INFO] [1749050471.446130901] [publish_wind_direction]: Publishing: "id1193:N"
[publish_wind_direction-2] [INFO] [1749050475.428979454] [publish_wind_direction]: ***Cam angle= -0.13352839031485075, vico ang deg= 0.0 Ground Truth= 359.86647160968516
[publish_wind_direction-2] [INFO] [1749050475.431369880] [publish_wind_direction]: ***Corrected Wind Direction= N
[publish_wind_direction-2] [INFO] [1749050476.445954991] [publish_wind_direction]: Publishing: "id1193:N"
[publish_wind_direction-2] [INFO] [1749050480.093194359] [publish_wind_direction]: ***Cam angle= -18.131695778644854, vico ang deg= 0.0 Ground Truth= 341.8683042213552
[publish_wind_direction-2] [INFO] [1749050480.095613211] [publish_wind_direction]: ***Corrected Wind Direction= N
[publish_wind_direction-2] [INFO] [1749050481.445962951] [publish_wind_direction]: Publishing: "id1193:N"
[publish_wind_direction-2] [INFO] [1749050485.167370263] [publish_wind_direction]: ***Cam angle= -33.93064498628195, vico ang deg= 0.0 Ground Truth= 326.06935501371805
[publish_wind_direction-2] [INFO] [1749050485.170431523] [publish_wind_direction]: ***Corrected Wind Direction= N
[publish_wind_direction-2] [INFO] [1749050486.445934503] [publish_wind_direction]: Publishing: "id1193:N"
[publish_wind_direction-2] [INFO] [1749050490.124490094] [publish_wind_direction]: ***Cam angle= 24.759351441523137, vico ang deg= 0.0 Ground Truth= 24.759351441523137
[publish_wind_direction-2] [INFO] [1749050490.126912020] [publish_wind_direction]: ***Corrected Wind Direction= N
[publish_wind_direction-2] [INFO] [1749050491.445973519] [publish_wind_direction]: Publishing: "id1193:N"
[publish_wind_direction-2] [INFO] [1749050495.424868035] [publish_wind_direction]: ***Cam angle= -999.0, vico ang deg= 0.0 Ground Truth= 81.0
[publish_wind_direction-2] [INFO] [1749050495.428467313] [publish_wind_direction]: ***Corrected Wind Direction= W
[publish_wind_direction-2] [INFO] [1749050496.445832164] [publish_wind_direction]: Publishing: "id1193:N"
[publish_wind_direction-2] [INFO] [1749050500.177446069] [publish_wind_direction]: ***Cam angle= -999.0, vico ang deg= 0.0 Ground Truth= 81.0
[publish_wind_direction-2] [INFO] [1749050500.180892273] [publish_wind_direction]: ***Corrected Wind Direction= W
[publish_wind_direction-2] [INFO] [1749050501.445837087] [publish_wind_direction]: Publishing: "id1193:N"
[publish_wind_direction-2] [INFO] [1749050505.403553844] [publish_wind_direction]: ***Cam angle= 22.155409950352833, vico ang deg= 0.0 Ground Truth= 22.155409950352833
[publish_wind_direction-2] [INFO] [1749050505.407071918] [publish_wind_direction]: ***Corrected Wind Direction= N
[publish_wind_direction-2] [INFO] [1749050506.445937084] [publish_wind_direction]: Publishing: "id1193:N"
[publish_wind_direction-2] [INFO] [1749050510.164978100] [publish_wind_direction]: ***Cam angle= 24.869462150623733, vico ang deg= 0.0 Ground Truth= 24.869462150623733
[publish_wind_direction-2] [INFO] [1749050510.168450526] [publish_wind_direction]: ***Corrected Wind Direction= N
[publish_wind_direction-2] [INFO] [1749050511.446404192] [publish_wind_direction]: Publishing: "id1193:N"
[publish_wind_direction-2] [INFO] [1749050515.296631986] [publish_wind_direction]: ***Cam angle= -32.882884443408976, vico ang deg= 0.0 Ground Truth= 327.11711555659105
[publish_wind_direction-2] [INFO] [1749050515.299075671] [publish_wind_direction]: ***Corrected Wind Direction= N
[publish_wind_direction-2] [INFO] [1749050516.446101763] [publish_wind_direction]: Publishing: "id1193:N"
[publish_wind_direction-2] [INFO] [1749050520.283180094] [publish_wind_direction]: ***Cam angle= -27.885212216199115, vico ang deg= 0.0 Ground Truth= 332.11478778380086
[publish_wind_direction-2] [INFO] [1749050520.285626372] [publish_wind_direction]: ***Corrected Wind Direction= N
[publish_wind_direction-2] [INFO] [1749050521.445940390] [publish_wind_direction]: Publishing: "id1193:N"
[publish_wind_direction-2] [INFO] [1749050525.510187776] [publish_wind_direction]: ***Cam angle= -999.0, vico ang deg= 0.0 Ground Truth= 81.0
[publish_wind_direction-2] [INFO] [1749050525.512782128] [publish_wind_direction]: ***Corrected Wind Direction= W
[publish_wind_direction-2] [INFO] [1749050526.445926776] [publish_wind_direction]: Publishing: "id1193:N"
[publish_wind_direction-2] [INFO] [1749050530.270044885] [publish_wind_direction]: ***Cam angle= -105.45712771270405, vico ang deg= 0.0 Ground Truth= 254.54287228729595
[publish_wind_direction-2] [INFO] [1749050530.272475385] [publish_wind_direction]: ***Corrected Wind Direction= E
[publish_wind_direction-2] [INFO] [1749050531.445952680] [publish_wind_direction]: Publishing: "id1193:N"
[publish_wind_direction-2] [INFO] [1749050535.434222530] [publish_wind_direction]: ***Cam angle= -22.22917359133966, vico ang deg= 0.0 Ground Truth= 337.77082640866035
[publish_wind_direction-2] [INFO] [1749050535.437784993] [publish_wind_direction]: ***Corrected Wind Direction= N
[publish_wind_direction-2] [INFO] [1749050536.445815455] [publish_wind_direction]: Publishing: "id1193:N"
[publish_wind_direction-2] [INFO] [1749050540.201068823] [publish_wind_direction]: ***Cam angle= 52.766299160698395, vico ang deg= 0.0 Ground Truth= 52.766299160698395
[publish_wind_direction-2] [INFO] [1749050540.203461897] [publish_wind_direction]: ***Corrected Wind Direction= W
[publish_wind_direction-2] [INFO] [1749050541.445942878] [publish_wind_direction]: Publishing: "id1193:N"
[publish_wind_direction-2] [INFO] [1749050545.145051542] [publish_wind_direction]: ***Cam angle= -16.80307128656385, vico ang deg= 0.0 Ground Truth= 343.19692871343614
[publish_wind_direction-2] [INFO] [1749050545.147467654] [publish_wind_direction]: ***Corrected Wind Direction= N
[publish_wind_direction-2] [INFO] [1749050546.445935782] [publish_wind_direction]: Publishing: "id1193:N"
[publish_wind_direction-2] [INFO] [1749050550.251742632] [publish_wind_direction]: ***Cam angle= -999.0, vico ang deg= 0.0 Ground Truth= 81.0
[publish_wind_direction-2] [INFO] [1749050550.254226984] [publish_wind_direction]: ***Corrected Wind Direction= W
[publish_wind_direction-2] [INFO] [1749050551.446015594] [publish_wind_direction]: Publishing: "id1193:N"
[publish_wind_direction-2] [INFO] [1749050555.251311073] [publish_wind_direction]: ***Cam angle= -25.01782135624225, vico ang deg= 0.0 Ground Truth= 334.9821786437577
[publish_wind_direction-2] [INFO] [1749050555.253785759] [publish_wind_direction]: ***Corrected Wind Direction= N
[publish_wind_direction-2] [INFO] [1749050556.445926962] [publish_wind_direction]: Publishing: "id1193:N"
[publish_wind_direction-2] [INFO] [1749050560.396953700] [publish_wind_direction]: ***Cam angle= 84.43163065955872, vico ang deg= 0.0 Ground Truth= 84.43163065955872
[publish_wind_direction-2] [INFO] [1749050560.399367904] [publish_wind_direction]: ***Corrected Wind Direction= W
[publish_wind_direction-2] [INFO] [1749050561.445948551] [publish_wind_direction]: Publishing: "id1193:N"
[publish_wind_direction-2] [INFO] [1749050565.373430567] [publish_wind_direction]: ***Cam angle= -11.16052628798991, vico ang deg= 0.0 Ground Truth= 348.8394737120101
[publish_wind_direction-2] [INFO] [1749050565.375830530] [publish_wind_direction]: ***Corrected Wind Direction= N
[publish_wind_direction-2] [INFO] [1749050566.445937270] [publish_wind_direction]: Publishing: "id1193:N"
[publish_wind_direction-2] [INFO] [1749050570.253311694] [publish_wind_direction]: ***Cam angle= -36.67160139121473, vico ang deg= 0.0 Ground Truth= 323.3283986087853
[publish_wind_direction-2] [INFO] [1749050570.255701842] [publish_wind_direction]: ***Corrected Wind Direction= N
[publish_wind_direction-2] [INFO] [1749050571.445848342] [publish_wind_direction]: Publishing: "id1193:N"
[publish_wind_direction-2] [INFO] [1749050575.314858561] [publish_wind_direction]: ***Cam angle= -63.965464687580045, vico ang deg= 0.0 Ground Truth= 296.03453531241996
[publish_wind_direction-2] [INFO] [1749050575.318341098] [publish_wind_direction]: ***Corrected Wind Direction= E
[publish_wind_direction-2] [INFO] [1749050576.445878339] [publish_wind_direction]: Publishing: "id1193:N"
[publish_wind_direction-2] [INFO] [1749050580.319589262] [publish_wind_direction]: ***Cam angle= -94.9311997691788, vico ang deg= 0.0 Ground Truth= 265.0688002308212
[publish_wind_direction-2] [INFO] [1749050580.322044447] [publish_wind_direction]: ***Corrected Wind Direction= E
[publish_wind_direction-2] [INFO] [1749050581.445775039] [publish_wind_direction]: Publishing: "id1193:N"
[publish_wind_direction-2] [INFO] [1749050585.308884685] [publish_wind_direction]: ***Cam angle= -89.78235282647455, vico ang deg= 0.0 Ground Truth= 270.21764717352545
[publish_wind_direction-2] [INFO] [1749050585.311261315] [publish_wind_direction]: ***Corrected Wind Direction= E
[publish_wind_direction-2] [INFO] [1749050586.445920055] [publish_wind_direction]: Publishing: "id1193:N"
[publish_wind_direction-2] [INFO] [1749050590.158900330] [publish_wind_direction]: ***Cam angle= 51.43568574996536, vico ang deg= 0.0 Ground Truth= 51.43568574996536
[publish_wind_direction-2] [INFO] [1749050590.161361164] [publish_wind_direction]: ***Corrected Wind Direction= W
[publish_wind_direction-2] [INFO] [1749050591.446022719] [publish_wind_direction]: Publishing: "id1193:N"
[publish_wind_direction-2] [INFO] [1749050595.258528087] [publish_wind_direction]: ***Cam angle= 45.51715920020595, vico ang deg= 0.0 Ground Truth= 45.51715920020595
[publish_wind_direction-2] [INFO] [1749050595.261987272] [publish_wind_direction]: ***Corrected Wind Direction= W
[publish_wind_direction-2] [INFO] [1749050596.445824808] [publish_wind_direction]: Publishing: "id1193:N"
[publish_wind_direction-2] [INFO] [1749050600.306730361] [publish_wind_direction]: ***Cam angle= -999.0, vico ang deg= 0.0 Ground Truth= 81.0
[publish_wind_direction-2] [INFO] [1749050600.309159602] [publish_wind_direction]: ***Corrected Wind Direction= W
[publish_wind_direction-2] [INFO] [1749050601.446029694] [publish_wind_direction]: Publishing: "id1193:N"
[publish_wind_direction-2] [INFO] [1749050605.325754562] [publish_wind_direction]: ***Cam angle= 13.043212465966405, vico ang deg= 0.0 Ground Truth= 13.043212465966405
[publish_wind_direction-2] [INFO] [1749050605.328231432] [publish_wind_direction]: ***Corrected Wind Direction= N
[publish_wind_direction-2] [INFO] [1749050606.445852673] [publish_wind_direction]: Publishing: "id1193:N"
[publish_wind_direction-2] [INFO] [1749050610.424841652] [publish_wind_direction]: ***Cam angle= -48.311225750712055, vico ang deg= 0.0 Ground Truth= 311.6887742492879
[publish_wind_direction-2] [INFO] [1749050610.427217911] [publish_wind_direction]: ***Corrected Wind Direction= E
[publish_wind_direction-2] [INFO] [1749050611.445865207] [publish_wind_direction]: Publishing: "id1193:N"
[publish_wind_direction-2] [INFO] [1749050615.350921186] [publish_wind_direction]: ***Cam angle= -34.66820401828564, vico ang deg= 0.0 Ground Truth= 325.3317959817144
[publish_wind_direction-2] [INFO] [1749050615.354380482] [publish_wind_direction]: ***Corrected Wind Direction= N
[publish_wind_direction-2] [INFO] [1749050616.445637685] [publish_wind_direction]: Publishing: "id1193:N"
[publish_wind_direction-2] [INFO] [1749050620.350832868] [publish_wind_direction]: ***Cam angle= -18.52489141330514, vico ang deg= 0.0 Ground Truth= 341.4751085866949
[publish_wind_direction-2] [INFO] [1749050620.353329683] [publish_wind_direction]: ***Corrected Wind Direction= N
[publish_wind_direction-2] [INFO] [1749050621.446044793] [publish_wind_direction]: Publishing: "id1193:N"
[publish_wind_direction-2] [INFO] [1749050625.439160920] [publish_wind_direction]: ***Cam angle= -52.47198861566492, vico ang deg= 0.0 Ground Truth= 307.52801138433506
[publish_wind_direction-2] [INFO] [1749050625.441620106] [publish_wind_direction]: ***Corrected Wind Direction= E
[publish_wind_direction-2] [INFO] [1749050626.445935975] [publish_wind_direction]: Publishing: "id1193:N"
[publish_wind_direction-2] [INFO] [1749050630.388882399] [publish_wind_direction]: ***Cam angle= 7.0681656108242805, vico ang deg= 0.0 Ground Truth= 7.0681656108242805
[publish_wind_direction-2] [INFO] [1749050630.391448695] [publish_wind_direction]: ***Corrected Wind Direction= N
[publish_wind_direction-2] [INFO] [1749050631.446647584] [publish_wind_direction]: Publishing: "id1193:N"
[publish_wind_direction-2] [INFO] [1749050635.441007229] [publish_wind_direction]: ***Cam angle= -248.6433875582647, vico ang deg= 0.0 Ground Truth= 111.35661244173531
[publish_wind_direction-2] [INFO] [1749050635.443432970] [publish_wind_direction]: ***Corrected Wind Direction= W
[publish_wind_direction-2] [INFO] [1749050636.445944099] [publish_wind_direction]: Publishing: "id1193:N"
[publish_wind_direction-2] [INFO] [1749050640.490331078] [publish_wind_direction]: ***Cam angle= 33.085418136299495, vico ang deg= 0.0 Ground Truth= 33.085418136299495
[publish_wind_direction-2] [INFO] [1749050640.492767763] [publish_wind_direction]: ***Corrected Wind Direction= N
[publish_wind_direction-2] [INFO] [1749050641.445949170] [publish_wind_direction]: Publishing: "id1193:N"
[publish_wind_direction-2] [INFO] [1749050645.338752260] [publish_wind_direction]: ***Cam angle= 30.979157744469333, vico ang deg= 0.0 Ground Truth= 30.979157744469333
[publish_wind_direction-2] [INFO] [1749050645.341227890] [publish_wind_direction]: ***Corrected Wind Direction= N
[publish_wind_direction-2] [INFO] [1749050646.445916056] [publish_wind_direction]: Publishing: "id1193:N"
[publish_wind_direction-2] [INFO] [1749050650.355936406] [publish_wind_direction]: ***Cam angle= 47.61514555671951, vico ang deg= 0.0 Ground Truth= 47.61514555671951
[publish_wind_direction-2] [INFO] [1749050650.358399924] [publish_wind_direction]: ***Corrected Wind Direction= W
[publish_wind_direction-2] [INFO] [1749050651.445896942] [publish_wind_direction]: Publishing: "id1193:N"
[publish_wind_direction-2] [INFO] [1749050655.405655532] [publish_wind_direction]: ***Cam angle= -999.0, vico ang deg= 0.0 Ground Truth= 81.0
[publish_wind_direction-2] [INFO] [1749050655.407991588] [publish_wind_direction]: ***Corrected Wind Direction= W
[publish_wind_direction-2] [INFO] [1749050656.445906643] [publish_wind_direction]: Publishing: "id1193:N"
[publish_wind_direction-2] [INFO] [1749050660.325488789] [publish_wind_direction]: ***Cam angle= -172.95854967342038, vico ang deg= 0.0 Ground Truth= 187.04145032657962
[publish_wind_direction-2] [INFO] [1749050660.327860066] [publish_wind_direction]: ***Corrected Wind Direction= S
[publish_wind_direction-2] [INFO] [1749050661.446033232] [publish_wind_direction]: Publishing: "id1193:N"
[publish_wind_direction-2] [INFO] [1749050665.440779674] [publish_wind_direction]: ***Cam angle= -159.10818586312598, vico ang deg= 0.0 Ground Truth= 200.89181413687402
[publish_wind_direction-2] [INFO] [1749050665.443141934] [publish_wind_direction]: ***Corrected Wind Direction= S
[publish_wind_direction-2] [INFO] [1749050666.445923489] [publish_wind_direction]: Publishing: "id1193:N"
[publish_wind_direction-2] [INFO] [1749050670.422307912] [publish_wind_direction]: ***Cam angle= -248.50150526058803, vico ang deg= 0.0 Ground Truth= 111.49849473941197
[publish_wind_direction-2] [INFO] [1749050670.424721412] [publish_wind_direction]: ***Corrected Wind Direction= W
[publish_wind_direction-2] [INFO] [1749050671.445890949] [publish_wind_direction]: Publishing: "id1193:N"
[publish_wind_direction-2] [INFO] [1749050675.436093909] [publish_wind_direction]: ***Cam angle= -72.29329167679447, vico ang deg= 0.0 Ground Truth= 287.70670832320553
[publish_wind_direction-2] [INFO] [1749050675.439472224] [publish_wind_direction]: ***Corrected Wind Direction= E
[publish_wind_direction-2] [INFO] [1749050676.445884501] [publish_wind_direction]: Publishing: "id1193:N"
[publish_wind_direction-2] [INFO] [1749050680.563014054] [publish_wind_direction]: ***Cam angle= 4.16394760216788, vico ang deg= 0.0 Ground Truth= 4.16394760216788
[publish_wind_direction-2] [INFO] [1749050680.565475165] [publish_wind_direction]: ***Corrected Wind Direction= N
[publish_wind_direction-2] [INFO] [1749050681.445908776] [publish_wind_direction]: Publishing: "id1193:N"
[publish_wind_direction-2] [INFO] [1749050685.517750496] [publish_wind_direction]: ***Cam angle= -11.383401493418276, vico ang deg= 0.0 Ground Truth= 348.61659850658174
[publish_wind_direction-2] [INFO] [1749050685.520165588] [publish_wind_direction]: ***Corrected Wind Direction= N
[publish_wind_direction-2] [INFO] [1749050686.445925792] [publish_wind_direction]: Publishing: "id1193:N"
[publish_wind_direction-2] [INFO] [1749050690.209734678] [publish_wind_direction]: ***Cam angle= 58.58666991237658, vico ang deg= 0.0 Ground Truth= 58.58666991237658
[publish_wind_direction-2] [INFO] [1749050690.213140252] [publish_wind_direction]: ***Corrected Wind Direction= W
[publish_wind_direction-2] [INFO] [1749050691.445829937] [publish_wind_direction]: Publishing: "id1193:N"
[publish_wind_direction-2] [INFO] [1749050695.542194082] [publish_wind_direction]: ***Cam angle= -174.20249139149809, vico ang deg= 0.0 Ground Truth= 185.79750860850191
[publish_wind_direction-2] [INFO] [1749050695.544705527] [publish_wind_direction]: ***Corrected Wind Direction= S
[publish_wind_direction-2] [INFO] [1749050696.446080804] [publish_wind_direction]: Publishing: "id1193:N"
[publish_wind_direction-2] [INFO] [1749050700.405982913] [publish_wind_direction]: ***Cam angle= -78.30502628988876, vico ang deg= 0.0 Ground Truth= 281.69497371011124
[publish_wind_direction-2] [INFO] [1749050700.408423468] [publish_wind_direction]: ***Corrected Wind Direction= E
[publish_wind_direction-2] [INFO] [1749050701.445765227] [publish_wind_direction]: Publishing: "id1193:N"
[publish_wind_direction-2] [INFO] [1749050705.425249391] [publish_wind_direction]: ***Cam angle= 21.23204146143692, vico ang deg= 0.0 Ground Truth= 21.23204146143692
[publish_wind_direction-2] [INFO] [1749050705.427703021] [publish_wind_direction]: ***Corrected Wind Direction= N
[publish_wind_direction-2] [INFO] [1749050706.445914261] [publish_wind_direction]: Publishing: "id1193:N"
[publish_wind_direction-2] [INFO] [1749050710.451509370] [publish_wind_direction]: ***Cam angle= -28.838898064907738, vico ang deg= 0.0 Ground Truth= 331.16110193509223
[publish_wind_direction-2] [INFO] [1749050710.453985648] [publish_wind_direction]: ***Corrected Wind Direction= N
[publish_wind_direction-2] [INFO] [1749050711.445923184] [publish_wind_direction]: Publishing: "id1193:N"
[publish_wind_direction-2] [INFO] [1749050715.144768793] [publish_wind_direction]: ***Cam angle= -130.21974428653596, vico ang deg= 0.0 Ground Truth= 229.78025571346404
[publish_wind_direction-2] [INFO] [1749050715.147035145] [publish_wind_direction]: ***Corrected Wind Direction= E
[publish_wind_direction-2] [INFO] [1749050716.445936459] [publish_wind_direction]: Publishing: "id1193:N"
[publish_wind_direction-2] [INFO] [1749050720.451032308] [publish_wind_direction]: ***Cam angle= 72.37607394269065, vico ang deg= 0.0 Ground Truth= 72.37607394269065
[publish_wind_direction-2] [INFO] [1749050720.453616845] [publish_wind_direction]: ***Corrected Wind Direction= W
[publish_wind_direction-2] [INFO] [1749050720.866403364] [publish_wind_direction]: w=0.5273 x_rot=-0.4871  y_rot=-0.5139 z_rot=-0.4697
[publish_wind_direction-2] [INFO] [1749050720.869324086] [publish_wind_direction]: Vicon Yaw Rads= -0.048509179471470404
[publish_wind_direction-2] [INFO] [1749050720.871932327] [publish_wind_direction]: ** Vicon Yaw Degrees= -2.7793712513579076
[publish_wind_direction-2] [INFO] [1749050720.874559327] [publish_wind_direction]: Vicon Position= [-812.9742431640625, -113.87548065185547]
[publish_wind_direction-2] [INFO] [1749050720.877149586] [publish_wind_direction]: Neighbourhood size: 4
[publish_wind_direction-2] [INFO] [1749050721.445936437] [publish_wind_direction]: Publishing: "id1193:N"
[random_robot_move-1] [INFO] [1749050724.247560380] [random_robot_move]: Exception, shutting down
[publish_wind_direction-2] [INFO] [1749050725.279994305] [publish_wind_direction]: ***Cam angle= 25.54552044857155, vico ang deg= -2.7793712513579076 Ground Truth= 22.766149197213643
[publish_wind_direction-2] [INFO] [1749050725.282234120] [publish_wind_direction]: ***Corrected Wind Direction= N
[publish_wind_direction-2] [INFO] [1749050726.448679416] [publish_wind_direction]: Raising exception
[publish_wind_direction-2] [INFO] [1749050726.452915582] [publish_wind_direction]: Publisher stopping, exception
[INFO] [publish_wind_direction-2]: process has finished cleanly [pid 872]
