[1.301s] Invoking command in '/home/thymio/ros2_ws/build/vicon_receiver': CMAKE_PREFIX_PATH=${CMAKE_PREFIX_PATH}:/home/thymio/ros2_ws/install/wind_direction_detector:/home/thymio/ros2_ws/install/simple_hello:/home/thymio/ros2_ws/install/py_pubsub:/home/thymio/ros2_ws/install/move_talk:/opt/ros/humble /usr/bin/cmake --build /home/thymio/ros2_ws/build/vicon_receiver -- -j4 -l4
[1.531s] [  2%] Built target vicon_receiver__cpp
[1.548s] [ 12%] Built target vicon_receiver__rosidl_generator_c
[1.609s] [ 12%] Built target ament_cmake_python_copy_vicon_receiver
[1.683s] [ 23%] Built target vicon_receiver__rosidl_typesupport_cpp
[1.701s] [ 33%] Built target vicon_receiver__rosidl_typesupport_introspection_cpp
[1.713s] [ 43%] Built target vicon_receiver__rosidl_typesupport_fastrtps_cpp
[1.761s] [ 53%] Built target vicon_receiver__rosidl_typesupport_fastrtps_c
[1.836s] [ 64%] Built target vicon_receiver__rosidl_typesupport_introspection_c
[1.858s] [ 74%] Built target vicon_receiver__rosidl_typesupport_c
[1.953s] [ 74%] Built target vicon_receiver
[2.048s] [ 76%] Built target vicon_receiver__py
[2.156s] [ 84%] Built target vicon_receiver__rosidl_generator_py
[2.294s] [ 89%] Built target vicon_receiver__rosidl_typesupport_fastrtps_c__pyext
[2.316s] [ 94%] Built target vicon_receiver__rosidl_typesupport_introspection_c__pyext
[2.330s] [100%] Built target vicon_receiver__rosidl_typesupport_c__pyext
[3.241s] running egg_info
[3.246s] writing vicon_receiver.egg-info/PKG-INFO
[3.249s] writing dependency_links to vicon_receiver.egg-info/dependency_links.txt
[3.250s] writing top-level names to vicon_receiver.egg-info/top_level.txt
[3.261s] reading manifest file 'vicon_receiver.egg-info/SOURCES.txt'
[3.265s] writing manifest file 'vicon_receiver.egg-info/SOURCES.txt'
[3.449s] [100%] Built target ament_cmake_python_build_vicon_receiver_egg
[3.510s] Invoked command in '/home/thymio/ros2_ws/build/vicon_receiver' returned '0': CMAKE_PREFIX_PATH=${CMAKE_PREFIX_PATH}:/home/thymio/ros2_ws/install/wind_direction_detector:/home/thymio/ros2_ws/install/simple_hello:/home/thymio/ros2_ws/install/py_pubsub:/home/thymio/ros2_ws/install/move_talk:/opt/ros/humble /usr/bin/cmake --build /home/thymio/ros2_ws/build/vicon_receiver -- -j4 -l4
[3.545s] Invoking command in '/home/thymio/ros2_ws/build/vicon_receiver': CMAKE_PREFIX_PATH=${CMAKE_PREFIX_PATH}:/home/thymio/ros2_ws/install/wind_direction_detector:/home/thymio/ros2_ws/install/simple_hello:/home/thymio/ros2_ws/install/py_pubsub:/home/thymio/ros2_ws/install/move_talk:/opt/ros/humble /usr/bin/cmake --install /home/thymio/ros2_ws/build/vicon_receiver
[3.583s] -- Install configuration: ""
[3.585s] -- Up-to-date: /home/thymio/ros2_ws/install/vicon_receiver/share/ament_index/resource_index/rosidl_interfaces/vicon_receiver
[3.586s] -- Up-to-date: /home/thymio/ros2_ws/install/vicon_receiver/include/vicon_receiver/vicon_receiver
[3.588s] -- Up-to-date: /home/thymio/ros2_ws/install/vicon_receiver/include/vicon_receiver/vicon_receiver/msg
[3.589s] -- Up-to-date: /home/thymio/ros2_ws/install/vicon_receiver/include/vicon_receiver/vicon_receiver/msg/position_list.h
[3.589s] -- Up-to-date: /home/thymio/ros2_ws/install/vicon_receiver/include/vicon_receiver/vicon_receiver/msg/position.h
[3.591s] -- Up-to-date: /home/thymio/ros2_ws/install/vicon_receiver/include/vicon_receiver/vicon_receiver/msg/rosidl_generator_c__visibility_control.h
[3.592s] -- Up-to-date: /home/thymio/ros2_ws/install/vicon_receiver/include/vicon_receiver/vicon_receiver/msg/detail
[3.594s] -- Up-to-date: /home/thymio/ros2_ws/install/vicon_receiver/include/vicon_receiver/vicon_receiver/msg/detail/position__functions.h
[3.594s] -- Up-to-date: /home/thymio/ros2_ws/install/vicon_receiver/include/vicon_receiver/vicon_receiver/msg/detail/position__struct.h
[3.596s] -- Up-to-date: /home/thymio/ros2_ws/install/vicon_receiver/include/vicon_receiver/vicon_receiver/msg/detail/position__functions.c
[3.596s] -- Up-to-date: /home/thymio/ros2_ws/install/vicon_receiver/include/vicon_receiver/vicon_receiver/msg/detail/position__type_support.h
[3.598s] -- Up-to-date: /home/thymio/ros2_ws/install/vicon_receiver/include/vicon_receiver/vicon_receiver/msg/detail/position_list__struct.h
[3.599s] -- Up-to-date: /home/thymio/ros2_ws/install/vicon_receiver/include/vicon_receiver/vicon_receiver/msg/detail/position_list__functions.c
[3.600s] -- Up-to-date: /home/thymio/ros2_ws/install/vicon_receiver/include/vicon_receiver/vicon_receiver/msg/detail/position_list__type_support.h
[3.602s] -- Up-to-date: /home/thymio/ros2_ws/install/vicon_receiver/include/vicon_receiver/vicon_receiver/msg/detail/position_list__functions.h
[3.603s] -- Up-to-date: /home/thymio/ros2_ws/install/vicon_receiver/share/vicon_receiver/environment/library_path.sh
[3.604s] -- Up-to-date: /home/thymio/ros2_ws/install/vicon_receiver/share/vicon_receiver/environment/library_path.dsv
[3.607s] -- Up-to-date: /home/thymio/ros2_ws/install/vicon_receiver/lib/libvicon_receiver__rosidl_generator_c.so
[3.610s] -- Up-to-date: /home/thymio/ros2_ws/install/vicon_receiver/include/vicon_receiver/vicon_receiver
[3.611s] -- Up-to-date: /home/thymio/ros2_ws/install/vicon_receiver/include/vicon_receiver/vicon_receiver/msg
[3.613s] -- Up-to-date: /home/thymio/ros2_ws/install/vicon_receiver/include/vicon_receiver/vicon_receiver/msg/rosidl_typesupport_fastrtps_c__visibility_control.h
[3.614s] -- Up-to-date: /home/thymio/ros2_ws/install/vicon_receiver/include/vicon_receiver/vicon_receiver/msg/detail
[3.616s] -- Up-to-date: /home/thymio/ros2_ws/install/vicon_receiver/include/vicon_receiver/vicon_receiver/msg/detail/position_list__rosidl_typesupport_fastrtps_c.h
[3.616s] -- Up-to-date: /home/thymio/ros2_ws/install/vicon_receiver/include/vicon_receiver/vicon_receiver/msg/detail/position__rosidl_typesupport_fastrtps_c.h
[3.619s] -- Up-to-date: /home/thymio/ros2_ws/install/vicon_receiver/lib/libvicon_receiver__rosidl_typesupport_fastrtps_c.so
[3.621s] -- Up-to-date: /home/thymio/ros2_ws/install/vicon_receiver/include/vicon_receiver/vicon_receiver
[3.624s] -- Up-to-date: /home/thymio/ros2_ws/install/vicon_receiver/include/vicon_receiver/vicon_receiver/msg
[3.624s] -- Up-to-date: /home/thymio/ros2_ws/install/vicon_receiver/include/vicon_receiver/vicon_receiver/msg/detail
[3.625s] -- Up-to-date: /home/thymio/ros2_ws/install/vicon_receiver/include/vicon_receiver/vicon_receiver/msg/detail/position__type_support.c
[3.625s] -- Up-to-date: /home/thymio/ros2_ws/install/vicon_receiver/include/vicon_receiver/vicon_receiver/msg/detail/position_list__rosidl_typesupport_introspection_c.h
[3.630s] -- Up-to-date: /home/thymio/ros2_ws/install/vicon_receiver/include/vicon_receiver/vicon_receiver/msg/detail/position__rosidl_typesupport_introspection_c.h
[3.631s] -- Up-to-date: /home/thymio/ros2_ws/install/vicon_receiver/include/vicon_receiver/vicon_receiver/msg/detail/position_list__type_support.c
[3.632s] -- Up-to-date: /home/thymio/ros2_ws/install/vicon_receiver/include/vicon_receiver/vicon_receiver/msg/rosidl_typesupport_introspection_c__visibility_control.h
[3.636s] -- Up-to-date: /home/thymio/ros2_ws/install/vicon_receiver/lib/libvicon_receiver__rosidl_typesupport_introspection_c.so
[3.637s] -- Up-to-date: /home/thymio/ros2_ws/install/vicon_receiver/lib/libvicon_receiver__rosidl_typesupport_c.so
[3.637s] -- Up-to-date: /home/thymio/ros2_ws/install/vicon_receiver/include/vicon_receiver/vicon_receiver
[3.638s] -- Up-to-date: /home/thymio/ros2_ws/install/vicon_receiver/include/vicon_receiver/vicon_receiver/msg
[3.642s] -- Up-to-date: /home/thymio/ros2_ws/install/vicon_receiver/include/vicon_receiver/vicon_receiver/msg/position_list.hpp
[3.643s] -- Up-to-date: /home/thymio/ros2_ws/install/vicon_receiver/include/vicon_receiver/vicon_receiver/msg/position.hpp
[3.643s] -- Up-to-date: /home/thymio/ros2_ws/install/vicon_receiver/include/vicon_receiver/vicon_receiver/msg/detail
[3.644s] -- Up-to-date: /home/thymio/ros2_ws/install/vicon_receiver/include/vicon_receiver/vicon_receiver/msg/detail/position_list__type_support.hpp
[3.644s] -- Up-to-date: /home/thymio/ros2_ws/install/vicon_receiver/include/vicon_receiver/vicon_receiver/msg/detail/position_list__traits.hpp
[3.645s] -- Up-to-date: /home/thymio/ros2_ws/install/vicon_receiver/include/vicon_receiver/vicon_receiver/msg/detail/position__struct.hpp
[3.650s] -- Up-to-date: /home/thymio/ros2_ws/install/vicon_receiver/include/vicon_receiver/vicon_receiver/msg/detail/position__traits.hpp
[3.651s] -- Up-to-date: /home/thymio/ros2_ws/install/vicon_receiver/include/vicon_receiver/vicon_receiver/msg/detail/position_list__struct.hpp
[3.652s] -- Up-to-date: /home/thymio/ros2_ws/install/vicon_receiver/include/vicon_receiver/vicon_receiver/msg/detail/position__builder.hpp
[3.652s] -- Up-to-date: /home/thymio/ros2_ws/install/vicon_receiver/include/vicon_receiver/vicon_receiver/msg/detail/position__type_support.hpp
[3.653s] -- Up-to-date: /home/thymio/ros2_ws/install/vicon_receiver/include/vicon_receiver/vicon_receiver/msg/detail/position_list__builder.hpp
[3.654s] -- Up-to-date: /home/thymio/ros2_ws/install/vicon_receiver/include/vicon_receiver/vicon_receiver/msg/rosidl_generator_cpp__visibility_control.hpp
[3.654s] -- Up-to-date: /home/thymio/ros2_ws/install/vicon_receiver/include/vicon_receiver/vicon_receiver
[3.660s] -- Up-to-date: /home/thymio/ros2_ws/install/vicon_receiver/include/vicon_receiver/vicon_receiver/msg
[3.661s] -- Up-to-date: /home/thymio/ros2_ws/install/vicon_receiver/include/vicon_receiver/vicon_receiver/msg/rosidl_typesupport_fastrtps_cpp__visibility_control.h
[3.661s] -- Up-to-date: /home/thymio/ros2_ws/install/vicon_receiver/include/vicon_receiver/vicon_receiver/msg/detail
[3.662s] -- Up-to-date: /home/thymio/ros2_ws/install/vicon_receiver/include/vicon_receiver/vicon_receiver/msg/detail/position__rosidl_typesupport_fastrtps_cpp.hpp
[3.662s] -- Up-to-date: /home/thymio/ros2_ws/install/vicon_receiver/include/vicon_receiver/vicon_receiver/msg/detail/dds_fastrtps
[3.663s] -- Up-to-date: /home/thymio/ros2_ws/install/vicon_receiver/include/vicon_receiver/vicon_receiver/msg/detail/position_list__rosidl_typesupport_fastrtps_cpp.hpp
[3.663s] -- Up-to-date: /home/thymio/ros2_ws/install/vicon_receiver/lib/libvicon_receiver__rosidl_typesupport_fastrtps_cpp.so
[3.664s] -- Up-to-date: /home/thymio/ros2_ws/install/vicon_receiver/include/vicon_receiver/vicon_receiver
[3.664s] -- Up-to-date: /home/thymio/ros2_ws/install/vicon_receiver/include/vicon_receiver/vicon_receiver/msg
[3.664s] -- Up-to-date: /home/thymio/ros2_ws/install/vicon_receiver/include/vicon_receiver/vicon_receiver/msg/detail
[3.665s] -- Up-to-date: /home/thymio/ros2_ws/install/vicon_receiver/include/vicon_receiver/vicon_receiver/msg/detail/position__rosidl_typesupport_introspection_cpp.hpp
[3.665s] -- Up-to-date: /home/thymio/ros2_ws/install/vicon_receiver/include/vicon_receiver/vicon_receiver/msg/detail/position_list__type_support.cpp
[3.665s] -- Up-to-date: /home/thymio/ros2_ws/install/vicon_receiver/include/vicon_receiver/vicon_receiver/msg/detail/position_list__rosidl_typesupport_introspection_cpp.hpp
[3.666s] -- Up-to-date: /home/thymio/ros2_ws/install/vicon_receiver/include/vicon_receiver/vicon_receiver/msg/detail/position__type_support.cpp
[3.666s] -- Up-to-date: /home/thymio/ros2_ws/install/vicon_receiver/lib/libvicon_receiver__rosidl_typesupport_introspection_cpp.so
[3.667s] -- Up-to-date: /home/thymio/ros2_ws/install/vicon_receiver/lib/libvicon_receiver__rosidl_typesupport_cpp.so
[3.667s] -- Up-to-date: /home/thymio/ros2_ws/install/vicon_receiver/share/vicon_receiver/environment/pythonpath.sh
[3.667s] -- Up-to-date: /home/thymio/ros2_ws/install/vicon_receiver/share/vicon_receiver/environment/pythonpath.dsv
[3.668s] -- Up-to-date: /home/thymio/ros2_ws/install/vicon_receiver/local/lib/python3.10/dist-packages/vicon_receiver-0.0.0-py3.10.egg-info
[3.668s] -- Installing: /home/thymio/ros2_ws/install/vicon_receiver/local/lib/python3.10/dist-packages/vicon_receiver-0.0.0-py3.10.egg-info/PKG-INFO
[3.668s] -- Installing: /home/thymio/ros2_ws/install/vicon_receiver/local/lib/python3.10/dist-packages/vicon_receiver-0.0.0-py3.10.egg-info/top_level.txt
[3.669s] -- Installing: /home/thymio/ros2_ws/install/vicon_receiver/local/lib/python3.10/dist-packages/vicon_receiver-0.0.0-py3.10.egg-info/SOURCES.txt
[3.669s] -- Installing: /home/thymio/ros2_ws/install/vicon_receiver/local/lib/python3.10/dist-packages/vicon_receiver-0.0.0-py3.10.egg-info/dependency_links.txt
[3.670s] -- Up-to-date: /home/thymio/ros2_ws/install/vicon_receiver/local/lib/python3.10/dist-packages/vicon_receiver
[3.670s] -- Up-to-date: /home/thymio/ros2_ws/install/vicon_receiver/local/lib/python3.10/dist-packages/vicon_receiver/__init__.py
[3.670s] -- Up-to-date: /home/thymio/ros2_ws/install/vicon_receiver/local/lib/python3.10/dist-packages/vicon_receiver/vicon_receiver_s__rosidl_typesupport_fastrtps_c.cpython-310-aarch64-linux-gnu.so
[3.671s] -- Up-to-date: /home/thymio/ros2_ws/install/vicon_receiver/local/lib/python3.10/dist-packages/vicon_receiver/vicon_receiver_s__rosidl_typesupport_introspection_c.cpython-310-aarch64-linux-gnu.so
[3.671s] -- Up-to-date: /home/thymio/ros2_ws/install/vicon_receiver/local/lib/python3.10/dist-packages/vicon_receiver/_vicon_receiver_s.ep.rosidl_typesupport_introspection_c.c
[3.671s] -- Up-to-date: /home/thymio/ros2_ws/install/vicon_receiver/local/lib/python3.10/dist-packages/vicon_receiver/libvicon_receiver__rosidl_generator_py.so
[3.672s] -- Up-to-date: /home/thymio/ros2_ws/install/vicon_receiver/local/lib/python3.10/dist-packages/vicon_receiver/vicon_receiver_s__rosidl_typesupport_c.cpython-310-aarch64-linux-gnu.so
[3.672s] -- Up-to-date: /home/thymio/ros2_ws/install/vicon_receiver/local/lib/python3.10/dist-packages/vicon_receiver/_vicon_receiver_s.ep.rosidl_typesupport_c.c
[3.672s] -- Up-to-date: /home/thymio/ros2_ws/install/vicon_receiver/local/lib/python3.10/dist-packages/vicon_receiver/msg
[3.673s] -- Up-to-date: /home/thymio/ros2_ws/install/vicon_receiver/local/lib/python3.10/dist-packages/vicon_receiver/msg/__init__.py
[3.673s] -- Up-to-date: /home/thymio/ros2_ws/install/vicon_receiver/local/lib/python3.10/dist-packages/vicon_receiver/msg/_position_list_s.c
[3.674s] -- Up-to-date: /home/thymio/ros2_ws/install/vicon_receiver/local/lib/python3.10/dist-packages/vicon_receiver/msg/_position_s.c
[3.674s] -- Up-to-date: /home/thymio/ros2_ws/install/vicon_receiver/local/lib/python3.10/dist-packages/vicon_receiver/msg/_position.py
[3.675s] -- Up-to-date: /home/thymio/ros2_ws/install/vicon_receiver/local/lib/python3.10/dist-packages/vicon_receiver/msg/_position_list.py
[3.675s] -- Up-to-date: /home/thymio/ros2_ws/install/vicon_receiver/local/lib/python3.10/dist-packages/vicon_receiver/_vicon_receiver_s.ep.rosidl_typesupport_fastrtps_c.c
[3.868s] Listing '/home/thymio/ros2_ws/install/vicon_receiver/local/lib/python3.10/dist-packages/vicon_receiver'...
[3.869s] Listing '/home/thymio/ros2_ws/install/vicon_receiver/local/lib/python3.10/dist-packages/vicon_receiver/msg'...
[3.904s] -- Up-to-date: /home/thymio/ros2_ws/install/vicon_receiver/local/lib/python3.10/dist-packages/vicon_receiver/vicon_receiver_s__rosidl_typesupport_fastrtps_c.cpython-310-aarch64-linux-gnu.so
[3.907s] -- Up-to-date: /home/thymio/ros2_ws/install/vicon_receiver/local/lib/python3.10/dist-packages/vicon_receiver/vicon_receiver_s__rosidl_typesupport_introspection_c.cpython-310-aarch64-linux-gnu.so
[3.913s] -- Up-to-date: /home/thymio/ros2_ws/install/vicon_receiver/local/lib/python3.10/dist-packages/vicon_receiver/vicon_receiver_s__rosidl_typesupport_c.cpython-310-aarch64-linux-gnu.so
[3.915s] -- Up-to-date: /home/thymio/ros2_ws/install/vicon_receiver/lib/libvicon_receiver__rosidl_generator_py.so
[3.919s] -- Up-to-date: /home/thymio/ros2_ws/install/vicon_receiver/share/vicon_receiver/msg/Position.idl
[3.921s] -- Up-to-date: /home/thymio/ros2_ws/install/vicon_receiver/share/vicon_receiver/msg/PositionList.idl
[3.927s] -- Up-to-date: /home/thymio/ros2_ws/install/vicon_receiver/share/vicon_receiver/msg/Position.msg
[3.929s] -- Up-to-date: /home/thymio/ros2_ws/install/vicon_receiver/share/vicon_receiver/msg/PositionList.msg
[3.931s] -- Up-to-date: /home/thymio/ros2_ws/install/vicon_receiver/share/ament_index/resource_index/package_run_dependencies/vicon_receiver
[3.934s] -- Up-to-date: /home/thymio/ros2_ws/install/vicon_receiver/share/ament_index/resource_index/parent_prefix_path/vicon_receiver
[3.936s] -- Up-to-date: /home/thymio/ros2_ws/install/vicon_receiver/share/vicon_receiver/environment/ament_prefix_path.sh
[3.938s] -- Up-to-date: /home/thymio/ros2_ws/install/vicon_receiver/share/vicon_receiver/environment/ament_prefix_path.dsv
[3.940s] -- Up-to-date: /home/thymio/ros2_ws/install/vicon_receiver/share/vicon_receiver/environment/path.sh
[3.943s] -- Up-to-date: /home/thymio/ros2_ws/install/vicon_receiver/share/vicon_receiver/environment/path.dsv
[3.946s] -- Up-to-date: /home/thymio/ros2_ws/install/vicon_receiver/share/vicon_receiver/local_setup.bash
[3.947s] -- Up-to-date: /home/thymio/ros2_ws/install/vicon_receiver/share/vicon_receiver/local_setup.sh
[3.948s] -- Up-to-date: /home/thymio/ros2_ws/install/vicon_receiver/share/vicon_receiver/local_setup.zsh
[3.948s] -- Up-to-date: /home/thymio/ros2_ws/install/vicon_receiver/share/vicon_receiver/local_setup.dsv
[3.949s] -- Installing: /home/thymio/ros2_ws/install/vicon_receiver/share/vicon_receiver/package.dsv
[3.955s] -- Up-to-date: /home/thymio/ros2_ws/install/vicon_receiver/share/ament_index/resource_index/packages/vicon_receiver
[3.957s] -- Up-to-date: /home/thymio/ros2_ws/install/vicon_receiver/share/vicon_receiver/cmake/export_vicon_receiver__rosidl_generator_cExport.cmake
[3.958s] -- Up-to-date: /home/thymio/ros2_ws/install/vicon_receiver/share/vicon_receiver/cmake/export_vicon_receiver__rosidl_generator_cExport-noconfig.cmake
[3.960s] -- Up-to-date: /home/thymio/ros2_ws/install/vicon_receiver/share/vicon_receiver/cmake/export_vicon_receiver__rosidl_typesupport_fastrtps_cExport.cmake
[3.961s] -- Up-to-date: /home/thymio/ros2_ws/install/vicon_receiver/share/vicon_receiver/cmake/export_vicon_receiver__rosidl_typesupport_fastrtps_cExport-noconfig.cmake
[3.962s] -- Up-to-date: /home/thymio/ros2_ws/install/vicon_receiver/share/vicon_receiver/cmake/vicon_receiver__rosidl_typesupport_introspection_cExport.cmake
[3.962s] -- Up-to-date: /home/thymio/ros2_ws/install/vicon_receiver/share/vicon_receiver/cmake/vicon_receiver__rosidl_typesupport_introspection_cExport-noconfig.cmake
[3.963s] -- Up-to-date: /home/thymio/ros2_ws/install/vicon_receiver/share/vicon_receiver/cmake/vicon_receiver__rosidl_typesupport_cExport.cmake
[3.964s] -- Up-to-date: /home/thymio/ros2_ws/install/vicon_receiver/share/vicon_receiver/cmake/vicon_receiver__rosidl_typesupport_cExport-noconfig.cmake
[3.965s] -- Up-to-date: /home/thymio/ros2_ws/install/vicon_receiver/share/vicon_receiver/cmake/export_vicon_receiver__rosidl_generator_cppExport.cmake
[3.966s] -- Up-to-date: /home/thymio/ros2_ws/install/vicon_receiver/share/vicon_receiver/cmake/export_vicon_receiver__rosidl_typesupport_fastrtps_cppExport.cmake
[3.967s] -- Up-to-date: /home/thymio/ros2_ws/install/vicon_receiver/share/vicon_receiver/cmake/export_vicon_receiver__rosidl_typesupport_fastrtps_cppExport-noconfig.cmake
[3.968s] -- Up-to-date: /home/thymio/ros2_ws/install/vicon_receiver/share/vicon_receiver/cmake/vicon_receiver__rosidl_typesupport_introspection_cppExport.cmake
[3.969s] -- Up-to-date: /home/thymio/ros2_ws/install/vicon_receiver/share/vicon_receiver/cmake/vicon_receiver__rosidl_typesupport_introspection_cppExport-noconfig.cmake
[3.969s] -- Up-to-date: /home/thymio/ros2_ws/install/vicon_receiver/share/vicon_receiver/cmake/vicon_receiver__rosidl_typesupport_cppExport.cmake
[3.970s] -- Up-to-date: /home/thymio/ros2_ws/install/vicon_receiver/share/vicon_receiver/cmake/vicon_receiver__rosidl_typesupport_cppExport-noconfig.cmake
[3.971s] -- Up-to-date: /home/thymio/ros2_ws/install/vicon_receiver/share/vicon_receiver/cmake/export_vicon_receiver__rosidl_generator_pyExport.cmake
[3.972s] -- Up-to-date: /home/thymio/ros2_ws/install/vicon_receiver/share/vicon_receiver/cmake/export_vicon_receiver__rosidl_generator_pyExport-noconfig.cmake
[3.973s] -- Up-to-date: /home/thymio/ros2_ws/install/vicon_receiver/share/vicon_receiver/cmake/rosidl_cmake-extras.cmake
[3.974s] -- Up-to-date: /home/thymio/ros2_ws/install/vicon_receiver/share/vicon_receiver/cmake/ament_cmake_export_dependencies-extras.cmake
[3.975s] -- Up-to-date: /home/thymio/ros2_ws/install/vicon_receiver/share/vicon_receiver/cmake/ament_cmake_export_include_directories-extras.cmake
[3.976s] -- Up-to-date: /home/thymio/ros2_ws/install/vicon_receiver/share/vicon_receiver/cmake/ament_cmake_export_libraries-extras.cmake
[3.977s] -- Up-to-date: /home/thymio/ros2_ws/install/vicon_receiver/share/vicon_receiver/cmake/ament_cmake_export_targets-extras.cmake
[3.978s] -- Up-to-date: /home/thymio/ros2_ws/install/vicon_receiver/share/vicon_receiver/cmake/rosidl_cmake_export_typesupport_targets-extras.cmake
[3.979s] -- Up-to-date: /home/thymio/ros2_ws/install/vicon_receiver/share/vicon_receiver/cmake/rosidl_cmake_export_typesupport_libraries-extras.cmake
[3.979s] -- Up-to-date: /home/thymio/ros2_ws/install/vicon_receiver/share/vicon_receiver/cmake/vicon_receiverConfig.cmake
[3.980s] -- Up-to-date: /home/thymio/ros2_ws/install/vicon_receiver/share/vicon_receiver/cmake/vicon_receiverConfig-version.cmake
[3.980s] -- Up-to-date: /home/thymio/ros2_ws/install/vicon_receiver/share/vicon_receiver/package.xml
[3.981s] Invoked command in '/home/thymio/ros2_ws/build/vicon_receiver' returned '0': CMAKE_PREFIX_PATH=${CMAKE_PREFIX_PATH}:/home/thymio/ros2_ws/install/wind_direction_detector:/home/thymio/ros2_ws/install/simple_hello:/home/thymio/ros2_ws/install/py_pubsub:/home/thymio/ros2_ws/install/move_talk:/opt/ros/humble /usr/bin/cmake --install /home/thymio/ros2_ws/build/vicon_receiver
