[INFO] [launch]: All log files can be found below /home/thymio/.ros/log/2025-06-06-14-46-21-989277-thymio-824
[INFO] [launch]: Default logging verbosity is set to INFO
[INFO] [random_robot_move-1]: process started with pid [846]
[INFO] [publish_wind_direction-2]: process started with pid [848]
[publish_wind_direction-2] /usr/lib/python3/dist-packages/scipy/__init__.py:146: UserWarning: A NumPy version >=1.17.3 and <1.25.0 is required for this version of SciPy (detected version 1.26.4
[publish_wind_direction-2]   warnings.warn(f"A NumPy version >={np_minversion} and <{np_maxversion}"
[publish_wind_direction-2] [INFO] [1749221185.884359662] [publish_wind_direction]: Physical Ip=134.34.225.137, id=id137
[publish_wind_direction-2] [INFO] [1749221185.925531804] [publish_wind_direction]: Subscribed to: vicon/default/data
[random_robot_move-1] [INFO] [1749221188.853009991] [random_robot_move]: Robot Control Node started.
[publish_wind_direction-2] [INFO] [1749221190.913561321] [publish_wind_direction]: Publishing: "id137:S"
[publish_wind_direction-2] [INFO] [1749221195.914577066] [publish_wind_direction]: Publishing: "id137:S"
[publish_wind_direction-2] [INFO] [1749221200.914862176] [publish_wind_direction]: Publishing: "id137:S"
[publish_wind_direction-2] [INFO] [1749221205.914921970] [publish_wind_direction]: Publishing: "id137:S"
[publish_wind_direction-2] [INFO] [1749221210.913209522] [publish_wind_direction]: Publishing: "id137:S"
[publish_wind_direction-2] [INFO] [1749221215.913231430] [publish_wind_direction]: Publishing: "id137:S"
[publish_wind_direction-2] [INFO] [1749221220.912894394] [publish_wind_direction]: Publishing: "id137:S"
[publish_wind_direction-2] [INFO] [1749221225.913018986] [publish_wind_direction]: Publishing: "id137:S"
[publish_wind_direction-2] [INFO] [1749221230.912973497] [publish_wind_direction]: Publishing: "id137:S"
[publish_wind_direction-2] [INFO] [1749221235.912803445] [publish_wind_direction]: Publishing: "id137:S"
[publish_wind_direction-2] [INFO] [1749221240.913238000] [publish_wind_direction]: Publishing: "id137:S"
[publish_wind_direction-2] [INFO] [1749221245.913166447] [publish_wind_direction]: Publishing: "id137:S"
[publish_wind_direction-2] [INFO] [1749221250.913579337] [publish_wind_direction]: Publishing: "id137:S"
[publish_wind_direction-2] [INFO] [1749221255.913201330] [publish_wind_direction]: Publishing: "id137:S"
[publish_wind_direction-2] [INFO] [1749221260.912952372] [publish_wind_direction]: Publishing: "id137:S"
[publish_wind_direction-2] [INFO] [1749221265.913410194] [publish_wind_direction]: Publishing: "id137:S"
[publish_wind_direction-2] [INFO] [1749221270.913235375] [publish_wind_direction]: Publishing: "id137:S"
[publish_wind_direction-2] [INFO] [1749221275.917181472] [publish_wind_direction]: Publishing: "id137:S"
[publish_wind_direction-2] [INFO] [1749221280.913449657] [publish_wind_direction]: Publishing: "id137:S"
[publish_wind_direction-2] [INFO] [1749221285.913542720] [publish_wind_direction]: Publishing: "id137:S"
[publish_wind_direction-2] [INFO] [1749221290.913201517] [publish_wind_direction]: Publishing: "id137:S"
[publish_wind_direction-2] [INFO] [1749221295.913173932] [publish_wind_direction]: Publishing: "id137:S"
[publish_wind_direction-2] [INFO] [1749221300.912897735] [publish_wind_direction]: Publishing: "id137:S"
[publish_wind_direction-2] [INFO] [1749221305.913028690] [publish_wind_direction]: Publishing: "id137:S"
[publish_wind_direction-2] [INFO] [1749221310.912971959] [publish_wind_direction]: Publishing: "id137:S"
[publish_wind_direction-2] [INFO] [1749221315.912997490] [publish_wind_direction]: Publishing: "id137:S"
[publish_wind_direction-2] [INFO] [1749221320.913259396] [publish_wind_direction]: Publishing: "id137:S"
[publish_wind_direction-2] [INFO] [1749221325.913372183] [publish_wind_direction]: Publishing: "id137:S"
[publish_wind_direction-2] [INFO] [1749221330.913150257] [publish_wind_direction]: Publishing: "id137:S"
[publish_wind_direction-2] [INFO] [1749221335.913220651] [publish_wind_direction]: Publishing: "id137:S"
[publish_wind_direction-2] [INFO] [1749221340.913308597] [publish_wind_direction]: Publishing: "id137:S"
[publish_wind_direction-2] [INFO] [1749221345.913128993] [publish_wind_direction]: Publishing: "id137:S"
[publish_wind_direction-2] [INFO] [1749221350.913182406] [publish_wind_direction]: Publishing: "id137:S"
[publish_wind_direction-2] [INFO] [1749221355.912995307] [publish_wind_direction]: Publishing: "id137:S"
[publish_wind_direction-2] [INFO] [1749221360.913013176] [publish_wind_direction]: Publishing: "id137:S"
[publish_wind_direction-2] [INFO] [1749221365.913129042] [publish_wind_direction]: Publishing: "id137:S"
[publish_wind_direction-2] [INFO] [1749221370.913235940] [publish_wind_direction]: Publishing: "id137:S"
[publish_wind_direction-2] [INFO] [1749221375.913050367] [publish_wind_direction]: Publishing: "id137:S"
[publish_wind_direction-2] [INFO] [1749221380.913092130] [publish_wind_direction]: Publishing: "id137:S"
[publish_wind_direction-2] [INFO] [1749221385.913253828] [publish_wind_direction]: Publishing: "id137:S"
[publish_wind_direction-2] [INFO] [1749221390.913225366] [publish_wind_direction]: Publishing: "id137:S"
[publish_wind_direction-2] [INFO] [1749221395.913252054] [publish_wind_direction]: Publishing: "id137:S"
[publish_wind_direction-2] [INFO] [1749221400.913233073] [publish_wind_direction]: Publishing: "id137:S"
[publish_wind_direction-2] [INFO] [1749221405.913204954] [publish_wind_direction]: Publishing: "id137:S"
[publish_wind_direction-2] [INFO] [1749221410.913280297] [publish_wind_direction]: Publishing: "id137:S"
[publish_wind_direction-2] [INFO] [1749221415.913181501] [publish_wind_direction]: Publishing: "id137:S"
[publish_wind_direction-2] [INFO] [1749221420.913251691] [publish_wind_direction]: Publishing: "id137:S"
[publish_wind_direction-2] [INFO] [1749221425.913270289] [publish_wind_direction]: Publishing: "id137:S"
[publish_wind_direction-2] [INFO] [1749221430.913252322] [publish_wind_direction]: Publishing: "id137:S"
[publish_wind_direction-2] [INFO] [1749221435.913252077] [publish_wind_direction]: Publishing: "id137:S"
[publish_wind_direction-2] [INFO] [1749221440.913267530] [publish_wind_direction]: Publishing: "id137:S"
[publish_wind_direction-2] [INFO] [1749221445.913234759] [publish_wind_direction]: Publishing: "id137:S"
[publish_wind_direction-2] [INFO] [1749221450.913164743] [publish_wind_direction]: Publishing: "id137:S"
[publish_wind_direction-2] [INFO] [1749221455.913254813] [publish_wind_direction]: Publishing: "id137:S"
[publish_wind_direction-2] [INFO] [1749221460.913142608] [publish_wind_direction]: Publishing: "id137:S"
[publish_wind_direction-2] [INFO] [1749221465.913260315] [publish_wind_direction]: Publishing: "id137:S"
[publish_wind_direction-2] [INFO] [1749221470.913207683] [publish_wind_direction]: Publishing: "id137:S"
[publish_wind_direction-2] [INFO] [1749221475.912946073] [publish_wind_direction]: Publishing: "id137:S"
[publish_wind_direction-2] [INFO] [1749221480.912960634] [publish_wind_direction]: Publishing: "id137:S"
[publish_wind_direction-2] [INFO] [1749221485.912948200] [publish_wind_direction]: Publishing: "id137:S"
[publish_wind_direction-2] [INFO] [1749221490.912970533] [publish_wind_direction]: Publishing: "id137:S"
[publish_wind_direction-2] [INFO] [1749221495.913385606] [publish_wind_direction]: Publishing: "id137:S"
[publish_wind_direction-2] [INFO] [1749221500.913320845] [publish_wind_direction]: Publishing: "id137:S"
[publish_wind_direction-2] [INFO] [1749221505.913222464] [publish_wind_direction]: Publishing: "id137:S"
[publish_wind_direction-2] [INFO] [1749221510.913319814] [publish_wind_direction]: Publishing: "id137:S"
[publish_wind_direction-2] [INFO] [1749221515.913093350] [publish_wind_direction]: Publishing: "id137:S"
[publish_wind_direction-2] [INFO] [1749221520.913032899] [publish_wind_direction]: Publishing: "id137:S"
[publish_wind_direction-2] [INFO] [1749221525.912947791] [publish_wind_direction]: Publishing: "id137:S"
[publish_wind_direction-2] [INFO] [1749221530.912967579] [publish_wind_direction]: Publishing: "id137:S"
[publish_wind_direction-2] [INFO] [1749221535.913210549] [publish_wind_direction]: Publishing: "id137:S"
[publish_wind_direction-2] [INFO] [1749221540.913013546] [publish_wind_direction]: Publishing: "id137:S"
[publish_wind_direction-2] [INFO] [1749221545.913043802] [publish_wind_direction]: Publishing: "id137:S"
[publish_wind_direction-2] [INFO] [1749221550.913153016] [publish_wind_direction]: Publishing: "id137:S"
[publish_wind_direction-2] [INFO] [1749221555.913297503] [publish_wind_direction]: Publishing: "id137:S"
[publish_wind_direction-2] [INFO] [1749221560.913245615] [publish_wind_direction]: Publishing: "id137:S"
[publish_wind_direction-2] [INFO] [1749221565.913093039] [publish_wind_direction]: Publishing: "id137:S"
[publish_wind_direction-2] [INFO] [1749221570.913050841] [publish_wind_direction]: Publishing: "id137:S"
[publish_wind_direction-2] [INFO] [1749221575.913011421] [publish_wind_direction]: Publishing: "id137:S"
[publish_wind_direction-2] [INFO] [1749221580.913177473] [publish_wind_direction]: Publishing: "id137:S"
[publish_wind_direction-2] [INFO] [1749221585.913172271] [publish_wind_direction]: Publishing: "id137:S"
[publish_wind_direction-2] [INFO] [1749221590.913126071] [publish_wind_direction]: Publishing: "id137:S"
[publish_wind_direction-2] [INFO] [1749221595.913178967] [publish_wind_direction]: Publishing: "id137:S"
[publish_wind_direction-2] [INFO] [1749221600.913160760] [publish_wind_direction]: Publishing: "id137:S"
[publish_wind_direction-2] [INFO] [1749221605.913191535] [publish_wind_direction]: Publishing: "id137:S"
[publish_wind_direction-2] [INFO] [1749221610.913192632] [publish_wind_direction]: Publishing: "id137:S"
[publish_wind_direction-2] [INFO] [1749221615.913204863] [publish_wind_direction]: Publishing: "id137:S"
[publish_wind_direction-2] [INFO] [1749221620.913278434] [publish_wind_direction]: Publishing: "id137:S"
[publish_wind_direction-2] [INFO] [1749221625.913182362] [publish_wind_direction]: Publishing: "id137:S"
[publish_wind_direction-2] [INFO] [1749221630.913024969] [publish_wind_direction]: Publishing: "id137:S"
[publish_wind_direction-2] [INFO] [1749221635.913049872] [publish_wind_direction]: Publishing: "id137:S"
[publish_wind_direction-2] [INFO] [1749221640.913212700] [publish_wind_direction]: Publishing: "id137:S"
[publish_wind_direction-2] [INFO] [1749221645.913042043] [publish_wind_direction]: Publishing: "id137:S"
[publish_wind_direction-2] [INFO] [1749221650.913027615] [publish_wind_direction]: Publishing: "id137:S"
[publish_wind_direction-2] [INFO] [1749221655.912982138] [publish_wind_direction]: Publishing: "id137:S"
[publish_wind_direction-2] [INFO] [1749221660.912947832] [publish_wind_direction]: Publishing: "id137:S"
[publish_wind_direction-2] [INFO] [1749221665.912957747] [publish_wind_direction]: Publishing: "id137:S"
[publish_wind_direction-2] [INFO] [1749221670.912969923] [publish_wind_direction]: Publishing: "id137:S"
[publish_wind_direction-2] [INFO] [1749221675.913290370] [publish_wind_direction]: Publishing: "id137:S"
[publish_wind_direction-2] [INFO] [1749221680.913145353] [publish_wind_direction]: Publishing: "id137:S"
[publish_wind_direction-2] [INFO] [1749221685.913152619] [publish_wind_direction]: Publishing: "id137:S"
[publish_wind_direction-2] [INFO] [1749221690.913225930] [publish_wind_direction]: Publishing: "id137:S"
[publish_wind_direction-2] [INFO] [1749221695.913224081] [publish_wind_direction]: Publishing: "id137:S"
[publish_wind_direction-2] [INFO] [1749221700.913155669] [publish_wind_direction]: Publishing: "id137:S"
[publish_wind_direction-2] [INFO] [1749221705.913251063] [publish_wind_direction]: Publishing: "id137:S"
[publish_wind_direction-2] [INFO] [1749221710.913191246] [publish_wind_direction]: Publishing: "id137:S"
[publish_wind_direction-2] [INFO] [1749221715.913158552] [publish_wind_direction]: Publishing: "id137:S"
[publish_wind_direction-2] [INFO] [1749221720.913229399] [publish_wind_direction]: Publishing: "id137:S"
[publish_wind_direction-2] [INFO] [1749221725.913251115] [publish_wind_direction]: Publishing: "id137:S"
[publish_wind_direction-2] [INFO] [1749221730.913256251] [publish_wind_direction]: Publishing: "id137:S"
[publish_wind_direction-2] [INFO] [1749221735.913224853] [publish_wind_direction]: Publishing: "id137:S"
[publish_wind_direction-2] [INFO] [1749221740.913200606] [publish_wind_direction]: Publishing: "id137:S"
[publish_wind_direction-2] [INFO] [1749221745.913943760] [publish_wind_direction]: Publishing: "id137:S"
[publish_wind_direction-2] [INFO] [1749221750.913240686] [publish_wind_direction]: Publishing: "id137:S"
[publish_wind_direction-2] [INFO] [1749221755.913253102] [publish_wind_direction]: Publishing: "id137:S"
[publish_wind_direction-2] [INFO] [1749221760.913253050] [publish_wind_direction]: Publishing: "id137:S"
[publish_wind_direction-2] [INFO] [1749221765.913255000] [publish_wind_direction]: Publishing: "id137:S"
[publish_wind_direction-2] [INFO] [1749221770.913281273] [publish_wind_direction]: Publishing: "id137:S"
[publish_wind_direction-2] [INFO] [1749221775.913376500] [publish_wind_direction]: Publishing: "id137:S"
[publish_wind_direction-2] [INFO] [1749221780.913222665] [publish_wind_direction]: Publishing: "id137:S"
[publish_wind_direction-2] [INFO] [1749221785.913142451] [publish_wind_direction]: Publishing: "id137:S"
[publish_wind_direction-2] [INFO] [1749221790.913226693] [publish_wind_direction]: Publishing: "id137:S"
[publish_wind_direction-2] [INFO] [1749221795.913315862] [publish_wind_direction]: Publishing: "id137:S"
[publish_wind_direction-2] [INFO] [1749221800.915564175] [publish_wind_direction]: Publishing: "id137:S"
[publish_wind_direction-2] [INFO] [1749221805.913118142] [publish_wind_direction]: Publishing: "id137:S"
[publish_wind_direction-2] [INFO] [1749221810.913184506] [publish_wind_direction]: Publishing: "id137:S"
[publish_wind_direction-2] [INFO] [1749221815.913277529] [publish_wind_direction]: Publishing: "id137:S"
[publish_wind_direction-2] [INFO] [1749221820.913207153] [publish_wind_direction]: Publishing: "id137:S"
[publish_wind_direction-2] [INFO] [1749221825.913145687] [publish_wind_direction]: Publishing: "id137:S"
[publish_wind_direction-2] [INFO] [1749221830.913211792] [publish_wind_direction]: Publishing: "id137:S"
[publish_wind_direction-2] [INFO] [1749221835.913180543] [publish_wind_direction]: Publishing: "id137:S"
[publish_wind_direction-2] [INFO] [1749221840.913307597] [publish_wind_direction]: Publishing: "id137:S"
[publish_wind_direction-2] [INFO] [1749221845.913043310] [publish_wind_direction]: Publishing: "id137:S"
[publish_wind_direction-2] [INFO] [1749221850.913067416] [publish_wind_direction]: Publishing: "id137:S"
[publish_wind_direction-2] [INFO] [1749221855.913081296] [publish_wind_direction]: Publishing: "id137:S"
[publish_wind_direction-2] [INFO] [1749221860.913066109] [publish_wind_direction]: Publishing: "id137:S"
[publish_wind_direction-2] [INFO] [1749221865.913207243] [publish_wind_direction]: Publishing: "id137:S"
[publish_wind_direction-2] [INFO] [1749221870.913171214] [publish_wind_direction]: Publishing: "id137:S"
[publish_wind_direction-2] [INFO] [1749221875.913176201] [publish_wind_direction]: Publishing: "id137:S"
[publish_wind_direction-2] [INFO] [1749221880.913056880] [publish_wind_direction]: Publishing: "id137:S"
[publish_wind_direction-2] [INFO] [1749221885.913210241] [publish_wind_direction]: Publishing: "id137:S"
[publish_wind_direction-2] [INFO] [1749221890.913143996] [publish_wind_direction]: Publishing: "id137:S"
[publish_wind_direction-2] [INFO] [1749221895.913256786] [publish_wind_direction]: Publishing: "id137:S"
[publish_wind_direction-2] [INFO] [1749221900.913164290] [publish_wind_direction]: Publishing: "id137:S"
[publish_wind_direction-2] [INFO] [1749221905.913212109] [publish_wind_direction]: Publishing: "id137:S"
[publish_wind_direction-2] [INFO] [1749221910.913101588] [publish_wind_direction]: Publishing: "id137:S"
[publish_wind_direction-2] [INFO] [1749221915.913096478] [publish_wind_direction]: Publishing: "id137:S"
[publish_wind_direction-2] [INFO] [1749221920.912927838] [publish_wind_direction]: Publishing: "id137:S"
[publish_wind_direction-2] [INFO] [1749221925.912875145] [publish_wind_direction]: Publishing: "id137:S"
[publish_wind_direction-2] [INFO] [1749221930.912911512] [publish_wind_direction]: Publishing: "id137:S"
[publish_wind_direction-2] [INFO] [1749221935.912939938] [publish_wind_direction]: Publishing: "id137:S"
[publish_wind_direction-2] [INFO] [1749221940.912951915] [publish_wind_direction]: Publishing: "id137:S"
[publish_wind_direction-2] [INFO] [1749221945.913060556] [publish_wind_direction]: Publishing: "id137:S"
[publish_wind_direction-2] [INFO] [1749221950.913200084] [publish_wind_direction]: Publishing: "id137:S"
[publish_wind_direction-2] [INFO] [1749221955.913165512] [publish_wind_direction]: Publishing: "id137:S"
[publish_wind_direction-2] [INFO] [1749221960.913171582] [publish_wind_direction]: Publishing: "id137:S"
[publish_wind_direction-2] [INFO] [1749221965.913058532] [publish_wind_direction]: Publishing: "id137:S"
[publish_wind_direction-2] [INFO] [1749221970.913213620] [publish_wind_direction]: Publishing: "id137:S"
[publish_wind_direction-2] [INFO] [1749221975.913379020] [publish_wind_direction]: Publishing: "id137:S"
[publish_wind_direction-2] [INFO] [1749221980.913121440] [publish_wind_direction]: Publishing: "id137:S"
[publish_wind_direction-2] [INFO] [1749221985.913211165] [publish_wind_direction]: Publishing: "id137:S"
[publish_wind_direction-2] [INFO] [1749221990.913368056] [publish_wind_direction]: Publishing: "id137:S"
[publish_wind_direction-2] [INFO] [1749221995.913173174] [publish_wind_direction]: Publishing: "id137:S"
[publish_wind_direction-2] [INFO] [1749222000.913175497] [publish_wind_direction]: Publishing: "id137:S"
[publish_wind_direction-2] [INFO] [1749222005.913161220] [publish_wind_direction]: Publishing: "id137:S"
[publish_wind_direction-2] [INFO] [1749222010.914446287] [publish_wind_direction]: Publishing: "id137:S"
[publish_wind_direction-2] [INFO] [1749222015.913141859] [publish_wind_direction]: Publishing: "id137:S"
[publish_wind_direction-2] [INFO] [1749222020.913173210] [publish_wind_direction]: Publishing: "id137:S"
[publish_wind_direction-2] [INFO] [1749222025.913146922] [publish_wind_direction]: Publishing: "id137:S"
[publish_wind_direction-2] [INFO] [1749222030.913324198] [publish_wind_direction]: Publishing: "id137:S"
[publish_wind_direction-2] [INFO] [1749222035.913207195] [publish_wind_direction]: Publishing: "id137:S"
[publish_wind_direction-2] [INFO] [1749222040.913166215] [publish_wind_direction]: Publishing: "id137:S"
[publish_wind_direction-2] [INFO] [1749222045.913189951] [publish_wind_direction]: Publishing: "id137:S"
[publish_wind_direction-2] [INFO] [1749222050.913182631] [publish_wind_direction]: Publishing: "id137:S"
[publish_wind_direction-2] [INFO] [1749222055.913245244] [publish_wind_direction]: Publishing: "id137:S"
[publish_wind_direction-2] [INFO] [1749222060.913198988] [publish_wind_direction]: Publishing: "id137:S"
[publish_wind_direction-2] [INFO] [1749222065.913087177] [publish_wind_direction]: Publishing: "id137:S"
[publish_wind_direction-2] [INFO] [1749222070.913235893] [publish_wind_direction]: Publishing: "id137:S"
[publish_wind_direction-2] [INFO] [1749222075.913147985] [publish_wind_direction]: Publishing: "id137:S"
[publish_wind_direction-2] [INFO] [1749222080.913147838] [publish_wind_direction]: Publishing: "id137:S"
[publish_wind_direction-2] [INFO] [1749222085.913121234] [publish_wind_direction]: Publishing: "id137:S"
[publish_wind_direction-2] [INFO] [1749222090.912966148] [publish_wind_direction]: Raising exception
[publish_wind_direction-2] [INFO] [1749222090.915817694] [publish_wind_direction]: Publisher stopping, exception
[INFO] [publish_wind_direction-2]: process has finished cleanly [pid 848]
[random_robot_move-1] [INFO] [1749222104.619416344] [random_robot_move]: Exception, shutting down
