1749823634.4196043 [INFO] [launch]: All log files can be found below /home/thymio/ros_logs/2025-06-13-14-07-14-416456-thymio-2168
1749823634.4202917 [INFO] [launch]: Default logging verbosity is set to INFO
1749823634.7237506 [INFO] [random_robot_move-1]: process started with pid [2169]
1749823634.7247379 [INFO] [service_vicon_node-2]: process started with pid [2171]
1749823634.7254801 [INFO] [service_neighbours_opinions-3]: process started with pid [2173]
1749823634.7261715 [INFO] [publish_wind_direction-4]: process started with pid [2175]
1749823636.3823748 [service_neighbours_opinions-3] [INFO] [1749823636.381183621] [service_neighbours_opinions]: Physical Ip=192.168.4.68, id=id68
1749823636.3870442 [service_neighbours_opinions-3] [INFO] [1749823636.386357047] [service_neighbours_opinions]: Updated ID from mapping: id137
1749823636.4016435 [service_neighbours_opinions-3] [INFO] [1749823636.400734954] [service_neighbours_opinions]: Subscribed to: wind_direction/id68
1749823636.4063175 [service_vicon_node-2] [INFO] [1749823636.405079121] [service_vicon_node]: Physical Ip=192.168.4.68, id=id68
1749823636.4074597 [service_neighbours_opinions-3] [INFO] [1749823636.405123565] [service_neighbours_opinions]: Subscribed to: wind_direction/id136
1749823636.4091985 [service_vicon_node-2] [INFO] [1749823636.408445825] [service_vicon_node]: Updated ID from mapping: id137
1749823636.4107521 [service_neighbours_opinions-3] [INFO] [1749823636.410149825] [service_neighbours_opinions]: Subscribed to: wind_direction/id142
1749823636.4150157 [service_neighbours_opinions-3] [INFO] [1749823636.414270825] [service_neighbours_opinions]: Subscribed to: wind_direction/id151
1749823636.4191897 [service_neighbours_opinions-3] [INFO] [1749823636.418516158] [service_neighbours_opinions]: Subscribed to: wind_direction/id152
1749823636.4212759 [service_vicon_node-2] [INFO] [1749823636.420088899] [service_vicon_node]: Subscribed to: vicon/default/data
1749823636.4233730 [service_neighbours_opinions-3] [INFO] [1749823636.422839491] [service_neighbours_opinions]: Subscribed to: wind_direction/id155
1749823636.4280295 [service_neighbours_opinions-3] [INFO] [1749823636.426922139] [service_neighbours_opinions]: Subscribed to: wind_direction/id189
1749823636.4368765 [service_neighbours_opinions-3] [INFO] [1749823636.431005639] [service_neighbours_opinions]: Subscribed to: wind_direction/id192
1749823636.4380991 [service_neighbours_opinions-3] [INFO] [1749823636.434517176] [service_neighbours_opinions]: Subscribed to: wind_direction/id193
1749823636.4394727 [service_neighbours_opinions-3] [INFO] [1749823636.438257750] [service_neighbours_opinions]: Subscribed to: wind_direction/id194
1749823636.4443290 [service_neighbours_opinions-3] [INFO] [1749823636.442105176] [service_neighbours_opinions]: Subscribed to: wind_direction/id195
1749823636.4464595 [service_neighbours_opinions-3] [INFO] [1749823636.445897862] [service_neighbours_opinions]: Subscribed to: wind_direction/id200
1749823636.4500582 [service_neighbours_opinions-3] [INFO] [1749823636.449453010] [service_neighbours_opinions]: Subscribed to: wind_direction/id206
1749823636.4542804 [service_neighbours_opinions-3] [INFO] [1749823636.452799084] [service_neighbours_opinions]: Subscribed to: wind_direction/id207
1749823636.4568958 [service_neighbours_opinions-3] [INFO] [1749823636.456339750] [service_neighbours_opinions]: Subscribed to: wind_direction/id223
1749823636.4604356 [service_neighbours_opinions-3] [INFO] [1749823636.459836676] [service_neighbours_opinions]: Subscribed to: wind_direction/id224
1749823636.4639018 [service_neighbours_opinions-3] [INFO] [1749823636.463281584] [service_neighbours_opinions]: Subscribed to: wind_direction/id236
1749823636.4675951 [service_neighbours_opinions-3] [INFO] [1749823636.466894324] [service_neighbours_opinions]: Subscribed to: wind_direction/id247
1749823636.4709752 [service_neighbours_opinions-3] [INFO] [1749823636.470333658] [service_neighbours_opinions]: Subscribed to: wind_direction/id1193
1749823637.1674836 [publish_wind_direction-4] /usr/lib/python3/dist-packages/scipy/__init__.py:146: UserWarning: A NumPy version >=1.17.3 and <1.25.0 is required for this version of SciPy (detected version 1.26.4
1749823637.1681352 [publish_wind_direction-4]   warnings.warn(f"A NumPy version >={np_minversion} and <{np_maxversion}"
1749823638.1097746 [publish_wind_direction-4] [INFO] [1749823638.109159953] [publish_wind_direction]: Physical Ip=192.168.4.68, id=id68
1749823638.1125529 [publish_wind_direction-4] [INFO] [1749823638.111900490] [publish_wind_direction]: Updated ID from mapping: id137
1749823638.1201398 [publish_wind_direction-4] [INFO] [1749823638.119448101] [publish_wind_direction]: Publsihing on: wind_direction/id137
1749823644.3183036 [random_robot_move-1] [INFO] [1749823644.317507431] [random_robot_move]: Robot Control Node started.
1749823648.4573383 [service_vicon_node-2] [INFO] [1749823648.456621132] [service_vicon_node]: Vicon Position= [87.51049041748047, -236.27049255371094], yaw: -190.61097578247896
1749823648.4602051 [service_vicon_node-2] [INFO] [1749823648.459510817] [service_vicon_node]: Neighbours: {'id200', 'id195', 'id247', 'id193', 'id152', 'id192', 'id136', 'id189', 'id151', 'id142', 'id223', 'id155', 'id194', 'id206', 'id68'}
1749823658.6508915 [service_vicon_node-2] [INFO] [1749823658.650065145] [service_vicon_node]: Vicon Position= [73.48983001708984, -464.6725769042969], yaw: -285.2841200169814
1749823658.6578782 [service_vicon_node-2] [INFO] [1749823658.657048515] [service_vicon_node]: Neighbours: {'id195', 'id247', 'id193', 'id152', 'id192', 'id136', 'id151', 'id142', 'id223', 'id155', 'id194', 'id68'}
1749823663.1751828 [publish_wind_direction-4] [ERROR] [1749823663.174531642] [publish_wind_direction]: get_pose_data service not available!
1749823666.3915634 [service_neighbours_opinions-3] [INFO] [1749823666.390492362] [service_neighbours_opinions]: * Received from id207, wind direction W
1749823666.4006793 [service_neighbours_opinions-3] [INFO] [1749823666.394017659] [service_neighbours_opinions]: All opinions = {'id207': 'W'}
1749823666.4047821 [service_neighbours_opinions-3] [INFO] [1749823666.396737677] [service_neighbours_opinions]: All opinions size= 1
1749823666.4075103 [service_neighbours_opinions-3] [INFO] [1749823666.402276973] [service_neighbours_opinions]: * Received from id152, wind direction E
1749823666.4091215 [service_neighbours_opinions-3] [INFO] [1749823666.405285177] [service_neighbours_opinions]: All opinions = {'id207': 'W', 'id152': 'E'}
1749823666.4107919 [service_neighbours_opinions-3] [INFO] [1749823666.408357084] [service_neighbours_opinions]: All opinions size= 2
1749823669.4648376 [service_vicon_node-2] [INFO] [1749823669.464036286] [service_vicon_node]: Vicon Position= [136.13958740234375, -629.1779174804688], yaw: -327.1641077603295
1749823669.4686284 [service_vicon_node-2] [INFO] [1749823669.467820694] [service_vicon_node]: Neighbours: {'id195', 'id247', 'id192', 'id151', 'id142', 'id223', 'id155', 'id136', 'id68'}
1749823671.0512016 [service_neighbours_opinions-3] [INFO] [1749823671.050392378] [service_neighbours_opinions]: * Received from id68, wind direction E
1749823671.0548389 [service_neighbours_opinions-3] [INFO] [1749823671.054061193] [service_neighbours_opinions]: All opinions = {'id207': 'W', 'id152': 'E', 'id68': 'E'}
1749823671.0578895 [service_neighbours_opinions-3] [INFO] [1749823671.057271934] [service_neighbours_opinions]: All opinions size= 3
1749823676.0139718 [service_neighbours_opinions-3] [INFO] [1749823676.013219486] [service_neighbours_opinions]: * Received from id207, wind direction W
1749823676.0200348 [service_neighbours_opinions-3] [INFO] [1749823676.019365079] [service_neighbours_opinions]: All opinions = {'id207': 'W', 'id152': 'E', 'id68': 'E'}
1749823676.0249839 [service_neighbours_opinions-3] [INFO] [1749823676.024294968] [service_neighbours_opinions]: All opinions size= 3
1749823679.3793213 [service_neighbours_opinions-3] [INFO] [1749823679.378572984] [service_neighbours_opinions]: * Received from id1193, wind direction N
1749823679.3834643 [service_neighbours_opinions-3] [INFO] [1749823679.381711595] [service_neighbours_opinions]: All opinions = {'id207': 'W', 'id152': 'E', 'id68': 'E', 'id1193': 'N'}
1749823679.3852136 [service_neighbours_opinions-3] [INFO] [1749823679.384637429] [service_neighbours_opinions]: All opinions size= 4
1749823681.0684147 [service_neighbours_opinions-3] [INFO] [1749823681.067673039] [service_neighbours_opinions]: * Received from id68, wind direction N
1749823681.0729015 [service_neighbours_opinions-3] [INFO] [1749823681.071000668] [service_neighbours_opinions]: All opinions = {'id207': 'W', 'id152': 'E', 'id68': 'N', 'id1193': 'N'}
1749823681.0751500 [service_neighbours_opinions-3] [INFO] [1749823681.073969594] [service_neighbours_opinions]: All opinions size= 4
1749823681.0803039 [service_neighbours_opinions-3] [INFO] [1749823681.079180853] [service_neighbours_opinions]: * Received from id152, wind direction S
1749823681.0825257 [service_neighbours_opinions-3] [INFO] [1749823681.081941928] [service_neighbours_opinions]: All opinions = {'id207': 'W', 'id152': 'S', 'id68': 'N', 'id1193': 'N'}
1749823681.0854132 [service_neighbours_opinions-3] [INFO] [1749823681.084433390] [service_neighbours_opinions]: All opinions size= 4
1749823681.0886862 [service_neighbours_opinions-3] [INFO] [1749823681.087752835] [service_neighbours_opinions]: * Received from id207, wind direction W
1749823681.0911505 [service_neighbours_opinions-3] [INFO] [1749823681.090454335] [service_neighbours_opinions]: All opinions = {'id207': 'W', 'id152': 'S', 'id68': 'N', 'id1193': 'N'}
1749823681.0934741 [service_neighbours_opinions-3] [INFO] [1749823681.092903928] [service_neighbours_opinions]: All opinions size= 4
1749823681.0967133 [service_neighbours_opinions-3] [INFO] [1749823681.095795798] [service_neighbours_opinions]: * Received from id247, wind direction S
1749823681.0990601 [service_neighbours_opinions-3] [INFO] [1749823681.098315946] [service_neighbours_opinions]: All opinions = {'id207': 'W', 'id152': 'S', 'id68': 'N', 'id1193': 'N', 'id247': 'S'}
1749823681.1020334 [service_neighbours_opinions-3] [INFO] [1749823681.100772353] [service_neighbours_opinions]: All opinions size= 5
1749823682.2221084 [service_vicon_node-2] [INFO] [1749823682.221191797] [service_vicon_node]: Vicon Position= [488.960205078125, -949.6068725585938], yaw: -317.9873098527257
1749823682.2275434 [service_vicon_node-2] [INFO] [1749823682.224791019] [service_vicon_node]: Neighbours: {'id207', 'id192', 'id155', 'id68'}
1749823682.5430954 [service_neighbours_opinions-3] [INFO] [1749823682.542275260] [service_neighbours_opinions]: * Received from id206, wind direction W
1749823682.5508945 [service_neighbours_opinions-3] [INFO] [1749823682.550125130] [service_neighbours_opinions]: Comm. Noise, new received opinion: N
1749823682.5555341 [service_neighbours_opinions-3] [INFO] [1749823682.554897371] [service_neighbours_opinions]: All opinions = {'id207': 'W', 'id152': 'S', 'id68': 'N', 'id1193': 'N', 'id247': 'S', 'id206': 'N'}
1749823682.5581419 [service_neighbours_opinions-3] [INFO] [1749823682.557506056] [service_neighbours_opinions]: All opinions size= 6
1749823683.2657633 [service_neighbours_opinions-3] [INFO] [1749823683.265061130] [service_neighbours_opinions]: * Received from id247, wind direction S
1749823683.2704906 [service_neighbours_opinions-3] [INFO] [1749823683.269814111] [service_neighbours_opinions]: Comm. Noise, new received opinion: E
1749823683.2733638 [service_neighbours_opinions-3] [INFO] [1749823683.272713834] [service_neighbours_opinions]: All opinions = {'id207': 'W', 'id152': 'S', 'id68': 'N', 'id1193': 'N', 'id247': 'E', 'id206': 'N'}
1749823683.2758992 [service_neighbours_opinions-3] [INFO] [1749823683.275374204] [service_neighbours_opinions]: All opinions size= 6
1749823684.0565159 [service_neighbours_opinions-3] [INFO] [1749823684.055779444] [service_neighbours_opinions]: * Received from id247, wind direction S
1749823684.0611892 [service_neighbours_opinions-3] [INFO] [1749823684.060528111] [service_neighbours_opinions]: All opinions = {'id207': 'W', 'id152': 'S', 'id68': 'N', 'id1193': 'N', 'id247': 'S', 'id206': 'N'}
1749823684.0638824 [service_neighbours_opinions-3] [INFO] [1749823684.063151037] [service_neighbours_opinions]: All opinions size= 6
1749823685.6392415 [service_neighbours_opinions-3] [INFO] [1749823685.638575554] [service_neighbours_opinions]: * Received from id247, wind direction S
1749823685.6420002 [service_neighbours_opinions-3] [INFO] [1749823685.641393017] [service_neighbours_opinions]: All opinions = {'id207': 'W', 'id152': 'S', 'id68': 'N', 'id1193': 'N', 'id247': 'S', 'id206': 'N'}
1749823685.6447222 [service_neighbours_opinions-3] [INFO] [1749823685.644078814] [service_neighbours_opinions]: All opinions size= 6
1749823685.7581644 [service_neighbours_opinions-3] [INFO] [1749823685.757499665] [service_neighbours_opinions]: * Received from id152, wind direction N
1749823685.7609367 [service_neighbours_opinions-3] [INFO] [1749823685.760316091] [service_neighbours_opinions]: All opinions = {'id207': 'W', 'id152': 'N', 'id68': 'N', 'id1193': 'N', 'id247': 'S', 'id206': 'N'}
1749823685.7639041 [service_neighbours_opinions-3] [INFO] [1749823685.762986665] [service_neighbours_opinions]: All opinions size= 6
1749823688.2355347 [publish_wind_direction-4] [ERROR] [1749823688.234846886] [publish_wind_direction]: get_opinions service not available!
1749823688.2406929 [publish_wind_direction-4] [INFO] [1749823688.240008645] [publish_wind_direction]: Main Pub Node: Requesting Pose Info
1749823693.1230738 [publish_wind_direction-4] [INFO] [1749823693.122417957] [publish_wind_direction]: Main Pub Node: Requesting Pose Info
1749823693.6912210 [service_vicon_node-2] [INFO] [1749823693.690293327] [service_vicon_node]: Vicon Position= [646.96533203125, -925.3157958984375], yaw: -153.05903611636498
1749823693.6940005 [service_vicon_node-2] [INFO] [1749823693.693188568] [service_vicon_node]: Neighbours: {'id224', 'id192', 'id223', 'id155', 'id68'}
1749823698.1234741 [publish_wind_direction-4] [INFO] [1749823698.122754917] [publish_wind_direction]: Main Pub Node: Requesting Pose Info
1749823699.6199782 [service_neighbours_opinions-3] [INFO] [1749823699.619133287] [service_neighbours_opinions]: * Received from id192, wind direction S
1749823699.6228564 [service_neighbours_opinions-3] [INFO] [1749823699.622195139] [service_neighbours_opinions]: All opinions = {'id207': 'W', 'id152': 'N', 'id68': 'N', 'id1193': 'N', 'id247': 'S', 'id206': 'N', 'id192': 'S'}
1749823699.6256652 [service_neighbours_opinions-3] [INFO] [1749823699.625003528] [service_neighbours_opinions]: All opinions size= 7
1749823701.5272996 [service_neighbours_opinions-3] [INFO] [1749823701.526445601] [service_neighbours_opinions]: * Received from id68, wind direction N
1749823701.5354421 [service_neighbours_opinions-3] [INFO] [1749823701.534811823] [service_neighbours_opinions]: Comm. Noise, new received opinion: S
1749823701.5380452 [service_neighbours_opinions-3] [INFO] [1749823701.537451767] [service_neighbours_opinions]: All opinions = {'id207': 'W', 'id152': 'N', 'id68': 'S', 'id1193': 'N', 'id247': 'S', 'id206': 'N', 'id192': 'S'}
1749823701.5405667 [service_neighbours_opinions-3] [INFO] [1749823701.539943175] [service_neighbours_opinions]: All opinions size= 7
1749823703.1236925 [publish_wind_direction-4] [INFO] [1749823703.122826192] [publish_wind_direction]: Main Pub Node: Requesting Pose Info
1749823703.8882320 [service_vicon_node-2] [INFO] [1749823703.887301118] [service_vicon_node]: Vicon Position= [828.4262084960938, -603.53369140625], yaw: -139.25187793502133
1749823703.8909507 [service_vicon_node-2] [INFO] [1749823703.890295414] [service_vicon_node]: Neighbours: {'id207', 'id192', 'id223', 'id155', 'id68'}
1749823708.1233830 [publish_wind_direction-4] [INFO] [1749823708.122747671] [publish_wind_direction]: Main Pub Node: Requesting Pose Info
1749823713.1233687 [publish_wind_direction-4] [INFO] [1749823713.122703297] [publish_wind_direction]: Main Pub Node: Requesting Pose Info
1749823714.0883710 [service_vicon_node-2] [INFO] [1749823714.087625037] [service_vicon_node]: Vicon Position= [855.5069580078125, -467.0945129394531], yaw: -248.99883376787585
1749823714.0911973 [service_vicon_node-2] [INFO] [1749823714.090550537] [service_vicon_node]: Neighbours: {'id207', 'id192', 'id223', 'id155', 'id68'}
1749823718.1238754 [publish_wind_direction-4] [INFO] [1749823718.123101868] [publish_wind_direction]: Main Pub Node: Requesting Pose Info
1749823719.8857617 [service_neighbours_opinions-3] [INFO] [1749823719.885052256] [service_neighbours_opinions]: * Received from id194, wind direction S
1749823719.8910210 [service_neighbours_opinions-3] [INFO] [1749823719.889588404] [service_neighbours_opinions]: All opinions = {'id207': 'W', 'id152': 'N', 'id68': 'S', 'id1193': 'N', 'id247': 'S', 'id206': 'N', 'id192': 'S', 'id194': 'S'}
1749823719.8933101 [service_neighbours_opinions-3] [INFO] [1749823719.892483497] [service_neighbours_opinions]: All opinions size= 8
1749823720.1603260 [service_vicon_node-2] [INFO] [1749823720.159263812] [service_vicon_node]: Request received. Responding with pos=array('f', [909.157470703125, -449.44873046875]), yaw=-201.80052117234413, neigh=['id207', 'id192', 'id223', 'id155', 'id68']Response to be returned: service_messages.srv.GetPoseData_Response(my_position_xy=[909.157470703125, -449.44873046875], my_vicon_yaw=-201.80052117234413, neighbours_by_id=['id207', 'id192', 'id223', 'id155', 'id68'])
1749823720.1648264 [service_vicon_node-2] [INFO] [1749823720.163808719] [service_vicon_node]: Request received. Responding with pos=array('f', [909.157470703125, -449.44873046875]), yaw=-201.80052117234413, neigh=['id207', 'id192', 'id223', 'id155', 'id68']Response to be returned: service_messages.srv.GetPoseData_Response(my_position_xy=[909.157470703125, -449.44873046875], my_vicon_yaw=-201.80052117234413, neighbours_by_id=['id207', 'id192', 'id223', 'id155', 'id68'])
1749823720.1688826 [service_vicon_node-2] [INFO] [1749823720.167991182] [service_vicon_node]: Request received. Responding with pos=array('f', [909.157470703125, -449.44873046875]), yaw=-201.80052117234413, neigh=['id207', 'id192', 'id223', 'id155', 'id68']Response to be returned: service_messages.srv.GetPoseData_Response(my_position_xy=[909.157470703125, -449.44873046875], my_vicon_yaw=-201.80052117234413, neighbours_by_id=['id207', 'id192', 'id223', 'id155', 'id68'])
1749823720.1729577 [service_vicon_node-2] [INFO] [1749823720.172196034] [service_vicon_node]: Request received. Responding with pos=array('f', [909.157470703125, -449.44873046875]), yaw=-201.80052117234413, neigh=['id207', 'id192', 'id223', 'id155', 'id68']Response to be returned: service_messages.srv.GetPoseData_Response(my_position_xy=[909.157470703125, -449.44873046875], my_vicon_yaw=-201.80052117234413, neighbours_by_id=['id207', 'id192', 'id223', 'id155', 'id68'])
1749823720.1772418 [service_vicon_node-2] [INFO] [1749823720.176520589] [service_vicon_node]: Request received. Responding with pos=array('f', [909.157470703125, -449.44873046875]), yaw=-201.80052117234413, neigh=['id207', 'id192', 'id223', 'id155', 'id68']Response to be returned: service_messages.srv.GetPoseData_Response(my_position_xy=[909.157470703125, -449.44873046875], my_vicon_yaw=-201.80052117234413, neighbours_by_id=['id207', 'id192', 'id223', 'id155', 'id68'])
1749823720.6142554 [service_neighbours_opinions-3] [INFO] [1749823720.613493904] [service_neighbours_opinions]: * Received from id68, wind direction S
1749823720.6191072 [service_neighbours_opinions-3] [INFO] [1749823720.618427034] [service_neighbours_opinions]: All opinions = {'id207': 'W', 'id152': 'N', 'id68': 'S', 'id1193': 'N', 'id247': 'S', 'id206': 'N', 'id192': 'S', 'id194': 'S'}
1749823720.6235881 [service_neighbours_opinions-3] [INFO] [1749823720.622640941] [service_neighbours_opinions]: All opinions size= 8
1749823721.4291811 [service_neighbours_opinions-3] [INFO] [1749823721.428506441] [service_neighbours_opinions]: * Received from id192, wind direction S
1749823721.4319615 [service_neighbours_opinions-3] [INFO] [1749823721.431372552] [service_neighbours_opinions]: All opinions = {'id207': 'W', 'id152': 'N', 'id68': 'S', 'id1193': 'N', 'id247': 'S', 'id206': 'N', 'id192': 'S', 'id194': 'S'}
1749823721.4346318 [service_neighbours_opinions-3] [INFO] [1749823721.434002311] [service_neighbours_opinions]: All opinions size= 8
1749823723.1234736 [publish_wind_direction-4] [INFO] [1749823723.122746458] [publish_wind_direction]: Main Pub Node: Requesting Pose Info
1749823723.1275301 [service_vicon_node-2] [INFO] [1749823723.126818180] [service_vicon_node]: Request received. Responding with pos=array('f', [1007.11572265625, -237.3106689453125]), yaw=-140.42770104911466, neigh=['id207', 'id192', 'id223', 'id68']Response to be returned: service_messages.srv.GetPoseData_Response(my_position_xy=[1007.11572265625, -237.3106689453125], my_vicon_yaw=-140.42770104911466, neighbours_by_id=['id207', 'id192', 'id223', 'id68'])
1749823725.0193770 [service_vicon_node-2] [INFO] [1749823725.018596624] [service_vicon_node]: Vicon Position= [1007.11572265625, -237.3106689453125], yaw: -140.42770104911466
1749823725.0237951 [service_vicon_node-2] [INFO] [1749823725.022973587] [service_vicon_node]: Neighbours: {'id207', 'id192', 'id223', 'id68'}
1749823726.2319324 [service_neighbours_opinions-3] [INFO] [1749823726.230819419] [service_neighbours_opinions]: * Received from id189, wind direction N
1749823726.2352717 [service_neighbours_opinions-3] [INFO] [1749823726.234530882] [service_neighbours_opinions]: Comm. Noise, new received opinion: S
1749823726.2402925 [service_neighbours_opinions-3] [INFO] [1749823726.239594160] [service_neighbours_opinions]: All opinions = {'id207': 'W', 'id152': 'N', 'id68': 'S', 'id1193': 'N', 'id247': 'S', 'id206': 'N', 'id192': 'S', 'id194': 'S', 'id189': 'S'}
1749823726.2443964 [service_neighbours_opinions-3] [INFO] [1749823726.243690586] [service_neighbours_opinions]: All opinions size= 9
1749823728.1234434 [publish_wind_direction-4] [INFO] [1749823728.122701270] [publish_wind_direction]: Main Pub Node: Requesting Pose Info
1749823728.1275156 [service_vicon_node-2] [INFO] [1749823728.126830474] [service_vicon_node]: Request received. Responding with pos=array('f', [1005.1284790039062, -234.41268920898438]), yaw=-151.42744885915369, neigh=['id207', 'id192', 'id223', 'id68']Response to be returned: service_messages.srv.GetPoseData_Response(my_position_xy=[1005.1284790039062, -234.41268920898438], my_vicon_yaw=-151.42744885915369, neighbours_by_id=['id207', 'id192', 'id223', 'id68'])
1749823728.3707416 [service_neighbours_opinions-3] [INFO] [1749823728.370009029] [service_neighbours_opinions]: * Received from id223, wind direction N
1749823728.3805075 [service_neighbours_opinions-3] [INFO] [1749823728.379671140] [service_neighbours_opinions]: All opinions = {'id207': 'W', 'id152': 'N', 'id68': 'S', 'id1193': 'N', 'id247': 'S', 'id206': 'N', 'id192': 'S', 'id194': 'S', 'id189': 'S', 'id223': 'N'}
1749823728.3832021 [service_neighbours_opinions-3] [INFO] [1749823728.382410455] [service_neighbours_opinions]: All opinions size= 10
1749823729.7558084 [service_neighbours_opinions-3] [INFO] [1749823729.754886436] [service_neighbours_opinions]: * Received from id194, wind direction N
1749823729.7591298 [service_neighbours_opinions-3] [INFO] [1749823729.758309750] [service_neighbours_opinions]: All opinions = {'id207': 'W', 'id152': 'N', 'id68': 'S', 'id1193': 'N', 'id247': 'S', 'id206': 'N', 'id192': 'S', 'id194': 'N', 'id189': 'S', 'id223': 'N'}
1749823729.7624447 [service_neighbours_opinions-3] [INFO] [1749823729.761696695] [service_neighbours_opinions]: All opinions size= 10
1749823731.1602280 [service_neighbours_opinions-3] [INFO] [1749823731.159439620] [service_neighbours_opinions]: * Received from id68, wind direction S
1749823731.1647744 [service_neighbours_opinions-3] [INFO] [1749823731.163961453] [service_neighbours_opinions]: All opinions = {'id207': 'W', 'id152': 'N', 'id68': 'S', 'id1193': 'N', 'id247': 'S', 'id206': 'N', 'id192': 'S', 'id194': 'N', 'id189': 'S', 'id223': 'N'}
1749823731.1676469 [service_neighbours_opinions-3] [INFO] [1749823731.166825398] [service_neighbours_opinions]: All opinions size= 10
1749823732.6930461 [service_neighbours_opinions-3] [INFO] [1749823732.692227378] [service_neighbours_opinions]: * Received from id206, wind direction S
1749823732.6963205 [service_neighbours_opinions-3] [INFO] [1749823732.695537397] [service_neighbours_opinions]: All opinions = {'id207': 'W', 'id152': 'N', 'id68': 'S', 'id1193': 'N', 'id247': 'S', 'id206': 'S', 'id192': 'S', 'id194': 'N', 'id189': 'S', 'id223': 'N'}
1749823732.6994233 [service_neighbours_opinions-3] [INFO] [1749823732.698481100] [service_neighbours_opinions]: All opinions size= 10
1749823733.1236982 [publish_wind_direction-4] [INFO] [1749823733.122728193] [publish_wind_direction]: Main Pub Node: Requesting Pose Info
1749823733.1279397 [service_vicon_node-2] [INFO] [1749823733.126927563] [service_vicon_node]: Request received. Responding with pos=array('f', [830.0262451171875, 0.8275927305221558]), yaw=-129.7122538599039, neigh=['id195', 'id152', 'id207', 'id192', 'id189', 'id223', 'id68']Response to be returned: service_messages.srv.GetPoseData_Response(my_position_xy=[830.0262451171875, 0.8275927305221558], my_vicon_yaw=-129.7122538599039, neighbours_by_id=['id195', 'id152', 'id207', 'id192', 'id189', 'id223', 'id68'])
1749823735.0557635 [service_neighbours_opinions-3] [INFO] [1749823735.054961673] [service_neighbours_opinions]: * Received from id194, wind direction S
1749823735.0586557 [service_neighbours_opinions-3] [INFO] [1749823735.057958729] [service_neighbours_opinions]: All opinions = {'id207': 'W', 'id152': 'N', 'id68': 'S', 'id1193': 'N', 'id247': 'S', 'id206': 'S', 'id192': 'S', 'id194': 'S', 'id189': 'S', 'id223': 'N'}
1749823735.0613260 [service_neighbours_opinions-3] [INFO] [1749823735.060692692] [service_neighbours_opinions]: All opinions size= 10
1749823735.1328237 [service_vicon_node-2] [INFO] [1749823735.131503988] [service_vicon_node]: Vicon Position= [828.0018920898438, -43.97616958618164], yaw: -116.2337905535447
1749823735.1385524 [service_vicon_node-2] [INFO] [1749823735.135033988] [service_vicon_node]: Neighbours: {'id195', 'id152', 'id207', 'id192', 'id189', 'id223', 'id68'}
1749823736.3058913 [service_neighbours_opinions-3] [INFO] [1749823736.304905524] [service_neighbours_opinions]: * Received from id206, wind direction W
1749823736.3095119 [service_neighbours_opinions-3] [INFO] [1749823736.308763321] [service_neighbours_opinions]: Comm. Noise, new received opinion: N
1749823736.3130639 [service_neighbours_opinions-3] [INFO] [1749823736.312382672] [service_neighbours_opinions]: All opinions = {'id207': 'W', 'id152': 'N', 'id68': 'S', 'id1193': 'N', 'id247': 'S', 'id206': 'N', 'id192': 'S', 'id194': 'S', 'id189': 'S', 'id223': 'N'}
1749823736.3169801 [service_neighbours_opinions-3] [INFO] [1749823736.315935950] [service_neighbours_opinions]: All opinions size= 10
1749823736.3213987 [service_neighbours_opinions-3] [INFO] [1749823736.320810580] [service_neighbours_opinions]: * Received from id247, wind direction W
1749823736.3242800 [service_neighbours_opinions-3] [INFO] [1749823736.323697246] [service_neighbours_opinions]: All opinions = {'id207': 'W', 'id152': 'N', 'id68': 'S', 'id1193': 'N', 'id247': 'W', 'id206': 'N', 'id192': 'S', 'id194': 'S', 'id189': 'S', 'id223': 'N'}
1749823736.3271918 [service_neighbours_opinions-3] [INFO] [1749823736.326144487] [service_neighbours_opinions]: All opinions size= 10
1749823737.2044432 [service_neighbours_opinions-3] [INFO] [1749823737.203563450] [service_neighbours_opinions]: * Received from id136, wind direction N
1749823737.2080069 [service_neighbours_opinions-3] [INFO] [1749823737.207358079] [service_neighbours_opinions]: All opinions = {'id207': 'W', 'id152': 'N', 'id68': 'S', 'id1193': 'N', 'id247': 'W', 'id206': 'N', 'id192': 'S', 'id194': 'S', 'id189': 'S', 'id223': 'N', 'id136': 'N'}
1749823737.2110660 [service_neighbours_opinions-3] [INFO] [1749823737.210287542] [service_neighbours_opinions]: All opinions size= 11
1749823738.1235664 [publish_wind_direction-4] [INFO] [1749823738.122821727] [publish_wind_direction]: Main Pub Node: Requesting Pose Info
1749823738.1276784 [service_vicon_node-2] [INFO] [1749823738.126959319] [service_vicon_node]: Request received. Responding with pos=array('f', [824.7998657226562, -49.40801239013672]), yaw=-147.29187670388814, neigh=['id195', 'id152', 'id207', 'id192', 'id189', 'id223', 'id68']Response to be returned: service_messages.srv.GetPoseData_Response(my_position_xy=[824.7998657226562, -49.40801239013672], my_vicon_yaw=-147.29187670388814, neighbours_by_id=['id195', 'id152', 'id207', 'id192', 'id189', 'id223', 'id68'])
1749823740.9662604 [service_neighbours_opinions-3] [INFO] [1749823740.965275855] [service_neighbours_opinions]: * Received from id206, wind direction W
1749823740.9690325 [service_neighbours_opinions-3] [INFO] [1749823740.968302781] [service_neighbours_opinions]: All opinions = {'id207': 'W', 'id152': 'N', 'id68': 'S', 'id1193': 'N', 'id247': 'W', 'id206': 'W', 'id192': 'S', 'id194': 'S', 'id189': 'S', 'id223': 'N', 'id136': 'N'}
1749823740.9720049 [service_neighbours_opinions-3] [INFO] [1749823740.971331003] [service_neighbours_opinions]: All opinions size= 11
1749823741.4009421 [service_neighbours_opinions-3] [INFO] [1749823741.400232966] [service_neighbours_opinions]: * Received from id136, wind direction S
1749823741.4056833 [service_neighbours_opinions-3] [INFO] [1749823741.405008299] [service_neighbours_opinions]: All opinions = {'id207': 'W', 'id152': 'N', 'id68': 'S', 'id1193': 'N', 'id247': 'W', 'id206': 'W', 'id192': 'S', 'id194': 'S', 'id189': 'S', 'id223': 'N', 'id136': 'S'}
1749823741.4083714 [service_neighbours_opinions-3] [INFO] [1749823741.407711058] [service_neighbours_opinions]: All opinions size= 11
1749823743.1238985 [publish_wind_direction-4] [INFO] [1749823743.123166965] [publish_wind_direction]: Main Pub Node: Requesting Pose Info
1749823743.1280129 [service_vicon_node-2] [INFO] [1749823743.127303779] [service_vicon_node]: Request received. Responding with pos=array('f', [756.3107299804688, -64.1481704711914]), yaw=-243.14631508167756, neigh=['id195', 'id152', 'id207', 'id192', 'id223', 'id68']Response to be returned: service_messages.srv.GetPoseData_Response(my_position_xy=[756.3107299804688, -64.1481704711914], my_vicon_yaw=-243.14631508167756, neighbours_by_id=['id195', 'id152', 'id207', 'id192', 'id223', 'id68'])
1749823744.7932925 [service_neighbours_opinions-3] [INFO] [1749823744.792593075] [service_neighbours_opinions]: * Received from id194, wind direction W
1749823744.7997108 [service_neighbours_opinions-3] [INFO] [1749823744.799039834] [service_neighbours_opinions]: All opinions = {'id207': 'W', 'id152': 'N', 'id68': 'S', 'id1193': 'N', 'id247': 'W', 'id206': 'W', 'id192': 'S', 'id194': 'W', 'id189': 'S', 'id223': 'N', 'id136': 'S'}
1749823744.8025463 [service_neighbours_opinions-3] [INFO] [1749823744.801689797] [service_neighbours_opinions]: All opinions size= 11
1749823745.4960346 [service_neighbours_opinions-3] [INFO] [1749823745.495055537] [service_neighbours_opinions]: * Received from id68, wind direction S
1749823745.4999189 [service_neighbours_opinions-3] [INFO] [1749823745.498937852] [service_neighbours_opinions]: All opinions = {'id207': 'W', 'id152': 'N', 'id68': 'S', 'id1193': 'N', 'id247': 'W', 'id206': 'W', 'id192': 'S', 'id194': 'W', 'id189': 'S', 'id223': 'N', 'id136': 'S'}
1749823745.5025806 [service_neighbours_opinions-3] [INFO] [1749823745.501741241] [service_neighbours_opinions]: All opinions size= 11
1749823745.6046388 [service_neighbours_opinions-3] [INFO] [1749823745.603353963] [service_neighbours_opinions]: * Received from id207, wind direction W
1749823745.6136565 [service_neighbours_opinions-3] [INFO] [1749823745.607776259] [service_neighbours_opinions]: All opinions = {'id207': 'W', 'id152': 'N', 'id68': 'S', 'id1193': 'N', 'id247': 'W', 'id206': 'W', 'id192': 'S', 'id194': 'W', 'id189': 'S', 'id223': 'N', 'id136': 'S'}
1749823745.6144426 [service_neighbours_opinions-3] [INFO] [1749823745.610657685] [service_neighbours_opinions]: All opinions size= 11
1749823745.6528614 [service_neighbours_opinions-3] [INFO] [1749823745.644390833] [service_neighbours_opinions]: * Received from id247, wind direction W
1749823745.6534536 [service_neighbours_opinions-3] [INFO] [1749823745.647629426] [service_neighbours_opinions]: All opinions = {'id207': 'W', 'id152': 'N', 'id68': 'S', 'id1193': 'N', 'id247': 'W', 'id206': 'W', 'id192': 'S', 'id194': 'W', 'id189': 'S', 'id223': 'N', 'id136': 'S'}
1749823745.6539738 [service_neighbours_opinions-3] [INFO] [1749823745.650480759] [service_neighbours_opinions]: All opinions size= 11
1749823746.2572432 [service_vicon_node-2] [INFO] [1749823746.256489278] [service_vicon_node]: Vicon Position= [796.47314453125, 267.524658203125], yaw: -135.4614613909818
1749823746.2614334 [service_vicon_node-2] [INFO] [1749823746.260693574] [service_vicon_node]: Neighbours: {'id193', 'id195', 'id207', 'id192', 'id189', 'id194', 'id68'}
1749823748.1236603 [publish_wind_direction-4] [INFO] [1749823748.122881702] [publish_wind_direction]: Main Pub Node: Requesting Pose Info
1749823748.1278327 [service_vicon_node-2] [INFO] [1749823748.127160202] [service_vicon_node]: Request received. Responding with pos=array('f', [795.1937866210938, 285.99481201171875]), yaw=-163.0220484358207, neigh=['id193', 'id195', 'id207', 'id192', 'id189', 'id194', 'id68']Response to be returned: service_messages.srv.GetPoseData_Response(my_position_xy=[795.1937866210938, 285.99481201171875], my_vicon_yaw=-163.0220484358207, neighbours_by_id=['id193', 'id195', 'id207', 'id192', 'id189', 'id194', 'id68'])
1749823749.6172829 [service_neighbours_opinions-3] [INFO] [1749823749.616586239] [service_neighbours_opinions]: * Received from id194, wind direction E
1749823749.6219707 [service_neighbours_opinions-3] [INFO] [1749823749.621218572] [service_neighbours_opinions]: Comm. Noise, new received opinion: N
1749823749.6247921 [service_neighbours_opinions-3] [INFO] [1749823749.623990646] [service_neighbours_opinions]: All opinions = {'id207': 'W', 'id152': 'N', 'id68': 'S', 'id1193': 'N', 'id247': 'W', 'id206': 'W', 'id192': 'S', 'id194': 'N', 'id189': 'S', 'id223': 'N', 'id136': 'S'}
1749823749.6275325 [service_neighbours_opinions-3] [INFO] [1749823749.626925609] [service_neighbours_opinions]: All opinions size= 11
1749823751.6720982 [service_neighbours_opinions-3] [INFO] [1749823751.671382478] [service_neighbours_opinions]: * Received from id200, wind direction N
1749823751.6768758 [service_neighbours_opinions-3] [INFO] [1749823751.674315497] [service_neighbours_opinions]: All opinions = {'id207': 'W', 'id152': 'N', 'id68': 'S', 'id1193': 'N', 'id247': 'W', 'id206': 'W', 'id192': 'S', 'id194': 'N', 'id189': 'S', 'id223': 'N', 'id136': 'S', 'id200': 'N'}
1749823751.6781774 [service_neighbours_opinions-3] [INFO] [1749823751.677210941] [service_neighbours_opinions]: All opinions size= 12
1749823752.9118595 [service_neighbours_opinions-3] [INFO] [1749823752.911150070] [service_neighbours_opinions]: * Received from id200, wind direction N
1749823752.9162762 [service_neighbours_opinions-3] [INFO] [1749823752.915579885] [service_neighbours_opinions]: All opinions = {'id207': 'W', 'id152': 'N', 'id68': 'S', 'id1193': 'N', 'id247': 'W', 'id206': 'W', 'id192': 'S', 'id194': 'N', 'id189': 'S', 'id223': 'N', 'id136': 'S', 'id200': 'N'}
1749823752.9190249 [service_neighbours_opinions-3] [INFO] [1749823752.918405496] [service_neighbours_opinions]: All opinions size= 12
1749823753.1232836 [publish_wind_direction-4] [INFO] [1749823753.122559588] [publish_wind_direction]: Main Pub Node: Requesting Pose Info
1749823753.1271937 [service_vicon_node-2] [INFO] [1749823753.126528459] [service_vicon_node]: Request received. Responding with pos=array('f', [789.2579956054688, 346.6346740722656]), yaw=-124.70980010600316, neigh=['id193', 'id195', 'id207', 'id192', 'id189', 'id194', 'id68']Response to be returned: service_messages.srv.GetPoseData_Response(my_position_xy=[789.2579956054688, 346.6346740722656], my_vicon_yaw=-124.70980010600316, neighbours_by_id=['id193', 'id195', 'id207', 'id192', 'id189', 'id194', 'id68'])
1749823755.3854759 [service_neighbours_opinions-3] [INFO] [1749823755.384787531] [service_neighbours_opinions]: * Received from id194, wind direction E
1749823755.3912051 [service_neighbours_opinions-3] [INFO] [1749823755.390555568] [service_neighbours_opinions]: All opinions = {'id207': 'W', 'id152': 'N', 'id68': 'S', 'id1193': 'N', 'id247': 'W', 'id206': 'W', 'id192': 'S', 'id194': 'E', 'id189': 'S', 'id223': 'N', 'id136': 'S', 'id200': 'N'}
1749823755.3937833 [service_neighbours_opinions-3] [INFO] [1749823755.393197309] [service_neighbours_opinions]: All opinions size= 12
1749823756.7136707 [service_neighbours_opinions-3] [INFO] [1749823756.712993142] [service_neighbours_opinions]: * Received from id136, wind direction S
1749823756.7167585 [service_neighbours_opinions-3] [INFO] [1749823756.715950142] [service_neighbours_opinions]: All opinions = {'id207': 'W', 'id152': 'N', 'id68': 'S', 'id1193': 'N', 'id247': 'W', 'id206': 'W', 'id192': 'S', 'id194': 'E', 'id189': 'S', 'id223': 'N', 'id136': 'S', 'id200': 'N'}
1749823756.7195377 [service_neighbours_opinions-3] [INFO] [1749823756.718692457] [service_neighbours_opinions]: All opinions size= 12
1749823756.7578094 [service_vicon_node-2] [INFO] [1749823756.757102660] [service_vicon_node]: Vicon Position= [783.5792236328125, 404.3702697753906], yaw: -123.1959164101985
1749823756.7606564 [service_vicon_node-2] [INFO] [1749823756.759989512] [service_vicon_node]: Neighbours: {'id193', 'id195', 'id207', 'id192', 'id189', 'id194'}
1749823756.9653137 [service_neighbours_opinions-3] [INFO] [1749823756.964612975] [service_neighbours_opinions]: * Received from id193, wind direction N
1749823756.9689403 [service_neighbours_opinions-3] [INFO] [1749823756.968288234] [service_neighbours_opinions]: All opinions = {'id207': 'W', 'id152': 'N', 'id68': 'S', 'id1193': 'N', 'id247': 'W', 'id206': 'W', 'id192': 'S', 'id194': 'E', 'id189': 'S', 'id223': 'N', 'id136': 'S', 'id200': 'N', 'id193': 'N'}
1749823756.9717944 [service_neighbours_opinions-3] [INFO] [1749823756.971182605] [service_neighbours_opinions]: All opinions size= 13
1749823758.1239421 [publish_wind_direction-4] [INFO] [1749823758.123215530] [publish_wind_direction]: Main Pub Node: Requesting Pose Info
1749823758.1284010 [service_vicon_node-2] [INFO] [1749823758.127633733] [service_vicon_node]: Request received. Responding with pos=array('f', [764.6134643554688, 620.4716796875]), yaw=-136.3191232505723, neigh=['id189', 'id207', 'id193', 'id195']Response to be returned: service_messages.srv.GetPoseData_Response(my_position_xy=[764.6134643554688, 620.4716796875], my_vicon_yaw=-136.3191232505723, neighbours_by_id=['id189', 'id207', 'id193', 'id195'])
1749823759.3063629 [service_neighbours_opinions-3] [INFO] [1749823759.305641399] [service_neighbours_opinions]: * Received from id194, wind direction S
1749823759.3096464 [service_neighbours_opinions-3] [INFO] [1749823759.309002159] [service_neighbours_opinions]: All opinions = {'id207': 'W', 'id152': 'N', 'id68': 'S', 'id1193': 'N', 'id247': 'W', 'id206': 'W', 'id192': 'S', 'id194': 'S', 'id189': 'S', 'id223': 'N', 'id136': 'S', 'id200': 'N', 'id193': 'N'}
1749823759.3140328 [service_neighbours_opinions-3] [INFO] [1749823759.313322844] [service_neighbours_opinions]: All opinions size= 13
1749823760.4327106 [service_neighbours_opinions-3] [INFO] [1749823760.431558825] [service_neighbours_opinions]: * Received from id68, wind direction S
1749823760.4358485 [service_neighbours_opinions-3] [INFO] [1749823760.434805825] [service_neighbours_opinions]: All opinions = {'id207': 'W', 'id152': 'N', 'id68': 'S', 'id1193': 'N', 'id247': 'W', 'id206': 'W', 'id192': 'S', 'id194': 'S', 'id189': 'S', 'id223': 'N', 'id136': 'S', 'id200': 'N', 'id193': 'N'}
1749823760.4385118 [service_neighbours_opinions-3] [INFO] [1749823760.437853251] [service_neighbours_opinions]: All opinions size= 13
1749823760.4952002 [service_neighbours_opinions-3] [INFO] [1749823760.493820176] [service_neighbours_opinions]: * Received from id200, wind direction E
1749823760.4980302 [service_neighbours_opinions-3] [INFO] [1749823760.497010843] [service_neighbours_opinions]: All opinions = {'id207': 'W', 'id152': 'N', 'id68': 'S', 'id1193': 'N', 'id247': 'W', 'id206': 'W', 'id192': 'S', 'id194': 'S', 'id189': 'S', 'id223': 'N', 'id136': 'S', 'id200': 'E', 'id193': 'N'}
1749823760.5011654 [service_neighbours_opinions-3] [INFO] [1749823760.500022695] [service_neighbours_opinions]: All opinions size= 13
1749823760.6146219 [service_neighbours_opinions-3] [INFO] [1749823760.613884565] [service_neighbours_opinions]: * Received from id193, wind direction N
1749823760.6181958 [service_neighbours_opinions-3] [INFO] [1749823760.617510473] [service_neighbours_opinions]: Comm. Noise, new received opinion: E
1749823760.6210406 [service_neighbours_opinions-3] [INFO] [1749823760.620441510] [service_neighbours_opinions]: All opinions = {'id207': 'W', 'id152': 'N', 'id68': 'S', 'id1193': 'N', 'id247': 'W', 'id206': 'W', 'id192': 'S', 'id194': 'S', 'id189': 'S', 'id223': 'N', 'id136': 'S', 'id200': 'E', 'id193': 'E'}
1749823760.6238329 [service_neighbours_opinions-3] [INFO] [1749823760.623229843] [service_neighbours_opinions]: All opinions size= 13
1749823760.6283329 [service_neighbours_opinions-3] [INFO] [1749823760.627703825] [service_neighbours_opinions]: * Received from id189, wind direction W
1749823760.6307805 [service_neighbours_opinions-3] [INFO] [1749823760.630217362] [service_neighbours_opinions]: All opinions = {'id207': 'W', 'id152': 'N', 'id68': 'S', 'id1193': 'N', 'id247': 'W', 'id206': 'W', 'id192': 'S', 'id194': 'S', 'id189': 'W', 'id223': 'N', 'id136': 'S', 'id200': 'E', 'id193': 'E'}
1749823760.6332278 [service_neighbours_opinions-3] [INFO] [1749823760.632658732] [service_neighbours_opinions]: All opinions size= 13
1749823760.6369681 [service_neighbours_opinions-3] [INFO] [1749823760.635853491] [service_neighbours_opinions]: * Received from id207, wind direction W
1749823760.6394718 [service_neighbours_opinions-3] [INFO] [1749823760.638626084] [service_neighbours_opinions]: All opinions = {'id207': 'W', 'id152': 'N', 'id68': 'S', 'id1193': 'N', 'id247': 'W', 'id206': 'W', 'id192': 'S', 'id194': 'S', 'id189': 'W', 'id223': 'N', 'id136': 'S', 'id200': 'E', 'id193': 'E'}
1749823760.6420588 [service_neighbours_opinions-3] [INFO] [1749823760.641297010] [service_neighbours_opinions]: All opinions size= 13
1749823760.6567144 [service_neighbours_opinions-3] [INFO] [1749823760.655819491] [service_neighbours_opinions]: * Received from id247, wind direction N
1749823760.6597178 [service_neighbours_opinions-3] [INFO] [1749823760.658832843] [service_neighbours_opinions]: All opinions = {'id207': 'W', 'id152': 'N', 'id68': 'S', 'id1193': 'N', 'id247': 'N', 'id206': 'W', 'id192': 'S', 'id194': 'S', 'id189': 'W', 'id223': 'N', 'id136': 'S', 'id200': 'E', 'id193': 'E'}
1749823760.6628773 [service_neighbours_opinions-3] [INFO] [1749823760.662011991] [service_neighbours_opinions]: All opinions size= 13
1749823760.7091413 [service_neighbours_opinions-3] [INFO] [1749823760.707516380] [service_neighbours_opinions]: * Received from id206, wind direction W
1749823760.7118208 [service_neighbours_opinions-3] [INFO] [1749823760.710784732] [service_neighbours_opinions]: All opinions = {'id207': 'W', 'id152': 'N', 'id68': 'S', 'id1193': 'N', 'id247': 'N', 'id206': 'W', 'id192': 'S', 'id194': 'S', 'id189': 'W', 'id223': 'N', 'id136': 'S', 'id200': 'E', 'id193': 'E'}
1749823760.7147753 [service_neighbours_opinions-3] [INFO] [1749823760.713910176] [service_neighbours_opinions]: All opinions size= 13
1749823760.8274329 [service_neighbours_opinions-3] [INFO] [1749823760.826132047] [service_neighbours_opinions]: * Received from id136, wind direction S
1749823760.8300276 [service_neighbours_opinions-3] [INFO] [1749823760.829175843] [service_neighbours_opinions]: All opinions = {'id207': 'W', 'id152': 'N', 'id68': 'S', 'id1193': 'N', 'id247': 'N', 'id206': 'W', 'id192': 'S', 'id194': 'S', 'id189': 'W', 'id223': 'N', 'id136': 'S', 'id200': 'E', 'id193': 'E'}
1749823760.8328459 [service_neighbours_opinions-3] [INFO] [1749823760.831949732] [service_neighbours_opinions]: All opinions size= 13
1749823760.8499954 [service_neighbours_opinions-3] [INFO] [1749823760.849284417] [service_neighbours_opinions]: * Received from id151, wind direction S
1749823760.8532705 [service_neighbours_opinions-3] [INFO] [1749823760.852627436] [service_neighbours_opinions]: All opinions = {'id207': 'W', 'id152': 'N', 'id68': 'S', 'id1193': 'N', 'id247': 'N', 'id206': 'W', 'id192': 'S', 'id194': 'S', 'id189': 'W', 'id223': 'N', 'id136': 'S', 'id200': 'E', 'id193': 'E', 'id151': 'S'}
1749823760.8563502 [service_neighbours_opinions-3] [INFO] [1749823760.855666065] [service_neighbours_opinions]: All opinions size= 14
1749823763.1238980 [publish_wind_direction-4] [INFO] [1749823763.123177842] [publish_wind_direction]: Main Pub Node: Requesting Pose Info
1749823763.1293223 [service_vicon_node-2] [INFO] [1749823763.128582008] [service_vicon_node]: Request received. Responding with pos=array('f', [798.1232299804688, 708.5054931640625]), yaw=-154.1766798039141, neigh=['id189', 'id207', 'id193']Response to be returned: service_messages.srv.GetPoseData_Response(my_position_xy=[798.1232299804688, 708.5054931640625], my_vicon_yaw=-154.1766798039141, neighbours_by_id=['id189', 'id207', 'id193'])
1749823764.2589500 [service_neighbours_opinions-3] [INFO] [1749823764.258246915] [service_neighbours_opinions]: * Received from id194, wind direction E
1749823764.2618279 [service_neighbours_opinions-3] [INFO] [1749823764.261200452] [service_neighbours_opinions]: All opinions = {'id207': 'W', 'id152': 'N', 'id68': 'S', 'id1193': 'N', 'id247': 'N', 'id206': 'W', 'id192': 'S', 'id194': 'E', 'id189': 'W', 'id223': 'N', 'id136': 'S', 'id200': 'E', 'id193': 'E', 'id151': 'S'}
1749823764.2646468 [service_neighbours_opinions-3] [INFO] [1749823764.263985804] [service_neighbours_opinions]: All opinions size= 14
1749823765.4608829 [service_neighbours_opinions-3] [INFO] [1749823765.460203507] [service_neighbours_opinions]: * Received from id193, wind direction W
1749823765.4637294 [service_neighbours_opinions-3] [INFO] [1749823765.463117229] [service_neighbours_opinions]: All opinions = {'id207': 'W', 'id152': 'N', 'id68': 'S', 'id1193': 'N', 'id247': 'N', 'id206': 'W', 'id192': 'S', 'id194': 'E', 'id189': 'W', 'id223': 'N', 'id136': 'S', 'id200': 'E', 'id193': 'W', 'id151': 'S'}
1749823765.4666378 [service_neighbours_opinions-3] [INFO] [1749823765.465988988] [service_neighbours_opinions]: All opinions size= 14
1749823765.5090079 [service_neighbours_opinions-3] [INFO] [1749823765.508370914] [service_neighbours_opinions]: * Received from id200, wind direction N
1749823765.5119860 [service_neighbours_opinions-3] [INFO] [1749823765.511393766] [service_neighbours_opinions]: All opinions = {'id207': 'W', 'id152': 'N', 'id68': 'S', 'id1193': 'N', 'id247': 'N', 'id206': 'W', 'id192': 'S', 'id194': 'E', 'id189': 'W', 'id223': 'N', 'id136': 'S', 'id200': 'N', 'id193': 'W', 'id151': 'S'}
1749823765.5153966 [service_neighbours_opinions-3] [INFO] [1749823765.514746025] [service_neighbours_opinions]: All opinions size= 14
1749823765.5208004 [service_neighbours_opinions-3] [INFO] [1749823765.520071155] [service_neighbours_opinions]: * Received from id207, wind direction W
1749823765.5239179 [service_neighbours_opinions-3] [INFO] [1749823765.523285748] [service_neighbours_opinions]: All opinions = {'id207': 'W', 'id152': 'N', 'id68': 'S', 'id1193': 'N', 'id247': 'N', 'id206': 'W', 'id192': 'S', 'id194': 'E', 'id189': 'W', 'id223': 'N', 'id136': 'S', 'id200': 'N', 'id193': 'W', 'id151': 'S'}
1749823765.5270815 [service_neighbours_opinions-3] [INFO] [1749823765.526430673] [service_neighbours_opinions]: All opinions size= 14
1749823765.5527821 [service_neighbours_opinions-3] [INFO] [1749823765.551990229] [service_neighbours_opinions]: * Received from id247, wind direction S
1749823765.5558190 [service_neighbours_opinions-3] [INFO] [1749823765.555204914] [service_neighbours_opinions]: All opinions = {'id207': 'W', 'id152': 'N', 'id68': 'S', 'id1193': 'N', 'id247': 'S', 'id206': 'W', 'id192': 'S', 'id194': 'E', 'id189': 'W', 'id223': 'N', 'id136': 'S', 'id200': 'N', 'id193': 'W', 'id151': 'S'}
1749823765.5588696 [service_neighbours_opinions-3] [INFO] [1749823765.558238062] [service_neighbours_opinions]: All opinions size= 14
1749823765.7468758 [service_neighbours_opinions-3] [INFO] [1749823765.746224173] [service_neighbours_opinions]: * Received from id189, wind direction S
1749823765.7496257 [service_neighbours_opinions-3] [INFO] [1749823765.748999136] [service_neighbours_opinions]: All opinions = {'id207': 'W', 'id152': 'N', 'id68': 'S', 'id1193': 'N', 'id247': 'S', 'id206': 'W', 'id192': 'S', 'id194': 'E', 'id189': 'S', 'id223': 'N', 'id136': 'S', 'id200': 'N', 'id193': 'W', 'id151': 'S'}
1749823765.7524886 [service_neighbours_opinions-3] [INFO] [1749823765.751822470] [service_neighbours_opinions]: All opinions size= 14
1749823765.7567673 [service_neighbours_opinions-3] [INFO] [1749823765.756175247] [service_neighbours_opinions]: * Received from id151, wind direction E
1749823765.7597082 [service_neighbours_opinions-3] [INFO] [1749823765.758782025] [service_neighbours_opinions]: All opinions = {'id207': 'W', 'id152': 'N', 'id68': 'S', 'id1193': 'N', 'id247': 'S', 'id206': 'W', 'id192': 'S', 'id194': 'E', 'id189': 'S', 'id223': 'N', 'id136': 'S', 'id200': 'N', 'id193': 'W', 'id151': 'E'}
1749823765.7618730 [service_neighbours_opinions-3] [INFO] [1749823765.761311414] [service_neighbours_opinions]: All opinions size= 14
1749823765.8076265 [service_neighbours_opinions-3] [INFO] [1749823765.806644044] [service_neighbours_opinions]: * Received from id206, wind direction W
1749823765.8108373 [service_neighbours_opinions-3] [INFO] [1749823765.810011377] [service_neighbours_opinions]: Comm. Noise, new received opinion: S
1749823765.8135023 [service_neighbours_opinions-3] [INFO] [1749823765.812744933] [service_neighbours_opinions]: All opinions = {'id207': 'W', 'id152': 'N', 'id68': 'S', 'id1193': 'N', 'id247': 'S', 'id206': 'S', 'id192': 'S', 'id194': 'E', 'id189': 'S', 'id223': 'N', 'id136': 'S', 'id200': 'N', 'id193': 'W', 'id151': 'E'}
1749823765.8158505 [service_neighbours_opinions-3] [INFO] [1749823765.815237118] [service_neighbours_opinions]: All opinions size= 14
1749823766.3962805 [service_neighbours_opinions-3] [INFO] [1749823766.395540414] [service_neighbours_opinions]: * Received from id136, wind direction E
1749823766.3993151 [service_neighbours_opinions-3] [INFO] [1749823766.398709303] [service_neighbours_opinions]: All opinions = {'id207': 'W', 'id152': 'N', 'id68': 'S', 'id1193': 'N', 'id247': 'S', 'id206': 'S', 'id192': 'S', 'id194': 'E', 'id189': 'S', 'id223': 'N', 'id136': 'E', 'id200': 'N', 'id193': 'W', 'id151': 'E'}
1749823766.4035180 [service_neighbours_opinions-3] [INFO] [1749823766.402769340] [service_neighbours_opinions]: All opinions size= 14
1749823766.7881501 [service_vicon_node-2] [INFO] [1749823766.787362080] [service_vicon_node]: Vicon Position= [0.0, 0.0], yaw: -159.28226704636884
1749823766.7908101 [service_vicon_node-2] [INFO] [1749823766.790162043] [service_vicon_node]: Neighbours: {'id224', 'id152', 'id189', 'id151', 'id223', 'id155', 'id194', 'id206', 'id68'}
1749823770.0175483 [publish_wind_direction-4] [INFO] [1749823770.016917949] [publish_wind_direction]: Pose Response: pos=array('f', [909.157470703125, -449.44873046875]) yaw=-201.80052185058594
1749823770.0200078 [publish_wind_direction-4] [INFO] [1749823770.019468226] [publish_wind_direction]: ***Cam angle= -170.41467073257888, vico ang deg= -201.80052185058594 Ground Truth= 347.7848074168352
1749823770.0225103 [publish_wind_direction-4] [INFO] [1749823770.021949912] [publish_wind_direction]: Neighbour info requested
1749823770.0265017 [publish_wind_direction-4] [INFO] [1749823770.025820393] [publish_wind_direction]: Main Pub Node: Requesting Pose Info
1749823770.0287397 [service_neighbours_opinions-3] [INFO] [1749823770.027986949] [service_neighbours_opinions]: Requested ['id207', 'id192', 'id223', 'id155', 'id68'], responding ['W', 'S', 'N', 'S']
1749823770.0309782 [service_vicon_node-2] [INFO] [1749823770.030236986] [service_vicon_node]: Request received. Responding with pos=array('f', [893.0546264648438, 912.88818359375]), yaw=-167.66165270422385, neigh=['id207', 'id193']Response to be returned: service_messages.srv.GetPoseData_Response(my_position_xy=[893.0546264648438, 912.88818359375], my_vicon_yaw=-167.66165270422385, neighbours_by_id=['id207', 'id193'])
1749823770.3928807 [service_neighbours_opinions-3] [INFO] [1749823770.391707356] [service_neighbours_opinions]: * Received from id68, wind direction S
1749823770.4018071 [service_neighbours_opinions-3] [INFO] [1749823770.400929467] [service_neighbours_opinions]: All opinions = {'id207': 'W', 'id152': 'N', 'id68': 'S', 'id1193': 'N', 'id247': 'S', 'id206': 'S', 'id192': 'S', 'id194': 'E', 'id189': 'S', 'id223': 'N', 'id136': 'E', 'id200': 'N', 'id193': 'W', 'id151': 'E'}
1749823770.4057734 [service_neighbours_opinions-3] [INFO] [1749823770.405036319] [service_neighbours_opinions]: All opinions size= 14
1749823770.8278522 [service_neighbours_opinions-3] [INFO] [1749823770.826070615] [service_neighbours_opinions]: * Received from id151, wind direction W
1749823770.8305922 [service_neighbours_opinions-3] [INFO] [1749823770.829883689] [service_neighbours_opinions]: All opinions = {'id207': 'W', 'id152': 'N', 'id68': 'S', 'id1193': 'N', 'id247': 'S', 'id206': 'S', 'id192': 'S', 'id194': 'E', 'id189': 'S', 'id223': 'N', 'id136': 'E', 'id200': 'N', 'id193': 'W', 'id151': 'W'}
1749823770.8335752 [service_neighbours_opinions-3] [INFO] [1749823770.832946670] [service_neighbours_opinions]: All opinions size= 14
1749823770.8386221 [service_neighbours_opinions-3] [INFO] [1749823770.837988578] [service_neighbours_opinions]: * Received from id206, wind direction E
1749823770.8413281 [service_neighbours_opinions-3] [INFO] [1749823770.840683374] [service_neighbours_opinions]: All opinions = {'id207': 'W', 'id152': 'N', 'id68': 'S', 'id1193': 'N', 'id247': 'S', 'id206': 'E', 'id192': 'S', 'id194': 'E', 'id189': 'S', 'id223': 'N', 'id136': 'E', 'id200': 'N', 'id193': 'W', 'id151': 'W'}
1749823770.8438082 [service_neighbours_opinions-3] [INFO] [1749823770.843202837] [service_neighbours_opinions]: All opinions size= 14
1749823771.0350358 [service_neighbours_opinions-3] [INFO] [1749823771.034164467] [service_neighbours_opinions]: * Received from id136, wind direction S
1749823771.0379715 [service_neighbours_opinions-3] [INFO] [1749823771.037302985] [service_neighbours_opinions]: All opinions = {'id207': 'W', 'id152': 'N', 'id68': 'S', 'id1193': 'N', 'id247': 'S', 'id206': 'E', 'id192': 'S', 'id194': 'E', 'id189': 'S', 'id223': 'N', 'id136': 'S', 'id200': 'N', 'id193': 'W', 'id151': 'W'}
1749823771.0406682 [service_neighbours_opinions-3] [INFO] [1749823771.040005207] [service_neighbours_opinions]: All opinions size= 14
1749823772.2868073 [publish_wind_direction-4] [INFO] [1749823772.286181836] [publish_wind_direction]: Pose Response: pos=array('f', [1007.11572265625, -237.3106689453125]) yaw=-140.42770385742188
1749823772.2896550 [publish_wind_direction-4] [INFO] [1749823772.289104206] [publish_wind_direction]: ***Cam angle= -166.212109333961, vico ang deg= -140.42770385742188 Ground Truth= 53.36018680861713
1749823772.2924371 [publish_wind_direction-4] [INFO] [1749823772.291830688] [publish_wind_direction]: Neighbour info requested
1749823772.2974005 [publish_wind_direction-4] [INFO] [1749823772.296788281] [publish_wind_direction]: Neighbour Opinion Response: service_messages.srv.GetOpinionData_Response(neighbours_opinions=['W', 'S', 'N', 'S'])
1749823772.2991636 [service_neighbours_opinions-3] [INFO] [1749823772.297625651] [service_neighbours_opinions]: Requested ['id207', 'id192', 'id223', 'id68'], responding ['W', 'S', 'N', 'S']
1749823772.3009274 [publish_wind_direction-4] [INFO] [1749823772.300074262] [publish_wind_direction]: Inside Decision Making, neighbours opinion: ['W', 'S', 'N', 'S']
1749823772.3034425 [publish_wind_direction-4] [INFO] [1749823772.302878169] [publish_wind_direction]: Inside Decision Making, computed social info: {'W': 1, 'S': 2, 'N': 1}
1749823772.3058827 [publish_wind_direction-4] [INFO] [1749823772.305364632] [publish_wind_direction]: Inside Decision Making, My Wind Direction: W
1749823772.3083844 [publish_wind_direction-4] [INFO] [1749823772.307813836] [publish_wind_direction]: Inside Decision Making, Decision dict: {'N': 1.0, 'S': 2.0, 'E': 0.0, 'W': 3.4}
1749823772.3118918 [publish_wind_direction-4] [INFO] [1749823772.311356781] [publish_wind_direction]: Publishing: id137:W
1749823772.3145137 [publish_wind_direction-4] [INFO] [1749823772.313963410] [publish_wind_direction]: TIME: Decision making completed at: 14:09:32.
1749823772.3169644 [publish_wind_direction-4] [INFO] [1749823772.316424336] [publish_wind_direction]: -----------------------------------------------------
1749823775.1832893 [publish_wind_direction-4] [INFO] [1749823775.182681779] [publish_wind_direction]: Pose Response: pos=array('f', [1005.1284790039062, -234.41268920898438]) yaw=-151.4274444580078
1749823775.1858506 [publish_wind_direction-4] [INFO] [1749823775.185272649] [publish_wind_direction]: ***Cam angle= -180.45917371868583, vico ang deg= -151.4274444580078 Ground Truth= 28.113381823306327
1749823775.1883540 [publish_wind_direction-4] [INFO] [1749823775.187727075] [publish_wind_direction]: Neighbour info requested
1749823775.1949365 [publish_wind_direction-4] [INFO] [1749823775.191721483] [publish_wind_direction]: Main Pub Node: Requesting Pose Info
1749823775.1984684 [service_neighbours_opinions-3] [INFO] [1749823775.194133020] [service_neighbours_opinions]: Requested ['id207', 'id192', 'id223', 'id68'], responding ['W', 'S', 'N', 'S']
1749823775.2015388 [service_vicon_node-2] [INFO] [1749823775.196203057] [service_vicon_node]: Request received. Responding with pos=array('f', [959.6675415039062, 1055.5159912109375]), yaw=-149.86786339672472, neigh=['id207', 'id193']Response to be returned: service_messages.srv.GetPoseData_Response(my_position_xy=[959.6675415039062, 1055.5159912109375], my_vicon_yaw=-149.86786339672472, neighbours_by_id=['id207', 'id193'])
1749823775.2028198 [publish_wind_direction-4] [INFO] [1749823775.196317538] [publish_wind_direction]: Neighbour Opinion Response: service_messages.srv.GetOpinionData_Response(neighbours_opinions=['W', 'S', 'N', 'S'])
1749823775.2038150 [publish_wind_direction-4] [INFO] [1749823775.199299983] [publish_wind_direction]: Inside Decision Making, neighbours opinion: ['W', 'S', 'N', 'S']
1749823775.2048595 [publish_wind_direction-4] [INFO] [1749823775.201955112] [publish_wind_direction]: Inside Decision Making, computed social info: {'W': 1, 'S': 2, 'N': 1}
1749823775.2061338 [publish_wind_direction-4] [INFO] [1749823775.204619908] [publish_wind_direction]: Inside Decision Making, My Wind Direction: N
1749823775.2077456 [publish_wind_direction-4] [INFO] [1749823775.207227612] [publish_wind_direction]: Inside Decision Making, Decision dict: {'N': 3.4, 'S': 2.0, 'E': 0.0, 'W': 1.0}
1749823775.2171662 [publish_wind_direction-4] [INFO] [1749823775.213478853] [publish_wind_direction]: Publishing: id137:N
1749823775.2241321 [publish_wind_direction-4] [INFO] [1749823775.220225668] [publish_wind_direction]: TIME: Decision making completed at: 14:09:35.
1749823775.2248676 [publish_wind_direction-4] [INFO] [1749823775.222602297] [publish_wind_direction]: -----------------------------------------------------
1749823775.8584323 [service_neighbours_opinions-3] [INFO] [1749823775.857689371] [service_neighbours_opinions]: * Received from id193, wind direction W
1749823775.8616159 [service_neighbours_opinions-3] [INFO] [1749823775.860941797] [service_neighbours_opinions]: All opinions = {'id207': 'W', 'id152': 'N', 'id68': 'S', 'id1193': 'N', 'id247': 'S', 'id206': 'E', 'id192': 'S', 'id194': 'E', 'id189': 'S', 'id223': 'N', 'id136': 'S', 'id200': 'N', 'id193': 'W', 'id151': 'W'}
1749823775.8655920 [service_neighbours_opinions-3] [INFO] [1749823775.864833241] [service_neighbours_opinions]: All opinions size= 14
1749823775.8715181 [service_neighbours_opinions-3] [INFO] [1749823775.870710353] [service_neighbours_opinions]: * Received from id200, wind direction N
1749823775.8748937 [service_neighbours_opinions-3] [INFO] [1749823775.873973927] [service_neighbours_opinions]: All opinions = {'id207': 'W', 'id152': 'N', 'id68': 'S', 'id1193': 'N', 'id247': 'S', 'id206': 'E', 'id192': 'S', 'id194': 'E', 'id189': 'S', 'id223': 'N', 'id136': 'S', 'id200': 'N', 'id193': 'W', 'id151': 'W'}
1749823775.8787575 [service_neighbours_opinions-3] [INFO] [1749823775.877070630] [service_neighbours_opinions]: All opinions size= 14
1749823776.0409982 [service_neighbours_opinions-3] [INFO] [1749823776.039978612] [service_neighbours_opinions]: * Received from id207, wind direction W
1749823776.0443904 [service_neighbours_opinions-3] [INFO] [1749823776.043578001] [service_neighbours_opinions]: Comm. Noise, new received opinion: S
1749823776.0488083 [service_neighbours_opinions-3] [INFO] [1749823776.046679945] [service_neighbours_opinions]: All opinions = {'id207': 'S', 'id152': 'N', 'id68': 'S', 'id1193': 'N', 'id247': 'S', 'id206': 'E', 'id192': 'S', 'id194': 'E', 'id189': 'S', 'id223': 'N', 'id136': 'S', 'id200': 'N', 'id193': 'W', 'id151': 'W'}
1749823776.0502987 [service_neighbours_opinions-3] [INFO] [1749823776.049541204] [service_neighbours_opinions]: All opinions size= 14
1749823781.0454018 [publish_wind_direction-4] [INFO] [1749823781.044817535] [publish_wind_direction]: Pose Response: pos=array('f', [830.0262451171875, 0.8275927305221558]) yaw=-129.71224975585938
1749823781.0475953 [publish_wind_direction-4] [INFO] [1749823781.047109886] [publish_wind_direction]: ***Cam angle= -180.45917371868583, vico ang deg= -129.71224975585938 Ground Truth= 49.828576525454764
1749823781.0498698 [publish_wind_direction-4] [INFO] [1749823781.049360035] [publish_wind_direction]: Neighbour info requested
1749823781.0536828 [publish_wind_direction-4] [INFO] [1749823781.052943590] [publish_wind_direction]: Main Pub Node: Requesting Pose Info
1749823781.0551448 [service_neighbours_opinions-3] [INFO] [1749823781.053048646] [service_neighbours_opinions]: Requested ['id195', 'id152', 'id207', 'id192', 'id189', 'id223', 'id68'], responding ['N', 'S', 'S', 'S', 'N', 'S']
1749823781.0579016 [service_vicon_node-2] [INFO] [1749823781.057258535] [service_vicon_node]: Request received. Responding with pos=array('f', [0.0, 0.0]), yaw=-159.28226704636884, neigh=['id224', 'id152', 'id189', 'id223', 'id194', 'id206', 'id68']Response to be returned: service_messages.srv.GetPoseData_Response(my_position_xy=[0.0, 0.0], my_vicon_yaw=-159.28226704636884, neighbours_by_id=['id224', 'id152', 'id189', 'id223', 'id194', 'id206', 'id68'])
1749823781.0592613 [publish_wind_direction-4] [INFO] [1749823781.058660831] [publish_wind_direction]: Neighbour Opinion Response: service_messages.srv.GetOpinionData_Response(neighbours_opinions=['W', 'S', 'N', 'S'])
1749823781.0615573 [publish_wind_direction-4] [INFO] [1749823781.061073461] [publish_wind_direction]: Inside Decision Making, neighbours opinion: ['W', 'S', 'N', 'S']
1749823781.0637615 [publish_wind_direction-4] [INFO] [1749823781.063292201] [publish_wind_direction]: Inside Decision Making, computed social info: {'W': 1, 'S': 2, 'N': 1}
1749823781.0659957 [publish_wind_direction-4] [INFO] [1749823781.065534553] [publish_wind_direction]: Inside Decision Making, My Wind Direction: W
1749823781.0682724 [publish_wind_direction-4] [INFO] [1749823781.067757886] [publish_wind_direction]: Inside Decision Making, Decision dict: {'N': 1.0, 'S': 2.0, 'E': 0.0, 'W': 3.4}
1749823781.0715342 [publish_wind_direction-4] [INFO] [1749823781.071042794] [publish_wind_direction]: Publishing: id137:W
1749823781.0740256 [publish_wind_direction-4] [INFO] [1749823781.073547479] [publish_wind_direction]: TIME: Decision making completed at: 14:09:41.
1749823781.0762661 [publish_wind_direction-4] [INFO] [1749823781.075733683] [publish_wind_direction]: -----------------------------------------------------
1749823782.0957308 [publish_wind_direction-4] [INFO] [1749823782.095144923] [publish_wind_direction]: Pose Response: pos=array('f', [824.7998657226562, -49.40801239013672]) yaw=-147.2918701171875
1749823782.0979981 [publish_wind_direction-4] [INFO] [1749823782.097518867] [publish_wind_direction]: ***Cam angle= -180.45917371868583, vico ang deg= -147.2918701171875 Ground Truth= 32.24895616412664
1749823782.1003020 [publish_wind_direction-4] [INFO] [1749823782.099735404] [publish_wind_direction]: Neighbour info requested
1749823782.1041911 [service_neighbours_opinions-3] [INFO] [1749823782.103472941] [service_neighbours_opinions]: Requested ['id195', 'id152', 'id207', 'id192', 'id189', 'id223', 'id68'], responding ['N', 'S', 'S', 'S', 'N', 'S']
1749823782.1055877 [publish_wind_direction-4] [INFO] [1749823782.104307312] [publish_wind_direction]: Neighbour Opinion Response: service_messages.srv.GetOpinionData_Response(neighbours_opinions=['N', 'S', 'S', 'S', 'N', 'S'])
1749823782.1074517 [publish_wind_direction-4] [INFO] [1749823782.106941182] [publish_wind_direction]: Inside Decision Making, neighbours opinion: ['N', 'S', 'S', 'S', 'N', 'S']
1749823782.1098812 [publish_wind_direction-4] [INFO] [1749823782.109403515] [publish_wind_direction]: Inside Decision Making, computed social info: {'N': 2, 'S': 4}
1749823782.1120429 [publish_wind_direction-4] [INFO] [1749823782.111586201] [publish_wind_direction]: Inside Decision Making, My Wind Direction: N
1749823782.1142981 [publish_wind_direction-4] [INFO] [1749823782.113819515] [publish_wind_direction]: Inside Decision Making, Decision dict: {'N': 5.6, 'S': 4.0, 'E': 0.0, 'W': 0.0}
1749823782.1176143 [publish_wind_direction-4] [INFO] [1749823782.117117164] [publish_wind_direction]: Publishing: id137:N
1749823782.1198111 [publish_wind_direction-4] [INFO] [1749823782.119346330] [publish_wind_direction]: TIME: Decision making completed at: 14:09:42.
1749823782.1220367 [publish_wind_direction-4] [INFO] [1749823782.121555534] [publish_wind_direction]: -----------------------------------------------------
1749823783.1321082 [publish_wind_direction-4] [INFO] [1749823783.131515237] [publish_wind_direction]: Pose Response: pos=array('f', [756.3107299804688, -64.1481704711914]) yaw=-243.1463165283203
1749823783.1343963 [publish_wind_direction-4] [INFO] [1749823783.133901589] [publish_wind_direction]: ***Cam angle= -180.45917371868583, vico ang deg= -243.1463165283203 Ground Truth= 296.3945097529938
1749823783.1368210 [publish_wind_direction-4] [INFO] [1749823783.136308070] [publish_wind_direction]: Neighbour info requested
1749823783.1408927 [service_neighbours_opinions-3] [INFO] [1749823783.139982700] [service_neighbours_opinions]: Requested ['id195', 'id152', 'id207', 'id192', 'id223', 'id68'], responding ['N', 'S', 'S', 'N', 'S']
1749823783.1421087 [publish_wind_direction-4] [INFO] [1749823783.139971996] [publish_wind_direction]: Main Pub Node: Requesting Pose Info
1749823783.1444550 [service_vicon_node-2] [INFO] [1749823783.143748367] [service_vicon_node]: Request received. Responding with pos=array('f', [0.0, 0.0]), yaw=-159.28226704636884, neigh=['id224', 'id152', 'id189', 'id223', 'id194', 'id206', 'id68']Response to be returned: service_messages.srv.GetPoseData_Response(my_position_xy=[0.0, 0.0], my_vicon_yaw=-159.28226704636884, neighbours_by_id=['id224', 'id152', 'id189', 'id223', 'id194', 'id206', 'id68'])
1749823783.1459186 [publish_wind_direction-4] [INFO] [1749823783.144509737] [publish_wind_direction]: Neighbour Opinion Response: service_messages.srv.GetOpinionData_Response(neighbours_opinions=['N', 'S', 'S', 'S', 'N', 'S'])
1749823783.1478786 [publish_wind_direction-4] [INFO] [1749823783.147310885] [publish_wind_direction]: Inside Decision Making, neighbours opinion: ['N', 'S', 'S', 'S', 'N', 'S']
1749823783.1502669 [publish_wind_direction-4] [INFO] [1749823783.149775052] [publish_wind_direction]: Inside Decision Making, computed social info: {'N': 2, 'S': 4}
1749823783.1525998 [publish_wind_direction-4] [INFO] [1749823783.152059570] [publish_wind_direction]: Inside Decision Making, My Wind Direction: E
1749823783.1548588 [publish_wind_direction-4] [INFO] [1749823783.154376070] [publish_wind_direction]: Inside Decision Making, Decision dict: {'N': 2.0, 'S': 4.0, 'E': 3.5999999999999996, 'W': 0.0}
1749823783.1581948 [publish_wind_direction-4] [INFO] [1749823783.157669311] [publish_wind_direction]: Publishing: id137:S
1749823783.1606045 [publish_wind_direction-4] [INFO] [1749823783.160110885] [publish_wind_direction]: TIME: Decision making completed at: 14:09:43.
1749823783.1628108 [publish_wind_direction-4] [INFO] [1749823783.162319774] [publish_wind_direction]: -----------------------------------------------------
1749823784.1730268 [publish_wind_direction-4] [INFO] [1749823784.172443811] [publish_wind_direction]: Pose Response: pos=array('f', [795.1937866210938, 285.99481201171875]) yaw=-163.0220489501953
1749823784.1752350 [publish_wind_direction-4] [INFO] [1749823784.174760144] [publish_wind_direction]: ***Cam angle= -180.45917371868583, vico ang deg= -163.0220489501953 Ground Truth= 16.518777331118827
1749823784.1775048 [publish_wind_direction-4] [INFO] [1749823784.177021681] [publish_wind_direction]: Neighbour info requested
