[INFO] [launch]: All log files can be found below /home/thymio/.ros/log/2025-06-05-12-25-07-599738-thymio-822
[INFO] [launch]: Default logging verbosity is set to INFO
[INFO] [random_robot_move-1]: process started with pid [844]
[INFO] [publish_wind_direction-2]: process started with pid [846]
[publish_wind_direction-2] /usr/lib/python3/dist-packages/scipy/__init__.py:146: UserWarning: A NumPy version >=1.17.3 and <1.25.0 is required for this version of SciPy (detected version 1.26.4
[publish_wind_direction-2]   warnings.warn(f"A NumPy version >={np_minversion} and <{np_maxversion}"
[publish_wind_direction-2] [INFO] [1749126311.074037153] [publish_wind_direction]: Physical Ip=134.34.225.193, id=id193
[random_robot_move-1] [INFO] [1749126314.046599151] [random_robot_move]: Robot Control Node started.
[publish_wind_direction-2] [INFO] [1749126316.100015094] [publish_wind_direction]: Publishing: "id193:S"
[publish_wind_direction-2] [INFO] [1749126316.104215594] [publish_wind_direction]: * Received from id193, wind direction S
[publish_wind_direction-2] [INFO] [1749126316.107232890] [publish_wind_direction]: Publisher, neighbours_by_id=set()
[publish_wind_direction-2] [INFO] [1749126320.492104740] [publish_wind_direction]: ***Cam angle= 65.31052798905006, vico ang deg= 0.0 Ground Truth= 65.31052798905006
[publish_wind_direction-2] [INFO] [1749126320.494767221] [publish_wind_direction]: Publisher, Neighbourhood size: 0
[publish_wind_direction-2] [INFO] [1749126321.099915350] [publish_wind_direction]: Publishing: "id193:S"
[publish_wind_direction-2] [INFO] [1749126321.103958813] [publish_wind_direction]: * Received from id193, wind direction S
[publish_wind_direction-2] [INFO] [1749126321.106580776] [publish_wind_direction]: Publisher, neighbours_by_id=set()
[publish_wind_direction-2] [INFO] [1749126324.996833756] [publish_wind_direction]: ***Cam angle= -149.76585358494, vico ang deg= 0.0 Ground Truth= 210.23414641506
[publish_wind_direction-2] [INFO] [1749126325.000038756] [publish_wind_direction]: Publisher, Neighbourhood size: 0
[publish_wind_direction-2] [INFO] [1749126326.101647107] [publish_wind_direction]: Publishing: "id193:S"
[publish_wind_direction-2] [INFO] [1749126326.107650829] [publish_wind_direction]: * Received from id193, wind direction S
[publish_wind_direction-2] [INFO] [1749126326.111892255] [publish_wind_direction]: Publisher, neighbours_by_id=set()
[publish_wind_direction-2] [INFO] [1749126330.038722919] [publish_wind_direction]: ***Cam angle= -138.94489677492578, vico ang deg= 0.0 Ground Truth= 221.05510322507422
[publish_wind_direction-2] [INFO] [1749126330.041129882] [publish_wind_direction]: Publisher, Neighbourhood size: 0
[publish_wind_direction-2] [INFO] [1749126331.099773733] [publish_wind_direction]: Publishing: "id193:S"
[publish_wind_direction-2] [INFO] [1749126331.103720215] [publish_wind_direction]: * Received from id193, wind direction S
[publish_wind_direction-2] [INFO] [1749126331.106420900] [publish_wind_direction]: Publisher, neighbours_by_id=set()
[publish_wind_direction-2] [INFO] [1749126335.694731101] [publish_wind_direction]: ***Cam angle= -182.14883883921945, vico ang deg= 0.0 Ground Truth= 177.85116116078055
[publish_wind_direction-2] [INFO] [1749126335.698535416] [publish_wind_direction]: Publisher, Neighbourhood size: 0
[publish_wind_direction-2] [INFO] [1749126336.099655619] [publish_wind_direction]: Publishing: "id193:S"
[publish_wind_direction-2] [INFO] [1749126336.103805508] [publish_wind_direction]: * Received from id193, wind direction S
[publish_wind_direction-2] [INFO] [1749126336.106642434] [publish_wind_direction]: Publisher, neighbours_by_id=set()
[publish_wind_direction-2] [INFO] [1749126340.195654061] [publish_wind_direction]: ***Cam angle= -999.0, vico ang deg= 0.0 Ground Truth= 81.0
[publish_wind_direction-2] [INFO] [1749126340.199833876] [publish_wind_direction]: Publisher, Neighbourhood size: 0
[publish_wind_direction-2] [INFO] [1749126341.102190172] [publish_wind_direction]: Publishing: "id193:S"
[publish_wind_direction-2] [INFO] [1749126341.108837376] [publish_wind_direction]: * Received from id193, wind direction S
[publish_wind_direction-2] [INFO] [1749126341.113022653] [publish_wind_direction]: Publisher, neighbours_by_id=set()
[publish_wind_direction-2] [INFO] [1749126345.087482670] [publish_wind_direction]: ***Cam angle= -217.9978751236618, vico ang deg= 0.0 Ground Truth= 142.0021248763382
[publish_wind_direction-2] [INFO] [1749126345.089881318] [publish_wind_direction]: Publisher, Neighbourhood size: 0
[publish_wind_direction-2] [INFO] [1749126346.100034891] [publish_wind_direction]: Publishing: "id193:S"
[publish_wind_direction-2] [INFO] [1749126346.103858224] [publish_wind_direction]: * Received from id193, wind direction S
[publish_wind_direction-2] [INFO] [1749126346.106600336] [publish_wind_direction]: Publisher, neighbours_by_id=set()
[publish_wind_direction-2] [INFO] [1749126349.880095741] [publish_wind_direction]: ***Cam angle= -16.197540136995556, vico ang deg= 0.0 Ground Truth= 343.80245986300446
[publish_wind_direction-2] [INFO] [1749126349.882536148] [publish_wind_direction]: Publisher, Neighbourhood size: 0
[publish_wind_direction-2] [INFO] [1749126351.099829110] [publish_wind_direction]: Publishing: "id193:S"
[publish_wind_direction-2] [INFO] [1749126351.103623129] [publish_wind_direction]: * Received from id193, wind direction S
[publish_wind_direction-2] [INFO] [1749126351.106330721] [publish_wind_direction]: Publisher, neighbours_by_id=set()
[publish_wind_direction-2] [INFO] [1749126354.941392145] [publish_wind_direction]: ***Cam angle= -81.09767356059461, vico ang deg= 0.0 Ground Truth= 278.9023264394054
[publish_wind_direction-2] [INFO] [1749126354.943842349] [publish_wind_direction]: Publisher, Neighbourhood size: 0
[publish_wind_direction-2] [INFO] [1749126356.100060218] [publish_wind_direction]: Publishing: "id193:S"
[publish_wind_direction-2] [INFO] [1749126356.104019311] [publish_wind_direction]: * Received from id193, wind direction S
[publish_wind_direction-2] [INFO] [1749126356.106920978] [publish_wind_direction]: Publisher, neighbours_by_id=set()
[publish_wind_direction-2] [INFO] [1749126359.907644031] [publish_wind_direction]: ***Cam angle= -142.66405378510848, vico ang deg= 0.0 Ground Truth= 217.33594621489152
[publish_wind_direction-2] [INFO] [1749126359.911221624] [publish_wind_direction]: Publisher, Neighbourhood size: 0
[publish_wind_direction-2] [INFO] [1749126361.100156382] [publish_wind_direction]: Publishing: "id193:S"
[publish_wind_direction-2] [INFO] [1749126361.104640382] [publish_wind_direction]: * Received from id193, wind direction S
[publish_wind_direction-2] [INFO] [1749126361.109037845] [publish_wind_direction]: Publisher, neighbours_by_id=set()
[publish_wind_direction-2] [INFO] [1749126364.791988713] [publish_wind_direction]: ***Cam angle= -202.87745410796524, vico ang deg= 0.0 Ground Truth= 157.12254589203476
[publish_wind_direction-2] [INFO] [1749126364.794417602] [publish_wind_direction]: Publisher, Neighbourhood size: 0
[publish_wind_direction-2] [INFO] [1749126366.100201157] [publish_wind_direction]: Publishing: "id193:S"
[publish_wind_direction-2] [INFO] [1749126366.104063064] [publish_wind_direction]: * Received from id193, wind direction S
[publish_wind_direction-2] [INFO] [1749126366.106715398] [publish_wind_direction]: Publisher, neighbours_by_id=set()
[publish_wind_direction-2] [INFO] [1749126370.098900284] [publish_wind_direction]: ***Cam angle= -205.73465156863844, vico ang deg= 0.0 Ground Truth= 154.26534843136156
[publish_wind_direction-2] [INFO] [1749126370.101398266] [publish_wind_direction]: Publisher, Neighbourhood size: 0
[publish_wind_direction-2] [INFO] [1749126371.100036450] [publish_wind_direction]: Publishing: "id193:S"
[publish_wind_direction-2] [INFO] [1749126371.104045950] [publish_wind_direction]: * Received from id193, wind direction S
[publish_wind_direction-2] [INFO] [1749126371.107344432] [publish_wind_direction]: Publisher, neighbours_by_id=set()
[publish_wind_direction-2] [INFO] [1749126375.418619133] [publish_wind_direction]: ***Cam angle= -171.2937966055072, vico ang deg= 0.0 Ground Truth= 188.7062033944928
[publish_wind_direction-2] [INFO] [1749126375.421096300] [publish_wind_direction]: Publisher, Neighbourhood size: 0
[publish_wind_direction-2] [INFO] [1749126376.100191429] [publish_wind_direction]: Publishing: "id193:S"
[publish_wind_direction-2] [INFO] [1749126376.104499225] [publish_wind_direction]: * Received from id193, wind direction S
[publish_wind_direction-2] [INFO] [1749126376.108437836] [publish_wind_direction]: Publisher, neighbours_by_id=set()
[publish_wind_direction-2] [INFO] [1749126380.088394223] [publish_wind_direction]: ***Cam angle= -220.4634520505304, vico ang deg= 0.0 Ground Truth= 139.5365479494696
[publish_wind_direction-2] [INFO] [1749126380.090844408] [publish_wind_direction]: Publisher, Neighbourhood size: 0
[publish_wind_direction-2] [INFO] [1749126381.100139722] [publish_wind_direction]: Publishing: "id193:S"
[publish_wind_direction-2] [INFO] [1749126381.103770870] [publish_wind_direction]: * Received from id193, wind direction S
[publish_wind_direction-2] [INFO] [1749126381.106392722] [publish_wind_direction]: Publisher, neighbours_by_id=set()
[publish_wind_direction-2] [INFO] [1749126385.103553331] [publish_wind_direction]: ***Cam angle= -218.8483199253091, vico ang deg= 0.0 Ground Truth= 141.1516800746909
[publish_wind_direction-2] [INFO] [1749126385.105997183] [publish_wind_direction]: Publisher, Neighbourhood size: 0
[publish_wind_direction-2] [INFO] [1749126386.100111441] [publish_wind_direction]: Publishing: "id193:S"
[publish_wind_direction-2] [INFO] [1749126386.103976089] [publish_wind_direction]: * Received from id193, wind direction S
[publish_wind_direction-2] [INFO] [1749126386.106656312] [publish_wind_direction]: Publisher, neighbours_by_id=set()
[publish_wind_direction-2] [INFO] [1749126390.043927328] [publish_wind_direction]: ***Cam angle= -231.36371649940577, vico ang deg= 0.0 Ground Truth= 128.63628350059423
[publish_wind_direction-2] [INFO] [1749126390.046381624] [publish_wind_direction]: Publisher, Neighbourhood size: 0
[publish_wind_direction-2] [INFO] [1749126391.100312235] [publish_wind_direction]: Publishing: "id193:S"
[publish_wind_direction-2] [INFO] [1749126391.104172438] [publish_wind_direction]: * Received from id193, wind direction S
[publish_wind_direction-2] [INFO] [1749126391.106831661] [publish_wind_direction]: Publisher, neighbours_by_id=set()
[publish_wind_direction-2] [INFO] [1749126395.048077306] [publish_wind_direction]: ***Cam angle= -264.4906716503069, vico ang deg= 0.0 Ground Truth= 95.50932834969308
[publish_wind_direction-2] [INFO] [1749126395.050523325] [publish_wind_direction]: Publisher, Neighbourhood size: 0
[publish_wind_direction-2] [INFO] [1749126396.100191306] [publish_wind_direction]: Publishing: "id193:S"
[publish_wind_direction-2] [INFO] [1749126396.104186343] [publish_wind_direction]: * Received from id193, wind direction S
[publish_wind_direction-2] [INFO] [1749126396.106935417] [publish_wind_direction]: Publisher, neighbours_by_id=set()
[publish_wind_direction-2] [INFO] [1749126400.111366637] [publish_wind_direction]: ***Cam angle= -999.0, vico ang deg= 0.0 Ground Truth= 81.0
[publish_wind_direction-2] [INFO] [1749126400.114775637] [publish_wind_direction]: Publisher, Neighbourhood size: 0
[publish_wind_direction-2] [INFO] [1749126401.100445136] [publish_wind_direction]: Publishing: "id193:S"
[publish_wind_direction-2] [INFO] [1749126401.104897229] [publish_wind_direction]: * Received from id193, wind direction S
[publish_wind_direction-2] [INFO] [1749126401.109048895] [publish_wind_direction]: Publisher, neighbours_by_id=set()
[publish_wind_direction-2] [INFO] [1749126404.979624134] [publish_wind_direction]: ***Cam angle= -999.0, vico ang deg= 0.0 Ground Truth= 81.0
[publish_wind_direction-2] [INFO] [1749126404.982137023] [publish_wind_direction]: Publisher, Neighbourhood size: 0
[publish_wind_direction-2] [INFO] [1749126406.100639652] [publish_wind_direction]: Publishing: "id193:S"
[publish_wind_direction-2] [INFO] [1749126406.105461633] [publish_wind_direction]: * Received from id193, wind direction S
[publish_wind_direction-2] [INFO] [1749126406.109714744] [publish_wind_direction]: Publisher, neighbours_by_id=set()
[publish_wind_direction-2] [INFO] [1749126410.000954075] [publish_wind_direction]: ***Cam angle= -165.53531190424, vico ang deg= 0.0 Ground Truth= 194.46468809576
[publish_wind_direction-2] [INFO] [1749126410.003421853] [publish_wind_direction]: Publisher, Neighbourhood size: 0
[publish_wind_direction-2] [INFO] [1749126411.100256834] [publish_wind_direction]: Publishing: "id193:S"
[publish_wind_direction-2] [INFO] [1749126411.104345426] [publish_wind_direction]: * Received from id193, wind direction S
[publish_wind_direction-2] [INFO] [1749126411.107335575] [publish_wind_direction]: Publisher, neighbours_by_id=set()
[publish_wind_direction-2] [INFO] [1749126415.085812072] [publish_wind_direction]: ***Cam angle= -999.0, vico ang deg= 0.0 Ground Truth= 81.0
[publish_wind_direction-2] [INFO] [1749126415.088458220] [publish_wind_direction]: Publisher, Neighbourhood size: 0
[publish_wind_direction-2] [INFO] [1749126416.100243775] [publish_wind_direction]: Publishing: "id193:S"
[publish_wind_direction-2] [INFO] [1749126416.104173035] [publish_wind_direction]: * Received from id193, wind direction S
[publish_wind_direction-2] [INFO] [1749126416.107040405] [publish_wind_direction]: Publisher, neighbours_by_id=set()
[publish_wind_direction-2] [INFO] [1749126419.997759366] [publish_wind_direction]: ***Cam angle= -137.49941350027692, vico ang deg= 0.0 Ground Truth= 222.50058649972308
[publish_wind_direction-2] [INFO] [1749126420.000371884] [publish_wind_direction]: Publisher, Neighbourhood size: 0
[publish_wind_direction-2] [INFO] [1749126421.100086995] [publish_wind_direction]: Publishing: "id193:S"
[publish_wind_direction-2] [INFO] [1749126421.103995124] [publish_wind_direction]: * Received from id193, wind direction S
[publish_wind_direction-2] [INFO] [1749126421.107278198] [publish_wind_direction]: Publisher, neighbours_by_id=set()
[publish_wind_direction-2] [INFO] [1749126425.100179455] [publish_wind_direction]: ***Cam angle= -193.25519791472516, vico ang deg= 0.0 Ground Truth= 166.74480208527484
[publish_wind_direction-2] [INFO] [1749126425.102581455] [publish_wind_direction]: Publisher, Neighbourhood size: 0
[publish_wind_direction-2] [INFO] [1749126426.100316047] [publish_wind_direction]: Publishing: "id193:S"
[publish_wind_direction-2] [INFO] [1749126426.104157325] [publish_wind_direction]: * Received from id193, wind direction S
[publish_wind_direction-2] [INFO] [1749126426.106804899] [publish_wind_direction]: Publisher, neighbours_by_id=set()
[publish_wind_direction-2] [INFO] [1749126429.994936841] [publish_wind_direction]: ***Cam angle= -178.44764311958278, vico ang deg= 0.0 Ground Truth= 181.55235688041722
[publish_wind_direction-2] [INFO] [1749126429.997446637] [publish_wind_direction]: Publisher, Neighbourhood size: 0
[publish_wind_direction-2] [INFO] [1749126431.100273544] [publish_wind_direction]: Publishing: "id193:S"
[publish_wind_direction-2] [INFO] [1749126431.104071322] [publish_wind_direction]: * Received from id193, wind direction S
[publish_wind_direction-2] [INFO] [1749126431.106700600] [publish_wind_direction]: Publisher, neighbours_by_id=set()
[publish_wind_direction-2] [INFO] [1749126435.027144283] [publish_wind_direction]: ***Cam angle= -999.0, vico ang deg= 0.0 Ground Truth= 81.0
[publish_wind_direction-2] [INFO] [1749126435.029559579] [publish_wind_direction]: Publisher, Neighbourhood size: 0
[publish_wind_direction-2] [INFO] [1749126436.100292930] [publish_wind_direction]: Publishing: "id193:S"
[publish_wind_direction-2] [INFO] [1749126436.104117393] [publish_wind_direction]: * Received from id193, wind direction S
[publish_wind_direction-2] [INFO] [1749126436.106881449] [publish_wind_direction]: Publisher, neighbours_by_id=set()
[publish_wind_direction-2] [INFO] [1749126440.056043187] [publish_wind_direction]: ***Cam angle= -160.98738990931597, vico ang deg= 0.0 Ground Truth= 199.01261009068403
[publish_wind_direction-2] [INFO] [1749126440.058470817] [publish_wind_direction]: Publisher, Neighbourhood size: 0
[publish_wind_direction-2] [INFO] [1749126441.100383279] [publish_wind_direction]: Publishing: "id193:S"
[publish_wind_direction-2] [INFO] [1749126441.104386297] [publish_wind_direction]: * Received from id193, wind direction S
[publish_wind_direction-2] [INFO] [1749126441.107195668] [publish_wind_direction]: Publisher, neighbours_by_id=set()
[publish_wind_direction-2] [INFO] [1749126445.077991462] [publish_wind_direction]: ***Cam angle= -216.14182983133423, vico ang deg= 0.0 Ground Truth= 143.85817016866577
[publish_wind_direction-2] [INFO] [1749126445.080349536] [publish_wind_direction]: Publisher, Neighbourhood size: 0
[publish_wind_direction-2] [INFO] [1749126446.100229072] [publish_wind_direction]: Publishing: "id193:S"
[publish_wind_direction-2] [INFO] [1749126446.104315239] [publish_wind_direction]: * Received from id193, wind direction S
[publish_wind_direction-2] [INFO] [1749126446.107381794] [publish_wind_direction]: Publisher, neighbours_by_id=set()
[publish_wind_direction-2] [INFO] [1749126450.046314940] [publish_wind_direction]: ***Cam angle= 84.03450036837543, vico ang deg= 0.0 Ground Truth= 84.03450036837543
[publish_wind_direction-2] [INFO] [1749126450.049722014] [publish_wind_direction]: Publisher, Neighbourhood size: 0
[publish_wind_direction-2] [INFO] [1749126451.100707569] [publish_wind_direction]: Publishing: "id193:S"
[publish_wind_direction-2] [INFO] [1749126451.106162606] [publish_wind_direction]: * Received from id193, wind direction S
[publish_wind_direction-2] [INFO] [1749126451.111244329] [publish_wind_direction]: Publisher, neighbours_by_id=set()
[publish_wind_direction-2] [INFO] [1749126455.136020956] [publish_wind_direction]: ***Cam angle= -999.0, vico ang deg= 0.0 Ground Truth= 81.0
[publish_wind_direction-2] [INFO] [1749126455.138417493] [publish_wind_direction]: Publisher, Neighbourhood size: 0
[publish_wind_direction-2] [INFO] [1749126456.100296863] [publish_wind_direction]: Publishing: "id193:S"
[publish_wind_direction-2] [INFO] [1749126456.104602400] [publish_wind_direction]: * Received from id193, wind direction S
[publish_wind_direction-2] [INFO] [1749126456.107566011] [publish_wind_direction]: Publisher, neighbours_by_id=set()
[publish_wind_direction-2] [INFO] [1749126460.053700008] [publish_wind_direction]: ***Cam angle= -999.0, vico ang deg= 0.0 Ground Truth= 81.0
[publish_wind_direction-2] [INFO] [1749126460.057095360] [publish_wind_direction]: Publisher, Neighbourhood size: 0
[publish_wind_direction-2] [INFO] [1749126461.100255767] [publish_wind_direction]: Publishing: "id193:S"
[publish_wind_direction-2] [INFO] [1749126461.105171230] [publish_wind_direction]: * Received from id193, wind direction S
[publish_wind_direction-2] [INFO] [1749126461.110108989] [publish_wind_direction]: Publisher, neighbours_by_id=set()
[publish_wind_direction-2] [INFO] [1749126464.986843839] [publish_wind_direction]: ***Cam angle= -99.29415306281847, vico ang deg= 0.0 Ground Truth= 260.70584693718155
[publish_wind_direction-2] [INFO] [1749126464.990244802] [publish_wind_direction]: Publisher, Neighbourhood size: 0
[publish_wind_direction-2] [INFO] [1749126466.100389708] [publish_wind_direction]: Publishing: "id193:S"
[publish_wind_direction-2] [INFO] [1749126466.106372579] [publish_wind_direction]: * Received from id193, wind direction S
[publish_wind_direction-2] [INFO] [1749126466.110941116] [publish_wind_direction]: Publisher, neighbours_by_id=set()
[publish_wind_direction-2] [INFO] [1749126469.896986151] [publish_wind_direction]: ***Cam angle= -71.0530963789941, vico ang deg= 0.0 Ground Truth= 288.9469036210059
[publish_wind_direction-2] [INFO] [1749126469.899423280] [publish_wind_direction]: Publisher, Neighbourhood size: 0
[publish_wind_direction-2] [INFO] [1749126471.100263539] [publish_wind_direction]: Publishing: "id193:S"
[publish_wind_direction-2] [INFO] [1749126471.104319317] [publish_wind_direction]: * Received from id193, wind direction S
[publish_wind_direction-2] [INFO] [1749126471.107285094] [publish_wind_direction]: Publisher, neighbours_by_id=set()
[publish_wind_direction-2] [INFO] [1749126475.058344629] [publish_wind_direction]: ***Cam angle= -174.87503160107224, vico ang deg= 0.0 Ground Truth= 185.12496839892776
[publish_wind_direction-2] [INFO] [1749126475.061808185] [publish_wind_direction]: Publisher, Neighbourhood size: 0
[publish_wind_direction-2] [INFO] [1749126476.100360869] [publish_wind_direction]: Publishing: "id193:S"
[publish_wind_direction-2] [INFO] [1749126476.104865869] [publish_wind_direction]: * Received from id193, wind direction S
[publish_wind_direction-2] [INFO] [1749126476.108795425] [publish_wind_direction]: Publisher, neighbours_by_id=set()
[publish_wind_direction-2] [INFO] [1749126480.021835311] [publish_wind_direction]: ***Cam angle= -180.33540402580923, vico ang deg= 0.0 Ground Truth= 179.66459597419077
[publish_wind_direction-2] [INFO] [1749126480.024206478] [publish_wind_direction]: Publisher, Neighbourhood size: 0
[publish_wind_direction-2] [INFO] [1749126481.100293940] [publish_wind_direction]: Publishing: "id193:S"
[publish_wind_direction-2] [INFO] [1749126481.104323588] [publish_wind_direction]: * Received from id193, wind direction S
[publish_wind_direction-2] [INFO] [1749126481.107132033] [publish_wind_direction]: Publisher, neighbours_by_id=set()
[publish_wind_direction-2] [INFO] [1749126485.079699345] [publish_wind_direction]: ***Cam angle= -246.57436189106426, vico ang deg= 0.0 Ground Truth= 113.42563810893574
[publish_wind_direction-2] [INFO] [1749126485.082144345] [publish_wind_direction]: Publisher, Neighbourhood size: 0
[publish_wind_direction-2] [INFO] [1749126486.100247734] [publish_wind_direction]: Publishing: "id193:S"
[publish_wind_direction-2] [INFO] [1749126486.104119400] [publish_wind_direction]: * Received from id193, wind direction S
[publish_wind_direction-2] [INFO] [1749126486.106805752] [publish_wind_direction]: Publisher, neighbours_by_id=set()
[publish_wind_direction-2] [INFO] [1749126490.017116361] [publish_wind_direction]: ***Cam angle= -245.3288084401494, vico ang deg= 0.0 Ground Truth= 114.6711915598506
[publish_wind_direction-2] [INFO] [1749126490.019576083] [publish_wind_direction]: Publisher, Neighbourhood size: 0
[publish_wind_direction-2] [INFO] [1749126491.100287731] [publish_wind_direction]: Publishing: "id193:S"
[publish_wind_direction-2] [INFO] [1749126491.104174305] [publish_wind_direction]: * Received from id193, wind direction S
[publish_wind_direction-2] [INFO] [1749126491.106861749] [publish_wind_direction]: Publisher, neighbours_by_id=set()
[publish_wind_direction-2] [INFO] [1749126495.143773062] [publish_wind_direction]: ***Cam angle= -132.07637747862972, vico ang deg= 0.0 Ground Truth= 227.92362252137028
[publish_wind_direction-2] [INFO] [1749126495.146356025] [publish_wind_direction]: Publisher, Neighbourhood size: 0
[publish_wind_direction-2] [INFO] [1749126496.100230783] [publish_wind_direction]: Publishing: "id193:S"
[publish_wind_direction-2] [INFO] [1749126496.104357635] [publish_wind_direction]: * Received from id193, wind direction S
[publish_wind_direction-2] [INFO] [1749126496.107392450] [publish_wind_direction]: Publisher, neighbours_by_id=set()
[publish_wind_direction-2] [INFO] [1749126500.064139781] [publish_wind_direction]: ***Cam angle= -235.02629722262304, vico ang deg= 0.0 Ground Truth= 124.97370277737696
[publish_wind_direction-2] [INFO] [1749126500.066500688] [publish_wind_direction]: Publisher, Neighbourhood size: 0
[publish_wind_direction-2] [INFO] [1749126501.100133114] [publish_wind_direction]: Publishing: "id193:S"
[publish_wind_direction-2] [INFO] [1749126501.103946410] [publish_wind_direction]: * Received from id193, wind direction S
[publish_wind_direction-2] [INFO] [1749126501.106570947] [publish_wind_direction]: Publisher, neighbours_by_id=set()
[publish_wind_direction-2] [INFO] [1749126505.059915611] [publish_wind_direction]: ***Cam angle= -121.22176121106567, vico ang deg= 0.0 Ground Truth= 238.77823878893435
[publish_wind_direction-2] [INFO] [1749126505.062344333] [publish_wind_direction]: Publisher, Neighbourhood size: 0
[publish_wind_direction-2] [INFO] [1749126506.100256555] [publish_wind_direction]: Publishing: "id193:S"
[publish_wind_direction-2] [INFO] [1749126506.104271203] [publish_wind_direction]: * Received from id193, wind direction S
[publish_wind_direction-2] [INFO] [1749126506.107510648] [publish_wind_direction]: Publisher, neighbours_by_id=set()
[publish_wind_direction-2] [INFO] [1749126509.965394016] [publish_wind_direction]: ***Cam angle= -101.19786803652397, vico ang deg= 0.0 Ground Truth= 258.80213196347603
[publish_wind_direction-2] [INFO] [1749126509.967844868] [publish_wind_direction]: Publisher, Neighbourhood size: 0
[publish_wind_direction-2] [INFO] [1749126511.100238071] [publish_wind_direction]: Publishing: "id193:S"
[publish_wind_direction-2] [INFO] [1749126511.104256682] [publish_wind_direction]: * Received from id193, wind direction S
[publish_wind_direction-2] [INFO] [1749126511.107042867] [publish_wind_direction]: Publisher, neighbours_by_id=set()
[publish_wind_direction-2] [INFO] [1749126515.090699346] [publish_wind_direction]: ***Cam angle= -999.0, vico ang deg= 0.0 Ground Truth= 81.0
[publish_wind_direction-2] [INFO] [1749126515.094620216] [publish_wind_direction]: Publisher, Neighbourhood size: 0
[publish_wind_direction-2] [INFO] [1749126516.100304697] [publish_wind_direction]: Publishing: "id193:S"
[publish_wind_direction-2] [INFO] [1749126516.104274105] [publish_wind_direction]: * Received from id193, wind direction S
[publish_wind_direction-2] [INFO] [1749126516.106822531] [publish_wind_direction]: Publisher, neighbours_by_id=set()
[publish_wind_direction-2] [INFO] [1749126520.041333658] [publish_wind_direction]: ***Cam angle= -999.0, vico ang deg= 0.0 Ground Truth= 81.0
[publish_wind_direction-2] [INFO] [1749126520.043784399] [publish_wind_direction]: Publisher, Neighbourhood size: 0
[publish_wind_direction-2] [INFO] [1749126521.100453713] [publish_wind_direction]: Publishing: "id193:S"
[publish_wind_direction-2] [INFO] [1749126521.104506139] [publish_wind_direction]: * Received from id193, wind direction S
[publish_wind_direction-2] [INFO] [1749126521.107286268] [publish_wind_direction]: Publisher, neighbours_by_id=set()
[publish_wind_direction-2] [INFO] [1749126525.015090488] [publish_wind_direction]: ***Cam angle= 34.37757646759678, vico ang deg= 0.0 Ground Truth= 34.37757646759678
[publish_wind_direction-2] [INFO] [1749126525.018681970] [publish_wind_direction]: Publisher, Neighbourhood size: 0
[publish_wind_direction-2] [INFO] [1749126526.101167136] [publish_wind_direction]: Publishing: "id193:S"
[publish_wind_direction-2] [INFO] [1749126526.106821525] [publish_wind_direction]: * Received from id193, wind direction S
[publish_wind_direction-2] [INFO] [1749126526.110743728] [publish_wind_direction]: Publisher, neighbours_by_id=set()
[publish_wind_direction-2] [INFO] [1749126530.043407059] [publish_wind_direction]: ***Cam angle= -92.52172213404918, vico ang deg= 0.0 Ground Truth= 267.4782778659508
[publish_wind_direction-2] [INFO] [1749126530.045835467] [publish_wind_direction]: Publisher, Neighbourhood size: 0
[publish_wind_direction-2] [INFO] [1749126531.100298448] [publish_wind_direction]: Publishing: "id193:S"
[publish_wind_direction-2] [INFO] [1749126531.104397336] [publish_wind_direction]: * Received from id193, wind direction S
[publish_wind_direction-2] [INFO] [1749126531.107151096] [publish_wind_direction]: Publisher, neighbours_by_id=set()
[publish_wind_direction-2] [INFO] [1749126534.976601556] [publish_wind_direction]: ***Cam angle= -94.84845890405172, vico ang deg= 0.0 Ground Truth= 265.1515410959483
[publish_wind_direction-2] [INFO] [1749126534.979015445] [publish_wind_direction]: Publisher, Neighbourhood size: 0
[publish_wind_direction-2] [INFO] [1749126536.100232611] [publish_wind_direction]: Publishing: "id193:S"
[publish_wind_direction-2] [INFO] [1749126536.104275445] [publish_wind_direction]: * Received from id193, wind direction S
[publish_wind_direction-2] [INFO] [1749126536.107122741] [publish_wind_direction]: Publisher, neighbours_by_id=set()
[publish_wind_direction-2] [INFO] [1749126539.951446868] [publish_wind_direction]: ***Cam angle= -64.68220772523364, vico ang deg= 0.0 Ground Truth= 295.31779227476636
[publish_wind_direction-2] [INFO] [1749126539.953849850] [publish_wind_direction]: Publisher, Neighbourhood size: 0
[publish_wind_direction-2] [INFO] [1749126541.100722293] [publish_wind_direction]: Publishing: "id193:S"
[publish_wind_direction-2] [INFO] [1749126541.105199664] [publish_wind_direction]: * Received from id193, wind direction S
[publish_wind_direction-2] [INFO] [1749126541.108347071] [publish_wind_direction]: Publisher, neighbours_by_id=set()
[publish_wind_direction-2] [INFO] [1749126545.241447532] [publish_wind_direction]: ***Cam angle= -187.2391514862137, vico ang deg= 0.0 Ground Truth= 172.7608485137863
[publish_wind_direction-2] [INFO] [1749126545.243840421] [publish_wind_direction]: Publisher, Neighbourhood size: 0
[publish_wind_direction-2] [INFO] [1749126546.100005735] [publish_wind_direction]: Publishing: "id193:S"
[publish_wind_direction-2] [INFO] [1749126546.103866439] [publish_wind_direction]: * Received from id193, wind direction S
[publish_wind_direction-2] [INFO] [1749126546.106658272] [publish_wind_direction]: Publisher, neighbours_by_id=set()
[publish_wind_direction-2] [INFO] [1749126549.870938881] [publish_wind_direction]: ***Cam angle= -184.44043538971414, vico ang deg= 0.0 Ground Truth= 175.55956461028586
[publish_wind_direction-2] [INFO] [1749126549.873387677] [publish_wind_direction]: Publisher, Neighbourhood size: 0
[publish_wind_direction-2] [INFO] [1749126551.100333676] [publish_wind_direction]: Publishing: "id193:S"
[publish_wind_direction-2] [INFO] [1749126551.104293436] [publish_wind_direction]: * Received from id193, wind direction S
[publish_wind_direction-2] [INFO] [1749126551.107113806] [publish_wind_direction]: Publisher, neighbours_by_id=set()
[publish_wind_direction-2] [INFO] [1749126554.872769989] [publish_wind_direction]: ***Cam angle= -240.33072430942474, vico ang deg= 0.0 Ground Truth= 119.66927569057526
[publish_wind_direction-2] [INFO] [1749126554.875252896] [publish_wind_direction]: Publisher, Neighbourhood size: 0
[publish_wind_direction-2] [INFO] [1749126556.100249877] [publish_wind_direction]: Publishing: "id193:S"
[publish_wind_direction-2] [INFO] [1749126556.104170192] [publish_wind_direction]: * Received from id193, wind direction S
[publish_wind_direction-2] [INFO] [1749126556.106878155] [publish_wind_direction]: Publisher, neighbours_by_id=set()
[publish_wind_direction-2] [INFO] [1749126559.920806338] [publish_wind_direction]: ***Cam angle= 32.94134302944906, vico ang deg= 0.0 Ground Truth= 32.94134302944906
[publish_wind_direction-2] [INFO] [1749126559.923221041] [publish_wind_direction]: Publisher, Neighbourhood size: 0
[publish_wind_direction-2] [INFO] [1749126561.100225078] [publish_wind_direction]: Publishing: "id193:S"
[publish_wind_direction-2] [INFO] [1749126561.104158170] [publish_wind_direction]: * Received from id193, wind direction S
[publish_wind_direction-2] [INFO] [1749126561.106854485] [publish_wind_direction]: Publisher, neighbours_by_id=set()
[publish_wind_direction-2] [INFO] [1749126565.277620723] [publish_wind_direction]: ***Cam angle= 19.903970398911483, vico ang deg= 0.0 Ground Truth= 19.903970398911483
[publish_wind_direction-2] [INFO] [1749126565.280078612] [publish_wind_direction]: Publisher, Neighbourhood size: 0
[publish_wind_direction-2] [INFO] [1749126566.100336779] [publish_wind_direction]: Publishing: "id193:S"
[publish_wind_direction-2] [INFO] [1749126566.106510890] [publish_wind_direction]: * Received from id193, wind direction S
[publish_wind_direction-2] [INFO] [1749126566.109190501] [publish_wind_direction]: Publisher, neighbours_by_id=set()
[publish_wind_direction-2] [INFO] [1749126569.838292628] [publish_wind_direction]: ***Cam angle= -71.0332722637194, vico ang deg= 0.0 Ground Truth= 288.96672773628063
[publish_wind_direction-2] [INFO] [1749126569.840763536] [publish_wind_direction]: Publisher, Neighbourhood size: 0
[publish_wind_direction-2] [INFO] [1749126571.100246035] [publish_wind_direction]: Publishing: "id193:S"
[publish_wind_direction-2] [INFO] [1749126571.104111627] [publish_wind_direction]: * Received from id193, wind direction S
[publish_wind_direction-2] [INFO] [1749126571.106629701] [publish_wind_direction]: Publisher, neighbours_by_id=set()
[publish_wind_direction-2] [INFO] [1749126575.203508958] [publish_wind_direction]: ***Cam angle= -144.4298210463742, vico ang deg= 0.0 Ground Truth= 215.5701789536258
[publish_wind_direction-2] [INFO] [1749126575.206932236] [publish_wind_direction]: Publisher, Neighbourhood size: 0
[publish_wind_direction-2] [INFO] [1749126576.100323106] [publish_wind_direction]: Publishing: "id193:S"
[publish_wind_direction-2] [INFO] [1749126576.105118921] [publish_wind_direction]: * Received from id193, wind direction S
[publish_wind_direction-2] [INFO] [1749126576.109646180] [publish_wind_direction]: Publisher, neighbours_by_id=set()
[publish_wind_direction-2] [INFO] [1749126580.125838826] [publish_wind_direction]: ***Cam angle= -236.97603117921253, vico ang deg= 0.0 Ground Truth= 123.02396882078747
[publish_wind_direction-2] [INFO] [1749126580.129233863] [publish_wind_direction]: Publisher, Neighbourhood size: 0
[publish_wind_direction-2] [INFO] [1749126581.101413047] [publish_wind_direction]: Publishing: "id193:S"
[publish_wind_direction-2] [INFO] [1749126581.106378418] [publish_wind_direction]: * Received from id193, wind direction S
[publish_wind_direction-2] [INFO] [1749126581.109421084] [publish_wind_direction]: Publisher, neighbours_by_id=set()
[publish_wind_direction-2] [INFO] [1749126584.851200712] [publish_wind_direction]: ***Cam angle= -201.66996294371722, vico ang deg= 0.0 Ground Truth= 158.33003705628278
[publish_wind_direction-2] [INFO] [1749126584.854661656] [publish_wind_direction]: Publisher, Neighbourhood size: 0
[publish_wind_direction-2] [INFO] [1749126586.100292767] [publish_wind_direction]: Publishing: "id193:S"
[publish_wind_direction-2] [INFO] [1749126586.105448193] [publish_wind_direction]: * Received from id193, wind direction S
[publish_wind_direction-2] [INFO] [1749126586.110084618] [publish_wind_direction]: Publisher, neighbours_by_id=set()
[publish_wind_direction-2] [INFO] [1749126590.039436894] [publish_wind_direction]: ***Cam angle= -196.17990810582728, vico ang deg= 0.0 Ground Truth= 163.82009189417272
[publish_wind_direction-2] [INFO] [1749126590.041791320] [publish_wind_direction]: Publisher, Neighbourhood size: 0
[publish_wind_direction-2] [INFO] [1749126591.100395986] [publish_wind_direction]: Publishing: "id193:S"
[publish_wind_direction-2] [INFO] [1749126591.104396727] [publish_wind_direction]: * Received from id193, wind direction S
[publish_wind_direction-2] [INFO] [1749126591.107329041] [publish_wind_direction]: Publisher, neighbours_by_id=set()
[publish_wind_direction-2] [INFO] [1749126594.937875372] [publish_wind_direction]: ***Cam angle= -208.6813381106938, vico ang deg= 0.0 Ground Truth= 151.3186618893062
[publish_wind_direction-2] [INFO] [1749126594.941312113] [publish_wind_direction]: Publisher, Neighbourhood size: 0
[publish_wind_direction-2] [INFO] [1749126596.100319890] [publish_wind_direction]: Publishing: "id193:S"
[publish_wind_direction-2] [INFO] [1749126596.105265038] [publish_wind_direction]: * Received from id193, wind direction S
[publish_wind_direction-2] [INFO] [1749126596.109782742] [publish_wind_direction]: Publisher, neighbours_by_id=set()
[publish_wind_direction-2] [INFO] [1749126600.274334443] [publish_wind_direction]: ***Cam angle= -188.18399551909835, vico ang deg= 0.0 Ground Truth= 171.81600448090165
[publish_wind_direction-2] [INFO] [1749126600.276794610] [publish_wind_direction]: Publisher, Neighbourhood size: 0
[publish_wind_direction-2] [INFO] [1749126601.100034980] [publish_wind_direction]: Publishing: "id193:S"
[publish_wind_direction-2] [INFO] [1749126601.104049628] [publish_wind_direction]: * Received from id193, wind direction S
[publish_wind_direction-2] [INFO] [1749126601.106702795] [publish_wind_direction]: Publisher, neighbours_by_id=set()
[publish_wind_direction-2] [INFO] [1749126604.932832755] [publish_wind_direction]: ***Cam angle= -240.13758084810672, vico ang deg= 0.0 Ground Truth= 119.86241915189328
[publish_wind_direction-2] [INFO] [1749126604.935313126] [publish_wind_direction]: Publisher, Neighbourhood size: 0
[publish_wind_direction-2] [INFO] [1749126606.100116607] [publish_wind_direction]: Publishing: "id193:S"
[publish_wind_direction-2] [INFO] [1749126606.103791366] [publish_wind_direction]: * Received from id193, wind direction S
[publish_wind_direction-2] [INFO] [1749126606.106687921] [publish_wind_direction]: Publisher, neighbours_by_id=set()
[publish_wind_direction-2] [INFO] [1749126610.074906030] [publish_wind_direction]: ***Cam angle= -234.27349401346953, vico ang deg= 0.0 Ground Truth= 125.72650598653047
[publish_wind_direction-2] [INFO] [1749126610.077915400] [publish_wind_direction]: Publisher, Neighbourhood size: 0
[publish_wind_direction-2] [INFO] [1749126611.100236437] [publish_wind_direction]: Publishing: "id193:S"
[publish_wind_direction-2] [INFO] [1749126611.104275141] [publish_wind_direction]: * Received from id193, wind direction S
[publish_wind_direction-2] [INFO] [1749126611.106939104] [publish_wind_direction]: Publisher, neighbours_by_id=set()
[publish_wind_direction-2] [INFO] [1749126615.051560805] [publish_wind_direction]: ***Cam angle= -44.89333607998731, vico ang deg= 0.0 Ground Truth= 315.1066639200127
[publish_wind_direction-2] [INFO] [1749126615.054955194] [publish_wind_direction]: Publisher, Neighbourhood size: 0
[publish_wind_direction-2] [INFO] [1749126616.099776823] [publish_wind_direction]: Raising exception
[publish_wind_direction-2] [INFO] [1749126616.102809230] [publish_wind_direction]: Publisher stopping, exception
[INFO] [publish_wind_direction-2]: process has finished cleanly [pid 846]
[random_robot_move-1] [INFO] [1749126621.073326561] [random_robot_move]: Exception, shutting down
