[0.507s] Invoking command in '/home/nomaan/ros2_ws/src/py_pubsub': PYTHONPATH=/home/nomaan/ros2_ws/build/py_pubsub/prefix_override:/usr/lib/python3/dist-packages/colcon_core/task/python/colcon_distutils_commands:/home/nomaan/ros2_ws/install/py_pubsub/lib/python3.10/site-packages:${PYTHONPATH} /usr/bin/python3 -W ignore:setup.py install is deprecated -W ignore:easy_install command is deprecated setup.py egg_info --egg-base ../../build/py_pubsub build --build-base /home/nomaan/ros2_ws/build/py_pubsub/build install --record /home/nomaan/ros2_ws/build/py_pubsub/install.log --single-version-externally-managed install_data
[0.647s] running egg_info
[0.647s] writing ../../build/py_pubsub/py_pubsub.egg-info/PKG-INFO
[0.654s] writing dependency_links to ../../build/py_pubsub/py_pubsub.egg-info/dependency_links.txt
[0.654s] writing entry points to ../../build/py_pubsub/py_pubsub.egg-info/entry_points.txt
[0.654s] writing requirements to ../../build/py_pubsub/py_pubsub.egg-info/requires.txt
[0.654s] writing top-level names to ../../build/py_pubsub/py_pubsub.egg-info/top_level.txt
[0.655s] reading manifest file '../../build/py_pubsub/py_pubsub.egg-info/SOURCES.txt'
[0.655s] adding license file 'LICENSE'
[0.655s] writing manifest file '../../build/py_pubsub/py_pubsub.egg-info/SOURCES.txt'
[0.656s] running build
[0.656s] running build_py
[0.656s] copying py_pubsub/subscriber_member_function.py -> /home/nomaan/ros2_ws/build/py_pubsub/build/lib/py_pubsub
[0.656s] copying py_pubsub/publisher_member_function.py -> /home/nomaan/ros2_ws/build/py_pubsub/build/lib/py_pubsub
[0.656s] copying py_pubsub/__init__.py -> /home/nomaan/ros2_ws/build/py_pubsub/build/lib/py_pubsub
[0.656s] running install
[0.656s] running install_lib
[0.657s] copying /home/nomaan/ros2_ws/build/py_pubsub/build/lib/py_pubsub/subscriber_member_function.py -> /home/nomaan/ros2_ws/install/py_pubsub/lib/python3.10/site-packages/py_pubsub
[0.657s] copying /home/nomaan/ros2_ws/build/py_pubsub/build/lib/py_pubsub/publisher_member_function.py -> /home/nomaan/ros2_ws/install/py_pubsub/lib/python3.10/site-packages/py_pubsub
[0.657s] copying /home/nomaan/ros2_ws/build/py_pubsub/build/lib/py_pubsub/__init__.py -> /home/nomaan/ros2_ws/install/py_pubsub/lib/python3.10/site-packages/py_pubsub
[0.657s] byte-compiling /home/nomaan/ros2_ws/install/py_pubsub/lib/python3.10/site-packages/py_pubsub/subscriber_member_function.py to subscriber_member_function.cpython-310.pyc
[0.658s] byte-compiling /home/nomaan/ros2_ws/install/py_pubsub/lib/python3.10/site-packages/py_pubsub/publisher_member_function.py to publisher_member_function.cpython-310.pyc
[0.658s] byte-compiling /home/nomaan/ros2_ws/install/py_pubsub/lib/python3.10/site-packages/py_pubsub/__init__.py to __init__.cpython-310.pyc
[0.659s] running install_data
[0.659s] copying resource/py_pubsub -> /home/nomaan/ros2_ws/install/py_pubsub/share/ament_index/resource_index/packages
[0.659s] copying package.xml -> /home/nomaan/ros2_ws/install/py_pubsub/share/py_pubsub
[0.659s] running install_egg_info
[0.661s] removing '/home/nomaan/ros2_ws/install/py_pubsub/lib/python3.10/site-packages/py_pubsub-0.0.0-py3.10.egg-info' (and everything under it)
[0.661s] Copying ../../build/py_pubsub/py_pubsub.egg-info to /home/nomaan/ros2_ws/install/py_pubsub/lib/python3.10/site-packages/py_pubsub-0.0.0-py3.10.egg-info
[0.661s] running install_scripts
[0.676s] Installing listener script to /home/nomaan/ros2_ws/install/py_pubsub/lib/py_pubsub
[0.676s] Installing talker script to /home/nomaan/ros2_ws/install/py_pubsub/lib/py_pubsub
[0.676s] writing list of installed files to '/home/nomaan/ros2_ws/build/py_pubsub/install.log'
[0.696s] Invoked command in '/home/nomaan/ros2_ws/src/py_pubsub' returned '0': PYTHONPATH=/home/nomaan/ros2_ws/build/py_pubsub/prefix_override:/usr/lib/python3/dist-packages/colcon_core/task/python/colcon_distutils_commands:/home/nomaan/ros2_ws/install/py_pubsub/lib/python3.10/site-packages:${PYTHONPATH} /usr/bin/python3 -W ignore:setup.py install is deprecated -W ignore:easy_install command is deprecated setup.py egg_info --egg-base ../../build/py_pubsub build --build-base /home/nomaan/ros2_ws/build/py_pubsub/build install --record /home/nomaan/ros2_ws/build/py_pubsub/install.log --single-version-externally-managed install_data
