[INFO] [launch]: All log files can be found below /home/thymio/.ros/log/2025-06-06-14-46-48-303249-thymio-820
[INFO] [launch]: Default logging verbosity is set to INFO
[INFO] [random_robot_move-1]: process started with pid [842]
[INFO] [publish_wind_direction-2]: process started with pid [844]
[publish_wind_direction-2] /usr/lib/python3/dist-packages/scipy/__init__.py:146: UserWarning: A NumPy version >=1.17.3 and <1.25.0 is required for this version of SciPy (detected version 1.26.4
[publish_wind_direction-2]   warnings.warn(f"A NumPy version >={np_minversion} and <{np_maxversion}"
[publish_wind_direction-2] [INFO] [1749221212.252640308] [publish_wind_direction]: Physical Ip=134.34.231.193, id=id1193
[publish_wind_direction-2] [INFO] [1749221212.290314030] [publish_wind_direction]: Subscribed to: vicon/default/data
[random_robot_move-1] [INFO] [1749221215.210993815] [random_robot_move]: Robot Control Node started.
[publish_wind_direction-2] [INFO] [1749221217.278022852] [publish_wind_direction]: Publishing: "id1193:E"
[publish_wind_direction-2] [INFO] [1749221222.278024347] [publish_wind_direction]: Publishing: "id1193:E"
[publish_wind_direction-2] [INFO] [1749221227.277547442] [publish_wind_direction]: Publishing: "id1193:E"
[publish_wind_direction-2] [INFO] [1749221232.278099548] [publish_wind_direction]: Publishing: "id1193:E"
[publish_wind_direction-2] [INFO] [1749221237.277722270] [publish_wind_direction]: Publishing: "id1193:E"
[publish_wind_direction-2] [INFO] [1749221242.278068392] [publish_wind_direction]: Publishing: "id1193:E"
[publish_wind_direction-2] [INFO] [1749221247.277805973] [publish_wind_direction]: Publishing: "id1193:E"
[publish_wind_direction-2] [INFO] [1749221252.277850076] [publish_wind_direction]: Publishing: "id1193:E"
[publish_wind_direction-2] [INFO] [1749221257.277861322] [publish_wind_direction]: Publishing: "id1193:E"
[publish_wind_direction-2] [INFO] [1749221262.277825973] [publish_wind_direction]: Publishing: "id1193:E"
[publish_wind_direction-2] [INFO] [1749221267.277856336] [publish_wind_direction]: Publishing: "id1193:E"
[publish_wind_direction-2] [INFO] [1749221272.277829247] [publish_wind_direction]: Publishing: "id1193:E"
[publish_wind_direction-2] [INFO] [1749221277.278054784] [publish_wind_direction]: Publishing: "id1193:E"
[publish_wind_direction-2] [INFO] [1749221282.278103198] [publish_wind_direction]: Publishing: "id1193:E"
[publish_wind_direction-2] [INFO] [1749221287.277990796] [publish_wind_direction]: Publishing: "id1193:E"
[publish_wind_direction-2] [INFO] [1749221292.278001889] [publish_wind_direction]: Publishing: "id1193:E"
[publish_wind_direction-2] [INFO] [1749221297.277876435] [publish_wind_direction]: Publishing: "id1193:E"
[publish_wind_direction-2] [INFO] [1749221302.278149489] [publish_wind_direction]: Publishing: "id1193:E"
[publish_wind_direction-2] [INFO] [1749221307.278035287] [publish_wind_direction]: Publishing: "id1193:E"
[publish_wind_direction-2] [INFO] [1749221312.277947257] [publish_wind_direction]: Publishing: "id1193:E"
[publish_wind_direction-2] [INFO] [1749221317.277931969] [publish_wind_direction]: Publishing: "id1193:E"
[publish_wind_direction-2] [INFO] [1749221322.277892628] [publish_wind_direction]: Publishing: "id1193:E"
[publish_wind_direction-2] [INFO] [1749221327.278016584] [publish_wind_direction]: Publishing: "id1193:E"
[publish_wind_direction-2] [INFO] [1749221332.279896042] [publish_wind_direction]: Publishing: "id1193:E"
[publish_wind_direction-2] [INFO] [1749221337.277978222] [publish_wind_direction]: Publishing: "id1193:E"
[publish_wind_direction-2] [INFO] [1749221342.278045551] [publish_wind_direction]: Publishing: "id1193:E"
[publish_wind_direction-2] [INFO] [1749221347.277896047] [publish_wind_direction]: Publishing: "id1193:E"
[publish_wind_direction-2] [INFO] [1749221352.277920580] [publish_wind_direction]: Publishing: "id1193:E"
[publish_wind_direction-2] [INFO] [1749221357.279753058] [publish_wind_direction]: Publishing: "id1193:E"
[publish_wind_direction-2] [INFO] [1749221362.277924333] [publish_wind_direction]: Publishing: "id1193:E"
[publish_wind_direction-2] [INFO] [1749221367.277861033] [publish_wind_direction]: Publishing: "id1193:E"
[publish_wind_direction-2] [INFO] [1749221372.277870382] [publish_wind_direction]: Publishing: "id1193:E"
[publish_wind_direction-2] [INFO] [1749221377.277887971] [publish_wind_direction]: Publishing: "id1193:E"
[publish_wind_direction-2] [INFO] [1749221382.277997931] [publish_wind_direction]: Publishing: "id1193:E"
[publish_wind_direction-2] [INFO] [1749221387.278122651] [publish_wind_direction]: Publishing: "id1193:E"
[publish_wind_direction-2] [INFO] [1749221392.278466147] [publish_wind_direction]: Publishing: "id1193:E"
[publish_wind_direction-2] [INFO] [1749221397.277890700] [publish_wind_direction]: Publishing: "id1193:E"
[publish_wind_direction-2] [INFO] [1749221402.277892993] [publish_wind_direction]: Publishing: "id1193:E"
[publish_wind_direction-2] [INFO] [1749221407.277897324] [publish_wind_direction]: Publishing: "id1193:E"
[publish_wind_direction-2] [INFO] [1749221412.277954506] [publish_wind_direction]: Publishing: "id1193:E"
[publish_wind_direction-2] [INFO] [1749221417.278015725] [publish_wind_direction]: Publishing: "id1193:E"
[publish_wind_direction-2] [INFO] [1749221422.278087981] [publish_wind_direction]: Publishing: "id1193:E"
[publish_wind_direction-2] [INFO] [1749221427.277964219] [publish_wind_direction]: Publishing: "id1193:E"
[publish_wind_direction-2] [INFO] [1749221432.277895568] [publish_wind_direction]: Publishing: "id1193:E"
[publish_wind_direction-2] [INFO] [1749221437.277915102] [publish_wind_direction]: Publishing: "id1193:E"
[publish_wind_direction-2] [INFO] [1749221442.277915081] [publish_wind_direction]: Publishing: "id1193:E"
[publish_wind_direction-2] [INFO] [1749221447.278694855] [publish_wind_direction]: Publishing: "id1193:E"
[publish_wind_direction-2] [INFO] [1749221452.277970408] [publish_wind_direction]: Publishing: "id1193:E"
[publish_wind_direction-2] [INFO] [1749221457.277894757] [publish_wind_direction]: Publishing: "id1193:E"
[publish_wind_direction-2] [INFO] [1749221462.277904754] [publish_wind_direction]: Publishing: "id1193:E"
[publish_wind_direction-2] [INFO] [1749221464.093531753] [publish_wind_direction]: Vicon Position= [-379.9092712402344, 942.2351684570312]
[publish_wind_direction-2] [INFO] [1749221464.096573771] [publish_wind_direction]: Neighbourhood size: 10
[publish_wind_direction-2] [INFO] [1749221467.277977492] [publish_wind_direction]: Publishing: "id1193:E"
[publish_wind_direction-2] [INFO] [1749221472.277945877] [publish_wind_direction]: Publishing: "id1193:E"
[publish_wind_direction-2] [INFO] [1749221477.277894245] [publish_wind_direction]: Publishing: "id1193:E"
[publish_wind_direction-2] [INFO] [1749221482.277957168] [publish_wind_direction]: Publishing: "id1193:E"
[publish_wind_direction-2] [INFO] [1749221487.277945035] [publish_wind_direction]: Publishing: "id1193:E"
[publish_wind_direction-2] [INFO] [1749221492.277917662] [publish_wind_direction]: Publishing: "id1193:E"
[publish_wind_direction-2] [INFO] [1749221495.877412826] [publish_wind_direction]: Vicon Position= [147.2361602783203, 1072.60595703125]
[publish_wind_direction-2] [INFO] [1749221495.880318474] [publish_wind_direction]: Neighbourhood size: 2
[publish_wind_direction-2] [INFO] [1749221497.277968844] [publish_wind_direction]: Publishing: "id1193:E"
[publish_wind_direction-2] [INFO] [1749221499.618041083] [publish_wind_direction]: Vicon Position= [181.4668426513672, 1153.549072265625]
[publish_wind_direction-2] [INFO] [1749221499.621000361] [publish_wind_direction]: Neighbourhood size: 2
[publish_wind_direction-2] [INFO] [1749221502.278003082] [publish_wind_direction]: Publishing: "id1193:E"
[publish_wind_direction-2] [INFO] [1749221507.277948690] [publish_wind_direction]: Publishing: "id1193:E"
[publish_wind_direction-2] [INFO] [1749221512.277898261] [publish_wind_direction]: Publishing: "id1193:E"
[publish_wind_direction-2] [INFO] [1749221517.277876684] [publish_wind_direction]: Publishing: "id1193:E"
[publish_wind_direction-2] [INFO] [1749221522.277990829] [publish_wind_direction]: Publishing: "id1193:E"
[publish_wind_direction-2] [INFO] [1749221527.277928900] [publish_wind_direction]: Publishing: "id1193:E"
[publish_wind_direction-2] [INFO] [1749221531.337985083] [publish_wind_direction]: Vicon Position= [291.9178466796875, 1426.0262451171875]
[publish_wind_direction-2] [INFO] [1749221531.340713990] [publish_wind_direction]: Neighbourhood size: 4
[publish_wind_direction-2] [INFO] [1749221532.277903434] [publish_wind_direction]: Publishing: "id1193:E"
[publish_wind_direction-2] [INFO] [1749221537.277925931] [publish_wind_direction]: Publishing: "id1193:E"
[publish_wind_direction-2] [INFO] [1749221542.277849502] [publish_wind_direction]: Publishing: "id1193:E"
[publish_wind_direction-2] [INFO] [1749221547.277886536] [publish_wind_direction]: Publishing: "id1193:E"
[publish_wind_direction-2] [INFO] [1749221552.277888719] [publish_wind_direction]: Publishing: "id1193:E"
[publish_wind_direction-2] [INFO] [1749221557.277869179] [publish_wind_direction]: Publishing: "id1193:E"
[publish_wind_direction-2] [INFO] [1749221559.023727307] [publish_wind_direction]: Vicon Position= [291.9178466796875, 1426.0262451171875]
[publish_wind_direction-2] [INFO] [1749221559.026509752] [publish_wind_direction]: Neighbourhood size: 4
[publish_wind_direction-2] [INFO] [1749221561.877535454] [publish_wind_direction]: Vicon Position= [289.13079833984375, 1419.8291015625]
[publish_wind_direction-2] [INFO] [1749221561.880340917] [publish_wind_direction]: Neighbourhood size: 5
[publish_wind_direction-2] [INFO] [1749221562.277824009] [publish_wind_direction]: Publishing: "id1193:E"
[publish_wind_direction-2] [INFO] [1749221567.277928765] [publish_wind_direction]: Publishing: "id1193:E"
[publish_wind_direction-2] [INFO] [1749221572.277913947] [publish_wind_direction]: Publishing: "id1193:E"
[publish_wind_direction-2] [INFO] [1749221577.277941833] [publish_wind_direction]: Publishing: "id1193:E"
[publish_wind_direction-2] [INFO] [1749221582.277924108] [publish_wind_direction]: Publishing: "id1193:E"
[publish_wind_direction-2] [INFO] [1749221583.672943348] [publish_wind_direction]: Vicon Position= [238.16427612304688, 1345.5242919921875]
[publish_wind_direction-2] [INFO] [1749221583.675848552] [publish_wind_direction]: Neighbourhood size: 4
[publish_wind_direction-2] [INFO] [1749221587.277980716] [publish_wind_direction]: Publishing: "id1193:E"
[publish_wind_direction-2] [INFO] [1749221592.278414213] [publish_wind_direction]: Publishing: "id1193:E"
[publish_wind_direction-2] [INFO] [1749221594.457552879] [publish_wind_direction]: Vicon Position= [242.58216857910156, 1341.3409423828125]
[publish_wind_direction-2] [INFO] [1749221594.460478286] [publish_wind_direction]: Neighbourhood size: 6
[publish_wind_direction-2] [INFO] [1749221597.277757803] [publish_wind_direction]: Publishing: "id1193:E"
[publish_wind_direction-2] [INFO] [1749221599.233634487] [publish_wind_direction]: Vicon Position= [300.0966796875, 1343.8765869140625]
[publish_wind_direction-2] [INFO] [1749221599.236533802] [publish_wind_direction]: Neighbourhood size: 7
[publish_wind_direction-2] [INFO] [1749221602.277909930] [publish_wind_direction]: Publishing: "id1193:E"
[publish_wind_direction-2] [INFO] [1749221602.692164318] [publish_wind_direction]: Vicon Position= [226.8232879638672, 1365.736328125]
[publish_wind_direction-2] [INFO] [1749221602.695068263] [publish_wind_direction]: Neighbourhood size: 4
[publish_wind_direction-2] [INFO] [1749221607.277945186] [publish_wind_direction]: Publishing: "id1193:E"
[publish_wind_direction-2] [INFO] [1749221609.375421851] [publish_wind_direction]: Vicon Position= [-216.09095764160156, 1101.916015625]
[publish_wind_direction-2] [INFO] [1749221609.378770759] [publish_wind_direction]: Neighbourhood size: 7
[publish_wind_direction-2] [INFO] [1749221612.277942072] [publish_wind_direction]: Publishing: "id1193:E"
[publish_wind_direction-2] [INFO] [1749221615.148897255] [publish_wind_direction]: Vicon Position= [65.7835693359375, 1452.729736328125]
[publish_wind_direction-2] [INFO] [1749221615.151823681] [publish_wind_direction]: Neighbourhood size: 3
[publish_wind_direction-2] [INFO] [1749221617.277980513] [publish_wind_direction]: Publishing: "id1193:E"
[publish_wind_direction-2] [INFO] [1749221619.076651179] [publish_wind_direction]: Vicon Position= [-75.21605682373047, 1399.3642578125]
[publish_wind_direction-2] [INFO] [1749221619.079558568] [publish_wind_direction]: Neighbourhood size: 2
[publish_wind_direction-2] [INFO] [1749221620.546991604] [publish_wind_direction]: Vicon Position= [-189.76861572265625, 1430.313232421875]
[publish_wind_direction-2] [INFO] [1749221620.550002956] [publish_wind_direction]: Neighbourhood size: 2
[publish_wind_direction-2] [INFO] [1749221622.277946492] [publish_wind_direction]: Publishing: "id1193:E"
[publish_wind_direction-2] [INFO] [1749221623.323526843] [publish_wind_direction]: Vicon Position= [-118.61099243164062, 714.4067993164062]
[publish_wind_direction-2] [INFO] [1749221623.326185565] [publish_wind_direction]: Neighbourhood size: 11
[publish_wind_direction-2] [INFO] [1749221625.725678193] [publish_wind_direction]: Vicon Position= [106.99137115478516, 1039.0606689453125]
[publish_wind_direction-2] [INFO] [1749221625.728788508] [publish_wind_direction]: Neighbourhood size: 5
[publish_wind_direction-2] [INFO] [1749221627.277945692] [publish_wind_direction]: Publishing: "id1193:E"
[publish_wind_direction-2] [INFO] [1749221631.455840634] [publish_wind_direction]: Vicon Position= [-35.596534729003906, 1345.279296875]
[publish_wind_direction-2] [INFO] [1749221631.458783357] [publish_wind_direction]: Neighbourhood size: 3
[publish_wind_direction-2] [INFO] [1749221632.277934893] [publish_wind_direction]: Publishing: "id1193:E"
[publish_wind_direction-2] [INFO] [1749221635.361271632] [publish_wind_direction]: Vicon Position= [-91.281005859375, 1318.3404541015625]
[publish_wind_direction-2] [INFO] [1749221635.364245910] [publish_wind_direction]: Neighbourhood size: 4
[publish_wind_direction-2] [INFO] [1749221636.473846094] [publish_wind_direction]: Vicon Position= [-70.37960815429688, 1265.3511962890625]
[publish_wind_direction-2] [INFO] [1749221636.476661057] [publish_wind_direction]: Neighbourhood size: 5
[publish_wind_direction-2] [INFO] [1749221637.277952372] [publish_wind_direction]: Publishing: "id1193:E"
[publish_wind_direction-2] [INFO] [1749221638.047917186] [publish_wind_direction]: Vicon Position= [-99.62478637695312, 1139.496337890625]
[publish_wind_direction-2] [INFO] [1749221638.050701223] [publish_wind_direction]: Neighbourhood size: 5
[publish_wind_direction-2] [INFO] [1749221640.894129444] [publish_wind_direction]: Vicon Position= [-124.59164428710938, 880.8070068359375]
[publish_wind_direction-2] [INFO] [1749221640.896834221] [publish_wind_direction]: Neighbourhood size: 7
[publish_wind_direction-2] [INFO] [1749221642.277951350] [publish_wind_direction]: Publishing: "id1193:E"
[publish_wind_direction-2] [INFO] [1749221642.594001943] [publish_wind_direction]: Vicon Position= [47.1412239074707, 853.0733642578125]
[publish_wind_direction-2] [INFO] [1749221642.596792350] [publish_wind_direction]: Neighbourhood size: 8
[publish_wind_direction-2] [INFO] [1749221644.416462571] [publish_wind_direction]: Vicon Position= [61.368431091308594, -615.1019287109375]
[publish_wind_direction-2] [INFO] [1749221644.419336923] [publish_wind_direction]: Neighbourhood size: 5
[publish_wind_direction-2] [INFO] [1749221647.277910755] [publish_wind_direction]: Publishing: "id1193:E"
[publish_wind_direction-2] [INFO] [1749221652.277972103] [publish_wind_direction]: Publishing: "id1193:E"
[publish_wind_direction-2] [INFO] [1749221657.277871212] [publish_wind_direction]: Publishing: "id1193:E"
[publish_wind_direction-2] [INFO] [1749221662.277869357] [publish_wind_direction]: Publishing: "id1193:E"
[publish_wind_direction-2] [INFO] [1749221667.277912298] [publish_wind_direction]: Publishing: "id1193:E"
[publish_wind_direction-2] [INFO] [1749221672.277928758] [publish_wind_direction]: Publishing: "id1193:E"
[publish_wind_direction-2] [INFO] [1749221672.754284906] [publish_wind_direction]: Vicon Position= [707.304931640625, -658.76171875]
[publish_wind_direction-2] [INFO] [1749221672.757249999] [publish_wind_direction]: Neighbourhood size: 3
[publish_wind_direction-2] [INFO] [1749221674.238218072] [publish_wind_direction]: Vicon Position= [718.7588500976562, -658.3494873046875]
[publish_wind_direction-2] [INFO] [1749221674.241069368] [publish_wind_direction]: Neighbourhood size: 3
[publish_wind_direction-2] [INFO] [1749221676.398103330] [publish_wind_direction]: Vicon Position= [836.2749633789062, -648.4999389648438]
[publish_wind_direction-2] [INFO] [1749221676.401272182] [publish_wind_direction]: Neighbourhood size: 2
[publish_wind_direction-2] [INFO] [1749221677.277909403] [publish_wind_direction]: Publishing: "id1193:E"
[publish_wind_direction-2] [INFO] [1749221678.041805033] [publish_wind_direction]: Vicon Position= [840.6312255859375, -647.9931640625]
[publish_wind_direction-2] [INFO] [1749221678.044513903] [publish_wind_direction]: Neighbourhood size: 2
[publish_wind_direction-2] [INFO] [1749221682.277899586] [publish_wind_direction]: Publishing: "id1193:E"
[publish_wind_direction-2] [INFO] [1749221687.277961120] [publish_wind_direction]: Publishing: "id1193:E"
[publish_wind_direction-2] [INFO] [1749221692.278012061] [publish_wind_direction]: Publishing: "id1193:E"
[publish_wind_direction-2] [INFO] [1749221697.277950873] [publish_wind_direction]: Publishing: "id1193:E"
[publish_wind_direction-2] [INFO] [1749221702.277872463] [publish_wind_direction]: Publishing: "id1193:E"
[publish_wind_direction-2] [INFO] [1749221707.277889552] [publish_wind_direction]: Publishing: "id1193:E"
[publish_wind_direction-2] [INFO] [1749221712.277874105] [publish_wind_direction]: Publishing: "id1193:E"
[publish_wind_direction-2] [INFO] [1749221714.440344215] [publish_wind_direction]: Vicon Position= [1018.88818359375, -260.6593933105469]
[publish_wind_direction-2] [INFO] [1749221714.443244178] [publish_wind_direction]: Neighbourhood size: 6
[publish_wind_direction-2] [INFO] [1749221715.853421084] [publish_wind_direction]: Vicon Position= [1029.6082763671875, -208.3716278076172]
[publish_wind_direction-2] [INFO] [1749221715.856302306] [publish_wind_direction]: Neighbourhood size: 5
[publish_wind_direction-2] [INFO] [1749221717.277877546] [publish_wind_direction]: Publishing: "id1193:E"
[publish_wind_direction-2] [INFO] [1749221719.679703211] [publish_wind_direction]: Vicon Position= [868.2520751953125, -107.45037078857422]
[publish_wind_direction-2] [INFO] [1749221719.682850823] [publish_wind_direction]: Neighbourhood size: 7
[publish_wind_direction-2] [INFO] [1749221722.277884599] [publish_wind_direction]: Publishing: "id1193:E"
[publish_wind_direction-2] [INFO] [1749221727.277872133] [publish_wind_direction]: Publishing: "id1193:E"
[publish_wind_direction-2] [INFO] [1749221728.193183614] [publish_wind_direction]: Vicon Position= [521.5762329101562, -126.465087890625]
[publish_wind_direction-2] [INFO] [1749221728.196074040] [publish_wind_direction]: Neighbourhood size: 9
[publish_wind_direction-2] [INFO] [1749221729.665272187] [publish_wind_direction]: Vicon Position= [523.1730346679688, -124.7524185180664]
[publish_wind_direction-2] [INFO] [1749221729.668082261] [publish_wind_direction]: Neighbourhood size: 9
[publish_wind_direction-2] [INFO] [1749221732.277851371] [publish_wind_direction]: Publishing: "id1193:E"
[publish_wind_direction-2] [INFO] [1749221737.217048757] [publish_wind_direction]: Vicon Position= [568.531494140625, -123.80094146728516]
[publish_wind_direction-2] [INFO] [1749221737.220132405] [publish_wind_direction]: Neighbourhood size: 9
[publish_wind_direction-2] [INFO] [1749221737.277914182] [publish_wind_direction]: Publishing: "id1193:E"
[publish_wind_direction-2] [INFO] [1749221738.276809811] [publish_wind_direction]: Vicon Position= [572.1306762695312, -124.11405181884766]
[publish_wind_direction-2] [INFO] [1749221738.279723200] [publish_wind_direction]: Neighbourhood size: 9
[publish_wind_direction-2] [INFO] [1749221742.277905735] [publish_wind_direction]: Publishing: "id1193:E"
[publish_wind_direction-2] [INFO] [1749221747.277911176] [publish_wind_direction]: Publishing: "id1193:E"
[publish_wind_direction-2] [INFO] [1749221752.277898674] [publish_wind_direction]: Publishing: "id1193:E"
[publish_wind_direction-2] [INFO] [1749221755.002786894] [publish_wind_direction]: Vicon Position= [602.3839721679688, -112.69981384277344]
[publish_wind_direction-2] [INFO] [1749221755.005646283] [publish_wind_direction]: Neighbourhood size: 9
[publish_wind_direction-2] [INFO] [1749221757.277966189] [publish_wind_direction]: Publishing: "id1193:E"
[publish_wind_direction-2] [INFO] [1749221762.277921112] [publish_wind_direction]: Publishing: "id1193:E"
[publish_wind_direction-2] [INFO] [1749221767.278086831] [publish_wind_direction]: Publishing: "id1193:E"
[publish_wind_direction-2] [INFO] [1749221768.292071405] [publish_wind_direction]: Vicon Position= [602.3839721679688, -112.69981384277344]
[publish_wind_direction-2] [INFO] [1749221768.294985627] [publish_wind_direction]: Neighbourhood size: 9
[publish_wind_direction-2] [INFO] [1749221772.277951013] [publish_wind_direction]: Publishing: "id1193:E"
[publish_wind_direction-2] [INFO] [1749221774.311484809] [publish_wind_direction]: Vicon Position= [602.3839721679688, -112.69981384277344]
[publish_wind_direction-2] [INFO] [1749221774.314402568] [publish_wind_direction]: Neighbourhood size: 9
[publish_wind_direction-2] [INFO] [1749221777.277915547] [publish_wind_direction]: Publishing: "id1193:E"
[publish_wind_direction-2] [INFO] [1749221778.328295362] [publish_wind_direction]: Vicon Position= [602.3839721679688, -112.69981384277344]
[publish_wind_direction-2] [INFO] [1749221778.331123806] [publish_wind_direction]: Neighbourhood size: 9
[publish_wind_direction-2] [INFO] [1749221781.405526749] [publish_wind_direction]: Vicon Position= [602.3839721679688, -112.69981384277344]
[publish_wind_direction-2] [INFO] [1749221781.408340360] [publish_wind_direction]: Neighbourhood size: 9
[publish_wind_direction-2] [INFO] [1749221782.277888007] [publish_wind_direction]: Publishing: "id1193:E"
[publish_wind_direction-2] [INFO] [1749221787.277901893] [publish_wind_direction]: Publishing: "id1193:E"
[publish_wind_direction-2] [INFO] [1749221792.277907687] [publish_wind_direction]: Publishing: "id1193:E"
[publish_wind_direction-2] [INFO] [1749221796.555760703] [publish_wind_direction]: Vicon Position= [602.3839721679688, -112.69981384277344]
[publish_wind_direction-2] [INFO] [1749221796.558406629] [publish_wind_direction]: Neighbourhood size: 9
[publish_wind_direction-2] [INFO] [1749221797.277953869] [publish_wind_direction]: Publishing: "id1193:E"
[publish_wind_direction-2] [INFO] [1749221800.911828682] [publish_wind_direction]: Vicon Position= [602.3839721679688, -112.69981384277344]
[publish_wind_direction-2] [INFO] [1749221800.914561811] [publish_wind_direction]: Neighbourhood size: 9
[publish_wind_direction-2] [INFO] [1749221802.278683662] [publish_wind_direction]: Publishing: "id1193:E"
[publish_wind_direction-2] [INFO] [1749221804.784861531] [publish_wind_direction]: Vicon Position= [602.3839721679688, -112.69981384277344]
[publish_wind_direction-2] [INFO] [1749221804.788389513] [publish_wind_direction]: Neighbourhood size: 9
[publish_wind_direction-2] [INFO] [1749221807.234824030] [publish_wind_direction]: Vicon Position= [602.3839721679688, -112.69981384277344]
[publish_wind_direction-2] [INFO] [1749221807.237590141] [publish_wind_direction]: Neighbourhood size: 9
[publish_wind_direction-2] [INFO] [1749221807.278146011] [publish_wind_direction]: Publishing: "id1193:E"
[publish_wind_direction-2] [INFO] [1749221811.285800509] [publish_wind_direction]: Vicon Position= [602.3839721679688, -112.69981384277344]
[publish_wind_direction-2] [INFO] [1749221811.288592361] [publish_wind_direction]: Neighbourhood size: 9
[publish_wind_direction-2] [INFO] [1749221812.278385490] [publish_wind_direction]: Publishing: "id1193:E"
[publish_wind_direction-2] [INFO] [1749221817.277821783] [publish_wind_direction]: Publishing: "id1193:E"
[publish_wind_direction-2] [INFO] [1749221822.277885984] [publish_wind_direction]: Publishing: "id1193:E"
[publish_wind_direction-2] [INFO] [1749221823.716939261] [publish_wind_direction]: Vicon Position= [602.3839721679688, -112.69981384277344]
[publish_wind_direction-2] [INFO] [1749221823.719722705] [publish_wind_direction]: Neighbourhood size: 9
[publish_wind_direction-2] [INFO] [1749221827.278084703] [publish_wind_direction]: Publishing: "id1193:E"
[publish_wind_direction-2] [INFO] [1749221832.277877385] [publish_wind_direction]: Publishing: "id1193:E"
[publish_wind_direction-2] [INFO] [1749221837.277862475] [publish_wind_direction]: Publishing: "id1193:E"
[publish_wind_direction-2] [INFO] [1749221842.049176564] [publish_wind_direction]: Vicon Position= [602.3839721679688, -112.69981384277344]
[publish_wind_direction-2] [INFO] [1749221842.053345935] [publish_wind_direction]: Neighbourhood size: 9
[publish_wind_direction-2] [INFO] [1749221842.277912342] [publish_wind_direction]: Publishing: "id1193:E"
[publish_wind_direction-2] [INFO] [1749221847.277867432] [publish_wind_direction]: Publishing: "id1193:E"
[publish_wind_direction-2] [INFO] [1749221852.277868040] [publish_wind_direction]: Publishing: "id1193:E"
[publish_wind_direction-2] [INFO] [1749221857.277789018] [publish_wind_direction]: Publishing: "id1193:E"
[publish_wind_direction-2] [INFO] [1749221859.278182925] [publish_wind_direction]: Vicon Position= [602.3839721679688, -112.69981384277344]
[publish_wind_direction-2] [INFO] [1749221859.280873795] [publish_wind_direction]: Neighbourhood size: 9
[publish_wind_direction-2] [INFO] [1749221862.277876238] [publish_wind_direction]: Publishing: "id1193:E"
[publish_wind_direction-2] [INFO] [1749221867.277851512] [publish_wind_direction]: Publishing: "id1193:E"
[publish_wind_direction-2] [INFO] [1749221872.277864324] [publish_wind_direction]: Publishing: "id1193:E"
[publish_wind_direction-2] [INFO] [1749221873.831054342] [publish_wind_direction]: Vicon Position= [602.3839721679688, -112.69981384277344]
[publish_wind_direction-2] [INFO] [1749221873.833758842] [publish_wind_direction]: Neighbourhood size: 9
[publish_wind_direction-2] [INFO] [1749221877.277944025] [publish_wind_direction]: Publishing: "id1193:E"
[publish_wind_direction-2] [INFO] [1749221878.234257765] [publish_wind_direction]: Vicon Position= [602.3839721679688, -112.69981384277344]
[publish_wind_direction-2] [INFO] [1749221878.237117117] [publish_wind_direction]: Neighbourhood size: 9
[publish_wind_direction-2] [INFO] [1749221882.278098522] [publish_wind_direction]: Publishing: "id1193:E"
[publish_wind_direction-2] [INFO] [1749221887.277875315] [publish_wind_direction]: Publishing: "id1193:E"
[publish_wind_direction-2] [INFO] [1749221892.277853442] [publish_wind_direction]: Publishing: "id1193:E"
[publish_wind_direction-2] [INFO] [1749221897.277849883] [publish_wind_direction]: Publishing: "id1193:E"
[publish_wind_direction-2] [INFO] [1749221901.412374307] [publish_wind_direction]: Vicon Position= [602.3839721679688, -112.69981384277344]
[publish_wind_direction-2] [INFO] [1749221901.415262011] [publish_wind_direction]: Neighbourhood size: 9
[publish_wind_direction-2] [INFO] [1749221902.277921825] [publish_wind_direction]: Publishing: "id1193:E"
[publish_wind_direction-2] [INFO] [1749221903.507930491] [publish_wind_direction]: Vicon Position= [602.3839721679688, -112.69981384277344]
[publish_wind_direction-2] [INFO] [1749221903.510783250] [publish_wind_direction]: Neighbourhood size: 9
[publish_wind_direction-2] [INFO] [1749221907.277889470] [publish_wind_direction]: Publishing: "id1193:E"
[publish_wind_direction-2] [INFO] [1749221910.095032857] [publish_wind_direction]: Vicon Position= [602.3839721679688, -112.69981384277344]
[publish_wind_direction-2] [INFO] [1749221910.097790042] [publish_wind_direction]: Neighbourhood size: 9
[publish_wind_direction-2] [INFO] [1749221912.277973171] [publish_wind_direction]: Publishing: "id1193:E"
[publish_wind_direction-2] [INFO] [1749221915.549182113] [publish_wind_direction]: Vicon Position= [602.3839721679688, -112.69981384277344]
[publish_wind_direction-2] [INFO] [1749221915.552118132] [publish_wind_direction]: Neighbourhood size: 9
[publish_wind_direction-2] [INFO] [1749221917.277899316] [publish_wind_direction]: Publishing: "id1193:E"
[publish_wind_direction-2] [INFO] [1749221918.398709149] [publish_wind_direction]: Vicon Position= [602.3839721679688, -112.69981384277344]
[publish_wind_direction-2] [INFO] [1749221918.401346482] [publish_wind_direction]: Neighbourhood size: 9
[publish_wind_direction-2] [INFO] [1749221922.277865480] [publish_wind_direction]: Publishing: "id1193:E"
[publish_wind_direction-2] [INFO] [1749221922.948993683] [publish_wind_direction]: Vicon Position= [602.3839721679688, -112.69981384277344]
[publish_wind_direction-2] [INFO] [1749221922.951793183] [publish_wind_direction]: Neighbourhood size: 9
[publish_wind_direction-2] [INFO] [1749221925.438936700] [publish_wind_direction]: Vicon Position= [602.3839721679688, -112.69981384277344]
[publish_wind_direction-2] [INFO] [1749221925.441925255] [publish_wind_direction]: Neighbourhood size: 9
[publish_wind_direction-2] [INFO] [1749221927.277910477] [publish_wind_direction]: Publishing: "id1193:E"
[publish_wind_direction-2] [INFO] [1749221927.689084791] [publish_wind_direction]: Vicon Position= [602.3839721679688, -112.69981384277344]
[publish_wind_direction-2] [INFO] [1749221927.691873828] [publish_wind_direction]: Neighbourhood size: 9
[publish_wind_direction-2] [INFO] [1749221929.146250531] [publish_wind_direction]: Vicon Position= [602.3839721679688, -112.69981384277344]
[publish_wind_direction-2] [INFO] [1749221929.149045846] [publish_wind_direction]: Neighbourhood size: 9
[publish_wind_direction-2] [INFO] [1749221930.740404067] [publish_wind_direction]: Vicon Position= [602.3839721679688, -112.69981384277344]
[publish_wind_direction-2] [INFO] [1749221930.743204160] [publish_wind_direction]: Neighbourhood size: 9
[publish_wind_direction-2] [INFO] [1749221932.277906159] [publish_wind_direction]: Publishing: "id1193:E"
[publish_wind_direction-2] [INFO] [1749221932.468285288] [publish_wind_direction]: Vicon Position= [602.3839721679688, -112.69981384277344]
[publish_wind_direction-2] [INFO] [1749221932.471087251] [publish_wind_direction]: Neighbourhood size: 9
[publish_wind_direction-2] [INFO] [1749221935.434298805] [publish_wind_direction]: Vicon Position= [602.3839721679688, -112.69981384277344]
[publish_wind_direction-2] [INFO] [1749221935.437094675] [publish_wind_direction]: Neighbourhood size: 9
[publish_wind_direction-2] [INFO] [1749221937.277908415] [publish_wind_direction]: Publishing: "id1193:E"
[publish_wind_direction-2] [INFO] [1749221938.301956322] [publish_wind_direction]: Vicon Position= [602.3839721679688, -112.69981384277344]
[publish_wind_direction-2] [INFO] [1749221938.304749840] [publish_wind_direction]: Neighbourhood size: 9
[publish_wind_direction-2] [INFO] [1749221939.662080506] [publish_wind_direction]: Vicon Position= [602.3839721679688, -112.69981384277344]
[publish_wind_direction-2] [INFO] [1749221939.665036469] [publish_wind_direction]: Neighbourhood size: 9
[publish_wind_direction-2] [INFO] [1749221942.277992301] [publish_wind_direction]: Publishing: "id1193:E"
[publish_wind_direction-2] [INFO] [1749221945.990241410] [publish_wind_direction]: Vicon Position= [602.3839721679688, -112.69981384277344]
[publish_wind_direction-2] [INFO] [1749221945.993322540] [publish_wind_direction]: Neighbourhood size: 9
[publish_wind_direction-2] [INFO] [1749221947.277929909] [publish_wind_direction]: Publishing: "id1193:E"
[publish_wind_direction-2] [INFO] [1749221948.906385427] [publish_wind_direction]: Vicon Position= [602.3839721679688, -112.69981384277344]
[publish_wind_direction-2] [INFO] [1749221948.909298260] [publish_wind_direction]: Neighbourhood size: 9
[publish_wind_direction-2] [INFO] [1749221952.277922702] [publish_wind_direction]: Publishing: "id1193:E"
[publish_wind_direction-2] [INFO] [1749221955.240696997] [publish_wind_direction]: Vicon Position= [602.3839721679688, -112.69981384277344]
[publish_wind_direction-2] [INFO] [1749221955.244876886] [publish_wind_direction]: Neighbourhood size: 9
[publish_wind_direction-2] [INFO] [1749221957.277874681] [publish_wind_direction]: Publishing: "id1193:E"
[publish_wind_direction-2] [INFO] [1749221959.279280680] [publish_wind_direction]: Vicon Position= [602.3839721679688, -112.69981384277344]
[publish_wind_direction-2] [INFO] [1749221959.282243569] [publish_wind_direction]: Neighbourhood size: 9
[publish_wind_direction-2] [INFO] [1749221961.655378401] [publish_wind_direction]: Vicon Position= [602.3839721679688, -112.69981384277344]
[publish_wind_direction-2] [INFO] [1749221961.658237104] [publish_wind_direction]: Neighbourhood size: 9
[publish_wind_direction-2] [INFO] [1749221962.277879919] [publish_wind_direction]: Publishing: "id1193:E"
[publish_wind_direction-2] [INFO] [1749221964.438144640] [publish_wind_direction]: Vicon Position= [602.3839721679688, -112.69981384277344]
[publish_wind_direction-2] [INFO] [1749221964.441052399] [publish_wind_direction]: Neighbourhood size: 9
[publish_wind_direction-2] [INFO] [1749221967.278394156] [publish_wind_direction]: Publishing: "id1193:E"
[publish_wind_direction-2] [INFO] [1749221969.376525785] [publish_wind_direction]: Vicon Position= [602.3839721679688, -112.69981384277344]
[publish_wind_direction-2] [INFO] [1749221969.380066118] [publish_wind_direction]: Neighbourhood size: 9
[publish_wind_direction-2] [INFO] [1749221971.237497191] [publish_wind_direction]: Vicon Position= [602.3839721679688, -112.69981384277344]
[publish_wind_direction-2] [INFO] [1749221971.240698450] [publish_wind_direction]: Neighbourhood size: 9
[publish_wind_direction-2] [INFO] [1749221972.277809857] [publish_wind_direction]: Publishing: "id1193:E"
[publish_wind_direction-2] [INFO] [1749221972.973527801] [publish_wind_direction]: Vicon Position= [602.3839721679688, -112.69981384277344]
[publish_wind_direction-2] [INFO] [1749221972.976328857] [publish_wind_direction]: Neighbourhood size: 9
[publish_wind_direction-2] [INFO] [1749221976.620685984] [publish_wind_direction]: Vicon Position= [602.3839721679688, -112.69981384277344]
[publish_wind_direction-2] [INFO] [1749221976.623683206] [publish_wind_direction]: Neighbourhood size: 9
[publish_wind_direction-2] [INFO] [1749221977.277826317] [publish_wind_direction]: Publishing: "id1193:E"
[publish_wind_direction-2] [INFO] [1749221978.259604465] [publish_wind_direction]: Vicon Position= [602.3839721679688, -112.69981384277344]
[publish_wind_direction-2] [INFO] [1749221978.262519631] [publish_wind_direction]: Neighbourhood size: 9
[publish_wind_direction-2] [INFO] [1749221982.278051629] [publish_wind_direction]: Publishing: "id1193:E"
[publish_wind_direction-2] [INFO] [1749221985.497673664] [publish_wind_direction]: Vicon Position= [602.3839721679688, -112.69981384277344]
[publish_wind_direction-2] [INFO] [1749221985.500825831] [publish_wind_direction]: Neighbourhood size: 9
[publish_wind_direction-2] [INFO] [1749221987.277862182] [publish_wind_direction]: Publishing: "id1193:E"
[publish_wind_direction-2] [INFO] [1749221992.277492530] [publish_wind_direction]: Publishing: "id1193:E"
[publish_wind_direction-2] [INFO] [1749221993.018198400] [publish_wind_direction]: Vicon Position= [602.3839721679688, -112.69981384277344]
[publish_wind_direction-2] [INFO] [1749221993.021088826] [publish_wind_direction]: Neighbourhood size: 9
[publish_wind_direction-2] [INFO] [1749221997.277856768] [publish_wind_direction]: Publishing: "id1193:E"
[publish_wind_direction-2] [INFO] [1749221998.363230527] [publish_wind_direction]: Vicon Position= [602.3839721679688, -112.69981384277344]
[publish_wind_direction-2] [INFO] [1749221998.366078693] [publish_wind_direction]: Neighbourhood size: 9
[publish_wind_direction-2] [INFO] [1749222001.540814025] [publish_wind_direction]: Vicon Position= [602.3839721679688, -112.69981384277344]
[publish_wind_direction-2] [INFO] [1749222001.543734118] [publish_wind_direction]: Neighbourhood size: 9
[publish_wind_direction-2] [INFO] [1749222002.277893450] [publish_wind_direction]: Publishing: "id1193:E"
[publish_wind_direction-2] [INFO] [1749222002.823543876] [publish_wind_direction]: Vicon Position= [602.3839721679688, -112.69981384277344]
[publish_wind_direction-2] [INFO] [1749222002.826384987] [publish_wind_direction]: Neighbourhood size: 9
[publish_wind_direction-2] [INFO] [1749222005.187365134] [publish_wind_direction]: Vicon Position= [602.3839721679688, -112.69981384277344]
[publish_wind_direction-2] [INFO] [1749222005.190741449] [publish_wind_direction]: Neighbourhood size: 9
[publish_wind_direction-2] [INFO] [1749222007.189494762] [publish_wind_direction]: Vicon Position= [602.3839721679688, -112.69981384277344]
[publish_wind_direction-2] [INFO] [1749222007.192307947] [publish_wind_direction]: Neighbourhood size: 9
[publish_wind_direction-2] [INFO] [1749222007.277848355] [publish_wind_direction]: Publishing: "id1193:E"
[publish_wind_direction-2] [INFO] [1749222008.821438280] [publish_wind_direction]: Vicon Position= [602.3839721679688, -112.69981384277344]
[publish_wind_direction-2] [INFO] [1749222008.824770039] [publish_wind_direction]: Neighbourhood size: 9
[publish_wind_direction-2] [INFO] [1749222011.427808834] [publish_wind_direction]: Vicon Position= [602.3839721679688, -112.69981384277344]
[publish_wind_direction-2] [INFO] [1749222011.430425889] [publish_wind_direction]: Neighbourhood size: 9
[publish_wind_direction-2] [INFO] [1749222012.277806537] [publish_wind_direction]: Publishing: "id1193:E"
[publish_wind_direction-2] [INFO] [1749222012.994693518] [publish_wind_direction]: Vicon Position= [602.3839721679688, -112.69981384277344]
[publish_wind_direction-2] [INFO] [1749222012.997553481] [publish_wind_direction]: Neighbourhood size: 9
[publish_wind_direction-2] [INFO] [1749222014.092106647] [publish_wind_direction]: Vicon Position= [602.3839721679688, -112.69981384277344]
[publish_wind_direction-2] [INFO] [1749222014.095136869] [publish_wind_direction]: Neighbourhood size: 9
[publish_wind_direction-2] [INFO] [1749222017.277840053] [publish_wind_direction]: Publishing: "id1193:E"
[publish_wind_direction-2] [INFO] [1749222020.136157569] [publish_wind_direction]: Vicon Position= [602.3839721679688, -112.69981384277344]
[publish_wind_direction-2] [INFO] [1749222020.139132032] [publish_wind_direction]: Neighbourhood size: 9
[publish_wind_direction-2] [INFO] [1749222022.277862494] [publish_wind_direction]: Publishing: "id1193:E"
[publish_wind_direction-2] [INFO] [1749222023.418941086] [publish_wind_direction]: Vicon Position= [602.3839721679688, -112.69981384277344]
[publish_wind_direction-2] [INFO] [1749222023.421675142] [publish_wind_direction]: Neighbourhood size: 9
[publish_wind_direction-2] [INFO] [1749222027.277835602] [publish_wind_direction]: Publishing: "id1193:E"
[publish_wind_direction-2] [INFO] [1749222028.146992916] [publish_wind_direction]: Vicon Position= [602.3839721679688, -112.69981384277344]
[publish_wind_direction-2] [INFO] [1749222028.149808583] [publish_wind_direction]: Neighbourhood size: 9
[publish_wind_direction-2] [INFO] [1749222032.277857821] [publish_wind_direction]: Publishing: "id1193:E"
[publish_wind_direction-2] [INFO] [1749222035.100467135] [publish_wind_direction]: Vicon Position= [602.3839721679688, -112.69981384277344]
[publish_wind_direction-2] [INFO] [1749222035.103238635] [publish_wind_direction]: Neighbourhood size: 9
[publish_wind_direction-2] [INFO] [1749222037.277820578] [publish_wind_direction]: Publishing: "id1193:E"
[publish_wind_direction-2] [INFO] [1749222042.277839871] [publish_wind_direction]: Publishing: "id1193:E"
[publish_wind_direction-2] [INFO] [1749222047.277874201] [publish_wind_direction]: Publishing: "id1193:E"
[publish_wind_direction-2] [INFO] [1749222052.277868847] [publish_wind_direction]: Publishing: "id1193:E"
[publish_wind_direction-2] [INFO] [1749222057.277873492] [publish_wind_direction]: Publishing: "id1193:E"
[publish_wind_direction-2] [INFO] [1749222061.924697785] [publish_wind_direction]: Vicon Position= [602.3839721679688, -112.69981384277344]
[publish_wind_direction-2] [INFO] [1749222061.927940378] [publish_wind_direction]: Neighbourhood size: 9
[publish_wind_direction-2] [INFO] [1749222062.277849692] [publish_wind_direction]: Publishing: "id1193:E"
[publish_wind_direction-2] [INFO] [1749222067.277869634] [publish_wind_direction]: Publishing: "id1193:E"
[publish_wind_direction-2] [INFO] [1749222070.388971743] [publish_wind_direction]: Vicon Position= [602.3839721679688, -112.69981384277344]
[publish_wind_direction-2] [INFO] [1749222070.391879576] [publish_wind_direction]: Neighbourhood size: 9
[publish_wind_direction-2] [INFO] [1749222072.277887557] [publish_wind_direction]: Publishing: "id1193:E"
[publish_wind_direction-2] [INFO] [1749222076.441483203] [publish_wind_direction]: Vicon Position= [602.3839721679688, -112.69981384277344]
[publish_wind_direction-2] [INFO] [1749222076.444181536] [publish_wind_direction]: Neighbourhood size: 9
[publish_wind_direction-2] [INFO] [1749222077.277675683] [publish_wind_direction]: Publishing: "id1193:E"
[publish_wind_direction-2] [INFO] [1749222079.954342071] [publish_wind_direction]: Vicon Position= [602.3839721679688, -112.69981384277344]
[publish_wind_direction-2] [INFO] [1749222079.957033700] [publish_wind_direction]: Neighbourhood size: 9
[publish_wind_direction-2] [INFO] [1749222081.576808903] [publish_wind_direction]: Vicon Position= [602.3839721679688, -112.69981384277344]
[publish_wind_direction-2] [INFO] [1749222081.579562755] [publish_wind_direction]: Neighbourhood size: 9
[publish_wind_direction-2] [INFO] [1749222082.277876255] [publish_wind_direction]: Publishing: "id1193:E"
[publish_wind_direction-2] [INFO] [1749222087.277982122] [publish_wind_direction]: Publishing: "id1193:E"
[publish_wind_direction-2] [INFO] [1749222088.251596862] [publish_wind_direction]: Vicon Position= [602.3839721679688, -112.69981384277344]
[publish_wind_direction-2] [INFO] [1749222088.254469770] [publish_wind_direction]: Neighbourhood size: 9
[publish_wind_direction-2] [INFO] [1749222089.765852380] [publish_wind_direction]: Vicon Position= [602.3839721679688, -112.69981384277344]
[publish_wind_direction-2] [INFO] [1749222089.768551972] [publish_wind_direction]: Neighbourhood size: 9
[publish_wind_direction-2] [INFO] [1749222092.186888212] [publish_wind_direction]: Vicon Position= [602.3839721679688, -112.69981384277344]
[publish_wind_direction-2] [INFO] [1749222092.191337119] [publish_wind_direction]: Neighbourhood size: 9
[publish_wind_direction-2] [INFO] [1749222092.277819156] [publish_wind_direction]: Publishing: "id1193:E"
[publish_wind_direction-2] [INFO] [1749222093.627964081] [publish_wind_direction]: Vicon Position= [602.3839721679688, -112.69981384277344]
[publish_wind_direction-2] [INFO] [1749222093.630878192] [publish_wind_direction]: Neighbourhood size: 9
[publish_wind_direction-2] [INFO] [1749222095.057593654] [publish_wind_direction]: Vicon Position= [602.3839721679688, -112.69981384277344]
[publish_wind_direction-2] [INFO] [1749222095.060656321] [publish_wind_direction]: Neighbourhood size: 9
[publish_wind_direction-2] [INFO] [1749222097.204472820] [publish_wind_direction]: Vicon Position= [602.3839721679688, -112.69981384277344]
[publish_wind_direction-2] [INFO] [1749222097.207157635] [publish_wind_direction]: Neighbourhood size: 9
[publish_wind_direction-2] [INFO] [1749222097.279123098] [publish_wind_direction]: Publishing: "id1193:E"
[publish_wind_direction-2] [INFO] [1749222101.138994169] [publish_wind_direction]: Vicon Position= [602.3839721679688, -112.69981384277344]
[publish_wind_direction-2] [INFO] [1749222101.141763743] [publish_wind_direction]: Neighbourhood size: 9
[publish_wind_direction-2] [INFO] [1749222102.277918613] [publish_wind_direction]: Publishing: "id1193:E"
[publish_wind_direction-2] [INFO] [1749222103.455404538] [publish_wind_direction]: Vicon Position= [602.3839721679688, -112.69981384277344]
[publish_wind_direction-2] [INFO] [1749222103.458047705] [publish_wind_direction]: Neighbourhood size: 9
[publish_wind_direction-2] [INFO] [1749222105.180108426] [publish_wind_direction]: Vicon Position= [602.3839721679688, -112.69981384277344]
[publish_wind_direction-2] [INFO] [1749222105.183772778] [publish_wind_direction]: Neighbourhood size: 9
[publish_wind_direction-2] [INFO] [1749222106.433139148] [publish_wind_direction]: Vicon Position= [602.3839721679688, -112.69981384277344]
[publish_wind_direction-2] [INFO] [1749222106.436942574] [publish_wind_direction]: Neighbourhood size: 9
[publish_wind_direction-2] [INFO] [1749222107.278152055] [publish_wind_direction]: Publishing: "id1193:E"
[publish_wind_direction-2] [INFO] [1749222107.975846443] [publish_wind_direction]: Vicon Position= [602.3839721679688, -112.69981384277344]
[publish_wind_direction-2] [INFO] [1749222107.978450610] [publish_wind_direction]: Neighbourhood size: 9
[publish_wind_direction-2] [INFO] [1749222110.132891979] [publish_wind_direction]: Vicon Position= [602.3839721679688, -112.69981384277344]
[publish_wind_direction-2] [INFO] [1749222110.135627219] [publish_wind_direction]: Neighbourhood size: 9
[publish_wind_direction-2] [INFO] [1749222112.277850477] [publish_wind_direction]: Publishing: "id1193:E"
[publish_wind_direction-2] [INFO] [1749222113.284985625] [publish_wind_direction]: Vicon Position= [602.3839721679688, -112.69981384277344]
[publish_wind_direction-2] [INFO] [1749222113.287791218] [publish_wind_direction]: Neighbourhood size: 9
[publish_wind_direction-2] [INFO] [1749222115.275994624] [publish_wind_direction]: Vicon Position= [602.3839721679688, -112.69981384277344]
[publish_wind_direction-2] [INFO] [1749222115.278935809] [publish_wind_direction]: Neighbourhood size: 9
[publish_wind_direction-2] [INFO] [1749222116.763189956] [publish_wind_direction]: Vicon Position= [602.3839721679688, -112.69981384277344]
[publish_wind_direction-2] [INFO] [1749222116.767569475] [publish_wind_direction]: Neighbourhood size: 9
[publish_wind_direction-2] [INFO] [1749222116.772220104] [publish_wind_direction]: * Received from id152, wind direction N
[publish_wind_direction-2] [INFO] [1749222116.776322327] [publish_wind_direction]: Publisher, neighbours_by_id={'id236', 'id136', 'id192', 'id189', 'id207', 'id224', 'id151', 'id137', 'id247'}
[publish_wind_direction-2] [INFO] [1749222121.099264806] [publish_wind_direction]: ***Cam angle= 59.36392883662597, vico ang deg= 135.98327540058116 Ground Truth= 195.34720423720714
[publish_wind_direction-2] [INFO] [1749222121.101725546] [publish_wind_direction]: Publisher, Neighbourhood size: 9
[publish_wind_direction-2] [INFO] [1749222121.104162861] [publish_wind_direction]: Decision Making Triggered
[publish_wind_direction-2] [INFO] [1749222121.106610768] [publish_wind_direction]: Publisher, Neighbours Opinion: 0
[publish_wind_direction-2] [INFO] [1749222121.109081694] [publish_wind_direction]: Inside Decision Making, neighbours opinion: {}
[publish_wind_direction-2] [INFO] [1749222121.111574213] [publish_wind_direction]: Inside Decision Making, social opinions: {}
[publish_wind_direction-2] [INFO] [1749222121.115688509] [publish_wind_direction]: Raising exception
[publish_wind_direction-2] [INFO] [1749222121.118217194] [publish_wind_direction]: Publisher stopping, exception
[INFO] [publish_wind_direction-2]: process has finished cleanly [pid 844]
[random_robot_move-1] [INFO] [1749222128.265106986] [random_robot_move]: Exception, shutting down
