[0.874s] Invoking command in '/home/nomaan/ros2_ws/src/wind_direction_detector': PYTHONPATH=/home/nomaan/ros2_ws/build/wind_direction_detector/prefix_override:/usr/lib/python3/dist-packages/colcon_core/task/python/colcon_distutils_commands:/home/nomaan/ros2_ws/install/wind_direction_detector/lib/python3.10/site-packages:${PYTHONPATH} /usr/bin/python3 -W ignore:setup.py install is deprecated -W ignore:easy_install command is deprecated setup.py egg_info --egg-base ../../build/wind_direction_detector build --build-base /home/nomaan/ros2_ws/build/wind_direction_detector/build install --record /home/nomaan/ros2_ws/build/wind_direction_detector/install.log --single-version-externally-managed install_data
[1.069s] running egg_info
[1.069s] creating ../../build/wind_direction_detector/wind_direction_detector.egg-info
[1.069s] writing ../../build/wind_direction_detector/wind_direction_detector.egg-info/PKG-INFO
[1.069s] writing dependency_links to ../../build/wind_direction_detector/wind_direction_detector.egg-info/dependency_links.txt
[1.069s] writing entry points to ../../build/wind_direction_detector/wind_direction_detector.egg-info/entry_points.txt
[1.070s] writing requirements to ../../build/wind_direction_detector/wind_direction_detector.egg-info/requires.txt
[1.070s] writing top-level names to ../../build/wind_direction_detector/wind_direction_detector.egg-info/top_level.txt
[1.070s] writing manifest file '../../build/wind_direction_detector/wind_direction_detector.egg-info/SOURCES.txt'
[1.071s] reading manifest file '../../build/wind_direction_detector/wind_direction_detector.egg-info/SOURCES.txt'
[1.071s] adding license file 'LICENSE'
[1.072s] writing manifest file '../../build/wind_direction_detector/wind_direction_detector.egg-info/SOURCES.txt'
[1.072s] running build
[1.072s] running build_py
[1.072s] creating /home/nomaan/ros2_ws/build/wind_direction_detector/build
[1.072s] creating /home/nomaan/ros2_ws/build/wind_direction_detector/build/lib
[1.072s] creating /home/nomaan/ros2_ws/build/wind_direction_detector/build/lib/wind_direction_detector
[1.072s] copying wind_direction_detector/receive_decide.py -> /home/nomaan/ros2_ws/build/wind_direction_detector/build/lib/wind_direction_detector
[1.072s] copying wind_direction_detector/publish_direction.py -> /home/nomaan/ros2_ws/build/wind_direction_detector/build/lib/wind_direction_detector
[1.073s] copying wind_direction_detector/random_move.py -> /home/nomaan/ros2_ws/build/wind_direction_detector/build/lib/wind_direction_detector
[1.073s] copying wind_direction_detector/__init__.py -> /home/nomaan/ros2_ws/build/wind_direction_detector/build/lib/wind_direction_detector
[1.073s] running install
[1.074s] running install_lib
[1.074s] creating /home/nomaan/ros2_ws/install/wind_direction_detector/lib/python3.10/site-packages/wind_direction_detector
[1.075s] copying /home/nomaan/ros2_ws/build/wind_direction_detector/build/lib/wind_direction_detector/receive_decide.py -> /home/nomaan/ros2_ws/install/wind_direction_detector/lib/python3.10/site-packages/wind_direction_detector
[1.075s] copying /home/nomaan/ros2_ws/build/wind_direction_detector/build/lib/wind_direction_detector/publish_direction.py -> /home/nomaan/ros2_ws/install/wind_direction_detector/lib/python3.10/site-packages/wind_direction_detector
[1.075s] copying /home/nomaan/ros2_ws/build/wind_direction_detector/build/lib/wind_direction_detector/random_move.py -> /home/nomaan/ros2_ws/install/wind_direction_detector/lib/python3.10/site-packages/wind_direction_detector
[1.075s] copying /home/nomaan/ros2_ws/build/wind_direction_detector/build/lib/wind_direction_detector/__init__.py -> /home/nomaan/ros2_ws/install/wind_direction_detector/lib/python3.10/site-packages/wind_direction_detector
[1.075s] byte-compiling /home/nomaan/ros2_ws/install/wind_direction_detector/lib/python3.10/site-packages/wind_direction_detector/receive_decide.py to receive_decide.cpython-310.pyc
[1.076s] byte-compiling /home/nomaan/ros2_ws/install/wind_direction_detector/lib/python3.10/site-packages/wind_direction_detector/publish_direction.py to publish_direction.cpython-310.pyc
[1.077s] byte-compiling /home/nomaan/ros2_ws/install/wind_direction_detector/lib/python3.10/site-packages/wind_direction_detector/random_move.py to random_move.cpython-310.pyc
[1.078s] byte-compiling /home/nomaan/ros2_ws/install/wind_direction_detector/lib/python3.10/site-packages/wind_direction_detector/__init__.py to __init__.cpython-310.pyc
[1.078s] running install_data
[1.078s] creating /home/nomaan/ros2_ws/install/wind_direction_detector/share/ament_index
[1.078s] creating /home/nomaan/ros2_ws/install/wind_direction_detector/share/ament_index/resource_index
[1.078s] creating /home/nomaan/ros2_ws/install/wind_direction_detector/share/ament_index/resource_index/packages
[1.078s] copying resource/wind_direction_detector -> /home/nomaan/ros2_ws/install/wind_direction_detector/share/ament_index/resource_index/packages
[1.078s] copying package.xml -> /home/nomaan/ros2_ws/install/wind_direction_detector/share/wind_direction_detector
[1.079s] running install_egg_info
[1.080s] Copying ../../build/wind_direction_detector/wind_direction_detector.egg-info to /home/nomaan/ros2_ws/install/wind_direction_detector/lib/python3.10/site-packages/wind_direction_detector-0.0.0-py3.10.egg-info
[1.081s] running install_scripts
[1.101s] Installing publish_wind_direction script to /home/nomaan/ros2_ws/install/wind_direction_detector/lib/wind_direction_detector
[1.101s] Installing random_robot_move script to /home/nomaan/ros2_ws/install/wind_direction_detector/lib/wind_direction_detector
[1.101s] Installing receive_wind_direction script to /home/nomaan/ros2_ws/install/wind_direction_detector/lib/wind_direction_detector
[1.101s] writing list of installed files to '/home/nomaan/ros2_ws/build/wind_direction_detector/install.log'
[1.124s] Invoked command in '/home/nomaan/ros2_ws/src/wind_direction_detector' returned '0': PYTHONPATH=/home/nomaan/ros2_ws/build/wind_direction_detector/prefix_override:/usr/lib/python3/dist-packages/colcon_core/task/python/colcon_distutils_commands:/home/nomaan/ros2_ws/install/wind_direction_detector/lib/python3.10/site-packages:${PYTHONPATH} /usr/bin/python3 -W ignore:setup.py install is deprecated -W ignore:easy_install command is deprecated setup.py egg_info --egg-base ../../build/wind_direction_detector build --build-base /home/nomaan/ros2_ws/build/wind_direction_detector/build install --record /home/nomaan/ros2_ws/build/wind_direction_detector/install.log --single-version-externally-managed install_data
