[INFO] [launch]: All log files can be found below /home/thymio/.ros/log/2025-06-06-14-46-18-457811-thymio-818
[INFO] [launch]: Default logging verbosity is set to INFO
[INFO] [random_robot_move-1]: process started with pid [853]
[INFO] [publish_wind_direction-2]: process started with pid [857]
[publish_wind_direction-2] /usr/lib/python3/dist-packages/scipy/__init__.py:146: UserWarning: A NumPy version >=1.17.3 and <1.25.0 is required for this version of SciPy (detected version 1.26.4
[publish_wind_direction-2]   warnings.warn(f"A NumPy version >={np_minversion} and <{np_maxversion}"
[publish_wind_direction-2] [INFO] [1749221182.332586784] [publish_wind_direction]: Physical Ip=134.34.225.206, id=id206
[publish_wind_direction-2] [INFO] [1749221182.376659099] [publish_wind_direction]: Subscribed to: vicon/default/data
[random_robot_move-1] [INFO] [1749221185.026112412] [random_robot_move]: Robot Control Node started.
[publish_wind_direction-2] [INFO] [1749221187.361838429] [publish_wind_direction]: Publishing: "id206:N"
[publish_wind_direction-2] [INFO] [1749221192.361678778] [publish_wind_direction]: Publishing: "id206:N"
[publish_wind_direction-2] [INFO] [1749221197.361931831] [publish_wind_direction]: Publishing: "id206:N"
[publish_wind_direction-2] [INFO] [1749221202.360002661] [publish_wind_direction]: Publishing: "id206:N"
[publish_wind_direction-2] [INFO] [1749221207.359896880] [publish_wind_direction]: Publishing: "id206:N"
[publish_wind_direction-2] [INFO] [1749221212.361605433] [publish_wind_direction]: Publishing: "id206:N"
[publish_wind_direction-2] [INFO] [1749221217.365888319] [publish_wind_direction]: Publishing: "id206:N"
[publish_wind_direction-2] [INFO] [1749221222.359751408] [publish_wind_direction]: Publishing: "id206:N"
[publish_wind_direction-2] [INFO] [1749221227.359621850] [publish_wind_direction]: Publishing: "id206:N"
[publish_wind_direction-2] [INFO] [1749221232.359931402] [publish_wind_direction]: Publishing: "id206:N"
[publish_wind_direction-2] [INFO] [1749221237.359733473] [publish_wind_direction]: Publishing: "id206:N"
[publish_wind_direction-2] [INFO] [1749221242.359672544] [publish_wind_direction]: Publishing: "id206:N"
[publish_wind_direction-2] [INFO] [1749221247.359678856] [publish_wind_direction]: Publishing: "id206:N"
[publish_wind_direction-2] [INFO] [1749221252.359703001] [publish_wind_direction]: Publishing: "id206:N"
[publish_wind_direction-2] [INFO] [1749221257.359670739] [publish_wind_direction]: Publishing: "id206:N"
[publish_wind_direction-2] [INFO] [1749221262.359725088] [publish_wind_direction]: Publishing: "id206:N"
[publish_wind_direction-2] [INFO] [1749221267.359681400] [publish_wind_direction]: Publishing: "id206:N"
[publish_wind_direction-2] [INFO] [1749221272.359656156] [publish_wind_direction]: Publishing: "id206:N"
[publish_wind_direction-2] [INFO] [1749221277.359707153] [publish_wind_direction]: Publishing: "id206:N"
[publish_wind_direction-2] [INFO] [1749221282.359674595] [publish_wind_direction]: Publishing: "id206:N"
[publish_wind_direction-2] [INFO] [1749221287.359683369] [publish_wind_direction]: Publishing: "id206:N"
[publish_wind_direction-2] [INFO] [1749221292.360117515] [publish_wind_direction]: Publishing: "id206:N"
[publish_wind_direction-2] [INFO] [1749221297.360034456] [publish_wind_direction]: Publishing: "id206:N"
[publish_wind_direction-2] [INFO] [1749221302.359748453] [publish_wind_direction]: Publishing: "id206:N"
[publish_wind_direction-2] [INFO] [1749221307.359902876] [publish_wind_direction]: Publishing: "id206:N"
[publish_wind_direction-2] [INFO] [1749221312.359869929] [publish_wind_direction]: Publishing: "id206:N"
[publish_wind_direction-2] [INFO] [1749221317.359767222] [publish_wind_direction]: Publishing: "id206:N"
[publish_wind_direction-2] [INFO] [1749221322.359779497] [publish_wind_direction]: Publishing: "id206:N"
[publish_wind_direction-2] [INFO] [1749221327.359790179] [publish_wind_direction]: Publishing: "id206:N"
[publish_wind_direction-2] [INFO] [1749221332.359767232] [publish_wind_direction]: Publishing: "id206:N"
[publish_wind_direction-2] [INFO] [1749221337.359783154] [publish_wind_direction]: Publishing: "id206:N"
[publish_wind_direction-2] [INFO] [1749221342.360418059] [publish_wind_direction]: Publishing: "id206:N"
[publish_wind_direction-2] [INFO] [1749221347.359785537] [publish_wind_direction]: Publishing: "id206:N"
[publish_wind_direction-2] [INFO] [1749221352.359757071] [publish_wind_direction]: Publishing: "id206:N"
[publish_wind_direction-2] [INFO] [1749221357.359789865] [publish_wind_direction]: Publishing: "id206:N"
[publish_wind_direction-2] [INFO] [1749221362.359939528] [publish_wind_direction]: Publishing: "id206:N"
[publish_wind_direction-2] [INFO] [1749221367.360012285] [publish_wind_direction]: Publishing: "id206:N"
[publish_wind_direction-2] [INFO] [1749221372.359938115] [publish_wind_direction]: Publishing: "id206:N"
[publish_wind_direction-2] [INFO] [1749221377.360037594] [publish_wind_direction]: Publishing: "id206:N"
[publish_wind_direction-2] [INFO] [1749221382.359897980] [publish_wind_direction]: Publishing: "id206:N"
[publish_wind_direction-2] [INFO] [1749221387.359920180] [publish_wind_direction]: Publishing: "id206:N"
[publish_wind_direction-2] [INFO] [1749221392.360242029] [publish_wind_direction]: Publishing: "id206:N"
[publish_wind_direction-2] [INFO] [1749221397.359943063] [publish_wind_direction]: Publishing: "id206:N"
[publish_wind_direction-2] [INFO] [1749221402.359832708] [publish_wind_direction]: Publishing: "id206:N"
[publish_wind_direction-2] [INFO] [1749221407.359765983] [publish_wind_direction]: Publishing: "id206:N"
[publish_wind_direction-2] [INFO] [1749221412.359788499] [publish_wind_direction]: Publishing: "id206:N"
[publish_wind_direction-2] [INFO] [1749221417.359999255] [publish_wind_direction]: Publishing: "id206:N"
[publish_wind_direction-2] [INFO] [1749221422.359755363] [publish_wind_direction]: Publishing: "id206:N"
[publish_wind_direction-2] [INFO] [1749221427.359447564] [publish_wind_direction]: Publishing: "id206:N"
[publish_wind_direction-2] [INFO] [1749221432.359779783] [publish_wind_direction]: Publishing: "id206:N"
[publish_wind_direction-2] [INFO] [1749221437.359927002] [publish_wind_direction]: Publishing: "id206:N"
[publish_wind_direction-2] [INFO] [1749221442.359753944] [publish_wind_direction]: Publishing: "id206:N"
[publish_wind_direction-2] [INFO] [1749221447.360383478] [publish_wind_direction]: Publishing: "id206:N"
[publish_wind_direction-2] [INFO] [1749221452.359791938] [publish_wind_direction]: Publishing: "id206:N"
[publish_wind_direction-2] [INFO] [1749221457.359942713] [publish_wind_direction]: Publishing: "id206:N"
[publish_wind_direction-2] [INFO] [1749221462.359770876] [publish_wind_direction]: Publishing: "id206:N"
[publish_wind_direction-2] [INFO] [1749221467.359767855] [publish_wind_direction]: Publishing: "id206:N"
[publish_wind_direction-2] [INFO] [1749221472.359794611] [publish_wind_direction]: Publishing: "id206:N"
[publish_wind_direction-2] [INFO] [1749221477.359856460] [publish_wind_direction]: Publishing: "id206:N"
[publish_wind_direction-2] [INFO] [1749221482.359785272] [publish_wind_direction]: Publishing: "id206:N"
[publish_wind_direction-2] [INFO] [1749221487.359806047] [publish_wind_direction]: Publishing: "id206:N"
[publish_wind_direction-2] [INFO] [1749221492.359828525] [publish_wind_direction]: Publishing: "id206:N"
[publish_wind_direction-2] [INFO] [1749221497.359788504] [publish_wind_direction]: Publishing: "id206:N"
[publish_wind_direction-2] [INFO] [1749221502.359750038] [publish_wind_direction]: Publishing: "id206:N"
[publish_wind_direction-2] [INFO] [1749221507.359805646] [publish_wind_direction]: Publishing: "id206:N"
[publish_wind_direction-2] [INFO] [1749221512.359760309] [publish_wind_direction]: Publishing: "id206:N"
[publish_wind_direction-2] [INFO] [1749221517.359760010] [publish_wind_direction]: Publishing: "id206:N"
[publish_wind_direction-2] [INFO] [1749221522.359889174] [publish_wind_direction]: Publishing: "id206:N"
[publish_wind_direction-2] [INFO] [1749221527.359776282] [publish_wind_direction]: Publishing: "id206:N"
[publish_wind_direction-2] [INFO] [1749221532.359742131] [publish_wind_direction]: Publishing: "id206:N"
[publish_wind_direction-2] [INFO] [1749221537.359902183] [publish_wind_direction]: Publishing: "id206:N"
[publish_wind_direction-2] [INFO] [1749221542.359778458] [publish_wind_direction]: Publishing: "id206:N"
[publish_wind_direction-2] [INFO] [1749221547.359744270] [publish_wind_direction]: Publishing: "id206:N"
[publish_wind_direction-2] [INFO] [1749221552.359780600] [publish_wind_direction]: Publishing: "id206:N"
[publish_wind_direction-2] [INFO] [1749221557.359797153] [publish_wind_direction]: Publishing: "id206:N"
[publish_wind_direction-2] [INFO] [1749221562.359675465] [publish_wind_direction]: Publishing: "id206:N"
[publish_wind_direction-2] [INFO] [1749221567.359765480] [publish_wind_direction]: Publishing: "id206:N"
[publish_wind_direction-2] [INFO] [1749221572.359770459] [publish_wind_direction]: Publishing: "id206:N"
[publish_wind_direction-2] [INFO] [1749221577.359777586] [publish_wind_direction]: Publishing: "id206:N"
[publish_wind_direction-2] [INFO] [1749221582.359761268] [publish_wind_direction]: Publishing: "id206:N"
[publish_wind_direction-2] [INFO] [1749221587.359769080] [publish_wind_direction]: Publishing: "id206:N"
[publish_wind_direction-2] [INFO] [1749221592.359768040] [publish_wind_direction]: Publishing: "id206:N"
[publish_wind_direction-2] [INFO] [1749221597.359836055] [publish_wind_direction]: Publishing: "id206:N"
[publish_wind_direction-2] [INFO] [1749221602.359751904] [publish_wind_direction]: Publishing: "id206:N"
[publish_wind_direction-2] [INFO] [1749221607.359750919] [publish_wind_direction]: Publishing: "id206:N"
[publish_wind_direction-2] [INFO] [1749221612.359793565] [publish_wind_direction]: Publishing: "id206:N"
[publish_wind_direction-2] [INFO] [1749221617.359748136] [publish_wind_direction]: Publishing: "id206:N"
[publish_wind_direction-2] [INFO] [1749221622.360162707] [publish_wind_direction]: Publishing: "id206:N"
[publish_wind_direction-2] [INFO] [1749221627.359788685] [publish_wind_direction]: Publishing: "id206:N"
[publish_wind_direction-2] [INFO] [1749221632.359781812] [publish_wind_direction]: Publishing: "id206:N"
[publish_wind_direction-2] [INFO] [1749221637.359738642] [publish_wind_direction]: Publishing: "id206:N"
[publish_wind_direction-2] [INFO] [1749221642.359774473] [publish_wind_direction]: Publishing: "id206:N"
[publish_wind_direction-2] [INFO] [1749221647.359774414] [publish_wind_direction]: Publishing: "id206:N"
[publish_wind_direction-2] [INFO] [1749221652.359769467] [publish_wind_direction]: Publishing: "id206:N"
[publish_wind_direction-2] [INFO] [1749221657.359786853] [publish_wind_direction]: Publishing: "id206:N"
[publish_wind_direction-2] [INFO] [1749221662.359954220] [publish_wind_direction]: Publishing: "id206:N"
[publish_wind_direction-2] [INFO] [1749221667.359775050] [publish_wind_direction]: Publishing: "id206:N"
[publish_wind_direction-2] [INFO] [1749221672.360383103] [publish_wind_direction]: Publishing: "id206:N"
[publish_wind_direction-2] [INFO] [1749221677.359934785] [publish_wind_direction]: Publishing: "id206:N"
[publish_wind_direction-2] [INFO] [1749221682.359919282] [publish_wind_direction]: Publishing: "id206:N"
[publish_wind_direction-2] [INFO] [1749221687.359872501] [publish_wind_direction]: Publishing: "id206:N"
[publish_wind_direction-2] [INFO] [1749221692.360963424] [publish_wind_direction]: Publishing: "id206:N"
[publish_wind_direction-2] [INFO] [1749221697.359880070] [publish_wind_direction]: Publishing: "id206:N"
[publish_wind_direction-2] [INFO] [1749221702.360345789] [publish_wind_direction]: Publishing: "id206:N"
[publish_wind_direction-2] [INFO] [1749221707.359896675] [publish_wind_direction]: Publishing: "id206:N"
[publish_wind_direction-2] [INFO] [1749221712.359856746] [publish_wind_direction]: Publishing: "id206:N"
[publish_wind_direction-2] [INFO] [1749221717.359894317] [publish_wind_direction]: Publishing: "id206:N"
[publish_wind_direction-2] [INFO] [1749221722.359989444] [publish_wind_direction]: Publishing: "id206:N"
[publish_wind_direction-2] [INFO] [1749221727.359861181] [publish_wind_direction]: Publishing: "id206:N"
[publish_wind_direction-2] [INFO] [1749221732.359836160] [publish_wind_direction]: Publishing: "id206:N"
[publish_wind_direction-2] [INFO] [1749221737.359918972] [publish_wind_direction]: Publishing: "id206:N"
[publish_wind_direction-2] [INFO] [1749221742.359939246] [publish_wind_direction]: Publishing: "id206:N"
[publish_wind_direction-2] [INFO] [1749221747.359937799] [publish_wind_direction]: Publishing: "id206:N"
[publish_wind_direction-2] [INFO] [1749221752.359890703] [publish_wind_direction]: Publishing: "id206:N"
[publish_wind_direction-2] [INFO] [1749221757.359890200] [publish_wind_direction]: Publishing: "id206:N"
[publish_wind_direction-2] [INFO] [1749221762.359843253] [publish_wind_direction]: Publishing: "id206:N"
[publish_wind_direction-2] [INFO] [1749221767.359810306] [publish_wind_direction]: Publishing: "id206:N"
[publish_wind_direction-2] [INFO] [1749221772.359764395] [publish_wind_direction]: Publishing: "id206:N"
[publish_wind_direction-2] [INFO] [1749221777.359904948] [publish_wind_direction]: Publishing: "id206:N"
[publish_wind_direction-2] [INFO] [1749221782.359792667] [publish_wind_direction]: Publishing: "id206:N"
[publish_wind_direction-2] [INFO] [1749221787.359711646] [publish_wind_direction]: Publishing: "id206:N"
[publish_wind_direction-2] [INFO] [1749221792.359742143] [publish_wind_direction]: Publishing: "id206:N"
[publish_wind_direction-2] [INFO] [1749221797.359834473] [publish_wind_direction]: Publishing: "id206:N"
[publish_wind_direction-2] [INFO] [1749221802.360000248] [publish_wind_direction]: Publishing: "id206:N"
[publish_wind_direction-2] [INFO] [1749221807.359707911] [publish_wind_direction]: Publishing: "id206:N"
[publish_wind_direction-2] [INFO] [1749221812.359755242] [publish_wind_direction]: Publishing: "id206:N"
[publish_wind_direction-2] [INFO] [1749221817.359834850] [publish_wind_direction]: Publishing: "id206:N"
[publish_wind_direction-2] [INFO] [1749221822.359767606] [publish_wind_direction]: Publishing: "id206:N"
[publish_wind_direction-2] [INFO] [1749221827.359735307] [publish_wind_direction]: Publishing: "id206:N"
[publish_wind_direction-2] [INFO] [1749221832.359737859] [publish_wind_direction]: Publishing: "id206:N"
[publish_wind_direction-2] [INFO] [1749221837.359726634] [publish_wind_direction]: Publishing: "id206:N"
[publish_wind_direction-2] [INFO] [1749221842.359780909] [publish_wind_direction]: Publishing: "id206:N"
[publish_wind_direction-2] [INFO] [1749221847.359723388] [publish_wind_direction]: Publishing: "id206:N"
[publish_wind_direction-2] [INFO] [1749221852.359847625] [publish_wind_direction]: Publishing: "id206:N"
[publish_wind_direction-2] [INFO] [1749221857.359735919] [publish_wind_direction]: Publishing: "id206:N"
[publish_wind_direction-2] [INFO] [1749221862.359727656] [publish_wind_direction]: Publishing: "id206:N"
[publish_wind_direction-2] [INFO] [1749221867.359875042] [publish_wind_direction]: Publishing: "id206:N"
[publish_wind_direction-2] [INFO] [1749221872.359753447] [publish_wind_direction]: Publishing: "id206:N"
[publish_wind_direction-2] [INFO] [1749221877.359783166] [publish_wind_direction]: Publishing: "id206:N"
[publish_wind_direction-2] [INFO] [1749221882.359745996] [publish_wind_direction]: Publishing: "id206:N"
[publish_wind_direction-2] [INFO] [1749221887.359730827] [publish_wind_direction]: Publishing: "id206:N"
[publish_wind_direction-2] [INFO] [1749221892.359745101] [publish_wind_direction]: Publishing: "id206:N"
[publish_wind_direction-2] [INFO] [1749221897.359737524] [publish_wind_direction]: Publishing: "id206:N"
[publish_wind_direction-2] [INFO] [1749221902.359742596] [publish_wind_direction]: Publishing: "id206:N"
[publish_wind_direction-2] [INFO] [1749221907.360377667] [publish_wind_direction]: Publishing: "id206:N"
[publish_wind_direction-2] [INFO] [1749221912.359768349] [publish_wind_direction]: Publishing: "id206:N"
[publish_wind_direction-2] [INFO] [1749221917.359784383] [publish_wind_direction]: Publishing: "id206:N"
[publish_wind_direction-2] [INFO] [1749221922.359856695] [publish_wind_direction]: Publishing: "id206:N"
[publish_wind_direction-2] [INFO] [1749221927.359757247] [publish_wind_direction]: Publishing: "id206:N"
[publish_wind_direction-2] [INFO] [1749221932.359711670] [publish_wind_direction]: Publishing: "id206:N"
[publish_wind_direction-2] [INFO] [1749221937.359889019] [publish_wind_direction]: Publishing: "id206:N"
[publish_wind_direction-2] [INFO] [1749221942.359765146] [publish_wind_direction]: Publishing: "id206:N"
[publish_wind_direction-2] [INFO] [1749221947.359728069] [publish_wind_direction]: Publishing: "id206:N"
[publish_wind_direction-2] [INFO] [1749221952.359754843] [publish_wind_direction]: Publishing: "id206:N"
[publish_wind_direction-2] [INFO] [1749221957.359927896] [publish_wind_direction]: Publishing: "id206:N"
[publish_wind_direction-2] [INFO] [1749221962.359770171] [publish_wind_direction]: Publishing: "id206:N"
[publish_wind_direction-2] [INFO] [1749221967.359911242] [publish_wind_direction]: Publishing: "id206:N"
[publish_wind_direction-2] [INFO] [1749221972.359924961] [publish_wind_direction]: Publishing: "id206:N"
[publish_wind_direction-2] [INFO] [1749221977.359847440] [publish_wind_direction]: Publishing: "id206:N"
[publish_wind_direction-2] [INFO] [1749221982.359952714] [publish_wind_direction]: Publishing: "id206:N"
[publish_wind_direction-2] [INFO] [1749221987.359875304] [publish_wind_direction]: Publishing: "id206:N"
[publish_wind_direction-2] [INFO] [1749221992.360034209] [publish_wind_direction]: Publishing: "id206:N"
[publish_wind_direction-2] [INFO] [1749221997.360032965] [publish_wind_direction]: Publishing: "id206:N"
[publish_wind_direction-2] [INFO] [1749222002.359727536] [publish_wind_direction]: Publishing: "id206:N"
[publish_wind_direction-2] [INFO] [1749222007.359768477] [publish_wind_direction]: Publishing: "id206:N"
[publish_wind_direction-2] [INFO] [1749222012.359800641] [publish_wind_direction]: Publishing: "id206:N"
[publish_wind_direction-2] [INFO] [1749222017.359831749] [publish_wind_direction]: Publishing: "id206:N"
[publish_wind_direction-2] [INFO] [1749222022.359755950] [publish_wind_direction]: Publishing: "id206:N"
[publish_wind_direction-2] [INFO] [1749222027.359742262] [publish_wind_direction]: Publishing: "id206:N"
[publish_wind_direction-2] [INFO] [1749222032.359761629] [publish_wind_direction]: Publishing: "id206:N"
[publish_wind_direction-2] [INFO] [1749222037.359766997] [publish_wind_direction]: Publishing: "id206:N"
[publish_wind_direction-2] [INFO] [1749222042.359734068] [publish_wind_direction]: Publishing: "id206:N"
[publish_wind_direction-2] [INFO] [1749222047.359754657] [publish_wind_direction]: Publishing: "id206:N"
[publish_wind_direction-2] [INFO] [1749222052.359863173] [publish_wind_direction]: Publishing: "id206:N"
[publish_wind_direction-2] [INFO] [1749222057.359757781] [publish_wind_direction]: Publishing: "id206:N"
[publish_wind_direction-2] [INFO] [1749222062.359732389] [publish_wind_direction]: Publishing: "id206:N"
[publish_wind_direction-2] [INFO] [1749222067.359791442] [publish_wind_direction]: Publishing: "id206:N"
[publish_wind_direction-2] [INFO] [1749222072.359729013] [publish_wind_direction]: Publishing: "id206:N"
[publish_wind_direction-2] [INFO] [1749222077.359819991] [publish_wind_direction]: Publishing: "id206:N"
[publish_wind_direction-2] [INFO] [1749222082.359730822] [publish_wind_direction]: Publishing: "id206:N"
[random_robot_move-1] [INFO] [1749222086.362134375] [random_robot_move]: Exception, shutting down
[publish_wind_direction-2] [INFO] [1749222087.362634078] [publish_wind_direction]: Raising exception
[publish_wind_direction-2] [INFO] [1749222087.366918726] [publish_wind_direction]: Publisher stopping, exception
[INFO] [publish_wind_direction-2]: process has finished cleanly [pid 857]
