[INFO] [launch]: All log files can be found below /home/thymio/.ros/log/2025-06-04-15-19-47-226976-thymio-822
[INFO] [launch]: Default logging verbosity is set to INFO
[INFO] [random_robot_move-1]: process started with pid [844]
[INFO] [publish_wind_direction-2]: process started with pid [846]
[publish_wind_direction-2] /usr/lib/python3/dist-packages/scipy/__init__.py:146: UserWarning: A NumPy version >=1.17.3 and <1.25.0 is required for this version of SciPy (detected version 1.26.4
[publish_wind_direction-2]   warnings.warn(f"A NumPy version >={np_minversion} and <{np_maxversion}"
[random_robot_move-1] [INFO] [1749050393.648807753] [random_robot_move]: Robot Control Node started.
[publish_wind_direction-2] [INFO] [1749050395.801145474] [publish_wind_direction]: Publishing: "id206:N"
[publish_wind_direction-2] [INFO] [1749050400.774923156] [publish_wind_direction]: ***Cam angle= -999.0, vico ang deg= 0.0 Ground Truth= 81.0
[publish_wind_direction-2] [INFO] [1749050400.778785396] [publish_wind_direction]: ***Corrected Wind Direction= W
[publish_wind_direction-2] [INFO] [1749050400.783326600] [publish_wind_direction]: Publishing: "id206:N"
[publish_wind_direction-2] [INFO] [1749050404.748823487] [publish_wind_direction]: ***Cam angle= -999.0, vico ang deg= 0.0 Ground Truth= 81.0
[publish_wind_direction-2] [INFO] [1749050404.751916505] [publish_wind_direction]: ***Corrected Wind Direction= W
[publish_wind_direction-2] [INFO] [1749050405.670292968] [publish_wind_direction]: Publishing: "id206:N"
[publish_wind_direction-2] [INFO] [1749050409.723861373] [publish_wind_direction]: ***Cam angle= -999.0, vico ang deg= 0.0 Ground Truth= 81.0
[publish_wind_direction-2] [INFO] [1749050409.727478854] [publish_wind_direction]: ***Corrected Wind Direction= W
[publish_wind_direction-2] [INFO] [1749050410.671880113] [publish_wind_direction]: Publishing: "id206:N"
[publish_wind_direction-2] [INFO] [1749050414.544403166] [publish_wind_direction]: ***Cam angle= -999.0, vico ang deg= 0.0 Ground Truth= 81.0
[publish_wind_direction-2] [INFO] [1749050414.546950259] [publish_wind_direction]: ***Corrected Wind Direction= W
[publish_wind_direction-2] [INFO] [1749050415.670285184] [publish_wind_direction]: Publishing: "id206:N"
[publish_wind_direction-2] [INFO] [1749050419.658568126] [publish_wind_direction]: ***Cam angle= -100.56576719897218, vico ang deg= 0.0 Ground Truth= 259.4342328010278
[publish_wind_direction-2] [INFO] [1749050419.660790644] [publish_wind_direction]: ***Corrected Wind Direction= E
[publish_wind_direction-2] [INFO] [1749050420.670216514] [publish_wind_direction]: Publishing: "id206:N"
[publish_wind_direction-2] [INFO] [1749050424.583379160] [publish_wind_direction]: ***Cam angle= -69.14393010967348, vico ang deg= 0.0 Ground Truth= 290.8560698903265
[publish_wind_direction-2] [INFO] [1749050424.585905049] [publish_wind_direction]: ***Corrected Wind Direction= E
[publish_wind_direction-2] [INFO] [1749050425.670230363] [publish_wind_direction]: Publishing: "id206:N"
[publish_wind_direction-2] [INFO] [1749050429.638568213] [publish_wind_direction]: ***Cam angle= -231.85735331794464, vico ang deg= 0.0 Ground Truth= 128.14264668205536
[publish_wind_direction-2] [INFO] [1749050429.641109787] [publish_wind_direction]: ***Corrected Wind Direction= W
[publish_wind_direction-2] [INFO] [1749050430.670759119] [publish_wind_direction]: Publishing: "id206:N"
[publish_wind_direction-2] [INFO] [1749050434.529048339] [publish_wind_direction]: ***Cam angle= -999.0, vico ang deg= 0.0 Ground Truth= 81.0
[publish_wind_direction-2] [INFO] [1749050434.531360839] [publish_wind_direction]: ***Corrected Wind Direction= W
[publish_wind_direction-2] [INFO] [1749050435.670326450] [publish_wind_direction]: Publishing: "id206:N"
[publish_wind_direction-2] [INFO] [1749050439.467833355] [publish_wind_direction]: ***Cam angle= -122.16379839352044, vico ang deg= 0.0 Ground Truth= 237.83620160647956
[publish_wind_direction-2] [INFO] [1749050439.470300836] [publish_wind_direction]: ***Corrected Wind Direction= E
[publish_wind_direction-2] [INFO] [1749050440.670415410] [publish_wind_direction]: Publishing: "id206:N"
[publish_wind_direction-2] [INFO] [1749050444.456090056] [publish_wind_direction]: ***Cam angle= -162.42705997736977, vico ang deg= 0.0 Ground Truth= 197.57294002263023
[publish_wind_direction-2] [INFO] [1749050444.458557685] [publish_wind_direction]: ***Corrected Wind Direction= S
[publish_wind_direction-2] [INFO] [1749050445.670346018] [publish_wind_direction]: Publishing: "id206:N"
[publish_wind_direction-2] [INFO] [1749050449.539493404] [publish_wind_direction]: ***Cam angle= -124.90114145704545, vico ang deg= 0.0 Ground Truth= 235.09885854295453
[publish_wind_direction-2] [INFO] [1749050449.541964423] [publish_wind_direction]: ***Corrected Wind Direction= E
[publish_wind_direction-2] [INFO] [1749050450.670492700] [publish_wind_direction]: Publishing: "id206:N"
[publish_wind_direction-2] [INFO] [1749050454.523592864] [publish_wind_direction]: ***Cam angle= -114.12160284949378, vico ang deg= 0.0 Ground Truth= 245.8783971505062
[publish_wind_direction-2] [INFO] [1749050454.526046883] [publish_wind_direction]: ***Corrected Wind Direction= E
[publish_wind_direction-2] [INFO] [1749050455.670448642] [publish_wind_direction]: Publishing: "id206:N"
[publish_wind_direction-2] [INFO] [1749050459.530332898] [publish_wind_direction]: ***Cam angle= -19.183436447745706, vico ang deg= 0.0 Ground Truth= 340.8165635522543
[publish_wind_direction-2] [INFO] [1749050459.532846528] [publish_wind_direction]: ***Corrected Wind Direction= N
[publish_wind_direction-2] [INFO] [1749050460.670339750] [publish_wind_direction]: Publishing: "id206:N"
[publish_wind_direction-2] [INFO] [1749050464.498381433] [publish_wind_direction]: ***Cam angle= -999.0, vico ang deg= 0.0 Ground Truth= 81.0
[publish_wind_direction-2] [INFO] [1749050464.500859210] [publish_wind_direction]: ***Corrected Wind Direction= W
[publish_wind_direction-2] [INFO] [1749050465.670406599] [publish_wind_direction]: Publishing: "id206:N"
[publish_wind_direction-2] [INFO] [1749050469.458808263] [publish_wind_direction]: ***Cam angle= -98.47848742371153, vico ang deg= 0.0 Ground Truth= 261.5215125762885
[publish_wind_direction-2] [INFO] [1749050469.461329670] [publish_wind_direction]: ***Corrected Wind Direction= E
[publish_wind_direction-2] [INFO] [1749050470.670351670] [publish_wind_direction]: Publishing: "id206:N"
[publish_wind_direction-2] [INFO] [1749050474.516397686] [publish_wind_direction]: ***Cam angle= -999.0, vico ang deg= 0.0 Ground Truth= 81.0
[publish_wind_direction-2] [INFO] [1749050474.519097056] [publish_wind_direction]: ***Corrected Wind Direction= W
[publish_wind_direction-2] [INFO] [1749050475.670359185] [publish_wind_direction]: Publishing: "id206:N"
[publish_wind_direction-2] [INFO] [1749050479.574504757] [publish_wind_direction]: ***Cam angle= -999.0, vico ang deg= 0.0 Ground Truth= 81.0
[publish_wind_direction-2] [INFO] [1749050479.578110720] [publish_wind_direction]: ***Corrected Wind Direction= W
[publish_wind_direction-2] [INFO] [1749050480.670295830] [publish_wind_direction]: Publishing: "id206:N"
[publish_wind_direction-2] [INFO] [1749050484.569550161] [publish_wind_direction]: ***Cam angle= -157.91098768268387, vico ang deg= 0.0 Ground Truth= 202.08901231731613
[publish_wind_direction-2] [INFO] [1749050484.572086698] [publish_wind_direction]: ***Corrected Wind Direction= S
[publish_wind_direction-2] [INFO] [1749050485.670377883] [publish_wind_direction]: Publishing: "id206:N"
[publish_wind_direction-2] [INFO] [1749050489.505576547] [publish_wind_direction]: ***Cam angle= -182.60029187015235, vico ang deg= 0.0 Ground Truth= 177.39970812984765
[publish_wind_direction-2] [INFO] [1749050489.508059084] [publish_wind_direction]: ***Corrected Wind Direction= S
[publish_wind_direction-2] [INFO] [1749050490.670184861] [publish_wind_direction]: Publishing: "id206:N"
[publish_wind_direction-2] [INFO] [1749050494.628116637] [publish_wind_direction]: ***Cam angle= -55.30709050365453, vico ang deg= 0.0 Ground Truth= 304.69290949634546
[publish_wind_direction-2] [INFO] [1749050494.630547766] [publish_wind_direction]: ***Corrected Wind Direction= E
[publish_wind_direction-2] [INFO] [1749050495.670385933] [publish_wind_direction]: Publishing: "id206:N"
[publish_wind_direction-2] [INFO] [1749050499.516772838] [publish_wind_direction]: ***Cam angle= -43.92235380294359, vico ang deg= 0.0 Ground Truth= 316.0776461970564
[publish_wind_direction-2] [INFO] [1749050499.520218523] [publish_wind_direction]: ***Corrected Wind Direction= N
[publish_wind_direction-2] [INFO] [1749050500.670403559] [publish_wind_direction]: Publishing: "id206:N"
[publish_wind_direction-2] [INFO] [1749050504.492335335] [publish_wind_direction]: ***Cam angle= -57.89459538657017, vico ang deg= 0.0 Ground Truth= 302.1054046134298
[publish_wind_direction-2] [INFO] [1749050504.495860483] [publish_wind_direction]: ***Corrected Wind Direction= E
[publish_wind_direction-2] [INFO] [1749050505.670306890] [publish_wind_direction]: Publishing: "id206:N"
[publish_wind_direction-2] [INFO] [1749050509.494588924] [publish_wind_direction]: ***Cam angle= -172.98406342858868, vico ang deg= 0.0 Ground Truth= 187.01593657141132
[publish_wind_direction-2] [INFO] [1749050509.497085776] [publish_wind_direction]: ***Corrected Wind Direction= S
[publish_wind_direction-2] [INFO] [1749050510.670386942] [publish_wind_direction]: Publishing: "id206:N"
[publish_wind_direction-2] [INFO] [1749050514.610221162] [publish_wind_direction]: ***Cam angle= -156.16585036671893, vico ang deg= 0.0 Ground Truth= 203.83414963328107
[publish_wind_direction-2] [INFO] [1749050514.612724606] [publish_wind_direction]: ***Corrected Wind Direction= S
[publish_wind_direction-2] [INFO] [1749050515.670366680] [publish_wind_direction]: Publishing: "id206:N"
[publish_wind_direction-2] [INFO] [1749050519.467472104] [publish_wind_direction]: ***Cam angle= -20.844925244827223, vico ang deg= 0.0 Ground Truth= 339.1550747551728
[publish_wind_direction-2] [INFO] [1749050519.469940826] [publish_wind_direction]: ***Corrected Wind Direction= N
[publish_wind_direction-2] [INFO] [1749050520.670893158] [publish_wind_direction]: Publishing: "id206:N"
[publish_wind_direction-2] [INFO] [1749050524.458710601] [publish_wind_direction]: ***Cam angle= -22.444182758648935, vico ang deg= 0.0 Ground Truth= 337.55581724135106
[publish_wind_direction-2] [INFO] [1749050524.461213026] [publish_wind_direction]: ***Corrected Wind Direction= N
[publish_wind_direction-2] [INFO] [1749050525.670347063] [publish_wind_direction]: Publishing: "id206:N"
[publish_wind_direction-2] [INFO] [1749050529.550402431] [publish_wind_direction]: ***Cam angle= -129.42982859204105, vico ang deg= 0.0 Ground Truth= 230.57017140795895
[publish_wind_direction-2] [INFO] [1749050529.552935931] [publish_wind_direction]: ***Corrected Wind Direction= E
[publish_wind_direction-2] [INFO] [1749050530.670367523] [publish_wind_direction]: Publishing: "id206:N"
[publish_wind_direction-2] [INFO] [1749050534.460850002] [publish_wind_direction]: ***Cam angle= -152.05234278825645, vico ang deg= 0.0 Ground Truth= 207.94765721174355
[publish_wind_direction-2] [INFO] [1749050534.463400298] [publish_wind_direction]: ***Corrected Wind Direction= S
[publish_wind_direction-2] [INFO] [1749050535.670373594] [publish_wind_direction]: Publishing: "id206:N"
[publish_wind_direction-2] [INFO] [1749050539.407968092] [publish_wind_direction]: ***Cam angle= 29.531186609693734, vico ang deg= 0.0 Ground Truth= 29.531186609693734
[publish_wind_direction-2] [INFO] [1749050539.410383684] [publish_wind_direction]: ***Corrected Wind Direction= N
[publish_wind_direction-2] [INFO] [1749050540.670311313] [publish_wind_direction]: Publishing: "id206:N"
[publish_wind_direction-2] [INFO] [1749050544.389557200] [publish_wind_direction]: ***Cam angle= -999.0, vico ang deg= 0.0 Ground Truth= 81.0
[publish_wind_direction-2] [INFO] [1749050544.392031052] [publish_wind_direction]: ***Corrected Wind Direction= W
[publish_wind_direction-2] [INFO] [1749050545.670372680] [publish_wind_direction]: Publishing: "id206:N"
[publish_wind_direction-2] [INFO] [1749050549.377005956] [publish_wind_direction]: ***Cam angle= -84.41637420014523, vico ang deg= 0.0 Ground Truth= 275.58362579985476
[publish_wind_direction-2] [INFO] [1749050549.379512845] [publish_wind_direction]: ***Corrected Wind Direction= E
[publish_wind_direction-2] [INFO] [1749050550.670412492] [publish_wind_direction]: Publishing: "id206:N"
[publish_wind_direction-2] [INFO] [1749050554.369668249] [publish_wind_direction]: ***Cam angle= -118.13946293546167, vico ang deg= 0.0 Ground Truth= 241.86053706453833
[publish_wind_direction-2] [INFO] [1749050554.372143175] [publish_wind_direction]: ***Corrected Wind Direction= E
[publish_wind_direction-2] [INFO] [1749050555.670270489] [publish_wind_direction]: Publishing: "id206:N"
[publish_wind_direction-2] [INFO] [1749050559.723206302] [publish_wind_direction]: ***Cam angle= -44.868377009236156, vico ang deg= 0.0 Ground Truth= 315.13162299076384
[publish_wind_direction-2] [INFO] [1749050559.725759505] [publish_wind_direction]: ***Corrected Wind Direction= N
[publish_wind_direction-2] [INFO] [1749050560.670266597] [publish_wind_direction]: Publishing: "id206:N"
[publish_wind_direction-2] [INFO] [1749050564.884731576] [publish_wind_direction]: ***Cam angle= -93.05667479757409, vico ang deg= 0.0 Ground Truth= 266.9433252024259
[publish_wind_direction-2] [INFO] [1749050564.887169762] [publish_wind_direction]: ***Corrected Wind Direction= E
[publish_wind_direction-2] [INFO] [1749050565.670351002] [publish_wind_direction]: Publishing: "id206:N"
[publish_wind_direction-2] [INFO] [1749050569.397226222] [publish_wind_direction]: ***Cam angle= -118.46780621336133, vico ang deg= 0.0 Ground Truth= 241.5321937866387
[publish_wind_direction-2] [INFO] [1749050569.399680222] [publish_wind_direction]: ***Corrected Wind Direction= E
[publish_wind_direction-2] [INFO] [1749050570.670084999] [publish_wind_direction]: Publishing: "id206:N"
[publish_wind_direction-2] [INFO] [1749050574.418807589] [publish_wind_direction]: ***Cam angle= 41.1285415748861, vico ang deg= 0.0 Ground Truth= 41.1285415748861
[publish_wind_direction-2] [INFO] [1749050574.421470774] [publish_wind_direction]: ***Corrected Wind Direction= N
[publish_wind_direction-2] [INFO] [1749050575.670243348] [publish_wind_direction]: Publishing: "id206:N"
[publish_wind_direction-2] [INFO] [1749050579.407221975] [publish_wind_direction]: ***Cam angle= -999.0, vico ang deg= 0.0 Ground Truth= 81.0
[publish_wind_direction-2] [INFO] [1749050579.409735234] [publish_wind_direction]: ***Corrected Wind Direction= W
[publish_wind_direction-2] [INFO] [1749050580.670225789] [publish_wind_direction]: Publishing: "id206:N"
[publish_wind_direction-2] [INFO] [1749050584.383310991] [publish_wind_direction]: ***Cam angle= -251.11741351504617, vico ang deg= 0.0 Ground Truth= 108.88258648495383
[publish_wind_direction-2] [INFO] [1749050584.385894713] [publish_wind_direction]: ***Corrected Wind Direction= W
[publish_wind_direction-2] [INFO] [1749050585.670282212] [publish_wind_direction]: Publishing: "id206:N"
[publish_wind_direction-2] [INFO] [1749050589.469215506] [publish_wind_direction]: ***Cam angle= -143.89627271651642, vico ang deg= 0.0 Ground Truth= 216.10372728348358
[publish_wind_direction-2] [INFO] [1749050589.471724099] [publish_wind_direction]: ***Corrected Wind Direction= S
[publish_wind_direction-2] [INFO] [1749050590.670252172] [publish_wind_direction]: Publishing: "id206:N"
[publish_wind_direction-2] [INFO] [1749050594.460340040] [publish_wind_direction]: ***Cam angle= -208.43975858281334, vico ang deg= 0.0 Ground Truth= 151.56024141718666
[publish_wind_direction-2] [INFO] [1749050594.463821688] [publish_wind_direction]: ***Corrected Wind Direction= S
[publish_wind_direction-2] [INFO] [1749050595.670173595] [publish_wind_direction]: Publishing: "id206:N"
[publish_wind_direction-2] [INFO] [1749050599.352191019] [publish_wind_direction]: ***Cam angle= 56.504546430713475, vico ang deg= 0.0 Ground Truth= 56.504546430713475
[publish_wind_direction-2] [INFO] [1749050599.354638371] [publish_wind_direction]: ***Corrected Wind Direction= W
[publish_wind_direction-2] [INFO] [1749050600.670038685] [publish_wind_direction]: Publishing: "id206:N"
[publish_wind_direction-2] [INFO] [1749050604.543309553] [publish_wind_direction]: ***Cam angle= 39.349792801378925, vico ang deg= 0.0 Ground Truth= 39.349792801378925
[publish_wind_direction-2] [INFO] [1749050604.545706627] [publish_wind_direction]: ***Corrected Wind Direction= N
[publish_wind_direction-2] [INFO] [1749050605.670372922] [publish_wind_direction]: Publishing: "id206:N"
[publish_wind_direction-2] [INFO] [1749050609.509799957] [publish_wind_direction]: ***Cam angle= -999.0, vico ang deg= 0.0 Ground Truth= 81.0
[publish_wind_direction-2] [INFO] [1749050609.512263476] [publish_wind_direction]: ***Corrected Wind Direction= W
[publish_wind_direction-2] [INFO] [1749050610.670392216] [publish_wind_direction]: Publishing: "id206:N"
[publish_wind_direction-2] [INFO] [1749050614.502421936] [publish_wind_direction]: ***Cam angle= -999.0, vico ang deg= 0.0 Ground Truth= 81.0
[publish_wind_direction-2] [INFO] [1749050614.504866695] [publish_wind_direction]: ***Corrected Wind Direction= W
[publish_wind_direction-2] [INFO] [1749050615.670261509] [publish_wind_direction]: Publishing: "id206:N"
[publish_wind_direction-2] [INFO] [1749050619.505576136] [publish_wind_direction]: ***Cam angle= -223.57869336100006, vico ang deg= 0.0 Ground Truth= 136.42130663899994
[publish_wind_direction-2] [INFO] [1749050619.508041414] [publish_wind_direction]: ***Corrected Wind Direction= S
[publish_wind_direction-2] [INFO] [1749050620.670386765] [publish_wind_direction]: Publishing: "id206:N"
[publish_wind_direction-2] [INFO] [1749050624.362753245] [publish_wind_direction]: ***Cam angle= -999.0, vico ang deg= 0.0 Ground Truth= 81.0
[publish_wind_direction-2] [INFO] [1749050624.365236411] [publish_wind_direction]: ***Corrected Wind Direction= W
[publish_wind_direction-2] [INFO] [1749050625.670444133] [publish_wind_direction]: Publishing: "id206:N"
[publish_wind_direction-2] [INFO] [1749050629.511936705] [publish_wind_direction]: ***Cam angle= -999.0, vico ang deg= 0.0 Ground Truth= 81.0
[publish_wind_direction-2] [INFO] [1749050629.514326853] [publish_wind_direction]: ***Corrected Wind Direction= W
[publish_wind_direction-2] [INFO] [1749050630.670214834] [publish_wind_direction]: Publishing: "id206:N"
[publish_wind_direction-2] [INFO] [1749050634.429791572] [publish_wind_direction]: ***Cam angle= -161.682122121669, vico ang deg= 0.0 Ground Truth= 198.317877878331
[publish_wind_direction-2] [INFO] [1749050634.432385535] [publish_wind_direction]: ***Corrected Wind Direction= S
[publish_wind_direction-2] [INFO] [1749050635.670337238] [publish_wind_direction]: Publishing: "id206:N"
[publish_wind_direction-2] [INFO] [1749050639.384154476] [publish_wind_direction]: ***Cam angle= -999.0, vico ang deg= 0.0 Ground Truth= 81.0
[publish_wind_direction-2] [INFO] [1749050639.386578402] [publish_wind_direction]: ***Corrected Wind Direction= W
[publish_wind_direction-2] [INFO] [1749050640.670357235] [publish_wind_direction]: Publishing: "id206:N"
[publish_wind_direction-2] [INFO] [1749050644.545440659] [publish_wind_direction]: ***Cam angle= -76.89109648285712, vico ang deg= 0.0 Ground Truth= 283.1089035171429
[publish_wind_direction-2] [INFO] [1749050644.548883325] [publish_wind_direction]: ***Corrected Wind Direction= E
[publish_wind_direction-2] [INFO] [1749050645.670431084] [publish_wind_direction]: Publishing: "id206:N"
[publish_wind_direction-2] [INFO] [1749050649.650303748] [publish_wind_direction]: ***Cam angle= -999.0, vico ang deg= 0.0 Ground Truth= 81.0
[publish_wind_direction-2] [INFO] [1749050649.652815841] [publish_wind_direction]: ***Corrected Wind Direction= W
[publish_wind_direction-2] [INFO] [1749050650.671110118] [publish_wind_direction]: Publishing: "id206:N"
[publish_wind_direction-2] [INFO] [1749050654.600802467] [publish_wind_direction]: ***Cam angle= -999.0, vico ang deg= 0.0 Ground Truth= 81.0
[publish_wind_direction-2] [INFO] [1749050654.603266560] [publish_wind_direction]: ***Corrected Wind Direction= W
[publish_wind_direction-2] [INFO] [1749050655.670260448] [publish_wind_direction]: Publishing: "id206:N"
[publish_wind_direction-2] [INFO] [1749050659.388792094] [publish_wind_direction]: ***Cam angle= -999.0, vico ang deg= 0.0 Ground Truth= 81.0
[publish_wind_direction-2] [INFO] [1749050659.391175502] [publish_wind_direction]: ***Corrected Wind Direction= W
[publish_wind_direction-2] [INFO] [1749050660.670208427] [publish_wind_direction]: Publishing: "id206:N"
[publish_wind_direction-2] [INFO] [1749050664.494990665] [publish_wind_direction]: ***Cam angle= -999.0, vico ang deg= 0.0 Ground Truth= 81.0
[publish_wind_direction-2] [INFO] [1749050664.497493795] [publish_wind_direction]: ***Corrected Wind Direction= W
[publish_wind_direction-2] [INFO] [1749050665.670279220] [publish_wind_direction]: Publishing: "id206:N"
[publish_wind_direction-2] [INFO] [1749050669.499242366] [publish_wind_direction]: ***Cam angle= -999.0, vico ang deg= 0.0 Ground Truth= 81.0
[publish_wind_direction-2] [INFO] [1749050669.502656477] [publish_wind_direction]: ***Corrected Wind Direction= W
[publish_wind_direction-2] [INFO] [1749050670.670496532] [publish_wind_direction]: Publishing: "id206:N"
[publish_wind_direction-2] [INFO] [1749050674.384506233] [publish_wind_direction]: ***Cam angle= -167.5264286275475, vico ang deg= 0.0 Ground Truth= 192.4735713724525
[publish_wind_direction-2] [INFO] [1749050674.386928159] [publish_wind_direction]: ***Corrected Wind Direction= S
[publish_wind_direction-2] [INFO] [1749050675.670252677] [publish_wind_direction]: Publishing: "id206:N"
[publish_wind_direction-2] [INFO] [1749050679.445000767] [publish_wind_direction]: ***Cam angle= -142.04082323022516, vico ang deg= 0.0 Ground Truth= 217.95917676977484
[publish_wind_direction-2] [INFO] [1749050679.447399582] [publish_wind_direction]: ***Corrected Wind Direction= S
[publish_wind_direction-2] [INFO] [1749050680.670236915] [publish_wind_direction]: Publishing: "id206:N"
[publish_wind_direction-2] [INFO] [1749050684.540682746] [publish_wind_direction]: ***Cam angle= -104.15275354666186, vico ang deg= 0.0 Ground Truth= 255.84724645333813
[publish_wind_direction-2] [INFO] [1749050684.543263487] [publish_wind_direction]: ***Corrected Wind Direction= E
[publish_wind_direction-2] [INFO] [1749050685.670237523] [publish_wind_direction]: Publishing: "id206:N"
[publish_wind_direction-2] [INFO] [1749050689.969671446] [publish_wind_direction]: ***Cam angle= -999.0, vico ang deg= 0.0 Ground Truth= 81.0
[publish_wind_direction-2] [INFO] [1749050689.973134354] [publish_wind_direction]: ***Corrected Wind Direction= W
[publish_wind_direction-2] [INFO] [1749050690.670185816] [publish_wind_direction]: Publishing: "id206:N"
[random_robot_move-1] [INFO] [1749050692.617932185] [random_robot_move]: Exception, shutting down
[publish_wind_direction-2] [INFO] [1749050694.522578573] [publish_wind_direction]: ***Cam angle= -999.0, vico ang deg= 0.0 Ground Truth= 81.0
[publish_wind_direction-2] [INFO] [1749050694.524861184] [publish_wind_direction]: ***Corrected Wind Direction= W
[publish_wind_direction-2] [INFO] [1749050695.673295517] [publish_wind_direction]: Raising exception
[publish_wind_direction-2] [INFO] [1749050695.678755813] [publish_wind_direction]: Publisher stopping, exception
[INFO] [publish_wind_direction-2]: process has finished cleanly [pid 846]
