[INFO] [launch]: All log files can be found below /home/thymio/.ros/log/2025-06-06-15-52-52-937063-thymio-819
[INFO] [launch]: Default logging verbosity is set to INFO
[INFO] [random_robot_move-1]: process started with pid [841]
[INFO] [publish_wind_direction-2]: process started with pid [843]
[publish_wind_direction-2] /usr/lib/python3/dist-packages/scipy/__init__.py:146: UserWarning: A NumPy version >=1.17.3 and <1.25.0 is required for this version of SciPy (detected version 1.26.4
[publish_wind_direction-2]   warnings.warn(f"A NumPy version >={np_minversion} and <{np_maxversion}"
[publish_wind_direction-2] [INFO] [1749225176.266415244] [publish_wind_direction]: Physical Ip=134.34.225.189, id=id189
[publish_wind_direction-2] [INFO] [1749225176.303416966] [publish_wind_direction]: Subscribed to: vicon/default/data
[random_robot_move-1] [INFO] [1749225179.167890260] [random_robot_move]: Robot Control Node started.
[publish_wind_direction-2] [INFO] [1749225181.292352093] [publish_wind_direction]: Publishing: "id189:E"
[publish_wind_direction-2] [INFO] [1749225186.292390682] [publish_wind_direction]: Publishing: "id189:E"
[publish_wind_direction-2] [INFO] [1749225191.292534568] [publish_wind_direction]: Publishing: "id189:E"
[publish_wind_direction-2] [INFO] [1749225196.292290047] [publish_wind_direction]: Publishing: "id189:E"
[publish_wind_direction-2] [INFO] [1749225201.292816377] [publish_wind_direction]: Publishing: "id189:E"
[publish_wind_direction-2] [INFO] [1749225206.292284633] [publish_wind_direction]: Publishing: "id189:E"
[publish_wind_direction-2] [INFO] [1749225211.292050649] [publish_wind_direction]: Publishing: "id189:E"
[publish_wind_direction-2] [INFO] [1749225216.292275109] [publish_wind_direction]: Publishing: "id189:E"
[publish_wind_direction-2] [INFO] [1749225221.292366013] [publish_wind_direction]: Publishing: "id189:E"
[publish_wind_direction-2] [INFO] [1749225226.292370547] [publish_wind_direction]: Publishing: "id189:E"
[publish_wind_direction-2] [INFO] [1749225231.292347174] [publish_wind_direction]: Publishing: "id189:E"
[publish_wind_direction-2] [INFO] [1749225236.292343115] [publish_wind_direction]: Publishing: "id189:E"
[publish_wind_direction-2] [INFO] [1749225241.292424409] [publish_wind_direction]: Publishing: "id189:E"
[publish_wind_direction-2] [INFO] [1749225246.292336665] [publish_wind_direction]: Publishing: "id189:E"
[publish_wind_direction-2] [INFO] [1749225251.292444088] [publish_wind_direction]: Publishing: "id189:E"
