[INFO] [launch]: All log files can be found below /home/thymio/.ros/log/2025-06-06-15-53-01-406834-thymio-817
[INFO] [launch]: Default logging verbosity is set to INFO
[INFO] [random_robot_move-1]: process started with pid [839]
[INFO] [publish_wind_direction-2]: process started with pid [841]
[publish_wind_direction-2] /usr/lib/python3/dist-packages/scipy/__init__.py:146: UserWarning: A NumPy version >=1.17.3 and <1.25.0 is required for this version of SciPy (detected version 1.26.4
[publish_wind_direction-2]   warnings.warn(f"A NumPy version >={np_minversion} and <{np_maxversion}"
[publish_wind_direction-2] [INFO] [1749225185.441857596] [publish_wind_direction]: Physical Ip=134.34.231.193, id=id1193
[publish_wind_direction-2] [INFO] [1749225185.480496189] [publish_wind_direction]: Subscribed to: vicon/default/data
[random_robot_move-1] [INFO] [1749225186.721348054] [random_robot_move]: Robot Control Node started.
[publish_wind_direction-2] [INFO] [1749225190.470050737] [publish_wind_direction]: Publishing: "id1193:W"
[publish_wind_direction-2] [INFO] [1749225195.470051937] [publish_wind_direction]: Publishing: "id1193:W"
[publish_wind_direction-2] [INFO] [1749225200.469687379] [publish_wind_direction]: Publishing: "id1193:W"
[publish_wind_direction-2] [INFO] [1749225205.468091302] [publish_wind_direction]: Publishing: "id1193:W"
[publish_wind_direction-2] [INFO] [1749225210.470160354] [publish_wind_direction]: Publishing: "id1193:W"
[publish_wind_direction-2] [INFO] [1749225215.468134333] [publish_wind_direction]: Publishing: "id1193:W"
[publish_wind_direction-2] [INFO] [1749225220.468161237] [publish_wind_direction]: Publishing: "id1193:W"
[publish_wind_direction-2] [INFO] [1749225225.468085068] [publish_wind_direction]: Publishing: "id1193:W"
[publish_wind_direction-2] [INFO] [1749225230.468201639] [publish_wind_direction]: Publishing: "id1193:W"
[publish_wind_direction-2] [INFO] [1749225235.468333210] [publish_wind_direction]: Publishing: "id1193:W"
[publish_wind_direction-2] [INFO] [1749225240.468224874] [publish_wind_direction]: Publishing: "id1193:W"
[publish_wind_direction-2] [INFO] [1749225245.468214352] [publish_wind_direction]: Publishing: "id1193:W"
[publish_wind_direction-2] [INFO] [1749225250.468209645] [publish_wind_direction]: Publishing: "id1193:W"
[publish_wind_direction-2] [INFO] [1749225257.106132694] [publish_wind_direction]: Publishing: "id1193:W"
[publish_wind_direction-2] [INFO] [1749225260.467913229] [publish_wind_direction]: Publishing: "id1193:W"
[publish_wind_direction-2] [INFO] [1749225265.468300263] [publish_wind_direction]: Publishing: "id1193:W"
[publish_wind_direction-2] [INFO] [1749225270.468255742] [publish_wind_direction]: Publishing: "id1193:W"
[publish_wind_direction-2] [INFO] [1749225275.468464832] [publish_wind_direction]: Publishing: "id1193:W"
[publish_wind_direction-2] [INFO] [1749225280.468559329] [publish_wind_direction]: Publishing: "id1193:W"
[publish_wind_direction-2] [INFO] [1749225285.468787622] [publish_wind_direction]: Publishing: "id1193:W"
[publish_wind_direction-2] [INFO] [1749225290.468464378] [publish_wind_direction]: Publishing: "id1193:W"
[publish_wind_direction-2] [INFO] [1749225295.468522653] [publish_wind_direction]: Publishing: "id1193:W"
[publish_wind_direction-2] [INFO] [1749225300.468545928] [publish_wind_direction]: Publishing: "id1193:W"
[publish_wind_direction-2] [INFO] [1749225305.468734999] [publish_wind_direction]: Publishing: "id1193:W"
[publish_wind_direction-2] [INFO] [1749225310.468371274] [publish_wind_direction]: Publishing: "id1193:W"
[publish_wind_direction-2] [INFO] [1749225315.468514474] [publish_wind_direction]: Publishing: "id1193:W"
[publish_wind_direction-2] [INFO] [1749225320.468512268] [publish_wind_direction]: Publishing: "id1193:W"
[publish_wind_direction-2] [INFO] [1749225325.468467228] [publish_wind_direction]: Publishing: "id1193:W"
[publish_wind_direction-2] [INFO] [1749225330.468484465] [publish_wind_direction]: Publishing: "id1193:W"
[publish_wind_direction-2] [INFO] [1749225335.468502333] [publish_wind_direction]: Publishing: "id1193:W"
[publish_wind_direction-2] [INFO] [1749225340.468504182] [publish_wind_direction]: Publishing: "id1193:W"
[publish_wind_direction-2] [INFO] [1749225345.468565605] [publish_wind_direction]: Publishing: "id1193:W"
[publish_wind_direction-2] [INFO] [1749225350.468331472] [publish_wind_direction]: Publishing: "id1193:W"
[publish_wind_direction-2] [INFO] [1749225355.468392673] [publish_wind_direction]: Publishing: "id1193:W"
[publish_wind_direction-2] [INFO] [1749225360.468482114] [publish_wind_direction]: Publishing: "id1193:W"
[publish_wind_direction-2] [INFO] [1749225365.468372352] [publish_wind_direction]: Publishing: "id1193:W"
[publish_wind_direction-2] [INFO] [1749225370.468333979] [publish_wind_direction]: Publishing: "id1193:W"
[publish_wind_direction-2] [INFO] [1749225375.468546865] [publish_wind_direction]: Publishing: "id1193:W"
[publish_wind_direction-2] [INFO] [1749225380.468513788] [publish_wind_direction]: Publishing: "id1193:W"
[publish_wind_direction-2] [INFO] [1749225385.468500710] [publish_wind_direction]: Publishing: "id1193:W"
[publish_wind_direction-2] [INFO] [1749225390.468565707] [publish_wind_direction]: Publishing: "id1193:W"
[publish_wind_direction-2] [INFO] [1749225395.468542705] [publish_wind_direction]: Publishing: "id1193:W"
[publish_wind_direction-2] [INFO] [1749225400.468588702] [publish_wind_direction]: Publishing: "id1193:W"
[publish_wind_direction-2] [INFO] [1749225405.468565680] [publish_wind_direction]: Publishing: "id1193:W"
[publish_wind_direction-2] [INFO] [1749225410.468485066] [publish_wind_direction]: Publishing: "id1193:W"
[publish_wind_direction-2] [INFO] [1749225415.468369026] [publish_wind_direction]: Publishing: "id1193:W"
[publish_wind_direction-2] [INFO] [1749225420.468628467] [publish_wind_direction]: Publishing: "id1193:W"
[publish_wind_direction-2] [INFO] [1749225425.468449038] [publish_wind_direction]: Publishing: "id1193:W"
[publish_wind_direction-2] [INFO] [1749225430.468525110] [publish_wind_direction]: Publishing: "id1193:W"
[publish_wind_direction-2] [INFO] [1749225435.468594958] [publish_wind_direction]: Publishing: "id1193:W"
[publish_wind_direction-2] [INFO] [1749225440.468387307] [publish_wind_direction]: Publishing: "id1193:W"
[publish_wind_direction-2] [INFO] [1749225445.468606434] [publish_wind_direction]: Publishing: "id1193:W"
[publish_wind_direction-2] [INFO] [1749225450.468563468] [publish_wind_direction]: Publishing: "id1193:W"
[publish_wind_direction-2] [INFO] [1749225455.468562743] [publish_wind_direction]: Publishing: "id1193:W"
[publish_wind_direction-2] [INFO] [1749225460.468421555] [publish_wind_direction]: Publishing: "id1193:W"
[publish_wind_direction-2] [INFO] [1749225465.468368441] [publish_wind_direction]: Publishing: "id1193:W"
[publish_wind_direction-2] [INFO] [1749225470.468389493] [publish_wind_direction]: Publishing: "id1193:W"
[publish_wind_direction-2] [INFO] [1749225475.468410120] [publish_wind_direction]: Publishing: "id1193:W"
[publish_wind_direction-2] [INFO] [1749225480.468418506] [publish_wind_direction]: Publishing: "id1193:W"
[publish_wind_direction-2] [INFO] [1749225485.468373336] [publish_wind_direction]: Publishing: "id1193:W"
[publish_wind_direction-2] [INFO] [1749225490.468369907] [publish_wind_direction]: Publishing: "id1193:W"
[publish_wind_direction-2] [INFO] [1749225495.468338849] [publish_wind_direction]: Publishing: "id1193:W"
[publish_wind_direction-2] [INFO] [1749225500.468159031] [publish_wind_direction]: Publishing: "id1193:W"
[publish_wind_direction-2] [INFO] [1749225505.468214620] [publish_wind_direction]: Publishing: "id1193:W"
[publish_wind_direction-2] [INFO] [1749225510.468375580] [publish_wind_direction]: Publishing: "id1193:W"
[publish_wind_direction-2] [INFO] [1749225515.468395689] [publish_wind_direction]: Publishing: "id1193:W"
[publish_wind_direction-2] [INFO] [1749225520.468366741] [publish_wind_direction]: Publishing: "id1193:W"
[publish_wind_direction-2] [INFO] [1749225525.468368257] [publish_wind_direction]: Publishing: "id1193:W"
[publish_wind_direction-2] [INFO] [1749225530.468452420] [publish_wind_direction]: Publishing: "id1193:W"
[publish_wind_direction-2] [INFO] [1749225535.468394843] [publish_wind_direction]: Publishing: "id1193:W"
[publish_wind_direction-2] [INFO] [1749225540.468355340] [publish_wind_direction]: Publishing: "id1193:W"
[publish_wind_direction-2] [INFO] [1749225545.468384356] [publish_wind_direction]: Publishing: "id1193:W"
[publish_wind_direction-2] [INFO] [1749225550.468369223] [publish_wind_direction]: Publishing: "id1193:W"
[publish_wind_direction-2] [INFO] [1749225555.468350294] [publish_wind_direction]: Publishing: "id1193:W"
[publish_wind_direction-2] [INFO] [1749225560.468364032] [publish_wind_direction]: Publishing: "id1193:W"
[publish_wind_direction-2] [INFO] [1749225565.468381844] [publish_wind_direction]: Publishing: "id1193:W"
[publish_wind_direction-2] [INFO] [1749225570.468369804] [publish_wind_direction]: Publishing: "id1193:W"
[publish_wind_direction-2] [INFO] [1749225575.468472782] [publish_wind_direction]: Publishing: "id1193:W"
[publish_wind_direction-2] [INFO] [1749225580.468446779] [publish_wind_direction]: Publishing: "id1193:W"
[publish_wind_direction-2] [INFO] [1749225585.468361758] [publish_wind_direction]: Publishing: "id1193:W"
[publish_wind_direction-2] [INFO] [1749225590.468352255] [publish_wind_direction]: Publishing: "id1193:W"
[publish_wind_direction-2] [INFO] [1749225595.468397900] [publish_wind_direction]: Publishing: "id1193:W"
[publish_wind_direction-2] [INFO] [1749225600.468380545] [publish_wind_direction]: Publishing: "id1193:W"
[publish_wind_direction-2] [INFO] [1749225605.468412302] [publish_wind_direction]: Publishing: "id1193:W"
[publish_wind_direction-2] [INFO] [1749225610.468354854] [publish_wind_direction]: Publishing: "id1193:W"
[publish_wind_direction-2] [INFO] [1749225615.468366592] [publish_wind_direction]: Publishing: "id1193:W"
[publish_wind_direction-2] [INFO] [1749225620.468422848] [publish_wind_direction]: Publishing: "id1193:W"
[publish_wind_direction-2] [INFO] [1749225625.468373623] [publish_wind_direction]: Publishing: "id1193:W"
[publish_wind_direction-2] [INFO] [1749225630.468523564] [publish_wind_direction]: Publishing: "id1193:W"
[publish_wind_direction-2] [INFO] [1749225635.468379561] [publish_wind_direction]: Publishing: "id1193:W"
[publish_wind_direction-2] [INFO] [1749225640.468350947] [publish_wind_direction]: Publishing: "id1193:W"
[publish_wind_direction-2] [INFO] [1749225645.468337315] [publish_wind_direction]: Publishing: "id1193:W"
[publish_wind_direction-2] [INFO] [1749225650.468367515] [publish_wind_direction]: Publishing: "id1193:W"
[publish_wind_direction-2] [INFO] [1749225655.468379346] [publish_wind_direction]: Publishing: "id1193:W"
[publish_wind_direction-2] [INFO] [1749225660.468338213] [publish_wind_direction]: Publishing: "id1193:W"
[publish_wind_direction-2] [INFO] [1749225665.468361747] [publish_wind_direction]: Publishing: "id1193:W"
[publish_wind_direction-2] [INFO] [1749225670.468385059] [publish_wind_direction]: Publishing: "id1193:W"
[publish_wind_direction-2] [INFO] [1749225675.468365093] [publish_wind_direction]: Publishing: "id1193:W"
[publish_wind_direction-2] [INFO] [1749225680.468384590] [publish_wind_direction]: Publishing: "id1193:W"
[publish_wind_direction-2] [INFO] [1749225685.468555421] [publish_wind_direction]: Publishing: "id1193:W"
[publish_wind_direction-2] [INFO] [1749225690.468552918] [publish_wind_direction]: Publishing: "id1193:W"
[publish_wind_direction-2] [INFO] [1749225695.468552674] [publish_wind_direction]: Publishing: "id1193:W"
[publish_wind_direction-2] [INFO] [1749225700.468690819] [publish_wind_direction]: Publishing: "id1193:W"
[publish_wind_direction-2] [INFO] [1749225705.468455112] [publish_wind_direction]: Publishing: "id1193:W"
[publish_wind_direction-2] [INFO] [1749225710.468556739] [publish_wind_direction]: Publishing: "id1193:W"
[publish_wind_direction-2] [INFO] [1749225715.469075347] [publish_wind_direction]: Publishing: "id1193:W"
[publish_wind_direction-2] [INFO] [1749225720.468464252] [publish_wind_direction]: Publishing: "id1193:W"
[publish_wind_direction-2] [INFO] [1749225725.468615100] [publish_wind_direction]: Publishing: "id1193:W"
[publish_wind_direction-2] [INFO] [1749225730.468436042] [publish_wind_direction]: Publishing: "id1193:W"
[publish_wind_direction-2] [INFO] [1749225735.468488576] [publish_wind_direction]: Publishing: "id1193:W"
[publish_wind_direction-2] [INFO] [1749225740.468456925] [publish_wind_direction]: Publishing: "id1193:W"
[publish_wind_direction-2] [INFO] [1749225745.468461551] [publish_wind_direction]: Publishing: "id1193:W"
[publish_wind_direction-2] [INFO] [1749225750.468447900] [publish_wind_direction]: Publishing: "id1193:W"
[publish_wind_direction-2] [INFO] [1749225755.468735101] [publish_wind_direction]: Publishing: "id1193:W"
[publish_wind_direction-2] [INFO] [1749225760.468662783] [publish_wind_direction]: Publishing: "id1193:W"
[publish_wind_direction-2] [INFO] [1749225765.468617558] [publish_wind_direction]: Publishing: "id1193:W"
[publish_wind_direction-2] [INFO] [1749225770.468376074] [publish_wind_direction]: Publishing: "id1193:W"
[publish_wind_direction-2] [INFO] [1749225775.468360145] [publish_wind_direction]: Publishing: "id1193:W"
[publish_wind_direction-2] [INFO] [1749225780.468354494] [publish_wind_direction]: Publishing: "id1193:W"
[publish_wind_direction-2] [INFO] [1749225785.469143787] [publish_wind_direction]: Publishing: "id1193:W"
[publish_wind_direction-2] [INFO] [1749225790.468365747] [publish_wind_direction]: Publishing: "id1193:W"
[publish_wind_direction-2] [INFO] [1749225795.468522392] [publish_wind_direction]: Publishing: "id1193:W"
[publish_wind_direction-2] [INFO] [1749225800.468245852] [publish_wind_direction]: Publishing: "id1193:W"
[publish_wind_direction-2] [INFO] [1749225805.468352627] [publish_wind_direction]: Publishing: "id1193:W"
[publish_wind_direction-2] [INFO] [1749225810.468361161] [publish_wind_direction]: Publishing: "id1193:W"
[publish_wind_direction-2] [INFO] [1749225815.468425917] [publish_wind_direction]: Publishing: "id1193:W"
[publish_wind_direction-2] [INFO] [1749225820.468361414] [publish_wind_direction]: Publishing: "id1193:W"
[publish_wind_direction-2] [INFO] [1749225825.468329430] [publish_wind_direction]: Publishing: "id1193:W"
[publish_wind_direction-2] [INFO] [1749225830.468319927] [publish_wind_direction]: Publishing: "id1193:W"
[publish_wind_direction-2] [INFO] [1749225835.468564757] [publish_wind_direction]: Publishing: "id1193:W"
[publish_wind_direction-2] [INFO] [1749225840.468356310] [publish_wind_direction]: Publishing: "id1193:W"
[publish_wind_direction-2] [INFO] [1749225845.468369121] [publish_wind_direction]: Publishing: "id1193:W"
[publish_wind_direction-2] [INFO] [1749225850.468350841] [publish_wind_direction]: Publishing: "id1193:W"
[publish_wind_direction-2] [INFO] [1749225855.468331245] [publish_wind_direction]: Publishing: "id1193:W"
[publish_wind_direction-2] [INFO] [1749225860.468356168] [publish_wind_direction]: Publishing: "id1193:W"
[publish_wind_direction-2] [INFO] [1749225865.468380776] [publish_wind_direction]: Publishing: "id1193:W"
[publish_wind_direction-2] [INFO] [1749225870.468340440] [publish_wind_direction]: Publishing: "id1193:W"
[publish_wind_direction-2] [INFO] [1749225875.468343955] [publish_wind_direction]: Publishing: "id1193:W"
[publish_wind_direction-2] [INFO] [1749225880.468161452] [publish_wind_direction]: Publishing: "id1193:W"
[publish_wind_direction-2] [INFO] [1749225885.468426987] [publish_wind_direction]: Publishing: "id1193:W"
[publish_wind_direction-2] [INFO] [1749225890.468349280] [publish_wind_direction]: Publishing: "id1193:W"
[publish_wind_direction-2] [INFO] [1749225895.468646740] [publish_wind_direction]: Publishing: "id1193:W"
[publish_wind_direction-2] [INFO] [1749225900.468368941] [publish_wind_direction]: Publishing: "id1193:W"
[publish_wind_direction-2] [INFO] [1749225905.468361826] [publish_wind_direction]: Publishing: "id1193:W"
[publish_wind_direction-2] [INFO] [1749225910.468379472] [publish_wind_direction]: Publishing: "id1193:W"
[publish_wind_direction-2] [INFO] [1749225915.468377320] [publish_wind_direction]: Publishing: "id1193:W"
[publish_wind_direction-2] [INFO] [1749225920.468590929] [publish_wind_direction]: Publishing: "id1193:W"
[publish_wind_direction-2] [INFO] [1749225925.468353333] [publish_wind_direction]: Publishing: "id1193:W"
[publish_wind_direction-2] [INFO] [1749225930.468551960] [publish_wind_direction]: Publishing: "id1193:W"
[publish_wind_direction-2] [INFO] [1749225935.468433790] [publish_wind_direction]: Publishing: "id1193:W"
[publish_wind_direction-2] [INFO] [1749225940.468367880] [publish_wind_direction]: Publishing: "id1193:W"
[publish_wind_direction-2] [INFO] [1749225945.468359673] [publish_wind_direction]: Publishing: "id1193:W"
[publish_wind_direction-2] [INFO] [1749225950.468373855] [publish_wind_direction]: Publishing: "id1193:W"
[publish_wind_direction-2] [INFO] [1749225955.468479223] [publish_wind_direction]: Publishing: "id1193:W"
[publish_wind_direction-2] [INFO] [1749225960.468369460] [publish_wind_direction]: Publishing: "id1193:W"
[publish_wind_direction-2] [INFO] [1749225965.468147457] [publish_wind_direction]: Publishing: "id1193:W"
[publish_wind_direction-2] [INFO] [1749225970.468367806] [publish_wind_direction]: Publishing: "id1193:W"
[publish_wind_direction-2] [INFO] [1749225975.468532803] [publish_wind_direction]: Publishing: "id1193:W"
[publish_wind_direction-2] [INFO] [1749225980.468504782] [publish_wind_direction]: Publishing: "id1193:W"
[publish_wind_direction-2] [INFO] [1749225985.468319223] [publish_wind_direction]: Publishing: "id1193:W"
[publish_wind_direction-2] [INFO] [1749225990.468315609] [publish_wind_direction]: Publishing: "id1193:W"
[publish_wind_direction-2] [INFO] [1749225995.468185180] [publish_wind_direction]: Publishing: "id1193:W"
[publish_wind_direction-2] [INFO] [1749226000.468575733] [publish_wind_direction]: Publishing: "id1193:W"
[publish_wind_direction-2] [INFO] [1749226005.468474952] [publish_wind_direction]: Publishing: "id1193:W"
[publish_wind_direction-2] [INFO] [1749226010.468542634] [publish_wind_direction]: Publishing: "id1193:W"
[publish_wind_direction-2] [INFO] [1749226015.468504261] [publish_wind_direction]: Publishing: "id1193:W"
[publish_wind_direction-2] [INFO] [1749226020.468536962] [publish_wind_direction]: Publishing: "id1193:W"
[publish_wind_direction-2] [INFO] [1749226025.468510829] [publish_wind_direction]: Publishing: "id1193:W"
[publish_wind_direction-2] [INFO] [1749226030.468465122] [publish_wind_direction]: Publishing: "id1193:W"
[publish_wind_direction-2] [INFO] [1749226035.468528360] [publish_wind_direction]: Publishing: "id1193:W"
[publish_wind_direction-2] [INFO] [1749226040.468732839] [publish_wind_direction]: Publishing: "id1193:W"
[publish_wind_direction-2] [INFO] [1749226045.468368891] [publish_wind_direction]: Publishing: "id1193:W"
[publish_wind_direction-2] [INFO] [1749226050.468336184] [publish_wind_direction]: Publishing: "id1193:W"
[publish_wind_direction-2] [INFO] [1749226055.468353070] [publish_wind_direction]: Publishing: "id1193:W"
[publish_wind_direction-2] [INFO] [1749226060.468812364] [publish_wind_direction]: Publishing: "id1193:W"
[publish_wind_direction-2] [INFO] [1749226065.468377879] [publish_wind_direction]: Publishing: "id1193:W"
[publish_wind_direction-2] [INFO] [1749226070.468344080] [publish_wind_direction]: Publishing: "id1193:W"
[publish_wind_direction-2] [INFO] [1749226075.468278595] [publish_wind_direction]: Publishing: "id1193:W"
[publish_wind_direction-2] [INFO] [1749226080.468373537] [publish_wind_direction]: Publishing: "id1193:W"
[publish_wind_direction-2] [INFO] [1749226085.468458460] [publish_wind_direction]: Publishing: "id1193:W"
[publish_wind_direction-2] [INFO] [1749226090.467580864] [publish_wind_direction]: Raising exception
[publish_wind_direction-2] [INFO] [1749226090.470461642] [publish_wind_direction]: Publisher stopping, exception
[INFO] [publish_wind_direction-2]: process has finished cleanly [pid 841]
[random_robot_move-1] [INFO] [1749226102.478933320] [random_robot_move]: Exception, shutting down
