[INFO] [launch]: All log files can be found below /home/thymio/.ros/log/2025-06-06-15-52-39-803654-thymio-837
[INFO] [launch]: Default logging verbosity is set to INFO
[INFO] [random_robot_move-1]: process started with pid [864]
[INFO] [publish_wind_direction-2]: process started with pid [866]
[publish_wind_direction-2] /usr/lib/python3/dist-packages/scipy/__init__.py:146: UserWarning: A NumPy version >=1.17.3 and <1.25.0 is required for this version of SciPy (detected version 1.26.4
[publish_wind_direction-2]   warnings.warn(f"A NumPy version >={np_minversion} and <{np_maxversion}"
[publish_wind_direction-2] [INFO] [1749225163.084507129] [publish_wind_direction]: Physical Ip=134.34.226.247, id=id247
[publish_wind_direction-2] [INFO] [1749225163.123360370] [publish_wind_direction]: Subscribed to: vicon/default/data
[random_robot_move-1] [INFO] [1749225166.016103572] [random_robot_move]: Robot Control Node started.
[publish_wind_direction-2] [INFO] [1749225168.111275886] [publish_wind_direction]: Publishing: "id247:N"
[publish_wind_direction-2] [INFO] [1749225173.110856383] [publish_wind_direction]: Publishing: "id247:N"
[publish_wind_direction-2] [INFO] [1749225178.110901917] [publish_wind_direction]: Publishing: "id247:N"
[publish_wind_direction-2] [INFO] [1749225183.111217488] [publish_wind_direction]: Publishing: "id247:N"
[publish_wind_direction-2] [INFO] [1749225188.111134448] [publish_wind_direction]: Publishing: "id247:N"
[publish_wind_direction-2] [INFO] [1749225193.111274593] [publish_wind_direction]: Publishing: "id247:N"
[publish_wind_direction-2] [INFO] [1749225198.110927145] [publish_wind_direction]: Publishing: "id247:N"
[publish_wind_direction-2] [INFO] [1749225203.110887050] [publish_wind_direction]: Publishing: "id247:N"
[publish_wind_direction-2] [INFO] [1749225208.110909732] [publish_wind_direction]: Publishing: "id247:N"
[publish_wind_direction-2] [INFO] [1749225213.110923618] [publish_wind_direction]: Publishing: "id247:N"
[publish_wind_direction-2] [INFO] [1749225218.110747022] [publish_wind_direction]: Publishing: "id247:N"
[publish_wind_direction-2] [INFO] [1749225223.110901168] [publish_wind_direction]: Publishing: "id247:N"
[publish_wind_direction-2] [INFO] [1749225228.111038035] [publish_wind_direction]: Publishing: "id247:N"
[publish_wind_direction-2] [INFO] [1749225233.111023680] [publish_wind_direction]: Publishing: "id247:N"
[publish_wind_direction-2] [INFO] [1749225238.112824159] [publish_wind_direction]: Publishing: "id247:N"
[publish_wind_direction-2] [INFO] [1749225243.110882452] [publish_wind_direction]: Publishing: "id247:N"
[publish_wind_direction-2] [INFO] [1749225248.110802079] [publish_wind_direction]: Publishing: "id247:N"
[publish_wind_direction-2] [INFO] [1749225253.110808205] [publish_wind_direction]: Publishing: "id247:N"
[publish_wind_direction-2] [INFO] [1749225258.110592517] [publish_wind_direction]: Publishing: "id247:N"
[publish_wind_direction-2] [INFO] [1749225263.110798718] [publish_wind_direction]: Publishing: "id247:N"
[publish_wind_direction-2] [INFO] [1749225268.110759974] [publish_wind_direction]: Publishing: "id247:N"
[publish_wind_direction-2] [INFO] [1749225273.110842416] [publish_wind_direction]: Publishing: "id247:N"
[publish_wind_direction-2] [INFO] [1749225278.111039116] [publish_wind_direction]: Publishing: "id247:N"
[publish_wind_direction-2] [INFO] [1749225283.110810187] [publish_wind_direction]: Publishing: "id247:N"
[publish_wind_direction-2] [INFO] [1749225288.110629703] [publish_wind_direction]: Publishing: "id247:N"
[publish_wind_direction-2] [INFO] [1749225293.110770644] [publish_wind_direction]: Publishing: "id247:N"
[publish_wind_direction-2] [INFO] [1749225298.110800345] [publish_wind_direction]: Publishing: "id247:N"
[publish_wind_direction-2] [INFO] [1749225303.110985972] [publish_wind_direction]: Publishing: "id247:N"
[publish_wind_direction-2] [INFO] [1749225308.110755598] [publish_wind_direction]: Publishing: "id247:N"
[publish_wind_direction-2] [INFO] [1749225313.110773355] [publish_wind_direction]: Publishing: "id247:N"
[publish_wind_direction-2] [INFO] [1749225318.110777407] [publish_wind_direction]: Publishing: "id247:N"
[publish_wind_direction-2] [INFO] [1749225323.110826552] [publish_wind_direction]: Publishing: "id247:N"
[publish_wind_direction-2] [INFO] [1749225328.110611068] [publish_wind_direction]: Publishing: "id247:N"
[publish_wind_direction-2] [INFO] [1749225333.111089343] [publish_wind_direction]: Publishing: "id247:N"
[publish_wind_direction-2] [INFO] [1749225338.111145618] [publish_wind_direction]: Publishing: "id247:N"
[publish_wind_direction-2] [INFO] [1749225343.110970763] [publish_wind_direction]: Publishing: "id247:N"
[publish_wind_direction-2] [INFO] [1749225348.110968723] [publish_wind_direction]: Publishing: "id247:N"
[publish_wind_direction-2] [INFO] [1749225353.110963423] [publish_wind_direction]: Publishing: "id247:N"
[publish_wind_direction-2] [INFO] [1749225358.110871254] [publish_wind_direction]: Publishing: "id247:N"
[publish_wind_direction-2] [INFO] [1749225363.111247047] [publish_wind_direction]: Publishing: "id247:N"
[publish_wind_direction-2] [INFO] [1749225368.111097748] [publish_wind_direction]: Publishing: "id247:N"
[publish_wind_direction-2] [INFO] [1749225373.110839615] [publish_wind_direction]: Publishing: "id247:N"
[publish_wind_direction-2] [INFO] [1749225378.110997464] [publish_wind_direction]: Publishing: "id247:N"
[publish_wind_direction-2] [INFO] [1749225383.110913146] [publish_wind_direction]: Publishing: "id247:N"
[publish_wind_direction-2] [INFO] [1749225388.111103125] [publish_wind_direction]: Publishing: "id247:N"
[publish_wind_direction-2] [INFO] [1749225393.110798418] [publish_wind_direction]: Publishing: "id247:N"
[publish_wind_direction-2] [INFO] [1749225398.110799711] [publish_wind_direction]: Publishing: "id247:N"
[publish_wind_direction-2] [INFO] [1749225403.110795523] [publish_wind_direction]: Publishing: "id247:N"
[publish_wind_direction-2] [INFO] [1749225408.110801502] [publish_wind_direction]: Publishing: "id247:N"
[publish_wind_direction-2] [INFO] [1749225413.110910406] [publish_wind_direction]: Publishing: "id247:N"
[publish_wind_direction-2] [INFO] [1749225418.110951774] [publish_wind_direction]: Publishing: "id247:N"
[publish_wind_direction-2] [INFO] [1749225423.110896789] [publish_wind_direction]: Publishing: "id247:N"
[publish_wind_direction-2] [INFO] [1749225428.110952842] [publish_wind_direction]: Publishing: "id247:N"
[publish_wind_direction-2] [INFO] [1749225433.110952191] [publish_wind_direction]: Publishing: "id247:N"
[publish_wind_direction-2] [INFO] [1749225438.110890947] [publish_wind_direction]: Publishing: "id247:N"
[publish_wind_direction-2] [INFO] [1749225443.110868851] [publish_wind_direction]: Publishing: "id247:N"
[publish_wind_direction-2] [INFO] [1749225448.110865089] [publish_wind_direction]: Publishing: "id247:N"
[publish_wind_direction-2] [INFO] [1749225453.110945882] [publish_wind_direction]: Publishing: "id247:N"
[publish_wind_direction-2] [INFO] [1749225458.110793861] [publish_wind_direction]: Publishing: "id247:N"
[publish_wind_direction-2] [INFO] [1749225463.110744691] [publish_wind_direction]: Publishing: "id247:N"
[publish_wind_direction-2] [INFO] [1749225468.110795522] [publish_wind_direction]: Publishing: "id247:N"
[publish_wind_direction-2] [INFO] [1749225473.110680111] [publish_wind_direction]: Publishing: "id247:N"
[publish_wind_direction-2] [INFO] [1749225478.110784349] [publish_wind_direction]: Publishing: "id247:N"
[publish_wind_direction-2] [INFO] [1749225483.110832809] [publish_wind_direction]: Publishing: "id247:N"
[publish_wind_direction-2] [INFO] [1749225488.110758806] [publish_wind_direction]: Publishing: "id247:N"
[publish_wind_direction-2] [INFO] [1749225493.111069840] [publish_wind_direction]: Publishing: "id247:N"
[publish_wind_direction-2] [INFO] [1749225498.110783355] [publish_wind_direction]: Publishing: "id247:N"
[publish_wind_direction-2] [INFO] [1749225503.110765834] [publish_wind_direction]: Publishing: "id247:N"
[publish_wind_direction-2] [INFO] [1749225508.110974164] [publish_wind_direction]: Publishing: "id247:N"
[publish_wind_direction-2] [INFO] [1749225513.110811587] [publish_wind_direction]: Publishing: "id247:N"
[publish_wind_direction-2] [INFO] [1749225518.110779455] [publish_wind_direction]: Publishing: "id247:N"
[publish_wind_direction-2] [INFO] [1749225523.111147915] [publish_wind_direction]: Publishing: "id247:N"
[publish_wind_direction-2] [INFO] [1749225528.110870023] [publish_wind_direction]: Publishing: "id247:N"
[publish_wind_direction-2] [INFO] [1749225533.110755927] [publish_wind_direction]: Publishing: "id247:N"
[publish_wind_direction-2] [INFO] [1749225538.111031350] [publish_wind_direction]: Publishing: "id247:N"
[publish_wind_direction-2] [INFO] [1749225543.110780310] [publish_wind_direction]: Publishing: "id247:N"
[publish_wind_direction-2] [INFO] [1749225548.110760178] [publish_wind_direction]: Publishing: "id247:N"
[publish_wind_direction-2] [INFO] [1749225553.110781360] [publish_wind_direction]: Publishing: "id247:N"
[publish_wind_direction-2] [INFO] [1749225558.110758857] [publish_wind_direction]: Publishing: "id247:N"
[publish_wind_direction-2] [INFO] [1749225563.110773317] [publish_wind_direction]: Publishing: "id247:N"
[publish_wind_direction-2] [INFO] [1749225568.111071443] [publish_wind_direction]: Publishing: "id247:N"
[publish_wind_direction-2] [INFO] [1749225573.110858959] [publish_wind_direction]: Publishing: "id247:N"
[publish_wind_direction-2] [INFO] [1749225578.110695437] [publish_wind_direction]: Publishing: "id247:N"
[publish_wind_direction-2] [INFO] [1749225583.110863194] [publish_wind_direction]: Publishing: "id247:N"
[publish_wind_direction-2] [INFO] [1749225588.110783617] [publish_wind_direction]: Publishing: "id247:N"
[publish_wind_direction-2] [INFO] [1749225593.110781484] [publish_wind_direction]: Publishing: "id247:N"
[publish_wind_direction-2] [INFO] [1749225598.110791740] [publish_wind_direction]: Publishing: "id247:N"
[publish_wind_direction-2] [INFO] [1749225603.110903645] [publish_wind_direction]: Publishing: "id247:N"
[publish_wind_direction-2] [INFO] [1749225608.110868197] [publish_wind_direction]: Publishing: "id247:N"
[publish_wind_direction-2] [INFO] [1749225613.110854880] [publish_wind_direction]: Publishing: "id247:N"
[publish_wind_direction-2] [INFO] [1749225618.110885377] [publish_wind_direction]: Publishing: "id247:N"
[publish_wind_direction-2] [INFO] [1749225623.111082003] [publish_wind_direction]: Publishing: "id247:N"
[publish_wind_direction-2] [INFO] [1749225628.110876574] [publish_wind_direction]: Publishing: "id247:N"
[publish_wind_direction-2] [INFO] [1749225633.110840812] [publish_wind_direction]: Publishing: "id247:N"
[publish_wind_direction-2] [INFO] [1749225638.110773235] [publish_wind_direction]: Publishing: "id247:N"
[publish_wind_direction-2] [INFO] [1749225643.110655306] [publish_wind_direction]: Publishing: "id247:N"
[publish_wind_direction-2] [INFO] [1749225648.110845118] [publish_wind_direction]: Publishing: "id247:N"
[publish_wind_direction-2] [INFO] [1749225653.110792559] [publish_wind_direction]: Publishing: "id247:N"
[publish_wind_direction-2] [INFO] [1749225658.110777593] [publish_wind_direction]: Publishing: "id247:N"
[publish_wind_direction-2] [INFO] [1749225663.110777146] [publish_wind_direction]: Publishing: "id247:N"
[publish_wind_direction-2] [INFO] [1749225668.110765236] [publish_wind_direction]: Publishing: "id247:N"
[publish_wind_direction-2] [INFO] [1749225673.110790566] [publish_wind_direction]: Publishing: "id247:N"
[publish_wind_direction-2] [INFO] [1749225678.110570841] [publish_wind_direction]: Publishing: "id247:N"
[publish_wind_direction-2] [INFO] [1749225683.110774171] [publish_wind_direction]: Publishing: "id247:N"
[publish_wind_direction-2] [INFO] [1749225688.110784705] [publish_wind_direction]: Publishing: "id247:N"
[publish_wind_direction-2] [INFO] [1749225693.110606239] [publish_wind_direction]: Publishing: "id247:N"
[publish_wind_direction-2] [INFO] [1749225698.110594847] [publish_wind_direction]: Publishing: "id247:N"
[publish_wind_direction-2] [INFO] [1749225703.110838567] [publish_wind_direction]: Publishing: "id247:N"
[publish_wind_direction-2] [INFO] [1749225708.110703508] [publish_wind_direction]: Publishing: "id247:N"
[publish_wind_direction-2] [INFO] [1749225713.110846635] [publish_wind_direction]: Publishing: "id247:N"
[publish_wind_direction-2] [INFO] [1749225718.110793595] [publish_wind_direction]: Publishing: "id247:N"
[publish_wind_direction-2] [INFO] [1749225723.110764573] [publish_wind_direction]: Publishing: "id247:N"
[publish_wind_direction-2] [INFO] [1749225728.110771292] [publish_wind_direction]: Publishing: "id247:N"
[publish_wind_direction-2] [INFO] [1749225733.111434401] [publish_wind_direction]: Publishing: "id247:N"
[publish_wind_direction-2] [INFO] [1749225738.110781379] [publish_wind_direction]: Publishing: "id247:N"
[publish_wind_direction-2] [INFO] [1749225743.110792117] [publish_wind_direction]: Publishing: "id247:N"
[publish_wind_direction-2] [INFO] [1749225748.111019095] [publish_wind_direction]: Publishing: "id247:N"
[publish_wind_direction-2] [INFO] [1749225753.110749315] [publish_wind_direction]: Publishing: "id247:N"
[publish_wind_direction-2] [INFO] [1749225758.110798663] [publish_wind_direction]: Publishing: "id247:N"
[publish_wind_direction-2] [INFO] [1749225763.110790346] [publish_wind_direction]: Publishing: "id247:N"
[publish_wind_direction-2] [INFO] [1749225768.110812713] [publish_wind_direction]: Publishing: "id247:N"
[publish_wind_direction-2] [INFO] [1749225773.110997729] [publish_wind_direction]: Publishing: "id247:N"
[publish_wind_direction-2] [INFO] [1749225778.110845392] [publish_wind_direction]: Publishing: "id247:N"
[publish_wind_direction-2] [INFO] [1749225783.110845334] [publish_wind_direction]: Publishing: "id247:N"
[publish_wind_direction-2] [INFO] [1749225788.110791423] [publish_wind_direction]: Publishing: "id247:N"
[publish_wind_direction-2] [INFO] [1749225793.110785032] [publish_wind_direction]: Publishing: "id247:N"
[publish_wind_direction-2] [INFO] [1749225798.110594454] [publish_wind_direction]: Publishing: "id247:N"
[publish_wind_direction-2] [INFO] [1749225803.110938433] [publish_wind_direction]: Publishing: "id247:N"
[publish_wind_direction-2] [INFO] [1749225808.110884337] [publish_wind_direction]: Publishing: "id247:N"
[publish_wind_direction-2] [INFO] [1749225813.110850908] [publish_wind_direction]: Publishing: "id247:N"
[publish_wind_direction-2] [INFO] [1749225818.110963943] [publish_wind_direction]: Publishing: "id247:N"
[publish_wind_direction-2] [INFO] [1749225823.110773977] [publish_wind_direction]: Publishing: "id247:N"
[publish_wind_direction-2] [INFO] [1749225828.110760714] [publish_wind_direction]: Publishing: "id247:N"
[publish_wind_direction-2] [INFO] [1749225833.110586526] [publish_wind_direction]: Publishing: "id247:N"
[publish_wind_direction-2] [INFO] [1749225838.110691449] [publish_wind_direction]: Publishing: "id247:N"
[publish_wind_direction-2] [INFO] [1749225843.110811576] [publish_wind_direction]: Publishing: "id247:N"
[publish_wind_direction-2] [INFO] [1749225848.110960258] [publish_wind_direction]: Publishing: "id247:N"
[publish_wind_direction-2] [INFO] [1749225853.110784570] [publish_wind_direction]: Publishing: "id247:N"
[publish_wind_direction-2] [INFO] [1749225858.110759845] [publish_wind_direction]: Publishing: "id247:N"
[publish_wind_direction-2] [INFO] [1749225863.110733119] [publish_wind_direction]: Publishing: "id247:N"
[publish_wind_direction-2] [INFO] [1749225868.110746857] [publish_wind_direction]: Publishing: "id247:N"
[publish_wind_direction-2] [INFO] [1749225873.110936762] [publish_wind_direction]: Publishing: "id247:N"
[publish_wind_direction-2] [INFO] [1749225878.110788185] [publish_wind_direction]: Publishing: "id247:N"
[publish_wind_direction-2] [INFO] [1749225883.110772830] [publish_wind_direction]: Publishing: "id247:N"
[publish_wind_direction-2] [INFO] [1749225888.110771549] [publish_wind_direction]: Publishing: "id247:N"
[publish_wind_direction-2] [INFO] [1749225893.110747787] [publish_wind_direction]: Publishing: "id247:N"
[publish_wind_direction-2] [INFO] [1749225898.110749210] [publish_wind_direction]: Publishing: "id247:N"
[publish_wind_direction-2] [INFO] [1749225903.110768484] [publish_wind_direction]: Publishing: "id247:N"
[publish_wind_direction-2] [INFO] [1749225908.110587167] [publish_wind_direction]: Publishing: "id247:N"
[publish_wind_direction-2] [INFO] [1749225913.110747312] [publish_wind_direction]: Publishing: "id247:N"
[publish_wind_direction-2] [INFO] [1749225918.110872994] [publish_wind_direction]: Publishing: "id247:N"
[publish_wind_direction-2] [INFO] [1749225923.110879769] [publish_wind_direction]: Publishing: "id247:N"
[publish_wind_direction-2] [INFO] [1749225928.110834470] [publish_wind_direction]: Publishing: "id247:N"
[publish_wind_direction-2] [INFO] [1749225933.110704448] [publish_wind_direction]: Publishing: "id247:N"
[publish_wind_direction-2] [INFO] [1749225938.110754890] [publish_wind_direction]: Publishing: "id247:N"
[publish_wind_direction-2] [INFO] [1749225943.110971553] [publish_wind_direction]: Publishing: "id247:N"
[publish_wind_direction-2] [INFO] [1749225948.110955347] [publish_wind_direction]: Publishing: "id247:N"
[publish_wind_direction-2] [INFO] [1749225953.110851788] [publish_wind_direction]: Publishing: "id247:N"
[publish_wind_direction-2] [INFO] [1749225958.110869137] [publish_wind_direction]: Publishing: "id247:N"
[publish_wind_direction-2] [INFO] [1749225963.110869171] [publish_wind_direction]: Publishing: "id247:N"
[publish_wind_direction-2] [INFO] [1749225968.110883557] [publish_wind_direction]: Publishing: "id247:N"
[publish_wind_direction-2] [INFO] [1749225973.110861554] [publish_wind_direction]: Publishing: "id247:N"
[publish_wind_direction-2] [INFO] [1749225978.110791995] [publish_wind_direction]: Publishing: "id247:N"
[publish_wind_direction-2] [INFO] [1749225983.111759103] [publish_wind_direction]: Publishing: "id247:N"
[publish_wind_direction-2] [INFO] [1749225988.110788582] [publish_wind_direction]: Publishing: "id247:N"
[publish_wind_direction-2] [INFO] [1749225993.110744116] [publish_wind_direction]: Publishing: "id247:N"
[publish_wind_direction-2] [INFO] [1749225998.110894539] [publish_wind_direction]: Publishing: "id247:N"
[publish_wind_direction-2] [INFO] [1749226003.110853240] [publish_wind_direction]: Publishing: "id247:N"
[publish_wind_direction-2] [INFO] [1749226008.111530792] [publish_wind_direction]: Publishing: "id247:N"
[publish_wind_direction-2] [INFO] [1749226013.110783160] [publish_wind_direction]: Publishing: "id247:N"
[publish_wind_direction-2] [INFO] [1749226018.110837157] [publish_wind_direction]: Publishing: "id247:N"
[publish_wind_direction-2] [INFO] [1749226023.110901468] [publish_wind_direction]: Publishing: "id247:N"
[publish_wind_direction-2] [INFO] [1749226028.110827891] [publish_wind_direction]: Publishing: "id247:N"
[publish_wind_direction-2] [INFO] [1749226033.110894481] [publish_wind_direction]: Publishing: "id247:N"
[publish_wind_direction-2] [INFO] [1749226038.110850941] [publish_wind_direction]: Publishing: "id247:N"
[publish_wind_direction-2] [INFO] [1749226043.111014234] [publish_wind_direction]: Publishing: "id247:N"
[publish_wind_direction-2] [INFO] [1749226048.110769250] [publish_wind_direction]: Publishing: "id247:N"
[publish_wind_direction-2] [INFO] [1749226053.110736191] [publish_wind_direction]: Publishing: "id247:N"
[publish_wind_direction-2] [INFO] [1749226058.110771170] [publish_wind_direction]: Publishing: "id247:N"
[publish_wind_direction-2] [INFO] [1749226063.110800611] [publish_wind_direction]: Publishing: "id247:N"
[publish_wind_direction-2] [INFO] [1749226068.110561016] [publish_wind_direction]: Raising exception
[publish_wind_direction-2] [INFO] [1749226068.113287423] [publish_wind_direction]: Publisher stopping, exception
[INFO] [publish_wind_direction-2]: process has finished cleanly [pid 866]
[random_robot_move-1] [INFO] [1749226083.537338507] [random_robot_move]: Exception, shutting down
