[INFO] [launch]: All log files can be found below /home/thymio/.ros/log/2025-06-06-15-22-59-166716-thymio-839
[INFO] [launch]: Default logging verbosity is set to INFO
[INFO] [random_robot_move-1]: process started with pid [861]
[INFO] [publish_wind_direction-2]: process started with pid [863]
[publish_wind_direction-2] /usr/lib/python3/dist-packages/scipy/__init__.py:146: UserWarning: A NumPy version >=1.17.3 and <1.25.0 is required for this version of SciPy (detected version 1.26.4
[publish_wind_direction-2]   warnings.warn(f"A NumPy version >={np_minversion} and <{np_maxversion}"
[publish_wind_direction-2] [INFO] [1749223382.631588950] [publish_wind_direction]: Physical Ip=134.34.226.247, id=id247
[publish_wind_direction-2] [INFO] [1749223382.674846690] [publish_wind_direction]: Subscribed to: vicon/default/data
[random_robot_move-1] [INFO] [1749223385.574291726] [random_robot_move]: Robot Control Node started.
[publish_wind_direction-2] [INFO] [1749223387.663482743] [publish_wind_direction]: Publishing: "id247:W"
[publish_wind_direction-2] [INFO] [1749223392.663436110] [publish_wind_direction]: Publishing: "id247:W"
[publish_wind_direction-2] [INFO] [1749223397.663280145] [publish_wind_direction]: Publishing: "id247:W"
[publish_wind_direction-2] [INFO] [1749223402.663383790] [publish_wind_direction]: Publishing: "id247:W"
[publish_wind_direction-2] [INFO] [1749223407.663491453] [publish_wind_direction]: Publishing: "id247:W"
[publish_wind_direction-2] [INFO] [1749223412.663842747] [publish_wind_direction]: Publishing: "id247:W"
[publish_wind_direction-2] [INFO] [1749223417.662845410] [publish_wind_direction]: Publishing: "id247:W"
[publish_wind_direction-2] [INFO] [1749223422.663435204] [publish_wind_direction]: Publishing: "id247:W"
[publish_wind_direction-2] [INFO] [1749223427.663427201] [publish_wind_direction]: Publishing: "id247:W"
[publish_wind_direction-2] [INFO] [1749223432.663455772] [publish_wind_direction]: Publishing: "id247:W"
[publish_wind_direction-2] [INFO] [1749223437.663649380] [publish_wind_direction]: Publishing: "id247:W"
[publish_wind_direction-2] [INFO] [1749223442.663784173] [publish_wind_direction]: Publishing: "id247:W"
[publish_wind_direction-2] [INFO] [1749223447.663854689] [publish_wind_direction]: Publishing: "id247:W"
[publish_wind_direction-2] [INFO] [1749223452.663843945] [publish_wind_direction]: Publishing: "id247:W"
[publish_wind_direction-2] [INFO] [1749223457.663681072] [publish_wind_direction]: Publishing: "id247:W"
[publish_wind_direction-2] [INFO] [1749223462.663773347] [publish_wind_direction]: Publishing: "id247:W"
[publish_wind_direction-2] [INFO] [1749223467.663778084] [publish_wind_direction]: Publishing: "id247:W"
[publish_wind_direction-2] [INFO] [1749223472.663754952] [publish_wind_direction]: Publishing: "id247:W"
[publish_wind_direction-2] [INFO] [1749223477.663793208] [publish_wind_direction]: Publishing: "id247:W"
[publish_wind_direction-2] [INFO] [1749223482.663623390] [publish_wind_direction]: Publishing: "id247:W"
[publish_wind_direction-2] [INFO] [1749223487.663840035] [publish_wind_direction]: Publishing: "id247:W"
[publish_wind_direction-2] [INFO] [1749223492.665413458] [publish_wind_direction]: Publishing: "id247:W"
[publish_wind_direction-2] [INFO] [1749223497.213613419] [publish_wind_direction]: Vicon Position= [-232.8317108154297, 486.6668395996094]
[publish_wind_direction-2] [INFO] [1749223497.216557307] [publish_wind_direction]: Neighbourhood size: 4
[publish_wind_direction-2] [INFO] [1749223497.663779048] [publish_wind_direction]: Publishing: "id247:W"
[publish_wind_direction-2] [INFO] [1749223502.663747786] [publish_wind_direction]: Publishing: "id247:W"
[publish_wind_direction-2] [INFO] [1749223507.663722097] [publish_wind_direction]: Publishing: "id247:W"
[publish_wind_direction-2] [INFO] [1749223511.460538336] [publish_wind_direction]: Vicon Position= [-182.4882049560547, 216.96177673339844]
[publish_wind_direction-2] [INFO] [1749223511.463540021] [publish_wind_direction]: Neighbourhood size: 4
[publish_wind_direction-2] [INFO] [1749223512.663809483] [publish_wind_direction]: Publishing: "id247:W"
[publish_wind_direction-2] [INFO] [1749223517.663828110] [publish_wind_direction]: Publishing: "id247:W"
[publish_wind_direction-2] [INFO] [1749223518.708661554] [publish_wind_direction]: Vicon Position= [830.051025390625, -426.7154235839844]
[publish_wind_direction-2] [INFO] [1749223518.712036683] [publish_wind_direction]: Neighbourhood size: 5
[publish_wind_direction-2] [INFO] [1749223522.663962218] [publish_wind_direction]: Publishing: "id247:W"
[publish_wind_direction-2] [INFO] [1749223527.292787512] [publish_wind_direction]: Vicon Position= [945.5347900390625, -538.8485107421875]
[publish_wind_direction-2] [INFO] [1749223527.295994697] [publish_wind_direction]: Neighbourhood size: 3
[publish_wind_direction-2] [INFO] [1749223527.663789826] [publish_wind_direction]: Publishing: "id247:W"
[publish_wind_direction-2] [INFO] [1749223532.663720638] [publish_wind_direction]: Publishing: "id247:W"
[publish_wind_direction-2] [INFO] [1749223537.663830468] [publish_wind_direction]: Publishing: "id247:W"
[publish_wind_direction-2] [INFO] [1749223542.664268077] [publish_wind_direction]: Publishing: "id247:W"
[publish_wind_direction-2] [INFO] [1749223547.663700611] [publish_wind_direction]: Publishing: "id247:W"
[publish_wind_direction-2] [INFO] [1749223550.293277294] [publish_wind_direction]: Vicon Position= [889.5472412109375, -598.8233642578125]
[publish_wind_direction-2] [INFO] [1749223550.296283276] [publish_wind_direction]: Neighbourhood size: 3
[publish_wind_direction-2] [INFO] [1749223552.663850200] [publish_wind_direction]: Publishing: "id247:W"
[publish_wind_direction-2] [INFO] [1749223557.663921697] [publish_wind_direction]: Publishing: "id247:W"
[publish_wind_direction-2] [INFO] [1749223560.422536825] [publish_wind_direction]: Vicon Position= [1015.74267578125, 476.710693359375]
[publish_wind_direction-2] [INFO] [1749223560.425427233] [publish_wind_direction]: Neighbourhood size: 6
[publish_wind_direction-2] [INFO] [1749223562.663646639] [publish_wind_direction]: Publishing: "id247:W"
[publish_wind_direction-2] [INFO] [1749223567.663639488] [publish_wind_direction]: Publishing: "id247:W"
[publish_wind_direction-2] [INFO] [1749223572.663657133] [publish_wind_direction]: Publishing: "id247:W"
[publish_wind_direction-2] [INFO] [1749223576.717719945] [publish_wind_direction]: Vicon Position= [0.0, 0.0]
[publish_wind_direction-2] [INFO] [1749223576.720541130] [publish_wind_direction]: Neighbourhood size: 5
[publish_wind_direction-2] [INFO] [1749223577.663794574] [publish_wind_direction]: Publishing: "id247:W"
[publish_wind_direction-2] [INFO] [1749223582.663730905] [publish_wind_direction]: Publishing: "id247:W"
[publish_wind_direction-2] [INFO] [1749223583.470932441] [publish_wind_direction]: Vicon Position= [-109.77862548828125, 1093.9532470703125]
[publish_wind_direction-2] [INFO] [1749223583.474101589] [publish_wind_direction]: Neighbourhood size: 7
[publish_wind_direction-2] [INFO] [1749223587.663903568] [publish_wind_direction]: Publishing: "id247:W"
[publish_wind_direction-2] [INFO] [1749223592.663972380] [publish_wind_direction]: Publishing: "id247:W"
[publish_wind_direction-2] [INFO] [1749223594.053662287] [publish_wind_direction]: Vicon Position= [-206.4543914794922, 215.4286651611328]
[publish_wind_direction-2] [INFO] [1749223594.056599083] [publish_wind_direction]: Neighbourhood size: 8
[publish_wind_direction-2] [INFO] [1749223597.663807099] [publish_wind_direction]: Publishing: "id247:W"
[publish_wind_direction-2] [INFO] [1749223602.663744189] [publish_wind_direction]: Publishing: "id247:W"
[publish_wind_direction-2] [INFO] [1749223607.663779464] [publish_wind_direction]: Publishing: "id247:W"
[publish_wind_direction-2] [INFO] [1749223612.663726516] [publish_wind_direction]: Publishing: "id247:W"
[publish_wind_direction-2] [INFO] [1749223617.663830939] [publish_wind_direction]: Publishing: "id247:W"
[publish_wind_direction-2] [INFO] [1749223622.663665770] [publish_wind_direction]: Publishing: "id247:W"
[publish_wind_direction-2] [INFO] [1749223624.016448380] [publish_wind_direction]: Vicon Position= [-208.3350067138672, 111.83906555175781]
[publish_wind_direction-2] [INFO] [1749223624.019479658] [publish_wind_direction]: Neighbourhood size: 8
[publish_wind_direction-2] [INFO] [1749223627.663660711] [publish_wind_direction]: Publishing: "id247:W"
[publish_wind_direction-2] [INFO] [1749223632.663709041] [publish_wind_direction]: Publishing: "id247:W"
[publish_wind_direction-2] [INFO] [1749223633.127935319] [publish_wind_direction]: Vicon Position= [143.32852172851562, -636.5593872070312]
[publish_wind_direction-2] [INFO] [1749223633.130937504] [publish_wind_direction]: Neighbourhood size: 3
[publish_wind_direction-2] [INFO] [1749223637.663664076] [publish_wind_direction]: Publishing: "id247:W"
[publish_wind_direction-2] [INFO] [1749223642.663652869] [publish_wind_direction]: Publishing: "id247:W"
[publish_wind_direction-2] [INFO] [1749223646.670651811] [publish_wind_direction]: Vicon Position= [82.0075912475586, -16.144872665405273]
[publish_wind_direction-2] [INFO] [1749223646.673558737] [publish_wind_direction]: Neighbourhood size: 7
[publish_wind_direction-2] [INFO] [1749223647.663642162] [publish_wind_direction]: Publishing: "id247:W"
[publish_wind_direction-2] [INFO] [1749223652.663674048] [publish_wind_direction]: Publishing: "id247:W"
[publish_wind_direction-2] [INFO] [1749223657.663631008] [publish_wind_direction]: Publishing: "id247:W"
[publish_wind_direction-2] [INFO] [1749223662.663634838] [publish_wind_direction]: Publishing: "id247:W"
[publish_wind_direction-2] [INFO] [1749223667.663630502] [publish_wind_direction]: Publishing: "id247:W"
[publish_wind_direction-2] [INFO] [1749223671.883248092] [publish_wind_direction]: Vicon Position= [233.40304565429688, 391.638427734375]
[publish_wind_direction-2] [INFO] [1749223671.886147203] [publish_wind_direction]: Neighbourhood size: 8
[publish_wind_direction-2] [INFO] [1749223672.663634481] [publish_wind_direction]: Publishing: "id247:W"
[publish_wind_direction-2] [INFO] [1749223677.663672644] [publish_wind_direction]: Publishing: "id247:W"
[publish_wind_direction-2] [INFO] [1749223682.663659567] [publish_wind_direction]: Publishing: "id247:W"
[publish_wind_direction-2] [INFO] [1749223683.198827326] [publish_wind_direction]: Vicon Position= [266.9048767089844, 513.1427612304688]
[publish_wind_direction-2] [INFO] [1749223683.201812030] [publish_wind_direction]: Neighbourhood size: 8
[publish_wind_direction-2] [INFO] [1749223687.663649398] [publish_wind_direction]: Publishing: "id247:W"
[publish_wind_direction-2] [INFO] [1749223691.364561081] [publish_wind_direction]: Vicon Position= [1001.8264770507812, -610.4413452148438]
[publish_wind_direction-2] [INFO] [1749223691.367600025] [publish_wind_direction]: Neighbourhood size: 5
[publish_wind_direction-2] [INFO] [1749223692.663734765] [publish_wind_direction]: Publishing: "id247:W"
[publish_wind_direction-2] [INFO] [1749223697.663634132] [publish_wind_direction]: Publishing: "id247:W"
[publish_wind_direction-2] [INFO] [1749223701.752877371] [publish_wind_direction]: Vicon Position= [830.887451171875, -422.9157409667969]
[publish_wind_direction-2] [INFO] [1749223701.755835982] [publish_wind_direction]: Neighbourhood size: 5
[publish_wind_direction-2] [INFO] [1749223702.663670092] [publish_wind_direction]: Publishing: "id247:W"
[publish_wind_direction-2] [INFO] [1749223703.319674592] [publish_wind_direction]: Vicon Position= [574.86181640625, -655.6632690429688]
[publish_wind_direction-2] [INFO] [1749223703.322756870] [publish_wind_direction]: Neighbourhood size: 6
[publish_wind_direction-2] [INFO] [1749223707.663634108] [publish_wind_direction]: Publishing: "id247:W"
[publish_wind_direction-2] [INFO] [1749223711.233197995] [publish_wind_direction]: Vicon Position= [753.1087036132812, -596.5358276367188]
[publish_wind_direction-2] [INFO] [1749223711.236059643] [publish_wind_direction]: Neighbourhood size: 6
[publish_wind_direction-2] [INFO] [1749223712.663703105] [publish_wind_direction]: Publishing: "id247:W"
[publish_wind_direction-2] [INFO] [1749223713.520363623] [publish_wind_direction]: * Received from id192, wind direction E
[publish_wind_direction-2] [INFO] [1749223713.523301641] [publish_wind_direction]: Publisher, neighbours_by_id={'id142', 'id200', 'id223', 'id136', 'id1193', 'id189'}
[publish_wind_direction-2] [INFO] [1749223717.923066546] [publish_wind_direction]: ***Cam angle= -92.16446794472982, vico ang deg= -331.98129998726927 Ground Truth= 295.8542320680009
[publish_wind_direction-2] [INFO] [1749223717.925521917] [publish_wind_direction]: Publisher, Neighbourhood size: 6
[publish_wind_direction-2] [INFO] [1749223717.927951287] [publish_wind_direction]: Decision Making Triggered
[publish_wind_direction-2] [INFO] [1749223717.930339639] [publish_wind_direction]: Publisher, Neighbours Opinion: 0
[publish_wind_direction-2] [INFO] [1749223717.932809546] [publish_wind_direction]: Inside Decision Making, neighbours opinion: {}
[publish_wind_direction-2] [INFO] [1749223717.935207250] [publish_wind_direction]: Inside Decision Making, social opinions: {}
[publish_wind_direction-2] [INFO] [1749223717.939959361] [publish_wind_direction]: Publishing: "id247:N"
[publish_wind_direction-2] [INFO] [1749223717.943780824] [publish_wind_direction]: Vicon Position= [854.302978515625, -578.677978515625]
[publish_wind_direction-2] [INFO] [1749223717.946280639] [publish_wind_direction]: Neighbourhood size: 4
[publish_wind_direction-2] [INFO] [1749223722.663667043] [publish_wind_direction]: Publishing: "id247:N"
[publish_wind_direction-2] [INFO] [1749223727.663637892] [publish_wind_direction]: Publishing: "id247:N"
[publish_wind_direction-2] [INFO] [1749223731.067819687] [publish_wind_direction]: Vicon Position= [403.9971923828125, -332.63189697265625]
[publish_wind_direction-2] [INFO] [1749223731.071376131] [publish_wind_direction]: Neighbourhood size: 7
[publish_wind_direction-2] [INFO] [1749223732.663740334] [publish_wind_direction]: Publishing: "id247:N"
[publish_wind_direction-2] [INFO] [1749223737.664519886] [publish_wind_direction]: Publishing: "id247:N"
[publish_wind_direction-2] [INFO] [1749223742.663763217] [publish_wind_direction]: Publishing: "id247:N"
[publish_wind_direction-2] [INFO] [1749223744.194174160] [publish_wind_direction]: * Received from id192, wind direction E
[publish_wind_direction-2] [INFO] [1749223744.197041271] [publish_wind_direction]: Publisher, neighbours_by_id={'id142', 'id200', 'id194', 'id151', 'id1193', 'id189', 'id236'}
[publish_wind_direction-2] [INFO] [1749223747.999103880] [publish_wind_direction]: ***Cam angle= 9.714802768422828, vico ang deg= -2.008960578927145 Ground Truth= 7.705842189495684
[publish_wind_direction-2] [INFO] [1749223748.001399417] [publish_wind_direction]: Publisher, Neighbourhood size: 7
[publish_wind_direction-2] [INFO] [1749223748.003855788] [publish_wind_direction]: Decision Making Triggered
[publish_wind_direction-2] [INFO] [1749223748.006247732] [publish_wind_direction]: Publisher, Neighbours Opinion: 0
[publish_wind_direction-2] [INFO] [1749223748.008710251] [publish_wind_direction]: Inside Decision Making, neighbours opinion: {}
[publish_wind_direction-2] [INFO] [1749223748.011379251] [publish_wind_direction]: Inside Decision Making, social opinions: {}
[publish_wind_direction-2] [INFO] [1749223748.016167528] [publish_wind_direction]: Publishing: "id247:N"
[publish_wind_direction-2] [INFO] [1749223748.019998380] [publish_wind_direction]: Vicon Position= [589.1337890625, -370.242919921875]
[publish_wind_direction-2] [INFO] [1749223748.022619973] [publish_wind_direction]: Neighbourhood size: 5
[publish_wind_direction-2] [INFO] [1749223752.663641081] [publish_wind_direction]: Publishing: "id247:N"
[publish_wind_direction-2] [INFO] [1749223757.663649837] [publish_wind_direction]: Publishing: "id247:N"
[publish_wind_direction-2] [INFO] [1749223759.763298984] [publish_wind_direction]: * Received from id195, wind direction W
[publish_wind_direction-2] [INFO] [1749223759.766347429] [publish_wind_direction]: Publisher, neighbours_by_id={'id142', 'id200', 'id1193', 'id189', 'id236'}
[publish_wind_direction-2] [INFO] [1749223763.619593019] [publish_wind_direction]: ***Cam angle= -159.99354146512, vico ang deg= -242.453142839355 Ground Truth= 317.55331569552504
[publish_wind_direction-2] [INFO] [1749223763.623213649] [publish_wind_direction]: Publisher, Neighbourhood size: 5
[publish_wind_direction-2] [INFO] [1749223763.625573056] [publish_wind_direction]: Decision Making Triggered
[publish_wind_direction-2] [INFO] [1749223763.628007186] [publish_wind_direction]: Publisher, Neighbours Opinion: 0
[publish_wind_direction-2] [INFO] [1749223763.631594389] [publish_wind_direction]: Inside Decision Making, neighbours opinion: {}
[publish_wind_direction-2] [INFO] [1749223763.633840667] [publish_wind_direction]: Inside Decision Making, social opinions: {}
[publish_wind_direction-2] [INFO] [1749223763.638678426] [publish_wind_direction]: Publishing: "id247:S"
[publish_wind_direction-2] [INFO] [1749223763.642510723] [publish_wind_direction]: Vicon Position= [589.1337890625, -370.242919921875]
[publish_wind_direction-2] [INFO] [1749223763.645094686] [publish_wind_direction]: Neighbourhood size: 5
[publish_wind_direction-2] [INFO] [1749223767.663652905] [publish_wind_direction]: Publishing: "id247:S"
[publish_wind_direction-2] [INFO] [1749223768.373132720] [publish_wind_direction]: * Received from id192, wind direction E
[publish_wind_direction-2] [INFO] [1749223768.376065498] [publish_wind_direction]: Publisher, neighbours_by_id={'id142', 'id200', 'id1193', 'id189', 'id236'}
[publish_wind_direction-2] [INFO] [1749223772.203514755] [publish_wind_direction]: ***Cam angle= -160.36792494146775, vico ang deg= -242.453142839355 Ground Truth= 317.1789322191772
[publish_wind_direction-2] [INFO] [1749223772.205910495] [publish_wind_direction]: Publisher, Neighbourhood size: 5
[publish_wind_direction-2] [INFO] [1749223772.208307440] [publish_wind_direction]: Decision Making Triggered
[publish_wind_direction-2] [INFO] [1749223772.210734106] [publish_wind_direction]: Publisher, Neighbours Opinion: 0
[publish_wind_direction-2] [INFO] [1749223772.213081162] [publish_wind_direction]: Inside Decision Making, neighbours opinion: {}
[publish_wind_direction-2] [INFO] [1749223772.215477181] [publish_wind_direction]: Inside Decision Making, social opinions: {}
[publish_wind_direction-2] [INFO] [1749223772.220141125] [publish_wind_direction]: Vicon Position= [589.1337890625, -370.242919921875]
[publish_wind_direction-2] [INFO] [1749223772.222895125] [publish_wind_direction]: Neighbourhood size: 5
[publish_wind_direction-2] [INFO] [1749223772.225677458] [publish_wind_direction]: * Received from id192, wind direction S
[publish_wind_direction-2] [INFO] [1749223772.228099458] [publish_wind_direction]: Publisher, neighbours_by_id={'id142', 'id200', 'id1193', 'id189', 'id236'}
[publish_wind_direction-2] [INFO] [1749223776.074536178] [publish_wind_direction]: ***Cam angle= -197.38791326244223, vico ang deg= -242.453142839355 Ground Truth= 280.1589438982028
[publish_wind_direction-2] [INFO] [1749223776.077647530] [publish_wind_direction]: Publisher, Neighbourhood size: 5
[publish_wind_direction-2] [INFO] [1749223776.080095345] [publish_wind_direction]: Decision Making Triggered
[publish_wind_direction-2] [INFO] [1749223776.082525067] [publish_wind_direction]: Publisher, Neighbours Opinion: 0
[publish_wind_direction-2] [INFO] [1749223776.084887437] [publish_wind_direction]: Inside Decision Making, neighbours opinion: {}
[publish_wind_direction-2] [INFO] [1749223776.087265549] [publish_wind_direction]: Inside Decision Making, social opinions: {}
[publish_wind_direction-2] [INFO] [1749223776.091871882] [publish_wind_direction]: Publishing: "id247:W"
[publish_wind_direction-2] [INFO] [1749223776.095739308] [publish_wind_direction]: Vicon Position= [589.1337890625, -370.242919921875]
[publish_wind_direction-2] [INFO] [1749223776.098261641] [publish_wind_direction]: Neighbourhood size: 5
[publish_wind_direction-2] [INFO] [1749223777.663646455] [publish_wind_direction]: Publishing: "id247:W"
[publish_wind_direction-2] [INFO] [1749223782.517879656] [publish_wind_direction]: Vicon Position= [589.1337890625, -370.242919921875]
[publish_wind_direction-2] [INFO] [1749223782.520716360] [publish_wind_direction]: Neighbourhood size: 5
[publish_wind_direction-2] [INFO] [1749223782.663805359] [publish_wind_direction]: Publishing: "id247:W"
[publish_wind_direction-2] [INFO] [1749223787.663705986] [publish_wind_direction]: Publishing: "id247:W"
[publish_wind_direction-2] [INFO] [1749223792.663808057] [publish_wind_direction]: Publishing: "id247:W"
[publish_wind_direction-2] [INFO] [1749223797.663651314] [publish_wind_direction]: Publishing: "id247:W"
[publish_wind_direction-2] [INFO] [1749223802.663720644] [publish_wind_direction]: Publishing: "id247:W"
[publish_wind_direction-2] [INFO] [1749223804.767947735] [publish_wind_direction]: Vicon Position= [589.1337890625, -370.242919921875]
[publish_wind_direction-2] [INFO] [1749223804.770819494] [publish_wind_direction]: Neighbourhood size: 5
[publish_wind_direction-2] [INFO] [1749223807.663776474] [publish_wind_direction]: Publishing: "id247:W"
[publish_wind_direction-2] [INFO] [1749223812.663905879] [publish_wind_direction]: Publishing: "id247:W"
[publish_wind_direction-2] [INFO] [1749223817.663700839] [publish_wind_direction]: Publishing: "id247:W"
[publish_wind_direction-2] [INFO] [1749223818.696945468] [publish_wind_direction]: Vicon Position= [589.1337890625, -370.242919921875]
[publish_wind_direction-2] [INFO] [1749223818.699817875] [publish_wind_direction]: Neighbourhood size: 5
[publish_wind_direction-2] [INFO] [1749223822.663724965] [publish_wind_direction]: Publishing: "id247:W"
[publish_wind_direction-2] [INFO] [1749223827.663728962] [publish_wind_direction]: Publishing: "id247:W"
[publish_wind_direction-2] [INFO] [1749223832.663642348] [publish_wind_direction]: Publishing: "id247:W"
[publish_wind_direction-2] [INFO] [1749223835.434865161] [publish_wind_direction]: * Received from id192, wind direction W
[publish_wind_direction-2] [INFO] [1749223835.437847291] [publish_wind_direction]: Publisher, neighbours_by_id={'id142', 'id200', 'id1193', 'id189', 'id236'}
[publish_wind_direction-2] [INFO] [1749223839.249585918] [publish_wind_direction]: ***Cam angle= 22.256291714494367, vico ang deg= -242.453142839355 Ground Truth= 139.80314887513936
[publish_wind_direction-2] [INFO] [1749223839.252033585] [publish_wind_direction]: Publisher, Neighbourhood size: 5
[publish_wind_direction-2] [INFO] [1749223839.254398474] [publish_wind_direction]: Decision Making Triggered
[publish_wind_direction-2] [INFO] [1749223839.256757641] [publish_wind_direction]: Publisher, Neighbours Opinion: 0
[publish_wind_direction-2] [INFO] [1749223839.259322622] [publish_wind_direction]: Inside Decision Making, neighbours opinion: {}
[publish_wind_direction-2] [INFO] [1749223839.261793289] [publish_wind_direction]: Inside Decision Making, social opinions: {}
[publish_wind_direction-2] [INFO] [1749223839.266401011] [publish_wind_direction]: Publishing: "id247:N"
[publish_wind_direction-2] [INFO] [1749223839.270363807] [publish_wind_direction]: Vicon Position= [589.1337890625, -370.242919921875]
[publish_wind_direction-2] [INFO] [1749223839.272912937] [publish_wind_direction]: Neighbourhood size: 5
[publish_wind_direction-2] [INFO] [1749223842.663664620] [publish_wind_direction]: Publishing: "id247:N"
[publish_wind_direction-2] [INFO] [1749223845.320927470] [publish_wind_direction]: Vicon Position= [589.1337890625, -370.242919921875]
[publish_wind_direction-2] [INFO] [1749223845.323952748] [publish_wind_direction]: Neighbourhood size: 5
[publish_wind_direction-2] [INFO] [1749223847.663656061] [publish_wind_direction]: Publishing: "id247:N"
[publish_wind_direction-2] [INFO] [1749223852.663656744] [publish_wind_direction]: Publishing: "id247:N"
[publish_wind_direction-2] [INFO] [1749223852.992690855] [publish_wind_direction]: Vicon Position= [589.1337890625, -370.242919921875]
[publish_wind_direction-2] [INFO] [1749223852.995720040] [publish_wind_direction]: Neighbourhood size: 5
[publish_wind_direction-2] [INFO] [1749223857.663751259] [publish_wind_direction]: Publishing: "id247:N"
[publish_wind_direction-2] [INFO] [1749223862.663629590] [publish_wind_direction]: Publishing: "id247:N"
[publish_wind_direction-2] [INFO] [1749223867.663614605] [publish_wind_direction]: Publishing: "id247:N"
[publish_wind_direction-2] [INFO] [1749223872.663599991] [publish_wind_direction]: Publishing: "id247:N"
[publish_wind_direction-2] [INFO] [1749223872.851104639] [publish_wind_direction]: * Received from id195, wind direction E
[publish_wind_direction-2] [INFO] [1749223872.854123009] [publish_wind_direction]: Publisher, neighbours_by_id={'id142', 'id200', 'id1193', 'id189', 'id236'}
[publish_wind_direction-2] [INFO] [1749223876.674914655] [publish_wind_direction]: ***Cam angle= -228.25677826208988, vico ang deg= -242.453142839355 Ground Truth= 249.29007889855512
[publish_wind_direction-2] [INFO] [1749223876.677301155] [publish_wind_direction]: Publisher, Neighbourhood size: 5
[publish_wind_direction-2] [INFO] [1749223876.679673340] [publish_wind_direction]: Decision Making Triggered
[publish_wind_direction-2] [INFO] [1749223876.681983915] [publish_wind_direction]: Publisher, Neighbours Opinion: 0
[publish_wind_direction-2] [INFO] [1749223876.684360729] [publish_wind_direction]: Inside Decision Making, neighbours opinion: {}
[publish_wind_direction-2] [INFO] [1749223876.686735470] [publish_wind_direction]: Inside Decision Making, social opinions: {}
[publish_wind_direction-2] [INFO] [1749223877.663608747] [publish_wind_direction]: Publishing: "id247:E"
[publish_wind_direction-2] [INFO] [1749223882.663686337] [publish_wind_direction]: Publishing: "id247:E"
[publish_wind_direction-2] [INFO] [1749223887.663524297] [publish_wind_direction]: Publishing: "id247:E"
[publish_wind_direction-2] [INFO] [1749223892.663726053] [publish_wind_direction]: Publishing: "id247:E"
[publish_wind_direction-2] [INFO] [1749223897.663733513] [publish_wind_direction]: Publishing: "id247:E"
[publish_wind_direction-2] [INFO] [1749223902.663713269] [publish_wind_direction]: Publishing: "id247:E"
[publish_wind_direction-2] [INFO] [1749223907.663695563] [publish_wind_direction]: Publishing: "id247:E"
[publish_wind_direction-2] [INFO] [1749223912.663681041] [publish_wind_direction]: Publishing: "id247:E"
[publish_wind_direction-2] [INFO] [1749223916.480903854] [publish_wind_direction]: Vicon Position= [589.1337890625, -370.242919921875]
[publish_wind_direction-2] [INFO] [1749223916.483901761] [publish_wind_direction]: Neighbourhood size: 5
[publish_wind_direction-2] [INFO] [1749223917.663737594] [publish_wind_direction]: Publishing: "id247:E"
[publish_wind_direction-2] [INFO] [1749223922.663717887] [publish_wind_direction]: Publishing: "id247:E"
[publish_wind_direction-2] [INFO] [1749223927.663657495] [publish_wind_direction]: Publishing: "id247:E"
[publish_wind_direction-2] [INFO] [1749223928.382279828] [publish_wind_direction]: Vicon Position= [589.1337890625, -370.242919921875]
[publish_wind_direction-2] [INFO] [1749223928.385285458] [publish_wind_direction]: Neighbourhood size: 5
[publish_wind_direction-2] [INFO] [1749223932.663729715] [publish_wind_direction]: Publishing: "id247:E"
[publish_wind_direction-2] [INFO] [1749223933.771591769] [publish_wind_direction]: Vicon Position= [589.1337890625, -370.242919921875]
[publish_wind_direction-2] [INFO] [1749223933.774492566] [publish_wind_direction]: Neighbourhood size: 5
[publish_wind_direction-2] [INFO] [1749223937.663741008] [publish_wind_direction]: Publishing: "id247:E"
[publish_wind_direction-2] [INFO] [1749223941.803169357] [publish_wind_direction]: Vicon Position= [589.1337890625, -370.242919921875]
[publish_wind_direction-2] [INFO] [1749223941.806198487] [publish_wind_direction]: Neighbourhood size: 5
[publish_wind_direction-2] [INFO] [1749223942.663939209] [publish_wind_direction]: Publishing: "id247:E"
[publish_wind_direction-2] [INFO] [1749223947.663687743] [publish_wind_direction]: Publishing: "id247:E"
[publish_wind_direction-2] [INFO] [1749223952.663710869] [publish_wind_direction]: Publishing: "id247:E"
[publish_wind_direction-2] [INFO] [1749223955.498855349] [publish_wind_direction]: Vicon Position= [589.1337890625, -370.242919921875]
[publish_wind_direction-2] [INFO] [1749223955.501824405] [publish_wind_direction]: Neighbourhood size: 5
[publish_wind_direction-2] [INFO] [1749223957.663704422] [publish_wind_direction]: Publishing: "id247:E"
[publish_wind_direction-2] [INFO] [1749223958.217495847] [publish_wind_direction]: * Received from id192, wind direction S
[publish_wind_direction-2] [INFO] [1749223958.220353403] [publish_wind_direction]: Publisher, neighbours_by_id={'id142', 'id200', 'id1193', 'id189', 'id236'}
[publish_wind_direction-2] [INFO] [1749223962.232430401] [publish_wind_direction]: ***Cam angle= -129.97307810669366, vico ang deg= -242.453142839355 Ground Truth= 347.57377905395134
[publish_wind_direction-2] [INFO] [1749223962.234905308] [publish_wind_direction]: Publisher, Neighbourhood size: 5
[publish_wind_direction-2] [INFO] [1749223962.237260345] [publish_wind_direction]: Decision Making Triggered
[publish_wind_direction-2] [INFO] [1749223962.239648845] [publish_wind_direction]: Publisher, Neighbours Opinion: 0
[publish_wind_direction-2] [INFO] [1749223962.241993752] [publish_wind_direction]: Inside Decision Making, neighbours opinion: {}
[publish_wind_direction-2] [INFO] [1749223962.244359697] [publish_wind_direction]: Inside Decision Making, social opinions: {}
[publish_wind_direction-2] [INFO] [1749223962.248051067] [publish_wind_direction]: * Received from id192, wind direction S
[publish_wind_direction-2] [INFO] [1749223962.250931086] [publish_wind_direction]: Publisher, neighbours_by_id={'id142', 'id200', 'id1193', 'id189', 'id236'}
[publish_wind_direction-2] [INFO] [1749223966.247004843] [publish_wind_direction]: ***Cam angle= -999.0, vico ang deg= -242.453142839355 Ground Truth= 198.546857160645
[publish_wind_direction-2] [INFO] [1749223966.249423917] [publish_wind_direction]: Publisher, Neighbourhood size: 5
[publish_wind_direction-2] [INFO] [1749223966.251828954] [publish_wind_direction]: Decision Making Triggered
[publish_wind_direction-2] [INFO] [1749223966.254194046] [publish_wind_direction]: Publisher, Neighbours Opinion: 0
[publish_wind_direction-2] [INFO] [1749223966.256485306] [publish_wind_direction]: Inside Decision Making, neighbours opinion: {}
[publish_wind_direction-2] [INFO] [1749223966.258940769] [publish_wind_direction]: Inside Decision Making, social opinions: {}
[publish_wind_direction-2] [INFO] [1749223966.263783417] [publish_wind_direction]: Publishing: "id247:E"
[publish_wind_direction-2] [INFO] [1749223967.663637953] [publish_wind_direction]: Publishing: "id247:E"
[publish_wind_direction-2] [INFO] [1749223972.663627265] [publish_wind_direction]: Publishing: "id247:E"
[publish_wind_direction-2] [INFO] [1749223977.663841095] [publish_wind_direction]: Publishing: "id247:E"
[publish_wind_direction-2] [INFO] [1749223979.533375890] [publish_wind_direction]: Vicon Position= [589.1337890625, -370.242919921875]
[publish_wind_direction-2] [INFO] [1749223979.536298668] [publish_wind_direction]: Neighbourhood size: 5
[publish_wind_direction-2] [INFO] [1749223982.663675240] [publish_wind_direction]: Publishing: "id247:E"
[publish_wind_direction-2] [INFO] [1749223987.663593219] [publish_wind_direction]: Publishing: "id247:E"
[publish_wind_direction-2] [INFO] [1749223992.663602716] [publish_wind_direction]: Publishing: "id247:E"
[publish_wind_direction-2] [INFO] [1749223997.663706305] [publish_wind_direction]: Publishing: "id247:E"
[publish_wind_direction-2] [INFO] [1749224002.663602636] [publish_wind_direction]: Publishing: "id247:E"
[publish_wind_direction-2] [INFO] [1749224007.663604040] [publish_wind_direction]: Publishing: "id247:E"
[publish_wind_direction-2] [INFO] [1749224012.663614352] [publish_wind_direction]: Publishing: "id247:E"
[publish_wind_direction-2] [INFO] [1749224014.845752869] [publish_wind_direction]: * Received from id192, wind direction S
[publish_wind_direction-2] [INFO] [1749224014.848639054] [publish_wind_direction]: Publisher, neighbours_by_id={'id142', 'id200', 'id1193', 'id189', 'id236'}
[publish_wind_direction-2] [INFO] [1749224018.953357385] [publish_wind_direction]: ***Cam angle= -999.0, vico ang deg= -242.453142839355 Ground Truth= 198.546857160645
[publish_wind_direction-2] [INFO] [1749224018.956866978] [publish_wind_direction]: Publisher, Neighbourhood size: 5
[publish_wind_direction-2] [INFO] [1749224018.960200959] [publish_wind_direction]: Decision Making Triggered
[publish_wind_direction-2] [INFO] [1749224018.963581033] [publish_wind_direction]: Publisher, Neighbours Opinion: 0
[publish_wind_direction-2] [INFO] [1749224018.967016293] [publish_wind_direction]: Inside Decision Making, neighbours opinion: {}
[publish_wind_direction-2] [INFO] [1749224018.970294830] [publish_wind_direction]: Inside Decision Making, social opinions: {}
[publish_wind_direction-2] [INFO] [1749224018.977059626] [publish_wind_direction]: Publishing: "id247:N"
[publish_wind_direction-2] [INFO] [1749224022.663688142] [publish_wind_direction]: Publishing: "id247:N"
[publish_wind_direction-2] [INFO] [1749224027.414024269] [publish_wind_direction]: Vicon Position= [589.1337890625, -370.242919921875]
[publish_wind_direction-2] [INFO] [1749224027.417066547] [publish_wind_direction]: Neighbourhood size: 5
[publish_wind_direction-2] [INFO] [1749224027.663603732] [publish_wind_direction]: Publishing: "id247:N"
[publish_wind_direction-2] [INFO] [1749224032.663393340] [publish_wind_direction]: Publishing: "id247:N"
[publish_wind_direction-2] [INFO] [1749224033.126798192] [publish_wind_direction]: Vicon Position= [589.1337890625, -370.242919921875]
[publish_wind_direction-2] [INFO] [1749224033.129763340] [publish_wind_direction]: Neighbourhood size: 5
[publish_wind_direction-2] [INFO] [1749224036.010241542] [publish_wind_direction]: * Received from id195, wind direction S
[publish_wind_direction-2] [INFO] [1749224036.014599708] [publish_wind_direction]: Publisher, neighbours_by_id={'id142', 'id200', 'id1193', 'id189', 'id236'}
[publish_wind_direction-2] [INFO] [1749224039.996904262] [publish_wind_direction]: ***Cam angle= -214.59075606894044, vico ang deg= -242.453142839355 Ground Truth= 262.95610109170457
[publish_wind_direction-2] [INFO] [1749224040.000353614] [publish_wind_direction]: Publisher, Neighbourhood size: 5
[publish_wind_direction-2] [INFO] [1749224040.003733484] [publish_wind_direction]: Decision Making Triggered
[publish_wind_direction-2] [INFO] [1749224040.007042336] [publish_wind_direction]: Publisher, Neighbours Opinion: 0
[publish_wind_direction-2] [INFO] [1749224040.010366521] [publish_wind_direction]: Inside Decision Making, neighbours opinion: {}
[publish_wind_direction-2] [INFO] [1749224040.014186502] [publish_wind_direction]: Inside Decision Making, social opinions: {}
[publish_wind_direction-2] [INFO] [1749224040.020908317] [publish_wind_direction]: Publishing: "id247:W"
[publish_wind_direction-2] [INFO] [1749224042.663691816] [publish_wind_direction]: Publishing: "id247:W"
[publish_wind_direction-2] [INFO] [1749224047.663730979] [publish_wind_direction]: Publishing: "id247:W"
[publish_wind_direction-2] [INFO] [1749224052.663696513] [publish_wind_direction]: Publishing: "id247:W"
[publish_wind_direction-2] [INFO] [1749224053.423298994] [publish_wind_direction]: Vicon Position= [589.1337890625, -370.242919921875]
[publish_wind_direction-2] [INFO] [1749224053.426339531] [publish_wind_direction]: Neighbourhood size: 5
[publish_wind_direction-2] [INFO] [1749224057.663650603] [publish_wind_direction]: Publishing: "id247:W"
[publish_wind_direction-2] [INFO] [1749224062.663686693] [publish_wind_direction]: Publishing: "id247:W"
[publish_wind_direction-2] [INFO] [1749224064.186021007] [publish_wind_direction]: Vicon Position= [589.1337890625, -370.242919921875]
[publish_wind_direction-2] [INFO] [1749224064.188966284] [publish_wind_direction]: Neighbourhood size: 5
[publish_wind_direction-2] [INFO] [1749224067.663716819] [publish_wind_direction]: Publishing: "id247:W"
[publish_wind_direction-2] [INFO] [1749224072.664311020] [publish_wind_direction]: Publishing: "id247:W"
[publish_wind_direction-2] [INFO] [1749224074.578881760] [publish_wind_direction]: Vicon Position= [589.1337890625, -370.242919921875]
[publish_wind_direction-2] [INFO] [1749224074.581867260] [publish_wind_direction]: Neighbourhood size: 5
[publish_wind_direction-2] [INFO] [1749224077.663700628] [publish_wind_direction]: Publishing: "id247:W"
[publish_wind_direction-2] [INFO] [1749224077.721093165] [publish_wind_direction]: * Received from id192, wind direction S
[publish_wind_direction-2] [INFO] [1749224077.723967461] [publish_wind_direction]: Publisher, neighbours_by_id={'id142', 'id200', 'id1193', 'id189', 'id236'}
[publish_wind_direction-2] [INFO] [1749224081.824677607] [publish_wind_direction]: ***Cam angle= 66.9162277528178, vico ang deg= -242.453142839355 Ground Truth= 184.4630849134628
[publish_wind_direction-2] [INFO] [1749224081.827138922] [publish_wind_direction]: Publisher, Neighbourhood size: 5
[publish_wind_direction-2] [INFO] [1749224081.829509107] [publish_wind_direction]: Decision Making Triggered
[publish_wind_direction-2] [INFO] [1749224081.831913626] [publish_wind_direction]: Publisher, Neighbours Opinion: 0
[publish_wind_direction-2] [INFO] [1749224081.834297774] [publish_wind_direction]: Inside Decision Making, neighbours opinion: {}
[publish_wind_direction-2] [INFO] [1749224081.836852515] [publish_wind_direction]: Inside Decision Making, social opinions: {}
[publish_wind_direction-2] [INFO] [1749224082.663822533] [publish_wind_direction]: Publishing: "id247:S"
[publish_wind_direction-2] [INFO] [1749224082.685847236] [publish_wind_direction]: Vicon Position= [589.1337890625, -370.242919921875]
[publish_wind_direction-2] [INFO] [1749224082.688606421] [publish_wind_direction]: Neighbourhood size: 5
[publish_wind_direction-2] [INFO] [1749224084.264466124] [publish_wind_direction]: * Received from id192, wind direction S
[publish_wind_direction-2] [INFO] [1749224084.267300291] [publish_wind_direction]: Publisher, neighbours_by_id={'id142', 'id200', 'id1193', 'id189', 'id236'}
[publish_wind_direction-2] [INFO] [1749224088.186559788] [publish_wind_direction]: ***Cam angle= -12.19257601960689, vico ang deg= -242.453142839355 Ground Truth= 105.35428114103811
[publish_wind_direction-2] [INFO] [1749224088.188975251] [publish_wind_direction]: Publisher, Neighbourhood size: 5
[publish_wind_direction-2] [INFO] [1749224088.191391177] [publish_wind_direction]: Decision Making Triggered
[publish_wind_direction-2] [INFO] [1749224088.193749900] [publish_wind_direction]: Publisher, Neighbours Opinion: 0
[publish_wind_direction-2] [INFO] [1749224088.196155992] [publish_wind_direction]: Inside Decision Making, neighbours opinion: {}
[publish_wind_direction-2] [INFO] [1749224088.198542511] [publish_wind_direction]: Inside Decision Making, social opinions: {}
[publish_wind_direction-2] [INFO] [1749224088.203142788] [publish_wind_direction]: Publishing: "id247:E"
[publish_wind_direction-2] [INFO] [1749224092.663602564] [publish_wind_direction]: Publishing: "id247:E"
[publish_wind_direction-2] [INFO] [1749224097.663650153] [publish_wind_direction]: Publishing: "id247:E"
[publish_wind_direction-2] [INFO] [1749224102.663585132] [publish_wind_direction]: Publishing: "id247:E"
[publish_wind_direction-2] [INFO] [1749224107.663626777] [publish_wind_direction]: Publishing: "id247:E"
[publish_wind_direction-2] [INFO] [1749224112.663605848] [publish_wind_direction]: Publishing: "id247:E"
[publish_wind_direction-2] [INFO] [1749224117.214330216] [publish_wind_direction]: Vicon Position= [589.1337890625, -370.242919921875]
[publish_wind_direction-2] [INFO] [1749224117.217194493] [publish_wind_direction]: Neighbourhood size: 5
[publish_wind_direction-2] [INFO] [1749224117.663724919] [publish_wind_direction]: Publishing: "id247:E"
[publish_wind_direction-2] [INFO] [1749224120.486798084] [publish_wind_direction]: Vicon Position= [589.1337890625, -370.242919921875]
[publish_wind_direction-2] [INFO] [1749224120.489794010] [publish_wind_direction]: Neighbourhood size: 5
[publish_wind_direction-2] [INFO] [1749224122.663734361] [publish_wind_direction]: Publishing: "id247:E"
[publish_wind_direction-2] [INFO] [1749224124.041877971] [publish_wind_direction]: * Received from id192, wind direction S
[publish_wind_direction-2] [INFO] [1749224124.044614823] [publish_wind_direction]: Publisher, neighbours_by_id={'id142', 'id200', 'id1193', 'id189', 'id236'}
[publish_wind_direction-2] [INFO] [1749224127.874948876] [publish_wind_direction]: ***Cam angle= -85.6808322959393, vico ang deg= -242.453142839355 Ground Truth= 31.866024864705707
[publish_wind_direction-2] [INFO] [1749224127.877327894] [publish_wind_direction]: Publisher, Neighbourhood size: 5
[publish_wind_direction-2] [INFO] [1749224127.879701043] [publish_wind_direction]: Decision Making Triggered
[publish_wind_direction-2] [INFO] [1749224127.882019024] [publish_wind_direction]: Publisher, Neighbours Opinion: 0
[publish_wind_direction-2] [INFO] [1749224127.884398802] [publish_wind_direction]: Inside Decision Making, neighbours opinion: {}
[publish_wind_direction-2] [INFO] [1749224127.886789635] [publish_wind_direction]: Inside Decision Making, social opinions: {}
[publish_wind_direction-2] [INFO] [1749224127.891345691] [publish_wind_direction]: Publishing: "id247:W"
[publish_wind_direction-2] [INFO] [1749224127.894111376] [publish_wind_direction]: * Received from id192, wind direction E
[publish_wind_direction-2] [INFO] [1749224127.896517820] [publish_wind_direction]: Publisher, neighbours_by_id={'id142', 'id200', 'id1193', 'id189', 'id236'}
[publish_wind_direction-2] [INFO] [1749224131.649831151] [publish_wind_direction]: ***Cam angle= -87.71588503542104, vico ang deg= -242.453142839355 Ground Truth= 29.83097212522398
[publish_wind_direction-2] [INFO] [1749224131.652285170] [publish_wind_direction]: Publisher, Neighbourhood size: 5
[publish_wind_direction-2] [INFO] [1749224131.654675596] [publish_wind_direction]: Decision Making Triggered
[publish_wind_direction-2] [INFO] [1749224131.656901429] [publish_wind_direction]: Publisher, Neighbours Opinion: 0
[publish_wind_direction-2] [INFO] [1749224131.659314374] [publish_wind_direction]: Inside Decision Making, neighbours opinion: {}
[publish_wind_direction-2] [INFO] [1749224131.661677077] [publish_wind_direction]: Inside Decision Making, social opinions: {}
[publish_wind_direction-2] [INFO] [1749224132.663743929] [publish_wind_direction]: Publishing: "id247:W"
[publish_wind_direction-2] [INFO] [1749224137.663713518] [publish_wind_direction]: Publishing: "id247:W"
[publish_wind_direction-2] [INFO] [1749224139.999072628] [publish_wind_direction]: * Received from id136, wind direction W
[publish_wind_direction-2] [INFO] [1749224140.002042461] [publish_wind_direction]: Publisher, neighbours_by_id={'id142', 'id200', 'id1193', 'id189', 'id236'}
[publish_wind_direction-2] [INFO] [1749224143.896277866] [publish_wind_direction]: ***Cam angle= -999.0, vico ang deg= -242.453142839355 Ground Truth= 198.546857160645
[publish_wind_direction-2] [INFO] [1749224143.898701348] [publish_wind_direction]: Publisher, Neighbourhood size: 5
[publish_wind_direction-2] [INFO] [1749224143.901046311] [publish_wind_direction]: Decision Making Triggered
[publish_wind_direction-2] [INFO] [1749224143.903429311] [publish_wind_direction]: Publisher, Neighbours Opinion: 0
[publish_wind_direction-2] [INFO] [1749224143.905791126] [publish_wind_direction]: Inside Decision Making, neighbours opinion: {}
[publish_wind_direction-2] [INFO] [1749224143.908161885] [publish_wind_direction]: Inside Decision Making, social opinions: {}
[publish_wind_direction-2] [INFO] [1749224143.912934792] [publish_wind_direction]: Publishing: "id247:E"
[publish_wind_direction-2] [INFO] [1749224145.730168625] [publish_wind_direction]: Vicon Position= [589.1337890625, -370.242919921875]
[publish_wind_direction-2] [INFO] [1749224145.733344995] [publish_wind_direction]: Neighbourhood size: 5
[publish_wind_direction-2] [INFO] [1749224146.807593568] [publish_wind_direction]: * Received from id195, wind direction S
[publish_wind_direction-2] [INFO] [1749224146.810428976] [publish_wind_direction]: Publisher, neighbours_by_id={'id142', 'id200', 'id1193', 'id189', 'id236'}
[publish_wind_direction-2] [INFO] [1749224150.750019992] [publish_wind_direction]: ***Cam angle= -999.0, vico ang deg= -242.453142839355 Ground Truth= 198.546857160645
[publish_wind_direction-2] [INFO] [1749224150.753331233] [publish_wind_direction]: Publisher, Neighbourhood size: 5
[publish_wind_direction-2] [INFO] [1749224150.756813436] [publish_wind_direction]: Decision Making Triggered
[publish_wind_direction-2] [INFO] [1749224150.760296622] [publish_wind_direction]: Publisher, Neighbours Opinion: 0
[publish_wind_direction-2] [INFO] [1749224150.763750455] [publish_wind_direction]: Inside Decision Making, neighbours opinion: {}
[publish_wind_direction-2] [INFO] [1749224150.767556696] [publish_wind_direction]: Inside Decision Making, social opinions: {}
[publish_wind_direction-2] [INFO] [1749224150.774465455] [publish_wind_direction]: Publishing: "id247:E"
[publish_wind_direction-2] [INFO] [1749224150.778481899] [publish_wind_direction]: * Received from id136, wind direction W
[publish_wind_direction-2] [INFO] [1749224150.781897751] [publish_wind_direction]: Publisher, neighbours_by_id={'id142', 'id200', 'id1193', 'id189', 'id236'}
[publish_wind_direction-2] [INFO] [1749224154.650031934] [publish_wind_direction]: ***Cam angle= -999.0, vico ang deg= -242.453142839355 Ground Truth= 198.546857160645
[publish_wind_direction-2] [INFO] [1749224154.652460323] [publish_wind_direction]: Publisher, Neighbourhood size: 5
[publish_wind_direction-2] [INFO] [1749224154.654821286] [publish_wind_direction]: Decision Making Triggered
[publish_wind_direction-2] [INFO] [1749224154.657131471] [publish_wind_direction]: Publisher, Neighbours Opinion: 0
[publish_wind_direction-2] [INFO] [1749224154.659495490] [publish_wind_direction]: Inside Decision Making, neighbours opinion: {}
[publish_wind_direction-2] [INFO] [1749224154.661800249] [publish_wind_direction]: Inside Decision Making, social opinions: {}
[publish_wind_direction-2] [INFO] [1749224154.666337897] [publish_wind_direction]: Publishing: "id247:W"
[publish_wind_direction-2] [INFO] [1749224157.664092599] [publish_wind_direction]: Publishing: "id247:W"
[publish_wind_direction-2] [INFO] [1749224162.663609800] [publish_wind_direction]: Publishing: "id247:W"
[publish_wind_direction-2] [INFO] [1749224167.663625852] [publish_wind_direction]: Publishing: "id247:W"
[publish_wind_direction-2] [INFO] [1749224168.872848314] [publish_wind_direction]: Vicon Position= [589.1337890625, -370.242919921875]
[publish_wind_direction-2] [INFO] [1749224168.875795000] [publish_wind_direction]: Neighbourhood size: 5
[publish_wind_direction-2] [INFO] [1749224169.431743610] [publish_wind_direction]: * Received from id136, wind direction W
[publish_wind_direction-2] [INFO] [1749224169.434456407] [publish_wind_direction]: Publisher, neighbours_by_id={'id142', 'id200', 'id1193', 'id189', 'id236'}
[publish_wind_direction-2] [INFO] [1749224173.296723830] [publish_wind_direction]: ***Cam angle= -999.0, vico ang deg= -242.453142839355 Ground Truth= 198.546857160645
[publish_wind_direction-2] [INFO] [1749224173.299137923] [publish_wind_direction]: Publisher, Neighbourhood size: 5
[publish_wind_direction-2] [INFO] [1749224173.301453886] [publish_wind_direction]: Decision Making Triggered
[publish_wind_direction-2] [INFO] [1749224173.303833201] [publish_wind_direction]: Publisher, Neighbours Opinion: 0
[publish_wind_direction-2] [INFO] [1749224173.306202256] [publish_wind_direction]: Inside Decision Making, neighbours opinion: {}
[publish_wind_direction-2] [INFO] [1749224173.308716645] [publish_wind_direction]: Inside Decision Making, social opinions: {}
[publish_wind_direction-2] [INFO] [1749224173.313524145] [publish_wind_direction]: Publishing: "id247:W"
[publish_wind_direction-2] [INFO] [1749224177.663941383] [publish_wind_direction]: Publishing: "id247:W"
[publish_wind_direction-2] [INFO] [1749224179.654535308] [publish_wind_direction]: Vicon Position= [589.1337890625, -370.242919921875]
[publish_wind_direction-2] [INFO] [1749224179.658308308] [publish_wind_direction]: Neighbourhood size: 5
[publish_wind_direction-2] [INFO] [1749224182.663699306] [publish_wind_direction]: Publishing: "id247:W"
[publish_wind_direction-2] [INFO] [1749224187.663664025] [publish_wind_direction]: Publishing: "id247:W"
[publish_wind_direction-2] [INFO] [1749224190.315744117] [publish_wind_direction]: Vicon Position= [589.1337890625, -370.242919921875]
[publish_wind_direction-2] [INFO] [1749224190.318630357] [publish_wind_direction]: Neighbourhood size: 5
[publish_wind_direction-2] [INFO] [1749224192.663715708] [publish_wind_direction]: Publishing: "id247:W"
[publish_wind_direction-2] [INFO] [1749224197.663683742] [publish_wind_direction]: Publishing: "id247:W"
[publish_wind_direction-2] [INFO] [1749224202.664070739] [publish_wind_direction]: Publishing: "id247:W"
[publish_wind_direction-2] [INFO] [1749224207.663833254] [publish_wind_direction]: Publishing: "id247:W"
[publish_wind_direction-2] [INFO] [1749224212.663715955] [publish_wind_direction]: Publishing: "id247:W"
[publish_wind_direction-2] [INFO] [1749224215.682537546] [publish_wind_direction]: * Received from id136, wind direction W
[publish_wind_direction-2] [INFO] [1749224215.685339824] [publish_wind_direction]: Publisher, neighbours_by_id={'id142', 'id200', 'id1193', 'id189', 'id236'}
[publish_wind_direction-2] [INFO] [1749224219.455770729] [publish_wind_direction]: ***Cam angle= 27.259804742910802, vico ang deg= -242.453142839355 Ground Truth= 144.8066619035558
[publish_wind_direction-2] [INFO] [1749224219.458154895] [publish_wind_direction]: Publisher, Neighbourhood size: 5
[publish_wind_direction-2] [INFO] [1749224219.460532451] [publish_wind_direction]: Decision Making Triggered
[publish_wind_direction-2] [INFO] [1749224219.462895377] [publish_wind_direction]: Publisher, Neighbours Opinion: 0
[publish_wind_direction-2] [INFO] [1749224219.465243932] [publish_wind_direction]: Inside Decision Making, neighbours opinion: {}
[publish_wind_direction-2] [INFO] [1749224219.467594340] [publish_wind_direction]: Inside Decision Making, social opinions: {}
[publish_wind_direction-2] [INFO] [1749224219.472166118] [publish_wind_direction]: Publishing: "id247:W"
[publish_wind_direction-2] [INFO] [1749224219.476142895] [publish_wind_direction]: Vicon Position= [589.1337890625, -370.242919921875]
[publish_wind_direction-2] [INFO] [1749224219.478702303] [publish_wind_direction]: Neighbourhood size: 5
[publish_wind_direction-2] [INFO] [1749224219.481477136] [publish_wind_direction]: * Received from id136, wind direction W
[publish_wind_direction-2] [INFO] [1749224219.483883766] [publish_wind_direction]: Publisher, neighbours_by_id={'id142', 'id200', 'id1193', 'id189', 'id236'}
[publish_wind_direction-2] [INFO] [1749224223.207087319] [publish_wind_direction]: ***Cam angle= -164.1117673774129, vico ang deg= -242.453142839355 Ground Truth= 313.4350897832321
[publish_wind_direction-2] [INFO] [1749224223.209447152] [publish_wind_direction]: Publisher, Neighbourhood size: 5
[publish_wind_direction-2] [INFO] [1749224223.211867189] [publish_wind_direction]: Decision Making Triggered
[publish_wind_direction-2] [INFO] [1749224223.214182060] [publish_wind_direction]: Publisher, Neighbours Opinion: 0
[publish_wind_direction-2] [INFO] [1749224223.216543356] [publish_wind_direction]: Inside Decision Making, neighbours opinion: {}
[publish_wind_direction-2] [INFO] [1749224223.218878652] [publish_wind_direction]: Inside Decision Making, social opinions: {}
[publish_wind_direction-2] [INFO] [1749224223.223404171] [publish_wind_direction]: Publishing: "id247:S"
[publish_wind_direction-2] [INFO] [1749224225.250411596] [publish_wind_direction]: Vicon Position= [589.1337890625, -370.242919921875]
[publish_wind_direction-2] [INFO] [1749224225.253458503] [publish_wind_direction]: Neighbourhood size: 5
[publish_wind_direction-2] [INFO] [1749224227.663615835] [publish_wind_direction]: Publishing: "id247:S"
[publish_wind_direction-2] [INFO] [1749224232.663659832] [publish_wind_direction]: Publishing: "id247:S"
[publish_wind_direction-2] [INFO] [1749224237.138958052] [publish_wind_direction]: * Received from id136, wind direction W
[publish_wind_direction-2] [INFO] [1749224237.141926829] [publish_wind_direction]: Publisher, neighbours_by_id={'id142', 'id200', 'id1193', 'id189', 'id236'}
[publish_wind_direction-2] [INFO] [1749224240.906456401] [publish_wind_direction]: ***Cam angle= -193.9227123462519, vico ang deg= -242.453142839355 Ground Truth= 283.6241448143931
[publish_wind_direction-2] [INFO] [1749224240.908965660] [publish_wind_direction]: Publisher, Neighbourhood size: 5
[publish_wind_direction-2] [INFO] [1749224240.911370716] [publish_wind_direction]: Decision Making Triggered
[publish_wind_direction-2] [INFO] [1749224240.913911679] [publish_wind_direction]: Publisher, Neighbours Opinion: 0
[publish_wind_direction-2] [INFO] [1749224240.916440568] [publish_wind_direction]: Inside Decision Making, neighbours opinion: {}
[publish_wind_direction-2] [INFO] [1749224240.918912957] [publish_wind_direction]: Inside Decision Making, social opinions: {}
[publish_wind_direction-2] [INFO] [1749224240.923654086] [publish_wind_direction]: Publishing: "id247:W"
[publish_wind_direction-2] [INFO] [1749224242.663608733] [publish_wind_direction]: Publishing: "id247:W"
[publish_wind_direction-2] [INFO] [1749224247.663601749] [publish_wind_direction]: Publishing: "id247:W"
[publish_wind_direction-2] [INFO] [1749224250.441872784] [publish_wind_direction]: Vicon Position= [589.1337890625, -370.242919921875]
[publish_wind_direction-2] [INFO] [1749224250.444814729] [publish_wind_direction]: Neighbourhood size: 5
[publish_wind_direction-2] [INFO] [1749224252.663675598] [publish_wind_direction]: Publishing: "id247:W"
[publish_wind_direction-2] [INFO] [1749224257.663632039] [publish_wind_direction]: Publishing: "id247:W"
[publish_wind_direction-2] [INFO] [1749224257.960960002] [publish_wind_direction]: * Received from id136, wind direction W
[publish_wind_direction-2] [INFO] [1749224257.963827428] [publish_wind_direction]: Publisher, neighbours_by_id={'id142', 'id200', 'id1193', 'id189', 'id236'}
[publish_wind_direction-2] [INFO] [1749224261.778436704] [publish_wind_direction]: ***Cam angle= -128.8508449863485, vico ang deg= -242.453142839355 Ground Truth= 348.69601217429647
[publish_wind_direction-2] [INFO] [1749224261.780804648] [publish_wind_direction]: Publisher, Neighbourhood size: 5
[publish_wind_direction-2] [INFO] [1749224261.783156092] [publish_wind_direction]: Decision Making Triggered
[publish_wind_direction-2] [INFO] [1749224261.785451629] [publish_wind_direction]: Publisher, Neighbours Opinion: 0
[publish_wind_direction-2] [INFO] [1749224261.787815926] [publish_wind_direction]: Inside Decision Making, neighbours opinion: {}
[publish_wind_direction-2] [INFO] [1749224261.790133148] [publish_wind_direction]: Inside Decision Making, social opinions: {}
[publish_wind_direction-2] [INFO] [1749224261.793825259] [publish_wind_direction]: * Received from id136, wind direction W
[publish_wind_direction-2] [INFO] [1749224261.796449407] [publish_wind_direction]: Publisher, neighbours_by_id={'id142', 'id200', 'id1193', 'id189', 'id236'}
[publish_wind_direction-2] [INFO] [1749224265.596466646] [publish_wind_direction]: ***Cam angle= 8.573784630104058, vico ang deg= -242.453142839355 Ground Truth= 126.12064179074906
[publish_wind_direction-2] [INFO] [1749224265.599046979] [publish_wind_direction]: Publisher, Neighbourhood size: 5
[publish_wind_direction-2] [INFO] [1749224265.601406349] [publish_wind_direction]: Decision Making Triggered
[publish_wind_direction-2] [INFO] [1749224265.603813961] [publish_wind_direction]: Publisher, Neighbours Opinion: 0
[publish_wind_direction-2] [INFO] [1749224265.606193923] [publish_wind_direction]: Inside Decision Making, neighbours opinion: {}
[publish_wind_direction-2] [INFO] [1749224265.608573146] [publish_wind_direction]: Inside Decision Making, social opinions: {}
[publish_wind_direction-2] [INFO] [1749224265.613132423] [publish_wind_direction]: Publishing: "id247:N"
[publish_wind_direction-2] [INFO] [1749224265.616182516] [publish_wind_direction]: * Received from id195, wind direction S
[publish_wind_direction-2] [INFO] [1749224265.618610979] [publish_wind_direction]: Publisher, neighbours_by_id={'id142', 'id200', 'id1193', 'id189', 'id236'}
[publish_wind_direction-2] [INFO] [1749224269.380218718] [publish_wind_direction]: ***Cam angle= -38.10412472469854, vico ang deg= -242.453142839355 Ground Truth= 79.44273243594648
[publish_wind_direction-2] [INFO] [1749224269.382650606] [publish_wind_direction]: Publisher, Neighbourhood size: 5
[publish_wind_direction-2] [INFO] [1749224269.384998477] [publish_wind_direction]: Decision Making Triggered
[publish_wind_direction-2] [INFO] [1749224269.387395773] [publish_wind_direction]: Publisher, Neighbours Opinion: 0
[publish_wind_direction-2] [INFO] [1749224269.389768995] [publish_wind_direction]: Inside Decision Making, neighbours opinion: {}
[publish_wind_direction-2] [INFO] [1749224269.392153143] [publish_wind_direction]: Inside Decision Making, social opinions: {}
[publish_wind_direction-2] [INFO] [1749224269.396715347] [publish_wind_direction]: Publishing: "id247:W"
[publish_wind_direction-2] [INFO] [1749224272.663588660] [publish_wind_direction]: Publishing: "id247:W"
[publish_wind_direction-2] [INFO] [1749224277.663615694] [publish_wind_direction]: Publishing: "id247:W"
[publish_wind_direction-2] [INFO] [1749224277.848214953] [publish_wind_direction]: Vicon Position= [589.1337890625, -370.242919921875]
[publish_wind_direction-2] [INFO] [1749224277.851280157] [publish_wind_direction]: Neighbourhood size: 5
[publish_wind_direction-2] [INFO] [1749224282.663720599] [publish_wind_direction]: Publishing: "id247:W"
[publish_wind_direction-2] [INFO] [1749224287.663084021] [publish_wind_direction]: Raising exception
[publish_wind_direction-2] [INFO] [1749224287.665926133] [publish_wind_direction]: Publisher stopping, exception
[INFO] [publish_wind_direction-2]: process has finished cleanly [pid 863]
[random_robot_move-1] [INFO] [1749224296.355353238] [random_robot_move]: Exception, shutting down
