[INFO] [launch]: All log files can be found below /home/thymio/.ros/log/2025-06-04-15-20-08-258436-thymio-822
[INFO] [launch]: Default logging verbosity is set to INFO
[INFO] [random_robot_move-1]: process started with pid [844]
[INFO] [publish_wind_direction-2]: process started with pid [846]
[publish_wind_direction-2] /usr/lib/python3/dist-packages/scipy/__init__.py:146: UserWarning: A NumPy version >=1.17.3 and <1.25.0 is required for this version of SciPy (detected version 1.26.4
[publish_wind_direction-2]   warnings.warn(f"A NumPy version >={np_minversion} and <{np_maxversion}"
[random_robot_move-1] [INFO] [1749050415.165217333] [random_robot_move]: Robot Control Node started.
[publish_wind_direction-2] [INFO] [1749050417.258882552] [publish_wind_direction]: Publishing: "id194:S"
[publish_wind_direction-2] [INFO] [1749050421.999781098] [publish_wind_direction]: ***Cam angle= -161.19711269715782, vico ang deg= 0.0 Ground Truth= 198.80288730284218
[publish_wind_direction-2] [INFO] [1749050422.002255803] [publish_wind_direction]: ***Corrected Wind Direction= S
[publish_wind_direction-2] [INFO] [1749050422.128161831] [publish_wind_direction]: Publishing: "id194:S"
[publish_wind_direction-2] [INFO] [1749050426.487875493] [publish_wind_direction]: ***Cam angle= -149.36274562718907, vico ang deg= 0.0 Ground Truth= 210.63725437281093
[publish_wind_direction-2] [INFO] [1749050426.490554449] [publish_wind_direction]: ***Corrected Wind Direction= S
[publish_wind_direction-2] [INFO] [1749050427.127861464] [publish_wind_direction]: Publishing: "id194:S"
[publish_wind_direction-2] [INFO] [1749050431.511135929] [publish_wind_direction]: ***Cam angle= -155.13312203631585, vico ang deg= 0.0 Ground Truth= 204.86687796368415
[publish_wind_direction-2] [INFO] [1749050431.513723698] [publish_wind_direction]: ***Corrected Wind Direction= S
[publish_wind_direction-2] [INFO] [1749050432.129919366] [publish_wind_direction]: Publishing: "id194:S"
[publish_wind_direction-2] [INFO] [1749050436.712055285] [publish_wind_direction]: ***Cam angle= -68.54265199746213, vico ang deg= 0.0 Ground Truth= 291.45734800253786
[publish_wind_direction-2] [INFO] [1749050436.714706716] [publish_wind_direction]: ***Corrected Wind Direction= E
[publish_wind_direction-2] [INFO] [1749050437.127549915] [publish_wind_direction]: Publishing: "id194:S"
[publish_wind_direction-2] [INFO] [1749050441.094127643] [publish_wind_direction]: ***Cam angle= -999.0, vico ang deg= 0.0 Ground Truth= 81.0
[publish_wind_direction-2] [INFO] [1749050441.098584168] [publish_wind_direction]: ***Corrected Wind Direction= W
[publish_wind_direction-2] [INFO] [1749050442.132767796] [publish_wind_direction]: Publishing: "id194:S"
[publish_wind_direction-2] [INFO] [1749050445.915436700] [publish_wind_direction]: ***Cam angle= -57.08853380480525, vico ang deg= 0.0 Ground Truth= 302.91146619519475
[publish_wind_direction-2] [INFO] [1749050445.917881815] [publish_wind_direction]: ***Corrected Wind Direction= E
[publish_wind_direction-2] [INFO] [1749050447.128650980] [publish_wind_direction]: Publishing: "id194:S"
[publish_wind_direction-2] [INFO] [1749050451.208604529] [publish_wind_direction]: ***Cam angle= -156.98171497405292, vico ang deg= 0.0 Ground Truth= 203.01828502594708
[publish_wind_direction-2] [INFO] [1749050451.211180441] [publish_wind_direction]: ***Corrected Wind Direction= S
[publish_wind_direction-2] [INFO] [1749050452.127665873] [publish_wind_direction]: Publishing: "id194:S"
[publish_wind_direction-2] [INFO] [1749050455.890649063] [publish_wind_direction]: ***Cam angle= -4.162202688975782, vico ang deg= 0.0 Ground Truth= 355.83779731102425
[publish_wind_direction-2] [INFO] [1749050455.893101457] [publish_wind_direction]: ***Corrected Wind Direction= N
[publish_wind_direction-2] [INFO] [1749050457.127671612] [publish_wind_direction]: Publishing: "id194:S"
[publish_wind_direction-2] [INFO] [1749050460.840956374] [publish_wind_direction]: ***Cam angle= -45.186425470420595, vico ang deg= 0.0 Ground Truth= 314.8135745295794
[publish_wind_direction-2] [INFO] [1749050460.843538213] [publish_wind_direction]: ***Corrected Wind Direction= E
[publish_wind_direction-2] [INFO] [1749050462.127732539] [publish_wind_direction]: Publishing: "id194:S"
[publish_wind_direction-2] [INFO] [1749050465.874198150] [publish_wind_direction]: ***Cam angle= -104.26692082455484, vico ang deg= 0.0 Ground Truth= 255.73307917544514
[publish_wind_direction-2] [INFO] [1749050465.876651595] [publish_wind_direction]: ***Corrected Wind Direction= E
[publish_wind_direction-2] [INFO] [1749050467.127847551] [publish_wind_direction]: Publishing: "id194:S"
[publish_wind_direction-2] [INFO] [1749050471.156552199] [publish_wind_direction]: ***Cam angle= -123.23202961189126, vico ang deg= 0.0 Ground Truth= 236.76797038810872
[publish_wind_direction-2] [INFO] [1749050471.159090759] [publish_wind_direction]: ***Corrected Wind Direction= E
[publish_wind_direction-2] [INFO] [1749050472.127828063] [publish_wind_direction]: Publishing: "id194:S"
[publish_wind_direction-2] [INFO] [1749050475.855238318] [publish_wind_direction]: ***Cam angle= -58.403064193749174, vico ang deg= 0.0 Ground Truth= 301.5969358062508
[publish_wind_direction-2] [INFO] [1749050475.857788099] [publish_wind_direction]: ***Corrected Wind Direction= E
[publish_wind_direction-2] [INFO] [1749050477.127879355] [publish_wind_direction]: Publishing: "id194:S"
[publish_wind_direction-2] [INFO] [1749050480.911961929] [publish_wind_direction]: ***Cam angle= -119.18511299541959, vico ang deg= 0.0 Ground Truth= 240.8148870045804
[publish_wind_direction-2] [INFO] [1749050480.915437972] [publish_wind_direction]: ***Corrected Wind Direction= E
[publish_wind_direction-2] [INFO] [1749050482.128139343] [publish_wind_direction]: Publishing: "id194:S"
[publish_wind_direction-2] [INFO] [1749050486.138466295] [publish_wind_direction]: ***Cam angle= -153.6785623198781, vico ang deg= 0.0 Ground Truth= 206.3214376801219
[publish_wind_direction-2] [INFO] [1749050486.141039412] [publish_wind_direction]: ***Corrected Wind Direction= S
[publish_wind_direction-2] [INFO] [1749050487.128122966] [publish_wind_direction]: Publishing: "id194:S"
[publish_wind_direction-2] [INFO] [1749050490.848363730] [publish_wind_direction]: ***Cam angle= -145.71387449530897, vico ang deg= 0.0 Ground Truth= 214.28612550469103
[publish_wind_direction-2] [INFO] [1749050490.852035893] [publish_wind_direction]: ***Corrected Wind Direction= S
[publish_wind_direction-2] [INFO] [1749050492.128182253] [publish_wind_direction]: Publishing: "id194:S"
[publish_wind_direction-2] [INFO] [1749050495.821831624] [publish_wind_direction]: ***Cam angle= -159.2675704795452, vico ang deg= 0.0 Ground Truth= 200.7324295204548
[publish_wind_direction-2] [INFO] [1749050495.824254519] [publish_wind_direction]: ***Corrected Wind Direction= S
[publish_wind_direction-2] [INFO] [1749050497.128150437] [publish_wind_direction]: Publishing: "id194:S"
[publish_wind_direction-2] [INFO] [1749050501.106922667] [publish_wind_direction]: ***Cam angle= -136.94255202626954, vico ang deg= 0.0 Ground Truth= 223.05744797373046
[publish_wind_direction-2] [INFO] [1749050501.110406714] [publish_wind_direction]: ***Corrected Wind Direction= S
[publish_wind_direction-2] [INFO] [1749050502.128407617] [publish_wind_direction]: Publishing: "id194:S"
[publish_wind_direction-2] [INFO] [1749050505.853560982] [publish_wind_direction]: ***Cam angle= -269.88772920037513, vico ang deg= 0.0 Ground Truth= 90.11227079962487
[publish_wind_direction-2] [INFO] [1749050505.856023060] [publish_wind_direction]: ***Corrected Wind Direction= W
[publish_wind_direction-2] [INFO] [1749050507.128017385] [publish_wind_direction]: Publishing: "id194:S"
[publish_wind_direction-2] [INFO] [1749050510.891938839] [publish_wind_direction]: ***Cam angle= -1.8961901194417834, vico ang deg= 0.0 Ground Truth= 358.10380988055823
[publish_wind_direction-2] [INFO] [1749050510.894446717] [publish_wind_direction]: ***Corrected Wind Direction= N
[publish_wind_direction-2] [INFO] [1749050512.128021992] [publish_wind_direction]: Publishing: "id194:S"
[publish_wind_direction-2] [INFO] [1749050515.877422649] [publish_wind_direction]: ***Cam angle= 24.554085590928437, vico ang deg= 0.0 Ground Truth= 24.554085590928437
[publish_wind_direction-2] [INFO] [1749050515.880848028] [publish_wind_direction]: ***Corrected Wind Direction= N
[publish_wind_direction-2] [INFO] [1749050517.128182340] [publish_wind_direction]: Publishing: "id194:S"
[publish_wind_direction-2] [INFO] [1749050521.104901600] [publish_wind_direction]: ***Cam angle= -59.17595937948508, vico ang deg= 0.0 Ground Truth= 300.8240406205149
[publish_wind_direction-2] [INFO] [1749050521.107389938] [publish_wind_direction]: ***Corrected Wind Direction= E
[publish_wind_direction-2] [INFO] [1749050522.128068018] [publish_wind_direction]: Publishing: "id194:S"
[publish_wind_direction-2] [INFO] [1749050526.027452355] [publish_wind_direction]: ***Cam angle= -125.76521056303864, vico ang deg= 0.0 Ground Truth= 234.23478943696136
[publish_wind_direction-2] [INFO] [1749050526.030945393] [publish_wind_direction]: ***Corrected Wind Direction= E
[publish_wind_direction-2] [INFO] [1749050527.127945410] [publish_wind_direction]: Publishing: "id194:S"
[publish_wind_direction-2] [INFO] [1749050530.825750687] [publish_wind_direction]: ***Cam angle= -140.14198990938036, vico ang deg= 0.0 Ground Truth= 219.85801009061964
[publish_wind_direction-2] [INFO] [1749050530.828234681] [publish_wind_direction]: ***Corrected Wind Direction= S
[publish_wind_direction-2] [INFO] [1749050532.128212602] [publish_wind_direction]: Publishing: "id194:S"
[publish_wind_direction-2] [INFO] [1749050536.435667868] [publish_wind_direction]: ***Cam angle= -147.95770852393662, vico ang deg= 0.0 Ground Truth= 212.04229147606338
[publish_wind_direction-2] [INFO] [1749050536.439159008] [publish_wind_direction]: ***Corrected Wind Direction= S
[publish_wind_direction-2] [INFO] [1749050537.128172500] [publish_wind_direction]: Publishing: "id194:S"
[publish_wind_direction-2] [INFO] [1749050540.896237894] [publish_wind_direction]: ***Cam angle= -999.0, vico ang deg= 0.0 Ground Truth= 81.0
[publish_wind_direction-2] [INFO] [1749050540.899745389] [publish_wind_direction]: ***Corrected Wind Direction= W
[publish_wind_direction-2] [INFO] [1749050540.906500875] [publish_wind_direction]: w=0.6545 x_rot=-0.2526  y_rot=-0.6581 z_rot=-0.2733
[publish_wind_direction-2] [INFO] [1749050540.910257467] [publish_wind_direction]: Vicon Yaw Rads= -2.0530698988734257
[publish_wind_direction-2] [INFO] [1749050540.913711279] [publish_wind_direction]: ** Vicon Yaw Degrees= -117.63224025079802
[publish_wind_direction-2] [INFO] [1749050540.917140168] [publish_wind_direction]: Vicon Position= [-230.28150939941406, 768.3153686523438]
[publish_wind_direction-2] [INFO] [1749050540.920698049] [publish_wind_direction]: Neighbourhood size: 3
[publish_wind_direction-2] [INFO] [1749050542.128247085] [publish_wind_direction]: Publishing: "id194:S"
[publish_wind_direction-2] [INFO] [1749050545.870488531] [publish_wind_direction]: ***Cam angle= -186.53549432211275, vico ang deg= -117.63224025079802 Ground Truth= 55.832265427089226
[publish_wind_direction-2] [INFO] [1749050545.873068528] [publish_wind_direction]: ***Corrected Wind Direction= W
[publish_wind_direction-2] [INFO] [1749050547.128237645] [publish_wind_direction]: Publishing: "id194:S"
[publish_wind_direction-2] [INFO] [1749050551.289632313] [publish_wind_direction]: ***Cam angle= -11.035046905571207, vico ang deg= -117.63224025079802 Ground Truth= 231.33271284363076
[publish_wind_direction-2] [INFO] [1749050551.292053766] [publish_wind_direction]: ***Corrected Wind Direction= E
[publish_wind_direction-2] [INFO] [1749050552.129014688] [publish_wind_direction]: Publishing: "id194:S"
[publish_wind_direction-2] [INFO] [1749050555.856554626] [publish_wind_direction]: ***Cam angle= -16.93523068154869, vico ang deg= -117.63224025079802 Ground Truth= 225.4325290676533
[publish_wind_direction-2] [INFO] [1749050555.859470090] [publish_wind_direction]: ***Corrected Wind Direction= E
[publish_wind_direction-2] [INFO] [1749050557.128237168] [publish_wind_direction]: Publishing: "id194:S"
[publish_wind_direction-2] [INFO] [1749050560.890121263] [publish_wind_direction]: ***Cam angle= -103.71680151897486, vico ang deg= -117.63224025079802 Ground Truth= 138.6509582302271
[publish_wind_direction-2] [INFO] [1749050560.892547367] [publish_wind_direction]: ***Corrected Wind Direction= S
[publish_wind_direction-2] [INFO] [1749050562.128238628] [publish_wind_direction]: Publishing: "id194:S"
[publish_wind_direction-2] [INFO] [1749050565.882431893] [publish_wind_direction]: ***Cam angle= -155.6886418782417, vico ang deg= -117.63224025079802 Ground Truth= 86.67911787096028
[publish_wind_direction-2] [INFO] [1749050565.884893071] [publish_wind_direction]: ***Corrected Wind Direction= W
[publish_wind_direction-2] [INFO] [1749050565.889568792] [publish_wind_direction]: w=0.6905 x_rot=-0.1424  y_rot=-0.6944 z_rot=-0.1443
[publish_wind_direction-2] [INFO] [1749050565.892089225] [publish_wind_direction]: Vicon Yaw Rads= -2.8256375616626968
[publish_wind_direction-2] [INFO] [1749050565.894534608] [publish_wind_direction]: ** Vicon Yaw Degrees= -161.89710671690943
[publish_wind_direction-2] [INFO] [1749050565.897084725] [publish_wind_direction]: Vicon Position= [-222.08047485351562, 699.5861206054688]
[publish_wind_direction-2] [INFO] [1749050565.899637768] [publish_wind_direction]: Neighbourhood size: 3
[publish_wind_direction-2] [INFO] [1749050567.128236130] [publish_wind_direction]: Publishing: "id194:S"
[publish_wind_direction-2] [INFO] [1749050570.867409906] [publish_wind_direction]: ***Cam angle= -130.2746732154904, vico ang deg= -161.89710671690943 Ground Truth= 67.82822006760017
[publish_wind_direction-2] [INFO] [1749050570.869921008] [publish_wind_direction]: ***Corrected Wind Direction= W
[publish_wind_direction-2] [INFO] [1749050572.128261669] [publish_wind_direction]: Publishing: "id194:S"
[publish_wind_direction-2] [INFO] [1749050575.870867200] [publish_wind_direction]: ***Cam angle= 27.253694799570766, vico ang deg= -161.89710671690943 Ground Truth= 225.35658808266135
[publish_wind_direction-2] [INFO] [1749050575.873363841] [publish_wind_direction]: ***Corrected Wind Direction= E
[publish_wind_direction-2] [INFO] [1749050577.128245137] [publish_wind_direction]: Publishing: "id194:S"
[publish_wind_direction-2] [INFO] [1749050580.835248769] [publish_wind_direction]: ***Cam angle= -84.38338979967062, vico ang deg= -161.89710671690943 Ground Truth= 113.71950348341994
[publish_wind_direction-2] [INFO] [1749050580.837683562] [publish_wind_direction]: ***Corrected Wind Direction= W
[publish_wind_direction-2] [INFO] [1749050582.128116758] [publish_wind_direction]: Publishing: "id194:S"
[publish_wind_direction-2] [INFO] [1749050585.891084257] [publish_wind_direction]: ***Cam angle= -121.54092291798176, vico ang deg= -161.89710671690943 Ground Truth= 76.56197036510878
[publish_wind_direction-2] [INFO] [1749050585.893414778] [publish_wind_direction]: ***Corrected Wind Direction= W
[publish_wind_direction-2] [INFO] [1749050587.128148484] [publish_wind_direction]: Publishing: "id194:S"
[publish_wind_direction-2] [INFO] [1749050590.941268247] [publish_wind_direction]: ***Cam angle= -136.144447613978, vico ang deg= -161.89710671690943 Ground Truth= 61.958445669112564
[publish_wind_direction-2] [INFO] [1749050590.943916678] [publish_wind_direction]: ***Corrected Wind Direction= W
[publish_wind_direction-2] [INFO] [1749050592.128206548] [publish_wind_direction]: Publishing: "id194:S"
[publish_wind_direction-2] [INFO] [1749050595.909852843] [publish_wind_direction]: ***Cam angle= -88.02120315933956, vico ang deg= -161.89710671690943 Ground Truth= 110.081690123751
[publish_wind_direction-2] [INFO] [1749050595.912286101] [publish_wind_direction]: ***Corrected Wind Direction= W
[publish_wind_direction-2] [INFO] [1749050597.127976468] [publish_wind_direction]: Publishing: "id194:S"
[publish_wind_direction-2] [INFO] [1749050600.887455031] [publish_wind_direction]: ***Cam angle= 49.935199321143244, vico ang deg= -161.89710671690943 Ground Truth= 248.0380926042338
[publish_wind_direction-2] [INFO] [1749050600.889997395] [publish_wind_direction]: ***Corrected Wind Direction= E
[publish_wind_direction-2] [INFO] [1749050602.128186637] [publish_wind_direction]: Publishing: "id194:S"
[publish_wind_direction-2] [INFO] [1749050605.943837173] [publish_wind_direction]: ***Cam angle= 19.281400544571127, vico ang deg= -161.89710671690943 Ground Truth= 217.38429382766168
[publish_wind_direction-2] [INFO] [1749050605.946288561] [publish_wind_direction]: ***Corrected Wind Direction= S
[publish_wind_direction-2] [INFO] [1749050607.128158903] [publish_wind_direction]: Publishing: "id194:S"
[publish_wind_direction-2] [INFO] [1749050610.849732437] [publish_wind_direction]: ***Cam angle= -145.57342525276715, vico ang deg= -161.89710671690943 Ground Truth= 52.529468030323414
[publish_wind_direction-2] [INFO] [1749050610.852152789] [publish_wind_direction]: ***Corrected Wind Direction= W
[publish_wind_direction-2] [INFO] [1749050612.128180078] [publish_wind_direction]: Publishing: "id194:S"
[publish_wind_direction-2] [INFO] [1749050616.087841201] [publish_wind_direction]: ***Cam angle= -262.2320364503554, vico ang deg= -161.89710671690943 Ground Truth= 295.87085683273517
[publish_wind_direction-2] [INFO] [1749050616.090308829] [publish_wind_direction]: ***Corrected Wind Direction= E
[publish_wind_direction-2] [INFO] [1749050617.128161623] [publish_wind_direction]: Publishing: "id194:S"
[publish_wind_direction-2] [INFO] [1749050620.808892779] [publish_wind_direction]: ***Cam angle= -258.718691723006, vico ang deg= -161.89710671690943 Ground Truth= 299.3842015600846
[publish_wind_direction-2] [INFO] [1749050620.811383647] [publish_wind_direction]: ***Corrected Wind Direction= E
[publish_wind_direction-2] [INFO] [1749050622.128372720] [publish_wind_direction]: Publishing: "id194:S"
[publish_wind_direction-2] [INFO] [1749050625.814633896] [publish_wind_direction]: ***Cam angle= -191.0315999439688, vico ang deg= -161.89710671690943 Ground Truth= 7.07129333912178
[publish_wind_direction-2] [INFO] [1749050625.817067174] [publish_wind_direction]: ***Corrected Wind Direction= N
[publish_wind_direction-2] [INFO] [1749050627.128313654] [publish_wind_direction]: Publishing: "id194:S"
[publish_wind_direction-2] [INFO] [1749050630.940034383] [publish_wind_direction]: ***Cam angle= -160.52362796771655, vico ang deg= -161.89710671690943 Ground Truth= 37.579265315374016
[publish_wind_direction-2] [INFO] [1749050630.942513492] [publish_wind_direction]: ***Corrected Wind Direction= N
[publish_wind_direction-2] [INFO] [1749050632.128168727] [publish_wind_direction]: Publishing: "id194:S"
[publish_wind_direction-2] [INFO] [1749050635.894890941] [publish_wind_direction]: ***Cam angle= -103.06260857232223, vico ang deg= -161.89710671690943 Ground Truth= 95.04028471076833
[publish_wind_direction-2] [INFO] [1749050635.897281278] [publish_wind_direction]: ***Corrected Wind Direction= W
[publish_wind_direction-2] [INFO] [1749050636.829335652] [publish_wind_direction]: w=0.6236 x_rot=0.345  y_rot=-0.6215 z_rot=0.3255
[publish_wind_direction-2] [INFO] [1749050636.832309680] [publish_wind_direction]: Vicon Yaw Rads= -0.9029488263050098
[publish_wind_direction-2] [INFO] [1749050636.835119957] [publish_wind_direction]: ** Vicon Yaw Degrees= -51.735156863568314
[publish_wind_direction-2] [INFO] [1749050636.837941234] [publish_wind_direction]: Vicon Position= [-246.875244140625, 655.6526489257812]
[publish_wind_direction-2] [INFO] [1749050636.840484692] [publish_wind_direction]: Neighbourhood size: 5
[publish_wind_direction-2] [INFO] [1749050637.128300997] [publish_wind_direction]: Publishing: "id194:S"
[publish_wind_direction-2] [INFO] [1749050640.842848906] [publish_wind_direction]: ***Cam angle= -147.1163222261996, vico ang deg= -51.735156863568314 Ground Truth= 161.1485209102321
[publish_wind_direction-2] [INFO] [1749050640.845259038] [publish_wind_direction]: ***Corrected Wind Direction= S
[publish_wind_direction-2] [INFO] [1749050642.128179020] [publish_wind_direction]: Publishing: "id194:S"
[publish_wind_direction-2] [INFO] [1749050645.841509420] [publish_wind_direction]: ***Cam angle= -151.1174543262575, vico ang deg= -51.735156863568314 Ground Truth= 157.1473888101742
[publish_wind_direction-2] [INFO] [1749050645.843921719] [publish_wind_direction]: ***Corrected Wind Direction= S
[publish_wind_direction-2] [INFO] [1749050647.128272826] [publish_wind_direction]: Publishing: "id194:S"
[publish_wind_direction-2] [INFO] [1749050650.914511246] [publish_wind_direction]: ***Cam angle= -999.0, vico ang deg= -51.735156863568314 Ground Truth= 29.264843136431637
[publish_wind_direction-2] [INFO] [1749050650.917999821] [publish_wind_direction]: ***Corrected Wind Direction= N
[publish_wind_direction-2] [INFO] [1749050652.128212533] [publish_wind_direction]: Publishing: "id194:S"
[publish_wind_direction-2] [INFO] [1749050656.127846347] [publish_wind_direction]: ***Cam angle= -173.5358672145185, vico ang deg= -51.735156863568314 Ground Truth= 134.7289759219132
[publish_wind_direction-2] [INFO] [1749050656.130316624] [publish_wind_direction]: ***Corrected Wind Direction= W
[publish_wind_direction-2] [INFO] [1749050657.128181825] [publish_wind_direction]: Publishing: "id194:S"
[publish_wind_direction-2] [INFO] [1749050660.918848834] [publish_wind_direction]: ***Cam angle= -132.51229125363605, vico ang deg= -51.735156863568314 Ground Truth= 175.75255188279564
[publish_wind_direction-2] [INFO] [1749050660.922391518] [publish_wind_direction]: ***Corrected Wind Direction= S
[publish_wind_direction-2] [INFO] [1749050662.128405149] [publish_wind_direction]: Publishing: "id194:S"
[publish_wind_direction-2] [INFO] [1749050665.815939105] [publish_wind_direction]: ***Cam angle= -101.96996055362702, vico ang deg= -51.735156863568314 Ground Truth= 206.29488258280466
[publish_wind_direction-2] [INFO] [1749050665.818408327] [publish_wind_direction]: ***Corrected Wind Direction= S
[publish_wind_direction-2] [INFO] [1749050667.128201741] [publish_wind_direction]: Publishing: "id194:S"
[publish_wind_direction-2] [INFO] [1749050670.871987015] [publish_wind_direction]: ***Cam angle= -25.78800748213385, vico ang deg= -51.735156863568314 Ground Truth= 282.4768356542978
[publish_wind_direction-2] [INFO] [1749050670.874478384] [publish_wind_direction]: ***Corrected Wind Direction= E
[publish_wind_direction-2] [INFO] [1749050672.128424503] [publish_wind_direction]: Publishing: "id194:S"
[publish_wind_direction-2] [INFO] [1749050675.915672648] [publish_wind_direction]: ***Cam angle= -999.0, vico ang deg= -51.735156863568314 Ground Truth= 29.264843136431637
[publish_wind_direction-2] [INFO] [1749050675.918133148] [publish_wind_direction]: ***Corrected Wind Direction= N
[publish_wind_direction-2] [INFO] [1749050677.128178079] [publish_wind_direction]: Publishing: "id194:S"
[publish_wind_direction-2] [INFO] [1749050680.833084650] [publish_wind_direction]: ***Cam angle= -119.95298332034771, vico ang deg= -51.735156863568314 Ground Truth= 188.31185981608397
[publish_wind_direction-2] [INFO] [1749050680.836555541] [publish_wind_direction]: ***Corrected Wind Direction= S
[publish_wind_direction-2] [INFO] [1749050682.001771532] [publish_wind_direction]: w=0.6236 x_rot=0.345  y_rot=-0.6215 z_rot=0.3255
[publish_wind_direction-2] [INFO] [1749050682.004944421] [publish_wind_direction]: Vicon Yaw Rads= -0.9029488263050098
[publish_wind_direction-2] [INFO] [1749050682.008358334] [publish_wind_direction]: ** Vicon Yaw Degrees= -51.735156863568314
[publish_wind_direction-2] [INFO] [1749050682.011758285] [publish_wind_direction]: Vicon Position= [-246.875244140625, 655.6526489257812]
[publish_wind_direction-2] [INFO] [1749050682.015277488] [publish_wind_direction]: Neighbourhood size: 5
[publish_wind_direction-2] [INFO] [1749050682.128533086] [publish_wind_direction]: Publishing: "id194:S"
[publish_wind_direction-2] [INFO] [1749050685.807374944] [publish_wind_direction]: ***Cam angle= -168.23005850045425, vico ang deg= -51.735156863568314 Ground Truth= 140.03478463597745
[publish_wind_direction-2] [INFO] [1749050685.809836870] [publish_wind_direction]: ***Corrected Wind Direction= S
[publish_wind_direction-2] [INFO] [1749050687.128181283] [publish_wind_direction]: Publishing: "id194:S"
[publish_wind_direction-2] [INFO] [1749050690.806788638] [publish_wind_direction]: ***Cam angle= -999.0, vico ang deg= -51.735156863568314 Ground Truth= 29.264843136431637
[publish_wind_direction-2] [INFO] [1749050690.809195401] [publish_wind_direction]: ***Corrected Wind Direction= N
[publish_wind_direction-2] [INFO] [1749050694.543975587] [publish_wind_direction]: ***Cam angle= -195.85141745076638, vico ang deg= -51.735156863568314 Ground Truth= 112.41342568566532
[publish_wind_direction-2] [INFO] [1749050694.546468900] [publish_wind_direction]: ***Corrected Wind Direction= W
[publish_wind_direction-2] [INFO] [1749050694.550810209] [publish_wind_direction]: Publishing: "id194:S"
[publish_wind_direction-2] [INFO] [1749050698.245104306] [publish_wind_direction]: ***Cam angle= -105.09500081248349, vico ang deg= -51.735156863568314 Ground Truth= 203.1698423239482
[publish_wind_direction-2] [INFO] [1749050698.247659505] [publish_wind_direction]: ***Corrected Wind Direction= S
[publish_wind_direction-2] [INFO] [1749050698.252004424] [publish_wind_direction]: Publishing: "id194:S"
[publish_wind_direction-2] [INFO] [1749050701.944623741] [publish_wind_direction]: ***Cam angle= -93.72009776706479, vico ang deg= -51.735156863568314 Ground Truth= 214.5447453693669
[publish_wind_direction-2] [INFO] [1749050701.947119702] [publish_wind_direction]: ***Corrected Wind Direction= S
[publish_wind_direction-2] [INFO] [1749050705.687864655] [publish_wind_direction]: ***Cam angle= -160.05116563892358, vico ang deg= -51.735156863568314 Ground Truth= 148.21367749750812
[publish_wind_direction-2] [INFO] [1749050705.690377468] [publish_wind_direction]: ***Corrected Wind Direction= S
[publish_wind_direction-2] [INFO] [1749050705.694740516] [publish_wind_direction]: Publishing: "id194:S"
[publish_wind_direction-2] [INFO] [1749050709.415679656] [publish_wind_direction]: ***Cam angle= -999.0, vico ang deg= -51.735156863568314 Ground Truth= 29.264843136431637
[publish_wind_direction-2] [INFO] [1749050709.418246540] [publish_wind_direction]: ***Corrected Wind Direction= N
[publish_wind_direction-2] [INFO] [1749050709.422552406] [publish_wind_direction]: Publishing: "id194:S"
[publish_wind_direction-2] [INFO] [1749050709.426444924] [publish_wind_direction]: w=0.6236 x_rot=0.345  y_rot=-0.6215 z_rot=0.3255
[publish_wind_direction-2] [INFO] [1749050709.428944255] [publish_wind_direction]: Vicon Yaw Rads= -0.9029488263050098
[publish_wind_direction-2] [INFO] [1749050709.431555044] [publish_wind_direction]: ** Vicon Yaw Degrees= -51.735156863568314
[publish_wind_direction-2] [INFO] [1749050709.433995916] [publish_wind_direction]: Vicon Position= [-246.875244140625, 655.6526489257812]
[publish_wind_direction-2] [INFO] [1749050709.436507321] [publish_wind_direction]: Neighbourhood size: 5
[publish_wind_direction-2] [INFO] [1749050713.153947640] [publish_wind_direction]: ***Cam angle= -26.24723177370322, vico ang deg= -51.735156863568314 Ground Truth= 282.0176113627285
[publish_wind_direction-2] [INFO] [1749050713.156383735] [publish_wind_direction]: ***Corrected Wind Direction= E
[publish_wind_direction-2] [INFO] [1749050713.160075374] [publish_wind_direction]: Raising exception
[publish_wind_direction-2] [INFO] [1749050713.162700625] [publish_wind_direction]: Publisher stopping, exception
[INFO] [publish_wind_direction-2]: process has finished cleanly [pid 846]
[random_robot_move-1] [INFO] [1749050720.166174290] [random_robot_move]: Exception, shutting down
