1749830163.7762620 [INFO] [launch]: All log files can be found below /home/thymio/ros_logs/2025-06-13-15-56-03-772832-thymio-2125
1749830163.7769656 [INFO] [launch]: Default logging verbosity is set to INFO
1749830164.0818031 [INFO] [random_robot_move-1]: process started with pid [2126]
1749830164.0826824 [INFO] [service_vicon_node-2]: process started with pid [2128]
1749830164.0833514 [INFO] [service_neighbours_opinions-3]: process started with pid [2130]
1749830164.0839634 [INFO] [publish_wind_direction-4]: process started with pid [2132]
1749830165.7562380 [service_neighbours_opinions-3] [INFO] [1749830165.755442156] [service_neighbours_opinions]: Physical Ip=192.168.3.80, id=id80
1749830165.7576835 [service_vicon_node-2] [INFO] [1749830165.756641415] [service_vicon_node]: Physical Ip=192.168.3.80, id=id80
1749830165.7654295 [service_neighbours_opinions-3] [INFO] [1749830165.764510915] [service_neighbours_opinions]: Updated ID from mapping: id236
1749830165.7669539 [service_vicon_node-2] [INFO] [1749830165.764493156] [service_vicon_node]: Updated ID from mapping: id236
1749830165.7823391 [service_neighbours_opinions-3] [INFO] [1749830165.781459897] [service_neighbours_opinions]: Subscribed to: wind_direction/id68
1749830165.7840898 [service_vicon_node-2] [INFO] [1749830165.781862841] [service_vicon_node]: Subscribed to: vicon/default/data
1749830165.7873037 [service_neighbours_opinions-3] [INFO] [1749830165.786281600] [service_neighbours_opinions]: Subscribed to: wind_direction/id136
1749830165.7916214 [service_neighbours_opinions-3] [INFO] [1749830165.790757193] [service_neighbours_opinions]: Subscribed to: wind_direction/id137
1749830165.7953081 [service_neighbours_opinions-3] [INFO] [1749830165.794657897] [service_neighbours_opinions]: Subscribed to: wind_direction/id142
1749830165.7987497 [service_neighbours_opinions-3] [INFO] [1749830165.798101508] [service_neighbours_opinions]: Subscribed to: wind_direction/id151
1749830165.8021779 [service_neighbours_opinions-3] [INFO] [1749830165.801519322] [service_neighbours_opinions]: Subscribed to: wind_direction/id152
1749830165.8058500 [service_neighbours_opinions-3] [INFO] [1749830165.805220026] [service_neighbours_opinions]: Subscribed to: wind_direction/id155
1749830165.8094282 [service_neighbours_opinions-3] [INFO] [1749830165.808744397] [service_neighbours_opinions]: Subscribed to: wind_direction/id189
1749830165.8133719 [service_neighbours_opinions-3] [INFO] [1749830165.812631526] [service_neighbours_opinions]: Subscribed to: wind_direction/id192
1749830165.8171608 [service_neighbours_opinions-3] [INFO] [1749830165.816470767] [service_neighbours_opinions]: Subscribed to: wind_direction/id193
1749830165.8207812 [service_neighbours_opinions-3] [INFO] [1749830165.820175063] [service_neighbours_opinions]: Subscribed to: wind_direction/id194
1749830165.8242087 [service_neighbours_opinions-3] [INFO] [1749830165.823586859] [service_neighbours_opinions]: Subscribed to: wind_direction/id195
1749830165.8275800 [service_neighbours_opinions-3] [INFO] [1749830165.827020045] [service_neighbours_opinions]: Subscribed to: wind_direction/id200
1749830165.8311281 [service_neighbours_opinions-3] [INFO] [1749830165.830527859] [service_neighbours_opinions]: Subscribed to: wind_direction/id206
1749830165.8344917 [service_neighbours_opinions-3] [INFO] [1749830165.833861915] [service_neighbours_opinions]: Subscribed to: wind_direction/id207
1749830165.8378263 [service_neighbours_opinions-3] [INFO] [1749830165.837279563] [service_neighbours_opinions]: Subscribed to: wind_direction/id223
1749830165.8412735 [service_neighbours_opinions-3] [INFO] [1749830165.840700359] [service_neighbours_opinions]: Subscribed to: wind_direction/id224
1749830165.8448284 [service_neighbours_opinions-3] [INFO] [1749830165.844141878] [service_neighbours_opinions]: Subscribed to: wind_direction/id247
1749830165.8481522 [service_neighbours_opinions-3] [INFO] [1749830165.847613711] [service_neighbours_opinions]: Subscribed to: wind_direction/id1193
1749830166.4992228 [publish_wind_direction-4] /usr/lib/python3/dist-packages/scipy/__init__.py:146: UserWarning: A NumPy version >=1.17.3 and <1.25.0 is required for this version of SciPy (detected version 1.26.4
1749830166.4998870 [publish_wind_direction-4]   warnings.warn(f"A NumPy version >={np_minversion} and <{np_maxversion}"
1749830167.4613864 [publish_wind_direction-4] [INFO] [1749830167.459853544] [publish_wind_direction]: Physical Ip=192.168.3.80, id=id80
1749830167.4637833 [publish_wind_direction-4] [INFO] [1749830167.463104784] [publish_wind_direction]: Updated ID from mapping: id236
1749830167.4728215 [publish_wind_direction-4] [INFO] [1749830167.472217636] [publish_wind_direction]: Publsihing on: wind_direction/id236
1749830173.7747729 [random_robot_move-1] [INFO] [1749830173.774018114] [random_robot_move]: Robot Control Node started.
1749830175.8121552 [service_vicon_node-2] [INFO] [1749830175.811330631] [service_vicon_node]: Vicon Position= [351.7100524902344, 232.2977294921875], yaw: 120.56008006853504
1749830175.8154278 [service_vicon_node-2] [INFO] [1749830175.814434076] [service_vicon_node]: Neighbours: {'id195', 'id200', 'id155', 'id151', 'id136', 'id142', 'id194', 'id68', 'id247'}
1749830185.3500111 [service_neighbours_opinions-3] [INFO] [1749830185.349125107] [service_neighbours_opinions]: * Received from id224, wind direction W
1749830185.3553519 [service_neighbours_opinions-3] [INFO] [1749830185.352772922] [service_neighbours_opinions]: All opinions = {'id224': 'W'}
1749830185.3575556 [service_neighbours_opinions-3] [INFO] [1749830185.355427737] [service_neighbours_opinions]: All opinions size= 1
1749830185.8902326 [service_vicon_node-2] [INFO] [1749830185.889545329] [service_vicon_node]: Vicon Position= [248.4855499267578, 297.6422424316406], yaw: -128.1505650865795
1749830185.8932691 [service_vicon_node-2] [INFO] [1749830185.892300162] [service_vicon_node]: Neighbours: {'id200', 'id151', 'id136', 'id142', 'id194', 'id68', 'id137', 'id247'}
1749830189.9893966 [service_neighbours_opinions-3] [INFO] [1749830189.988745197] [service_neighbours_opinions]: * Received from id207, wind direction E
1749830189.9921746 [service_neighbours_opinions-3] [INFO] [1749830189.991566993] [service_neighbours_opinions]: All opinions = {'id224': 'W', 'id207': 'E'}
1749830189.9949820 [service_neighbours_opinions-3] [INFO] [1749830189.994192419] [service_neighbours_opinions]: All opinions size= 2
1749830190.4417045 [service_neighbours_opinions-3] [INFO] [1749830190.440684586] [service_neighbours_opinions]: * Received from id224, wind direction E
1749830190.4453852 [service_neighbours_opinions-3] [INFO] [1749830190.443744456] [service_neighbours_opinions]: All opinions = {'id224': 'E', 'id207': 'E'}
1749830190.4477389 [service_neighbours_opinions-3] [INFO] [1749830190.447132345] [service_neighbours_opinions]: All opinions size= 2
1749830192.5299833 [publish_wind_direction-4] [ERROR] [1749830192.529114825] [publish_wind_direction]: get_pose_data service not available!
1749830192.9392159 [service_neighbours_opinions-3] [INFO] [1749830192.938478510] [service_neighbours_opinions]: * Received from id136, wind direction W
1749830192.9444520 [service_neighbours_opinions-3] [INFO] [1749830192.943263251] [service_neighbours_opinions]: All opinions = {'id224': 'E', 'id207': 'E', 'id136': 'W'}
1749830192.9472742 [service_neighbours_opinions-3] [INFO] [1749830192.946335269] [service_neighbours_opinions]: All opinions size= 3
1749830195.0563033 [service_neighbours_opinions-3] [INFO] [1749830195.055516490] [service_neighbours_opinions]: * Received from id207, wind direction E
1749830195.0613523 [service_neighbours_opinions-3] [INFO] [1749830195.060664805] [service_neighbours_opinions]: All opinions = {'id224': 'E', 'id207': 'E', 'id136': 'W'}
1749830195.0643294 [service_neighbours_opinions-3] [INFO] [1749830195.063725009] [service_neighbours_opinions]: All opinions size= 3
1749830195.9619107 [service_vicon_node-2] [INFO] [1749830195.961184267] [service_vicon_node]: Vicon Position= [199.82667541503906, 233.6759796142578], yaw: -31.16697754381701
1749830195.9664166 [service_vicon_node-2] [INFO] [1749830195.965731934] [service_vicon_node]: Neighbours: {'id200', 'id151', 'id136', 'id194', 'id68', 'id137', 'id247'}
1749830197.9915993 [service_neighbours_opinions-3] [INFO] [1749830197.990747118] [service_neighbours_opinions]: * Received from id193, wind direction W
1749830197.9946241 [service_neighbours_opinions-3] [INFO] [1749830197.993928322] [service_neighbours_opinions]: All opinions = {'id224': 'E', 'id207': 'E', 'id136': 'W', 'id193': 'W'}
1749830197.9975243 [service_neighbours_opinions-3] [INFO] [1749830197.996936433] [service_neighbours_opinions]: All opinions size= 4
1749830202.5974619 [service_neighbours_opinions-3] [INFO] [1749830202.596692023] [service_neighbours_opinions]: * Received from id193, wind direction E
1749830202.6009545 [service_neighbours_opinions-3] [INFO] [1749830202.600279023] [service_neighbours_opinions]: Comm. Noise, new received opinion: S
1749830202.6057241 [service_neighbours_opinions-3] [INFO] [1749830202.605059319] [service_neighbours_opinions]: All opinions = {'id224': 'E', 'id207': 'E', 'id136': 'W', 'id193': 'S'}
1749830202.6085908 [service_neighbours_opinions-3] [INFO] [1749830202.607872282] [service_neighbours_opinions]: All opinions size= 4
1749830205.0415366 [service_neighbours_opinions-3] [INFO] [1749830205.040800836] [service_neighbours_opinions]: * Received from id207, wind direction N
1749830205.0451312 [service_neighbours_opinions-3] [INFO] [1749830205.044506540] [service_neighbours_opinions]: Comm. Noise, new received opinion: S
1749830205.0481739 [service_neighbours_opinions-3] [INFO] [1749830205.047599540] [service_neighbours_opinions]: All opinions = {'id224': 'E', 'id207': 'S', 'id136': 'W', 'id193': 'S'}
1749830205.0510423 [service_neighbours_opinions-3] [INFO] [1749830205.050453336] [service_neighbours_opinions]: All opinions size= 4
1749830206.0930591 [service_vicon_node-2] [INFO] [1749830206.092360947] [service_vicon_node]: Vicon Position= [266.33056640625, 364.6593322753906], yaw: -97.72619807143951
1749830206.0961165 [service_vicon_node-2] [INFO] [1749830206.095361724] [service_vicon_node]: Neighbours: {'id195', 'id200', 'id155', 'id151', 'id136', 'id192', 'id194', 'id68', 'id193', 'id137'}
1749830206.7885849 [service_neighbours_opinions-3] [INFO] [1749830206.787863502] [service_neighbours_opinions]: * Received from id193, wind direction E
1749830206.7916086 [service_neighbours_opinions-3] [INFO] [1749830206.790962650] [service_neighbours_opinions]: All opinions = {'id224': 'E', 'id207': 'S', 'id136': 'W', 'id193': 'E'}
1749830206.7948172 [service_neighbours_opinions-3] [INFO] [1749830206.793870391] [service_neighbours_opinions]: All opinions size= 4
1749830206.8262081 [service_neighbours_opinions-3] [INFO] [1749830206.825285520] [service_neighbours_opinions]: * Received from id136, wind direction E
1749830206.8290901 [service_neighbours_opinions-3] [INFO] [1749830206.828476279] [service_neighbours_opinions]: All opinions = {'id224': 'E', 'id207': 'S', 'id136': 'E', 'id193': 'E'}
1749830206.8318615 [service_neighbours_opinions-3] [INFO] [1749830206.831186687] [service_neighbours_opinions]: All opinions size= 4
1749830210.1662061 [service_neighbours_opinions-3] [INFO] [1749830210.165465259] [service_neighbours_opinions]: * Received from id136, wind direction W
1749830210.1694655 [service_neighbours_opinions-3] [INFO] [1749830210.168491037] [service_neighbours_opinions]: All opinions = {'id224': 'E', 'id207': 'S', 'id136': 'W', 'id193': 'E'}
1749830210.1723263 [service_neighbours_opinions-3] [INFO] [1749830210.171526722] [service_neighbours_opinions]: All opinions size= 4
1749830210.1765573 [service_neighbours_opinions-3] [INFO] [1749830210.175889148] [service_neighbours_opinions]: * Received from id224, wind direction N
1749830210.1790326 [service_neighbours_opinions-3] [INFO] [1749830210.178483889] [service_neighbours_opinions]: All opinions = {'id224': 'N', 'id207': 'S', 'id136': 'W', 'id193': 'E'}
1749830210.1814916 [service_neighbours_opinions-3] [INFO] [1749830210.180930722] [service_neighbours_opinions]: All opinions size= 4
1749830211.8203208 [publish_wind_direction-4] [INFO] [1749830211.819631776] [publish_wind_direction]: Main Pub Node: Requesting Pose Info
1749830212.4759805 [publish_wind_direction-4] [INFO] [1749830212.475303165] [publish_wind_direction]: Main Pub Node: Requesting Pose Info
1749830212.4939070 [service_neighbours_opinions-3] [INFO] [1749830212.493241572] [service_neighbours_opinions]: * Received from id193, wind direction W
1749830212.4968929 [service_neighbours_opinions-3] [INFO] [1749830212.496293795] [service_neighbours_opinions]: All opinions = {'id224': 'N', 'id207': 'S', 'id136': 'W', 'id193': 'W'}
1749830212.4997466 [service_neighbours_opinions-3] [INFO] [1749830212.499134035] [service_neighbours_opinions]: All opinions size= 4
1749830216.1214533 [service_vicon_node-2] [INFO] [1749830216.120728052] [service_vicon_node]: Vicon Position= [346.7842102050781, 384.89666748046875], yaw: -16.49403116476282
1749830216.1248024 [service_vicon_node-2] [INFO] [1749830216.124223052] [service_vicon_node]: Neighbours: {'id195', 'id155', 'id151', 'id136', 'id192', 'id142', 'id194', 'id68', 'id193'}
1749830216.9180212 [service_neighbours_opinions-3] [INFO] [1749830216.916999570] [service_neighbours_opinions]: * Received from id193, wind direction W
1749830216.9212952 [service_neighbours_opinions-3] [INFO] [1749830216.920482422] [service_neighbours_opinions]: Comm. Noise, new received opinion: N
1749830216.9246628 [service_neighbours_opinions-3] [INFO] [1749830216.923436329] [service_neighbours_opinions]: All opinions = {'id224': 'N', 'id207': 'S', 'id136': 'W', 'id193': 'N'}
1749830216.9272606 [service_neighbours_opinions-3] [INFO] [1749830216.926377607] [service_neighbours_opinions]: All opinions size= 4
1749830217.4794531 [publish_wind_direction-4] [INFO] [1749830217.478693329] [publish_wind_direction]: Main Pub Node: Requesting Pose Info
1749830219.2613060 [service_neighbours_opinions-3] [INFO] [1749830219.260533309] [service_neighbours_opinions]: * Received from id192, wind direction E
1749830219.2653537 [service_neighbours_opinions-3] [INFO] [1749830219.264692865] [service_neighbours_opinions]: All opinions = {'id224': 'N', 'id207': 'S', 'id136': 'W', 'id193': 'N', 'id192': 'E'}
1749830219.2710624 [service_neighbours_opinions-3] [INFO] [1749830219.270216383] [service_neighbours_opinions]: All opinions size= 5
1749830219.7293644 [service_vicon_node-2] [INFO] [1749830219.728678198] [service_vicon_node]: Request received. Responding with pos=array('f', [482.4727478027344, 395.20819091796875]), yaw=130.62806332761807, neigh=['id195', 'id200', 'id155', 'id151', 'id136', 'id142', 'id194', 'id68', 'id193']Response to be returned: service_messages.srv.GetPoseData_Response(my_position_xy=[482.4727478027344, 395.20819091796875], my_vicon_yaw=130.62806332761807, neighbours_by_id=['id195', 'id200', 'id155', 'id151', 'id136', 'id142', 'id194', 'id68', 'id193'], global_frame_number=115492)
1749830219.8323684 [service_vicon_node-2] /opt/ros/humble/local/lib/python3.10/dist-packages/rclpy/service.py:76: RuntimeWarning: failed to send response (timeout): client will not receive response, at ./src/rmw_response.cpp:154, at ./src/rcl/service.c:314
1749830219.8348594 [service_vicon_node-2]   self.__service.service_send_response(response, header.request_id)
1749830219.8371518 [service_vicon_node-2] [INFO] [1749830219.836408494] [service_vicon_node]: Request received. Responding with pos=array('f', [482.4727478027344, 395.20819091796875]), yaw=130.62806332761807, neigh=['id195', 'id200', 'id155', 'id151', 'id136', 'id142', 'id194', 'id68', 'id193']Response to be returned: service_messages.srv.GetPoseData_Response(my_position_xy=[482.4727478027344, 395.20819091796875], my_vicon_yaw=130.62806332761807, neighbours_by_id=['id195', 'id200', 'id155', 'id151', 'id136', 'id142', 'id194', 'id68', 'id193'], global_frame_number=115492)
1749830219.9451454 [service_vicon_node-2] [INFO] [1749830219.944242846] [service_vicon_node]: Request received. Responding with pos=array('f', [482.4727478027344, 395.20819091796875]), yaw=130.62806332761807, neigh=['id195', 'id200', 'id155', 'id151', 'id136', 'id142', 'id194', 'id68', 'id193']Response to be returned: service_messages.srv.GetPoseData_Response(my_position_xy=[482.4727478027344, 395.20819091796875], my_vicon_yaw=130.62806332761807, neighbours_by_id=['id195', 'id200', 'id155', 'id151', 'id136', 'id142', 'id194', 'id68', 'id193'], global_frame_number=115492)
1749830220.6891568 [service_neighbours_opinions-3] [INFO] [1749830220.688327716] [service_neighbours_opinions]: * Received from id142, wind direction E
1749830220.6935971 [service_neighbours_opinions-3] [INFO] [1749830220.692813586] [service_neighbours_opinions]: Comm. Noise, new received opinion: S
1749830220.6967483 [service_neighbours_opinions-3] [INFO] [1749830220.696183956] [service_neighbours_opinions]: All opinions = {'id224': 'N', 'id207': 'S', 'id136': 'W', 'id193': 'N', 'id192': 'E', 'id142': 'S'}
1749830220.7003672 [service_neighbours_opinions-3] [INFO] [1749830220.699768845] [service_neighbours_opinions]: All opinions size= 6
1749830222.4761250 [publish_wind_direction-4] [INFO] [1749830222.475433344] [publish_wind_direction]: Main Pub Node: Requesting Pose Info
1749830222.4809763 [service_vicon_node-2] [INFO] [1749830222.480320770] [service_vicon_node]: Request received. Responding with pos=array('f', [415.9335021972656, 503.95599365234375]), yaw=-160.46518212382708, neigh=['id195', 'id155', 'id151', 'id136', 'id142', 'id194', 'id68', 'id193']Response to be returned: service_messages.srv.GetPoseData_Response(my_position_xy=[415.9335021972656, 503.95599365234375], my_vicon_yaw=-160.46518212382708, neighbours_by_id=['id195', 'id155', 'id151', 'id136', 'id142', 'id194', 'id68', 'id193'], global_frame_number=115583)
1749830225.0327220 [service_neighbours_opinions-3] [INFO] [1749830225.031987898] [service_neighbours_opinions]: * Received from id207, wind direction N
1749830225.0374537 [service_neighbours_opinions-3] [INFO] [1749830225.036728232] [service_neighbours_opinions]: Comm. Noise, new received opinion: W
1749830225.0402241 [service_neighbours_opinions-3] [INFO] [1749830225.039524546] [service_neighbours_opinions]: All opinions = {'id224': 'N', 'id207': 'W', 'id136': 'W', 'id193': 'N', 'id192': 'E', 'id142': 'S'}
1749830225.0430672 [service_neighbours_opinions-3] [INFO] [1749830225.042466009] [service_neighbours_opinions]: All opinions size= 6
1749830225.0711706 [service_neighbours_opinions-3] [INFO] [1749830225.068970732] [service_neighbours_opinions]: * Received from id142, wind direction E
1749830225.0774157 [service_neighbours_opinions-3] [INFO] [1749830225.076748454] [service_neighbours_opinions]: Comm. Noise, new received opinion: S
1749830225.0814288 [service_neighbours_opinions-3] [INFO] [1749830225.080812120] [service_neighbours_opinions]: All opinions = {'id224': 'N', 'id207': 'W', 'id136': 'W', 'id193': 'N', 'id192': 'E', 'id142': 'S'}
1749830225.0855646 [service_neighbours_opinions-3] [INFO] [1749830225.084951269] [service_neighbours_opinions]: All opinions size= 6
1749830225.2168853 [service_neighbours_opinions-3] [INFO] [1749830225.216152991] [service_neighbours_opinions]: * Received from id224, wind direction N
1749830225.2217045 [service_neighbours_opinions-3] [INFO] [1749830225.221031028] [service_neighbours_opinions]: All opinions = {'id224': 'N', 'id207': 'W', 'id136': 'W', 'id193': 'N', 'id192': 'E', 'id142': 'S'}
1749830225.2244983 [service_neighbours_opinions-3] [INFO] [1749830225.223877639] [service_neighbours_opinions]: All opinions size= 6
1749830225.9211903 [service_neighbours_opinions-3] [INFO] [1749830225.920506268] [service_neighbours_opinions]: * Received from id192, wind direction W
1749830225.9247465 [service_neighbours_opinions-3] [INFO] [1749830225.923455472] [service_neighbours_opinions]: All opinions = {'id224': 'N', 'id207': 'W', 'id136': 'W', 'id193': 'N', 'id192': 'W', 'id142': 'S'}
1749830225.9293621 [service_neighbours_opinions-3] [INFO] [1749830225.928726916] [service_neighbours_opinions]: All opinions size= 6
1749830226.4590042 [service_vicon_node-2] [INFO] [1749830226.457702027] [service_vicon_node]: Vicon Position= [249.61253356933594, 393.3036804199219], yaw: -9.336968047474762
1749830226.4621210 [service_vicon_node-2] [INFO] [1749830226.461209008] [service_vicon_node]: Neighbours: {'id195', 'id155', 'id151', 'id136', 'id192', 'id142', 'id194', 'id68', 'id193', 'id207'}
1749830227.4770153 [publish_wind_direction-4] [INFO] [1749830227.475985138] [publish_wind_direction]: Main Pub Node: Requesting Pose Info
1749830227.4815526 [service_vicon_node-2] [INFO] [1749830227.480343119] [service_vicon_node]: Request received. Responding with pos=array('f', [218.52798461914062, 401.4986572265625]), yaw=-13.927480568780823, neigh=['id195', 'id155', 'id151', 'id136', 'id192', 'id142', 'id194', 'id68', 'id193', 'id207']Response to be returned: service_messages.srv.GetPoseData_Response(my_position_xy=[218.52798461914062, 401.4986572265625], my_vicon_yaw=-13.927480568780823, neighbours_by_id=['id195', 'id155', 'id151', 'id136', 'id192', 'id142', 'id194', 'id68', 'id193', 'id207'], global_frame_number=115740)
1749830229.9682133 [service_neighbours_opinions-3] [INFO] [1749830229.967287655] [service_neighbours_opinions]: * Received from id207, wind direction S
1749830229.9715412 [service_neighbours_opinions-3] [INFO] [1749830229.970769729] [service_neighbours_opinions]: All opinions = {'id224': 'N', 'id207': 'S', 'id136': 'W', 'id193': 'N', 'id192': 'W', 'id142': 'S'}
1749830229.9772797 [service_neighbours_opinions-3] [INFO] [1749830229.976477469] [service_neighbours_opinions]: All opinions size= 6
1749830230.2444947 [publish_wind_direction-4] [INFO] [1749830230.242471858] [publish_wind_direction]: Pose Response: pos=array('f', [218.52798461914062, 401.4986572265625]) yaw=-13.927480697631836 frame_number = 115740
1749830230.2460537 [service_neighbours_opinions-3] [INFO] [1749830230.242471877] [service_neighbours_opinions]: * Received from id136, wind direction S
1749830230.2475049 [publish_wind_direction-4] [INFO] [1749830230.245372580] [publish_wind_direction]: ***Cam angle= -999.0, vico ang deg= -13.927480697631836 Ground Truth= 67.07251930236816
1749830230.2501669 [service_neighbours_opinions-3] [INFO] [1749830230.248278247] [service_neighbours_opinions]: All opinions = {'id224': 'N', 'id207': 'S', 'id136': 'S', 'id193': 'N', 'id192': 'W', 'id142': 'S'}
1749830230.2524498 [publish_wind_direction-4] [INFO] [1749830230.248277877] [publish_wind_direction]: Neighbour info requested
1749830230.2543399 [service_neighbours_opinions-3] [INFO] [1749830230.252159062] [service_neighbours_opinions]: All opinions size= 6
1749830231.1140249 [service_neighbours_opinions-3] [INFO] [1749830231.113215654] [service_neighbours_opinions]: * Received from id142, wind direction N
1749830231.1171229 [service_neighbours_opinions-3] [INFO] [1749830231.116489191] [service_neighbours_opinions]: Comm. Noise, new received opinion: W
1749830231.1198194 [service_neighbours_opinions-3] [INFO] [1749830231.119231191] [service_neighbours_opinions]: All opinions = {'id224': 'N', 'id207': 'S', 'id136': 'S', 'id193': 'N', 'id192': 'W', 'id142': 'W'}
1749830231.1225929 [service_neighbours_opinions-3] [INFO] [1749830231.121919635] [service_neighbours_opinions]: All opinions size= 6
1749830232.0935023 [service_neighbours_opinions-3] [INFO] [1749830232.092843542] [service_neighbours_opinions]: * Received from id193, wind direction S
1749830232.0964394 [service_neighbours_opinions-3] [INFO] [1749830232.095778135] [service_neighbours_opinions]: All opinions = {'id224': 'N', 'id207': 'S', 'id136': 'S', 'id193': 'S', 'id192': 'W', 'id142': 'W'}
1749830232.0991027 [service_neighbours_opinions-3] [INFO] [1749830232.098456764] [service_neighbours_opinions]: All opinions size= 6
1749830232.4767809 [publish_wind_direction-4] [INFO] [1749830232.476045746] [publish_wind_direction]: Main Pub Node: Requesting Pose Info
1749830232.4828928 [service_vicon_node-2] [INFO] [1749830232.482160098] [service_vicon_node]: Request received. Responding with pos=array('f', [337.02496337890625, 286.151123046875]), yaw=80.60906189766101, neigh=['id195', 'id200', 'id155', 'id151', 'id136', 'id192', 'id142', 'id194', 'id68', 'id207']Response to be returned: service_messages.srv.GetPoseData_Response(my_position_xy=[337.02496337890625, 286.151123046875], my_vicon_yaw=80.60906189766101, neighbours_by_id=['id195', 'id200', 'id155', 'id151', 'id136', 'id192', 'id142', 'id194', 'id68', 'id207'], global_frame_number=115883)
1749830234.8652189 [publish_wind_direction-4] [INFO] [1749830234.864502041] [publish_wind_direction]: Pose Response: pos=array('f', [337.02496337890625, 286.151123046875]) yaw=80.60906219482422 frame_number = 115883
1749830234.8679538 [publish_wind_direction-4] [INFO] [1749830234.867370726] [publish_wind_direction]: ***Cam angle= -999.0, vico ang deg= 80.60906219482422 Ground Truth= 161.60906219482422
1749830234.8704464 [publish_wind_direction-4] [INFO] [1749830234.869835041] [publish_wind_direction]: Neighbour info requested
1749830235.0942137 [service_neighbours_opinions-3] [INFO] [1749830235.093262448] [service_neighbours_opinions]: * Received from id224, wind direction W
1749830235.0982227 [service_neighbours_opinions-3] [INFO] [1749830235.097501763] [service_neighbours_opinions]: All opinions = {'id224': 'W', 'id207': 'S', 'id136': 'S', 'id193': 'S', 'id192': 'W', 'id142': 'W'}
1749830235.1034319 [service_neighbours_opinions-3] [INFO] [1749830235.102730429] [service_neighbours_opinions]: All opinions size= 6
1749830235.4152443 [service_neighbours_opinions-3] [INFO] [1749830235.414511522] [service_neighbours_opinions]: * Received from id136, wind direction S
1749830235.4206324 [service_neighbours_opinions-3] [INFO] [1749830235.419633762] [service_neighbours_opinions]: Comm. Noise, new received opinion: N
1749830235.4233837 [service_neighbours_opinions-3] [INFO] [1749830235.422781096] [service_neighbours_opinions]: All opinions = {'id224': 'W', 'id207': 'S', 'id136': 'N', 'id193': 'S', 'id192': 'W', 'id142': 'W'}
1749830235.4260833 [service_neighbours_opinions-3] [INFO] [1749830235.425522355] [service_neighbours_opinions]: All opinions size= 6
1749830236.8835196 [service_vicon_node-2] [INFO] [1749830236.882826039] [service_vicon_node]: Vicon Position= [353.455078125, 258.75274658203125], yaw: 112.30843788165767
1749830236.8880239 [service_vicon_node-2] [INFO] [1749830236.887410521] [service_vicon_node]: Neighbours: {'id195', 'id200', 'id155', 'id151', 'id136', 'id192', 'id142', 'id194', 'id68', 'id207'}
1749830237.4762235 [publish_wind_direction-4] [INFO] [1749830237.475494409] [publish_wind_direction]: Main Pub Node: Requesting Pose Info
1749830237.4811018 [service_vicon_node-2] [INFO] [1749830237.479646965] [service_vicon_node]: Request received. Responding with pos=array('f', [354.54180908203125, 303.09783935546875]), yaw=151.90623980355386, neigh=['id195', 'id200', 'id155', 'id151', 'id136', 'id192', 'id142', 'id194', 'id68', 'id207']Response to be returned: service_messages.srv.GetPoseData_Response(my_position_xy=[354.54180908203125, 303.09783935546875], my_vicon_yaw=151.90623980355386, neighbours_by_id=['id195', 'id200', 'id155', 'id151', 'id136', 'id192', 'id142', 'id194', 'id68', 'id207'], global_frame_number=116033)
1749830239.9335527 [publish_wind_direction-4] [INFO] [1749830239.932931426] [publish_wind_direction]: Pose Response: pos=array('f', [354.54180908203125, 303.09783935546875]) yaw=151.90623474121094 frame_number = 116033
1749830239.9370637 [publish_wind_direction-4] [INFO] [1749830239.936515649] [publish_wind_direction]: ***Cam angle= -999.0, vico ang deg= 151.90623474121094 Ground Truth= 232.90623474121094
1749830239.9407110 [publish_wind_direction-4] [INFO] [1749830239.940137260] [publish_wind_direction]: Neighbour info requested
1749830240.3950160 [service_neighbours_opinions-3] [INFO] [1749830240.394124852] [service_neighbours_opinions]: * Received from id192, wind direction W
1749830240.3980510 [service_neighbours_opinions-3] [INFO] [1749830240.397414315] [service_neighbours_opinions]: All opinions = {'id224': 'W', 'id207': 'S', 'id136': 'N', 'id193': 'S', 'id192': 'W', 'id142': 'W'}
1749830240.4009311 [service_neighbours_opinions-3] [INFO] [1749830240.400317945] [service_neighbours_opinions]: All opinions size= 6
1749830242.4766879 [publish_wind_direction-4] [INFO] [1749830242.475779777] [publish_wind_direction]: Main Pub Node: Requesting Pose Info
1749830242.4809430 [service_vicon_node-2] [INFO] [1749830242.480153851] [service_vicon_node]: Request received. Responding with pos=array('f', [141.7310333251953, 237.18902587890625]), yaw=-20.425007857702774, neigh=['id195', 'id1193', 'id200', 'id155', 'id151', 'id136', 'id192', 'id142', 'id68', 'id207']Response to be returned: service_messages.srv.GetPoseData_Response(my_position_xy=[141.7310333251953, 237.18902587890625], my_vicon_yaw=-20.425007857702774, neighbours_by_id=['id195', 'id1193', 'id200', 'id155', 'id151', 'id136', 'id192', 'id142', 'id68', 'id207'], global_frame_number=116190)
1749830243.4158199 [service_neighbours_opinions-3] [INFO] [1749830243.414322869] [service_neighbours_opinions]: * Received from id207, wind direction E
1749830243.4194467 [service_neighbours_opinions-3] [INFO] [1749830243.418507795] [service_neighbours_opinions]: All opinions = {'id224': 'W', 'id207': 'E', 'id136': 'N', 'id193': 'S', 'id192': 'W', 'id142': 'W'}
1749830243.4223998 [service_neighbours_opinions-3] [INFO] [1749830243.421419832] [service_neighbours_opinions]: All opinions size= 6
1749830244.5268698 [service_neighbours_opinions-3] [INFO] [1749830244.526063387] [service_neighbours_opinions]: * Received from id207, wind direction W
1749830244.5300922 [service_neighbours_opinions-3] [INFO] [1749830244.529384220] [service_neighbours_opinions]: All opinions = {'id224': 'W', 'id207': 'W', 'id136': 'N', 'id193': 'S', 'id192': 'W', 'id142': 'W'}
1749830244.5331330 [service_neighbours_opinions-3] [INFO] [1749830244.532462646] [service_neighbours_opinions]: All opinions size= 6
1749830244.9407363 [publish_wind_direction-4] [INFO] [1749830244.940122886] [publish_wind_direction]: Pose Response: pos=array('f', [141.7310333251953, 237.18902587890625]) yaw=-20.42500877380371 frame_number = 116190
1749830244.9443605 [publish_wind_direction-4] [INFO] [1749830244.943819238] [publish_wind_direction]: ***Cam angle= -999.0, vico ang deg= -20.42500877380371 Ground Truth= 60.57499122619629
1749830244.9478989 [publish_wind_direction-4] [INFO] [1749830244.947360312] [publish_wind_direction]: Neighbour info requested
1749830244.9633713 [service_neighbours_opinions-3] [INFO] [1749830244.962661609] [service_neighbours_opinions]: * Received from id136, wind direction S
1749830244.9667706 [service_neighbours_opinions-3] [INFO] [1749830244.965666831] [service_neighbours_opinions]: All opinions = {'id224': 'W', 'id207': 'W', 'id136': 'S', 'id193': 'S', 'id192': 'W', 'id142': 'W'}
1749830244.9701209 [service_neighbours_opinions-3] [INFO] [1749830244.968467331] [service_neighbours_opinions]: All opinions size= 6
1749830244.9739714 [service_neighbours_opinions-3] [INFO] [1749830244.973173497] [service_neighbours_opinions]: * Received from id192, wind direction E
1749830244.9766321 [service_neighbours_opinions-3] [INFO] [1749830244.975860997] [service_neighbours_opinions]: All opinions = {'id224': 'W', 'id207': 'W', 'id136': 'S', 'id193': 'S', 'id192': 'E', 'id142': 'W'}
1749830244.9790378 [service_neighbours_opinions-3] [INFO] [1749830244.978305090] [service_neighbours_opinions]: All opinions size= 6
1749830245.0651772 [service_neighbours_opinions-3] [INFO] [1749830245.064283257] [service_neighbours_opinions]: * Received from id224, wind direction S
1749830245.0682304 [service_neighbours_opinions-3] [INFO] [1749830245.067295571] [service_neighbours_opinions]: All opinions = {'id224': 'S', 'id207': 'W', 'id136': 'S', 'id193': 'S', 'id192': 'E', 'id142': 'W'}
1749830245.0708933 [service_neighbours_opinions-3] [INFO] [1749830245.070030442] [service_neighbours_opinions]: All opinions size= 6
1749830246.9674089 [service_vicon_node-2] [INFO] [1749830246.966215867] [service_vicon_node]: Vicon Position= [89.87764739990234, 278.3184509277344], yaw: -43.628672631024735
1749830246.9706662 [service_vicon_node-2] [INFO] [1749830246.969405459] [service_vicon_node]: Neighbours: {'id195', 'id1193', 'id200', 'id155', 'id151', 'id136', 'id192', 'id142', 'id68', 'id207'}
1749830247.4779782 [publish_wind_direction-4] [INFO] [1749830247.477313514] [publish_wind_direction]: Main Pub Node: Requesting Pose Info
1749830247.4846656 [service_vicon_node-2] [INFO] [1749830247.481700033] [service_vicon_node]: Request received. Responding with pos=array('f', [89.83889770507812, 278.3487243652344]), yaw=-45.36503728929138, neigh=['id195', 'id1193', 'id200', 'id155', 'id151', 'id136', 'id192', 'id142', 'id68', 'id207']Response to be returned: service_messages.srv.GetPoseData_Response(my_position_xy=[89.83889770507812, 278.3487243652344], my_vicon_yaw=-45.36503728929138, neighbours_by_id=['id195', 'id1193', 'id200', 'id155', 'id151', 'id136', 'id192', 'id142', 'id68', 'id207'], global_frame_number=116338)
1749830248.5696428 [service_neighbours_opinions-3] [INFO] [1749830248.568900829] [service_neighbours_opinions]: * Received from id207, wind direction W
1749830248.5725911 [service_neighbours_opinions-3] [INFO] [1749830248.571977551] [service_neighbours_opinions]: All opinions = {'id224': 'S', 'id207': 'W', 'id136': 'S', 'id193': 'S', 'id192': 'E', 'id142': 'W'}
1749830248.5753355 [service_neighbours_opinions-3] [INFO] [1749830248.574699643] [service_neighbours_opinions]: All opinions size= 6
1749830249.8496873 [service_neighbours_opinions-3] [INFO] [1749830249.848643402] [service_neighbours_opinions]: * Received from id136, wind direction E
1749830249.8531916 [service_neighbours_opinions-3] [INFO] [1749830249.852327883] [service_neighbours_opinions]: Comm. Noise, new received opinion: S
1749830249.8562832 [publish_wind_direction-4] [INFO] [1749830249.853404569] [publish_wind_direction]: Pose Response: pos=array('f', [89.83889770507812, 278.3487243652344]) yaw=-45.36503601074219 frame_number = 116338
1749830249.8585842 [service_neighbours_opinions-3] [INFO] [1749830249.855116143] [service_neighbours_opinions]: All opinions = {'id224': 'S', 'id207': 'W', 'id136': 'S', 'id193': 'S', 'id192': 'E', 'id142': 'W'}
1749830249.8608415 [publish_wind_direction-4] [INFO] [1749830249.856226365] [publish_wind_direction]: ***Cam angle= -234.90527759533109, vico ang deg= -45.36503601074219 Ground Truth= 79.72968639392673
1749830249.8628793 [service_neighbours_opinions-3] [INFO] [1749830249.858537291] [service_neighbours_opinions]: All opinions size= 6
1749830249.8654103 [publish_wind_direction-4] [INFO] [1749830249.858969735] [publish_wind_direction]: Neighbour info requested
1749830250.0480573 [service_neighbours_opinions-3] [INFO] [1749830250.047379754] [service_neighbours_opinions]: * Received from id224, wind direction W
1749830250.0511329 [service_neighbours_opinions-3] [INFO] [1749830250.050264569] [service_neighbours_opinions]: All opinions = {'id224': 'W', 'id207': 'W', 'id136': 'S', 'id193': 'S', 'id192': 'E', 'id142': 'W'}
1749830250.0540214 [service_neighbours_opinions-3] [INFO] [1749830250.053148217] [service_neighbours_opinions]: All opinions size= 6
1749830252.4762187 [publish_wind_direction-4] [INFO] [1749830252.475498789] [publish_wind_direction]: Main Pub Node: Requesting Pose Info
1749830252.4804544 [service_vicon_node-2] [INFO] [1749830252.479696104] [service_vicon_node]: Request received. Responding with pos=array('f', [279.700439453125, 320.1125183105469]), yaw=132.11280912250913, neigh=['id195', 'id1193', 'id200', 'id155', 'id151', 'id136', 'id192', 'id142', 'id194', 'id68', 'id207']Response to be returned: service_messages.srv.GetPoseData_Response(my_position_xy=[279.700439453125, 320.1125183105469], my_vicon_yaw=132.11280912250913, neighbours_by_id=['id195', 'id1193', 'id200', 'id155', 'id151', 'id136', 'id192', 'id142', 'id194', 'id68', 'id207'], global_frame_number=116492)
1749830253.5938060 [service_neighbours_opinions-3] [INFO] [1749830253.593058807] [service_neighbours_opinions]: * Received from id207, wind direction S
1749830253.5971570 [service_neighbours_opinions-3] [INFO] [1749830253.596501918] [service_neighbours_opinions]: Comm. Noise, new received opinion: N
1749830253.6014574 [service_neighbours_opinions-3] [INFO] [1749830253.600676585] [service_neighbours_opinions]: All opinions = {'id224': 'W', 'id207': 'N', 'id136': 'S', 'id193': 'S', 'id192': 'E', 'id142': 'W'}
1749830253.6058779 [service_neighbours_opinions-3] [INFO] [1749830253.605206881] [service_neighbours_opinions]: All opinions size= 6
1749830254.7761576 [publish_wind_direction-4] [INFO] [1749830254.775554269] [publish_wind_direction]: Pose Response: pos=array('f', [279.700439453125, 320.1125183105469]) yaw=132.11280822753906 frame_number = 116492
1749830254.7784758 [publish_wind_direction-4] [INFO] [1749830254.777932769] [publish_wind_direction]: ***Cam angle= -999.0, vico ang deg= 132.11280822753906 Ground Truth= 213.11280822753906
1749830254.7808056 [publish_wind_direction-4] [INFO] [1749830254.780284029] [publish_wind_direction]: Neighbour info requested
1749830255.0007677 [service_neighbours_opinions-3] [INFO] [1749830254.999850214] [service_neighbours_opinions]: * Received from id136, wind direction E
1749830255.0052350 [service_neighbours_opinions-3] [INFO] [1749830255.004340140] [service_neighbours_opinions]: All opinions = {'id224': 'W', 'id207': 'N', 'id136': 'E', 'id193': 'S', 'id192': 'E', 'id142': 'W'}
1749830255.0095894 [service_neighbours_opinions-3] [INFO] [1749830255.008761566] [service_neighbours_opinions]: All opinions size= 6
1749830255.0388305 [service_neighbours_opinions-3] [INFO] [1749830255.037520084] [service_neighbours_opinions]: * Received from id224, wind direction E
1749830255.0442750 [service_neighbours_opinions-3] [INFO] [1749830255.043709325] [service_neighbours_opinions]: All opinions = {'id224': 'E', 'id207': 'N', 'id136': 'E', 'id193': 'S', 'id192': 'E', 'id142': 'W'}
1749830255.0465119 [service_neighbours_opinions-3] [INFO] [1749830255.045962343] [service_neighbours_opinions]: All opinions size= 6
1749830256.9812148 [service_vicon_node-2] [INFO] [1749830256.980470509] [service_vicon_node]: Vicon Position= [171.50816345214844, 247.04229736328125], yaw: 76.3546334418001
1749830256.9848351 [service_vicon_node-2] [INFO] [1749830256.984129268] [service_vicon_node]: Neighbours: {'id195', 'id1193', 'id200', 'id189', 'id155', 'id151', 'id192', 'id194', 'id68', 'id207'}
1749830257.4778852 [publish_wind_direction-4] [INFO] [1749830257.476987342] [publish_wind_direction]: Main Pub Node: Requesting Pose Info
1749830257.4825513 [service_vicon_node-2] [INFO] [1749830257.481602675] [service_vicon_node]: Request received. Responding with pos=array('f', [201.8958740234375, 268.3280334472656]), yaw=85.69502350590622, neigh=['id195', 'id1193', 'id200', 'id189', 'id155', 'id151', 'id192', 'id194', 'id68', 'id207']Response to be returned: service_messages.srv.GetPoseData_Response(my_position_xy=[201.8958740234375, 268.3280334472656], my_vicon_yaw=85.69502350590622, neighbours_by_id=['id195', 'id1193', 'id200', 'id189', 'id155', 'id151', 'id192', 'id194', 'id68', 'id207'], global_frame_number=116642)
1749830258.5947173 [service_neighbours_opinions-3] [INFO] [1749830258.593515045] [service_neighbours_opinions]: * Received from id207, wind direction N
1749830258.5977683 [service_neighbours_opinions-3] [INFO] [1749830258.597164971] [service_neighbours_opinions]: All opinions = {'id224': 'E', 'id207': 'N', 'id136': 'E', 'id193': 'S', 'id192': 'E', 'id142': 'W'}
1749830258.6006930 [service_neighbours_opinions-3] [INFO] [1749830258.600050137] [service_neighbours_opinions]: All opinions size= 6
1749830259.8797340 [publish_wind_direction-4] [INFO] [1749830259.878993655] [publish_wind_direction]: Pose Response: pos=array('f', [201.8958740234375, 268.3280334472656]) yaw=85.69502258300781 frame_number = 116642
1749830259.8837831 [publish_wind_direction-4] [INFO] [1749830259.883207507] [publish_wind_direction]: ***Cam angle= -999.0, vico ang deg= 85.69502258300781 Ground Truth= 166.6950225830078
1749830259.8859601 [publish_wind_direction-4] [INFO] [1749830259.885470100] [publish_wind_direction]: Neighbour info requested
1749830260.0022237 [service_neighbours_opinions-3] [INFO] [1749830260.001453859] [service_neighbours_opinions]: * Received from id224, wind direction N
1749830260.0056996 [service_neighbours_opinions-3] [INFO] [1749830260.005051118] [service_neighbours_opinions]: All opinions = {'id224': 'N', 'id207': 'N', 'id136': 'E', 'id193': 'S', 'id192': 'E', 'id142': 'W'}
1749830260.0095797 [service_neighbours_opinions-3] [INFO] [1749830260.008705285] [service_neighbours_opinions]: All opinions size= 6
1749830260.0781577 [service_neighbours_opinions-3] [INFO] [1749830260.077294933] [service_neighbours_opinions]: * Received from id136, wind direction S
1749830260.0822926 [service_neighbours_opinions-3] [INFO] [1749830260.081540025] [service_neighbours_opinions]: All opinions = {'id224': 'N', 'id207': 'N', 'id136': 'S', 'id193': 'S', 'id192': 'E', 'id142': 'W'}
1749830260.0867515 [service_neighbours_opinions-3] [INFO] [1749830260.085828766] [service_neighbours_opinions]: All opinions size= 6
1749830262.4804142 [publish_wind_direction-4] [INFO] [1749830262.479323172] [publish_wind_direction]: Main Pub Node: Requesting Pose Info
1749830262.4849355 [service_vicon_node-2] [INFO] [1749830262.484188783] [service_vicon_node]: Request received. Responding with pos=array('f', [217.75840759277344, 298.16326904296875]), yaw=143.29094689044163, neigh=['id195', 'id207', 'id1193', 'id200', 'id189', 'id155', 'id151', 'id192', 'id194', 'id68', 'id247']Response to be returned: service_messages.srv.GetPoseData_Response(my_position_xy=[217.75840759277344, 298.16326904296875], my_vicon_yaw=143.29094689044163, neighbours_by_id=['id195', 'id207', 'id1193', 'id200', 'id189', 'id155', 'id151', 'id192', 'id194', 'id68', 'id247'], global_frame_number=116790)
1749830263.5673215 [service_neighbours_opinions-3] [INFO] [1749830263.566456375] [service_neighbours_opinions]: * Received from id207, wind direction W
1749830263.5715234 [service_neighbours_opinions-3] [INFO] [1749830263.570780857] [service_neighbours_opinions]: Comm. Noise, new received opinion: S
1749830263.5754929 [service_neighbours_opinions-3] [INFO] [1749830263.574764912] [service_neighbours_opinions]: All opinions = {'id224': 'N', 'id207': 'S', 'id136': 'S', 'id193': 'S', 'id192': 'E', 'id142': 'W'}
1749830263.5784752 [service_neighbours_opinions-3] [INFO] [1749830263.577810931] [service_neighbours_opinions]: All opinions size= 6
1749830264.8170562 [publish_wind_direction-4] [INFO] [1749830264.816441060] [publish_wind_direction]: Pose Response: pos=array('f', [217.75840759277344, 298.16326904296875]) yaw=143.2909393310547 frame_number = 116790
1749830264.8195581 [publish_wind_direction-4] [INFO] [1749830264.819006986] [publish_wind_direction]: ***Cam angle= -999.0, vico ang deg= 143.2909393310547 Ground Truth= 224.2909393310547
1749830264.8219533 [publish_wind_direction-4] [INFO] [1749830264.821452041] [publish_wind_direction]: Neighbour info requested
1749830265.0516081 [service_neighbours_opinions-3] [INFO] [1749830265.050836467] [service_neighbours_opinions]: * Received from id224, wind direction N
1749830265.0549738 [service_neighbours_opinions-3] [INFO] [1749830265.054390023] [service_neighbours_opinions]: All opinions = {'id224': 'N', 'id207': 'S', 'id136': 'S', 'id193': 'S', 'id192': 'E', 'id142': 'W'}
1749830265.0577486 [service_neighbours_opinions-3] [INFO] [1749830265.057169819] [service_neighbours_opinions]: All opinions size= 6
1749830265.1673734 [service_neighbours_opinions-3] [INFO] [1749830265.166262837] [service_neighbours_opinions]: * Received from id136, wind direction W
1749830265.1724977 [service_neighbours_opinions-3] [INFO] [1749830265.171980282] [service_neighbours_opinions]: All opinions = {'id224': 'N', 'id207': 'S', 'id136': 'W', 'id193': 'S', 'id192': 'E', 'id142': 'W'}
1749830265.1751523 [service_neighbours_opinions-3] [INFO] [1749830265.174308022] [service_neighbours_opinions]: All opinions size= 6
1749830267.0420649 [service_vicon_node-2] [INFO] [1749830267.041326577] [service_vicon_node]: Vicon Position= [217.65447998046875, 313.9945373535156], yaw: 158.36021971529718
1749830267.0452700 [service_vicon_node-2] [INFO] [1749830267.044585632] [service_vicon_node]: Neighbours: {'id195', 'id207', 'id1193', 'id200', 'id189', 'id155', 'id192', 'id194', 'id68', 'id137', 'id247'}
1749830267.4789948 [publish_wind_direction-4] [INFO] [1749830267.478109317] [publish_wind_direction]: Main Pub Node: Requesting Pose Info
1749830267.4844053 [service_vicon_node-2] [INFO] [1749830267.483558966] [service_vicon_node]: Request received. Responding with pos=array('f', [207.85740661621094, 335.2741394042969]), yaw=-179.07833439619782, neigh=['id195', 'id207', 'id1193', 'id200', 'id189', 'id155', 'id192', 'id194', 'id68', 'id137', 'id247']Response to be returned: service_messages.srv.GetPoseData_Response(my_position_xy=[207.85740661621094, 335.2741394042969], my_vicon_yaw=-179.07833439619782, neighbours_by_id=['id195', 'id207', 'id1193', 'id200', 'id189', 'id155', 'id192', 'id194', 'id68', 'id137', 'id247'], global_frame_number=116940)
1749830268.5989482 [service_neighbours_opinions-3] [INFO] [1749830268.597667020] [service_neighbours_opinions]: * Received from id207, wind direction E
1749830268.6040041 [service_neighbours_opinions-3] [INFO] [1749830268.603317706] [service_neighbours_opinions]: Comm. Noise, new received opinion: N
1749830268.6065788 [service_neighbours_opinions-3] [INFO] [1749830268.605927317] [service_neighbours_opinions]: All opinions = {'id224': 'N', 'id207': 'N', 'id136': 'W', 'id193': 'S', 'id192': 'E', 'id142': 'W'}
1749830268.6088555 [service_neighbours_opinions-3] [INFO] [1749830268.608313576] [service_neighbours_opinions]: All opinions size= 6
1749830269.8302724 [publish_wind_direction-4] [INFO] [1749830269.829657909] [publish_wind_direction]: Pose Response: pos=array('f', [207.85740661621094, 335.2741394042969]) yaw=-179.07833862304688 frame_number = 116940
1749830269.8325548 [publish_wind_direction-4] [INFO] [1749830269.832073131] [publish_wind_direction]: ***Cam angle= -999.0, vico ang deg= -179.07833862304688 Ground Truth= 261.9216613769531
1749830269.8348985 [publish_wind_direction-4] [INFO] [1749830269.834337612] [publish_wind_direction]: Neighbour info requested
1749830269.8845084 [service_neighbours_opinions-3] [INFO] [1749830269.883650742] [service_neighbours_opinions]: * Received from id136, wind direction W
1749830269.8890183 [service_neighbours_opinions-3] [INFO] [1749830269.888179372] [service_neighbours_opinions]: Comm. Noise, new received opinion: N
1749830269.8920588 [service_neighbours_opinions-3] [INFO] [1749830269.891534779] [service_neighbours_opinions]: All opinions = {'id224': 'N', 'id207': 'N', 'id136': 'N', 'id193': 'S', 'id192': 'E', 'id142': 'W'}
1749830269.8945522 [service_neighbours_opinions-3] [INFO] [1749830269.893973483] [service_neighbours_opinions]: All opinions size= 6
1749830269.9845605 [service_neighbours_opinions-3] [INFO] [1749830269.983680223] [service_neighbours_opinions]: * Received from id224, wind direction W
1749830269.9877865 [service_neighbours_opinions-3] [INFO] [1749830269.987166631] [service_neighbours_opinions]: All opinions = {'id224': 'W', 'id207': 'N', 'id136': 'N', 'id193': 'S', 'id192': 'E', 'id142': 'W'}
1749830269.9909484 [service_neighbours_opinions-3] [INFO] [1749830269.990303779] [service_neighbours_opinions]: All opinions size= 6
1749830272.4804001 [publish_wind_direction-4] [INFO] [1749830272.479242314] [publish_wind_direction]: Main Pub Node: Requesting Pose Info
1749830272.4848077 [service_vicon_node-2] [INFO] [1749830272.484138092] [service_vicon_node]: Request received. Responding with pos=array('f', [167.999755859375, 357.24200439453125]), yaw=-119.83087546038232, neigh=['id195', 'id207', 'id1193', 'id200', 'id189', 'id155', 'id192', 'id194', 'id68', 'id137', 'id247']Response to be returned: service_messages.srv.GetPoseData_Response(my_position_xy=[167.999755859375, 357.24200439453125], my_vicon_yaw=-119.83087546038232, neighbours_by_id=['id195', 'id207', 'id1193', 'id200', 'id189', 'id155', 'id192', 'id194', 'id68', 'id137', 'id247'], global_frame_number=117090)
1749830273.5868726 [service_neighbours_opinions-3] [INFO] [1749830273.586061240] [service_neighbours_opinions]: * Received from id207, wind direction N
1749830273.5900688 [service_neighbours_opinions-3] [INFO] [1749830273.589420277] [service_neighbours_opinions]: All opinions = {'id224': 'W', 'id207': 'N', 'id136': 'N', 'id193': 'S', 'id192': 'E', 'id142': 'W'}
1749830273.5934341 [service_neighbours_opinions-3] [INFO] [1749830273.592681221] [service_neighbours_opinions]: All opinions size= 6
1749830274.8443279 [publish_wind_direction-4] [INFO] [1749830274.843733443] [publish_wind_direction]: Pose Response: pos=array('f', [167.999755859375, 357.24200439453125]) yaw=-119.83087921142578 frame_number = 117090
1749830274.8466671 [publish_wind_direction-4] [INFO] [1749830274.846145943] [publish_wind_direction]: ***Cam angle= -999.0, vico ang deg= -119.83087921142578 Ground Truth= 321.1691207885742
1749830274.8490112 [publish_wind_direction-4] [INFO] [1749830274.848503757] [publish_wind_direction]: Neighbour info requested
1749830275.0164759 [service_neighbours_opinions-3] [INFO] [1749830275.015743072] [service_neighbours_opinions]: * Received from id136, wind direction W
1749830275.0197184 [service_neighbours_opinions-3] [INFO] [1749830275.019062720] [service_neighbours_opinions]: All opinions = {'id224': 'W', 'id207': 'N', 'id136': 'W', 'id193': 'S', 'id192': 'E', 'id142': 'W'}
1749830275.0229242 [service_neighbours_opinions-3] [INFO] [1749830275.022230461] [service_neighbours_opinions]: All opinions size= 6
1749830275.1332166 [service_neighbours_opinions-3] [INFO] [1749830275.132092461] [service_neighbours_opinions]: * Received from id224, wind direction N
1749830275.1375391 [service_neighbours_opinions-3] [INFO] [1749830275.136928220] [service_neighbours_opinions]: All opinions = {'id224': 'N', 'id207': 'N', 'id136': 'W', 'id193': 'S', 'id192': 'E', 'id142': 'W'}
1749830275.1402342 [service_neighbours_opinions-3] [INFO] [1749830275.139617442] [service_neighbours_opinions]: All opinions size= 6
1749830277.0764139 [service_vicon_node-2] [INFO] [1749830277.075369238] [service_vicon_node]: Vicon Position= [145.0097198486328, 351.9513854980469], yaw: -67.14763516164722
1749830277.0794251 [service_vicon_node-2] [INFO] [1749830277.078596664] [service_vicon_node]: Neighbours: {'id1193', 'id200', 'id189', 'id155', 'id192', 'id194', 'id68', 'id137', 'id207'}
1749830277.4792986 [publish_wind_direction-4] [INFO] [1749830277.478239385] [publish_wind_direction]: Main Pub Node: Requesting Pose Info
1749830277.4843707 [service_vicon_node-2] [INFO] [1749830277.483663552] [service_vicon_node]: Request received. Responding with pos=array('f', [138.2608642578125, 347.2230529785156]), yaw=-37.01044773078799, neigh=['id1193', 'id200', 'id189', 'id155', 'id192', 'id194', 'id68', 'id137', 'id207']Response to be returned: service_messages.srv.GetPoseData_Response(my_position_xy=[138.2608642578125, 347.2230529785156], my_vicon_yaw=-37.01044773078799, neighbours_by_id=['id1193', 'id200', 'id189', 'id155', 'id192', 'id194', 'id68', 'id137', 'id207'], global_frame_number=117234)
1749830278.6807745 [service_neighbours_opinions-3] [INFO] [1749830278.679643292] [service_neighbours_opinions]: * Received from id207, wind direction N
1749830278.6853979 [service_neighbours_opinions-3] [INFO] [1749830278.684540051] [service_neighbours_opinions]: Comm. Noise, new received opinion: W
1749830278.6884336 [service_neighbours_opinions-3] [INFO] [1749830278.687865644] [service_neighbours_opinions]: All opinions = {'id224': 'N', 'id207': 'W', 'id136': 'W', 'id193': 'S', 'id192': 'E', 'id142': 'W'}
1749830278.6909237 [service_neighbours_opinions-3] [INFO] [1749830278.690249774] [service_neighbours_opinions]: All opinions size= 6
1749830279.8946896 [publish_wind_direction-4] [INFO] [1749830279.894069588] [publish_wind_direction]: Pose Response: pos=array('f', [138.2608642578125, 347.2230529785156]) yaw=-37.01044845581055 frame_number = 117234
1749830279.8969693 [publish_wind_direction-4] [INFO] [1749830279.896485958] [publish_wind_direction]: ***Cam angle= -999.0, vico ang deg= -37.01044845581055 Ground Truth= 43.98955154418945
1749830279.8993666 [publish_wind_direction-4] [INFO] [1749830279.898854125] [publish_wind_direction]: Neighbour info requested
1749830279.9396269 [service_neighbours_opinions-3] [INFO] [1749830279.938749495] [service_neighbours_opinions]: * Received from id136, wind direction S
1749830279.9443033 [service_neighbours_opinions-3] [INFO] [1749830279.943462977] [service_neighbours_opinions]: Comm. Noise, new received opinion: N
1749830279.9472213 [service_neighbours_opinions-3] [INFO] [1749830279.946727921] [service_neighbours_opinions]: All opinions = {'id224': 'N', 'id207': 'W', 'id136': 'N', 'id193': 'S', 'id192': 'E', 'id142': 'W'}
1749830279.9494205 [service_neighbours_opinions-3] [INFO] [1749830279.948925828] [service_neighbours_opinions]: All opinions size= 6
1749830280.0126333 [service_neighbours_opinions-3] [INFO] [1749830280.011842643] [service_neighbours_opinions]: * Received from id224, wind direction S
1749830280.0163686 [service_neighbours_opinions-3] [INFO] [1749830280.015677180] [service_neighbours_opinions]: All opinions = {'id224': 'S', 'id207': 'W', 'id136': 'N', 'id193': 'S', 'id192': 'E', 'id142': 'W'}
1749830280.0197308 [service_neighbours_opinions-3] [INFO] [1749830280.019199810] [service_neighbours_opinions]: All opinions size= 6
1749830282.4803448 [publish_wind_direction-4] [INFO] [1749830282.479199920] [publish_wind_direction]: Main Pub Node: Requesting Pose Info
1749830282.4872265 [service_vicon_node-2] [INFO] [1749830282.486547642] [service_vicon_node]: Request received. Responding with pos=array('f', [120.59931945800781, 313.90460205078125]), yaw=-37.17317309164645, neigh=['id1193', 'id200', 'id189', 'id155', 'id152', 'id192', 'id194', 'id68', 'id137', 'id207']Response to be returned: service_messages.srv.GetPoseData_Response(my_position_xy=[120.59931945800781, 313.90460205078125], my_vicon_yaw=-37.17317309164645, neighbours_by_id=['id1193', 'id200', 'id189', 'id155', 'id152', 'id192', 'id194', 'id68', 'id137', 'id207'], global_frame_number=117383)
1749830283.6276145 [service_neighbours_opinions-3] [INFO] [1749830283.626597752] [service_neighbours_opinions]: * Received from id207, wind direction S
1749830283.6313422 [service_neighbours_opinions-3] [INFO] [1749830283.630679678] [service_neighbours_opinions]: Comm. Noise, new received opinion: W
1749830283.6346107 [service_neighbours_opinions-3] [INFO] [1749830283.633923752] [service_neighbours_opinions]: All opinions = {'id224': 'S', 'id207': 'W', 'id136': 'N', 'id193': 'S', 'id192': 'E', 'id142': 'W'}
1749830283.6382279 [service_neighbours_opinions-3] [INFO] [1749830283.637157845] [service_neighbours_opinions]: All opinions size= 6
1749830284.7936697 [publish_wind_direction-4] [INFO] [1749830284.793055992] [publish_wind_direction]: Pose Response: pos=array('f', [120.59931945800781, 313.90460205078125]) yaw=-37.17317199707031 frame_number = 117383
1749830284.7959986 [publish_wind_direction-4] [INFO] [1749830284.795515400] [publish_wind_direction]: ***Cam angle= -3.6345127103013795, vico ang deg= -37.17317199707031 Ground Truth= 319.19231529262834
1749830284.7983401 [publish_wind_direction-4] [INFO] [1749830284.797837326] [publish_wind_direction]: Neighbour info requested
1749830284.8466043 [service_neighbours_opinions-3] [INFO] [1749830284.845680677] [service_neighbours_opinions]: * Received from id136, wind direction E
1749830284.8508530 [service_neighbours_opinions-3] [INFO] [1749830284.849943622] [service_neighbours_opinions]: All opinions = {'id224': 'S', 'id207': 'W', 'id136': 'E', 'id193': 'S', 'id192': 'E', 'id142': 'W'}
1749830284.8537018 [service_neighbours_opinions-3] [INFO] [1749830284.853188881] [service_neighbours_opinions]: All opinions size= 6
1749830285.0142443 [service_neighbours_opinions-3] [INFO] [1749830285.013517603] [service_neighbours_opinions]: * Received from id224, wind direction E
1749830285.0174625 [service_neighbours_opinions-3] [INFO] [1749830285.016845233] [service_neighbours_opinions]: All opinions = {'id224': 'E', 'id207': 'W', 'id136': 'E', 'id193': 'S', 'id192': 'E', 'id142': 'W'}
1749830285.0209675 [service_neighbours_opinions-3] [INFO] [1749830285.020054270] [service_neighbours_opinions]: All opinions size= 6
1749830287.4808698 [publish_wind_direction-4] [INFO] [1749830287.480101491] [publish_wind_direction]: Main Pub Node: Requesting Pose Info
1749830287.4856949 [service_vicon_node-2] [INFO] [1749830287.484964417] [service_vicon_node]: Request received. Responding with pos=array('f', [120.33331298828125, 316.6761169433594]), yaw=-35.55362759320403, neigh=['id1193', 'id200', 'id189', 'id155', 'id192', 'id194', 'id68', 'id137', 'id207']Response to be returned: service_messages.srv.GetPoseData_Response(my_position_xy=[120.33331298828125, 316.6761169433594], my_vicon_yaw=-35.55362759320403, neighbours_by_id=['id1193', 'id200', 'id189', 'id155', 'id192', 'id194', 'id68', 'id137', 'id207'], global_frame_number=117516)
1749830287.4934859 [service_vicon_node-2] [INFO] [1749830287.492813565] [service_vicon_node]: Vicon Position= [119.8734130859375, 314.01458740234375], yaw: -33.660614363344166
1749830287.4965675 [service_vicon_node-2] [INFO] [1749830287.495934620] [service_vicon_node]: Neighbours: {'id1193', 'id200', 'id189', 'id155', 'id192', 'id194', 'id68', 'id137', 'id207'}
1749830288.6088371 [service_neighbours_opinions-3] [INFO] [1749830288.607652638] [service_neighbours_opinions]: * Received from id207, wind direction S
1749830288.6134186 [service_neighbours_opinions-3] [INFO] [1749830288.612869305] [service_neighbours_opinions]: All opinions = {'id224': 'E', 'id207': 'S', 'id136': 'E', 'id193': 'S', 'id192': 'E', 'id142': 'W'}
1749830288.6158471 [service_neighbours_opinions-3] [INFO] [1749830288.615285249] [service_neighbours_opinions]: All opinions size= 6
1749830289.7505944 [publish_wind_direction-4] [INFO] [1749830289.749929397] [publish_wind_direction]: Pose Response: pos=array('f', [120.33331298828125, 316.6761169433594]) yaw=-35.553627014160156 frame_number = 117516
1749830289.7528584 [publish_wind_direction-4] [INFO] [1749830289.752379712] [publish_wind_direction]: ***Cam angle= -999.0, vico ang deg= -35.553627014160156 Ground Truth= 45.446372985839844
1749830289.7554352 [publish_wind_direction-4] [INFO] [1749830289.754941415] [publish_wind_direction]: Neighbour info requested
1749830289.8640728 [service_neighbours_opinions-3] [INFO] [1749830289.862957008] [service_neighbours_opinions]: * Received from id136, wind direction N
1749830289.8689010 [service_neighbours_opinions-3] [INFO] [1749830289.868347786] [service_neighbours_opinions]: All opinions = {'id224': 'E', 'id207': 'S', 'id136': 'N', 'id193': 'S', 'id192': 'E', 'id142': 'W'}
1749830289.8711758 [service_neighbours_opinions-3] [INFO] [1749830289.870653193] [service_neighbours_opinions]: All opinions size= 6
1749830290.0342505 [service_neighbours_opinions-3] [INFO] [1749830290.033237267] [service_neighbours_opinions]: * Received from id224, wind direction N
1749830290.0394855 [service_neighbours_opinions-3] [INFO] [1749830290.038571693] [service_neighbours_opinions]: All opinions = {'id224': 'N', 'id207': 'S', 'id136': 'N', 'id193': 'S', 'id192': 'E', 'id142': 'W'}
1749830290.0416682 [service_neighbours_opinions-3] [INFO] [1749830290.041098582] [service_neighbours_opinions]: All opinions size= 6
1749830292.4780669 [publish_wind_direction-4] [INFO] [1749830292.477208154] [publish_wind_direction]: Main Pub Node: Requesting Pose Info
1749830292.4836287 [service_vicon_node-2] [INFO] [1749830292.482725784] [service_vicon_node]: Request received. Responding with pos=array('f', [199.2233428955078, 259.0381164550781]), yaw=82.59300045462699, neigh=['id195', 'id200', 'id189', 'id155', 'id151', 'id136', 'id194', 'id68', 'id137', 'id207']Response to be returned: service_messages.srv.GetPoseData_Response(my_position_xy=[199.2233428955078, 259.0381164550781], my_vicon_yaw=82.59300045462699, neighbours_by_id=['id195', 'id200', 'id189', 'id155', 'id151', 'id136', 'id194', 'id68', 'id137', 'id207'], global_frame_number=117692)
1749830293.6259441 [service_neighbours_opinions-3] [INFO] [1749830293.625036561] [service_neighbours_opinions]: * Received from id207, wind direction S
1749830293.6301641 [service_neighbours_opinions-3] [INFO] [1749830293.629359913] [service_neighbours_opinions]: All opinions = {'id224': 'N', 'id207': 'S', 'id136': 'N', 'id193': 'S', 'id192': 'E', 'id142': 'W'}
1749830293.6344903 [service_neighbours_opinions-3] [INFO] [1749830293.633553746] [service_neighbours_opinions]: All opinions size= 6
1749830294.7768106 [publish_wind_direction-4] [INFO] [1749830294.776230060] [publish_wind_direction]: Pose Response: pos=array('f', [199.2233428955078, 259.0381164550781]) yaw=82.59300231933594 frame_number = 117692
1749830294.7793331 [publish_wind_direction-4] [INFO] [1749830294.778624542] [publish_wind_direction]: ***Cam angle= -82.75270300472756, vico ang deg= 82.59300231933594 Ground Truth= 359.8402993146084
1749830294.7816734 [publish_wind_direction-4] [INFO] [1749830294.780995005] [publish_wind_direction]: Neighbour info requested
1749830294.9400239 [service_neighbours_opinions-3] [INFO] [1749830294.938902449] [service_neighbours_opinions]: * Received from id136, wind direction W
1749830294.9442513 [service_neighbours_opinions-3] [INFO] [1749830294.943736449] [service_neighbours_opinions]: All opinions = {'id224': 'N', 'id207': 'S', 'id136': 'W', 'id193': 'S', 'id192': 'E', 'id142': 'W'}
1749830294.9466770 [service_neighbours_opinions-3] [INFO] [1749830294.946054005] [service_neighbours_opinions]: All opinions size= 6
1749830294.9591620 [service_neighbours_opinions-3] [INFO] [1749830294.958551153] [service_neighbours_opinions]: * Received from id224, wind direction W
1749830294.9616392 [service_neighbours_opinions-3] [INFO] [1749830294.961037560] [service_neighbours_opinions]: All opinions = {'id224': 'W', 'id207': 'S', 'id136': 'W', 'id193': 'S', 'id192': 'E', 'id142': 'W'}
1749830294.9644580 [service_neighbours_opinions-3] [INFO] [1749830294.963826023] [service_neighbours_opinions]: All opinions size= 6
1749830297.4786220 [publish_wind_direction-4] [INFO] [1749830297.477741577] [publish_wind_direction]: Main Pub Node: Requesting Pose Info
1749830297.4836826 [service_vicon_node-2] [INFO] [1749830297.482870355] [service_vicon_node]: Request received. Responding with pos=array('f', [234.4700927734375, 301.7096862792969]), yaw=119.03480043259276, neigh=['id195', 'id1193', 'id200', 'id189', 'id155', 'id151', 'id136', 'id194', 'id68', 'id137', 'id207']Response to be returned: service_messages.srv.GetPoseData_Response(my_position_xy=[234.4700927734375, 301.7096862792969], my_vicon_yaw=119.03480043259276, neighbours_by_id=['id195', 'id1193', 'id200', 'id189', 'id155', 'id151', 'id136', 'id194', 'id68', 'id137', 'id207'], global_frame_number=117842)
1749830298.2520463 [service_vicon_node-2] [INFO] [1749830298.250878003] [service_vicon_node]: Vicon Position= [235.41053771972656, 309.9754333496094], yaw: 136.07214649278555
1749830298.2550886 [service_vicon_node-2] [INFO] [1749830298.254498373] [service_vicon_node]: Neighbours: {'id195', 'id1193', 'id200', 'id189', 'id155', 'id151', 'id136', 'id194', 'id68', 'id137', 'id207'}
1749830298.6004317 [service_neighbours_opinions-3] [INFO] [1749830298.598694428] [service_neighbours_opinions]: * Received from id207, wind direction N
1749830298.6056707 [service_neighbours_opinions-3] [INFO] [1749830298.605017077] [service_neighbours_opinions]: Comm. Noise, new received opinion: S
1749830298.6081893 [service_neighbours_opinions-3] [INFO] [1749830298.607642540] [service_neighbours_opinions]: All opinions = {'id224': 'W', 'id207': 'S', 'id136': 'W', 'id193': 'S', 'id192': 'E', 'id142': 'W'}
1749830298.6105809 [service_neighbours_opinions-3] [INFO] [1749830298.609970614] [service_neighbours_opinions]: All opinions size= 6
1749830299.9027014 [publish_wind_direction-4] [INFO] [1749830299.902053835] [publish_wind_direction]: Pose Response: pos=array('f', [234.4700927734375, 301.7096862792969]) yaw=119.03479766845703 frame_number = 117842
1749830299.9049625 [publish_wind_direction-4] [INFO] [1749830299.904483631] [publish_wind_direction]: ***Cam angle= -142.1985203730681, vico ang deg= 119.03479766845703 Ground Truth= 336.8362772953889
1749830299.9073493 [publish_wind_direction-4] [INFO] [1749830299.906829113] [publish_wind_direction]: Neighbour info requested
1749830299.9248104 [service_neighbours_opinions-3] [INFO] [1749830299.923937668] [service_neighbours_opinions]: * Received from id136, wind direction E
1749830299.9290781 [service_neighbours_opinions-3] [INFO] [1749830299.928327705] [service_neighbours_opinions]: All opinions = {'id224': 'W', 'id207': 'S', 'id136': 'E', 'id193': 'S', 'id192': 'E', 'id142': 'W'}
1749830299.9329782 [service_neighbours_opinions-3] [INFO] [1749830299.932422483] [service_neighbours_opinions]: All opinions size= 6
1749830300.1105001 [service_neighbours_opinions-3] [INFO] [1749830300.109297391] [service_neighbours_opinions]: * Received from id224, wind direction S
1749830300.1150436 [service_neighbours_opinions-3] [INFO] [1749830300.114542353] [service_neighbours_opinions]: All opinions = {'id224': 'S', 'id207': 'S', 'id136': 'E', 'id193': 'S', 'id192': 'E', 'id142': 'W'}
1749830300.1173084 [service_neighbours_opinions-3] [INFO] [1749830300.116798205] [service_neighbours_opinions]: All opinions size= 6
1749830302.4823267 [publish_wind_direction-4] [INFO] [1749830302.480858759] [publish_wind_direction]: Main Pub Node: Requesting Pose Info
1749830302.4874578 [service_vicon_node-2] [INFO] [1749830302.486768426] [service_vicon_node]: Request received. Responding with pos=array('f', [238.0854034423828, 310.61041259765625]), yaw=153.26968276919854, neigh=['id195', 'id200', 'id155', 'id151', 'id136', 'id194', 'id68', 'id137', 'id207']Response to be returned: service_messages.srv.GetPoseData_Response(my_position_xy=[238.0854034423828, 310.61041259765625], my_vicon_yaw=153.26968276919854, neighbours_by_id=['id195', 'id200', 'id155', 'id151', 'id136', 'id194', 'id68', 'id137', 'id207'], global_frame_number=117972)
1749830303.6128020 [service_neighbours_opinions-3] [INFO] [1749830303.612001796] [service_neighbours_opinions]: * Received from id207, wind direction E
1749830303.6163518 [service_neighbours_opinions-3] [INFO] [1749830303.615653074] [service_neighbours_opinions]: All opinions = {'id224': 'S', 'id207': 'E', 'id136': 'E', 'id193': 'S', 'id192': 'E', 'id142': 'W'}
1749830303.6196585 [service_neighbours_opinions-3] [INFO] [1749830303.619099129] [service_neighbours_opinions]: All opinions size= 6
1749830304.8264344 [publish_wind_direction-4] [INFO] [1749830304.825752203] [publish_wind_direction]: Pose Response: pos=array('f', [238.0854034423828, 310.61041259765625]) yaw=153.26968383789062 frame_number = 117972
1749830304.8287745 [publish_wind_direction-4] [INFO] [1749830304.828291499] [publish_wind_direction]: ***Cam angle= -208.72196991286512, vico ang deg= 153.26968383789062 Ground Truth= 304.5477139250255
1749830304.8313191 [publish_wind_direction-4] [INFO] [1749830304.830574573] [publish_wind_direction]: Neighbour info requested
1749830304.8896728 [service_neighbours_opinions-3] [INFO] [1749830304.888857110] [service_neighbours_opinions]: * Received from id136, wind direction W
1749830304.8929765 [service_neighbours_opinions-3] [INFO] [1749830304.892351073] [service_neighbours_opinions]: All opinions = {'id224': 'S', 'id207': 'E', 'id136': 'W', 'id193': 'S', 'id192': 'E', 'id142': 'W'}
1749830304.8961868 [service_neighbours_opinions-3] [INFO] [1749830304.895556869] [service_neighbours_opinions]: All opinions size= 6
1749830304.9963684 [service_neighbours_opinions-3] [INFO] [1749830304.995367036] [service_neighbours_opinions]: * Received from id224, wind direction W
1749830305.0016634 [service_neighbours_opinions-3] [INFO] [1749830305.000659258] [service_neighbours_opinions]: All opinions = {'id224': 'W', 'id207': 'E', 'id136': 'W', 'id193': 'S', 'id192': 'E', 'id142': 'W'}
1749830305.0048525 [service_neighbours_opinions-3] [INFO] [1749830305.004332832] [service_neighbours_opinions]: All opinions size= 6
1749830307.4788063 [publish_wind_direction-4] [INFO] [1749830307.477752664] [publish_wind_direction]: Main Pub Node: Requesting Pose Info
1749830307.4837737 [service_vicon_node-2] [INFO] [1749830307.483047682] [service_vicon_node]: Request received. Responding with pos=array('f', [168.47601318359375, 369.23382568359375]), yaw=-96.55042284284102, neigh=['id195', 'id1193', 'id200', 'id155', 'id136', 'id194', 'id68', 'id137', 'id207']Response to be returned: service_messages.srv.GetPoseData_Response(my_position_xy=[168.47601318359375, 369.23382568359375], my_vicon_yaw=-96.55042284284102, neighbours_by_id=['id195', 'id1193', 'id200', 'id155', 'id136', 'id194', 'id68', 'id137', 'id207'], global_frame_number=118142)
1749830308.6592510 [service_neighbours_opinions-3] [INFO] [1749830308.657993515] [service_neighbours_opinions]: * Received from id207, wind direction S
1749830308.6653171 [service_neighbours_opinions-3] [INFO] [1749830308.664681737] [service_neighbours_opinions]: Comm. Noise, new received opinion: N
1749830308.6678038 [service_neighbours_opinions-3] [INFO] [1749830308.667244163] [service_neighbours_opinions]: All opinions = {'id224': 'W', 'id207': 'N', 'id136': 'W', 'id193': 'S', 'id192': 'E', 'id142': 'W'}
1749830308.6701186 [service_neighbours_opinions-3] [INFO] [1749830308.669582385] [service_neighbours_opinions]: All opinions size= 6
1749830308.9977548 [service_vicon_node-2] [INFO] [1749830308.996971719] [service_vicon_node]: Vicon Position= [138.3369903564453, 341.58123779296875], yaw: -58.60167623793799
1749830309.0012124 [service_vicon_node-2] [INFO] [1749830309.000515441] [service_vicon_node]: Neighbours: {'id195', 'id1193', 'id200', 'id155', 'id136', 'id194', 'id68', 'id137', 'id207'}
1749830309.8123963 [publish_wind_direction-4] [INFO] [1749830309.811794533] [publish_wind_direction]: Pose Response: pos=array('f', [168.47601318359375, 369.23382568359375]) yaw=-96.55042266845703 frame_number = 118142
1749830309.8147433 [publish_wind_direction-4] [INFO] [1749830309.814188125] [publish_wind_direction]: ***Cam angle= -999.0, vico ang deg= -96.55042266845703 Ground Truth= 344.44957733154297
1749830309.8170369 [publish_wind_direction-4] [INFO] [1749830309.816511718] [publish_wind_direction]: Neighbour info requested
1749830309.8303227 [service_neighbours_opinions-3] [INFO] [1749830309.829577811] [service_neighbours_opinions]: * Received from id136, wind direction W
1749830309.8339198 [service_neighbours_opinions-3] [INFO] [1749830309.833258459] [service_neighbours_opinions]: All opinions = {'id224': 'W', 'id207': 'N', 'id136': 'W', 'id193': 'S', 'id192': 'E', 'id142': 'W'}
1749830309.8375952 [service_neighbours_opinions-3] [INFO] [1749830309.836825903] [service_neighbours_opinions]: All opinions size= 6
1749830309.9566460 [service_neighbours_opinions-3] [INFO] [1749830309.955800699] [service_neighbours_opinions]: * Received from id224, wind direction W
1749830309.9602594 [service_neighbours_opinions-3] [INFO] [1749830309.959695403] [service_neighbours_opinions]: Comm. Noise, new received opinion: S
1749830309.9630828 [service_neighbours_opinions-3] [INFO] [1749830309.962530162] [service_neighbours_opinions]: All opinions = {'id224': 'S', 'id207': 'N', 'id136': 'W', 'id193': 'S', 'id192': 'E', 'id142': 'W'}
1749830309.9660175 [service_neighbours_opinions-3] [INFO] [1749830309.965282125] [service_neighbours_opinions]: All opinions size= 6
1749830312.4776556 [publish_wind_direction-4] [INFO] [1749830312.476862920] [publish_wind_direction]: Main Pub Node: Requesting Pose Info
1749830312.4831359 [service_vicon_node-2] [INFO] [1749830312.482250142] [service_vicon_node]: Request received. Responding with pos=array('f', [135.61940002441406, 324.17840576171875]), yaw=-18.30270185341079, neigh=['id195', 'id1193', 'id200', 'id155', 'id151', 'id136', 'id194', 'id68', 'id137', 'id207']Response to be returned: service_messages.srv.GetPoseData_Response(my_position_xy=[135.61940002441406, 324.17840576171875], my_vicon_yaw=-18.30270185341079, neighbours_by_id=['id195', 'id1193', 'id200', 'id155', 'id151', 'id136', 'id194', 'id68', 'id137', 'id207'], global_frame_number=118291)
1749830313.5768075 [service_neighbours_opinions-3] [INFO] [1749830313.575627475] [service_neighbours_opinions]: * Received from id207, wind direction E
1749830313.5813878 [service_neighbours_opinions-3] [INFO] [1749830313.580847790] [service_neighbours_opinions]: All opinions = {'id224': 'S', 'id207': 'E', 'id136': 'W', 'id193': 'S', 'id192': 'E', 'id142': 'W'}
1749830313.5837028 [service_neighbours_opinions-3] [INFO] [1749830313.583155494] [service_neighbours_opinions]: All opinions size= 6
1749830314.8534479 [service_neighbours_opinions-3] [INFO] [1749830314.852755197] [service_neighbours_opinions]: * Received from id136, wind direction W
1749830314.8563344 [service_neighbours_opinions-3] [INFO] [1749830314.855703882] [service_neighbours_opinions]: All opinions = {'id224': 'S', 'id207': 'E', 'id136': 'W', 'id193': 'S', 'id192': 'E', 'id142': 'W'}
1749830314.8592138 [service_neighbours_opinions-3] [INFO] [1749830314.858549363] [service_neighbours_opinions]: All opinions size= 6
1749830314.9321878 [publish_wind_direction-4] [INFO] [1749830314.931608011] [publish_wind_direction]: Pose Response: pos=array('f', [135.61940002441406, 324.17840576171875]) yaw=-18.302701950073242 frame_number = 118291
1749830314.9347630 [publish_wind_direction-4] [INFO] [1749830314.934131974] [publish_wind_direction]: ***Cam angle= 34.30204808276608, vico ang deg= -18.302701950073242 Ground Truth= 15.999346132692835
1749830314.9372108 [publish_wind_direction-4] [INFO] [1749830314.936655752] [publish_wind_direction]: Neighbour info requested
1749830315.1447008 [service_neighbours_opinions-3] [INFO] [1749830315.143993474] [service_neighbours_opinions]: * Received from id224, wind direction W
1749830315.1481528 [service_neighbours_opinions-3] [INFO] [1749830315.147264919] [service_neighbours_opinions]: All opinions = {'id224': 'W', 'id207': 'E', 'id136': 'W', 'id193': 'S', 'id192': 'E', 'id142': 'W'}
1749830315.1512399 [service_neighbours_opinions-3] [INFO] [1749830315.150614437] [service_neighbours_opinions]: All opinions size= 6
1749830317.4804826 [publish_wind_direction-4] [INFO] [1749830317.479812214] [publish_wind_direction]: Main Pub Node: Requesting Pose Info
1749830317.4844644 [service_vicon_node-2] [INFO] [1749830317.483788436] [service_vicon_node]: Request received. Responding with pos=array('f', [174.98927307128906, 265.81439208984375]), yaw=38.00147495322688, neigh=['id195', 'id1193', 'id200', 'id155', 'id151', 'id136', 'id194', 'id68', 'id207']Response to be returned: service_messages.srv.GetPoseData_Response(my_position_xy=[174.98927307128906, 265.81439208984375], my_vicon_yaw=38.00147495322688, neighbours_by_id=['id195', 'id1193', 'id200', 'id155', 'id151', 'id136', 'id194', 'id68', 'id207'], global_frame_number=118443)
1749830318.6154943 [service_neighbours_opinions-3] [INFO] [1749830318.614726583] [service_neighbours_opinions]: * Received from id207, wind direction E
1749830318.6190047 [service_neighbours_opinions-3] [INFO] [1749830318.618011379] [service_neighbours_opinions]: All opinions = {'id224': 'W', 'id207': 'E', 'id136': 'W', 'id193': 'S', 'id192': 'E', 'id142': 'W'}
1749830318.6216750 [service_neighbours_opinions-3] [INFO] [1749830318.621033879] [service_neighbours_opinions]: All opinions size= 6
1749830319.0462267 [service_vicon_node-2] [INFO] [1749830319.044952768] [service_vicon_node]: Vicon Position= [249.4604949951172, 342.2038269042969], yaw: 169.62119101270875
1749830319.0495040 [service_vicon_node-2] [INFO] [1749830319.048931416] [service_vicon_node]: Neighbours: {'id195', 'id1193', 'id200', 'id155', 'id151', 'id68', 'id207'}
1749830319.8165784 [publish_wind_direction-4] [INFO] [1749830319.815993694] [publish_wind_direction]: Pose Response: pos=array('f', [174.98927307128906, 265.81439208984375]) yaw=38.0014762878418 frame_number = 118443
1749830319.8188813 [publish_wind_direction-4] [INFO] [1749830319.818313120] [publish_wind_direction]: ***Cam angle= -999.0, vico ang deg= 38.0014762878418 Ground Truth= 119.0014762878418
1749830319.8211145 [publish_wind_direction-4] [INFO] [1749830319.820610231] [publish_wind_direction]: Neighbour info requested
1749830319.8298059 [service_neighbours_opinions-3] [INFO] [1749830319.829216545] [service_neighbours_opinions]: * Received from id136, wind direction W
1749830319.8321333 [service_neighbours_opinions-3] [INFO] [1749830319.831559249] [service_neighbours_opinions]: All opinions = {'id224': 'W', 'id207': 'E', 'id136': 'W', 'id193': 'S', 'id192': 'E', 'id142': 'W'}
1749830319.8348708 [service_neighbours_opinions-3] [INFO] [1749830319.834156638] [service_neighbours_opinions]: All opinions size= 6
1749830320.0199873 [service_neighbours_opinions-3] [INFO] [1749830320.018983434] [service_neighbours_opinions]: * Received from id224, wind direction S
1749830320.0252805 [service_neighbours_opinions-3] [INFO] [1749830320.024285268] [service_neighbours_opinions]: All opinions = {'id224': 'S', 'id207': 'E', 'id136': 'W', 'id193': 'S', 'id192': 'E', 'id142': 'W'}
1749830320.0290902 [service_neighbours_opinions-3] [INFO] [1749830320.028560879] [service_neighbours_opinions]: All opinions size= 6
1749830322.4767547 [publish_wind_direction-4] [INFO] [1749830322.475980951] [publish_wind_direction]: Main Pub Node: Requesting Pose Info
1749830322.4814816 [service_vicon_node-2] [INFO] [1749830322.480708525] [service_vicon_node]: Request received. Responding with pos=array('f', [242.38780212402344, 276.2315979003906]), yaw=115.03856239148463, neigh=['id195', 'id1193', 'id200', 'id155', 'id151', 'id136', 'id68', 'id207']Response to be returned: service_messages.srv.GetPoseData_Response(my_position_xy=[242.38780212402344, 276.2315979003906], my_vicon_yaw=115.03856239148463, neighbours_by_id=['id195', 'id1193', 'id200', 'id155', 'id151', 'id136', 'id68', 'id207'], global_frame_number=118592)
1749830323.6115770 [service_neighbours_opinions-3] [INFO] [1749830323.610798932] [service_neighbours_opinions]: * Received from id207, wind direction W
1749830323.6150916 [service_neighbours_opinions-3] [INFO] [1749830323.614109302] [service_neighbours_opinions]: All opinions = {'id224': 'S', 'id207': 'W', 'id136': 'W', 'id193': 'S', 'id192': 'E', 'id142': 'W'}
1749830323.6182630 [service_neighbours_opinions-3] [INFO] [1749830323.617374099] [service_neighbours_opinions]: All opinions size= 6
1749830324.8496482 [service_neighbours_opinions-3] [INFO] [1749830324.848977931] [service_neighbours_opinions]: * Received from id136, wind direction S
1749830324.8528183 [service_neighbours_opinions-3] [INFO] [1749830324.852147672] [service_neighbours_opinions]: All opinions = {'id224': 'S', 'id207': 'W', 'id136': 'S', 'id193': 'S', 'id192': 'E', 'id142': 'W'}
1749830324.8555946 [service_neighbours_opinions-3] [INFO] [1749830324.854709265] [service_neighbours_opinions]: All opinions size= 6
1749830324.8950069 [publish_wind_direction-4] [INFO] [1749830324.894436191] [publish_wind_direction]: Pose Response: pos=array('f', [242.38780212402344, 276.2315979003906]) yaw=115.03855895996094 frame_number = 118592
1749830324.8974338 [publish_wind_direction-4] [INFO] [1749830324.896798950] [publish_wind_direction]: ***Cam angle= -107.11918295903888, vico ang deg= 115.03855895996094 Ground Truth= 7.919376000922057
1749830324.9000533 [publish_wind_direction-4] [INFO] [1749830324.899423098] [publish_wind_direction]: Neighbour info requested
1749830325.1196313 [service_neighbours_opinions-3] [INFO] [1749830325.118609265] [service_neighbours_opinions]: * Received from id224, wind direction W
1749830325.1247327 [service_neighbours_opinions-3] [INFO] [1749830325.123918339] [service_neighbours_opinions]: All opinions = {'id224': 'W', 'id207': 'W', 'id136': 'S', 'id193': 'S', 'id192': 'E', 'id142': 'W'}
1749830325.1269865 [service_neighbours_opinions-3] [INFO] [1749830325.126482357] [service_neighbours_opinions]: All opinions size= 6
1749830327.4774430 [publish_wind_direction-4] [INFO] [1749830327.476603171] [publish_wind_direction]: Main Pub Node: Requesting Pose Info
1749830327.4832780 [service_vicon_node-2] [INFO] [1749830327.482416208] [service_vicon_node]: Request received. Responding with pos=array('f', [261.17596435546875, 330.0419006347656]), yaw=157.83805092811997, neigh=['id195', 'id1193', 'id200', 'id155', 'id151', 'id68', 'id207']Response to be returned: service_messages.srv.GetPoseData_Response(my_position_xy=[261.17596435546875, 330.0419006347656], my_vicon_yaw=157.83805092811997, neighbours_by_id=['id195', 'id1193', 'id200', 'id155', 'id151', 'id68', 'id207'], global_frame_number=118740)
1749830328.5746851 [service_neighbours_opinions-3] [INFO] [1749830328.573751874] [service_neighbours_opinions]: * Received from id207, wind direction S
1749830328.5785480 [service_neighbours_opinions-3] [INFO] [1749830328.577745448] [service_neighbours_opinions]: All opinions = {'id224': 'W', 'id207': 'S', 'id136': 'S', 'id193': 'S', 'id192': 'E', 'id142': 'W'}
1749830328.5824041 [service_neighbours_opinions-3] [INFO] [1749830328.581541929] [service_neighbours_opinions]: All opinions size= 6
1749830329.1864159 [service_vicon_node-2] [INFO] [1749830329.185629466] [service_vicon_node]: Vicon Position= [156.83102416992188, 330.85211181640625], yaw: -48.738966858322925
1749830329.1896367 [service_vicon_node-2] [INFO] [1749830329.188979132] [service_vicon_node]: Neighbours: {'id1193', 'id200', 'id155', 'id151', 'id152', 'id136', 'id68', 'id207'}
1749830329.8304965 [publish_wind_direction-4] [INFO] [1749830329.829872669] [publish_wind_direction]: Pose Response: pos=array('f', [261.17596435546875, 330.0419006347656]) yaw=157.8380584716797 frame_number = 118740
1749830329.8327296 [publish_wind_direction-4] [INFO] [1749830329.832249706] [publish_wind_direction]: ***Cam angle= -999.0, vico ang deg= 157.8380584716797 Ground Truth= 238.8380584716797
1749830329.8350430 [publish_wind_direction-4] [INFO] [1749830329.834529243] [publish_wind_direction]: Neighbour info requested
1749830329.9641287 [service_neighbours_opinions-3] [INFO] [1749830329.963007002] [service_neighbours_opinions]: * Received from id136, wind direction N
1749830329.9683144 [service_neighbours_opinions-3] [INFO] [1749830329.967804725] [service_neighbours_opinions]: All opinions = {'id224': 'W', 'id207': 'S', 'id136': 'N', 'id193': 'S', 'id192': 'E', 'id142': 'W'}
1749830329.9705570 [service_neighbours_opinions-3] [INFO] [1749830329.970007539] [service_neighbours_opinions]: All opinions size= 6
1749830329.9731970 [service_neighbours_opinions-3] [INFO] [1749830329.972704354] [service_neighbours_opinions]: * Received from id224, wind direction S
1749830329.9755111 [service_neighbours_opinions-3] [INFO] [1749830329.975000651] [service_neighbours_opinions]: All opinions = {'id224': 'S', 'id207': 'S', 'id136': 'N', 'id193': 'S', 'id192': 'E', 'id142': 'W'}
1749830329.9777086 [service_neighbours_opinions-3] [INFO] [1749830329.977205780] [service_neighbours_opinions]: All opinions size= 6
1749830332.4807110 [publish_wind_direction-4] [INFO] [1749830332.479561797] [publish_wind_direction]: Main Pub Node: Requesting Pose Info
1749830332.4878070 [service_vicon_node-2] [INFO] [1749830332.486896279] [service_vicon_node]: Request received. Responding with pos=array('f', [214.5575714111328, 371.00396728515625]), yaw=-124.53507796492858, neigh=['id1193', 'id200', 'id155', 'id151', 'id68', 'id207']Response to be returned: service_messages.srv.GetPoseData_Response(my_position_xy=[214.5575714111328, 371.00396728515625], my_vicon_yaw=-124.53507796492858, neighbours_by_id=['id1193', 'id200', 'id155', 'id151', 'id68', 'id207'], global_frame_number=118892)
1749830333.6527202 [service_neighbours_opinions-3] [INFO] [1749830333.651874945] [service_neighbours_opinions]: * Received from id207, wind direction N
1749830333.6570988 [service_neighbours_opinions-3] [INFO] [1749830333.656370722] [service_neighbours_opinions]: Comm. Noise, new received opinion: E
1749830333.6599548 [service_neighbours_opinions-3] [INFO] [1749830333.659312648] [service_neighbours_opinions]: All opinions = {'id224': 'S', 'id207': 'E', 'id136': 'N', 'id193': 'S', 'id192': 'E', 'id142': 'W'}
1749830333.6627133 [service_neighbours_opinions-3] [INFO] [1749830333.662026463] [service_neighbours_opinions]: All opinions size= 6
1749830334.8330147 [publish_wind_direction-4] [INFO] [1749830334.832355092] [publish_wind_direction]: Pose Response: pos=array('f', [214.5575714111328, 371.00396728515625]) yaw=-124.53507995605469 frame_number = 118892
1749830334.8355794 [publish_wind_direction-4] [INFO] [1749830334.835044981] [publish_wind_direction]: ***Cam angle= -999.0, vico ang deg= -124.53507995605469 Ground Truth= 316.4649200439453
1749830334.8384192 [publish_wind_direction-4] [INFO] [1749830334.837440314] [publish_wind_direction]: Neighbour info requested
1749830334.9999287 [service_neighbours_opinions-3] [INFO] [1749830334.998790129] [service_neighbours_opinions]: * Received from id136, wind direction W
1749830335.0046957 [service_neighbours_opinions-3] [INFO] [1749830335.004069629] [service_neighbours_opinions]: All opinions = {'id224': 'S', 'id207': 'E', 'id136': 'W', 'id193': 'S', 'id192': 'E', 'id142': 'W'}
1749830335.0070858 [service_neighbours_opinions-3] [INFO] [1749830335.006557536] [service_neighbours_opinions]: All opinions size= 6
1749830335.0710766 [service_neighbours_opinions-3] [INFO] [1749830335.069509610] [service_neighbours_opinions]: * Received from id224, wind direction E
1749830335.0758138 [service_neighbours_opinions-3] [INFO] [1749830335.075207388] [service_neighbours_opinions]: All opinions = {'id224': 'E', 'id207': 'E', 'id136': 'W', 'id193': 'S', 'id192': 'E', 'id142': 'W'}
1749830335.0781302 [service_neighbours_opinions-3] [INFO] [1749830335.077607536] [service_neighbours_opinions]: All opinions size= 6
                                                                                                                                                                                                                                                                                                                                                                                                                                                                                                                                                                                                                                                                                                                                                                                                                                                                                                                                                                                                                                                                                                                                                                                                                                                                                                                                                                                                                                                                                                                                                                                                                                                                                                                                                                                                                                                                                                                                                                                                                                                                                                                                                                                                                                                                                                                                                                                                                                                                                                                                                                                                                                                                                                                                                                                                                                                                                                                                                                                                                                                                                                                              