[  2%] Built target vicon_receiver__cpp
[ 12%] Built target vicon_receiver__rosidl_generator_c
[ 12%] Built target ament_cmake_python_copy_vicon_receiver
[ 23%] Built target vicon_receiver__rosidl_typesupport_cpp
[ 33%] Built target vicon_receiver__rosidl_typesupport_introspection_cpp
[ 43%] Built target vicon_receiver__rosidl_typesupport_fastrtps_cpp
[ 58%] Built target vicon_receiver__rosidl_typesupport_introspection_c
[ 64%] Built target vicon_receiver__rosidl_typesupport_c
[ 74%] Built target vicon_receiver__rosidl_typesupport_fastrtps_c
[ 74%] Built target vicon_receiver
[ 76%] Built target vicon_receiver__py
[ 84%] Built target vicon_receiver__rosidl_generator_py
[100%] Built target vicon_receiver__rosidl_typesupport_introspection_c__pyext
[100%] Built target vicon_receiver__rosidl_typesupport_fastrtps_c__pyext
[100%] Built target vicon_receiver__rosidl_typesupport_c__pyext
running egg_info
writing vicon_receiver.egg-info/PKG-INFO
writing dependency_links to vicon_receiver.egg-info/dependency_links.txt
writing top-level names to vicon_receiver.egg-info/top_level.txt
reading manifest file 'vicon_receiver.egg-info/SOURCES.txt'
writing manifest file 'vicon_receiver.egg-info/SOURCES.txt'
[100%] Built target ament_cmake_python_build_vicon_receiver_egg
-- Install configuration: ""
-- Installing: /home/nomaan/ros2_ws/install/vicon_receiver/share/ament_index/resource_index/rosidl_interfaces/vicon_receiver
-- Installing: /home/nomaan/ros2_ws/install/vicon_receiver/include/vicon_receiver/vicon_receiver
-- Installing: /home/nomaan/ros2_ws/install/vicon_receiver/include/vicon_receiver/vicon_receiver/msg
-- Installing: /home/nomaan/ros2_ws/install/vicon_receiver/include/vicon_receiver/vicon_receiver/msg/position_list.h
-- Installing: /home/nomaan/ros2_ws/install/vicon_receiver/include/vicon_receiver/vicon_receiver/msg/detail
-- Installing: /home/nomaan/ros2_ws/install/vicon_receiver/include/vicon_receiver/vicon_receiver/msg/detail/position_list__struct.h
-- Installing: /home/nomaan/ros2_ws/install/vicon_receiver/include/vicon_receiver/vicon_receiver/msg/detail/position__functions.c
-- Installing: /home/nomaan/ros2_ws/install/vicon_receiver/include/vicon_receiver/vicon_receiver/msg/detail/position_list__functions.c
-- Installing: /home/nomaan/ros2_ws/install/vicon_receiver/include/vicon_receiver/vicon_receiver/msg/detail/position__functions.h
-- Installing: /home/nomaan/ros2_ws/install/vicon_receiver/include/vicon_receiver/vicon_receiver/msg/detail/position__type_support.h
-- Installing: /home/nomaan/ros2_ws/install/vicon_receiver/include/vicon_receiver/vicon_receiver/msg/detail/position_list__type_support.h
-- Installing: /home/nomaan/ros2_ws/install/vicon_receiver/include/vicon_receiver/vicon_receiver/msg/detail/position_list__functions.h
-- Installing: /home/nomaan/ros2_ws/install/vicon_receiver/include/vicon_receiver/vicon_receiver/msg/detail/position__struct.h
-- Installing: /home/nomaan/ros2_ws/install/vicon_receiver/include/vicon_receiver/vicon_receiver/msg/rosidl_generator_c__visibility_control.h
-- Installing: /home/nomaan/ros2_ws/install/vicon_receiver/include/vicon_receiver/vicon_receiver/msg/position.h
-- Installing: /home/nomaan/ros2_ws/install/vicon_receiver/share/vicon_receiver/environment/library_path.sh
-- Installing: /home/nomaan/ros2_ws/install/vicon_receiver/share/vicon_receiver/environment/library_path.dsv
-- Installing: /home/nomaan/ros2_ws/install/vicon_receiver/lib/libvicon_receiver__rosidl_generator_c.so
-- Set runtime path of "/home/nomaan/ros2_ws/install/vicon_receiver/lib/libvicon_receiver__rosidl_generator_c.so" to ""
-- Up-to-date: /home/nomaan/ros2_ws/install/vicon_receiver/include/vicon_receiver/vicon_receiver
-- Up-to-date: /home/nomaan/ros2_ws/install/vicon_receiver/include/vicon_receiver/vicon_receiver/msg
-- Up-to-date: /home/nomaan/ros2_ws/install/vicon_receiver/include/vicon_receiver/vicon_receiver/msg/detail
-- Installing: /home/nomaan/ros2_ws/install/vicon_receiver/include/vicon_receiver/vicon_receiver/msg/detail/position_list__rosidl_typesupport_fastrtps_c.h
-- Installing: /home/nomaan/ros2_ws/install/vicon_receiver/include/vicon_receiver/vicon_receiver/msg/detail/position__rosidl_typesupport_fastrtps_c.h
-- Installing: /home/nomaan/ros2_ws/install/vicon_receiver/include/vicon_receiver/vicon_receiver/msg/rosidl_typesupport_fastrtps_c__visibility_control.h
-- Installing: /home/nomaan/ros2_ws/install/vicon_receiver/lib/libvicon_receiver__rosidl_typesupport_fastrtps_c.so
-- Set runtime path of "/home/nomaan/ros2_ws/install/vicon_receiver/lib/libvicon_receiver__rosidl_typesupport_fastrtps_c.so" to ""
-- Up-to-date: /home/nomaan/ros2_ws/install/vicon_receiver/include/vicon_receiver/vicon_receiver
-- Up-to-date: /home/nomaan/ros2_ws/install/vicon_receiver/include/vicon_receiver/vicon_receiver/msg
-- Up-to-date: /home/nomaan/ros2_ws/install/vicon_receiver/include/vicon_receiver/vicon_receiver/msg/detail
-- Installing: /home/nomaan/ros2_ws/install/vicon_receiver/include/vicon_receiver/vicon_receiver/msg/detail/position_list__type_support.c
-- Installing: /home/nomaan/ros2_ws/install/vicon_receiver/include/vicon_receiver/vicon_receiver/msg/detail/position_list__rosidl_typesupport_introspection_c.h
-- Installing: /home/nomaan/ros2_ws/install/vicon_receiver/include/vicon_receiver/vicon_receiver/msg/detail/position__rosidl_typesupport_introspection_c.h
-- Installing: /home/nomaan/ros2_ws/install/vicon_receiver/include/vicon_receiver/vicon_receiver/msg/detail/position__type_support.c
-- Installing: /home/nomaan/ros2_ws/install/vicon_receiver/include/vicon_receiver/vicon_receiver/msg/rosidl_typesupport_introspection_c__visibility_control.h
-- Installing: /home/nomaan/ros2_ws/install/vicon_receiver/lib/libvicon_receiver__rosidl_typesupport_introspection_c.so
-- Set runtime path of "/home/nomaan/ros2_ws/install/vicon_receiver/lib/libvicon_receiver__rosidl_typesupport_introspection_c.so" to ""
-- Installing: /home/nomaan/ros2_ws/install/vicon_receiver/lib/libvicon_receiver__rosidl_typesupport_c.so
-- Set runtime path of "/home/nomaan/ros2_ws/install/vicon_receiver/lib/libvicon_receiver__rosidl_typesupport_c.so" to ""
-- Up-to-date: /home/nomaan/ros2_ws/install/vicon_receiver/include/vicon_receiver/vicon_receiver
-- Up-to-date: /home/nomaan/ros2_ws/install/vicon_receiver/include/vicon_receiver/vicon_receiver/msg
-- Up-to-date: /home/nomaan/ros2_ws/install/vicon_receiver/include/vicon_receiver/vicon_receiver/msg/detail
-- Installing: /home/nomaan/ros2_ws/install/vicon_receiver/include/vicon_receiver/vicon_receiver/msg/detail/position_list__traits.hpp
-- Installing: /home/nomaan/ros2_ws/install/vicon_receiver/include/vicon_receiver/vicon_receiver/msg/detail/position_list__struct.hpp
-- Installing: /home/nomaan/ros2_ws/install/vicon_receiver/include/vicon_receiver/vicon_receiver/msg/detail/position_list__type_support.hpp
-- Installing: /home/nomaan/ros2_ws/install/vicon_receiver/include/vicon_receiver/vicon_receiver/msg/detail/position_list__builder.hpp
-- Installing: /home/nomaan/ros2_ws/install/vicon_receiver/include/vicon_receiver/vicon_receiver/msg/detail/position__struct.hpp
-- Installing: /home/nomaan/ros2_ws/install/vicon_receiver/include/vicon_receiver/vicon_receiver/msg/detail/position__builder.hpp
-- Installing: /home/nomaan/ros2_ws/install/vicon_receiver/include/vicon_receiver/vicon_receiver/msg/detail/position__traits.hpp
-- Installing: /home/nomaan/ros2_ws/install/vicon_receiver/include/vicon_receiver/vicon_receiver/msg/detail/position__type_support.hpp
-- Installing: /home/nomaan/ros2_ws/install/vicon_receiver/include/vicon_receiver/vicon_receiver/msg/rosidl_generator_cpp__visibility_control.hpp
-- Installing: /home/nomaan/ros2_ws/install/vicon_receiver/include/vicon_receiver/vicon_receiver/msg/position.hpp
-- Installing: /home/nomaan/ros2_ws/install/vicon_receiver/include/vicon_receiver/vicon_receiver/msg/position_list.hpp
-- Up-to-date: /home/nomaan/ros2_ws/install/vicon_receiver/include/vicon_receiver/vicon_receiver
-- Up-to-date: /home/nomaan/ros2_ws/install/vicon_receiver/include/vicon_receiver/vicon_receiver/msg
-- Installing: /home/nomaan/ros2_ws/install/vicon_receiver/include/vicon_receiver/vicon_receiver/msg/rosidl_typesupport_fastrtps_cpp__visibility_control.h
-- Up-to-date: /home/nomaan/ros2_ws/install/vicon_receiver/include/vicon_receiver/vicon_receiver/msg/detail
-- Installing: /home/nomaan/ros2_ws/install/vicon_receiver/include/vicon_receiver/vicon_receiver/msg/detail/position__rosidl_typesupport_fastrtps_cpp.hpp
-- Installing: /home/nomaan/ros2_ws/install/vicon_receiver/include/vicon_receiver/vicon_receiver/msg/detail/position_list__rosidl_typesupport_fastrtps_cpp.hpp
-- Installing: /home/nomaan/ros2_ws/install/vicon_receiver/include/vicon_receiver/vicon_receiver/msg/detail/dds_fastrtps
-- Installing: /home/nomaan/ros2_ws/install/vicon_receiver/lib/libvicon_receiver__rosidl_typesupport_fastrtps_cpp.so
-- Set runtime path of "/home/nomaan/ros2_ws/install/vicon_receiver/lib/libvicon_receiver__rosidl_typesupport_fastrtps_cpp.so" to ""
-- Up-to-date: /home/nomaan/ros2_ws/install/vicon_receiver/include/vicon_receiver/vicon_receiver
-- Up-to-date: /home/nomaan/ros2_ws/install/vicon_receiver/include/vicon_receiver/vicon_receiver/msg
-- Up-to-date: /home/nomaan/ros2_ws/install/vicon_receiver/include/vicon_receiver/vicon_receiver/msg/detail
-- Installing: /home/nomaan/ros2_ws/install/vicon_receiver/include/vicon_receiver/vicon_receiver/msg/detail/position_list__type_support.cpp
-- Installing: /home/nomaan/ros2_ws/install/vicon_receiver/include/vicon_receiver/vicon_receiver/msg/detail/position_list__rosidl_typesupport_introspection_cpp.hpp
-- Installing: /home/nomaan/ros2_ws/install/vicon_receiver/include/vicon_receiver/vicon_receiver/msg/detail/position__type_support.cpp
-- Installing: /home/nomaan/ros2_ws/install/vicon_receiver/include/vicon_receiver/vicon_receiver/msg/detail/position__rosidl_typesupport_introspection_cpp.hpp
-- Installing: /home/nomaan/ros2_ws/install/vicon_receiver/lib/libvicon_receiver__rosidl_typesupport_introspection_cpp.so
-- Set runtime path of "/home/nomaan/ros2_ws/install/vicon_receiver/lib/libvicon_receiver__rosidl_typesupport_introspection_cpp.so" to ""
-- Installing: /home/nomaan/ros2_ws/install/vicon_receiver/lib/libvicon_receiver__rosidl_typesupport_cpp.so
-- Set runtime path of "/home/nomaan/ros2_ws/install/vicon_receiver/lib/libvicon_receiver__rosidl_typesupport_cpp.so" to ""
-- Installing: /home/nomaan/ros2_ws/install/vicon_receiver/share/vicon_receiver/environment/pythonpath.sh
-- Installing: /home/nomaan/ros2_ws/install/vicon_receiver/share/vicon_receiver/environment/pythonpath.dsv
-- Installing: /home/nomaan/ros2_ws/install/vicon_receiver/local/lib/python3.10/dist-packages/vicon_receiver-0.0.0-py3.10.egg-info
-- Installing: /home/nomaan/ros2_ws/install/vicon_receiver/local/lib/python3.10/dist-packages/vicon_receiver-0.0.0-py3.10.egg-info/dependency_links.txt
-- Installing: /home/nomaan/ros2_ws/install/vicon_receiver/local/lib/python3.10/dist-packages/vicon_receiver-0.0.0-py3.10.egg-info/top_level.txt
-- Installing: /home/nomaan/ros2_ws/install/vicon_receiver/local/lib/python3.10/dist-packages/vicon_receiver-0.0.0-py3.10.egg-info/SOURCES.txt
-- Installing: /home/nomaan/ros2_ws/install/vicon_receiver/local/lib/python3.10/dist-packages/vicon_receiver-0.0.0-py3.10.egg-info/PKG-INFO
-- Installing: /home/nomaan/ros2_ws/install/vicon_receiver/local/lib/python3.10/dist-packages/vicon_receiver
-- Installing: /home/nomaan/ros2_ws/install/vicon_receiver/local/lib/python3.10/dist-packages/vicon_receiver/_vicon_receiver_s.ep.rosidl_typesupport_introspection_c.c
-- Installing: /home/nomaan/ros2_ws/install/vicon_receiver/local/lib/python3.10/dist-packages/vicon_receiver/libvicon_receiver__rosidl_generator_py.so
-- Installing: /home/nomaan/ros2_ws/install/vicon_receiver/local/lib/python3.10/dist-packages/vicon_receiver/vicon_receiver_s__rosidl_typesupport_fastrtps_c.cpython-310-x86_64-linux-gnu.so
-- Installing: /home/nomaan/ros2_ws/install/vicon_receiver/local/lib/python3.10/dist-packages/vicon_receiver/vicon_receiver_s__rosidl_typesupport_introspection_c.cpython-310-x86_64-linux-gnu.so
-- Installing: /home/nomaan/ros2_ws/install/vicon_receiver/local/lib/python3.10/dist-packages/vicon_receiver/_vicon_receiver_s.ep.rosidl_typesupport_fastrtps_c.c
-- Installing: /home/nomaan/ros2_ws/install/vicon_receiver/local/lib/python3.10/dist-packages/vicon_receiver/vicon_receiver_s__rosidl_typesupport_c.cpython-310-x86_64-linux-gnu.so
-- Installing: /home/nomaan/ros2_ws/install/vicon_receiver/local/lib/python3.10/dist-packages/vicon_receiver/msg
-- Installing: /home/nomaan/ros2_ws/install/vicon_receiver/local/lib/python3.10/dist-packages/vicon_receiver/msg/_position_list.py
-- Installing: /home/nomaan/ros2_ws/install/vicon_receiver/local/lib/python3.10/dist-packages/vicon_receiver/msg/_position_s.c
-- Installing: /home/nomaan/ros2_ws/install/vicon_receiver/local/lib/python3.10/dist-packages/vicon_receiver/msg/_position_list_s.c
-- Installing: /home/nomaan/ros2_ws/install/vicon_receiver/local/lib/python3.10/dist-packages/vicon_receiver/msg/__init__.py
-- Installing: /home/nomaan/ros2_ws/install/vicon_receiver/local/lib/python3.10/dist-packages/vicon_receiver/msg/_position.py
-- Installing: /home/nomaan/ros2_ws/install/vicon_receiver/local/lib/python3.10/dist-packages/vicon_receiver/_vicon_receiver_s.ep.rosidl_typesupport_c.c
-- Installing: /home/nomaan/ros2_ws/install/vicon_receiver/local/lib/python3.10/dist-packages/vicon_receiver/__init__.py
Listing '/home/nomaan/ros2_ws/install/vicon_receiver/local/lib/python3.10/dist-packages/vicon_receiver'...
Compiling '/home/nomaan/ros2_ws/install/vicon_receiver/local/lib/python3.10/dist-packages/vicon_receiver/__init__.py'...
Listing '/home/nomaan/ros2_ws/install/vicon_receiver/local/lib/python3.10/dist-packages/vicon_receiver/msg'...
Compiling '/home/nomaan/ros2_ws/install/vicon_receiver/local/lib/python3.10/dist-packages/vicon_receiver/msg/__init__.py'...
Compiling '/home/nomaan/ros2_ws/install/vicon_receiver/local/lib/python3.10/dist-packages/vicon_receiver/msg/_position.py'...
Compiling '/home/nomaan/ros2_ws/install/vicon_receiver/local/lib/python3.10/dist-packages/vicon_receiver/msg/_position_list.py'...
-- Installing: /home/nomaan/ros2_ws/install/vicon_receiver/local/lib/python3.10/dist-packages/vicon_receiver/vicon_receiver_s__rosidl_typesupport_fastrtps_c.cpython-310-x86_64-linux-gnu.so
-- Set runtime path of "/home/nomaan/ros2_ws/install/vicon_receiver/local/lib/python3.10/dist-packages/vicon_receiver/vicon_receiver_s__rosidl_typesupport_fastrtps_c.cpython-310-x86_64-linux-gnu.so" to ""
-- Installing: /home/nomaan/ros2_ws/install/vicon_receiver/local/lib/python3.10/dist-packages/vicon_receiver/vicon_receiver_s__rosidl_typesupport_introspection_c.cpython-310-x86_64-linux-gnu.so
-- Set runtime path of "/home/nomaan/ros2_ws/install/vicon_receiver/local/lib/python3.10/dist-packages/vicon_receiver/vicon_receiver_s__rosidl_typesupport_introspection_c.cpython-310-x86_64-linux-gnu.so" to ""
-- Installing: /home/nomaan/ros2_ws/install/vicon_receiver/local/lib/python3.10/dist-packages/vicon_receiver/vicon_receiver_s__rosidl_typesupport_c.cpython-310-x86_64-linux-gnu.so
-- Set runtime path of "/home/nomaan/ros2_ws/install/vicon_receiver/local/lib/python3.10/dist-packages/vicon_receiver/vicon_receiver_s__rosidl_typesupport_c.cpython-310-x86_64-linux-gnu.so" to ""
-- Installing: /home/nomaan/ros2_ws/install/vicon_receiver/lib/libvicon_receiver__rosidl_generator_py.so
-- Set runtime path of "/home/nomaan/ros2_ws/install/vicon_receiver/lib/libvicon_receiver__rosidl_generator_py.so" to ""
-- Installing: /home/nomaan/ros2_ws/install/vicon_receiver/share/vicon_receiver/msg/Position.idl
-- Installing: /home/nomaan/ros2_ws/install/vicon_receiver/share/vicon_receiver/msg/PositionList.idl
-- Installing: /home/nomaan/ros2_ws/install/vicon_receiver/share/vicon_receiver/msg/Position.msg
-- Installing: /home/nomaan/ros2_ws/install/vicon_receiver/share/vicon_receiver/msg/PositionList.msg
-- Installing: /home/nomaan/ros2_ws/install/vicon_receiver/share/ament_index/resource_index/package_run_dependencies/vicon_receiver
-- Installing: /home/nomaan/ros2_ws/install/vicon_receiver/share/ament_index/resource_index/parent_prefix_path/vicon_receiver
-- Installing: /home/nomaan/ros2_ws/install/vicon_receiver/share/vicon_receiver/environment/ament_prefix_path.sh
-- Installing: /home/nomaan/ros2_ws/install/vicon_receiver/share/vicon_receiver/environment/ament_prefix_path.dsv
-- Installing: /home/nomaan/ros2_ws/install/vicon_receiver/share/vicon_receiver/environment/path.sh
-- Installing: /home/nomaan/ros2_ws/install/vicon_receiver/share/vicon_receiver/environment/path.dsv
-- Installing: /home/nomaan/ros2_ws/install/vicon_receiver/share/vicon_receiver/local_setup.bash
-- Installing: /home/nomaan/ros2_ws/install/vicon_receiver/share/vicon_receiver/local_setup.sh
-- Installing: /home/nomaan/ros2_ws/install/vicon_receiver/share/vicon_receiver/local_setup.zsh
-- Installing: /home/nomaan/ros2_ws/install/vicon_receiver/share/vicon_receiver/local_setup.dsv
-- Installing: /home/nomaan/ros2_ws/install/vicon_receiver/share/vicon_receiver/package.dsv
-- Installing: /home/nomaan/ros2_ws/install/vicon_receiver/share/ament_index/resource_index/packages/vicon_receiver
-- Installing: /home/nomaan/ros2_ws/install/vicon_receiver/share/vicon_receiver/cmake/export_vicon_receiver__rosidl_generator_cExport.cmake
-- Installing: /home/nomaan/ros2_ws/install/vicon_receiver/share/vicon_receiver/cmake/export_vicon_receiver__rosidl_generator_cExport-noconfig.cmake
-- Installing: /home/nomaan/ros2_ws/install/vicon_receiver/share/vicon_receiver/cmake/export_vicon_receiver__rosidl_typesupport_fastrtps_cExport.cmake
-- Installing: /home/nomaan/ros2_ws/install/vicon_receiver/share/vicon_receiver/cmake/export_vicon_receiver__rosidl_typesupport_fastrtps_cExport-noconfig.cmake
-- Installing: /home/nomaan/ros2_ws/install/vicon_receiver/share/vicon_receiver/cmake/vicon_receiver__rosidl_typesupport_introspection_cExport.cmake
-- Installing: /home/nomaan/ros2_ws/install/vicon_receiver/share/vicon_receiver/cmake/vicon_receiver__rosidl_typesupport_introspection_cExport-noconfig.cmake
-- Installing: /home/nomaan/ros2_ws/install/vicon_receiver/share/vicon_receiver/cmake/vicon_receiver__rosidl_typesupport_cExport.cmake
-- Installing: /home/nomaan/ros2_ws/install/vicon_receiver/share/vicon_receiver/cmake/vicon_receiver__rosidl_typesupport_cExport-noconfig.cmake
-- Installing: /home/nomaan/ros2_ws/install/vicon_receiver/share/vicon_receiver/cmake/export_vicon_receiver__rosidl_generator_cppExport.cmake
-- Installing: /home/nomaan/ros2_ws/install/vicon_receiver/share/vicon_receiver/cmake/export_vicon_receiver__rosidl_typesupport_fastrtps_cppExport.cmake
-- Installing: /home/nomaan/ros2_ws/install/vicon_receiver/share/vicon_receiver/cmake/export_vicon_receiver__rosidl_typesupport_fastrtps_cppExport-noconfig.cmake
-- Installing: /home/nomaan/ros2_ws/install/vicon_receiver/share/vicon_receiver/cmake/vicon_receiver__rosidl_typesupport_introspection_cppExport.cmake
-- Installing: /home/nomaan/ros2_ws/install/vicon_receiver/share/vicon_receiver/cmake/vicon_receiver__rosidl_typesupport_introspection_cppExport-noconfig.cmake
-- Installing: /home/nomaan/ros2_ws/install/vicon_receiver/share/vicon_receiver/cmake/vicon_receiver__rosidl_typesupport_cppExport.cmake
-- Installing: /home/nomaan/ros2_ws/install/vicon_receiver/share/vicon_receiver/cmake/vicon_receiver__rosidl_typesupport_cppExport-noconfig.cmake
-- Installing: /home/nomaan/ros2_ws/install/vicon_receiver/share/vicon_receiver/cmake/export_vicon_receiver__rosidl_generator_pyExport.cmake
-- Installing: /home/nomaan/ros2_ws/install/vicon_receiver/share/vicon_receiver/cmake/export_vicon_receiver__rosidl_generator_pyExport-noconfig.cmake
-- Installing: /home/nomaan/ros2_ws/install/vicon_receiver/share/vicon_receiver/cmake/rosidl_cmake-extras.cmake
-- Installing: /home/nomaan/ros2_ws/install/vicon_receiver/share/vicon_receiver/cmake/ament_cmake_export_dependencies-extras.cmake
-- Installing: /home/nomaan/ros2_ws/install/vicon_receiver/share/vicon_receiver/cmake/ament_cmake_export_include_directories-extras.cmake
-- Installing: /home/nomaan/ros2_ws/install/vicon_receiver/share/vicon_receiver/cmake/ament_cmake_export_libraries-extras.cmake
-- Installing: /home/nomaan/ros2_ws/install/vicon_receiver/share/vicon_receiver/cmake/ament_cmake_export_targets-extras.cmake
-- Installing: /home/nomaan/ros2_ws/install/vicon_receiver/share/vicon_receiver/cmake/rosidl_cmake_export_typesupport_targets-extras.cmake
-- Installing: /home/nomaan/ros2_ws/install/vicon_receiver/share/vicon_receiver/cmake/rosidl_cmake_export_typesupport_libraries-extras.cmake
-- Installing: /home/nomaan/ros2_ws/install/vicon_receiver/share/vicon_receiver/cmake/vicon_receiverConfig.cmake
-- Installing: /home/nomaan/ros2_ws/install/vicon_receiver/share/vicon_receiver/cmake/vicon_receiverConfig-version.cmake
-- Installing: /home/nomaan/ros2_ws/install/vicon_receiver/share/vicon_receiver/package.xml
