[0.092s] DEBUG:colcon:Command line arguments: ['/usr/bin/colcon', 'build']
[0.092s] DEBUG:colcon:Parsed command line arguments: Namespace(log_base=None, log_level=None, verb_name='build', build_base='build', install_base='install', merge_install=False, symlink_install=False, test_result_base=None, continue_on_error=False, executor='parallel', parallel_workers=12, event_handlers=None, ignore_user_meta=False, metas=['./colcon.meta'], base_paths=['.'], packages_ignore=None, packages_ignore_regex=None, paths=None, packages_up_to=None, packages_up_to_regex=None, packages_above=None, packages_above_and_dependencies=None, packages_above_depth=None, packages_select_by_dep=None, packages_skip_by_dep=None, packages_skip_up_to=None, packages_select_build_failed=False, packages_skip_build_finished=False, packages_select_test_failures=False, packages_skip_test_passed=False, packages_select=None, packages_skip=None, packages_select_regex=None, packages_skip_regex=None, packages_start=None, packages_end=None, allow_overriding=[], cmake_args=None, cmake_target=None, cmake_target_skip_unavailable=False, cmake_clean_cache=False, cmake_clean_first=False, cmake_force_configure=False, ament_cmake_args=None, catkin_cmake_args=None, catkin_skip_building_tests=False, verb_parser=<colcon_defaults.argument_parser.defaults.DefaultArgumentsDecorator object at 0x7a5b2de48250>, verb_extension=<colcon_core.verb.build.BuildVerb object at 0x7a5b2de17d00>, main=<bound method BuildVerb.main of <colcon_core.verb.build.BuildVerb object at 0x7a5b2de17d00>>)
[0.227s] Level 1:colcon.colcon_core.package_discovery:discover_packages(colcon_meta) check parameters
[0.227s] Level 1:colcon.colcon_core.package_discovery:discover_packages(recursive) check parameters
[0.227s] Level 1:colcon.colcon_core.package_discovery:discover_packages(ignore) check parameters
[0.227s] Level 1:colcon.colcon_core.package_discovery:discover_packages(path) check parameters
[0.227s] Level 1:colcon.colcon_core.package_discovery:discover_packages(colcon_meta) discover
[0.227s] Level 1:colcon.colcon_core.package_discovery:discover_packages(recursive) discover
[0.227s] INFO:colcon.colcon_core.package_discovery:Crawling recursively for packages in '/home/nomaan/ros2_ws'
[0.227s] Level 1:colcon.colcon_core.package_identification:_identify(.) by extensions ['ignore', 'ignore_ament_install']
[0.227s] Level 1:colcon.colcon_core.package_identification:_identify(.) by extension 'ignore'
[0.227s] Level 1:colcon.colcon_core.package_identification:_identify(.) by extension 'ignore_ament_install'
[0.227s] Level 1:colcon.colcon_core.package_identification:_identify(.) by extensions ['colcon_pkg']
[0.227s] Level 1:colcon.colcon_core.package_identification:_identify(.) by extension 'colcon_pkg'
[0.227s] Level 1:colcon.colcon_core.package_identification:_identify(.) by extensions ['colcon_meta']
[0.227s] Level 1:colcon.colcon_core.package_identification:_identify(.) by extension 'colcon_meta'
[0.227s] Level 1:colcon.colcon_core.package_identification:_identify(.) by extensions ['ros']
[0.227s] Level 1:colcon.colcon_core.package_identification:_identify(.) by extension 'ros'
[0.235s] Level 1:colcon.colcon_core.package_identification:_identify(.) by extensions ['cmake', 'python']
[0.235s] Level 1:colcon.colcon_core.package_identification:_identify(.) by extension 'cmake'
[0.235s] Level 1:colcon.colcon_core.package_identification:_identify(.) by extension 'python'
[0.235s] Level 1:colcon.colcon_core.package_identification:_identify(.) by extensions ['python_setup_py']
[0.235s] Level 1:colcon.colcon_core.package_identification:_identify(.) by extension 'python_setup_py'
[0.235s] Level 1:colcon.colcon_core.package_identification:_identify(build) by extensions ['ignore', 'ignore_ament_install']
[0.235s] Level 1:colcon.colcon_core.package_identification:_identify(build) by extension 'ignore'
[0.235s] Level 1:colcon.colcon_core.package_identification:_identify(build) ignored
[0.235s] Level 1:colcon.colcon_core.package_identification:_identify(install) by extensions ['ignore', 'ignore_ament_install']
[0.235s] Level 1:colcon.colcon_core.package_identification:_identify(install) by extension 'ignore'
[0.235s] Level 1:colcon.colcon_core.package_identification:_identify(install) ignored
[0.235s] Level 1:colcon.colcon_core.package_identification:_identify(log) by extensions ['ignore', 'ignore_ament_install']
[0.235s] Level 1:colcon.colcon_core.package_identification:_identify(log) by extension 'ignore'
[0.236s] Level 1:colcon.colcon_core.package_identification:_identify(log) ignored
[0.236s] Level 1:colcon.colcon_core.package_identification:_identify(src) by extensions ['ignore', 'ignore_ament_install']
[0.236s] Level 1:colcon.colcon_core.package_identification:_identify(src) by extension 'ignore'
[0.236s] Level 1:colcon.colcon_core.package_identification:_identify(src) by extension 'ignore_ament_install'
[0.236s] Level 1:colcon.colcon_core.package_identification:_identify(src) by extensions ['colcon_pkg']
[0.236s] Level 1:colcon.colcon_core.package_identification:_identify(src) by extension 'colcon_pkg'
[0.236s] Level 1:colcon.colcon_core.package_identification:_identify(src) by extensions ['colcon_meta']
[0.236s] Level 1:colcon.colcon_core.package_identification:_identify(src) by extension 'colcon_meta'
[0.236s] Level 1:colcon.colcon_core.package_identification:_identify(src) by extensions ['ros']
[0.236s] Level 1:colcon.colcon_core.package_identification:_identify(src) by extension 'ros'
[0.236s] Level 1:colcon.colcon_core.package_identification:_identify(src) by extensions ['cmake', 'python']
[0.236s] Level 1:colcon.colcon_core.package_identification:_identify(src) by extension 'cmake'
[0.236s] Level 1:colcon.colcon_core.package_identification:_identify(src) by extension 'python'
[0.236s] Level 1:colcon.colcon_core.package_identification:_identify(src) by extensions ['python_setup_py']
[0.236s] Level 1:colcon.colcon_core.package_identification:_identify(src) by extension 'python_setup_py'
[0.236s] Level 1:colcon.colcon_core.package_identification:_identify(src/move_talk) by extensions ['ignore', 'ignore_ament_install']
[0.236s] Level 1:colcon.colcon_core.package_identification:_identify(src/move_talk) by extension 'ignore'
[0.236s] Level 1:colcon.colcon_core.package_identification:_identify(src/move_talk) by extension 'ignore_ament_install'
[0.236s] Level 1:colcon.colcon_core.package_identification:_identify(src/move_talk) by extensions ['colcon_pkg']
[0.236s] Level 1:colcon.colcon_core.package_identification:_identify(src/move_talk) by extension 'colcon_pkg'
[0.236s] Level 1:colcon.colcon_core.package_identification:_identify(src/move_talk) by extensions ['colcon_meta']
[0.236s] Level 1:colcon.colcon_core.package_identification:_identify(src/move_talk) by extension 'colcon_meta'
[0.236s] Level 1:colcon.colcon_core.package_identification:_identify(src/move_talk) by extensions ['ros']
[0.236s] Level 1:colcon.colcon_core.package_identification:_identify(src/move_talk) by extension 'ros'
[0.238s] DEBUG:colcon.colcon_core.package_identification:Package 'src/move_talk' with type 'ros.ament_python' and name 'move_talk'
[0.238s] Level 1:colcon.colcon_core.package_identification:_identify(src/py_pubsub) by extensions ['ignore', 'ignore_ament_install']
[0.238s] Level 1:colcon.colcon_core.package_identification:_identify(src/py_pubsub) by extension 'ignore'
[0.238s] Level 1:colcon.colcon_core.package_identification:_identify(src/py_pubsub) by extension 'ignore_ament_install'
[0.238s] Level 1:colcon.colcon_core.package_identification:_identify(src/py_pubsub) by extensions ['colcon_pkg']
[0.238s] Level 1:colcon.colcon_core.package_identification:_identify(src/py_pubsub) by extension 'colcon_pkg'
[0.238s] Level 1:colcon.colcon_core.package_identification:_identify(src/py_pubsub) by extensions ['colcon_meta']
[0.238s] Level 1:colcon.colcon_core.package_identification:_identify(src/py_pubsub) by extension 'colcon_meta'
[0.238s] Level 1:colcon.colcon_core.package_identification:_identify(src/py_pubsub) by extensions ['ros']
[0.238s] Level 1:colcon.colcon_core.package_identification:_identify(src/py_pubsub) by extension 'ros'
[0.239s] DEBUG:colcon.colcon_core.package_identification:Package 'src/py_pubsub' with type 'ros.ament_python' and name 'py_pubsub'
[0.239s] Level 1:colcon.colcon_core.package_identification:_identify(src/vicon_interfaces) by extensions ['ignore', 'ignore_ament_install']
[0.239s] Level 1:colcon.colcon_core.package_identification:_identify(src/vicon_interfaces) by extension 'ignore'
[0.239s] Level 1:colcon.colcon_core.package_identification:_identify(src/vicon_interfaces) by extension 'ignore_ament_install'
[0.239s] Level 1:colcon.colcon_core.package_identification:_identify(src/vicon_interfaces) by extensions ['colcon_pkg']
[0.239s] Level 1:colcon.colcon_core.package_identification:_identify(src/vicon_interfaces) by extension 'colcon_pkg'
[0.239s] Level 1:colcon.colcon_core.package_identification:_identify(src/vicon_interfaces) by extensions ['colcon_meta']
[0.239s] Level 1:colcon.colcon_core.package_identification:_identify(src/vicon_interfaces) by extension 'colcon_meta'
[0.239s] Level 1:colcon.colcon_core.package_identification:_identify(src/vicon_interfaces) by extensions ['ros']
[0.239s] Level 1:colcon.colcon_core.package_identification:_identify(src/vicon_interfaces) by extension 'ros'
[0.239s] DEBUG:colcon.colcon_core.package_identification:Package 'src/vicon_interfaces' with type 'ros.ament_cmake' and name 'vicon_receiver'
[0.239s] Level 1:colcon.colcon_core.package_discovery:discover_packages(recursive) using defaults
[0.239s] Level 1:colcon.colcon_core.package_discovery:discover_packages(ignore) discover
[0.239s] Level 1:colcon.colcon_core.package_discovery:discover_packages(ignore) using defaults
[0.239s] Level 1:colcon.colcon_core.package_discovery:discover_packages(path) discover
[0.239s] Level 1:colcon.colcon_core.package_discovery:discover_packages(path) using defaults
[0.256s] Level 1:colcon.colcon_core.package_discovery:discover_packages(prefix_path) check parameters
[0.256s] Level 1:colcon.colcon_core.package_discovery:discover_packages(prefix_path) discover
[0.258s] DEBUG:colcon.colcon_installed_package_information.package_discovery:Found 3 installed packages in /home/nomaan/ros2_ws/install
[0.258s] DEBUG:colcon.colcon_installed_package_information.package_discovery:Found 270 installed packages in /opt/ros/humble
[0.267s] Level 1:colcon.colcon_core.package_discovery:discover_packages(prefix_path) using defaults
[0.289s] Level 5:colcon.colcon_core.verb:set package 'move_talk' build argument 'cmake_args' from command line to 'None'
[0.289s] Level 5:colcon.colcon_core.verb:set package 'move_talk' build argument 'cmake_target' from command line to 'None'
[0.289s] Level 5:colcon.colcon_core.verb:set package 'move_talk' build argument 'cmake_target_skip_unavailable' from command line to 'False'
[0.289s] Level 5:colcon.colcon_core.verb:set package 'move_talk' build argument 'cmake_clean_cache' from command line to 'False'
[0.289s] Level 5:colcon.colcon_core.verb:set package 'move_talk' build argument 'cmake_clean_first' from command line to 'False'
[0.289s] Level 5:colcon.colcon_core.verb:set package 'move_talk' build argument 'cmake_force_configure' from command line to 'False'
[0.289s] Level 5:colcon.colcon_core.verb:set package 'move_talk' build argument 'ament_cmake_args' from command line to 'None'
[0.289s] Level 5:colcon.colcon_core.verb:set package 'move_talk' build argument 'catkin_cmake_args' from command line to 'None'
[0.289s] Level 5:colcon.colcon_core.verb:set package 'move_talk' build argument 'catkin_skip_building_tests' from command line to 'False'
[0.289s] DEBUG:colcon.colcon_core.verb:Building package 'move_talk' with the following arguments: {'ament_cmake_args': None, 'build_base': '/home/nomaan/ros2_ws/build/move_talk', 'catkin_cmake_args': None, 'catkin_skip_building_tests': False, 'cmake_args': None, 'cmake_clean_cache': False, 'cmake_clean_first': False, 'cmake_force_configure': False, 'cmake_target': None, 'cmake_target_skip_unavailable': False, 'install_base': '/home/nomaan/ros2_ws/install/move_talk', 'merge_install': False, 'path': '/home/nomaan/ros2_ws/src/move_talk', 'symlink_install': False, 'test_result_base': None}
[0.289s] Level 5:colcon.colcon_core.verb:set package 'vicon_receiver' build argument 'cmake_args' from command line to 'None'
[0.289s] Level 5:colcon.colcon_core.verb:set package 'vicon_receiver' build argument 'cmake_target' from command line to 'None'
[0.290s] Level 5:colcon.colcon_core.verb:set package 'vicon_receiver' build argument 'cmake_target_skip_unavailable' from command line to 'False'
[0.290s] Level 5:colcon.colcon_core.verb:set package 'vicon_receiver' build argument 'cmake_clean_cache' from command line to 'False'
[0.290s] Level 5:colcon.colcon_core.verb:set package 'vicon_receiver' build argument 'cmake_clean_first' from command line to 'False'
[0.290s] Level 5:colcon.colcon_core.verb:set package 'vicon_receiver' build argument 'cmake_force_configure' from command line to 'False'
[0.290s] Level 5:colcon.colcon_core.verb:set package 'vicon_receiver' build argument 'ament_cmake_args' from command line to 'None'
[0.290s] Level 5:colcon.colcon_core.verb:set package 'vicon_receiver' build argument 'catkin_cmake_args' from command line to 'None'
[0.290s] Level 5:colcon.colcon_core.verb:set package 'vicon_receiver' build argument 'catkin_skip_building_tests' from command line to 'False'
[0.290s] DEBUG:colcon.colcon_core.verb:Building package 'vicon_receiver' with the following arguments: {'ament_cmake_args': None, 'build_base': '/home/nomaan/ros2_ws/build/vicon_receiver', 'catkin_cmake_args': None, 'catkin_skip_building_tests': False, 'cmake_args': None, 'cmake_clean_cache': False, 'cmake_clean_first': False, 'cmake_force_configure': False, 'cmake_target': None, 'cmake_target_skip_unavailable': False, 'install_base': '/home/nomaan/ros2_ws/install/vicon_receiver', 'merge_install': False, 'path': '/home/nomaan/ros2_ws/src/vicon_interfaces', 'symlink_install': False, 'test_result_base': None}
[0.290s] Level 5:colcon.colcon_core.verb:set package 'py_pubsub' build argument 'cmake_args' from command line to 'None'
[0.290s] Level 5:colcon.colcon_core.verb:set package 'py_pubsub' build argument 'cmake_target' from command line to 'None'
[0.290s] Level 5:colcon.colcon_core.verb:set package 'py_pubsub' build argument 'cmake_target_skip_unavailable' from command line to 'False'
[0.290s] Level 5:colcon.colcon_core.verb:set package 'py_pubsub' build argument 'cmake_clean_cache' from command line to 'False'
[0.290s] Level 5:colcon.colcon_core.verb:set package 'py_pubsub' build argument 'cmake_clean_first' from command line to 'False'
[0.290s] Level 5:colcon.colcon_core.verb:set package 'py_pubsub' build argument 'cmake_force_configure' from command line to 'False'
[0.290s] Level 5:colcon.colcon_core.verb:set package 'py_pubsub' build argument 'ament_cmake_args' from command line to 'None'
[0.290s] Level 5:colcon.colcon_core.verb:set package 'py_pubsub' build argument 'catkin_cmake_args' from command line to 'None'
[0.290s] Level 5:colcon.colcon_core.verb:set package 'py_pubsub' build argument 'catkin_skip_building_tests' from command line to 'False'
[0.290s] DEBUG:colcon.colcon_core.verb:Building package 'py_pubsub' with the following arguments: {'ament_cmake_args': None, 'build_base': '/home/nomaan/ros2_ws/build/py_pubsub', 'catkin_cmake_args': None, 'catkin_skip_building_tests': False, 'cmake_args': None, 'cmake_clean_cache': False, 'cmake_clean_first': False, 'cmake_force_configure': False, 'cmake_target': None, 'cmake_target_skip_unavailable': False, 'install_base': '/home/nomaan/ros2_ws/install/py_pubsub', 'merge_install': False, 'path': '/home/nomaan/ros2_ws/src/py_pubsub', 'symlink_install': False, 'test_result_base': None}
[0.290s] INFO:colcon.colcon_core.executor:Executing jobs using 'parallel' executor
[0.291s] DEBUG:colcon.colcon_parallel_executor.executor.parallel:run_until_complete
[0.291s] INFO:colcon.colcon_ros.task.ament_cmake.build:Building ROS package in '/home/nomaan/ros2_ws/src/vicon_interfaces' with build type 'ament_cmake'
[0.291s] INFO:colcon.colcon_cmake.task.cmake.build:Building CMake package in '/home/nomaan/ros2_ws/src/vicon_interfaces'
[0.294s] INFO:colcon.colcon_core.plugin_system:Skipping extension 'colcon_core.shell.bat': Not used on non-Windows systems
[0.294s] INFO:colcon.colcon_core.shell:Skip shell extension 'powershell' for command environment: Not usable outside of PowerShell
[0.294s] DEBUG:colcon.colcon_core.shell:Skip shell extension 'dsv' for command environment
[0.296s] INFO:colcon.colcon_ros.task.ament_python.build:Building ROS package in '/home/nomaan/ros2_ws/src/move_talk' with build type 'ament_python'
[0.296s] Level 1:colcon.colcon_core.shell:create_environment_hook('move_talk', 'ament_prefix_path')
[0.296s] INFO:colcon.colcon_core.shell:Creating environment hook '/home/nomaan/ros2_ws/install/move_talk/share/move_talk/hook/ament_prefix_path.ps1'
[0.297s] INFO:colcon.colcon_core.shell:Creating environment descriptor '/home/nomaan/ros2_ws/install/move_talk/share/move_talk/hook/ament_prefix_path.dsv'
[0.297s] INFO:colcon.colcon_core.shell:Creating environment hook '/home/nomaan/ros2_ws/install/move_talk/share/move_talk/hook/ament_prefix_path.sh'
[0.298s] INFO:colcon.colcon_core.shell:Skip shell extension 'powershell' for command environment: Not usable outside of PowerShell
[0.298s] DEBUG:colcon.colcon_core.shell:Skip shell extension 'dsv' for command environment
[0.302s] DEBUG:colcon.colcon_core.event_handler.log_command:Invoking command in '/home/nomaan/ros2_ws/build/vicon_receiver': CMAKE_PREFIX_PATH=${CMAKE_PREFIX_PATH}:/home/nomaan/ros2_ws/install/py_pubsub:/home/nomaan/ros2_ws/install/move_talk:/opt/ros/humble /usr/bin/cmake --build /home/nomaan/ros2_ws/build/vicon_receiver -- -j12 -l12
[0.467s] INFO:colcon.colcon_core.task.python.build:Building Python package in '/home/nomaan/ros2_ws/src/move_talk'
[0.468s] INFO:colcon.colcon_core.shell:Skip shell extension 'powershell' for command environment: Not usable outside of PowerShell
[0.468s] DEBUG:colcon.colcon_core.shell:Skip shell extension 'dsv' for command environment
[0.687s] DEBUG:colcon.colcon_core.event_handler.log_command:Invoking command in '/home/nomaan/ros2_ws/src/move_talk': PYTHONPATH=/home/nomaan/ros2_ws/build/move_talk/prefix_override:/usr/lib/python3/dist-packages/colcon_core/task/python/colcon_distutils_commands:/home/nomaan/ros2_ws/install/move_talk/lib/python3.10/site-packages:${PYTHONPATH} /usr/bin/python3 -W ignore:setup.py install is deprecated -W ignore:easy_install command is deprecated setup.py egg_info --egg-base ../../build/move_talk build --build-base /home/nomaan/ros2_ws/build/move_talk/build install --record /home/nomaan/ros2_ws/build/move_talk/install.log --single-version-externally-managed install_data
[0.865s] DEBUG:colcon.colcon_core.event_handler.log_command:Invoked command in '/home/nomaan/ros2_ws/src/move_talk' returned '0': PYTHONPATH=/home/nomaan/ros2_ws/build/move_talk/prefix_override:/usr/lib/python3/dist-packages/colcon_core/task/python/colcon_distutils_commands:/home/nomaan/ros2_ws/install/move_talk/lib/python3.10/site-packages:${PYTHONPATH} /usr/bin/python3 -W ignore:setup.py install is deprecated -W ignore:easy_install command is deprecated setup.py egg_info --egg-base ../../build/move_talk build --build-base /home/nomaan/ros2_ws/build/move_talk/build install --record /home/nomaan/ros2_ws/build/move_talk/install.log --single-version-externally-managed install_data
[0.869s] Level 1:colcon.colcon_core.environment:checking '/home/nomaan/ros2_ws/install/move_talk' for CMake module files
[0.870s] Level 1:colcon.colcon_core.environment:checking '/home/nomaan/ros2_ws/install/move_talk' for CMake config files
[0.870s] Level 1:colcon.colcon_core.environment:checking '/home/nomaan/ros2_ws/install/move_talk/lib'
[0.870s] Level 1:colcon.colcon_core.environment:checking '/home/nomaan/ros2_ws/install/move_talk/bin'
[0.871s] Level 1:colcon.colcon_core.environment:checking '/home/nomaan/ros2_ws/install/move_talk/lib/pkgconfig/move_talk.pc'
[0.871s] Level 1:colcon.colcon_core.environment:checking '/home/nomaan/ros2_ws/install/move_talk/lib/python3.10/site-packages'
[0.871s] Level 1:colcon.colcon_core.shell:create_environment_hook('move_talk', 'pythonpath')
[0.871s] INFO:colcon.colcon_core.shell:Creating environment hook '/home/nomaan/ros2_ws/install/move_talk/share/move_talk/hook/pythonpath.ps1'
[0.872s] INFO:colcon.colcon_core.shell:Creating environment descriptor '/home/nomaan/ros2_ws/install/move_talk/share/move_talk/hook/pythonpath.dsv'
[0.872s] INFO:colcon.colcon_core.shell:Creating environment hook '/home/nomaan/ros2_ws/install/move_talk/share/move_talk/hook/pythonpath.sh'
[0.872s] Level 1:colcon.colcon_core.environment:checking '/home/nomaan/ros2_ws/install/move_talk/bin'
[0.872s] Level 1:colcon.colcon_core.environment:create_environment_scripts_only(move_talk)
[0.873s] INFO:colcon.colcon_core.shell:Creating package script '/home/nomaan/ros2_ws/install/move_talk/share/move_talk/package.ps1'
[0.874s] INFO:colcon.colcon_core.shell:Creating package descriptor '/home/nomaan/ros2_ws/install/move_talk/share/move_talk/package.dsv'
[0.875s] INFO:colcon.colcon_core.shell:Creating package script '/home/nomaan/ros2_ws/install/move_talk/share/move_talk/package.sh'
[0.875s] INFO:colcon.colcon_core.shell:Creating package script '/home/nomaan/ros2_ws/install/move_talk/share/move_talk/package.bash'
[0.876s] INFO:colcon.colcon_core.shell:Creating package script '/home/nomaan/ros2_ws/install/move_talk/share/move_talk/package.zsh'
[0.877s] Level 1:colcon.colcon_core.environment:create_file_with_runtime_dependencies(/home/nomaan/ros2_ws/install/move_talk/share/colcon-core/packages/move_talk)
[1.307s] DEBUG:colcon.colcon_core.event_handler.log_command:Invoked command in '/home/nomaan/ros2_ws/build/vicon_receiver' returned '0': CMAKE_PREFIX_PATH=${CMAKE_PREFIX_PATH}:/home/nomaan/ros2_ws/install/py_pubsub:/home/nomaan/ros2_ws/install/move_talk:/opt/ros/humble /usr/bin/cmake --build /home/nomaan/ros2_ws/build/vicon_receiver -- -j12 -l12
[1.313s] DEBUG:colcon.colcon_core.event_handler.log_command:Invoking command in '/home/nomaan/ros2_ws/build/vicon_receiver': CMAKE_PREFIX_PATH=${CMAKE_PREFIX_PATH}:/home/nomaan/ros2_ws/install/py_pubsub:/home/nomaan/ros2_ws/install/move_talk:/opt/ros/humble /usr/bin/cmake --install /home/nomaan/ros2_ws/build/vicon_receiver
[1.353s] Level 1:colcon.colcon_core.environment:create_environment_scripts_only(vicon_receiver)
[1.353s] DEBUG:colcon.colcon_core.event_handler.log_command:Invoked command in '/home/nomaan/ros2_ws/build/vicon_receiver' returned '0': CMAKE_PREFIX_PATH=${CMAKE_PREFIX_PATH}:/home/nomaan/ros2_ws/install/py_pubsub:/home/nomaan/ros2_ws/install/move_talk:/opt/ros/humble /usr/bin/cmake --install /home/nomaan/ros2_ws/build/vicon_receiver
[1.353s] Level 1:colcon.colcon_core.environment:checking '/home/nomaan/ros2_ws/install/vicon_receiver' for CMake module files
[1.354s] Level 1:colcon.colcon_core.environment:checking '/home/nomaan/ros2_ws/install/vicon_receiver' for CMake config files
[1.354s] Level 1:colcon.colcon_core.shell:create_environment_hook('vicon_receiver', 'cmake_prefix_path')
[1.354s] INFO:colcon.colcon_core.shell:Creating environment hook '/home/nomaan/ros2_ws/install/vicon_receiver/share/vicon_receiver/hook/cmake_prefix_path.ps1'
[1.355s] INFO:colcon.colcon_core.shell:Creating environment descriptor '/home/nomaan/ros2_ws/install/vicon_receiver/share/vicon_receiver/hook/cmake_prefix_path.dsv'
[1.355s] INFO:colcon.colcon_core.shell:Creating environment hook '/home/nomaan/ros2_ws/install/vicon_receiver/share/vicon_receiver/hook/cmake_prefix_path.sh'
[1.355s] Level 1:colcon.colcon_core.environment:checking '/home/nomaan/ros2_ws/install/vicon_receiver/lib'
[1.355s] Level 1:colcon.colcon_core.shell:create_environment_hook('vicon_receiver', 'ld_library_path_lib')
[1.356s] INFO:colcon.colcon_core.shell:Creating environment hook '/home/nomaan/ros2_ws/install/vicon_receiver/share/vicon_receiver/hook/ld_library_path_lib.ps1'
[1.356s] INFO:colcon.colcon_core.shell:Creating environment descriptor '/home/nomaan/ros2_ws/install/vicon_receiver/share/vicon_receiver/hook/ld_library_path_lib.dsv'
[1.356s] INFO:colcon.colcon_core.shell:Creating environment hook '/home/nomaan/ros2_ws/install/vicon_receiver/share/vicon_receiver/hook/ld_library_path_lib.sh'
[1.356s] Level 1:colcon.colcon_core.environment:checking '/home/nomaan/ros2_ws/install/vicon_receiver/bin'
[1.356s] Level 1:colcon.colcon_core.environment:checking '/home/nomaan/ros2_ws/install/vicon_receiver/lib/pkgconfig/vicon_receiver.pc'
[1.356s] Level 1:colcon.colcon_core.environment:checking '/home/nomaan/ros2_ws/install/vicon_receiver/lib/python3.10/site-packages'
[1.357s] Level 1:colcon.colcon_core.environment:checking '/home/nomaan/ros2_ws/install/vicon_receiver/bin'
[1.357s] INFO:colcon.colcon_core.shell:Creating package script '/home/nomaan/ros2_ws/install/vicon_receiver/share/vicon_receiver/package.ps1'
[1.357s] INFO:colcon.colcon_core.shell:Creating package descriptor '/home/nomaan/ros2_ws/install/vicon_receiver/share/vicon_receiver/package.dsv'
[1.357s] INFO:colcon.colcon_core.shell:Creating package script '/home/nomaan/ros2_ws/install/vicon_receiver/share/vicon_receiver/package.sh'
[1.358s] INFO:colcon.colcon_core.shell:Creating package script '/home/nomaan/ros2_ws/install/vicon_receiver/share/vicon_receiver/package.bash'
[1.358s] INFO:colcon.colcon_core.shell:Creating package script '/home/nomaan/ros2_ws/install/vicon_receiver/share/vicon_receiver/package.zsh'
[1.358s] Level 1:colcon.colcon_core.environment:create_file_with_runtime_dependencies(/home/nomaan/ros2_ws/install/vicon_receiver/share/colcon-core/packages/vicon_receiver)
[1.358s] Level 1:colcon.colcon_core.environment:create_environment_scripts_only(vicon_receiver)
[1.359s] Level 1:colcon.colcon_core.environment:checking '/home/nomaan/ros2_ws/install/vicon_receiver' for CMake module files
[1.359s] Level 1:colcon.colcon_core.environment:checking '/home/nomaan/ros2_ws/install/vicon_receiver' for CMake config files
[1.359s] Level 1:colcon.colcon_core.shell:create_environment_hook('vicon_receiver', 'cmake_prefix_path')
[1.359s] INFO:colcon.colcon_core.shell:Creating environment hook '/home/nomaan/ros2_ws/install/vicon_receiver/share/vicon_receiver/hook/cmake_prefix_path.ps1'
[1.359s] INFO:colcon.colcon_core.shell:Creating environment descriptor '/home/nomaan/ros2_ws/install/vicon_receiver/share/vicon_receiver/hook/cmake_prefix_path.dsv'
[1.360s] INFO:colcon.colcon_core.shell:Creating environment hook '/home/nomaan/ros2_ws/install/vicon_receiver/share/vicon_receiver/hook/cmake_prefix_path.sh'
[1.360s] Level 1:colcon.colcon_core.environment:checking '/home/nomaan/ros2_ws/install/vicon_receiver/lib'
[1.360s] Level 1:colcon.colcon_core.shell:create_environment_hook('vicon_receiver', 'ld_library_path_lib')
[1.360s] INFO:colcon.colcon_core.shell:Creating environment hook '/home/nomaan/ros2_ws/install/vicon_receiver/share/vicon_receiver/hook/ld_library_path_lib.ps1'
[1.360s] INFO:colcon.colcon_core.shell:Creating environment descriptor '/home/nomaan/ros2_ws/install/vicon_receiver/share/vicon_receiver/hook/ld_library_path_lib.dsv'
[1.361s] INFO:colcon.colcon_core.shell:Creating environment hook '/home/nomaan/ros2_ws/install/vicon_receiver/share/vicon_receiver/hook/ld_library_path_lib.sh'
[1.361s] Level 1:colcon.colcon_core.environment:checking '/home/nomaan/ros2_ws/install/vicon_receiver/bin'
[1.361s] Level 1:colcon.colcon_core.environment:checking '/home/nomaan/ros2_ws/install/vicon_receiver/lib/pkgconfig/vicon_receiver.pc'
[1.361s] Level 1:colcon.colcon_core.environment:checking '/home/nomaan/ros2_ws/install/vicon_receiver/lib/python3.10/site-packages'
[1.361s] Level 1:colcon.colcon_core.environment:checking '/home/nomaan/ros2_ws/install/vicon_receiver/bin'
[1.361s] INFO:colcon.colcon_core.shell:Creating package script '/home/nomaan/ros2_ws/install/vicon_receiver/share/vicon_receiver/package.ps1'
[1.362s] INFO:colcon.colcon_core.shell:Creating package descriptor '/home/nomaan/ros2_ws/install/vicon_receiver/share/vicon_receiver/package.dsv'
[1.362s] INFO:colcon.colcon_core.shell:Creating package script '/home/nomaan/ros2_ws/install/vicon_receiver/share/vicon_receiver/package.sh'
[1.362s] INFO:colcon.colcon_core.shell:Creating package script '/home/nomaan/ros2_ws/install/vicon_receiver/share/vicon_receiver/package.bash'
[1.363s] INFO:colcon.colcon_core.shell:Creating package script '/home/nomaan/ros2_ws/install/vicon_receiver/share/vicon_receiver/package.zsh'
[1.363s] Level 1:colcon.colcon_core.environment:create_file_with_runtime_dependencies(/home/nomaan/ros2_ws/install/vicon_receiver/share/colcon-core/packages/vicon_receiver)
[1.363s] INFO:colcon.colcon_ros.task.ament_python.build:Building ROS package in '/home/nomaan/ros2_ws/src/py_pubsub' with build type 'ament_python'
[1.363s] Level 1:colcon.colcon_core.shell:create_environment_hook('py_pubsub', 'ament_prefix_path')
[1.363s] INFO:colcon.colcon_core.shell:Creating environment hook '/home/nomaan/ros2_ws/install/py_pubsub/share/py_pubsub/hook/ament_prefix_path.ps1'
[1.364s] INFO:colcon.colcon_core.shell:Creating environment descriptor '/home/nomaan/ros2_ws/install/py_pubsub/share/py_pubsub/hook/ament_prefix_path.dsv'
[1.364s] INFO:colcon.colcon_core.shell:Creating environment hook '/home/nomaan/ros2_ws/install/py_pubsub/share/py_pubsub/hook/ament_prefix_path.sh'
[1.364s] INFO:colcon.colcon_core.shell:Skip shell extension 'powershell' for command environment: Not usable outside of PowerShell
[1.364s] DEBUG:colcon.colcon_core.shell:Skip shell extension 'dsv' for command environment
[1.521s] INFO:colcon.colcon_core.task.python.build:Building Python package in '/home/nomaan/ros2_ws/src/py_pubsub'
[1.521s] INFO:colcon.colcon_core.shell:Skip shell extension 'powershell' for command environment: Not usable outside of PowerShell
[1.521s] DEBUG:colcon.colcon_core.shell:Skip shell extension 'dsv' for command environment
[1.720s] DEBUG:colcon.colcon_core.event_handler.log_command:Invoking command in '/home/nomaan/ros2_ws/src/py_pubsub': PYTHONPATH=/home/nomaan/ros2_ws/build/py_pubsub/prefix_override:/usr/lib/python3/dist-packages/colcon_core/task/python/colcon_distutils_commands:/home/nomaan/ros2_ws/install/py_pubsub/lib/python3.10/site-packages:${PYTHONPATH} /usr/bin/python3 -W ignore:setup.py install is deprecated -W ignore:easy_install command is deprecated setup.py egg_info --egg-base ../../build/py_pubsub build --build-base /home/nomaan/ros2_ws/build/py_pubsub/build install --record /home/nomaan/ros2_ws/build/py_pubsub/install.log --single-version-externally-managed install_data
[1.901s] Level 1:colcon.colcon_core.environment:checking '/home/nomaan/ros2_ws/install/py_pubsub' for CMake module files
[1.902s] DEBUG:colcon.colcon_core.event_handler.log_command:Invoked command in '/home/nomaan/ros2_ws/src/py_pubsub' returned '0': PYTHONPATH=/home/nomaan/ros2_ws/build/py_pubsub/prefix_override:/usr/lib/python3/dist-packages/colcon_core/task/python/colcon_distutils_commands:/home/nomaan/ros2_ws/install/py_pubsub/lib/python3.10/site-packages:${PYTHONPATH} /usr/bin/python3 -W ignore:setup.py install is deprecated -W ignore:easy_install command is deprecated setup.py egg_info --egg-base ../../build/py_pubsub build --build-base /home/nomaan/ros2_ws/build/py_pubsub/build install --record /home/nomaan/ros2_ws/build/py_pubsub/install.log --single-version-externally-managed install_data
[1.902s] Level 1:colcon.colcon_core.environment:checking '/home/nomaan/ros2_ws/install/py_pubsub' for CMake config files
[1.902s] Level 1:colcon.colcon_core.environment:checking '/home/nomaan/ros2_ws/install/py_pubsub/lib'
[1.902s] Level 1:colcon.colcon_core.environment:checking '/home/nomaan/ros2_ws/install/py_pubsub/bin'
[1.902s] Level 1:colcon.colcon_core.environment:checking '/home/nomaan/ros2_ws/install/py_pubsub/lib/pkgconfig/py_pubsub.pc'
[1.903s] Level 1:colcon.colcon_core.environment:checking '/home/nomaan/ros2_ws/install/py_pubsub/lib/python3.10/site-packages'
[1.903s] Level 1:colcon.colcon_core.shell:create_environment_hook('py_pubsub', 'pythonpath')
[1.903s] INFO:colcon.colcon_core.shell:Creating environment hook '/home/nomaan/ros2_ws/install/py_pubsub/share/py_pubsub/hook/pythonpath.ps1'
[1.903s] INFO:colcon.colcon_core.shell:Creating environment descriptor '/home/nomaan/ros2_ws/install/py_pubsub/share/py_pubsub/hook/pythonpath.dsv'
[1.903s] INFO:colcon.colcon_core.shell:Creating environment hook '/home/nomaan/ros2_ws/install/py_pubsub/share/py_pubsub/hook/pythonpath.sh'
[1.904s] Level 1:colcon.colcon_core.environment:checking '/home/nomaan/ros2_ws/install/py_pubsub/bin'
[1.904s] Level 1:colcon.colcon_core.environment:create_environment_scripts_only(py_pubsub)
[1.904s] INFO:colcon.colcon_core.shell:Creating package script '/home/nomaan/ros2_ws/install/py_pubsub/share/py_pubsub/package.ps1'
[1.904s] INFO:colcon.colcon_core.shell:Creating package descriptor '/home/nomaan/ros2_ws/install/py_pubsub/share/py_pubsub/package.dsv'
[1.905s] INFO:colcon.colcon_core.shell:Creating package script '/home/nomaan/ros2_ws/install/py_pubsub/share/py_pubsub/package.sh'
[1.905s] INFO:colcon.colcon_core.shell:Creating package script '/home/nomaan/ros2_ws/install/py_pubsub/share/py_pubsub/package.bash'
[1.905s] INFO:colcon.colcon_core.shell:Creating package script '/home/nomaan/ros2_ws/install/py_pubsub/share/py_pubsub/package.zsh'
[1.905s] Level 1:colcon.colcon_core.environment:create_file_with_runtime_dependencies(/home/nomaan/ros2_ws/install/py_pubsub/share/colcon-core/packages/py_pubsub)
[1.905s] DEBUG:colcon.colcon_parallel_executor.executor.parallel:closing loop
[1.905s] DEBUG:colcon.colcon_parallel_executor.executor.parallel:loop closed
[1.906s] DEBUG:colcon.colcon_parallel_executor.executor.parallel:run_until_complete finished with '0'
[1.906s] DEBUG:colcon.colcon_core.event_reactor:joining thread
[1.910s] INFO:colcon.colcon_core.plugin_system:Skipping extension 'colcon_notification.desktop_notification.terminal_notifier': Not used on non-Darwin systems
[1.910s] INFO:colcon.colcon_core.plugin_system:Skipping extension 'colcon_notification.desktop_notification.win32': Not used on non-Windows systems
[1.910s] INFO:colcon.colcon_notification.desktop_notification:Sending desktop notification using 'notify2'
[1.924s] DEBUG:colcon.colcon_core.event_reactor:joined thread
[1.924s] INFO:colcon.colcon_core.shell:Creating prefix script '/home/nomaan/ros2_ws/install/local_setup.ps1'
[1.925s] INFO:colcon.colcon_core.shell:Creating prefix util module '/home/nomaan/ros2_ws/install/_local_setup_util_ps1.py'
[1.926s] INFO:colcon.colcon_core.shell:Creating prefix chain script '/home/nomaan/ros2_ws/install/setup.ps1'
[1.928s] INFO:colcon.colcon_core.shell:Creating prefix script '/home/nomaan/ros2_ws/install/local_setup.sh'
[1.928s] INFO:colcon.colcon_core.shell:Creating prefix util module '/home/nomaan/ros2_ws/install/_local_setup_util_sh.py'
[1.929s] INFO:colcon.colcon_core.shell:Creating prefix chain script '/home/nomaan/ros2_ws/install/setup.sh'
[1.929s] INFO:colcon.colcon_core.shell:Creating prefix script '/home/nomaan/ros2_ws/install/local_setup.bash'
[1.930s] INFO:colcon.colcon_core.shell:Creating prefix chain script '/home/nomaan/ros2_ws/install/setup.bash'
[1.931s] INFO:colcon.colcon_core.shell:Creating prefix script '/home/nomaan/ros2_ws/install/local_setup.zsh'
[1.931s] INFO:colcon.colcon_core.shell:Creating prefix chain script '/home/nomaan/ros2_ws/install/setup.zsh'
