1749834404.8946786 [INFO] [launch]: All log files can be found below /home/thymio/ros_logs/2025-06-13-17-06-44-891416-thymio-5929
1749834404.8952475 [INFO] [launch]: Default logging verbosity is set to INFO
1749834405.1125991 [INFO] [service_vicon_node-1]: process started with pid [5930]
1749834405.1134689 [INFO] [service_neighbours_opinions-2]: process started with pid [5932]
1749834405.1143005 [INFO] [random_robot_move-3]: process started with pid [5934]
1749834405.1149290 [INFO] [publish_wind_direction-4]: process started with pid [5936]
1749834406.7083819 [publish_wind_direction-4] /usr/lib/python3/dist-packages/scipy/__init__.py:146: UserWarning: A NumPy version >=1.17.3 and <1.25.0 is required for this version of SciPy (detected version 1.26.4
1749834406.7095075 [publish_wind_direction-4]   warnings.warn(f"A NumPy version >={np_minversion} and <{np_maxversion}"
1749834406.8030148 [service_vicon_node-1] [INFO] [1749834406.802208246] [service_vicon_node]: Physical Ip=192.168.3.84, id=id84
1749834406.8081284 [service_vicon_node-1] [INFO] [1749834406.807370857] [service_vicon_node]: Updated ID from mapping: id224
1749834406.8211997 [service_vicon_node-1] [INFO] [1749834406.820335023] [service_vicon_node]: Subscribed to: vicon/default/data
1749834406.8277617 [service_neighbours_opinions-2] [INFO] [1749834406.826996357] [service_neighbours_opinions]: Physical Ip=192.168.3.84, id=id84
1749834406.8327458 [service_neighbours_opinions-2] [INFO] [1749834406.831995690] [service_neighbours_opinions]: Updated ID from mapping: id224
1749834406.8411400 [service_neighbours_opinions-2] [INFO] [1749834406.840307301] [service_neighbours_opinions]: Subscribed to: wind_direction/id68
1749834406.8465142 [service_neighbours_opinions-2] [INFO] [1749834406.845827005] [service_neighbours_opinions]: Subscribed to: wind_direction/id136
1749834406.8505015 [service_neighbours_opinions-2] [INFO] [1749834406.849859671] [service_neighbours_opinions]: Subscribed to: wind_direction/id137
1749834406.8560305 [service_neighbours_opinions-2] [INFO] [1749834406.855276745] [service_neighbours_opinions]: Subscribed to: wind_direction/id142
1749834406.8613381 [service_neighbours_opinions-2] [INFO] [1749834406.859801764] [service_neighbours_opinions]: Subscribed to: wind_direction/id151
1749834406.8655992 [service_neighbours_opinions-2] [INFO] [1749834406.864773931] [service_neighbours_opinions]: Subscribed to: wind_direction/id152
1749834406.8695951 [service_neighbours_opinions-2] [INFO] [1749834406.868769653] [service_neighbours_opinions]: Subscribed to: wind_direction/id155
1749834406.8735127 [service_neighbours_opinions-2] [INFO] [1749834406.872707875] [service_neighbours_opinions]: Subscribed to: wind_direction/id189
1749834406.8773992 [service_neighbours_opinions-2] [INFO] [1749834406.876659542] [service_neighbours_opinions]: Subscribed to: wind_direction/id192
1749834406.8813648 [service_neighbours_opinions-2] [INFO] [1749834406.880611783] [service_neighbours_opinions]: Subscribed to: wind_direction/id193
1749834406.8855276 [service_neighbours_opinions-2] [INFO] [1749834406.884658745] [service_neighbours_opinions]: Subscribed to: wind_direction/id194
1749834406.8893690 [service_neighbours_opinions-2] [INFO] [1749834406.888593931] [service_neighbours_opinions]: Subscribed to: wind_direction/id195
1749834406.8932905 [service_neighbours_opinions-2] [INFO] [1749834406.892511820] [service_neighbours_opinions]: Subscribed to: wind_direction/id200
1749834406.8972602 [service_neighbours_opinions-2] [INFO] [1749834406.896498468] [service_neighbours_opinions]: Subscribed to: wind_direction/id206
1749834406.9012771 [service_neighbours_opinions-2] [INFO] [1749834406.900452764] [service_neighbours_opinions]: Subscribed to: wind_direction/id207
1749834406.9051886 [service_neighbours_opinions-2] [INFO] [1749834406.904409505] [service_neighbours_opinions]: Subscribed to: wind_direction/id223
1749834406.9094496 [service_neighbours_opinions-2] [INFO] [1749834406.908672468] [service_neighbours_opinions]: Subscribed to: wind_direction/id236
1749834406.9134371 [service_neighbours_opinions-2] [INFO] [1749834406.912597875] [service_neighbours_opinions]: Subscribed to: wind_direction/id247
1749834406.9172246 [service_neighbours_opinions-2] [INFO] [1749834406.916440838] [service_neighbours_opinions]: Subscribed to: wind_direction/id1193
1749834407.1922264 [publish_wind_direction-4] [INFO] [1749834407.191578653] [publish_wind_direction]: Physical Ip=192.168.3.84, id=id84
1749834407.1955941 [publish_wind_direction-4] [INFO] [1749834407.194721597] [publish_wind_direction]: Updated ID from mapping: id224
1749834407.2054949 [publish_wind_direction-4] [INFO] [1749834407.204870449] [publish_wind_direction]: Publsihing on: wind_direction/id224
1749834414.6571207 [random_robot_move-3] [INFO] [1749834414.656035352] [random_robot_move]: Robot Control Node started.
1749834428.3933682 [service_vicon_node-1] [INFO] [1749834428.392544825] [service_vicon_node]: Frame_no: 309651
1749834432.2603533 [publish_wind_direction-4] [ERROR] [1749834432.259593249] [publish_wind_direction]: get_pose_data service not available!
1749834438.9743526 [service_vicon_node-1] [INFO] [1749834438.973110504] [service_vicon_node]: Frame_no: 309957
1749834449.7544985 [service_vicon_node-1] [INFO] [1749834449.753575572] [service_vicon_node]: Frame_no: 310220
1749834457.3228498 [publish_wind_direction-4] [ERROR] [1749834457.322032882] [publish_wind_direction]: get_opinions service not available!
1749834461.7076597 [service_vicon_node-1] [INFO] [1749834461.706804528] [service_vicon_node]: Frame_no: 310568
1749834472.7309477 [service_vicon_node-1] [INFO] [1749834472.729968447] [service_vicon_node]: Frame_no: 310779
1749834474.4842217 [service_neighbours_opinions-2] [INFO] [1749834474.483546576] [service_neighbours_opinions]: All opinions size= 5
1749834474.5928380 [publish_wind_direction-4] [INFO] [1749834474.592126575] [publish_wind_direction]: ### Informed ###
1749834474.5974355 [publish_wind_direction-4] [INFO] [1749834474.596635390] [publish_wind_direction]: Publishing: id224:W
1749834474.6021175 [publish_wind_direction-4] [INFO] [1749834474.601471020] [publish_wind_direction]: ------------------
1749834479.5351620 [service_neighbours_opinions-2] [INFO] [1749834479.534398350] [service_neighbours_opinions]: All opinions size= 8
1749834479.5406439 [publish_wind_direction-4] [INFO] [1749834479.538698924] [publish_wind_direction]: ### Informed ###
1749834479.5432837 [publish_wind_direction-4] [INFO] [1749834479.542472684] [publish_wind_direction]: Publishing: id224:W
1749834479.5459442 [publish_wind_direction-4] [INFO] [1749834479.545128184] [publish_wind_direction]: ------------------
1749834482.7564147 [service_vicon_node-1] [INFO] [1749834482.755058478] [service_vicon_node]: Frame_no: 310831
1749834484.5200903 [service_neighbours_opinions-2] [INFO] [1749834484.519257366] [service_neighbours_opinions]: All opinions size= 10
1749834484.5256295 [publish_wind_direction-4] [INFO] [1749834484.524981421] [publish_wind_direction]: ### Informed ###
1749834484.5295203 [publish_wind_direction-4] [INFO] [1749834484.528876736] [publish_wind_direction]: Publishing: id224:N
1749834484.5321789 [publish_wind_direction-4] [INFO] [1749834484.531600181] [publish_wind_direction]: ------------------
1749834490.5057881 [service_neighbours_opinions-2] [INFO] [1749834490.505129566] [service_neighbours_opinions]: All opinions size= 12
1749834490.5819433 [publish_wind_direction-4] [INFO] [1749834490.581194270] [publish_wind_direction]: ### Informed ###
1749834490.5899990 [publish_wind_direction-4] [INFO] [1749834490.589378622] [publish_wind_direction]: Publishing: id224:N
1749834490.5928781 [publish_wind_direction-4] [INFO] [1749834490.592178344] [publish_wind_direction]: ------------------
1749834494.1853638 [service_vicon_node-1] [INFO] [1749834494.184174582] [service_vicon_node]: Frame_no: 311426
1749834494.5928321 [service_neighbours_opinions-2] [INFO] [1749834494.592064304] [service_neighbours_opinions]: All opinions size= 14
1749834494.5991592 [publish_wind_direction-4] [INFO] [1749834494.598457619] [publish_wind_direction]: ### Informed ###
1749834494.6058390 [publish_wind_direction-4] [INFO] [1749834494.605182860] [publish_wind_direction]: Publishing: id224:S
1749834494.6098175 [publish_wind_direction-4] [INFO] [1749834494.609147804] [publish_wind_direction]: ------------------
1749834499.5933495 [service_neighbours_opinions-2] [INFO] [1749834499.592468227] [service_neighbours_opinions]: All opinions size= 15
1749834499.6013169 [publish_wind_direction-4] [INFO] [1749834499.600394579] [publish_wind_direction]: ### Informed ###
1749834499.6059425 [publish_wind_direction-4] [INFO] [1749834499.605334690] [publish_wind_direction]: Publishing: id224:W
1749834499.6084034 [publish_wind_direction-4] [INFO] [1749834499.607869431] [publish_wind_direction]: ------------------
1749834504.5608330 [service_neighbours_opinions-2] [INFO] [1749834504.560063743] [service_neighbours_opinions]: All opinions size= 15
1749834504.5656021 [publish_wind_direction-4] [INFO] [1749834504.565004391] [publish_wind_direction]: ### Informed ###
1749834504.5692782 [publish_wind_direction-4] [INFO] [1749834504.568385428] [publish_wind_direction]: Publishing: id224:W
1749834504.5720038 [publish_wind_direction-4] [INFO] [1749834504.571172095] [publish_wind_direction]: ------------------
1749834504.8220773 [service_vicon_node-1] [INFO] [1749834504.820701187] [service_vicon_node]: Frame_no: 311878
1749834509.5638964 [service_neighbours_opinions-2] [INFO] [1749834509.562914629] [service_neighbours_opinions]: All opinions size= 16
1749834509.5701799 [publish_wind_direction-4] [INFO] [1749834509.568509166] [publish_wind_direction]: ### Informed ###
1749834509.5734117 [publish_wind_direction-4] [INFO] [1749834509.572556832] [publish_wind_direction]: Publishing: id224:W
1749834509.5761712 [publish_wind_direction-4] [INFO] [1749834509.575374777] [publish_wind_direction]: ------------------
1749834514.4496856 [service_neighbours_opinions-2] [INFO] [1749834514.448966107] [service_neighbours_opinions]: All opinions size= 16
1749834514.4537241 [publish_wind_direction-4] [INFO] [1749834514.452865959] [publish_wind_direction]: ### Informed ###
1749834514.4573953 [publish_wind_direction-4] [INFO] [1749834514.456385311] [publish_wind_direction]: Publishing: id224:W
1749834514.4603119 [publish_wind_direction-4] [INFO] [1749834514.459493385] [publish_wind_direction]: ------------------
1749834519.5506489 [service_neighbours_opinions-2] [INFO] [1749834519.549753549] [service_neighbours_opinions]: All opinions size= 16
1749834519.5544560 [publish_wind_direction-4] [INFO] [1749834519.553816604] [publish_wind_direction]: ### Informed ###
1749834519.5576708 [publish_wind_direction-4] [INFO] [1749834519.557103549] [publish_wind_direction]: Publishing: id224:W
1749834519.5602505 [publish_wind_direction-4] [INFO] [1749834519.559693289] [publish_wind_direction]: ------------------
1749834524.5085645 [service_neighbours_opinions-2] [INFO] [1749834524.507830120] [service_neighbours_opinions]: All opinions size= 16
1749834524.5126534 [publish_wind_direction-4] [INFO] [1749834524.511823768] [publish_wind_direction]: ### Informed ###
1749834524.5159183 [publish_wind_direction-4] [INFO] [1749834524.515168009] [publish_wind_direction]: Publishing: id224:W
1749834524.5186689 [publish_wind_direction-4] [INFO] [1749834524.517847805] [publish_wind_direction]: ------------------
1749834529.4743388 [service_neighbours_opinions-2] [INFO] [1749834529.473616265] [service_neighbours_opinions]: All opinions size= 16
1749834529.4780037 [publish_wind_direction-4] [INFO] [1749834529.477385672] [publish_wind_direction]: ### Informed ###
1749834529.4814200 [publish_wind_direction-4] [INFO] [1749834529.480827006] [publish_wind_direction]: Publishing: id224:W
1749834529.4841340 [publish_wind_direction-4] [INFO] [1749834529.483539450] [publish_wind_direction]: ------------------
1749834534.4306870 [service_neighbours_opinions-2] [INFO] [1749834534.429961132] [service_neighbours_opinions]: All opinions size= 16
1749834534.4346652 [publish_wind_direction-4] [INFO] [1749834534.433770169] [publish_wind_direction]: ### Informed ###
1749834534.4382706 [publish_wind_direction-4] [INFO] [1749834534.437419169] [publish_wind_direction]: Publishing: id224:S
1749834534.4409304 [publish_wind_direction-4] [INFO] [1749834534.440306762] [publish_wind_direction]: ------------------
1749834539.5067132 [service_neighbours_opinions-2] [INFO] [1749834539.505991815] [service_neighbours_opinions]: All opinions size= 16
1749834539.5114222 [publish_wind_direction-4] [INFO] [1749834539.510750240] [publish_wind_direction]: ### Informed ###
1749834539.5151312 [publish_wind_direction-4] [INFO] [1749834539.514479389] [publish_wind_direction]: Publishing: id224:S
1749834539.5183036 [publish_wind_direction-4] [INFO] [1749834539.517711259] [publish_wind_direction]: ------------------
1749834544.5700109 [service_neighbours_opinions-2] [INFO] [1749834544.569278349] [service_neighbours_opinions]: All opinions size= 16
1749834544.5739801 [publish_wind_direction-4] [INFO] [1749834544.573147386] [publish_wind_direction]: ### Informed ###
1749834544.5772378 [publish_wind_direction-4] [INFO] [1749834544.576463182] [publish_wind_direction]: Publishing: id224:S
1749834544.5802660 [publish_wind_direction-4] [INFO] [1749834544.579451404] [publish_wind_direction]: ------------------
1749834549.6148593 [service_neighbours_opinions-2] [INFO] [1749834549.613881679] [service_neighbours_opinions]: All opinions size= 16
1749834549.6188259 [publish_wind_direction-4] [INFO] [1749834549.617982142] [publish_wind_direction]: ### Informed ###
1749834549.6222103 [publish_wind_direction-4] [INFO] [1749834549.621398660] [publish_wind_direction]: Publishing: id224:W
1749834549.6253836 [publish_wind_direction-4] [INFO] [1749834549.624490012] [publish_wind_direction]: ------------------
1749834554.5591888 [service_neighbours_opinions-2] [INFO] [1749834554.558192139] [service_neighbours_opinions]: All opinions size= 16
1749834554.5631359 [publish_wind_direction-4] [INFO] [1749834554.562297583] [publish_wind_direction]: ### Informed ###
1749834554.5662470 [publish_wind_direction-4] [INFO] [1749834554.565646676] [publish_wind_direction]: Publishing: id224:W
1749834554.5691161 [publish_wind_direction-4] [INFO] [1749834554.568483343] [publish_wind_direction]: ------------------
1749834559.6009350 [service_neighbours_opinions-2] [INFO] [1749834559.600223617] [service_neighbours_opinions]: All opinions size= 16
1749834559.6050527 [publish_wind_direction-4] [INFO] [1749834559.604419321] [publish_wind_direction]: ### Informed ###
1749834559.6083124 [publish_wind_direction-4] [INFO] [1749834559.607747117] [publish_wind_direction]: Publishing: id224:W
1749834559.6110275 [publish_wind_direction-4] [INFO] [1749834559.610464025] [publish_wind_direction]: ------------------
1749834564.6559799 [service_neighbours_opinions-2] [INFO] [1749834564.655248429] [service_neighbours_opinions]: All opinions size= 16
1749834564.6598620 [publish_wind_direction-4] [INFO] [1749834564.659231855] [publish_wind_direction]: ### Informed ###
1749834564.6638005 [publish_wind_direction-4] [INFO] [1749834564.663160633] [publish_wind_direction]: Publishing: id224:N
1749834564.6666005 [publish_wind_direction-4] [INFO] [1749834564.666037929] [publish_wind_direction]: ------------------
1749834569.5338445 [service_neighbours_opinions-2] [INFO] [1749834569.533173037] [service_neighbours_opinions]: All opinions size= 16
1749834569.5394027 [publish_wind_direction-4] [INFO] [1749834569.538742574] [publish_wind_direction]: ### Informed ###
1749834569.5456593 [publish_wind_direction-4] [INFO] [1749834569.545042834] [publish_wind_direction]: Publishing: id224:N
1749834569.5503070 [publish_wind_direction-4] [INFO] [1749834569.549725260] [publish_wind_direction]: ------------------
1749834574.5057845 [service_neighbours_opinions-2] [INFO] [1749834574.504978349] [service_neighbours_opinions]: All opinions size= 16
1749834574.5098855 [publish_wind_direction-4] [INFO] [1749834574.509282979] [publish_wind_direction]: ### Informed ###
1749834574.5134296 [publish_wind_direction-4] [INFO] [1749834574.512869034] [publish_wind_direction]: Publishing: id224:W
1749834574.5163193 [publish_wind_direction-4] [INFO] [1749834574.515671368] [publish_wind_direction]: ------------------
1749834579.5478618 [service_neighbours_opinions-2] [INFO] [1749834579.547144735] [service_neighbours_opinions]: All opinions size= 16
1749834579.5525012 [publish_wind_direction-4] [INFO] [1749834579.551781457] [publish_wind_direction]: ### Informed ###
1749834579.5559790 [publish_wind_direction-4] [INFO] [1749834579.555431309] [publish_wind_direction]: Publishing: id224:E
1749834579.5586731 [publish_wind_direction-4] [INFO] [1749834579.558104606] [publish_wind_direction]: ------------------
1749834584.5662000 [service_neighbours_opinions-2] [INFO] [1749834584.565468880] [service_neighbours_opinions]: All opinions size= 16
1749834584.5709403 [publish_wind_direction-4] [INFO] [1749834584.570242399] [publish_wind_direction]: ### Informed ###
1749834584.5754442 [publish_wind_direction-4] [INFO] [1749834584.574600121] [publish_wind_direction]: Publishing: id224:S
1749834584.5781035 [publish_wind_direction-4] [INFO] [1749834584.577537658] [publish_wind_direction]: ------------------
1749834589.4623637 [service_neighbours_opinions-2] [INFO] [1749834589.461460026] [service_neighbours_opinions]: All opinions size= 16
1749834589.4663584 [publish_wind_direction-4] [INFO] [1749834589.465407970] [publish_wind_direction]: ### Informed ###
1749834589.4699025 [publish_wind_direction-4] [INFO] [1749834589.469071951] [publish_wind_direction]: Publishing: id224:E
1749834589.4725780 [publish_wind_direction-4] [INFO] [1749834589.471767266] [publish_wind_direction]: ------------------
1749835606.9221492 [service_neighbours_opinions-2] [INFO] [1749835606.921278512] [service_neighbours_opinions]: Raising exception at 17:26:46
1749835607.0852065 [service_neighbours_opinions-2] Traceback (most recent call last):
1749835607.0859873 [service_neighbours_opinions-2]   File "/home/thymio/ros2_ws/install/wind_direction_detector/lib/python3.10/site-packages/wind_direction_detector/neighbours_opinion_node.py", line 114, in main
1749835607.0881209 [service_neighbours_opinions-2]     rclpy.spin(neighbours_node)
1749835607.0888846 [service_neighbours_opinions-2]   File "/opt/ros/humble/local/lib/python3.10/dist-packages/rclpy/__init__.py", line 226, in spin
1749835607.0899844 [service_neighbours_opinions-2]     executor.spin_once()
1749835607.0914688 [service_neighbours_opinions-2]   File "/opt/ros/humble/local/lib/python3.10/dist-packages/rclpy/executors.py", line 739, in spin_once
1749835607.0930495 [service_neighbours_opinions-2]     self._spin_once_impl(timeout_sec)
1749835607.0946460 [service_neighbours_opinions-2]   File "/opt/ros/humble/local/lib/python3.10/dist-packages/rclpy/executors.py", line 736, in _spin_once_impl
1749835607.0961173 [service_neighbours_opinions-2]     raise handler.exception()
1749835607.0976226 [service_neighbours_opinions-2]   File "/opt/ros/humble/local/lib/python3.10/dist-packages/rclpy/task.py", line 239, in __call__
1749835607.0990639 [service_neighbours_opinions-2]     self._handler.send(None)
1749835607.1005712 [service_neighbours_opinions-2]   File "/opt/ros/humble/local/lib/python3.10/dist-packages/rclpy/executors.py", line 437, in handler
1749835607.1021101 [service_neighbours_opinions-2]     await call_coroutine(entity, arg)
1749835607.1060052 [service_neighbours_opinions-2]   File "/opt/ros/humble/local/lib/python3.10/dist-packages/rclpy/executors.py", line 351, in _execute_timer
1749835607.1092281 [service_neighbours_opinions-2]     await await_or_execute(tmr.callback)
1749835607.1106596 [service_neighbours_opinions-2]   File "/opt/ros/humble/local/lib/python3.10/dist-packages/rclpy/executors.py", line 107, in await_or_execute
1749835607.1120422 [service_neighbours_opinions-2]     return callback(*args)
1749835607.1136115 [service_neighbours_opinions-2]   File "/home/thymio/ros2_ws/install/wind_direction_detector/lib/python3.10/site-packages/wind_direction_detector/neighbours_opinion_node.py", line 65, in stop_execution
1749835607.1171296 [service_neighbours_opinions-2]     raise Exception
1749835607.1186018 [service_neighbours_opinions-2] Exception
1749835607.1197872 [service_neighbours_opinions-2] 
1749835607.1210740 [service_neighbours_opinions-2] During handling of the above exception, another exception occurred:
1749835607.1225371 [service_neighbours_opinions-2] 
1749835607.1238575 [service_neighbours_opinions-2] Traceback (most recent call last):
1749835607.1253130 [service_neighbours_opinions-2]   File "/home/thymio/ros2_ws/install/wind_direction_detector/lib/wind_direction_detector/service_neighbours_opinions", line 33, in <module>
1749835607.1266336 [service_neighbours_opinions-2]     sys.exit(load_entry_point('wind-direction-detector==0.0.0', 'console_scripts', 'service_neighbours_opinions')())
1749835607.1311486 [service_neighbours_opinions-2]   File "/home/thymio/ros2_ws/install/wind_direction_detector/lib/python3.10/site-packages/wind_direction_detector/neighbours_opinion_node.py", line 120, in main
1749835607.1332912 [service_neighbours_opinions-2]     neighbours_node.get_logger().error(e)
1749835607.1349363 [service_neighbours_opinions-2]   File "/opt/ros/humble/local/lib/python3.10/dist-packages/rclpy/impl/rcutils_logger.py", line 345, in error
1749835607.1367319 [service_neighbours_opinions-2]     return self.log(message, LoggingSeverity.ERROR, **kwargs)
1749835607.1382506 [service_neighbours_opinions-2]   File "/opt/ros/humble/local/lib/python3.10/dist-packages/rclpy/impl/rcutils_logger.py", line 318, in log
1749835607.1396878 [service_neighbours_opinions-2]     _rclpy.rclpy_logging_rcutils_log(
1749835607.1411855 [service_neighbours_opinions-2] TypeError: rclpy_logging_rcutils_log(): incompatible function arguments. The following argument types are supported:
1749835607.1427634 [service_neighbours_opinions-2]     1. (arg0: int, arg1: str, arg2: str, arg3: str, arg4: str, arg5: int) -> None
1749835607.1442661 [service_neighbours_opinions-2] 
1749835607.1475465 [service_neighbours_opinions-2] Invoked with: <LoggingSeverity.ERROR: 40>, 'service_neighbours_opinions', Exception(), 'main', '/home/thymio/ros2_ws/install/wind_direction_detector/lib/python3.10/site-packages/wind_direction_detector/neighbours_opinion_node.py', 120
1749835607.2105265 [publish_wind_direction-4] [INFO] [1749835607.209843586] [publish_wind_direction]: Raising exception at 17:26:47
1749835607.2168527 [publish_wind_direction-4] CV2 Ver. =  4.11.0
1749835607.2172070 [publish_wind_direction-4] No ArUco marker detected.
1749835607.2174923 [publish_wind_direction-4] No ArUco marker detected.
1749835607.4266477 [publish_wind_direction-4] Traceback (most recent call last):
1749835607.4271381 [publish_wind_direction-4]   File "/home/thymio/ros2_ws/install/wind_direction_detector/lib/wind_direction_detector/publish_wind_direction", line 33, in <module>
1749835607.4284518 [publish_wind_direction-4]     sys.exit(load_entry_point('wind-direction-detector==0.0.0', 'console_scripts', 'publish_wind_direction')())
1749835607.4290605 [publish_wind_direction-4]   File "/home/thymio/ros2_ws/install/wind_direction_detector/lib/python3.10/site-packages/wind_direction_detector/publish_direction.py", line 353, in main
1749835607.4294865 [publish_wind_direction-4]     rclpy.spin(wind_direction_sensor)
1749835607.4298692 [publish_wind_direction-4]   File "/opt/ros/humble/local/lib/python3.10/dist-packages/rclpy/__init__.py", line 226, in spin
1749835607.4311061 [publish_wind_direction-4]     executor.spin_once()
1749835607.4316084 [publish_wind_direction-4]   File "/opt/ros/humble/local/lib/python3.10/dist-packages/rclpy/executors.py", line 739, in spin_once
1749835607.4320135 [publish_wind_direction-4]     self._spin_once_impl(timeout_sec)
1749835607.4323945 [publish_wind_direction-4]   File "/opt/ros/humble/local/lib/python3.10/dist-packages/rclpy/executors.py", line 736, in _spin_once_impl
1749835607.4331388 [publish_wind_direction-4]     raise handler.exception()
1749835607.4338984 [publish_wind_direction-4]   File "/opt/ros/humble/local/lib/python3.10/dist-packages/rclpy/task.py", line 239, in __call__
1749835607.4346526 [publish_wind_direction-4]     self._handler.send(None)
1749835607.4352946 [publish_wind_direction-4]   File "/opt/ros/humble/local/lib/python3.10/dist-packages/rclpy/executors.py", line 437, in handler
1749835607.4376473 [publish_wind_direction-4]     await call_coroutine(entity, arg)
1749835607.4385312 [publish_wind_direction-4]   File "/opt/ros/humble/local/lib/python3.10/dist-packages/rclpy/executors.py", line 351, in _execute_timer
1749835607.4392753 [publish_wind_direction-4]     await await_or_execute(tmr.callback)
1749835607.4399889 [publish_wind_direction-4]   File "/opt/ros/humble/local/lib/python3.10/dist-packages/rclpy/executors.py", line 107, in await_or_execute
1749835607.4410388 [publish_wind_direction-4]     return callback(*args)
1749835607.4418485 [publish_wind_direction-4]   File "/home/thymio/ros2_ws/install/wind_direction_detector/lib/python3.10/site-packages/wind_direction_detector/publish_direction.py", line 188, in make_wind_direction_opinion
1749835607.4425697 [publish_wind_direction-4]     raise Exception
1749835607.4432969 [publish_wind_direction-4] Exception
1749835610.8370445 [ERROR] [publish_wind_direction-4]: process has died [pid 5936, exit code 1, cmd '/home/thymio/ros2_ws/install/wind_direction_detector/lib/wind_direction_detector/publish_wind_direction --ros-args -r __node:=publish_wind_direction'].
1749835611.0353754 [ERROR] [service_neighbours_opinions-2]: process has died [pid 5932, exit code 1, cmd '/home/thymio/ros2_ws/install/wind_direction_detector/lib/wind_direction_detector/service_neighbours_opinions --ros-args -r __node:=service_neighbours_opinions'].
1749835631.2910435 [random_robot_move-3] [INFO] [1749835631.290376701] [random_robot_move]: robot move: excetion raised at 17:27:11
1749835631.2939055 [random_robot_move-3] [INFO] [1749835631.293248942] [random_robot_move]: Exception, shutting down
1749835631.3156426 [random_robot_move-3] Initializing Thymio Robot
1749835631.3160441 [random_robot_move-3] Thymio 1 is connected
1749835631.3162501 [random_robot_move-3] ['_id', 'event.source', 'event.args', '_fwversion', '_productId', 'buttons._raw', 'button.backward', 'button.left', 'button.center', 'button.forward', 'button.right', 'buttons._mean', 'buttons._noise', 'prox.horizontal', 'prox.comm.rx._payloads', 'prox.comm.rx._intensities', 'prox.comm.rx', 'prox.comm.tx', 'prox.ground.ambiant', 'prox.ground.reflected', 'prox.ground.delta', 'motor.left.target', 'motor.right.target', '_vbat', '_imot', 'motor.left.speed', 'motor.right.speed', 'motor.left.pwm', 'motor.right.pwm', '_integrator', 'acc', 'leds.top', 'leds.bottom.left', 'leds.bottom.right', 'leds.circle', 'temperature', 'rc5.address', 'rc5.command', 'mic.intensity', 'mic.threshold', 'mic._mean', 'timer.period', 'acc._tap', 'sd.present']
1749835631.3164072 [random_robot_move-3] Robot connected
