[0.442s] DEBUG:colcon:Command line arguments: ['/usr/bin/colcon', 'build']
[0.442s] DEBUG:colcon:Parsed command line arguments: Namespace(log_base=None, log_level=None, verb_name='build', build_base='build', install_base='install', merge_install=False, symlink_install=False, test_result_base=None, continue_on_error=False, executor='parallel', parallel_workers=4, event_handlers=None, ignore_user_meta=False, metas=['./colcon.meta'], base_paths=['.'], packages_ignore=None, packages_ignore_regex=None, paths=None, packages_up_to=None, packages_up_to_regex=None, packages_above=None, packages_above_and_dependencies=None, packages_above_depth=None, packages_select_by_dep=None, packages_skip_by_dep=None, packages_skip_up_to=None, packages_select_build_failed=False, packages_skip_build_finished=False, packages_select_test_failures=False, packages_skip_test_passed=False, packages_select=None, packages_skip=None, packages_select_regex=None, packages_skip_regex=None, packages_start=None, packages_end=None, allow_overriding=[], cmake_args=None, cmake_target=None, cmake_target_skip_unavailable=False, cmake_clean_cache=False, cmake_clean_first=False, cmake_force_configure=False, ament_cmake_args=None, catkin_cmake_args=None, catkin_skip_building_tests=False, verb_parser=<colcon_defaults.argument_parser.defaults.DefaultArgumentsDecorator object at 0xffff94e70850>, verb_extension=<colcon_core.verb.build.BuildVerb object at 0xffff94e70400>, main=<bound method BuildVerb.main of <colcon_core.verb.build.BuildVerb object at 0xffff94e70400>>)
[1.256s] Level 1:colcon.colcon_core.package_discovery:discover_packages(colcon_meta) check parameters
[1.257s] Level 1:colcon.colcon_core.package_discovery:discover_packages(recursive) check parameters
[1.257s] Level 1:colcon.colcon_core.package_discovery:discover_packages(ignore) check parameters
[1.257s] Level 1:colcon.colcon_core.package_discovery:discover_packages(path) check parameters
[1.257s] Level 1:colcon.colcon_core.package_discovery:discover_packages(colcon_meta) discover
[1.258s] Level 1:colcon.colcon_core.package_discovery:discover_packages(recursive) discover
[1.258s] INFO:colcon.colcon_core.package_discovery:Crawling recursively for packages in '/home/thymio/ros2_ws'
[1.259s] Level 1:colcon.colcon_core.package_identification:_identify(.) by extensions ['ignore', 'ignore_ament_install']
[1.259s] Level 1:colcon.colcon_core.package_identification:_identify(.) by extension 'ignore'
[1.259s] Level 1:colcon.colcon_core.package_identification:_identify(.) by extension 'ignore_ament_install'
[1.260s] Level 1:colcon.colcon_core.package_identification:_identify(.) by extensions ['colcon_pkg']
[1.260s] Level 1:colcon.colcon_core.package_identification:_identify(.) by extension 'colcon_pkg'
[1.260s] Level 1:colcon.colcon_core.package_identification:_identify(.) by extensions ['colcon_meta']
[1.260s] Level 1:colcon.colcon_core.package_identification:_identify(.) by extension 'colcon_meta'
[1.260s] Level 1:colcon.colcon_core.package_identification:_identify(.) by extensions ['ros']
[1.261s] Level 1:colcon.colcon_core.package_identification:_identify(.) by extension 'ros'
[1.306s] Level 1:colcon.colcon_core.package_identification:_identify(.) by extensions ['cmake', 'python']
[1.307s] Level 1:colcon.colcon_core.package_identification:_identify(.) by extension 'cmake'
[1.307s] Level 1:colcon.colcon_core.package_identification:_identify(.) by extension 'python'
[1.307s] Level 1:colcon.colcon_core.package_identification:_identify(.) by extensions ['python_setup_py']
[1.307s] Level 1:colcon.colcon_core.package_identification:_identify(.) by extension 'python_setup_py'
[1.308s] Level 1:colcon.colcon_core.package_identification:_identify(build) by extensions ['ignore', 'ignore_ament_install']
[1.308s] Level 1:colcon.colcon_core.package_identification:_identify(build) by extension 'ignore'
[1.308s] Level 1:colcon.colcon_core.package_identification:_identify(build) ignored
[1.309s] Level 1:colcon.colcon_core.package_identification:_identify(install) by extensions ['ignore', 'ignore_ament_install']
[1.309s] Level 1:colcon.colcon_core.package_identification:_identify(install) by extension 'ignore'
[1.310s] Level 1:colcon.colcon_core.package_identification:_identify(install) ignored
[1.310s] Level 1:colcon.colcon_core.package_identification:_identify(log) by extensions ['ignore', 'ignore_ament_install']
[1.311s] Level 1:colcon.colcon_core.package_identification:_identify(log) by extension 'ignore'
[1.311s] Level 1:colcon.colcon_core.package_identification:_identify(log) ignored
[1.311s] Level 1:colcon.colcon_core.package_identification:_identify(src) by extensions ['ignore', 'ignore_ament_install']
[1.311s] Level 1:colcon.colcon_core.package_identification:_identify(src) by extension 'ignore'
[1.312s] Level 1:colcon.colcon_core.package_identification:_identify(src) by extension 'ignore_ament_install'
[1.312s] Level 1:colcon.colcon_core.package_identification:_identify(src) by extensions ['colcon_pkg']
[1.312s] Level 1:colcon.colcon_core.package_identification:_identify(src) by extension 'colcon_pkg'
[1.312s] Level 1:colcon.colcon_core.package_identification:_identify(src) by extensions ['colcon_meta']
[1.312s] Level 1:colcon.colcon_core.package_identification:_identify(src) by extension 'colcon_meta'
[1.313s] Level 1:colcon.colcon_core.package_identification:_identify(src) by extensions ['ros']
[1.313s] Level 1:colcon.colcon_core.package_identification:_identify(src) by extension 'ros'
[1.313s] Level 1:colcon.colcon_core.package_identification:_identify(src) by extensions ['cmake', 'python']
[1.313s] Level 1:colcon.colcon_core.package_identification:_identify(src) by extension 'cmake'
[1.313s] Level 1:colcon.colcon_core.package_identification:_identify(src) by extension 'python'
[1.314s] Level 1:colcon.colcon_core.package_identification:_identify(src) by extensions ['python_setup_py']
[1.314s] Level 1:colcon.colcon_core.package_identification:_identify(src) by extension 'python_setup_py'
[1.314s] Level 1:colcon.colcon_core.package_identification:_identify(src/py_pubsub) by extensions ['ignore', 'ignore_ament_install']
[1.315s] Level 1:colcon.colcon_core.package_identification:_identify(src/py_pubsub) by extension 'ignore'
[1.315s] Level 1:colcon.colcon_core.package_identification:_identify(src/py_pubsub) by extension 'ignore_ament_install'
[1.315s] Level 1:colcon.colcon_core.package_identification:_identify(src/py_pubsub) by extensions ['colcon_pkg']
[1.315s] Level 1:colcon.colcon_core.package_identification:_identify(src/py_pubsub) by extension 'colcon_pkg'
[1.315s] Level 1:colcon.colcon_core.package_identification:_identify(src/py_pubsub) by extensions ['colcon_meta']
[1.316s] Level 1:colcon.colcon_core.package_identification:_identify(src/py_pubsub) by extension 'colcon_meta'
[1.316s] Level 1:colcon.colcon_core.package_identification:_identify(src/py_pubsub) by extensions ['ros']
[1.316s] Level 1:colcon.colcon_core.package_identification:_identify(src/py_pubsub) by extension 'ros'
[1.324s] DEBUG:colcon.colcon_core.package_identification:Package 'src/py_pubsub' with type 'ros.ament_python' and name 'py_pubsub'
[1.325s] Level 1:colcon.colcon_core.package_identification:_identify(src/vicon_interfaces) by extensions ['ignore', 'ignore_ament_install']
[1.325s] Level 1:colcon.colcon_core.package_identification:_identify(src/vicon_interfaces) by extension 'ignore'
[1.325s] Level 1:colcon.colcon_core.package_identification:_identify(src/vicon_interfaces) by extension 'ignore_ament_install'
[1.326s] Level 1:colcon.colcon_core.package_identification:_identify(src/vicon_interfaces) by extensions ['colcon_pkg']
[1.326s] Level 1:colcon.colcon_core.package_identification:_identify(src/vicon_interfaces) by extension 'colcon_pkg'
[1.326s] Level 1:colcon.colcon_core.package_identification:_identify(src/vicon_interfaces) by extensions ['colcon_meta']
[1.326s] Level 1:colcon.colcon_core.package_identification:_identify(src/vicon_interfaces) by extension 'colcon_meta'
[1.326s] Level 1:colcon.colcon_core.package_identification:_identify(src/vicon_interfaces) by extensions ['ros']
[1.327s] Level 1:colcon.colcon_core.package_identification:_identify(src/vicon_interfaces) by extension 'ros'
[1.329s] DEBUG:colcon.colcon_core.package_identification:Package 'src/vicon_interfaces' with type 'ros.ament_cmake' and name 'vicon_receiver'
[1.329s] Level 1:colcon.colcon_core.package_identification:_identify(src/wind_direction_detector) by extensions ['ignore', 'ignore_ament_install']
[1.330s] Level 1:colcon.colcon_core.package_identification:_identify(src/wind_direction_detector) by extension 'ignore'
[1.330s] Level 1:colcon.colcon_core.package_identification:_identify(src/wind_direction_detector) by extension 'ignore_ament_install'
[1.330s] Level 1:colcon.colcon_core.package_identification:_identify(src/wind_direction_detector) by extensions ['colcon_pkg']
[1.330s] Level 1:colcon.colcon_core.package_identification:_identify(src/wind_direction_detector) by extension 'colcon_pkg'
[1.331s] Level 1:colcon.colcon_core.package_identification:_identify(src/wind_direction_detector) by extensions ['colcon_meta']
[1.331s] Level 1:colcon.colcon_core.package_identification:_identify(src/wind_direction_detector) by extension 'colcon_meta'
[1.331s] Level 1:colcon.colcon_core.package_identification:_identify(src/wind_direction_detector) by extensions ['ros']
[1.331s] Level 1:colcon.colcon_core.package_identification:_identify(src/wind_direction_detector) by extension 'ros'
[1.334s] DEBUG:colcon.colcon_core.package_identification:Package 'src/wind_direction_detector' with type 'ros.ament_python' and name 'wind_direction_detector'
[1.334s] Level 1:colcon.colcon_core.package_discovery:discover_packages(recursive) using defaults
[1.334s] Level 1:colcon.colcon_core.package_discovery:discover_packages(ignore) discover
[1.335s] Level 1:colcon.colcon_core.package_discovery:discover_packages(ignore) using defaults
[1.335s] Level 1:colcon.colcon_core.package_discovery:discover_packages(path) discover
[1.335s] Level 1:colcon.colcon_core.package_discovery:discover_packages(path) using defaults
[1.418s] Level 1:colcon.colcon_core.package_discovery:discover_packages(prefix_path) check parameters
[1.418s] Level 1:colcon.colcon_core.package_discovery:discover_packages(prefix_path) discover
[1.427s] DEBUG:colcon.colcon_installed_package_information.package_discovery:Found 5 installed packages in /home/thymio/ros2_ws/install
[1.436s] DEBUG:colcon.colcon_installed_package_information.package_discovery:Found 271 installed packages in /opt/ros/humble
[1.478s] Level 1:colcon.colcon_core.package_discovery:discover_packages(prefix_path) using defaults
[1.640s] WARNING:colcon.colcon_core.package_selection:Some selected packages are already built in one or more underlay workspaces:
	'vicon_receiver' is in: /home/thymio/ros2_ws/install/vicon_receiver
If a package in a merged underlay workspace is overridden and it installs headers, then all packages in the overlay must sort their include directories by workspace order. Failure to do so may result in build failures or undefined behavior at run time.
If the overridden package is used by another package in any underlay, then the overriding package in the overlay must be API and ABI compatible or undefined behavior at run time may occur.

If you understand the risks and want to override a package anyways, add the following to the command line:
	--allow-overriding vicon_receiver

This may be promoted to an error in a future release of colcon-override-check.
[1.644s] Level 5:colcon.colcon_core.verb:set package 'py_pubsub' build argument 'cmake_args' from command line to 'None'
[1.644s] Level 5:colcon.colcon_core.verb:set package 'py_pubsub' build argument 'cmake_target' from command line to 'None'
[1.644s] Level 5:colcon.colcon_core.verb:set package 'py_pubsub' build argument 'cmake_target_skip_unavailable' from command line to 'False'
[1.644s] Level 5:colcon.colcon_core.verb:set package 'py_pubsub' build argument 'cmake_clean_cache' from command line to 'False'
[1.644s] Level 5:colcon.colcon_core.verb:set package 'py_pubsub' build argument 'cmake_clean_first' from command line to 'False'
[1.644s] Level 5:colcon.colcon_core.verb:set package 'py_pubsub' build argument 'cmake_force_configure' from command line to 'False'
[1.645s] Level 5:colcon.colcon_core.verb:set package 'py_pubsub' build argument 'ament_cmake_args' from command line to 'None'
[1.645s] Level 5:colcon.colcon_core.verb:set package 'py_pubsub' build argument 'catkin_cmake_args' from command line to 'None'
[1.645s] Level 5:colcon.colcon_core.verb:set package 'py_pubsub' build argument 'catkin_skip_building_tests' from command line to 'False'
[1.645s] DEBUG:colcon.colcon_core.verb:Building package 'py_pubsub' with the following arguments: {'ament_cmake_args': None, 'build_base': '/home/thymio/ros2_ws/build/py_pubsub', 'catkin_cmake_args': None, 'catkin_skip_building_tests': False, 'cmake_args': None, 'cmake_clean_cache': False, 'cmake_clean_first': False, 'cmake_force_configure': False, 'cmake_target': None, 'cmake_target_skip_unavailable': False, 'install_base': '/home/thymio/ros2_ws/install/py_pubsub', 'merge_install': False, 'path': '/home/thymio/ros2_ws/src/py_pubsub', 'symlink_install': False, 'test_result_base': None}
[1.646s] Level 5:colcon.colcon_core.verb:set package 'vicon_receiver' build argument 'cmake_args' from command line to 'None'
[1.647s] Level 5:colcon.colcon_core.verb:set package 'vicon_receiver' build argument 'cmake_target' from command line to 'None'
[1.647s] Level 5:colcon.colcon_core.verb:set package 'vicon_receiver' build argument 'cmake_target_skip_unavailable' from command line to 'False'
[1.647s] Level 5:colcon.colcon_core.verb:set package 'vicon_receiver' build argument 'cmake_clean_cache' from command line to 'False'
[1.647s] Level 5:colcon.colcon_core.verb:set package 'vicon_receiver' build argument 'cmake_clean_first' from command line to 'False'
[1.647s] Level 5:colcon.colcon_core.verb:set package 'vicon_receiver' build argument 'cmake_force_configure' from command line to 'False'
[1.647s] Level 5:colcon.colcon_core.verb:set package 'vicon_receiver' build argument 'ament_cmake_args' from command line to 'None'
[1.647s] Level 5:colcon.colcon_core.verb:set package 'vicon_receiver' build argument 'catkin_cmake_args' from command line to 'None'
[1.647s] Level 5:colcon.colcon_core.verb:set package 'vicon_receiver' build argument 'catkin_skip_building_tests' from command line to 'False'
[1.648s] DEBUG:colcon.colcon_core.verb:Building package 'vicon_receiver' with the following arguments: {'ament_cmake_args': None, 'build_base': '/home/thymio/ros2_ws/build/vicon_receiver', 'catkin_cmake_args': None, 'catkin_skip_building_tests': False, 'cmake_args': None, 'cmake_clean_cache': False, 'cmake_clean_first': False, 'cmake_force_configure': False, 'cmake_target': None, 'cmake_target_skip_unavailable': False, 'install_base': '/home/thymio/ros2_ws/install/vicon_receiver', 'merge_install': False, 'path': '/home/thymio/ros2_ws/src/vicon_interfaces', 'symlink_install': False, 'test_result_base': None}
[1.649s] Level 5:colcon.colcon_core.verb:set package 'wind_direction_detector' build argument 'cmake_args' from command line to 'None'
[1.649s] Level 5:colcon.colcon_core.verb:set package 'wind_direction_detector' build argument 'cmake_target' from command line to 'None'
[1.649s] Level 5:colcon.colcon_core.verb:set package 'wind_direction_detector' build argument 'cmake_target_skip_unavailable' from command line to 'False'
[1.649s] Level 5:colcon.colcon_core.verb:set package 'wind_direction_detector' build argument 'cmake_clean_cache' from command line to 'False'
[1.650s] Level 5:colcon.colcon_core.verb:set package 'wind_direction_detector' build argument 'cmake_clean_first' from command line to 'False'
[1.650s] Level 5:colcon.colcon_core.verb:set package 'wind_direction_detector' build argument 'cmake_force_configure' from command line to 'False'
[1.650s] Level 5:colcon.colcon_core.verb:set package 'wind_direction_detector' build argument 'ament_cmake_args' from command line to 'None'
[1.650s] Level 5:colcon.colcon_core.verb:set package 'wind_direction_detector' build argument 'catkin_cmake_args' from command line to 'None'
[1.650s] Level 5:colcon.colcon_core.verb:set package 'wind_direction_detector' build argument 'catkin_skip_building_tests' from command line to 'False'
[1.650s] DEBUG:colcon.colcon_core.verb:Building package 'wind_direction_detector' with the following arguments: {'ament_cmake_args': None, 'build_base': '/home/thymio/ros2_ws/build/wind_direction_detector', 'catkin_cmake_args': None, 'catkin_skip_building_tests': False, 'cmake_args': None, 'cmake_clean_cache': False, 'cmake_clean_first': False, 'cmake_force_configure': False, 'cmake_target': None, 'cmake_target_skip_unavailable': False, 'install_base': '/home/thymio/ros2_ws/install/wind_direction_detector', 'merge_install': False, 'path': '/home/thymio/ros2_ws/src/wind_direction_detector', 'symlink_install': False, 'test_result_base': None}
[1.651s] INFO:colcon.colcon_core.executor:Executing jobs using 'parallel' executor
[1.654s] DEBUG:colcon.colcon_parallel_executor.executor.parallel:run_until_complete
[1.655s] INFO:colcon.colcon_ros.task.ament_python.build:Building ROS package in '/home/thymio/ros2_ws/src/py_pubsub' with build type 'ament_python'
[1.656s] Level 1:colcon.colcon_core.shell:create_environment_hook('py_pubsub', 'ament_prefix_path')
[1.666s] INFO:colcon.colcon_core.plugin_system:Skipping extension 'colcon_core.shell.bat': Not used on non-Windows systems
[1.667s] INFO:colcon.colcon_core.shell:Creating environment hook '/home/thymio/ros2_ws/install/py_pubsub/share/py_pubsub/hook/ament_prefix_path.ps1'
[1.670s] INFO:colcon.colcon_core.shell:Creating environment descriptor '/home/thymio/ros2_ws/install/py_pubsub/share/py_pubsub/hook/ament_prefix_path.dsv'
[1.673s] INFO:colcon.colcon_core.shell:Creating environment hook '/home/thymio/ros2_ws/install/py_pubsub/share/py_pubsub/hook/ament_prefix_path.sh'
[1.676s] INFO:colcon.colcon_core.shell:Skip shell extension 'powershell' for command environment: Not usable outside of PowerShell
[1.677s] DEBUG:colcon.colcon_core.shell:Skip shell extension 'dsv' for command environment
[1.695s] INFO:colcon.colcon_ros.task.ament_cmake.build:Building ROS package in '/home/thymio/ros2_ws/src/vicon_interfaces' with build type 'ament_cmake'
[1.696s] INFO:colcon.colcon_cmake.task.cmake.build:Building CMake package in '/home/thymio/ros2_ws/src/vicon_interfaces'
[1.697s] INFO:colcon.colcon_core.shell:Skip shell extension 'powershell' for command environment: Not usable outside of PowerShell
[1.697s] DEBUG:colcon.colcon_core.shell:Skip shell extension 'dsv' for command environment
[1.717s] INFO:colcon.colcon_ros.task.ament_python.build:Building ROS package in '/home/thymio/ros2_ws/src/wind_direction_detector' with build type 'ament_python'
[1.718s] Level 1:colcon.colcon_core.shell:create_environment_hook('wind_direction_detector', 'ament_prefix_path')
[1.719s] INFO:colcon.colcon_core.shell:Creating environment hook '/home/thymio/ros2_ws/install/wind_direction_detector/share/wind_direction_detector/hook/ament_prefix_path.ps1'
[1.722s] INFO:colcon.colcon_core.shell:Creating environment descriptor '/home/thymio/ros2_ws/install/wind_direction_detector/share/wind_direction_detector/hook/ament_prefix_path.dsv'
[1.725s] INFO:colcon.colcon_core.shell:Creating environment hook '/home/thymio/ros2_ws/install/wind_direction_detector/share/wind_direction_detector/hook/ament_prefix_path.sh'
[1.728s] INFO:colcon.colcon_core.shell:Skip shell extension 'powershell' for command environment: Not usable outside of PowerShell
[1.728s] DEBUG:colcon.colcon_core.shell:Skip shell extension 'dsv' for command environment
[2.974s] INFO:colcon.colcon_core.task.python.build:Building Python package in '/home/thymio/ros2_ws/src/py_pubsub'
[2.975s] INFO:colcon.colcon_core.shell:Skip shell extension 'powershell' for command environment: Not usable outside of PowerShell
[2.975s] DEBUG:colcon.colcon_core.shell:Skip shell extension 'dsv' for command environment
[3.013s] DEBUG:colcon.colcon_core.event_handler.log_command:Invoking command in '/home/thymio/ros2_ws/build/vicon_receiver': CMAKE_PREFIX_PATH=${CMAKE_PREFIX_PATH}:/home/thymio/ros2_ws/install/wind_direction_detector:/home/thymio/ros2_ws/install/simple_hello:/home/thymio/ros2_ws/install/py_pubsub:/home/thymio/ros2_ws/install/move_talk:/opt/ros/humble /usr/bin/cmake --build /home/thymio/ros2_ws/build/vicon_receiver -- -j4 -l4
[4.686s] INFO:colcon.colcon_core.task.python.build:Building Python package in '/home/thymio/ros2_ws/src/wind_direction_detector'
[4.687s] INFO:colcon.colcon_core.shell:Skip shell extension 'powershell' for command environment: Not usable outside of PowerShell
[4.687s] DEBUG:colcon.colcon_core.shell:Skip shell extension 'dsv' for command environment
[5.355s] DEBUG:colcon.colcon_core.event_handler.log_command:Invoked command in '/home/thymio/ros2_ws/build/vicon_receiver' returned '0': CMAKE_PREFIX_PATH=${CMAKE_PREFIX_PATH}:/home/thymio/ros2_ws/install/wind_direction_detector:/home/thymio/ros2_ws/install/simple_hello:/home/thymio/ros2_ws/install/py_pubsub:/home/thymio/ros2_ws/install/move_talk:/opt/ros/humble /usr/bin/cmake --build /home/thymio/ros2_ws/build/vicon_receiver -- -j4 -l4
[5.390s] DEBUG:colcon.colcon_core.event_handler.log_command:Invoking command in '/home/thymio/ros2_ws/build/vicon_receiver': CMAKE_PREFIX_PATH=${CMAKE_PREFIX_PATH}:/home/thymio/ros2_ws/install/wind_direction_detector:/home/thymio/ros2_ws/install/simple_hello:/home/thymio/ros2_ws/install/py_pubsub:/home/thymio/ros2_ws/install/move_talk:/opt/ros/humble /usr/bin/cmake --install /home/thymio/ros2_ws/build/vicon_receiver
[5.758s] Level 1:colcon.colcon_core.environment:create_environment_scripts_only(vicon_receiver)
[5.770s] Level 1:colcon.colcon_core.environment:checking '/home/thymio/ros2_ws/install/vicon_receiver' for CMake module files
[5.781s] DEBUG:colcon.colcon_core.event_handler.log_command:Invoked command in '/home/thymio/ros2_ws/build/vicon_receiver' returned '0': CMAKE_PREFIX_PATH=${CMAKE_PREFIX_PATH}:/home/thymio/ros2_ws/install/wind_direction_detector:/home/thymio/ros2_ws/install/simple_hello:/home/thymio/ros2_ws/install/py_pubsub:/home/thymio/ros2_ws/install/move_talk:/opt/ros/humble /usr/bin/cmake --install /home/thymio/ros2_ws/build/vicon_receiver
[5.783s] Level 1:colcon.colcon_core.environment:checking '/home/thymio/ros2_ws/install/vicon_receiver' for CMake config files
[5.786s] Level 1:colcon.colcon_core.shell:create_environment_hook('vicon_receiver', 'cmake_prefix_path')
[5.787s] INFO:colcon.colcon_core.shell:Creating environment hook '/home/thymio/ros2_ws/install/vicon_receiver/share/vicon_receiver/hook/cmake_prefix_path.ps1'
[5.790s] INFO:colcon.colcon_core.shell:Creating environment descriptor '/home/thymio/ros2_ws/install/vicon_receiver/share/vicon_receiver/hook/cmake_prefix_path.dsv'
[5.792s] INFO:colcon.colcon_core.shell:Creating environment hook '/home/thymio/ros2_ws/install/vicon_receiver/share/vicon_receiver/hook/cmake_prefix_path.sh'
[5.796s] Level 1:colcon.colcon_core.environment:checking '/home/thymio/ros2_ws/install/vicon_receiver/lib'
[5.797s] Level 1:colcon.colcon_core.shell:create_environment_hook('vicon_receiver', 'ld_library_path_lib')
[5.798s] INFO:colcon.colcon_core.shell:Creating environment hook '/home/thymio/ros2_ws/install/vicon_receiver/share/vicon_receiver/hook/ld_library_path_lib.ps1'
[5.801s] INFO:colcon.colcon_core.shell:Creating environment descriptor '/home/thymio/ros2_ws/install/vicon_receiver/share/vicon_receiver/hook/ld_library_path_lib.dsv'
[5.804s] INFO:colcon.colcon_core.shell:Creating environment hook '/home/thymio/ros2_ws/install/vicon_receiver/share/vicon_receiver/hook/ld_library_path_lib.sh'
[5.807s] Level 1:colcon.colcon_core.environment:checking '/home/thymio/ros2_ws/install/vicon_receiver/bin'
[5.807s] Level 1:colcon.colcon_core.environment:checking '/home/thymio/ros2_ws/install/vicon_receiver/lib/pkgconfig/vicon_receiver.pc'
[5.809s] Level 1:colcon.colcon_core.environment:checking '/home/thymio/ros2_ws/install/vicon_receiver/lib/python3.10/site-packages'
[5.810s] Level 1:colcon.colcon_core.environment:checking '/home/thymio/ros2_ws/install/vicon_receiver/bin'
[5.811s] INFO:colcon.colcon_core.shell:Creating package script '/home/thymio/ros2_ws/install/vicon_receiver/share/vicon_receiver/package.ps1'
[5.815s] INFO:colcon.colcon_core.shell:Creating package descriptor '/home/thymio/ros2_ws/install/vicon_receiver/share/vicon_receiver/package.dsv'
[5.819s] INFO:colcon.colcon_core.shell:Creating package script '/home/thymio/ros2_ws/install/vicon_receiver/share/vicon_receiver/package.sh'
[5.824s] INFO:colcon.colcon_core.shell:Creating package script '/home/thymio/ros2_ws/install/vicon_receiver/share/vicon_receiver/package.bash'
[5.828s] INFO:colcon.colcon_core.shell:Creating package script '/home/thymio/ros2_ws/install/vicon_receiver/share/vicon_receiver/package.zsh'
[5.831s] Level 1:colcon.colcon_core.environment:create_file_with_runtime_dependencies(/home/thymio/ros2_ws/install/vicon_receiver/share/colcon-core/packages/vicon_receiver)
[5.835s] Level 1:colcon.colcon_core.environment:create_environment_scripts_only(vicon_receiver)
[5.836s] Level 1:colcon.colcon_core.environment:checking '/home/thymio/ros2_ws/install/vicon_receiver' for CMake module files
[5.840s] Level 1:colcon.colcon_core.environment:checking '/home/thymio/ros2_ws/install/vicon_receiver' for CMake config files
[5.844s] Level 1:colcon.colcon_core.shell:create_environment_hook('vicon_receiver', 'cmake_prefix_path')
[5.845s] INFO:colcon.colcon_core.shell:Creating environment hook '/home/thymio/ros2_ws/install/vicon_receiver/share/vicon_receiver/hook/cmake_prefix_path.ps1'
[5.847s] INFO:colcon.colcon_core.shell:Creating environment descriptor '/home/thymio/ros2_ws/install/vicon_receiver/share/vicon_receiver/hook/cmake_prefix_path.dsv'
[5.849s] INFO:colcon.colcon_core.shell:Creating environment hook '/home/thymio/ros2_ws/install/vicon_receiver/share/vicon_receiver/hook/cmake_prefix_path.sh'
[5.853s] Level 1:colcon.colcon_core.environment:checking '/home/thymio/ros2_ws/install/vicon_receiver/lib'
[5.853s] Level 1:colcon.colcon_core.shell:create_environment_hook('vicon_receiver', 'ld_library_path_lib')
[5.855s] INFO:colcon.colcon_core.shell:Creating environment hook '/home/thymio/ros2_ws/install/vicon_receiver/share/vicon_receiver/hook/ld_library_path_lib.ps1'
[5.857s] INFO:colcon.colcon_core.shell:Creating environment descriptor '/home/thymio/ros2_ws/install/vicon_receiver/share/vicon_receiver/hook/ld_library_path_lib.dsv'
[5.859s] INFO:colcon.colcon_core.shell:Creating environment hook '/home/thymio/ros2_ws/install/vicon_receiver/share/vicon_receiver/hook/ld_library_path_lib.sh'
[5.862s] Level 1:colcon.colcon_core.environment:checking '/home/thymio/ros2_ws/install/vicon_receiver/bin'
[5.863s] Level 1:colcon.colcon_core.environment:checking '/home/thymio/ros2_ws/install/vicon_receiver/lib/pkgconfig/vicon_receiver.pc'
[5.864s] Level 1:colcon.colcon_core.environment:checking '/home/thymio/ros2_ws/install/vicon_receiver/lib/python3.10/site-packages'
[5.865s] Level 1:colcon.colcon_core.environment:checking '/home/thymio/ros2_ws/install/vicon_receiver/bin'
[5.867s] INFO:colcon.colcon_core.shell:Creating package script '/home/thymio/ros2_ws/install/vicon_receiver/share/vicon_receiver/package.ps1'
[5.869s] INFO:colcon.colcon_core.shell:Creating package descriptor '/home/thymio/ros2_ws/install/vicon_receiver/share/vicon_receiver/package.dsv'
[5.872s] INFO:colcon.colcon_core.shell:Creating package script '/home/thymio/ros2_ws/install/vicon_receiver/share/vicon_receiver/package.sh'
[5.875s] INFO:colcon.colcon_core.shell:Creating package script '/home/thymio/ros2_ws/install/vicon_receiver/share/vicon_receiver/package.bash'
[5.878s] INFO:colcon.colcon_core.shell:Creating package script '/home/thymio/ros2_ws/install/vicon_receiver/share/vicon_receiver/package.zsh'
[5.881s] Level 1:colcon.colcon_core.environment:create_file_with_runtime_dependencies(/home/thymio/ros2_ws/install/vicon_receiver/share/colcon-core/packages/vicon_receiver)
[6.826s] DEBUG:colcon.colcon_core.event_handler.log_command:Invoking command in '/home/thymio/ros2_ws/src/py_pubsub': PYTHONPATH=/home/thymio/ros2_ws/build/py_pubsub/prefix_override:/usr/lib/python3/dist-packages/colcon_core/task/python/colcon_distutils_commands:/home/thymio/ros2_ws/install/py_pubsub/lib/python3.10/site-packages:${PYTHONPATH} /usr/bin/python3 -W ignore:setup.py install is deprecated -W ignore:easy_install command is deprecated setup.py egg_info --egg-base ../../build/py_pubsub build --build-base /home/thymio/ros2_ws/build/py_pubsub/build install --record /home/thymio/ros2_ws/build/py_pubsub/install.log --single-version-externally-managed install_data
[6.901s] DEBUG:colcon.colcon_core.event_handler.log_command:Invoking command in '/home/thymio/ros2_ws/src/wind_direction_detector': PYTHONPATH=/home/thymio/ros2_ws/build/wind_direction_detector/prefix_override:/usr/lib/python3/dist-packages/colcon_core/task/python/colcon_distutils_commands:/home/thymio/ros2_ws/install/wind_direction_detector/lib/python3.10/site-packages:${PYTHONPATH} /usr/bin/python3 -W ignore:setup.py install is deprecated -W ignore:easy_install command is deprecated setup.py egg_info --egg-base ../../build/wind_direction_detector build --build-base /home/thymio/ros2_ws/build/wind_direction_detector/build install --record /home/thymio/ros2_ws/build/wind_direction_detector/install.log --single-version-externally-managed install_data
[8.408s] Level 1:colcon.colcon_core.environment:checking '/home/thymio/ros2_ws/install/py_pubsub' for CMake module files
[8.410s] DEBUG:colcon.colcon_core.event_handler.log_command:Invoked command in '/home/thymio/ros2_ws/src/py_pubsub' returned '0': PYTHONPATH=/home/thymio/ros2_ws/build/py_pubsub/prefix_override:/usr/lib/python3/dist-packages/colcon_core/task/python/colcon_distutils_commands:/home/thymio/ros2_ws/install/py_pubsub/lib/python3.10/site-packages:${PYTHONPATH} /usr/bin/python3 -W ignore:setup.py install is deprecated -W ignore:easy_install command is deprecated setup.py egg_info --egg-base ../../build/py_pubsub build --build-base /home/thymio/ros2_ws/build/py_pubsub/build install --record /home/thymio/ros2_ws/build/py_pubsub/install.log --single-version-externally-managed install_data
[8.414s] Level 1:colcon.colcon_core.environment:checking '/home/thymio/ros2_ws/install/py_pubsub' for CMake config files
[8.420s] Level 1:colcon.colcon_core.environment:checking '/home/thymio/ros2_ws/install/py_pubsub/lib'
[8.422s] Level 1:colcon.colcon_core.environment:checking '/home/thymio/ros2_ws/install/py_pubsub/bin'
[8.422s] Level 1:colcon.colcon_core.environment:checking '/home/thymio/ros2_ws/install/py_pubsub/lib/pkgconfig/py_pubsub.pc'
[8.424s] Level 1:colcon.colcon_core.environment:checking '/home/thymio/ros2_ws/install/py_pubsub/lib/python3.10/site-packages'
[8.425s] Level 1:colcon.colcon_core.shell:create_environment_hook('py_pubsub', 'pythonpath')
[8.430s] INFO:colcon.colcon_core.shell:Creating environment hook '/home/thymio/ros2_ws/install/py_pubsub/share/py_pubsub/hook/pythonpath.ps1'
[8.434s] INFO:colcon.colcon_core.shell:Creating environment descriptor '/home/thymio/ros2_ws/install/py_pubsub/share/py_pubsub/hook/pythonpath.dsv'
[8.438s] INFO:colcon.colcon_core.shell:Creating environment hook '/home/thymio/ros2_ws/install/py_pubsub/share/py_pubsub/hook/pythonpath.sh'
[8.442s] Level 1:colcon.colcon_core.environment:checking '/home/thymio/ros2_ws/install/py_pubsub/bin'
[8.443s] Level 1:colcon.colcon_core.environment:create_environment_scripts_only(py_pubsub)
[8.445s] INFO:colcon.colcon_core.shell:Creating package script '/home/thymio/ros2_ws/install/py_pubsub/share/py_pubsub/package.ps1'
[8.451s] INFO:colcon.colcon_core.shell:Creating package descriptor '/home/thymio/ros2_ws/install/py_pubsub/share/py_pubsub/package.dsv'
[8.457s] INFO:colcon.colcon_core.shell:Creating package script '/home/thymio/ros2_ws/install/py_pubsub/share/py_pubsub/package.sh'
[8.462s] INFO:colcon.colcon_core.shell:Creating package script '/home/thymio/ros2_ws/install/py_pubsub/share/py_pubsub/package.bash'
[8.467s] INFO:colcon.colcon_core.shell:Creating package script '/home/thymio/ros2_ws/install/py_pubsub/share/py_pubsub/package.zsh'
[8.471s] Level 1:colcon.colcon_core.environment:create_file_with_runtime_dependencies(/home/thymio/ros2_ws/install/py_pubsub/share/colcon-core/packages/py_pubsub)
[8.543s] Level 1:colcon.colcon_core.environment:checking '/home/thymio/ros2_ws/install/wind_direction_detector' for CMake module files
[8.545s] DEBUG:colcon.colcon_core.event_handler.log_command:Invoked command in '/home/thymio/ros2_ws/src/wind_direction_detector' returned '0': PYTHONPATH=/home/thymio/ros2_ws/build/wind_direction_detector/prefix_override:/usr/lib/python3/dist-packages/colcon_core/task/python/colcon_distutils_commands:/home/thymio/ros2_ws/install/wind_direction_detector/lib/python3.10/site-packages:${PYTHONPATH} /usr/bin/python3 -W ignore:setup.py install is deprecated -W ignore:easy_install command is deprecated setup.py egg_info --egg-base ../../build/wind_direction_detector build --build-base /home/thymio/ros2_ws/build/wind_direction_detector/build install --record /home/thymio/ros2_ws/build/wind_direction_detector/install.log --single-version-externally-managed install_data
[8.547s] Level 1:colcon.colcon_core.environment:checking '/home/thymio/ros2_ws/install/wind_direction_detector' for CMake config files
[8.551s] Level 1:colcon.colcon_core.environment:checking '/home/thymio/ros2_ws/install/wind_direction_detector/lib'
[8.552s] Level 1:colcon.colcon_core.environment:checking '/home/thymio/ros2_ws/install/wind_direction_detector/bin'
[8.552s] Level 1:colcon.colcon_core.environment:checking '/home/thymio/ros2_ws/install/wind_direction_detector/lib/pkgconfig/wind_direction_detector.pc'
[8.553s] Level 1:colcon.colcon_core.environment:checking '/home/thymio/ros2_ws/install/wind_direction_detector/lib/python3.10/site-packages'
[8.553s] Level 1:colcon.colcon_core.shell:create_environment_hook('wind_direction_detector', 'pythonpath')
[8.554s] INFO:colcon.colcon_core.shell:Creating environment hook '/home/thymio/ros2_ws/install/wind_direction_detector/share/wind_direction_detector/hook/pythonpath.ps1'
[8.556s] INFO:colcon.colcon_core.shell:Creating environment descriptor '/home/thymio/ros2_ws/install/wind_direction_detector/share/wind_direction_detector/hook/pythonpath.dsv'
[8.558s] INFO:colcon.colcon_core.shell:Creating environment hook '/home/thymio/ros2_ws/install/wind_direction_detector/share/wind_direction_detector/hook/pythonpath.sh'
[8.561s] Level 1:colcon.colcon_core.environment:checking '/home/thymio/ros2_ws/install/wind_direction_detector/bin'
[8.562s] Level 1:colcon.colcon_core.environment:create_environment_scripts_only(wind_direction_detector)
[8.563s] INFO:colcon.colcon_core.shell:Creating package script '/home/thymio/ros2_ws/install/wind_direction_detector/share/wind_direction_detector/package.ps1'
[8.565s] INFO:colcon.colcon_core.shell:Creating package descriptor '/home/thymio/ros2_ws/install/wind_direction_detector/share/wind_direction_detector/package.dsv'
[8.568s] INFO:colcon.colcon_core.shell:Creating package script '/home/thymio/ros2_ws/install/wind_direction_detector/share/wind_direction_detector/package.sh'
[8.570s] INFO:colcon.colcon_core.shell:Creating package script '/home/thymio/ros2_ws/install/wind_direction_detector/share/wind_direction_detector/package.bash'
[8.572s] INFO:colcon.colcon_core.shell:Creating package script '/home/thymio/ros2_ws/install/wind_direction_detector/share/wind_direction_detector/package.zsh'
[8.574s] Level 1:colcon.colcon_core.environment:create_file_with_runtime_dependencies(/home/thymio/ros2_ws/install/wind_direction_detector/share/colcon-core/packages/wind_direction_detector)
[8.575s] DEBUG:colcon.colcon_parallel_executor.executor.parallel:closing loop
[8.576s] DEBUG:colcon.colcon_parallel_executor.executor.parallel:loop closed
[8.577s] DEBUG:colcon.colcon_parallel_executor.executor.parallel:run_until_complete finished with '0'
[8.577s] DEBUG:colcon.colcon_core.event_reactor:joining thread
[8.600s] INFO:colcon.colcon_core.plugin_system:Skipping extension 'colcon_notification.desktop_notification.notify_send': Could not find 'notify-send'
[8.601s] INFO:colcon.colcon_core.plugin_system:Skipping extension 'colcon_notification.desktop_notification.terminal_notifier': Not used on non-Darwin systems
[8.601s] INFO:colcon.colcon_core.plugin_system:Skipping extension 'colcon_notification.desktop_notification.win32': Not used on non-Windows systems
[8.601s] INFO:colcon.colcon_notification.desktop_notification:Sending desktop notification using 'notify2'
[8.604s] DEBUG:colcon.colcon_notification.desktop_notification.notify2:Failed to initialize notify2: org.freedesktop.DBus.Error.ServiceUnknown: The name org.freedesktop.Notifications was not provided by any .service files
[8.605s] DEBUG:colcon.colcon_core.event_reactor:joined thread
[8.606s] INFO:colcon.colcon_core.shell:Creating prefix script '/home/thymio/ros2_ws/install/local_setup.ps1'
[8.610s] INFO:colcon.colcon_core.shell:Creating prefix util module '/home/thymio/ros2_ws/install/_local_setup_util_ps1.py'
[8.618s] INFO:colcon.colcon_core.shell:Creating prefix chain script '/home/thymio/ros2_ws/install/setup.ps1'
[8.624s] INFO:colcon.colcon_core.shell:Creating prefix script '/home/thymio/ros2_ws/install/local_setup.sh'
[8.627s] INFO:colcon.colcon_core.shell:Creating prefix util module '/home/thymio/ros2_ws/install/_local_setup_util_sh.py'
[8.630s] INFO:colcon.colcon_core.shell:Creating prefix chain script '/home/thymio/ros2_ws/install/setup.sh'
[8.635s] INFO:colcon.colcon_core.shell:Creating prefix script '/home/thymio/ros2_ws/install/local_setup.bash'
[8.638s] INFO:colcon.colcon_core.shell:Creating prefix chain script '/home/thymio/ros2_ws/install/setup.bash'
[8.643s] INFO:colcon.colcon_core.shell:Creating prefix script '/home/thymio/ros2_ws/install/local_setup.zsh'
[8.646s] INFO:colcon.colcon_core.shell:Creating prefix chain script '/home/thymio/ros2_ws/install/setup.zsh'
