[INFO] [launch]: All log files can be found below /home/thymio/.ros/log/2025-06-05-15-42-33-884977-thymio-819
[INFO] [launch]: Default logging verbosity is set to INFO
[INFO] [random_robot_move-1]: process started with pid [841]
[INFO] [publish_wind_direction-2]: process started with pid [843]
[publish_wind_direction-2] /usr/lib/python3/dist-packages/scipy/__init__.py:146: UserWarning: A NumPy version >=1.17.3 and <1.25.0 is required for this version of SciPy (detected version 1.26.4
[publish_wind_direction-2]   warnings.warn(f"A NumPy version >={np_minversion} and <{np_maxversion}"
[publish_wind_direction-2] [INFO] [1749138157.802773317] [publish_wind_direction]: Physical Ip=134.34.225.193, id=id193
[publish_wind_direction-2] [INFO] [1749138157.841728705] [publish_wind_direction]: Subscribed to: wind_direction/id68
[publish_wind_direction-2] [INFO] [1749138157.845882170] [publish_wind_direction]: Subscribed to: wind_direction/id136
[publish_wind_direction-2] [INFO] [1749138157.850099678] [publish_wind_direction]: Subscribed to: wind_direction/id137
[publish_wind_direction-2] [INFO] [1749138157.853915933] [publish_wind_direction]: Subscribed to: wind_direction/id142
[publish_wind_direction-2] [INFO] [1749138157.857413585] [publish_wind_direction]: Subscribed to: wind_direction/id151
[publish_wind_direction-2] [INFO] [1749138157.860980056] [publish_wind_direction]: Subscribed to: wind_direction/id152
[publish_wind_direction-2] [INFO] [1749138157.864499685] [publish_wind_direction]: Subscribed to: wind_direction/id155
[publish_wind_direction-2] [INFO] [1749138157.868002817] [publish_wind_direction]: Subscribed to: wind_direction/id189
[publish_wind_direction-2] [INFO] [1749138157.871707761] [publish_wind_direction]: Subscribed to: wind_direction/id192
[publish_wind_direction-2] [INFO] [1749138157.875189212] [publish_wind_direction]: Subscribed to: wind_direction/id194
[publish_wind_direction-2] [INFO] [1749138157.878722672] [publish_wind_direction]: Subscribed to: wind_direction/id195
[publish_wind_direction-2] [INFO] [1749138157.882322155] [publish_wind_direction]: Subscribed to: wind_direction/id200
[publish_wind_direction-2] [INFO] [1749138157.886028747] [publish_wind_direction]: Subscribed to: wind_direction/id206
[publish_wind_direction-2] [INFO] [1749138157.889717694] [publish_wind_direction]: Subscribed to: wind_direction/id207
[publish_wind_direction-2] [INFO] [1749138157.893453538] [publish_wind_direction]: Subscribed to: wind_direction/id223
[publish_wind_direction-2] [INFO] [1749138157.896937860] [publish_wind_direction]: Subscribed to: wind_direction/id224
[publish_wind_direction-2] [INFO] [1749138157.900487445] [publish_wind_direction]: Subscribed to: wind_direction/id236
[publish_wind_direction-2] [INFO] [1749138157.904120330] [publish_wind_direction]: Subscribed to: wind_direction/id247
[publish_wind_direction-2] [INFO] [1749138157.907615815] [publish_wind_direction]: Subscribed to: wind_direction/id1193
[random_robot_move-1] [INFO] [1749138160.757726783] [random_robot_move]: Robot Control Node started.
[publish_wind_direction-2] [INFO] [1749138162.829309779] [publish_wind_direction]: Publishing: "id193:N"
[publish_wind_direction-2] [INFO] [1749138167.830461798] [publish_wind_direction]: Publishing: "id193:N"
[publish_wind_direction-2] [INFO] [1749138172.831310321] [publish_wind_direction]: Publishing: "id193:N"
[publish_wind_direction-2] [INFO] [1749138177.833674174] [publish_wind_direction]: Publishing: "id193:N"
[publish_wind_direction-2] [INFO] [1749138182.828986830] [publish_wind_direction]: Publishing: "id193:N"
[publish_wind_direction-2] [INFO] [1749138187.830368750] [publish_wind_direction]: Publishing: "id193:N"
[publish_wind_direction-2] [INFO] [1749138192.828783210] [publish_wind_direction]: Publishing: "id193:N"
[publish_wind_direction-2] [INFO] [1749138197.828793248] [publish_wind_direction]: Publishing: "id193:N"
[publish_wind_direction-2] [INFO] [1749138202.828750822] [publish_wind_direction]: Publishing: "id193:N"
[publish_wind_direction-2] [INFO] [1749138207.828794588] [publish_wind_direction]: Publishing: "id193:N"
[publish_wind_direction-2] [INFO] [1749138212.828991225] [publish_wind_direction]: Publishing: "id193:N"
[publish_wind_direction-2] [INFO] [1749138217.828755992] [publish_wind_direction]: Publishing: "id193:N"
[publish_wind_direction-2] [INFO] [1749138222.828691105] [publish_wind_direction]: Publishing: "id193:N"
[publish_wind_direction-2] [INFO] [1749138227.828510403] [publish_wind_direction]: Publishing: "id193:N"
[publish_wind_direction-2] [INFO] [1749138232.828923639] [publish_wind_direction]: Publishing: "id193:N"
[publish_wind_direction-2] [INFO] [1749138237.828912522] [publish_wind_direction]: Publishing: "id193:N"
[publish_wind_direction-2] [INFO] [1749138242.828886635] [publish_wind_direction]: Publishing: "id193:N"
[publish_wind_direction-2] [INFO] [1749138247.829030557] [publish_wind_direction]: Publishing: "id193:N"
[publish_wind_direction-2] [INFO] [1749138252.829003457] [publish_wind_direction]: Publishing: "id193:N"
[publish_wind_direction-2] [INFO] [1749138257.828766997] [publish_wind_direction]: Publishing: "id193:N"
[publish_wind_direction-2] [INFO] [1749138262.828823997] [publish_wind_direction]: Publishing: "id193:N"
[publish_wind_direction-2] [INFO] [1749138267.829052699] [publish_wind_direction]: Publishing: "id193:N"
[publish_wind_direction-2] [INFO] [1749138272.828905308] [publish_wind_direction]: Publishing: "id193:N"
[publish_wind_direction-2] [INFO] [1749138277.828913272] [publish_wind_direction]: Publishing: "id193:N"
[publish_wind_direction-2] [INFO] [1749138282.828959578] [publish_wind_direction]: Publishing: "id193:N"
[publish_wind_direction-2] [INFO] [1749138287.828882913] [publish_wind_direction]: Publishing: "id193:N"
[publish_wind_direction-2] [INFO] [1749138292.828893113] [publish_wind_direction]: Publishing: "id193:N"
[publish_wind_direction-2] [INFO] [1749138297.831036811] [publish_wind_direction]: Publishing: "id193:N"
[publish_wind_direction-2] [INFO] [1749138302.828903307] [publish_wind_direction]: Publishing: "id193:N"
[publish_wind_direction-2] [INFO] [1749138307.828868145] [publish_wind_direction]: Publishing: "id193:N"
[publish_wind_direction-2] [INFO] [1749138312.828941241] [publish_wind_direction]: Publishing: "id193:N"
[publish_wind_direction-2] [INFO] [1749138317.829012613] [publish_wind_direction]: Publishing: "id193:N"
[publish_wind_direction-2] [INFO] [1749138322.828953804] [publish_wind_direction]: Publishing: "id193:N"
[publish_wind_direction-2] [INFO] [1749138327.828933936] [publish_wind_direction]: Publishing: "id193:N"
[publish_wind_direction-2] [INFO] [1749138332.829390744] [publish_wind_direction]: Publishing: "id193:N"
[publish_wind_direction-2] [INFO] [1749138337.829082633] [publish_wind_direction]: Publishing: "id193:N"
[publish_wind_direction-2] [INFO] [1749138342.829261807] [publish_wind_direction]: Publishing: "id193:N"
[publish_wind_direction-2] [INFO] [1749138345.886848180] [publish_wind_direction]: Vicon Position= [368.831787109375, 1431.3040771484375]
[publish_wind_direction-2] [INFO] [1749138345.889835895] [publish_wind_direction]: Neighbourhood size: 2
[publish_wind_direction-2] [INFO] [1749138347.829288775] [publish_wind_direction]: Publishing: "id193:N"
[publish_wind_direction-2] [INFO] [1749138352.829126211] [publish_wind_direction]: Publishing: "id193:N"
[publish_wind_direction-2] [INFO] [1749138357.829150628] [publish_wind_direction]: Publishing: "id193:N"
[publish_wind_direction-2] [INFO] [1749138362.829262994] [publish_wind_direction]: Publishing: "id193:N"
[publish_wind_direction-2] [INFO] [1749138367.829367098] [publish_wind_direction]: Publishing: "id193:N"
[publish_wind_direction-2] [INFO] [1749138372.829191128] [publish_wind_direction]: Publishing: "id193:N"
[publish_wind_direction-2] [INFO] [1749138376.050771483] [publish_wind_direction]: Vicon Position= [309.8642883300781, 1436.4427490234375]
[publish_wind_direction-2] [INFO] [1749138376.053556374] [publish_wind_direction]: Neighbourhood size: 2
[publish_wind_direction-2] [INFO] [1749138377.829414661] [publish_wind_direction]: Publishing: "id193:N"
[publish_wind_direction-2] [INFO] [1749138382.829154662] [publish_wind_direction]: Publishing: "id193:N"
[publish_wind_direction-2] [INFO] [1749138387.829152729] [publish_wind_direction]: Publishing: "id193:N"
[publish_wind_direction-2] [INFO] [1749138392.829266836] [publish_wind_direction]: Publishing: "id193:N"
[publish_wind_direction-2] [INFO] [1749138397.829170948] [publish_wind_direction]: Publishing: "id193:N"
[publish_wind_direction-2] [INFO] [1749138402.829199911] [publish_wind_direction]: Publishing: "id193:N"
[publish_wind_direction-2] [INFO] [1749138407.829208888] [publish_wind_direction]: Publishing: "id193:N"
[publish_wind_direction-2] [INFO] [1749138412.829122747] [publish_wind_direction]: Publishing: "id193:N"
[publish_wind_direction-2] [INFO] [1749138417.829296538] [publish_wind_direction]: Publishing: "id193:N"
[publish_wind_direction-2] [INFO] [1749138422.829141265] [publish_wind_direction]: Publishing: "id193:N"
[publish_wind_direction-2] [INFO] [1749138427.829147641] [publish_wind_direction]: Publishing: "id193:N"
[publish_wind_direction-2] [INFO] [1749138432.829235221] [publish_wind_direction]: Publishing: "id193:N"
[publish_wind_direction-2] [INFO] [1749138437.829168903] [publish_wind_direction]: Publishing: "id193:N"
[publish_wind_direction-2] [INFO] [1749138442.829203004] [publish_wind_direction]: Publishing: "id193:N"
[publish_wind_direction-2] [INFO] [1749138442.898828313] [publish_wind_direction]: Vicon Position= [-391.2865905761719, 624.5497436523438]
[publish_wind_direction-2] [INFO] [1749138442.902153643] [publish_wind_direction]: Neighbourhood size: 7
[publish_wind_direction-2] [INFO] [1749138447.829177381] [publish_wind_direction]: Publishing: "id193:N"
[publish_wind_direction-2] [INFO] [1749138452.829177750] [publish_wind_direction]: Publishing: "id193:N"
[publish_wind_direction-2] [INFO] [1749138457.829301921] [publish_wind_direction]: Publishing: "id193:N"
[publish_wind_direction-2] [INFO] [1749138462.829270589] [publish_wind_direction]: Publishing: "id193:N"
[publish_wind_direction-2] [INFO] [1749138467.829188878] [publish_wind_direction]: Publishing: "id193:N"
[publish_wind_direction-2] [INFO] [1749138472.829331793] [publish_wind_direction]: Publishing: "id193:N"
[publish_wind_direction-2] [INFO] [1749138477.829162339] [publish_wind_direction]: Publishing: "id193:N"
[publish_wind_direction-2] [INFO] [1749138482.829328912] [publish_wind_direction]: Publishing: "id193:N"
[publish_wind_direction-2] [INFO] [1749138487.829219019] [publish_wind_direction]: Publishing: "id193:N"
[publish_wind_direction-2] [INFO] [1749138492.829201867] [publish_wind_direction]: Publishing: "id193:N"
[publish_wind_direction-2] [INFO] [1749138493.060027707] [publish_wind_direction]: Vicon Position= [-408.0198059082031, 1134.302001953125]
[publish_wind_direction-2] [INFO] [1749138493.062750731] [publish_wind_direction]: Neighbourhood size: 6
[publish_wind_direction-2] [INFO] [1749138497.829258547] [publish_wind_direction]: Publishing: "id193:N"
[publish_wind_direction-2] [INFO] [1749138502.829200624] [publish_wind_direction]: Publishing: "id193:N"
[publish_wind_direction-2] [INFO] [1749138507.828975525] [publish_wind_direction]: Publishing: "id193:N"
[publish_wind_direction-2] [INFO] [1749138512.829219907] [publish_wind_direction]: Publishing: "id193:N"
[publish_wind_direction-2] [INFO] [1749138517.829336667] [publish_wind_direction]: Publishing: "id193:N"
[publish_wind_direction-2] [INFO] [1749138522.829210050] [publish_wind_direction]: Publishing: "id193:N"
[publish_wind_direction-2] [INFO] [1749138525.449304539] [publish_wind_direction]: Vicon Position= [0.0, 0.0]
[publish_wind_direction-2] [INFO] [1749138525.452834749] [publish_wind_direction]: Neighbourhood size: 7
[publish_wind_direction-2] [INFO] [1749138527.829323757] [publish_wind_direction]: Publishing: "id193:N"
[publish_wind_direction-2] [INFO] [1749138532.829204197] [publish_wind_direction]: Publishing: "id193:N"
[publish_wind_direction-2] [INFO] [1749138533.289138624] [publish_wind_direction]: Vicon Position= [727.6105346679688, 323.6981506347656]
[publish_wind_direction-2] [INFO] [1749138533.292101452] [publish_wind_direction]: Neighbourhood size: 6
[publish_wind_direction-2] [INFO] [1749138537.829161950] [publish_wind_direction]: Publishing: "id193:N"
[publish_wind_direction-2] [INFO] [1749138542.829208958] [publish_wind_direction]: Publishing: "id193:N"
[publish_wind_direction-2] [INFO] [1749138547.829222858] [publish_wind_direction]: Publishing: "id193:N"
[publish_wind_direction-2] [INFO] [1749138552.179246484] [publish_wind_direction]: Vicon Position= [878.016357421875, 501.9521179199219]
[publish_wind_direction-2] [INFO] [1749138552.182305456] [publish_wind_direction]: Neighbourhood size: 3
[publish_wind_direction-2] [INFO] [1749138552.829162576] [publish_wind_direction]: Publishing: "id193:N"
[publish_wind_direction-2] [INFO] [1749138557.829144404] [publish_wind_direction]: Publishing: "id193:N"
[publish_wind_direction-2] [INFO] [1749138562.829181544] [publish_wind_direction]: Publishing: "id193:N"
[publish_wind_direction-2] [INFO] [1749138567.828828221] [publish_wind_direction]: Publishing: "id193:N"
[publish_wind_direction-2] [INFO] [1749138572.829143313] [publish_wind_direction]: Publishing: "id193:N"
[publish_wind_direction-2] [INFO] [1749138577.829370760] [publish_wind_direction]: Publishing: "id193:N"
[publish_wind_direction-2] [INFO] [1749138581.518091593] [publish_wind_direction]: Vicon Position= [1151.662353515625, 925.5523071289062]
[publish_wind_direction-2] [INFO] [1749138581.520910965] [publish_wind_direction]: Neighbourhood size: 2
[publish_wind_direction-2] [INFO] [1749138582.829103582] [publish_wind_direction]: Publishing: "id193:N"
[publish_wind_direction-2] [INFO] [1749138587.829143335] [publish_wind_direction]: Publishing: "id193:N"
[publish_wind_direction-2] [INFO] [1749138592.829158144] [publish_wind_direction]: Publishing: "id193:N"
[publish_wind_direction-2] [INFO] [1749138597.829184379] [publish_wind_direction]: Publishing: "id193:N"
[publish_wind_direction-2] [INFO] [1749138602.829238872] [publish_wind_direction]: Publishing: "id193:N"
[publish_wind_direction-2] [INFO] [1749138607.651606308] [publish_wind_direction]: Vicon Position= [257.9599609375, 1297.5533447265625]
[publish_wind_direction-2] [INFO] [1749138607.654489659] [publish_wind_direction]: Neighbourhood size: 2
[publish_wind_direction-2] [INFO] [1749138607.829140243] [publish_wind_direction]: Publishing: "id193:N"
[publish_wind_direction-2] [INFO] [1749138612.829144387] [publish_wind_direction]: Publishing: "id193:N"
[publish_wind_direction-2] [INFO] [1749138617.829177085] [publish_wind_direction]: Publishing: "id193:N"
[publish_wind_direction-2] [INFO] [1749138622.829201987] [publish_wind_direction]: Publishing: "id193:N"
[publish_wind_direction-2] [INFO] [1749138627.829000029] [publish_wind_direction]: Publishing: "id193:N"
[publish_wind_direction-2] [INFO] [1749138632.829298604] [publish_wind_direction]: Publishing: "id193:N"
[publish_wind_direction-2] [INFO] [1749138637.829136922] [publish_wind_direction]: Publishing: "id193:N"
[publish_wind_direction-2] [INFO] [1749138642.829292059] [publish_wind_direction]: Publishing: "id193:N"
[publish_wind_direction-2] [INFO] [1749138647.829291629] [publish_wind_direction]: Publishing: "id193:N"
[publish_wind_direction-2] [INFO] [1749138652.829316550] [publish_wind_direction]: Publishing: "id193:N"
[publish_wind_direction-2] [INFO] [1749138657.829213958] [publish_wind_direction]: Publishing: "id193:N"
[publish_wind_direction-2] [INFO] [1749138662.829319487] [publish_wind_direction]: Publishing: "id193:N"
[publish_wind_direction-2] [INFO] [1749138667.829118963] [publish_wind_direction]: Publishing: "id193:N"
[publish_wind_direction-2] [INFO] [1749138672.829136875] [publish_wind_direction]: Publishing: "id193:N"
[publish_wind_direction-2] [INFO] [1749138677.829136018] [publish_wind_direction]: Publishing: "id193:N"
[publish_wind_direction-2] [INFO] [1749138682.829450619] [publish_wind_direction]: Publishing: "id193:N"
[publish_wind_direction-2] [INFO] [1749138687.829133960] [publish_wind_direction]: Publishing: "id193:N"
[publish_wind_direction-2] [INFO] [1749138692.829123112] [publish_wind_direction]: Publishing: "id193:N"
[publish_wind_direction-2] [INFO] [1749138697.829158375] [publish_wind_direction]: Publishing: "id193:N"
[publish_wind_direction-2] [INFO] [1749138702.829168653] [publish_wind_direction]: Publishing: "id193:N"
[publish_wind_direction-2] [INFO] [1749138707.829130126] [publish_wind_direction]: Publishing: "id193:N"
[publish_wind_direction-2] [INFO] [1749138712.829187557] [publish_wind_direction]: Publishing: "id193:N"
[publish_wind_direction-2] [INFO] [1749138717.829291183] [publish_wind_direction]: Publishing: "id193:N"
[publish_wind_direction-2] [INFO] [1749138722.829209858] [publish_wind_direction]: Publishing: "id193:N"
[publish_wind_direction-2] [INFO] [1749138727.829132445] [publish_wind_direction]: Publishing: "id193:N"
[publish_wind_direction-2] [INFO] [1749138732.829152897] [publish_wind_direction]: Publishing: "id193:N"
[publish_wind_direction-2] [INFO] [1749138737.829139539] [publish_wind_direction]: Publishing: "id193:N"
[publish_wind_direction-2] [INFO] [1749138742.829113811] [publish_wind_direction]: Publishing: "id193:N"
[publish_wind_direction-2] [INFO] [1749138747.829224255] [publish_wind_direction]: Publishing: "id193:N"
[publish_wind_direction-2] [INFO] [1749138752.829190240] [publish_wind_direction]: Publishing: "id193:N"
[publish_wind_direction-2] [INFO] [1749138757.829129372] [publish_wind_direction]: Publishing: "id193:N"
[publish_wind_direction-2] [INFO] [1749138762.829170823] [publish_wind_direction]: Publishing: "id193:N"
[publish_wind_direction-2] [INFO] [1749138767.829167416] [publish_wind_direction]: Publishing: "id193:N"
[publish_wind_direction-2] [INFO] [1749138772.829057594] [publish_wind_direction]: Publishing: "id193:N"
[publish_wind_direction-2] [INFO] [1749138777.829134885] [publish_wind_direction]: Publishing: "id193:N"
[publish_wind_direction-2] [INFO] [1749138782.829125303] [publish_wind_direction]: Publishing: "id193:N"
[publish_wind_direction-2] [INFO] [1749138787.829125886] [publish_wind_direction]: Publishing: "id193:N"
[publish_wind_direction-2] [INFO] [1749138792.829197895] [publish_wind_direction]: Publishing: "id193:N"
[publish_wind_direction-2] [INFO] [1749138797.829181737] [publish_wind_direction]: Publishing: "id193:N"
[publish_wind_direction-2] [INFO] [1749138802.829306309] [publish_wind_direction]: Publishing: "id193:N"
[publish_wind_direction-2] [INFO] [1749138807.829342096] [publish_wind_direction]: Publishing: "id193:N"
[publish_wind_direction-2] [INFO] [1749138812.829227778] [publish_wind_direction]: Publishing: "id193:N"
[publish_wind_direction-2] [INFO] [1749138817.829141075] [publish_wind_direction]: Publishing: "id193:N"
[publish_wind_direction-2] [INFO] [1749138822.829181148] [publish_wind_direction]: Publishing: "id193:N"
[publish_wind_direction-2] [INFO] [1749138827.829139815] [publish_wind_direction]: Publishing: "id193:N"
[publish_wind_direction-2] [INFO] [1749138832.829092166] [publish_wind_direction]: Publishing: "id193:N"
[publish_wind_direction-2] [INFO] [1749138837.829158725] [publish_wind_direction]: Publishing: "id193:N"
[publish_wind_direction-2] [INFO] [1749138842.829142843] [publish_wind_direction]: Publishing: "id193:N"
[publish_wind_direction-2] [INFO] [1749138847.829254464] [publish_wind_direction]: Publishing: "id193:N"
[publish_wind_direction-2] [INFO] [1749138852.829167832] [publish_wind_direction]: Publishing: "id193:N"
[publish_wind_direction-2] [INFO] [1749138857.829140391] [publish_wind_direction]: Publishing: "id193:N"
[publish_wind_direction-2] [INFO] [1749138862.829137675] [publish_wind_direction]: Publishing: "id193:N"
[publish_wind_direction-2] [INFO] [1749138867.829220685] [publish_wind_direction]: Publishing: "id193:N"
[publish_wind_direction-2] [INFO] [1749138872.829146811] [publish_wind_direction]: Publishing: "id193:N"
[publish_wind_direction-2] [INFO] [1749138877.829113534] [publish_wind_direction]: Publishing: "id193:N"
[publish_wind_direction-2] [INFO] [1749138882.829123957] [publish_wind_direction]: Publishing: "id193:N"
[publish_wind_direction-2] [INFO] [1749138887.230921705] [publish_wind_direction]: * Received from id151, wind direction N
[publish_wind_direction-2] [INFO] [1749138887.233735013] [publish_wind_direction]: Publisher, neighbours_by_id={'id200', 'id194'}
[publish_wind_direction-2] [INFO] [1749138891.395323697] [publish_wind_direction]: ***Cam angle= -175.53542398615548, vico ang deg= -130.19370044447132 Ground Truth= 54.270875569373175
[publish_wind_direction-2] [INFO] [1749138891.398932558] [publish_wind_direction]: Publisher, Neighbourhood size: 2
[publish_wind_direction-2] [INFO] [1749138891.403815392] [publish_wind_direction]: Publishing: "id193:N"
[publish_wind_direction-2] [INFO] [1749138892.829157583] [publish_wind_direction]: Publishing: "id193:N"
[publish_wind_direction-2] [INFO] [1749138897.829176821] [publish_wind_direction]: Publishing: "id193:N"
[publish_wind_direction-2] [INFO] [1749138902.829170168] [publish_wind_direction]: Publishing: "id193:N"
[publish_wind_direction-2] [INFO] [1749138907.829202963] [publish_wind_direction]: Publishing: "id193:N"
[publish_wind_direction-2] [INFO] [1749138912.829344223] [publish_wind_direction]: Publishing: "id193:N"
[publish_wind_direction-2] [INFO] [1749138917.829362210] [publish_wind_direction]: Publishing: "id193:N"
[publish_wind_direction-2] [INFO] [1749138922.829265020] [publish_wind_direction]: Publishing: "id193:N"
[publish_wind_direction-2] [INFO] [1749138927.829173005] [publish_wind_direction]: Publishing: "id193:N"
[publish_wind_direction-2] [INFO] [1749138932.829171427] [publish_wind_direction]: Publishing: "id193:N"
[publish_wind_direction-2] [INFO] [1749138937.829221313] [publish_wind_direction]: Publishing: "id193:N"
[publish_wind_direction-2] [INFO] [1749138942.829213449] [publish_wind_direction]: Publishing: "id193:N"
[publish_wind_direction-2] [INFO] [1749138947.829290891] [publish_wind_direction]: Publishing: "id193:N"
[publish_wind_direction-2] [INFO] [1749138952.829187780] [publish_wind_direction]: Publishing: "id193:N"
[publish_wind_direction-2] [INFO] [1749138957.829172279] [publish_wind_direction]: Publishing: "id193:N"
[publish_wind_direction-2] [INFO] [1749138962.829242894] [publish_wind_direction]: Publishing: "id193:N"
[publish_wind_direction-2] [INFO] [1749138967.829204087] [publish_wind_direction]: Publishing: "id193:N"
[publish_wind_direction-2] [INFO] [1749138972.829533836] [publish_wind_direction]: Publishing: "id193:N"
[publish_wind_direction-2] [INFO] [1749138977.829260782] [publish_wind_direction]: Publishing: "id193:N"
[publish_wind_direction-2] [INFO] [1749138982.829194273] [publish_wind_direction]: Publishing: "id193:N"
[publish_wind_direction-2] [INFO] [1749138987.829181730] [publish_wind_direction]: Publishing: "id193:N"
[publish_wind_direction-2] [INFO] [1749138992.829321932] [publish_wind_direction]: Publishing: "id193:N"
[publish_wind_direction-2] [INFO] [1749138997.829774004] [publish_wind_direction]: Publishing: "id193:N"
[publish_wind_direction-2] [INFO] [1749139002.829189710] [publish_wind_direction]: Publishing: "id193:N"
[publish_wind_direction-2] [INFO] [1749139007.829167063] [publish_wind_direction]: Publishing: "id193:N"
[publish_wind_direction-2] [INFO] [1749139012.829164289] [publish_wind_direction]: Publishing: "id193:N"
[publish_wind_direction-2] [INFO] [1749139017.829176805] [publish_wind_direction]: Publishing: "id193:N"
[publish_wind_direction-2] [INFO] [1749139022.829158849] [publish_wind_direction]: Publishing: "id193:N"
[publish_wind_direction-2] [INFO] [1749139027.829186633] [publish_wind_direction]: Publishing: "id193:N"
[publish_wind_direction-2] [INFO] [1749139032.829205743] [publish_wind_direction]: Publishing: "id193:N"
[publish_wind_direction-2] [INFO] [1749139037.829188883] [publish_wind_direction]: Publishing: "id193:N"
[publish_wind_direction-2] [INFO] [1749139042.829209968] [publish_wind_direction]: Publishing: "id193:N"
[publish_wind_direction-2] [INFO] [1749139044.671183914] [publish_wind_direction]: * Received from id151, wind direction N
[publish_wind_direction-2] [INFO] [1749139044.674044923] [publish_wind_direction]: Publisher, neighbours_by_id={'id200', 'id194'}
[publish_wind_direction-2] [INFO] [1749139048.377715789] [publish_wind_direction]: ***Cam angle= -119.79616373096776, vico ang deg= -130.19370044447132 Ground Truth= 110.0101358245609
[publish_wind_direction-2] [INFO] [1749139048.380189611] [publish_wind_direction]: Publisher, Neighbourhood size: 2
[publish_wind_direction-2] [INFO] [1749139048.385088126] [publish_wind_direction]: Publishing: "id193:N"
[publish_wind_direction-2] [INFO] [1749139048.387964434] [publish_wind_direction]: * Received from id151, wind direction N
[publish_wind_direction-2] [INFO] [1749139048.390357851] [publish_wind_direction]: Publisher, neighbours_by_id={'id200', 'id194'}
[publish_wind_direction-2] [INFO] [1749139052.092466854] [publish_wind_direction]: ***Cam angle= -167.6251167863096, vico ang deg= -130.19370044447132 Ground Truth= 62.18118276921905
[publish_wind_direction-2] [INFO] [1749139052.094843977] [publish_wind_direction]: Publisher, Neighbourhood size: 2
[publish_wind_direction-2] [INFO] [1749139052.829117718] [publish_wind_direction]: Publishing: "id193:N"
[publish_wind_direction-2] [INFO] [1749139057.829617883] [publish_wind_direction]: Publishing: "id193:N"
[publish_wind_direction-2] [INFO] [1749139062.828620399] [publish_wind_direction]: Raising exception
[publish_wind_direction-2] [INFO] [1749139062.831453941] [publish_wind_direction]: Publisher stopping, exception
[INFO] [publish_wind_direction-2]: process has finished cleanly [pid 843]
[random_robot_move-1] [INFO] [1749139073.228222546] [random_robot_move]: Exception, shutting down
