[INFO] [launch]: All log files can be found below /home/thymio/.ros/log/2025-06-04-14-38-59-839964-thymio-826
[INFO] [launch]: Default logging verbosity is set to INFO
[INFO] [random_robot_move-1]: process started with pid [848]
[INFO] [publish_wind_direction-2]: process started with pid [850]
[publish_wind_direction-2] /usr/lib/python3/dist-packages/scipy/__init__.py:146: UserWarning: A NumPy version >=1.17.3 and <1.25.0 is required for this version of SciPy (detected version 1.26.4
[publish_wind_direction-2]   warnings.warn(f"A NumPy version >={np_minversion} and <{np_maxversion}"
[random_robot_move-1] [INFO] [1749047946.950529044] [random_robot_move]: Robot Control Node started.
[publish_wind_direction-2] [INFO] [1749047948.966265484] [publish_wind_direction]: Publishing: "id236:S"
[publish_wind_direction-2] [INFO] [1749047953.406626043] [publish_wind_direction]: ***Cam angle= -30.5959391551541, vico ang deg= 0.0 Ground Truth= 329.4040608448459
[publish_wind_direction-2] [INFO] [1749047953.409245878] [publish_wind_direction]: ***Corrected Wind Direction= N
[publish_wind_direction-2] [INFO] [1749047953.837587824] [publish_wind_direction]: Publishing: "id236:S"
[publish_wind_direction-2] [INFO] [1749047957.683508295] [publish_wind_direction]: ***Cam angle= -102.49292718648053, vico ang deg= 0.0 Ground Truth= 257.50707281351947
[publish_wind_direction-2] [INFO] [1749047957.686154870] [publish_wind_direction]: ***Corrected Wind Direction= E
[publish_wind_direction-2] [INFO] [1749047958.837344054] [publish_wind_direction]: Publishing: "id236:S"
[publish_wind_direction-2] [INFO] [1749047962.453871091] [publish_wind_direction]: ***Cam angle= 44.80085552138465, vico ang deg= 0.0 Ground Truth= 44.80085552138465
[publish_wind_direction-2] [INFO] [1749047962.456463498] [publish_wind_direction]: ***Corrected Wind Direction= N
[publish_wind_direction-2] [INFO] [1749047963.837238053] [publish_wind_direction]: Publishing: "id236:S"
[publish_wind_direction-2] [INFO] [1749047967.787773643] [publish_wind_direction]: ***Cam angle= 11.356673792316741, vico ang deg= 0.0 Ground Truth= 11.356673792316741
[publish_wind_direction-2] [INFO] [1749047967.790513662] [publish_wind_direction]: ***Corrected Wind Direction= N
[publish_wind_direction-2] [INFO] [1749047968.837390031] [publish_wind_direction]: Publishing: "id236:S"
[publish_wind_direction-2] [INFO] [1749047972.746548010] [publish_wind_direction]: ***Cam angle= -130.4665102353772, vico ang deg= 0.0 Ground Truth= 229.5334897646228
[publish_wind_direction-2] [INFO] [1749047972.749514955] [publish_wind_direction]: ***Corrected Wind Direction= E
[publish_wind_direction-2] [INFO] [1749047973.839935621] [publish_wind_direction]: Publishing: "id236:S"
[publish_wind_direction-2] [INFO] [1749047977.816831637] [publish_wind_direction]: ***Cam angle= 11.860441844542478, vico ang deg= 0.0 Ground Truth= 11.860441844542478
[publish_wind_direction-2] [INFO] [1749047977.820341563] [publish_wind_direction]: ***Corrected Wind Direction= N
[publish_wind_direction-2] [INFO] [1749047978.837454470] [publish_wind_direction]: Publishing: "id236:S"
[publish_wind_direction-2] [INFO] [1749047982.579194912] [publish_wind_direction]: ***Cam angle= -65.84361030096593, vico ang deg= 0.0 Ground Truth= 294.1563896990341
[publish_wind_direction-2] [INFO] [1749047982.582537523] [publish_wind_direction]: ***Corrected Wind Direction= E
[publish_wind_direction-2] [INFO] [1749047983.837881170] [publish_wind_direction]: Publishing: "id236:S"
[publish_wind_direction-2] [INFO] [1749047987.777451798] [publish_wind_direction]: ***Cam angle= -999.0, vico ang deg= 0.0 Ground Truth= 81.0
[publish_wind_direction-2] [INFO] [1749047987.779931409] [publish_wind_direction]: ***Corrected Wind Direction= W
[publish_wind_direction-2] [INFO] [1749047988.837261371] [publish_wind_direction]: Publishing: "id236:S"
[publish_wind_direction-2] [INFO] [1749047992.561613999] [publish_wind_direction]: ***Cam angle= -45.080249673109535, vico ang deg= 0.0 Ground Truth= 314.9197503268905
[publish_wind_direction-2] [INFO] [1749047992.564038443] [publish_wind_direction]: ***Corrected Wind Direction= E
[publish_wind_direction-2] [INFO] [1749047993.837439850] [publish_wind_direction]: Publishing: "id236:S"
[publish_wind_direction-2] [INFO] [1749047997.635307551] [publish_wind_direction]: ***Cam angle= -35.25463316073866, vico ang deg= 0.0 Ground Truth= 324.74536683926135
[publish_wind_direction-2] [INFO] [1749047997.637751292] [publish_wind_direction]: ***Corrected Wind Direction= N
[publish_wind_direction-2] [INFO] [1749047998.838366791] [publish_wind_direction]: Publishing: "id236:S"
[publish_wind_direction-2] [INFO] [1749048002.604201844] [publish_wind_direction]: ***Cam angle= 20.135797176591026, vico ang deg= 0.0 Ground Truth= 20.135797176591026
[publish_wind_direction-2] [INFO] [1749048002.607671011] [publish_wind_direction]: ***Corrected Wind Direction= N
[publish_wind_direction-2] [INFO] [1749048003.837337547] [publish_wind_direction]: Publishing: "id236:S"
[publish_wind_direction-2] [INFO] [1749048007.910715489] [publish_wind_direction]: ***Cam angle= 27.14710622368176, vico ang deg= 0.0 Ground Truth= 27.14710622368176
[publish_wind_direction-2] [INFO] [1749048007.914294267] [publish_wind_direction]: ***Corrected Wind Direction= N
[publish_wind_direction-2] [INFO] [1749048008.837301063] [publish_wind_direction]: Publishing: "id236:S"
[publish_wind_direction-2] [INFO] [1749048012.672252320] [publish_wind_direction]: ***Cam angle= -999.0, vico ang deg= 0.0 Ground Truth= 81.0
[publish_wind_direction-2] [INFO] [1749048012.676279524] [publish_wind_direction]: ***Corrected Wind Direction= W
[publish_wind_direction-2] [INFO] [1749048013.837418690] [publish_wind_direction]: Publishing: "id236:S"
[publish_wind_direction-2] [INFO] [1749048017.554019928] [publish_wind_direction]: ***Cam angle= -7.73533466966839, vico ang deg= 0.0 Ground Truth= 352.2646653303316
[publish_wind_direction-2] [INFO] [1749048017.556644632] [publish_wind_direction]: ***Corrected Wind Direction= N
[publish_wind_direction-2] [INFO] [1749048018.837413835] [publish_wind_direction]: Publishing: "id236:S"
[publish_wind_direction-2] [INFO] [1749048022.557051296] [publish_wind_direction]: ***Cam angle= -14.308510718777697, vico ang deg= 0.0 Ground Truth= 345.6914892812223
[publish_wind_direction-2] [INFO] [1749048022.560649740] [publish_wind_direction]: ***Corrected Wind Direction= N
[publish_wind_direction-2] [INFO] [1749048135.872563209] [publish_wind_direction]: Publishing: "id236:S"
[publish_wind_direction-2] [INFO] [1749048140.230014133] [publish_wind_direction]: ***Cam angle= -35.568447397586176, vico ang deg= 0.0 Ground Truth= 324.43155260241383
[publish_wind_direction-2] [INFO] [1749048140.232474688] [publish_wind_direction]: ***Corrected Wind Direction= N
[publish_wind_direction-2] [INFO] [1749048140.236518540] [publish_wind_direction]: Publishing: "id236:S"
[publish_wind_direction-2] [INFO] [1749048140.239636985] [publish_wind_direction]: Neighbourhood size: 0
[publish_wind_direction-2] [INFO] [1749048144.026638334] [publish_wind_direction]: ***Cam angle= 15.853436575428617, vico ang deg= 0.0 Ground Truth= 15.853436575428617
[publish_wind_direction-2] [INFO] [1749048144.029129186] [publish_wind_direction]: ***Corrected Wind Direction= N
[publish_wind_direction-2] [INFO] [1749048144.033149853] [publish_wind_direction]: Publishing: "id236:S"
[publish_wind_direction-2] [INFO] [1749048147.873952573] [publish_wind_direction]: ***Cam angle= -999.0, vico ang deg= 0.0 Ground Truth= 81.0
[publish_wind_direction-2] [INFO] [1749048147.876424499] [publish_wind_direction]: ***Corrected Wind Direction= W
[publish_wind_direction-2] [INFO] [1749048148.837570165] [publish_wind_direction]: Publishing: "id236:S"
[publish_wind_direction-2] [INFO] [1749048152.683045607] [publish_wind_direction]: ***Cam angle= -212.5436118245172, vico ang deg= 0.0 Ground Truth= 147.4563881754828
[publish_wind_direction-2] [INFO] [1749048152.685508977] [publish_wind_direction]: ***Corrected Wind Direction= S
[publish_wind_direction-2] [INFO] [1749048153.837582995] [publish_wind_direction]: Publishing: "id236:S"
[publish_wind_direction-2] [INFO] [1749048157.663120882] [publish_wind_direction]: ***Cam angle= 17.702558283691985, vico ang deg= 0.0 Ground Truth= 17.702558283691985
[publish_wind_direction-2] [INFO] [1749048157.666657715] [publish_wind_direction]: ***Corrected Wind Direction= N
[publish_wind_direction-2] [INFO] [1749048158.837619844] [publish_wind_direction]: Publishing: "id236:S"
[publish_wind_direction-2] [INFO] [1749048162.638159490] [publish_wind_direction]: ***Cam angle= -999.0, vico ang deg= 0.0 Ground Truth= 81.0
[publish_wind_direction-2] [INFO] [1749048162.640630027] [publish_wind_direction]: ***Corrected Wind Direction= W
[publish_wind_direction-2] [INFO] [1749048163.837547600] [publish_wind_direction]: Publishing: "id236:S"
[publish_wind_direction-2] [INFO] [1749048167.690256524] [publish_wind_direction]: ***Cam angle= -102.25881367148973, vico ang deg= 0.0 Ground Truth= 257.74118632851025
[publish_wind_direction-2] [INFO] [1749048167.692744746] [publish_wind_direction]: ***Corrected Wind Direction= E
[publish_wind_direction-2] [INFO] [1749048168.837561375] [publish_wind_direction]: Publishing: "id236:S"
[publish_wind_direction-2] [INFO] [1749048172.611252780] [publish_wind_direction]: ***Cam angle= -999.0, vico ang deg= 0.0 Ground Truth= 81.0
[publish_wind_direction-2] [INFO] [1749048172.613762928] [publish_wind_direction]: ***Corrected Wind Direction= W
[publish_wind_direction-2] [INFO] [1749048173.837709798] [publish_wind_direction]: Publishing: "id236:S"
[publish_wind_direction-2] [INFO] [1749048177.654978851] [publish_wind_direction]: ***Cam angle= -37.335949799944096, vico ang deg= 0.0 Ground Truth= 322.6640502000559
[publish_wind_direction-2] [INFO] [1749048177.657337166] [publish_wind_direction]: ***Corrected Wind Direction= N
[publish_wind_direction-2] [INFO] [1749048178.837607369] [publish_wind_direction]: Publishing: "id236:S"
[publish_wind_direction-2] [INFO] [1749048183.014631700] [publish_wind_direction]: ***Cam angle= 6.666713788072499, vico ang deg= 0.0 Ground Truth= 6.666713788072499
[publish_wind_direction-2] [INFO] [1749048183.017063255] [publish_wind_direction]: ***Corrected Wind Direction= N
[publish_wind_direction-2] [INFO] [1749048183.837635273] [publish_wind_direction]: Publishing: "id236:S"
[publish_wind_direction-2] [INFO] [1749048187.688918512] [publish_wind_direction]: ***Cam angle= -30.66804462095712, vico ang deg= 0.0 Ground Truth= 329.3319553790429
[publish_wind_direction-2] [INFO] [1749048187.691402845] [publish_wind_direction]: ***Corrected Wind Direction= N
[publish_wind_direction-2] [INFO] [1749048188.837652956] [publish_wind_direction]: Publishing: "id236:S"
[publish_wind_direction-2] [INFO] [1749048193.023234287] [publish_wind_direction]: ***Cam angle= -111.8278437713249, vico ang deg= 0.0 Ground Truth= 248.1721562286751
[publish_wind_direction-2] [INFO] [1749048193.026831916] [publish_wind_direction]: ***Corrected Wind Direction= E
[publish_wind_direction-2] [INFO] [1749048193.837788212] [publish_wind_direction]: Publishing: "id236:S"
[publish_wind_direction-2] [INFO] [1749048197.953132487] [publish_wind_direction]: ***Cam angle= -8.349841909737265, vico ang deg= 0.0 Ground Truth= 351.6501580902627
[publish_wind_direction-2] [INFO] [1749048197.955560413] [publish_wind_direction]: ***Corrected Wind Direction= N
[publish_wind_direction-2] [INFO] [1749048198.837641320] [publish_wind_direction]: Publishing: "id236:S"
[publish_wind_direction-2] [INFO] [1749048202.611910910] [publish_wind_direction]: ***Cam angle= -999.0, vico ang deg= 0.0 Ground Truth= 81.0
[publish_wind_direction-2] [INFO] [1749048202.615319633] [publish_wind_direction]: ***Corrected Wind Direction= W
[publish_wind_direction-2] [INFO] [1749048203.837743354] [publish_wind_direction]: Publishing: "id236:S"
[publish_wind_direction-2] [INFO] [1749048207.694141074] [publish_wind_direction]: ***Cam angle= -19.86272969711068, vico ang deg= 0.0 Ground Truth= 340.1372703028893
[publish_wind_direction-2] [INFO] [1749048207.697730833] [publish_wind_direction]: ***Corrected Wind Direction= N
[publish_wind_direction-2] [INFO] [1749048208.837606203] [publish_wind_direction]: Publishing: "id236:S"
[publish_wind_direction-2] [INFO] [1749048212.656011127] [publish_wind_direction]: ***Cam angle= -51.30223050940163, vico ang deg= 0.0 Ground Truth= 308.6977694905984
[publish_wind_direction-2] [INFO] [1749048212.658394534] [publish_wind_direction]: ***Corrected Wind Direction= E
[publish_wind_direction-2] [INFO] [1749048213.837723941] [publish_wind_direction]: Publishing: "id236:S"
[publish_wind_direction-2] [INFO] [1749048218.021302179] [publish_wind_direction]: ***Cam angle= 14.251275054015508, vico ang deg= 0.0 Ground Truth= 14.251275054015508
[publish_wind_direction-2] [INFO] [1749048218.023762068] [publish_wind_direction]: ***Corrected Wind Direction= N
[publish_wind_direction-2] [INFO] [1749048218.837634938] [publish_wind_direction]: Publishing: "id236:S"
[publish_wind_direction-2] [INFO] [1749048222.645912621] [publish_wind_direction]: ***Cam angle= -999.0, vico ang deg= 0.0 Ground Truth= 81.0
[publish_wind_direction-2] [INFO] [1749048222.648337898] [publish_wind_direction]: ***Corrected Wind Direction= W
[publish_wind_direction-2] [INFO] [1749048223.837638324] [publish_wind_direction]: Publishing: "id236:S"
[publish_wind_direction-2] [INFO] [1749048227.876740506] [publish_wind_direction]: ***Cam angle= -999.0, vico ang deg= 0.0 Ground Truth= 81.0
[publish_wind_direction-2] [INFO] [1749048227.879215599] [publish_wind_direction]: ***Corrected Wind Direction= W
[publish_wind_direction-2] [INFO] [1749048228.837945728] [publish_wind_direction]: Publishing: "id236:S"
[publish_wind_direction-2] [INFO] [1749048232.785009615] [publish_wind_direction]: ***Cam angle= -4.719081970888297, vico ang deg= 0.0 Ground Truth= 355.2809180291117
[publish_wind_direction-2] [INFO] [1749048232.787395781] [publish_wind_direction]: ***Corrected Wind Direction= N
[publish_wind_direction-2] [INFO] [1749048233.837663299] [publish_wind_direction]: Publishing: "id236:S"
[publish_wind_direction-2] [INFO] [1749048237.558733260] [publish_wind_direction]: ***Cam angle= -85.0292272188113, vico ang deg= 0.0 Ground Truth= 274.9707727811887
[publish_wind_direction-2] [INFO] [1749048237.561215871] [publish_wind_direction]: ***Corrected Wind Direction= E
[publish_wind_direction-2] [INFO] [1749048238.837597981] [publish_wind_direction]: Publishing: "id236:S"
[publish_wind_direction-2] [INFO] [1749048242.556931053] [publish_wind_direction]: ***Cam angle= -999.0, vico ang deg= 0.0 Ground Truth= 81.0
[publish_wind_direction-2] [INFO] [1749048242.560307220] [publish_wind_direction]: ***Corrected Wind Direction= W
[publish_wind_direction-2] [INFO] [1749048243.837562293] [publish_wind_direction]: Publishing: "id236:S"
[publish_wind_direction-2] [INFO] [1749048247.572293680] [publish_wind_direction]: ***Cam angle= -5.954384923205183, vico ang deg= 0.0 Ground Truth= 354.04561507679483
[publish_wind_direction-2] [INFO] [1749048247.575704421] [publish_wind_direction]: ***Corrected Wind Direction= N
[publish_wind_direction-2] [INFO] [1749048248.837159087] [publish_wind_direction]: Raising exception
[publish_wind_direction-2] [INFO] [1749048248.839957531] [publish_wind_direction]: Publisher stopping, exception
[INFO] [publish_wind_direction-2]: process has finished cleanly [pid 850]
[random_robot_move-1] [INFO] [1749048251.361511511] [random_robot_move]: Exception, shutting down
