[INFO] [launch]: All log files can be found below /home/thymio/.ros/log/2025-06-04-15-19-35-351769-thymio-819
[INFO] [launch]: Default logging verbosity is set to INFO
[INFO] [random_robot_move-1]: process started with pid [841]
[INFO] [publish_wind_direction-2]: process started with pid [843]
[publish_wind_direction-2] /usr/lib/python3/dist-packages/scipy/__init__.py:146: UserWarning: A NumPy version >=1.17.3 and <1.25.0 is required for this version of SciPy (detected version 1.26.4
[publish_wind_direction-2]   warnings.warn(f"A NumPy version >={np_minversion} and <{np_maxversion}"
[random_robot_move-1] [INFO] [1749050382.240122490] [random_robot_move]: Robot Control Node started.
[publish_wind_direction-2] [INFO] [1749050384.334259362] [publish_wind_direction]: Publishing: "id142:W"
[publish_wind_direction-2] [INFO] [1749050388.957283814] [publish_wind_direction]: ***Cam angle= 49.621288141673745, vico ang deg= 0.0 Ground Truth= 49.621288141673745
[publish_wind_direction-2] [INFO] [1749050388.960184191] [publish_wind_direction]: ***Corrected Wind Direction= W
[publish_wind_direction-2] [INFO] [1749050389.204886399] [publish_wind_direction]: Publishing: "id142:W"
[publish_wind_direction-2] [INFO] [1749050393.387563388] [publish_wind_direction]: ***Cam angle= 22.668321552389443, vico ang deg= 0.0 Ground Truth= 22.668321552389443
[publish_wind_direction-2] [INFO] [1749050393.391322172] [publish_wind_direction]: ***Corrected Wind Direction= N
[publish_wind_direction-2] [INFO] [1749050394.207980279] [publish_wind_direction]: Publishing: "id142:W"
[publish_wind_direction-2] [INFO] [1749050398.598153640] [publish_wind_direction]: ***Cam angle= 16.486074818559388, vico ang deg= 0.0 Ground Truth= 16.486074818559388
[publish_wind_direction-2] [INFO] [1749050398.601764677] [publish_wind_direction]: ***Corrected Wind Direction= N
[publish_wind_direction-2] [INFO] [1749050399.205073050] [publish_wind_direction]: Publishing: "id142:W"
[publish_wind_direction-2] [INFO] [1749050403.402258772] [publish_wind_direction]: ***Cam angle= 14.075167840288287, vico ang deg= 0.0 Ground Truth= 14.075167840288287
[publish_wind_direction-2] [INFO] [1749050403.404810390] [publish_wind_direction]: ***Corrected Wind Direction= N
[publish_wind_direction-2] [INFO] [1749050404.207579601] [publish_wind_direction]: Publishing: "id142:W"
[publish_wind_direction-2] [INFO] [1749050408.368199114] [publish_wind_direction]: ***Cam angle= 18.33248169893585, vico ang deg= 0.0 Ground Truth= 18.33248169893585
[publish_wind_direction-2] [INFO] [1749050408.372438678] [publish_wind_direction]: ***Corrected Wind Direction= N
[publish_wind_direction-2] [INFO] [1749050409.206332151] [publish_wind_direction]: Publishing: "id142:W"
[publish_wind_direction-2] [INFO] [1749050412.976565799] [publish_wind_direction]: ***Cam angle= 6.4617620717023385, vico ang deg= 0.0 Ground Truth= 6.4617620717023385
[publish_wind_direction-2] [INFO] [1749050412.978976231] [publish_wind_direction]: ***Corrected Wind Direction= N
[publish_wind_direction-2] [INFO] [1749050414.204822335] [publish_wind_direction]: Publishing: "id142:W"
[publish_wind_direction-2] [INFO] [1749050418.233761435] [publish_wind_direction]: ***Cam angle= 88.4050966450545, vico ang deg= 0.0 Ground Truth= 88.4050966450545
[publish_wind_direction-2] [INFO] [1749050418.236228638] [publish_wind_direction]: ***Corrected Wind Direction= W
[publish_wind_direction-2] [INFO] [1749050419.204781602] [publish_wind_direction]: Publishing: "id142:W"
[publish_wind_direction-2] [INFO] [1749050423.327000877] [publish_wind_direction]: ***Cam angle= 34.29601332683865, vico ang deg= 0.0 Ground Truth= 34.29601332683865
[publish_wind_direction-2] [INFO] [1749050423.329504779] [publish_wind_direction]: ***Corrected Wind Direction= N
[publish_wind_direction-2] [INFO] [1749050424.204698114] [publish_wind_direction]: Publishing: "id142:W"
[publish_wind_direction-2] [INFO] [1749050428.258133666] [publish_wind_direction]: ***Cam angle= 6.830698459636864, vico ang deg= 0.0 Ground Truth= 6.830698459636864
[publish_wind_direction-2] [INFO] [1749050428.260618341] [publish_wind_direction]: ***Corrected Wind Direction= N
[publish_wind_direction-2] [INFO] [1749050429.204832485] [publish_wind_direction]: Publishing: "id142:W"
[publish_wind_direction-2] [INFO] [1749050432.997278299] [publish_wind_direction]: ***Cam angle= -19.84969371315104, vico ang deg= 0.0 Ground Truth= 340.15030628684895
[publish_wind_direction-2] [INFO] [1749050432.999706062] [publish_wind_direction]: ***Corrected Wind Direction= N
[publish_wind_direction-2] [INFO] [1749050434.204862686] [publish_wind_direction]: Publishing: "id142:W"
[publish_wind_direction-2] [INFO] [1749050438.376275396] [publish_wind_direction]: ***Cam angle= 7.754505526017695, vico ang deg= 0.0 Ground Truth= 7.754505526017695
[publish_wind_direction-2] [INFO] [1749050438.378661914] [publish_wind_direction]: ***Corrected Wind Direction= N
[publish_wind_direction-2] [INFO] [1749050439.204979004] [publish_wind_direction]: Publishing: "id142:W"
[publish_wind_direction-2] [INFO] [1749050443.377272465] [publish_wind_direction]: ***Cam angle= -28.27740542893457, vico ang deg= 0.0 Ground Truth= 331.72259457106543
[publish_wind_direction-2] [INFO] [1749050443.380888775] [publish_wind_direction]: ***Corrected Wind Direction= N
[publish_wind_direction-2] [INFO] [1749050444.204865055] [publish_wind_direction]: Publishing: "id142:W"
[publish_wind_direction-2] [INFO] [1749050448.444687028] [publish_wind_direction]: ***Cam angle= -999.0, vico ang deg= 0.0 Ground Truth= 81.0
[publish_wind_direction-2] [INFO] [1749050448.447060670] [publish_wind_direction]: ***Corrected Wind Direction= W
[publish_wind_direction-2] [INFO] [1749050449.204837145] [publish_wind_direction]: Publishing: "id142:W"
[publish_wind_direction-2] [INFO] [1749050453.262957051] [publish_wind_direction]: ***Cam angle= 17.3639460205154, vico ang deg= 0.0 Ground Truth= 17.3639460205154
[publish_wind_direction-2] [INFO] [1749050453.265558083] [publish_wind_direction]: ***Corrected Wind Direction= N
[publish_wind_direction-2] [INFO] [1749050454.204882734] [publish_wind_direction]: Publishing: "id142:W"
[publish_wind_direction-2] [INFO] [1749050458.043120193] [publish_wind_direction]: ***Cam angle= -999.0, vico ang deg= 0.0 Ground Truth= 81.0
[publish_wind_direction-2] [INFO] [1749050458.045774556] [publish_wind_direction]: ***Corrected Wind Direction= W
[publish_wind_direction-2] [INFO] [1749050459.204968312] [publish_wind_direction]: Publishing: "id142:W"
[publish_wind_direction-2] [INFO] [1749050463.183001517] [publish_wind_direction]: ***Cam angle= -999.0, vico ang deg= 0.0 Ground Truth= 81.0
[publish_wind_direction-2] [INFO] [1749050463.185501544] [publish_wind_direction]: ***Corrected Wind Direction= W
[publish_wind_direction-2] [INFO] [1749050464.204837585] [publish_wind_direction]: Publishing: "id142:W"
[publish_wind_direction-2] [INFO] [1749050468.027897059] [publish_wind_direction]: ***Cam angle= -34.63524337070837, vico ang deg= 0.0 Ground Truth= 325.3647566292916
[publish_wind_direction-2] [INFO] [1749050468.030313584] [publish_wind_direction]: ***Corrected Wind Direction= N
[publish_wind_direction-2] [INFO] [1749050469.204854624] [publish_wind_direction]: Publishing: "id142:W"
[publish_wind_direction-2] [INFO] [1749050472.957321686] [publish_wind_direction]: ***Cam angle= -56.15136436122958, vico ang deg= 0.0 Ground Truth= 303.8486356387704
[publish_wind_direction-2] [INFO] [1749050472.959764043] [publish_wind_direction]: ***Corrected Wind Direction= E
[publish_wind_direction-2] [INFO] [1749050474.204845958] [publish_wind_direction]: Publishing: "id142:W"
[publish_wind_direction-2] [INFO] [1749050477.991708710] [publish_wind_direction]: ***Cam angle= -55.640088635952495, vico ang deg= 0.0 Ground Truth= 304.3599113640475
[publish_wind_direction-2] [INFO] [1749050477.995179872] [publish_wind_direction]: ***Corrected Wind Direction= E
[publish_wind_direction-2] [INFO] [1749050479.204868428] [publish_wind_direction]: Publishing: "id142:W"
[publish_wind_direction-2] [INFO] [1749050483.207173155] [publish_wind_direction]: ***Cam angle= 61.18648524560581, vico ang deg= 0.0 Ground Truth= 61.18648524560581
[publish_wind_direction-2] [INFO] [1749050483.210136997] [publish_wind_direction]: ***Corrected Wind Direction= W
[publish_wind_direction-2] [INFO] [1749050484.204805357] [publish_wind_direction]: Publishing: "id142:W"
[publish_wind_direction-2] [INFO] [1749050487.896959971] [publish_wind_direction]: ***Cam angle= -19.076913998883242, vico ang deg= 0.0 Ground Truth= 340.92308600111676
[publish_wind_direction-2] [INFO] [1749050487.899329714] [publish_wind_direction]: ***Corrected Wind Direction= N
[publish_wind_direction-2] [INFO] [1749050489.204893455] [publish_wind_direction]: Publishing: "id142:W"
[publish_wind_direction-2] [INFO] [1749050493.225139251] [publish_wind_direction]: ***Cam angle= 27.9674159740769, vico ang deg= 0.0 Ground Truth= 27.9674159740769
[publish_wind_direction-2] [INFO] [1749050493.227535789] [publish_wind_direction]: ***Corrected Wind Direction= N
[publish_wind_direction-2] [INFO] [1749050494.204827015] [publish_wind_direction]: Publishing: "id142:W"
[publish_wind_direction-2] [INFO] [1749050497.879487303] [publish_wind_direction]: ***Cam angle= 21.493341446823052, vico ang deg= 0.0 Ground Truth= 21.493341446823052
[publish_wind_direction-2] [INFO] [1749050497.881907509] [publish_wind_direction]: ***Corrected Wind Direction= N
[publish_wind_direction-2] [INFO] [1749050499.204819544] [publish_wind_direction]: Publishing: "id142:W"
[publish_wind_direction-2] [INFO] [1749050503.412251887] [publish_wind_direction]: ***Cam angle= 36.880886435652144, vico ang deg= 0.0 Ground Truth= 36.880886435652144
[publish_wind_direction-2] [INFO] [1749050503.414660666] [publish_wind_direction]: ***Corrected Wind Direction= N
[publish_wind_direction-2] [INFO] [1749050504.204826279] [publish_wind_direction]: Publishing: "id142:W"
[publish_wind_direction-2] [INFO] [1749050507.993884501] [publish_wind_direction]: ***Cam angle= -36.20304956755119, vico ang deg= 0.0 Ground Truth= 323.7969504324488
[publish_wind_direction-2] [INFO] [1749050507.996323798] [publish_wind_direction]: ***Corrected Wind Direction= N
[publish_wind_direction-2] [INFO] [1749050509.204836042] [publish_wind_direction]: Publishing: "id142:W"
[publish_wind_direction-2] [INFO] [1749050513.446044934] [publish_wind_direction]: ***Cam angle= -18.057596350484914, vico ang deg= 0.0 Ground Truth= 341.9424036495151
[publish_wind_direction-2] [INFO] [1749050513.449499924] [publish_wind_direction]: ***Corrected Wind Direction= N
[publish_wind_direction-2] [INFO] [1749050514.204519690] [publish_wind_direction]: Publishing: "id142:W"
[publish_wind_direction-2] [INFO] [1749050518.021130105] [publish_wind_direction]: ***Cam angle= -17.490923961640874, vico ang deg= 0.0 Ground Truth= 342.5090760383591
[publish_wind_direction-2] [INFO] [1749050518.023528031] [publish_wind_direction]: ***Corrected Wind Direction= N
[publish_wind_direction-2] [INFO] [1749050519.204858979] [publish_wind_direction]: Publishing: "id142:W"
[publish_wind_direction-2] [INFO] [1749050523.541225553] [publish_wind_direction]: ***Cam angle= 40.478715085071485, vico ang deg= 0.0 Ground Truth= 40.478715085071485
[publish_wind_direction-2] [INFO] [1749050523.544658431] [publish_wind_direction]: ***Corrected Wind Direction= N
[publish_wind_direction-2] [INFO] [1749050524.204680006] [publish_wind_direction]: Publishing: "id142:W"
[publish_wind_direction-2] [INFO] [1749050528.272103070] [publish_wind_direction]: ***Cam angle= -999.0, vico ang deg= 0.0 Ground Truth= 81.0
[publish_wind_direction-2] [INFO] [1749050528.274471977] [publish_wind_direction]: ***Corrected Wind Direction= W
[publish_wind_direction-2] [INFO] [1749050529.204920905] [publish_wind_direction]: Publishing: "id142:W"
[publish_wind_direction-2] [INFO] [1749050533.432859571] [publish_wind_direction]: ***Cam angle= -999.0, vico ang deg= 0.0 Ground Truth= 81.0
[publish_wind_direction-2] [INFO] [1749050533.435272718] [publish_wind_direction]: ***Corrected Wind Direction= W
[publish_wind_direction-2] [INFO] [1749050534.204869328] [publish_wind_direction]: Publishing: "id142:W"
[publish_wind_direction-2] [INFO] [1749050537.979701429] [publish_wind_direction]: ***Cam angle= -999.0, vico ang deg= 0.0 Ground Truth= 81.0
[publish_wind_direction-2] [INFO] [1749050537.982098632] [publish_wind_direction]: ***Corrected Wind Direction= W
[publish_wind_direction-2] [INFO] [1749050539.204905459] [publish_wind_direction]: Publishing: "id142:W"
[publish_wind_direction-2] [INFO] [1749050543.390140392] [publish_wind_direction]: ***Cam angle= 34.269251030231246, vico ang deg= 0.0 Ground Truth= 34.269251030231246
[publish_wind_direction-2] [INFO] [1749050543.393539732] [publish_wind_direction]: ***Corrected Wind Direction= N
[publish_wind_direction-2] [INFO] [1749050544.204749065] [publish_wind_direction]: Publishing: "id142:W"
[publish_wind_direction-2] [INFO] [1749050548.393316238] [publish_wind_direction]: ***Cam angle= 27.346304549206707, vico ang deg= 0.0 Ground Truth= 27.346304549206707
[publish_wind_direction-2] [INFO] [1749050548.395796108] [publish_wind_direction]: ***Corrected Wind Direction= N
[publish_wind_direction-2] [INFO] [1749050549.204732093] [publish_wind_direction]: Publishing: "id142:W"
[publish_wind_direction-2] [INFO] [1749050552.903824487] [publish_wind_direction]: ***Cam angle= -999.0, vico ang deg= 0.0 Ground Truth= 81.0
[publish_wind_direction-2] [INFO] [1749050552.906345061] [publish_wind_direction]: ***Corrected Wind Direction= W
[publish_wind_direction-2] [INFO] [1749050554.204823949] [publish_wind_direction]: Publishing: "id142:W"
[publish_wind_direction-2] [INFO] [1749050557.926492974] [publish_wind_direction]: ***Cam angle= -34.47329358975668, vico ang deg= 0.0 Ground Truth= 325.5267064102433
[publish_wind_direction-2] [INFO] [1749050557.928933344] [publish_wind_direction]: ***Corrected Wind Direction= N
[publish_wind_direction-2] [INFO] [1749050559.204849306] [publish_wind_direction]: Publishing: "id142:W"
[publish_wind_direction-2] [INFO] [1749050563.235946087] [publish_wind_direction]: ***Cam angle= 34.88706663292743, vico ang deg= 0.0 Ground Truth= 34.88706663292743
[publish_wind_direction-2] [INFO] [1749050563.238415976] [publish_wind_direction]: ***Corrected Wind Direction= N
[publish_wind_direction-2] [INFO] [1749050564.204799299] [publish_wind_direction]: Publishing: "id142:W"
[publish_wind_direction-2] [INFO] [1749050568.249552396] [publish_wind_direction]: ***Cam angle= -254.82017376552236, vico ang deg= 0.0 Ground Truth= 105.17982623447764
[publish_wind_direction-2] [INFO] [1749050568.252019544] [publish_wind_direction]: ***Corrected Wind Direction= W
[publish_wind_direction-2] [INFO] [1749050569.204858045] [publish_wind_direction]: Publishing: "id142:W"
[publish_wind_direction-2] [INFO] [1749050573.163702515] [publish_wind_direction]: ***Cam angle= 30.194730841479156, vico ang deg= 0.0 Ground Truth= 30.194730841479156
[publish_wind_direction-2] [INFO] [1749050573.166106588] [publish_wind_direction]: ***Corrected Wind Direction= N
[publish_wind_direction-2] [INFO] [1749050574.204826613] [publish_wind_direction]: Publishing: "id142:W"
[publish_wind_direction-2] [INFO] [1749050577.958223969] [publish_wind_direction]: ***Cam angle= -11.237393764063185, vico ang deg= 0.0 Ground Truth= 348.7626062359368
[publish_wind_direction-2] [INFO] [1749050577.960676560] [publish_wind_direction]: ***Corrected Wind Direction= N
[publish_wind_direction-2] [INFO] [1749050579.204668834] [publish_wind_direction]: Publishing: "id142:W"
[publish_wind_direction-2] [INFO] [1749050582.918713796] [publish_wind_direction]: ***Cam angle= -66.7642494236224, vico ang deg= 0.0 Ground Truth= 293.2357505763776
[publish_wind_direction-2] [INFO] [1749050582.921192999] [publish_wind_direction]: ***Corrected Wind Direction= E
[publish_wind_direction-2] [INFO] [1749050584.204675130] [publish_wind_direction]: Publishing: "id142:W"
[publish_wind_direction-2] [INFO] [1749050587.993423558] [publish_wind_direction]: ***Cam angle= -22.134068295718592, vico ang deg= 0.0 Ground Truth= 337.8659317042814
[publish_wind_direction-2] [INFO] [1749050587.995861816] [publish_wind_direction]: ***Corrected Wind Direction= N
[publish_wind_direction-2] [INFO] [1749050589.204918141] [publish_wind_direction]: Publishing: "id142:W"
[publish_wind_direction-2] [INFO] [1749050593.223534091] [publish_wind_direction]: ***Cam angle= 35.14463918078344, vico ang deg= 0.0 Ground Truth= 35.14463918078344
[publish_wind_direction-2] [INFO] [1749050593.225923256] [publish_wind_direction]: ***Corrected Wind Direction= N
[publish_wind_direction-2] [INFO] [1749050594.204930412] [publish_wind_direction]: Publishing: "id142:W"
[publish_wind_direction-2] [INFO] [1749050598.279800539] [publish_wind_direction]: ***Cam angle= -263.3735964089696, vico ang deg= 0.0 Ground Truth= 96.6264035910304
[publish_wind_direction-2] [INFO] [1749050598.282067018] [publish_wind_direction]: ***Corrected Wind Direction= W
[publish_wind_direction-2] [INFO] [1749050599.204766543] [publish_wind_direction]: Publishing: "id142:W"
[publish_wind_direction-2] [INFO] [1749050603.216985470] [publish_wind_direction]: ***Cam angle= 27.01201916247537, vico ang deg= 0.0 Ground Truth= 27.01201916247537
[publish_wind_direction-2] [INFO] [1749050603.219353802] [publish_wind_direction]: ***Corrected Wind Direction= N
[publish_wind_direction-2] [INFO] [1749050604.204876803] [publish_wind_direction]: Publishing: "id142:W"
[publish_wind_direction-2] [INFO] [1749050607.976405364] [publish_wind_direction]: ***Cam angle= 15.44577611413834, vico ang deg= 0.0 Ground Truth= 15.44577611413834
[publish_wind_direction-2] [INFO] [1749050607.979831055] [publish_wind_direction]: ***Corrected Wind Direction= N
[publish_wind_direction-2] [INFO] [1749050609.204871177] [publish_wind_direction]: Publishing: "id142:W"
[publish_wind_direction-2] [INFO] [1749050613.326449921] [publish_wind_direction]: ***Cam angle= 28.221736564931433, vico ang deg= 0.0 Ground Truth= 28.221736564931433
[publish_wind_direction-2] [INFO] [1749050613.329868019] [publish_wind_direction]: ***Corrected Wind Direction= N
[publish_wind_direction-2] [INFO] [1749050614.204904337] [publish_wind_direction]: Publishing: "id142:W"
[publish_wind_direction-2] [INFO] [1749050618.064732798] [publish_wind_direction]: ***Cam angle= -999.0, vico ang deg= 0.0 Ground Truth= 81.0
[publish_wind_direction-2] [INFO] [1749050618.067224223] [publish_wind_direction]: ***Corrected Wind Direction= W
[publish_wind_direction-2] [INFO] [1749050619.204781916] [publish_wind_direction]: Publishing: "id142:W"
[publish_wind_direction-2] [INFO] [1749050623.380695711] [publish_wind_direction]: ***Cam angle= -224.89804756331174, vico ang deg= 0.0 Ground Truth= 135.10195243668826
[publish_wind_direction-2] [INFO] [1749050623.383098172] [publish_wind_direction]: ***Corrected Wind Direction= S
[publish_wind_direction-2] [INFO] [1749050624.204664678] [publish_wind_direction]: Publishing: "id142:W"
[publish_wind_direction-2] [INFO] [1749050628.386893336] [publish_wind_direction]: ***Cam angle= -269.25662556105067, vico ang deg= 0.0 Ground Truth= 90.74337443894933
[publish_wind_direction-2] [INFO] [1749050628.389390946] [publish_wind_direction]: ***Corrected Wind Direction= W
[publish_wind_direction-2] [INFO] [1749050629.204798479] [publish_wind_direction]: Publishing: "id142:W"
[publish_wind_direction-2] [INFO] [1749050633.036141770] [publish_wind_direction]: ***Cam angle= 2.386345427641004, vico ang deg= 0.0 Ground Truth= 2.386345427641004
[publish_wind_direction-2] [INFO] [1749050633.038527639] [publish_wind_direction]: ***Corrected Wind Direction= N
[publish_wind_direction-2] [INFO] [1749050634.204822135] [publish_wind_direction]: Publishing: "id142:W"
[publish_wind_direction-2] [INFO] [1749050637.985587391] [publish_wind_direction]: ***Cam angle= -33.87276457108039, vico ang deg= 0.0 Ground Truth= 326.1272354289196
[publish_wind_direction-2] [INFO] [1749050637.988009964] [publish_wind_direction]: ***Corrected Wind Direction= N
[publish_wind_direction-2] [INFO] [1749050639.204839685] [publish_wind_direction]: Publishing: "id142:W"
[publish_wind_direction-2] [INFO] [1749050643.414484763] [publish_wind_direction]: ***Cam angle= -7.887350015102712, vico ang deg= 0.0 Ground Truth= 352.1126499848973
[publish_wind_direction-2] [INFO] [1749050643.416975743] [publish_wind_direction]: ***Corrected Wind Direction= N
[publish_wind_direction-2] [INFO] [1749050644.204813020] [publish_wind_direction]: Publishing: "id142:W"
[publish_wind_direction-2] [INFO] [1749050648.425052553] [publish_wind_direction]: ***Cam angle= 10.702462712928977, vico ang deg= 0.0 Ground Truth= 10.702462712928977
[publish_wind_direction-2] [INFO] [1749050648.428562486] [publish_wind_direction]: ***Corrected Wind Direction= N
[publish_wind_direction-2] [INFO] [1749050649.204848957] [publish_wind_direction]: Publishing: "id142:W"
[publish_wind_direction-2] [INFO] [1749050653.389779641] [publish_wind_direction]: ***Cam angle= -54.237743000229194, vico ang deg= 0.0 Ground Truth= 305.7622569997708
[publish_wind_direction-2] [INFO] [1749050653.393210499] [publish_wind_direction]: ***Corrected Wind Direction= E
[publish_wind_direction-2] [INFO] [1749050654.204970627] [publish_wind_direction]: Publishing: "id142:W"
[publish_wind_direction-2] [INFO] [1749050658.390394069] [publish_wind_direction]: ***Cam angle= -999.0, vico ang deg= 0.0 Ground Truth= 81.0
[publish_wind_direction-2] [INFO] [1749050658.392964661] [publish_wind_direction]: ***Corrected Wind Direction= W
[publish_wind_direction-2] [INFO] [1749050659.204821937] [publish_wind_direction]: Publishing: "id142:W"
[publish_wind_direction-2] [INFO] [1749050663.089894454] [publish_wind_direction]: ***Cam angle= -10.719590307969, vico ang deg= 0.0 Ground Truth= 349.280409692031
[publish_wind_direction-2] [INFO] [1749050663.093354497] [publish_wind_direction]: ***Corrected Wind Direction= N
[publish_wind_direction-2] [INFO] [1749050664.204816112] [publish_wind_direction]: Publishing: "id142:W"
[publish_wind_direction-2] [INFO] [1749050668.393848052] [publish_wind_direction]: ***Cam angle= 21.091841777772643, vico ang deg= 0.0 Ground Truth= 21.091841777772643
[publish_wind_direction-2] [INFO] [1749050668.396306458] [publish_wind_direction]: ***Corrected Wind Direction= N
[publish_wind_direction-2] [INFO] [1749050669.204975339] [publish_wind_direction]: Publishing: "id142:W"
[publish_wind_direction-2] [INFO] [1749050673.007254227] [publish_wind_direction]: ***Cam angle= 6.635750430295147, vico ang deg= 0.0 Ground Truth= 6.635750430295147
[publish_wind_direction-2] [INFO] [1749050673.010702140] [publish_wind_direction]: ***Corrected Wind Direction= N
[publish_wind_direction-2] [INFO] [1749050674.204834949] [publish_wind_direction]: Publishing: "id142:W"
[publish_wind_direction-2] [INFO] [1749050678.397354184] [publish_wind_direction]: ***Cam angle= -59.15697246179958, vico ang deg= 0.0 Ground Truth= 300.84302753820043
[publish_wind_direction-2] [INFO] [1749050678.399777942] [publish_wind_direction]: ***Corrected Wind Direction= E
[publish_wind_direction-2] [INFO] [1749050679.204838037] [publish_wind_direction]: Publishing: "id142:W"
[publish_wind_direction-2] [INFO] [1749050683.359172592] [publish_wind_direction]: ***Cam angle= -165.86408777325397, vico ang deg= 0.0 Ground Truth= 194.13591222674603
[publish_wind_direction-2] [INFO] [1749050683.361590313] [publish_wind_direction]: ***Corrected Wind Direction= S
[publish_wind_direction-2] [INFO] [1749050684.204264526] [publish_wind_direction]: Raising exception
[publish_wind_direction-2] [INFO] [1749050684.207199120] [publish_wind_direction]: Publisher stopping, exception
[INFO] [publish_wind_direction-2]: process has finished cleanly [pid 843]
[random_robot_move-1] [INFO] [1749050689.606531820] [random_robot_move]: Exception, shutting down
