[INFO] [launch]: All log files can be found below /home/thymio/.ros/log/2025-06-06-15-23-16-915370-thymio-817
[INFO] [launch]: Default logging verbosity is set to INFO
[INFO] [random_robot_move-1]: process started with pid [847]
[INFO] [publish_wind_direction-2]: process started with pid [849]
[publish_wind_direction-2] /usr/lib/python3/dist-packages/scipy/__init__.py:146: UserWarning: A NumPy version >=1.17.3 and <1.25.0 is required for this version of SciPy (detected version 1.26.4
[publish_wind_direction-2]   warnings.warn(f"A NumPy version >={np_minversion} and <{np_maxversion}"
[publish_wind_direction-2] [INFO] [1749223400.881804053] [publish_wind_direction]: Physical Ip=134.34.225.194, id=id194
[publish_wind_direction-2] [INFO] [1749223400.920925720] [publish_wind_direction]: Subscribed to: vicon/default/data
[random_robot_move-1] [INFO] [1749223403.834308051] [random_robot_move]: Robot Control Node started.
[publish_wind_direction-2] [INFO] [1749223405.909537224] [publish_wind_direction]: Publishing: "id194:N"
[publish_wind_direction-2] [INFO] [1749223410.909460390] [publish_wind_direction]: Publishing: "id194:N"
[publish_wind_direction-2] [INFO] [1749223415.909049097] [publish_wind_direction]: Publishing: "id194:N"
[publish_wind_direction-2] [INFO] [1749223420.909248599] [publish_wind_direction]: Publishing: "id194:N"
[publish_wind_direction-2] [INFO] [1749223425.909303330] [publish_wind_direction]: Publishing: "id194:N"
[publish_wind_direction-2] [INFO] [1749223430.909543498] [publish_wind_direction]: Publishing: "id194:N"
[publish_wind_direction-2] [INFO] [1749223435.909343903] [publish_wind_direction]: Publishing: "id194:N"
[publish_wind_direction-2] [INFO] [1749223440.909240454] [publish_wind_direction]: Publishing: "id194:N"
[publish_wind_direction-2] [INFO] [1749223445.909171318] [publish_wind_direction]: Publishing: "id194:N"
[publish_wind_direction-2] [INFO] [1749223450.909351737] [publish_wind_direction]: Publishing: "id194:N"
[publish_wind_direction-2] [INFO] [1749223455.909238802] [publish_wind_direction]: Publishing: "id194:N"
[publish_wind_direction-2] [INFO] [1749223460.909338042] [publish_wind_direction]: Publishing: "id194:N"
[publish_wind_direction-2] [INFO] [1749223465.909615905] [publish_wind_direction]: Publishing: "id194:N"
[publish_wind_direction-2] [INFO] [1749223470.909972297] [publish_wind_direction]: Publishing: "id194:N"
[publish_wind_direction-2] [INFO] [1749223475.909838050] [publish_wind_direction]: Publishing: "id194:N"
[publish_wind_direction-2] [INFO] [1749223480.910048502] [publish_wind_direction]: Publishing: "id194:N"
[publish_wind_direction-2] [INFO] [1749223485.910029353] [publish_wind_direction]: Publishing: "id194:N"
[publish_wind_direction-2] [INFO] [1749223490.910282966] [publish_wind_direction]: Publishing: "id194:N"
[publish_wind_direction-2] [INFO] [1749223495.910212171] [publish_wind_direction]: Publishing: "id194:N"
[publish_wind_direction-2] [INFO] [1749223500.910250017] [publish_wind_direction]: Publishing: "id194:N"
[publish_wind_direction-2] [INFO] [1749223505.910288277] [publish_wind_direction]: Publishing: "id194:N"
[publish_wind_direction-2] [INFO] [1749223510.910239170] [publish_wind_direction]: Publishing: "id194:N"
[publish_wind_direction-2] [INFO] [1749223515.910259485] [publish_wind_direction]: Publishing: "id194:N"
[publish_wind_direction-2] [INFO] [1749223520.910267847] [publish_wind_direction]: Publishing: "id194:N"
[publish_wind_direction-2] [INFO] [1749223525.910170200] [publish_wind_direction]: Publishing: "id194:N"
[publish_wind_direction-2] [INFO] [1749223530.910285285] [publish_wind_direction]: Publishing: "id194:N"
[publish_wind_direction-2] [INFO] [1749223535.910205327] [publish_wind_direction]: Publishing: "id194:N"
[publish_wind_direction-2] [INFO] [1749223540.910774153] [publish_wind_direction]: Publishing: "id194:N"
[publish_wind_direction-2] [INFO] [1749223545.911480216] [publish_wind_direction]: Publishing: "id194:N"
[publish_wind_direction-2] [INFO] [1749223550.910269628] [publish_wind_direction]: Publishing: "id194:N"
[publish_wind_direction-2] [INFO] [1749223555.910214970] [publish_wind_direction]: Publishing: "id194:N"
[publish_wind_direction-2] [INFO] [1749223560.910384268] [publish_wind_direction]: Publishing: "id194:N"
[publish_wind_direction-2] [INFO] [1749223565.910081630] [publish_wind_direction]: Publishing: "id194:N"
[publish_wind_direction-2] [INFO] [1749223570.910070488] [publish_wind_direction]: Publishing: "id194:N"
[publish_wind_direction-2] [INFO] [1749223575.909834306] [publish_wind_direction]: Publishing: "id194:N"
[publish_wind_direction-2] [INFO] [1749223580.910041882] [publish_wind_direction]: Publishing: "id194:N"
[publish_wind_direction-2] [INFO] [1749223585.910233791] [publish_wind_direction]: Publishing: "id194:N"
[publish_wind_direction-2] [INFO] [1749223590.910222798] [publish_wind_direction]: Publishing: "id194:N"
[publish_wind_direction-2] [INFO] [1749223595.910170912] [publish_wind_direction]: Publishing: "id194:N"
[publish_wind_direction-2] [INFO] [1749223598.590264973] [publish_wind_direction]: * Received from id1193, wind direction N
[publish_wind_direction-2] [INFO] [1749223598.593186415] [publish_wind_direction]: Publisher, neighbours_by_id=set()
[publish_wind_direction-2] [INFO] [1749223603.145020508] [publish_wind_direction]: ***Cam angle= 33.300474635670426, vico ang deg= 0.0 Ground Truth= 33.300474635670426
[publish_wind_direction-2] [INFO] [1749223603.147421837] [publish_wind_direction]: Publisher, Neighbourhood size: 0
[publish_wind_direction-2] [INFO] [1749223603.152071606] [publish_wind_direction]: Publishing: "id194:N"
[publish_wind_direction-2] [INFO] [1749223605.910034637] [publish_wind_direction]: Publishing: "id194:N"
[publish_wind_direction-2] [INFO] [1749223610.910084373] [publish_wind_direction]: Publishing: "id194:N"
[publish_wind_direction-2] [INFO] [1749223615.910137685] [publish_wind_direction]: Publishing: "id194:N"
[publish_wind_direction-2] [INFO] [1749223620.910192812] [publish_wind_direction]: Publishing: "id194:N"
[publish_wind_direction-2] [INFO] [1749223625.910042077] [publish_wind_direction]: Publishing: "id194:N"
[publish_wind_direction-2] [INFO] [1749223630.910087959] [publish_wind_direction]: Publishing: "id194:N"
[publish_wind_direction-2] [INFO] [1749223635.910080851] [publish_wind_direction]: Publishing: "id194:N"
[publish_wind_direction-2] [INFO] [1749223640.910134014] [publish_wind_direction]: Publishing: "id194:N"
[publish_wind_direction-2] [INFO] [1749223645.910204778] [publish_wind_direction]: Publishing: "id194:N"
[publish_wind_direction-2] [INFO] [1749223647.133498878] [publish_wind_direction]: * Received from id151, wind direction N
[publish_wind_direction-2] [INFO] [1749223647.136568950] [publish_wind_direction]: Publisher, neighbours_by_id=set()
[publish_wind_direction-2] [INFO] [1749223650.850098859] [publish_wind_direction]: ***Cam angle= -45.8174215361066, vico ang deg= 0.0 Ground Truth= 314.1825784638934
[publish_wind_direction-2] [INFO] [1749223650.852636701] [publish_wind_direction]: Publisher, Neighbourhood size: 0
[publish_wind_direction-2] [INFO] [1749223650.910210659] [publish_wind_direction]: Publishing: "id194:N"
[publish_wind_direction-2] [INFO] [1749223655.910919094] [publish_wind_direction]: Publishing: "id194:N"
[publish_wind_direction-2] [INFO] [1749223660.910250711] [publish_wind_direction]: Publishing: "id194:N"
[publish_wind_direction-2] [INFO] [1749223665.910329720] [publish_wind_direction]: Publishing: "id194:N"
[publish_wind_direction-2] [INFO] [1749223670.910437318] [publish_wind_direction]: Publishing: "id194:N"
[publish_wind_direction-2] [INFO] [1749223675.910286527] [publish_wind_direction]: Publishing: "id194:N"
[publish_wind_direction-2] [INFO] [1749223678.127788723] [publish_wind_direction]: * Received from id1193, wind direction N
[publish_wind_direction-2] [INFO] [1749223678.130667773] [publish_wind_direction]: Publisher, neighbours_by_id=set()
[publish_wind_direction-2] [INFO] [1749223681.867686068] [publish_wind_direction]: ***Cam angle= -102.34946297502924, vico ang deg= 0.0 Ground Truth= 257.65053702497073
[publish_wind_direction-2] [INFO] [1749223681.870157211] [publish_wind_direction]: Publisher, Neighbourhood size: 0
[publish_wind_direction-2] [INFO] [1749223681.874819467] [publish_wind_direction]: Publishing: "id194:N"
[publish_wind_direction-2] [INFO] [1749223681.877753136] [publish_wind_direction]: * Received from id151, wind direction N
[publish_wind_direction-2] [INFO] [1749223681.880401238] [publish_wind_direction]: Publisher, neighbours_by_id=set()
[publish_wind_direction-2] [INFO] [1749223686.044938574] [publish_wind_direction]: ***Cam angle= 14.218842869524323, vico ang deg= 0.0 Ground Truth= 14.218842869524323
[publish_wind_direction-2] [INFO] [1749223686.047402417] [publish_wind_direction]: Publisher, Neighbourhood size: 0
[publish_wind_direction-2] [INFO] [1749223686.052115735] [publish_wind_direction]: Publishing: "id194:N"
[publish_wind_direction-2] [INFO] [1749223690.910088968] [publish_wind_direction]: Publishing: "id194:N"
[publish_wind_direction-2] [INFO] [1749223695.910193546] [publish_wind_direction]: Publishing: "id194:N"
[publish_wind_direction-2] [INFO] [1749223700.910304941] [publish_wind_direction]: Publishing: "id194:N"
[publish_wind_direction-2] [INFO] [1749223705.910142886] [publish_wind_direction]: Publishing: "id194:N"
[publish_wind_direction-2] [INFO] [1749223710.910005565] [publish_wind_direction]: Publishing: "id194:N"
[publish_wind_direction-2] [INFO] [1749223715.910078682] [publish_wind_direction]: Publishing: "id194:N"
[publish_wind_direction-2] [INFO] [1749223720.910042023] [publish_wind_direction]: Publishing: "id194:N"
[publish_wind_direction-2] [INFO] [1749223725.910098947] [publish_wind_direction]: Publishing: "id194:N"
[publish_wind_direction-2] [INFO] [1749223730.910112590] [publish_wind_direction]: Publishing: "id194:N"
[publish_wind_direction-2] [INFO] [1749223735.910052438] [publish_wind_direction]: Publishing: "id194:N"
[publish_wind_direction-2] [INFO] [1749223739.404557519] [publish_wind_direction]: * Received from id151, wind direction W
[publish_wind_direction-2] [INFO] [1749223739.407192280] [publish_wind_direction]: Publisher, neighbours_by_id=set()
[publish_wind_direction-2] [INFO] [1749223743.182781110] [publish_wind_direction]: ***Cam angle= -234.02665252337587, vico ang deg= 0.0 Ground Truth= 125.97334747662413
[publish_wind_direction-2] [INFO] [1749223743.185152017] [publish_wind_direction]: Publisher, Neighbourhood size: 0
[publish_wind_direction-2] [INFO] [1749223743.189782535] [publish_wind_direction]: Publishing: "id194:N"
[publish_wind_direction-2] [INFO] [1749223745.910140866] [publish_wind_direction]: Publishing: "id194:N"
[publish_wind_direction-2] [INFO] [1749223750.910092997] [publish_wind_direction]: Publishing: "id194:N"
[publish_wind_direction-2] [INFO] [1749223755.910108067] [publish_wind_direction]: Publishing: "id194:N"
[publish_wind_direction-2] [INFO] [1749223760.910210699] [publish_wind_direction]: Publishing: "id194:N"
[publish_wind_direction-2] [INFO] [1749223765.910614353] [publish_wind_direction]: Publishing: "id194:N"
[publish_wind_direction-2] [INFO] [1749223770.910331533] [publish_wind_direction]: Publishing: "id194:N"
[publish_wind_direction-2] [INFO] [1749223775.910138777] [publish_wind_direction]: Publishing: "id194:N"
[publish_wind_direction-2] [INFO] [1749223780.910311592] [publish_wind_direction]: Publishing: "id194:N"
[publish_wind_direction-2] [INFO] [1749223785.910214977] [publish_wind_direction]: Publishing: "id194:N"
[publish_wind_direction-2] [INFO] [1749223790.910212316] [publish_wind_direction]: Publishing: "id194:N"
[publish_wind_direction-2] [INFO] [1749223795.910755798] [publish_wind_direction]: Publishing: "id194:N"
[publish_wind_direction-2] [INFO] [1749223796.917127973] [publish_wind_direction]: * Received from id1193, wind direction N
[publish_wind_direction-2] [INFO] [1749223796.920134346] [publish_wind_direction]: Publisher, neighbours_by_id=set()
[publish_wind_direction-2] [INFO] [1749223800.632310041] [publish_wind_direction]: ***Cam angle= -84.06676304213866, vico ang deg= 0.0 Ground Truth= 275.93323695786137
[publish_wind_direction-2] [INFO] [1749223800.634629051] [publish_wind_direction]: Publisher, Neighbourhood size: 0
[publish_wind_direction-2] [INFO] [1749223800.910322218] [publish_wind_direction]: Publishing: "id194:N"
[publish_wind_direction-2] [INFO] [1749223805.910310793] [publish_wind_direction]: Publishing: "id194:N"
[publish_wind_direction-2] [INFO] [1749223810.910148812] [publish_wind_direction]: Publishing: "id194:N"
[publish_wind_direction-2] [INFO] [1749223815.910183503] [publish_wind_direction]: Publishing: "id194:N"
[publish_wind_direction-2] [INFO] [1749223820.910223289] [publish_wind_direction]: Publishing: "id194:N"
[publish_wind_direction-2] [INFO] [1749223825.910210382] [publish_wind_direction]: Publishing: "id194:N"
[publish_wind_direction-2] [INFO] [1749223830.910238495] [publish_wind_direction]: Publishing: "id194:N"
[publish_wind_direction-2] [INFO] [1749223835.910235149] [publish_wind_direction]: Publishing: "id194:N"
[publish_wind_direction-2] [INFO] [1749223840.910256462] [publish_wind_direction]: Publishing: "id194:N"
[publish_wind_direction-2] [INFO] [1749223845.910237553] [publish_wind_direction]: Publishing: "id194:N"
[publish_wind_direction-2] [INFO] [1749223850.910115295] [publish_wind_direction]: Publishing: "id194:N"
[publish_wind_direction-2] [INFO] [1749223855.910332373] [publish_wind_direction]: Publishing: "id194:N"
[publish_wind_direction-2] [INFO] [1749223856.883578215] [publish_wind_direction]: * Received from id1193, wind direction S
[publish_wind_direction-2] [INFO] [1749223856.886441924] [publish_wind_direction]: Publisher, neighbours_by_id=set()
[publish_wind_direction-2] [INFO] [1749223860.719044117] [publish_wind_direction]: ***Cam angle= -16.282486735975084, vico ang deg= 0.0 Ground Truth= 343.7175132640249
[publish_wind_direction-2] [INFO] [1749223860.722634504] [publish_wind_direction]: Publisher, Neighbourhood size: 0
[publish_wind_direction-2] [INFO] [1749223860.727810387] [publish_wind_direction]: * Received from id1193, wind direction S
[publish_wind_direction-2] [INFO] [1749223860.731266225] [publish_wind_direction]: Publisher, neighbours_by_id=set()
[publish_wind_direction-2] [INFO] [1749223864.468901921] [publish_wind_direction]: ***Cam angle= -267.758031960572, vico ang deg= 0.0 Ground Truth= 92.241968039428
[publish_wind_direction-2] [INFO] [1749223864.471480970] [publish_wind_direction]: Publisher, Neighbourhood size: 0
[publish_wind_direction-2] [INFO] [1749223864.476107689] [publish_wind_direction]: Publishing: "id194:N"
[publish_wind_direction-2] [INFO] [1749223865.910028587] [publish_wind_direction]: Publishing: "id194:N"
[publish_wind_direction-2] [INFO] [1749223870.910319424] [publish_wind_direction]: Publishing: "id194:N"
[publish_wind_direction-2] [INFO] [1749223872.008355167] [publish_wind_direction]: * Received from id151, wind direction W
[publish_wind_direction-2] [INFO] [1749223872.011182914] [publish_wind_direction]: Publisher, neighbours_by_id=set()
[publish_wind_direction-2] [INFO] [1749223876.112188019] [publish_wind_direction]: ***Cam angle= 46.82445095053285, vico ang deg= 0.0 Ground Truth= 46.82445095053285
[publish_wind_direction-2] [INFO] [1749223876.114652417] [publish_wind_direction]: Publisher, Neighbourhood size: 0
[publish_wind_direction-2] [INFO] [1749223876.119364753] [publish_wind_direction]: Publishing: "id194:N"
[publish_wind_direction-2] [INFO] [1749223876.122356508] [publish_wind_direction]: * Received from id151, wind direction W
[publish_wind_direction-2] [INFO] [1749223876.124796968] [publish_wind_direction]: Publisher, neighbours_by_id=set()
[publish_wind_direction-2] [INFO] [1749223879.892787260] [publish_wind_direction]: ***Cam angle= 10.362485607167457, vico ang deg= 0.0 Ground Truth= 10.362485607167457
[publish_wind_direction-2] [INFO] [1749223879.895222292] [publish_wind_direction]: Publisher, Neighbourhood size: 0
[publish_wind_direction-2] [INFO] [1749223880.910056251] [publish_wind_direction]: Publishing: "id194:N"
[publish_wind_direction-2] [INFO] [1749223885.910039731] [publish_wind_direction]: Publishing: "id194:N"
[publish_wind_direction-2] [INFO] [1749223890.910042239] [publish_wind_direction]: Publishing: "id194:N"
[publish_wind_direction-2] [INFO] [1749223895.910218946] [publish_wind_direction]: Publishing: "id194:N"
[publish_wind_direction-2] [INFO] [1749223900.910148084] [publish_wind_direction]: Publishing: "id194:N"
[publish_wind_direction-2] [INFO] [1749223905.910088598] [publish_wind_direction]: Publishing: "id194:N"
[publish_wind_direction-2] [INFO] [1749223910.910055681] [publish_wind_direction]: Publishing: "id194:N"
[publish_wind_direction-2] [INFO] [1749223915.910052149] [publish_wind_direction]: Publishing: "id194:N"
[publish_wind_direction-2] [INFO] [1749223920.910085135] [publish_wind_direction]: Publishing: "id194:N"
[publish_wind_direction-2] [INFO] [1749223925.910071135] [publish_wind_direction]: Publishing: "id194:N"
[publish_wind_direction-2] [INFO] [1749223928.548396600] [publish_wind_direction]: * Received from id1193, wind direction S
[publish_wind_direction-2] [INFO] [1749223928.551413145] [publish_wind_direction]: Publisher, neighbours_by_id=set()
[publish_wind_direction-2] [INFO] [1749223932.391354839] [publish_wind_direction]: ***Cam angle= -52.796898664291064, vico ang deg= 0.0 Ground Truth= 307.20310133570894
[publish_wind_direction-2] [INFO] [1749223932.393842378] [publish_wind_direction]: Publisher, Neighbourhood size: 0
[publish_wind_direction-2] [INFO] [1749223932.398506191] [publish_wind_direction]: Publishing: "id194:N"
[publish_wind_direction-2] [INFO] [1749223935.910045933] [publish_wind_direction]: Publishing: "id194:N"
[publish_wind_direction-2] [INFO] [1749223940.910040604] [publish_wind_direction]: Publishing: "id194:N"
[publish_wind_direction-2] [INFO] [1749223941.705066529] [publish_wind_direction]: * Received from id151, wind direction N
[publish_wind_direction-2] [INFO] [1749223941.707939335] [publish_wind_direction]: Publisher, neighbours_by_id=set()
[publish_wind_direction-2] [INFO] [1749223945.556649078] [publish_wind_direction]: ***Cam angle= -999.0, vico ang deg= 0.0 Ground Truth= 81.0
[publish_wind_direction-2] [INFO] [1749223945.559139007] [publish_wind_direction]: Publisher, Neighbourhood size: 0
[publish_wind_direction-2] [INFO] [1749223945.562839708] [publish_wind_direction]: * Received from id151, wind direction N
[publish_wind_direction-2] [INFO] [1749223945.565274129] [publish_wind_direction]: Publisher, neighbours_by_id=set()
[publish_wind_direction-2] [INFO] [1749223949.377654827] [publish_wind_direction]: ***Cam angle= -140.24815177166093, vico ang deg= 0.0 Ground Truth= 219.75184822833907
[publish_wind_direction-2] [INFO] [1749223949.380203527] [publish_wind_direction]: Publisher, Neighbourhood size: 0
[publish_wind_direction-2] [INFO] [1749223949.384893574] [publish_wind_direction]: Publishing: "id194:N"
[publish_wind_direction-2] [INFO] [1749223950.910090809] [publish_wind_direction]: Publishing: "id194:N"
[publish_wind_direction-2] [INFO] [1749223955.910048110] [publish_wind_direction]: Publishing: "id194:N"
[publish_wind_direction-2] [INFO] [1749223960.161017771] [publish_wind_direction]: * Received from id151, wind direction N
[publish_wind_direction-2] [INFO] [1749223960.163858227] [publish_wind_direction]: Publisher, neighbours_by_id=set()
[publish_wind_direction-2] [INFO] [1749223964.006989386] [publish_wind_direction]: ***Cam angle= -167.36373659191725, vico ang deg= 0.0 Ground Truth= 192.63626340808275
[publish_wind_direction-2] [INFO] [1749223964.009519650] [publish_wind_direction]: Publisher, Neighbourhood size: 0
[publish_wind_direction-2] [INFO] [1749223964.014137143] [publish_wind_direction]: Publishing: "id194:N"
[publish_wind_direction-2] [INFO] [1749223964.017195449] [publish_wind_direction]: * Received from id151, wind direction N
[publish_wind_direction-2] [INFO] [1749223964.019732402] [publish_wind_direction]: Publisher, neighbours_by_id=set()
[publish_wind_direction-2] [INFO] [1749223967.856166214] [publish_wind_direction]: ***Cam angle= -136.45136403278232, vico ang deg= 0.0 Ground Truth= 223.54863596721768
[publish_wind_direction-2] [INFO] [1749223967.858752673] [publish_wind_direction]: Publisher, Neighbourhood size: 0
[publish_wind_direction-2] [INFO] [1749223967.863428176] [publish_wind_direction]: Publishing: "id194:N"
[publish_wind_direction-2] [INFO] [1749223970.910095543] [publish_wind_direction]: Publishing: "id194:N"
[publish_wind_direction-2] [INFO] [1749223975.910011582] [publish_wind_direction]: Publishing: "id194:N"
[publish_wind_direction-2] [INFO] [1749223980.910074954] [publish_wind_direction]: Publishing: "id194:N"
[publish_wind_direction-2] [INFO] [1749223985.910110590] [publish_wind_direction]: Publishing: "id194:N"
[publish_wind_direction-2] [INFO] [1749223986.044465308] [publish_wind_direction]: * Received from id151, wind direction E
[publish_wind_direction-2] [INFO] [1749223986.047323217] [publish_wind_direction]: Publisher, neighbours_by_id=set()
[publish_wind_direction-2] [INFO] [1749223989.979173787] [publish_wind_direction]: ***Cam angle= 61.7533596124145, vico ang deg= 0.0 Ground Truth= 61.7533596124145
[publish_wind_direction-2] [INFO] [1749223989.982711055] [publish_wind_direction]: Publisher, Neighbourhood size: 0
[publish_wind_direction-2] [INFO] [1749223990.910885428] [publish_wind_direction]: Publishing: "id194:N"
[publish_wind_direction-2] [INFO] [1749223995.910277409] [publish_wind_direction]: Publishing: "id194:N"
[publish_wind_direction-2] [INFO] [1749224000.910261760] [publish_wind_direction]: Publishing: "id194:N"
[publish_wind_direction-2] [INFO] [1749224005.910369154] [publish_wind_direction]: Publishing: "id194:N"
[publish_wind_direction-2] [INFO] [1749224010.910296106] [publish_wind_direction]: Publishing: "id194:N"
[publish_wind_direction-2] [INFO] [1749224012.282689514] [publish_wind_direction]: * Received from id1193, wind direction N
[publish_wind_direction-2] [INFO] [1749224012.285736426] [publish_wind_direction]: Publisher, neighbours_by_id=set()
[publish_wind_direction-2] [INFO] [1749224016.596622919] [publish_wind_direction]: ***Cam angle= -177.74155051627753, vico ang deg= 0.0 Ground Truth= 182.25844948372247
[publish_wind_direction-2] [INFO] [1749224016.599091282] [publish_wind_direction]: Publisher, Neighbourhood size: 0
[publish_wind_direction-2] [INFO] [1749224016.603845547] [publish_wind_direction]: Publishing: "id194:N"
[publish_wind_direction-2] [INFO] [1749224016.606731434] [publish_wind_direction]: * Received from id1193, wind direction N
[publish_wind_direction-2] [INFO] [1749224016.609057559] [publish_wind_direction]: Publisher, neighbours_by_id=set()
[publish_wind_direction-2] [INFO] [1749224020.480215298] [publish_wind_direction]: ***Cam angle= -226.90120839752137, vico ang deg= 0.0 Ground Truth= 133.09879160247863
[publish_wind_direction-2] [INFO] [1749224020.482639084] [publish_wind_direction]: Publisher, Neighbourhood size: 0
[publish_wind_direction-2] [INFO] [1749224020.910032692] [publish_wind_direction]: Publishing: "id194:N"
[publish_wind_direction-2] [INFO] [1749224025.910250437] [publish_wind_direction]: Publishing: "id194:N"
[publish_wind_direction-2] [INFO] [1749224030.910086418] [publish_wind_direction]: Publishing: "id194:N"
[publish_wind_direction-2] [INFO] [1749224035.910217916] [publish_wind_direction]: Publishing: "id194:N"
[publish_wind_direction-2] [INFO] [1749224040.910250754] [publish_wind_direction]: Publishing: "id194:N"
[publish_wind_direction-2] [INFO] [1749224045.910274922] [publish_wind_direction]: Publishing: "id194:N"
[publish_wind_direction-2] [INFO] [1749224050.910345112] [publish_wind_direction]: Publishing: "id194:N"
[publish_wind_direction-2] [INFO] [1749224055.910151596] [publish_wind_direction]: Publishing: "id194:N"
[publish_wind_direction-2] [INFO] [1749224060.910023465] [publish_wind_direction]: Publishing: "id194:N"
[publish_wind_direction-2] [INFO] [1749224065.910025565] [publish_wind_direction]: Publishing: "id194:N"
[publish_wind_direction-2] [INFO] [1749224070.910092643] [publish_wind_direction]: Publishing: "id194:N"
[publish_wind_direction-2] [INFO] [1749224075.910143768] [publish_wind_direction]: Publishing: "id194:N"
[publish_wind_direction-2] [INFO] [1749224080.910172530] [publish_wind_direction]: Publishing: "id194:N"
[publish_wind_direction-2] [INFO] [1749224085.910247185] [publish_wind_direction]: Publishing: "id194:N"
[publish_wind_direction-2] [INFO] [1749224090.910227460] [publish_wind_direction]: Publishing: "id194:N"
[publish_wind_direction-2] [INFO] [1749224095.910182722] [publish_wind_direction]: Publishing: "id194:N"
[publish_wind_direction-2] [INFO] [1749224100.910233014] [publish_wind_direction]: Publishing: "id194:N"
[publish_wind_direction-2] [INFO] [1749224105.910245156] [publish_wind_direction]: Publishing: "id194:N"
[publish_wind_direction-2] [INFO] [1749224108.282123149] [publish_wind_direction]: * Received from id151, wind direction N
[publish_wind_direction-2] [INFO] [1749224108.285151403] [publish_wind_direction]: Publisher, neighbours_by_id=set()
[publish_wind_direction-2] [INFO] [1749224112.167545091] [publish_wind_direction]: ***Cam angle= -152.9618953486751, vico ang deg= 0.0 Ground Truth= 207.0381046513249
[publish_wind_direction-2] [INFO] [1749224112.170000484] [publish_wind_direction]: Publisher, Neighbourhood size: 0
[publish_wind_direction-2] [INFO] [1749224112.174601988] [publish_wind_direction]: Publishing: "id194:N"
[publish_wind_direction-2] [INFO] [1749224115.910022281] [publish_wind_direction]: Publishing: "id194:N"
[publish_wind_direction-2] [INFO] [1749224120.909984269] [publish_wind_direction]: Publishing: "id194:N"
[publish_wind_direction-2] [INFO] [1749224125.910014420] [publish_wind_direction]: Publishing: "id194:N"
[publish_wind_direction-2] [INFO] [1749224130.910041311] [publish_wind_direction]: Publishing: "id194:N"
[publish_wind_direction-2] [INFO] [1749224135.910319327] [publish_wind_direction]: Publishing: "id194:N"
[publish_wind_direction-2] [INFO] [1749224140.910168462] [publish_wind_direction]: Publishing: "id194:N"
[publish_wind_direction-2] [INFO] [1749224145.910172768] [publish_wind_direction]: Publishing: "id194:N"
[publish_wind_direction-2] [INFO] [1749224148.893172187] [publish_wind_direction]: * Received from id151, wind direction S
[publish_wind_direction-2] [INFO] [1749224148.895943628] [publish_wind_direction]: Publisher, neighbours_by_id=set()
[publish_wind_direction-2] [INFO] [1749224152.800716462] [publish_wind_direction]: ***Cam angle= -999.0, vico ang deg= 0.0 Ground Truth= 81.0
[publish_wind_direction-2] [INFO] [1749224152.803109843] [publish_wind_direction]: Publisher, Neighbourhood size: 0
[publish_wind_direction-2] [INFO] [1749224152.807760779] [publish_wind_direction]: Publishing: "id194:N"
[publish_wind_direction-2] [INFO] [1749224152.810578224] [publish_wind_direction]: * Received from id151, wind direction S
[publish_wind_direction-2] [INFO] [1749224152.812994339] [publish_wind_direction]: Publisher, neighbours_by_id=set()
[publish_wind_direction-2] [INFO] [1749224156.603722920] [publish_wind_direction]: ***Cam angle= 34.4558864214159, vico ang deg= 0.0 Ground Truth= 34.4558864214159
[publish_wind_direction-2] [INFO] [1749224156.606091974] [publish_wind_direction]: Publisher, Neighbourhood size: 0
[publish_wind_direction-2] [INFO] [1749224156.610765884] [publish_wind_direction]: Publishing: "id194:N"
[publish_wind_direction-2] [INFO] [1749224156.613613937] [publish_wind_direction]: * Received from id151, wind direction S
[publish_wind_direction-2] [INFO] [1749224156.616150279] [publish_wind_direction]: Publisher, neighbours_by_id=set()
[publish_wind_direction-2] [INFO] [1749224160.348307534] [publish_wind_direction]: ***Cam angle= 20.2041906329154, vico ang deg= 0.0 Ground Truth= 20.2041906329154
[publish_wind_direction-2] [INFO] [1749224160.350693837] [publish_wind_direction]: Publisher, Neighbourhood size: 0
[publish_wind_direction-2] [INFO] [1749224160.910055100] [publish_wind_direction]: Publishing: "id194:N"
[publish_wind_direction-2] [INFO] [1749224165.910094627] [publish_wind_direction]: Publishing: "id194:N"
[publish_wind_direction-2] [INFO] [1749224170.910228200] [publish_wind_direction]: Publishing: "id194:N"
[publish_wind_direction-2] [INFO] [1749224175.910246179] [publish_wind_direction]: Publishing: "id194:N"
[publish_wind_direction-2] [INFO] [1749224180.910329320] [publish_wind_direction]: Publishing: "id194:N"
[publish_wind_direction-2] [INFO] [1749224185.910279061] [publish_wind_direction]: Publishing: "id194:N"
[publish_wind_direction-2] [INFO] [1749224190.910043525] [publish_wind_direction]: Publishing: "id194:N"
[publish_wind_direction-2] [INFO] [1749224195.910060040] [publish_wind_direction]: Publishing: "id194:N"
[publish_wind_direction-2] [INFO] [1749224196.516179781] [publish_wind_direction]: * Received from id151, wind direction N
[publish_wind_direction-2] [INFO] [1749224196.518971936] [publish_wind_direction]: Publisher, neighbours_by_id=set()
[publish_wind_direction-2] [INFO] [1749224200.235874030] [publish_wind_direction]: ***Cam angle= -127.61739824791323, vico ang deg= 0.0 Ground Truth= 232.38260175208677
[publish_wind_direction-2] [INFO] [1749224200.239326014] [publish_wind_direction]: Publisher, Neighbourhood size: 0
[publish_wind_direction-2] [INFO] [1749224200.244299000] [publish_wind_direction]: * Received from id151, wind direction N
[publish_wind_direction-2] [INFO] [1749224200.247907933] [publish_wind_direction]: Publisher, neighbours_by_id=set()
[publish_wind_direction-2] [INFO] [1749224204.395839563] [publish_wind_direction]: ***Cam angle= -135.89679456145097, vico ang deg= 0.0 Ground Truth= 224.10320543854903
[publish_wind_direction-2] [INFO] [1749224204.398299033] [publish_wind_direction]: Publisher, Neighbourhood size: 0
[publish_wind_direction-2] [INFO] [1749224204.403141268] [publish_wind_direction]: Publishing: "id194:N"
[publish_wind_direction-2] [INFO] [1749224205.910006731] [publish_wind_direction]: Publishing: "id194:N"
[publish_wind_direction-2] [INFO] [1749224210.910094244] [publish_wind_direction]: Publishing: "id194:N"
[publish_wind_direction-2] [INFO] [1749224215.910181202] [publish_wind_direction]: Publishing: "id194:N"
[publish_wind_direction-2] [INFO] [1749224220.910012458] [publish_wind_direction]: Publishing: "id194:N"
[publish_wind_direction-2] [INFO] [1749224225.910148755] [publish_wind_direction]: Publishing: "id194:N"
[publish_wind_direction-2] [INFO] [1749224230.910114282] [publish_wind_direction]: Publishing: "id194:N"
[publish_wind_direction-2] [INFO] [1749224235.910750088] [publish_wind_direction]: Publishing: "id194:N"
[publish_wind_direction-2] [INFO] [1749224240.910420615] [publish_wind_direction]: Publishing: "id194:N"
[publish_wind_direction-2] [INFO] [1749224245.910216298] [publish_wind_direction]: Publishing: "id194:N"
[publish_wind_direction-2] [INFO] [1749224250.910237353] [publish_wind_direction]: Publishing: "id194:N"
[publish_wind_direction-2] [INFO] [1749224255.910284105] [publish_wind_direction]: Publishing: "id194:N"
[publish_wind_direction-2] [INFO] [1749224260.910289133] [publish_wind_direction]: Publishing: "id194:N"
[publish_wind_direction-2] [INFO] [1749224265.910156129] [publish_wind_direction]: Publishing: "id194:N"
[publish_wind_direction-2] [INFO] [1749224270.910977602] [publish_wind_direction]: Publishing: "id194:N"
[publish_wind_direction-2] [INFO] [1749224275.910241519] [publish_wind_direction]: Publishing: "id194:N"
[publish_wind_direction-2] [INFO] [1749224280.910247936] [publish_wind_direction]: Publishing: "id194:N"
[publish_wind_direction-2] [INFO] [1749224285.911028667] [publish_wind_direction]: Publishing: "id194:N"
[publish_wind_direction-2] [INFO] [1749224290.910407789] [publish_wind_direction]: Publishing: "id194:N"
[publish_wind_direction-2] [INFO] [1749224295.910283104] [publish_wind_direction]: Publishing: "id194:N"
[publish_wind_direction-2] [INFO] [1749224300.910848282] [publish_wind_direction]: Publishing: "id194:N"
[publish_wind_direction-2] [INFO] [1749224304.665700453] [publish_wind_direction]: * Received from id1193, wind direction N
[publish_wind_direction-2] [INFO] [1749224304.668575575] [publish_wind_direction]: Publisher, neighbours_by_id=set()
[publish_wind_direction-2] [INFO] [1749224308.410043631] [publish_wind_direction]: ***Cam angle= -229.17031241791065, vico ang deg= 0.0 Ground Truth= 130.82968758208935
[publish_wind_direction-2] [INFO] [1749224308.412742202] [publish_wind_direction]: Publisher, Neighbourhood size: 0
[publish_wind_direction-2] [INFO] [1749224308.416792171] [publish_wind_direction]: Raising exception
[publish_wind_direction-2] [INFO] [1749224308.419823223] [publish_wind_direction]: Publisher stopping, exception
[INFO] [publish_wind_direction-2]: process has finished cleanly [pid 849]
[random_robot_move-1] [INFO] [1749224318.382398385] [random_robot_move]: Exception, shutting down
