[INFO] [launch]: All log files can be found below /home/thymio/.ros/log/2025-06-13-15-43-47-818498-thymio-817
[INFO] [launch]: Default logging verbosity is set to INFO
[INFO] [random_robot_move-1]: process started with pid [844]
[INFO] [service_vicon_node-2]: process started with pid [846]
[INFO] [service_neighbours_opinions-3]: process started with pid [848]
[INFO] [publish_wind_direction-4]: process started with pid [853]
[service_neighbours_opinions-3] [INFO] [1749829430.650793585] [service_neighbours_opinions]: Physical Ip=192.168.3.86, id=id86
[service_vicon_node-2] [INFO] [1749829430.651537419] [service_vicon_node]: Physical Ip=192.168.3.86, id=id86
[service_neighbours_opinions-3] [INFO] [1749829430.657239993] [service_neighbours_opinions]: Updated ID from mapping: id155
[service_vicon_node-2] [INFO] [1749829430.658809085] [service_vicon_node]: Updated ID from mapping: id155
[service_neighbours_opinions-3] [INFO] [1749829430.759746178] [service_neighbours_opinions]: Subscribed to: wind_direction/id68
[service_vicon_node-2] [INFO] [1749829430.761284456] [service_vicon_node]: Subscribed to: vicon/default/data
[service_neighbours_opinions-3] [INFO] [1749829430.764133326] [service_neighbours_opinions]: Subscribed to: wind_direction/id136
[service_neighbours_opinions-3] [INFO] [1749829430.768173011] [service_neighbours_opinions]: Subscribed to: wind_direction/id137
[service_neighbours_opinions-3] [INFO] [1749829430.771688733] [service_neighbours_opinions]: Subscribed to: wind_direction/id142
[service_neighbours_opinions-3] [INFO] [1749829430.775813881] [service_neighbours_opinions]: Subscribed to: wind_direction/id151
[service_neighbours_opinions-3] [INFO] [1749829430.780040289] [service_neighbours_opinions]: Subscribed to: wind_direction/id152
[service_neighbours_opinions-3] [INFO] [1749829430.783896956] [service_neighbours_opinions]: Subscribed to: wind_direction/id189
[service_neighbours_opinions-3] [INFO] [1749829430.787773215] [service_neighbours_opinions]: Subscribed to: wind_direction/id192
[service_neighbours_opinions-3] [INFO] [1749829430.791337326] [service_neighbours_opinions]: Subscribed to: wind_direction/id193
[service_neighbours_opinions-3] [INFO] [1749829430.794937585] [service_neighbours_opinions]: Subscribed to: wind_direction/id194
[service_neighbours_opinions-3] [INFO] [1749829430.798961548] [service_neighbours_opinions]: Subscribed to: wind_direction/id195
[service_neighbours_opinions-3] [INFO] [1749829430.802447678] [service_neighbours_opinions]: Subscribed to: wind_direction/id200
[service_neighbours_opinions-3] [INFO] [1749829430.806007974] [service_neighbours_opinions]: Subscribed to: wind_direction/id206
[service_neighbours_opinions-3] [INFO] [1749829430.809780344] [service_neighbours_opinions]: Subscribed to: wind_direction/id207
[service_neighbours_opinions-3] [INFO] [1749829430.813780011] [service_neighbours_opinions]: Subscribed to: wind_direction/id223
[service_neighbours_opinions-3] [INFO] [1749829430.817785381] [service_neighbours_opinions]: Subscribed to: wind_direction/id224
[service_neighbours_opinions-3] [INFO] [1749829430.821521178] [service_neighbours_opinions]: Subscribed to: wind_direction/id236
[service_neighbours_opinions-3] [INFO] [1749829430.825317215] [service_neighbours_opinions]: Subscribed to: wind_direction/id247
[service_neighbours_opinions-3] [INFO] [1749829430.829302789] [service_neighbours_opinions]: Subscribed to: wind_direction/id1193
[publish_wind_direction-4] /usr/lib/python3/dist-packages/scipy/__init__.py:146: UserWarning: A NumPy version >=1.17.3 and <1.25.0 is required for this version of SciPy (detected version 1.26.4
[publish_wind_direction-4]   warnings.warn(f"A NumPy version >={np_minversion} and <{np_maxversion}"
[publish_wind_direction-4] [INFO] [1749829432.531241455] [publish_wind_direction]: Physical Ip=192.168.3.86, id=id86
[publish_wind_direction-4] [INFO] [1749829432.534135103] [publish_wind_direction]: Updated ID from mapping: id155
[publish_wind_direction-4] [INFO] [1749829432.542168066] [publish_wind_direction]: Publsihing on: wind_direction/id155
[random_robot_move-1] [INFO] [1749829435.293517527] [random_robot_move]: Robot Control Node started.
[publish_wind_direction-4] [ERROR] [1749829457.592407440] [publish_wind_direction]: get_pose_data service not available!
[publish_wind_direction-4] [ERROR] [1749829482.645180462] [publish_wind_direction]: get_opinions service not available!
[publish_wind_direction-4] [INFO] [1749829486.924563681] [publish_wind_direction]: Pose info requested
[publish_wind_direction-4] [INFO] [1749829491.483240660] [publish_wind_direction]: Pose info requested
[publish_wind_direction-4] [INFO] [1749829496.420986546] [publish_wind_direction]: Pose info requested
[publish_wind_direction-4] [INFO] [1749829501.563911173] [publish_wind_direction]: Pose info requested
[publish_wind_direction-4] [INFO] [1749829506.342347818] [publish_wind_direction]: Pose info requested
[publish_wind_direction-4] [INFO] [1749829511.434516593] [publish_wind_direction]: Pose info requested
[publish_wind_direction-4] [INFO] [1749829516.464802442] [publish_wind_direction]: Pose info requested
[publish_wind_direction-4] [INFO] [1749829521.369227402] [publish_wind_direction]: Pose info requested
[publish_wind_direction-4] [INFO] [1749829526.425848158] [publish_wind_direction]: Pose info requested
[publish_wind_direction-4] [INFO] [1749829531.427434359] [publish_wind_direction]: Pose info requested
[publish_wind_direction-4] [INFO] [1749829536.360115837] [publish_wind_direction]: Pose info requested
[service_neighbours_opinions-3] [INFO] [1749829540.464020724] [service_neighbours_opinions]: * Received from id136, wind direction W
[service_neighbours_opinions-3] [INFO] [1749829540.467040742] [service_neighbours_opinions]: All opinions = {'id136': 'W'}
[publish_wind_direction-4] [INFO] [1749829541.342865390] [publish_wind_direction]: Pose info requested
[service_neighbours_opinions-3] [INFO] [1749829544.862654610] [service_neighbours_opinions]: * Received from id136, wind direction E
[service_neighbours_opinions-3] [INFO] [1749829544.865527962] [service_neighbours_opinions]: All opinions = {'id136': 'E'}
[publish_wind_direction-4] [INFO] [1749829546.341509942] [publish_wind_direction]: Pose info requested
[service_neighbours_opinions-3] [INFO] [1749829549.732055070] [service_neighbours_opinions]: * Received from id136, wind direction E
[service_neighbours_opinions-3] [INFO] [1749829549.736374403] [service_neighbours_opinions]: All opinions = {'id136': 'E'}
[publish_wind_direction-4] [INFO] [1749829551.425743143] [publish_wind_direction]: Pose info requested
[service_neighbours_opinions-3] [INFO] [1749829554.709379697] [service_neighbours_opinions]: * Received from id136, wind direction W
[service_neighbours_opinions-3] [INFO] [1749829554.712359641] [service_neighbours_opinions]: All opinions = {'id136': 'W'}
[publish_wind_direction-4] [INFO] [1749829556.498479177] [publish_wind_direction]: Pose info requested
[service_neighbours_opinions-3] [INFO] [1749829559.740917490] [service_neighbours_opinions]: * Received from id136, wind direction W
[service_neighbours_opinions-3] [INFO] [1749829559.744095156] [service_neighbours_opinions]: Comm. Noise, new received opinion: S
[service_neighbours_opinions-3] [INFO] [1749829559.746856971] [service_neighbours_opinions]: All opinions = {'id136': 'S'}
[publish_wind_direction-4] [INFO] [1749829561.377998952] [publish_wind_direction]: Pose info requested
[service_neighbours_opinions-3] [INFO] [1749829564.945586857] [service_neighbours_opinions]: * Received from id136, wind direction W
[service_neighbours_opinions-3] [INFO] [1749829564.948381987] [service_neighbours_opinions]: All opinions = {'id136': 'W'}
[publish_wind_direction-4] [INFO] [1749829566.356691745] [publish_wind_direction]: Pose info requested
[service_neighbours_opinions-3] [INFO] [1749829570.363376576] [service_neighbours_opinions]: * Received from id136, wind direction W
[service_neighbours_opinions-3] [INFO] [1749829570.368306483] [service_neighbours_opinions]: All opinions = {'id136': 'W'}
[publish_wind_direction-4] [INFO] [1749829571.390707316] [publish_wind_direction]: Pose info requested
[service_neighbours_opinions-3] [INFO] [1749829574.933786221] [service_neighbours_opinions]: * Received from id136, wind direction W
[service_neighbours_opinions-3] [INFO] [1749829574.936946277] [service_neighbours_opinions]: Comm. Noise, new received opinion: S
[service_neighbours_opinions-3] [INFO] [1749829574.939762147] [service_neighbours_opinions]: All opinions = {'id136': 'S'}
[publish_wind_direction-4] [INFO] [1749829576.525642313] [publish_wind_direction]: Pose info requested
[service_neighbours_opinions-3] [INFO] [1749829579.706850478] [service_neighbours_opinions]: * Received from id136, wind direction W
[service_neighbours_opinions-3] [INFO] [1749829579.709828941] [service_neighbours_opinions]: All opinions = {'id136': 'W'}
[publish_wind_direction-4] [INFO] [1749829581.328045014] [publish_wind_direction]: Pose info requested
[service_neighbours_opinions-3] [INFO] [1749829585.165904289] [service_neighbours_opinions]: * Received from id136, wind direction W
[service_neighbours_opinions-3] [INFO] [1749829585.170667475] [service_neighbours_opinions]: All opinions = {'id136': 'W'}
[publish_wind_direction-4] [INFO] [1749829586.384415233] [publish_wind_direction]: Pose info requested
[service_neighbours_opinions-3] [INFO] [1749829589.968811750] [service_neighbours_opinions]: * Received from id136, wind direction W
[service_neighbours_opinions-3] [INFO] [1749829589.971988787] [service_neighbours_opinions]: All opinions = {'id136': 'W'}
[publish_wind_direction-4] [INFO] [1749829591.334863027] [publish_wind_direction]: Pose info requested
[service_neighbours_opinions-3] [INFO] [1749829595.063477913] [service_neighbours_opinions]: * Received from id136, wind direction W
[service_neighbours_opinions-3] [INFO] [1749829595.067330691] [service_neighbours_opinions]: All opinions = {'id136': 'W'}
[publish_wind_direction-4] [INFO] [1749829596.461038264] [publish_wind_direction]: Pose info requested
[service_neighbours_opinions-3] [INFO] [1749829599.887170910] [service_neighbours_opinions]: * Received from id136, wind direction W
[service_neighbours_opinions-3] [INFO] [1749829599.889998096] [service_neighbours_opinions]: All opinions = {'id136': 'W'}
[publish_wind_direction-4] [INFO] [1749829601.335709687] [publish_wind_direction]: Pose info requested
[publish_wind_direction-4] [INFO] [1749829606.288079814] [publish_wind_direction]: Pose info requested
[publish_wind_direction-4] [INFO] [1749829611.305629163] [publish_wind_direction]: Pose info requested
[publish_wind_direction-4] [INFO] [1749829616.401809734] [publish_wind_direction]: Pose info requested
[publish_wind_direction-4] [INFO] [1749829621.323885583] [publish_wind_direction]: Pose info requested
[publish_wind_direction-4] [INFO] [1749829626.314837635] [publish_wind_direction]: Pose info requested
[publish_wind_direction-4] [INFO] [1749829631.324412929] [publish_wind_direction]: Pose info requested
[publish_wind_direction-4] [INFO] [1749829636.373047240] [publish_wind_direction]: Pose info requested
[publish_wind_direction-4] [INFO] [1749829641.345728015] [publish_wind_direction]: Pose info requested
[publish_wind_direction-4] [INFO] [1749829646.288856346] [publish_wind_direction]: Pose info requested
[publish_wind_direction-4] [INFO] [1749829651.417497750] [publish_wind_direction]: Pose info requested
[publish_wind_direction-4] [INFO] [1749829656.354705043] [publish_wind_direction]: Pose info requested
[service_neighbours_opinions-3] [INFO] [1749829659.695694782] [service_neighbours_opinions]: * Received from id136, wind direction W
[service_neighbours_opinions-3] [INFO] [1749829659.699248689] [service_neighbours_opinions]: All opinions = {'id136': 'W'}
[publish_wind_direction-4] [INFO] [1749829661.346533614] [publish_wind_direction]: Pose info requested
[service_neighbours_opinions-3] [INFO] [1749829664.542970964] [service_neighbours_opinions]: * Received from id136, wind direction W
[service_neighbours_opinions-3] [INFO] [1749829664.545908483] [service_neighbours_opinions]: All opinions = {'id136': 'W'}
[publish_wind_direction-4] [INFO] [1749829666.369617093] [publish_wind_direction]: Pose info requested
[service_neighbours_opinions-3] [INFO] [1749829669.806436017] [service_neighbours_opinions]: * Received from id136, wind direction W
[service_neighbours_opinions-3] [INFO] [1749829669.809316683] [service_neighbours_opinions]: All opinions = {'id136': 'W'}
[publish_wind_direction-4] [INFO] [1749829671.420556238] [publish_wind_direction]: Pose info requested
[service_neighbours_opinions-3] [INFO] [1749829675.375645643] [service_neighbours_opinions]: * Received from id136, wind direction W
[service_neighbours_opinions-3] [INFO] [1749829675.379077884] [service_neighbours_opinions]: All opinions = {'id136': 'W'}
[publish_wind_direction-4] [INFO] [1749829676.393630365] [publish_wind_direction]: Pose info requested
[service_neighbours_opinions-3] [INFO] [1749829679.961737770] [service_neighbours_opinions]: * Received from id136, wind direction W
[service_neighbours_opinions-3] [INFO] [1749829679.964880844] [service_neighbours_opinions]: Comm. Noise, new received opinion: E
[service_neighbours_opinions-3] [INFO] [1749829679.967632103] [service_neighbours_opinions]: All opinions = {'id136': 'E'}
[publish_wind_direction-4] [INFO] [1749829681.425880195] [publish_wind_direction]: Pose info requested
[service_neighbours_opinions-3] [INFO] [1749829684.652027526] [service_neighbours_opinions]: * Received from id136, wind direction W
[service_neighbours_opinions-3] [INFO] [1749829684.655192471] [service_neighbours_opinions]: Comm. Noise, new received opinion: E
[service_neighbours_opinions-3] [INFO] [1749829684.658002341] [service_neighbours_opinions]: All opinions = {'id136': 'E'}
[publish_wind_direction-4] [INFO] [1749829686.371529692] [publish_wind_direction]: Pose info requested
[service_neighbours_opinions-3] [INFO] [1749829689.672298301] [service_neighbours_opinions]: * Received from id136, wind direction E
[service_neighbours_opinions-3] [INFO] [1749829689.677126172] [service_neighbours_opinions]: All opinions = {'id136': 'E'}
[publish_wind_direction-4] [INFO] [1749829691.355755652] [publish_wind_direction]: Pose info requested
[service_neighbours_opinions-3] [INFO] [1749829694.873749298] [service_neighbours_opinions]: * Received from id136, wind direction W
[service_neighbours_opinions-3] [INFO] [1749829694.877980002] [service_neighbours_opinions]: All opinions = {'id136': 'W'}
[publish_wind_direction-4] [INFO] [1749829696.375594168] [publish_wind_direction]: Pose info requested
[service_neighbours_opinions-3] [INFO] [1749829699.962407332] [service_neighbours_opinions]: * Received from id136, wind direction W
[service_neighbours_opinions-3] [INFO] [1749829699.965422462] [service_neighbours_opinions]: All opinions = {'id136': 'W'}
[publish_wind_direction-4] [INFO] [1749829701.382134128] [publish_wind_direction]: Pose info requested
[publish_wind_direction-4] [INFO] [1749829706.403882791] [publish_wind_direction]: Pose info requested
[publish_wind_direction-4] [INFO] [1749829711.535857066] [publish_wind_direction]: Pose info requested
[publish_wind_direction-4] [INFO] [1749829716.459635415] [publish_wind_direction]: Pose info requested
[publish_wind_direction-4] [INFO] [1749829721.389865856] [publish_wind_direction]: Pose info requested
[publish_wind_direction-4] [INFO] [1749829726.370598946] [publish_wind_direction]: Pose info requested
[publish_wind_direction-4] [INFO] [1749829731.414535925] [publish_wind_direction]: Pose info requested
[publish_wind_direction-4] [INFO] [1749829736.662034273] [publish_wind_direction]: Pose info requested
[publish_wind_direction-4] [INFO] [1749829741.424629511] [publish_wind_direction]: Pose info requested
[publish_wind_direction-4] [INFO] [1749829746.309366860] [publish_wind_direction]: Pose info requested
[publish_wind_direction-4] [INFO] [1749829751.456314524] [publish_wind_direction]: Pose info requested
[publish_wind_direction-4] [INFO] [1749829756.316438595] [publish_wind_direction]: Pose info requested
[publish_wind_direction-4] [INFO] [1749829761.446546110] [publish_wind_direction]: Pose info requested
[publish_wind_direction-4] [INFO] [1749829766.501713885] [publish_wind_direction]: Pose info requested
[publish_wind_direction-4] [INFO] [1749829771.579078197] [publish_wind_direction]: Pose info requested
[publish_wind_direction-4] [INFO] [1749829776.338114268] [publish_wind_direction]: Pose info requested
[publish_wind_direction-4] [INFO] [1749829781.320493265] [publish_wind_direction]: Pose info requested
[publish_wind_direction-4] [INFO] [1749829786.322935281] [publish_wind_direction]: Pose info requested
[publish_wind_direction-4] [INFO] [1749829791.378624778] [publish_wind_direction]: Pose info requested
[publish_wind_direction-4] [INFO] [1749829796.295072256] [publish_wind_direction]: Pose info requested
[publish_wind_direction-4] [INFO] [1749829801.341252827] [publish_wind_direction]: Pose info requested
[publish_wind_direction-4] [INFO] [1749829806.333440084] [publish_wind_direction]: Pose info requested
[publish_wind_direction-4] [INFO] [1749829811.336473099] [publish_wind_direction]: Pose info requested
[publish_wind_direction-4] [INFO] [1749829816.368928911] [publish_wind_direction]: Pose info requested
[publish_wind_direction-4] [INFO] [1749829821.320441352] [publish_wind_direction]: Pose info requested
[publish_wind_direction-4] [INFO] [1749829826.380302109] [publish_wind_direction]: Pose info requested
[publish_wind_direction-4] [INFO] [1749829831.363153883] [publish_wind_direction]: Pose info requested
[publish_wind_direction-4] [INFO] [1749829836.393610695] [publish_wind_direction]: Pose info requested
[publish_wind_direction-4] [INFO] [1749829841.262927859] [publish_wind_direction]: Pose info requested
[publish_wind_direction-4] [INFO] [1749829846.428580819] [publish_wind_direction]: Pose info requested
[publish_wind_direction-4] [INFO] [1749829851.328378075] [publish_wind_direction]: Pose info requested
[publish_wind_direction-4] [INFO] [1749829856.334345387] [publish_wind_direction]: Pose info requested
[publish_wind_direction-4] [INFO] [1749829861.282218569] [publish_wind_direction]: Pose info requested
[publish_wind_direction-4] [INFO] [1749829866.314155900] [publish_wind_direction]: Pose info requested
[publish_wind_direction-4] [INFO] [1749829871.312360397] [publish_wind_direction]: Pose info requested
[publish_wind_direction-4] [INFO] [1749829876.270514209] [publish_wind_direction]: Pose info requested
[publish_wind_direction-4] [INFO] [1749829881.292221631] [publish_wind_direction]: Pose info requested
[publish_wind_direction-4] [INFO] [1749829886.365142536] [publish_wind_direction]: Pose info requested
[publish_wind_direction-4] [INFO] [1749829891.367526718] [publish_wind_direction]: Pose info requested
[publish_wind_direction-4] [INFO] [1749829896.336879993] [publish_wind_direction]: Pose info requested
[publish_wind_direction-4] [INFO] [1749829901.377241045] [publish_wind_direction]: Pose info requested
[publish_wind_direction-4] [INFO] [1749829906.281561283] [publish_wind_direction]: Pose info requested
[publish_wind_direction-4] [INFO] [1749829911.355673595] [publish_wind_direction]: Pose info requested
[publish_wind_direction-4] [INFO] [1749829916.405194685] [publish_wind_direction]: Pose info requested
[publish_wind_direction-4] [INFO] [1749829921.305932237] [publish_wind_direction]: Pose info requested
[publish_wind_direction-4] [INFO] [1749829926.300987327] [publish_wind_direction]: Pose info requested
[publish_wind_direction-4] [INFO] [1749829931.332085194] [publish_wind_direction]: Pose info requested
[publish_wind_direction-4] [INFO] [1749829936.355135136] [publish_wind_direction]: Pose info requested
[publish_wind_direction-4] [INFO] [1749829941.356163633] [publish_wind_direction]: Pose info requested
[publish_wind_direction-4] [INFO] [1749829946.293980982] [publish_wind_direction]: Pose info requested
[publish_wind_direction-4] [INFO] [1749829951.303928923] [publish_wind_direction]: Pose info requested
[publish_wind_direction-4] [INFO] [1749829956.252474624] [publish_wind_direction]: Pose info requested
[publish_wind_direction-4] [INFO] [1749829961.369887065] [publish_wind_direction]: Pose info requested
[publish_wind_direction-4] [INFO] [1749829966.612948636] [publish_wind_direction]: Pose info requested
[publish_wind_direction-4] [INFO] [1749829971.303587670] [publish_wind_direction]: Pose info requested
[publish_wind_direction-4] [INFO] [1749829976.359992204] [publish_wind_direction]: Pose info requested
[publish_wind_direction-4] [INFO] [1749829981.316582516] [publish_wind_direction]: Pose info requested
[publish_wind_direction-4] [INFO] [1749829986.297696847] [publish_wind_direction]: Pose info requested
[publish_wind_direction-4] [INFO] [1749829991.307698825] [publish_wind_direction]: Pose info requested
[publish_wind_direction-4] [INFO] [1749829996.340407322] [publish_wind_direction]: Pose info requested
[publish_wind_direction-4] [INFO] [1749830001.383359041] [publish_wind_direction]: Pose info requested
[publish_wind_direction-4] [INFO] [1749830006.352684816] [publish_wind_direction]: Pose info requested
[publish_wind_direction-4] [INFO] [1749830011.308245554] [publish_wind_direction]: Pose info requested
[publish_wind_direction-4] [INFO] [1749830016.451283903] [publish_wind_direction]: Pose info requested
[publish_wind_direction-4] [INFO] [1749830021.381509289] [publish_wind_direction]: Pose info requested
[publish_wind_direction-4] [INFO] [1749830026.340149971] [publish_wind_direction]: Pose info requested
[publish_wind_direction-4] [INFO] [1749830031.374067931] [publish_wind_direction]: Pose info requested
[publish_wind_direction-4] [INFO] [1749830036.404449261] [publish_wind_direction]: Pose info requested
[publish_wind_direction-4] [INFO] [1749830041.295091055] [publish_wind_direction]: Pose info requested
[publish_wind_direction-4] [INFO] [1749830046.378492737] [publish_wind_direction]: Pose info requested
[publish_wind_direction-4] [INFO] [1749830051.453133493] [publish_wind_direction]: Pose info requested
[publish_wind_direction-4] [INFO] [1749830056.347483842] [publish_wind_direction]: Pose info requested
[publish_wind_direction-4] [INFO] [1749830061.414949932] [publish_wind_direction]: Pose info requested
[publish_wind_direction-4] [INFO] [1749830066.286192021] [publish_wind_direction]: Pose info requested
[publish_wind_direction-4] [INFO] [1749830071.318496815] [publish_wind_direction]: Pose info requested
[publish_wind_direction-4] [INFO] [1749830076.305685682] [publish_wind_direction]: Pose info requested
[publish_wind_direction-4] [INFO] [1749830081.339840253] [publish_wind_direction]: Pose info requested
[publish_wind_direction-4] [INFO] [1749830086.335310046] [publish_wind_direction]: Pose info requested
[publish_wind_direction-4] [INFO] [1749830091.322116914] [publish_wind_direction]: Pose info requested
[publish_wind_direction-4] [INFO] [1749830096.257115577] [publish_wind_direction]: Pose info requested
[publish_wind_direction-4] [INFO] [1749830101.352417834] [publish_wind_direction]: Pose info requested
[publish_wind_direction-4] [INFO] [1749830106.387478183] [publish_wind_direction]: Pose info requested
[publish_wind_direction-4] [INFO] [1749830111.297569587] [publish_wind_direction]: Pose info requested
[publish_wind_direction-4] [INFO] [1749830116.392927677] [publish_wind_direction]: Pose info requested
[publish_wind_direction-4] [INFO] [1749830121.333814618] [publish_wind_direction]: Pose info requested
[publish_wind_direction-4] [INFO] [1749830126.338380522] [publish_wind_direction]: Pose info requested
[service_neighbours_opinions-3] [INFO] [1749830130.833328094] [service_neighbours_opinions]: Raising exception at 15:55:30
[service_neighbours_opinions-3] Traceback (most recent call last):
[service_neighbours_opinions-3]   File "/home/thymio/ros2_ws/install/wind_direction_detector/lib/python3.10/site-packages/wind_direction_detector/neighbours_opinion_node.py", line 111, in main
[service_neighbours_opinions-3]     rclpy.spin(neighbours_node)
[service_neighbours_opinions-3]   File "/opt/ros/humble/local/lib/python3.10/dist-packages/rclpy/__init__.py", line 226, in spin
[service_neighbours_opinions-3]     executor.spin_once()
[service_neighbours_opinions-3]   File "/opt/ros/humble/local/lib/python3.10/dist-packages/rclpy/executors.py", line 739, in spin_once
[service_neighbours_opinions-3]     self._spin_once_impl(timeout_sec)
[service_neighbours_opinions-3]   File "/opt/ros/humble/local/lib/python3.10/dist-packages/rclpy/executors.py", line 736, in _spin_once_impl
[service_neighbours_opinions-3]     raise handler.exception()
[service_neighbours_opinions-3]   File "/opt/ros/humble/local/lib/python3.10/dist-packages/rclpy/task.py", line 239, in __call__
[service_neighbours_opinions-3]     self._handler.send(None)
[service_neighbours_opinions-3]   File "/opt/ros/humble/local/lib/python3.10/dist-packages/rclpy/executors.py", line 437, in handler
[service_neighbours_opinions-3]     await call_coroutine(entity, arg)
[service_neighbours_opinions-3]   File "/opt/ros/humble/local/lib/python3.10/dist-packages/rclpy/executors.py", line 351, in _execute_timer
[service_neighbours_opinions-3]     await await_or_execute(tmr.callback)
[service_neighbours_opinions-3]   File "/opt/ros/humble/local/lib/python3.10/dist-packages/rclpy/executors.py", line 107, in await_or_execute
[service_neighbours_opinions-3]     return callback(*args)
[service_neighbours_opinions-3]   File "/home/thymio/ros2_ws/install/wind_direction_detector/lib/python3.10/site-packages/wind_direction_detector/neighbours_opinion_node.py", line 64, in stop_execution
[service_neighbours_opinions-3]     raise Exception
[service_neighbours_opinions-3] Exception
[service_neighbours_opinions-3] 
[service_neighbours_opinions-3] During handling of the above exception, another exception occurred:
[service_neighbours_opinions-3] 
[service_neighbours_opinions-3] Traceback (most recent call last):
[service_neighbours_opinions-3]   File "/home/thymio/ros2_ws/install/wind_direction_detector/lib/wind_direction_detector/service_neighbours_opinions", line 33, in <module>
[service_neighbours_opinions-3]     sys.exit(load_entry_point('wind-direction-detector==0.0.0', 'console_scripts', 'service_neighbours_opinions')())
[service_neighbours_opinions-3]   File "/home/thymio/ros2_ws/install/wind_direction_detector/lib/python3.10/site-packages/wind_direction_detector/neighbours_opinion_node.py", line 117, in main
[service_neighbours_opinions-3]     neighbours_node.get_logger().error(e)
[service_neighbours_opinions-3]   File "/opt/ros/humble/local/lib/python3.10/dist-packages/rclpy/impl/rcutils_logger.py", line 345, in error
[service_neighbours_opinions-3]     return self.log(message, LoggingSeverity.ERROR, **kwargs)
[service_neighbours_opinions-3]   File "/opt/ros/humble/local/lib/python3.10/dist-packages/rclpy/impl/rcutils_logger.py", line 318, in log
[service_neighbours_opinions-3]     _rclpy.rclpy_logging_rcutils_log(
[service_neighbours_opinions-3] TypeError: rclpy_logging_rcutils_log(): incompatible function arguments. The following argument types are supported:
[service_neighbours_opinions-3]     1. (arg0: int, arg1: str, arg2: str, arg3: str, arg4: str, arg5: int) -> None
[service_neighbours_opinions-3] 
[service_neighbours_opinions-3] Invoked with: <LoggingSeverity.ERROR: 40>, 'service_neighbours_opinions', Exception(), 'main', '/home/thymio/ros2_ws/install/wind_direction_detector/lib/python3.10/site-packages/wind_direction_detector/neighbours_opinion_node.py', 117
[publish_wind_direction-4] [INFO] [1749830131.464549316] [publish_wind_direction]: Pose info requested
[ERROR] [service_neighbours_opinions-3]: process has died [pid 848, exit code 1, cmd '/home/thymio/ros2_ws/install/wind_direction_detector/lib/wind_direction_detector/service_neighbours_opinions --ros-args -r __node:=service_neighbours_opinions'].
[publish_wind_direction-4] [INFO] [1749830136.370678442] [publish_wind_direction]: Pose info requested
[publish_wind_direction-4] [INFO] [1749830136.373298609] [publish_wind_direction]: Raising exception at 15:55:36
[publish_wind_direction-4] Traceback (most recent call last):
[publish_wind_direction-4]   File "/home/thymio/ros2_ws/install/wind_direction_detector/lib/wind_direction_detector/publish_wind_direction", line 33, in <module>
[publish_wind_direction-4]     sys.exit(load_entry_point('wind-direction-detector==0.0.0', 'console_scripts', 'publish_wind_direction')())
[publish_wind_direction-4]   File "/home/thymio/ros2_ws/install/wind_direction_detector/lib/python3.10/site-packages/wind_direction_detector/publish_direction.py", line 331, in main
[publish_wind_direction-4]     rclpy.spin(wind_direction_sensor)
[publish_wind_direction-4]   File "/opt/ros/humble/local/lib/python3.10/dist-packages/rclpy/__init__.py", line 226, in spin
[publish_wind_direction-4]     executor.spin_once()
[publish_wind_direction-4]   File "/opt/ros/humble/local/lib/python3.10/dist-packages/rclpy/executors.py", line 739, in spin_once
[publish_wind_direction-4]     self._spin_once_impl(timeout_sec)
[publish_wind_direction-4]   File "/opt/ros/humble/local/lib/python3.10/dist-packages/rclpy/executors.py", line 736, in _spin_once_impl
[publish_wind_direction-4]     raise handler.exception()
[publish_wind_direction-4]   File "/opt/ros/humble/local/lib/python3.10/dist-packages/rclpy/task.py", line 239, in __call__
[publish_wind_direction-4]     self._handler.send(None)
[publish_wind_direction-4]   File "/opt/ros/humble/local/lib/python3.10/dist-packages/rclpy/executors.py", line 437, in handler
[publish_wind_direction-4]     await call_coroutine(entity, arg)
[publish_wind_direction-4]   File "/opt/ros/humble/local/lib/python3.10/dist-packages/rclpy/executors.py", line 351, in _execute_timer
[publish_wind_direction-4]     await await_or_execute(tmr.callback)
[publish_wind_direction-4]   File "/opt/ros/humble/local/lib/python3.10/dist-packages/rclpy/executors.py", line 107, in await_or_execute
[publish_wind_direction-4]     return callback(*args)
[publish_wind_direction-4]   File "/home/thymio/ros2_ws/install/wind_direction_detector/lib/python3.10/site-packages/wind_direction_detector/publish_direction.py", line 169, in make_wind_direction_opinion
[publish_wind_direction-4]     raise Exception
[publish_wind_direction-4] Exception
[ERROR] [publish_wind_direction-4]: process has died [pid 853, exit code 1, cmd '/home/thymio/ros2_ws/install/wind_direction_detector/lib/wind_direction_detector/publish_wind_direction --ros-args -r __node:=publish_wind_direction'].
[random_robot_move-1] [INFO] [1749830140.690988699] [random_robot_move]: robot move: excetion raised at 15:55:40
[random_robot_move-1] [INFO] [1749830140.693725347] [random_robot_move]: Exception, shutting down
