[INFO] [launch]: All log files can be found below /home/thymio/.ros/log/2025-06-04-15-20-01-515766-thymio-822
[INFO] [launch]: Default logging verbosity is set to INFO
[INFO] [random_robot_move-1]: process started with pid [844]
[INFO] [publish_wind_direction-2]: process started with pid [846]
[publish_wind_direction-2] /usr/lib/python3/dist-packages/scipy/__init__.py:146: UserWarning: A NumPy version >=1.17.3 and <1.25.0 is required for this version of SciPy (detected version 1.26.4
[publish_wind_direction-2]   warnings.warn(f"A NumPy version >={np_minversion} and <{np_maxversion}"
[random_robot_move-1] [INFO] [1749050408.412295352] [random_robot_move]: Robot Control Node started.
[publish_wind_direction-2] [INFO] [1749050410.582239607] [publish_wind_direction]: Publishing: "id151:N"
[publish_wind_direction-2] [INFO] [1749050415.023659080] [publish_wind_direction]: ***Cam angle= -254.67544054248452, vico ang deg= 0.0 Ground Truth= 105.32455945751548
[publish_wind_direction-2] [INFO] [1749050415.026241633] [publish_wind_direction]: ***Corrected Wind Direction= W
[publish_wind_direction-2] [INFO] [1749050415.455538555] [publish_wind_direction]: Publishing: "id151:N"
[publish_wind_direction-2] [INFO] [1749050419.535554452] [publish_wind_direction]: ***Cam angle= 34.40797400508049, vico ang deg= 0.0 Ground Truth= 34.40797400508049
[publish_wind_direction-2] [INFO] [1749050419.538506218] [publish_wind_direction]: ***Corrected Wind Direction= N
[publish_wind_direction-2] [INFO] [1749050420.457327538] [publish_wind_direction]: Publishing: "id151:N"
[publish_wind_direction-2] [INFO] [1749050424.475295630] [publish_wind_direction]: ***Cam angle= 27.022487544938485, vico ang deg= 0.0 Ground Truth= 27.022487544938485
[publish_wind_direction-2] [INFO] [1749050424.478005568] [publish_wind_direction]: ***Corrected Wind Direction= N
[publish_wind_direction-2] [INFO] [1749050425.455325508] [publish_wind_direction]: Publishing: "id151:N"
[publish_wind_direction-2] [INFO] [1749050429.944512629] [publish_wind_direction]: ***Cam angle= 11.502532053883257, vico ang deg= 0.0 Ground Truth= 11.502532053883257
[publish_wind_direction-2] [INFO] [1749050429.948421166] [publish_wind_direction]: ***Corrected Wind Direction= N
[publish_wind_direction-2] [INFO] [1749050430.455586918] [publish_wind_direction]: Publishing: "id151:N"
[publish_wind_direction-2] [INFO] [1749050434.410831083] [publish_wind_direction]: ***Cam angle= -999.0, vico ang deg= 0.0 Ground Truth= 81.0
[publish_wind_direction-2] [INFO] [1749050434.414714566] [publish_wind_direction]: ***Corrected Wind Direction= W
[publish_wind_direction-2] [INFO] [1749050435.456798809] [publish_wind_direction]: Publishing: "id151:N"
[publish_wind_direction-2] [INFO] [1749050439.268173025] [publish_wind_direction]: ***Cam angle= 27.0381435932577, vico ang deg= 0.0 Ground Truth= 27.0381435932577
[publish_wind_direction-2] [INFO] [1749050439.270592464] [publish_wind_direction]: ***Corrected Wind Direction= N
[publish_wind_direction-2] [INFO] [1749050440.455215306] [publish_wind_direction]: Publishing: "id151:N"
[publish_wind_direction-2] [INFO] [1749050444.260984430] [publish_wind_direction]: ***Cam angle= -999.0, vico ang deg= 0.0 Ground Truth= 81.0
[publish_wind_direction-2] [INFO] [1749050444.263396401] [publish_wind_direction]: ***Corrected Wind Direction= W
[publish_wind_direction-2] [INFO] [1749050445.455303317] [publish_wind_direction]: Publishing: "id151:N"
[publish_wind_direction-2] [INFO] [1749050449.233770781] [publish_wind_direction]: ***Cam angle= -5.161098783124615, vico ang deg= 0.0 Ground Truth= 354.8389012168754
[publish_wind_direction-2] [INFO] [1749050449.236256134] [publish_wind_direction]: ***Corrected Wind Direction= N
[publish_wind_direction-2] [INFO] [1749050450.455400824] [publish_wind_direction]: Publishing: "id151:N"
[publish_wind_direction-2] [INFO] [1749050454.205104726] [publish_wind_direction]: ***Cam angle= -45.86280821929068, vico ang deg= 0.0 Ground Truth= 314.1371917807093
[publish_wind_direction-2] [INFO] [1749050454.207491934] [publish_wind_direction]: ***Corrected Wind Direction= E
[publish_wind_direction-2] [INFO] [1749050455.455413293] [publish_wind_direction]: Publishing: "id151:N"
[publish_wind_direction-2] [INFO] [1749050459.253302275] [publish_wind_direction]: ***Cam angle= 53.456746551564066, vico ang deg= 0.0 Ground Truth= 53.456746551564066
[publish_wind_direction-2] [INFO] [1749050459.255680572] [publish_wind_direction]: ***Corrected Wind Direction= W
[publish_wind_direction-2] [INFO] [1749050460.455388740] [publish_wind_direction]: Publishing: "id151:N"
[publish_wind_direction-2] [INFO] [1749050464.191606527] [publish_wind_direction]: ***Cam angle= 67.07904970552528, vico ang deg= 0.0 Ground Truth= 67.07904970552528
[publish_wind_direction-2] [INFO] [1749050464.194086907] [publish_wind_direction]: ***Corrected Wind Direction= W
[publish_wind_direction-2] [INFO] [1749050465.455473717] [publish_wind_direction]: Publishing: "id151:N"
[publish_wind_direction-2] [INFO] [1749050469.265589374] [publish_wind_direction]: ***Cam angle= -88.36263723442168, vico ang deg= 0.0 Ground Truth= 271.6373627655783
[publish_wind_direction-2] [INFO] [1749050469.268085408] [publish_wind_direction]: ***Corrected Wind Direction= E
[publish_wind_direction-2] [INFO] [1749050470.455382707] [publish_wind_direction]: Publishing: "id151:N"
[publish_wind_direction-2] [INFO] [1749050474.249180182] [publish_wind_direction]: ***Cam angle= 22.160440910145795, vico ang deg= 0.0 Ground Truth= 22.160440910145795
[publish_wind_direction-2] [INFO] [1749050474.251830997] [publish_wind_direction]: ***Corrected Wind Direction= N
[publish_wind_direction-2] [INFO] [1749050475.455343592] [publish_wind_direction]: Publishing: "id151:N"
[publish_wind_direction-2] [INFO] [1749050479.226116018] [publish_wind_direction]: ***Cam angle= -229.9515086791282, vico ang deg= 0.0 Ground Truth= 130.0484913208718
[publish_wind_direction-2] [INFO] [1749050479.228730762] [publish_wind_direction]: ***Corrected Wind Direction= W
[publish_wind_direction-2] [INFO] [1749050480.455437388] [publish_wind_direction]: Publishing: "id151:N"
[publish_wind_direction-2] [INFO] [1749050484.584896470] [publish_wind_direction]: ***Cam angle= -215.96088616310107, vico ang deg= 0.0 Ground Truth= 144.03911383689893
[publish_wind_direction-2] [INFO] [1749050484.587334600] [publish_wind_direction]: ***Corrected Wind Direction= S
[publish_wind_direction-2] [INFO] [1749050485.455290888] [publish_wind_direction]: Publishing: "id151:N"
[publish_wind_direction-2] [INFO] [1749050489.330389252] [publish_wind_direction]: ***Cam angle= 73.04621407968935, vico ang deg= 0.0 Ground Truth= 73.04621407968935
[publish_wind_direction-2] [INFO] [1749050489.332893517] [publish_wind_direction]: ***Corrected Wind Direction= W
[publish_wind_direction-2] [INFO] [1749050489.337580689] [publish_wind_direction]: w=0.0 x_rot=0.0  y_rot=0.0 z_rot=0.0
[publish_wind_direction-2] [INFO] [1749050489.340160675] [publish_wind_direction]: Vicon Yaw Rads= 0.0
[publish_wind_direction-2] [INFO] [1749050489.342593568] [publish_wind_direction]: ** Vicon Yaw Degrees= 0.0
[publish_wind_direction-2] [INFO] [1749050489.345101276] [publish_wind_direction]: Vicon Position= [0.0, 0.0]
[publish_wind_direction-2] [INFO] [1749050489.347584458] [publish_wind_direction]: Neighbourhood size: 5
[publish_wind_direction-2] [INFO] [1749050490.455421857] [publish_wind_direction]: Publishing: "id151:N"
[publish_wind_direction-2] [INFO] [1749050494.380114304] [publish_wind_direction]: ***Cam angle= -230.70768858960926, vico ang deg= 0.0 Ground Truth= 129.29231141039074
[publish_wind_direction-2] [INFO] [1749050494.382499666] [publish_wind_direction]: ***Corrected Wind Direction= W
[publish_wind_direction-2] [INFO] [1749050495.455411296] [publish_wind_direction]: Publishing: "id151:N"
[publish_wind_direction-2] [INFO] [1749050499.261954957] [publish_wind_direction]: ***Cam angle= -999.0, vico ang deg= 0.0 Ground Truth= 81.0
[publish_wind_direction-2] [INFO] [1749050499.264405879] [publish_wind_direction]: ***Corrected Wind Direction= W
[publish_wind_direction-2] [INFO] [1749050500.455431841] [publish_wind_direction]: Publishing: "id151:N"
[publish_wind_direction-2] [INFO] [1749050504.348685948] [publish_wind_direction]: ***Cam angle= 49.85413198444553, vico ang deg= 0.0 Ground Truth= 49.85413198444553
[publish_wind_direction-2] [INFO] [1749050504.351082527] [publish_wind_direction]: ***Corrected Wind Direction= W
[publish_wind_direction-2] [INFO] [1749050505.455488048] [publish_wind_direction]: Publishing: "id151:N"
[publish_wind_direction-2] [INFO] [1749050509.329048362] [publish_wind_direction]: ***Cam angle= 38.388061427161006, vico ang deg= 0.0 Ground Truth= 38.388061427161006
[publish_wind_direction-2] [INFO] [1749050509.331442276] [publish_wind_direction]: ***Corrected Wind Direction= N
[publish_wind_direction-2] [INFO] [1749050510.455354472] [publish_wind_direction]: Publishing: "id151:N"
[publish_wind_direction-2] [INFO] [1749050514.369988658] [publish_wind_direction]: ***Cam angle= -999.0, vico ang deg= 0.0 Ground Truth= 81.0
[publish_wind_direction-2] [INFO] [1749050514.372457811] [publish_wind_direction]: ***Corrected Wind Direction= W
[publish_wind_direction-2] [INFO] [1749050514.376969850] [publish_wind_direction]: w=0.0 x_rot=0.0  y_rot=0.0 z_rot=0.0
[publish_wind_direction-2] [INFO] [1749050514.379457199] [publish_wind_direction]: Vicon Yaw Rads= 0.0
[publish_wind_direction-2] [INFO] [1749050514.381883059] [publish_wind_direction]: ** Vicon Yaw Degrees= 0.0
[publish_wind_direction-2] [INFO] [1749050514.384372591] [publish_wind_direction]: Vicon Position= [0.0, 0.0]
[publish_wind_direction-2] [INFO] [1749050514.386826253] [publish_wind_direction]: Neighbourhood size: 5
[publish_wind_direction-2] [INFO] [1749050515.455395002] [publish_wind_direction]: Publishing: "id151:N"
[publish_wind_direction-2] [INFO] [1749050519.283788901] [publish_wind_direction]: ***Cam angle= -73.84709715629224, vico ang deg= 0.0 Ground Truth= 286.15290284370775
[publish_wind_direction-2] [INFO] [1749050519.286199621] [publish_wind_direction]: ***Corrected Wind Direction= E
[publish_wind_direction-2] [INFO] [1749050520.455387060] [publish_wind_direction]: Publishing: "id151:N"
[publish_wind_direction-2] [INFO] [1749050524.284452160] [publish_wind_direction]: ***Cam angle= 39.245918236777015, vico ang deg= 0.0 Ground Truth= 39.245918236777015
[publish_wind_direction-2] [INFO] [1749050524.286849775] [publish_wind_direction]: ***Corrected Wind Direction= N
[publish_wind_direction-2] [INFO] [1749050525.455374105] [publish_wind_direction]: Publishing: "id151:N"
[publish_wind_direction-2] [INFO] [1749050529.633426854] [publish_wind_direction]: ***Cam angle= -1.9015825086820115, vico ang deg= 0.0 Ground Truth= 358.098417491318
[publish_wind_direction-2] [INFO] [1749050529.635868299] [publish_wind_direction]: ***Corrected Wind Direction= N
[publish_wind_direction-2] [INFO] [1749050530.455382095] [publish_wind_direction]: Publishing: "id151:N"
[publish_wind_direction-2] [INFO] [1749050534.595422309] [publish_wind_direction]: ***Cam angle= 17.03370828998338, vico ang deg= 0.0 Ground Truth= 17.03370828998338
[publish_wind_direction-2] [INFO] [1749050534.598974940] [publish_wind_direction]: ***Corrected Wind Direction= N
[publish_wind_direction-2] [INFO] [1749050535.455315258] [publish_wind_direction]: Publishing: "id151:N"
[publish_wind_direction-2] [INFO] [1749050539.377902867] [publish_wind_direction]: ***Cam angle= 11.579193614303222, vico ang deg= 0.0 Ground Truth= 11.579193614303222
[publish_wind_direction-2] [INFO] [1749050539.380393695] [publish_wind_direction]: ***Corrected Wind Direction= N
[publish_wind_direction-2] [INFO] [1749050540.455408751] [publish_wind_direction]: Publishing: "id151:N"
[publish_wind_direction-2] [INFO] [1749050544.324649215] [publish_wind_direction]: ***Cam angle= -3.784690290960455, vico ang deg= 0.0 Ground Truth= 356.21530970903956
[publish_wind_direction-2] [INFO] [1749050544.327093788] [publish_wind_direction]: ***Corrected Wind Direction= N
[publish_wind_direction-2] [INFO] [1749050544.331654155] [publish_wind_direction]: w=0.0 x_rot=0.0  y_rot=0.0 z_rot=0.0
[publish_wind_direction-2] [INFO] [1749050544.334224462] [publish_wind_direction]: Vicon Yaw Rads= 0.0
[publish_wind_direction-2] [INFO] [1749050544.336851592] [publish_wind_direction]: ** Vicon Yaw Degrees= 0.0
[publish_wind_direction-2] [INFO] [1749050544.339247264] [publish_wind_direction]: Vicon Position= [0.0, 0.0]
[publish_wind_direction-2] [INFO] [1749050544.341776239] [publish_wind_direction]: Neighbourhood size: 4
[publish_wind_direction-2] [INFO] [1749050545.456340289] [publish_wind_direction]: Publishing: "id151:N"
[publish_wind_direction-2] [INFO] [1749050549.263590338] [publish_wind_direction]: ***Cam angle= -248.29740840530323, vico ang deg= 0.0 Ground Truth= 111.70259159469677
[publish_wind_direction-2] [INFO] [1749050549.266044610] [publish_wind_direction]: ***Corrected Wind Direction= W
[publish_wind_direction-2] [INFO] [1749050550.455196755] [publish_wind_direction]: Publishing: "id151:N"
[publish_wind_direction-2] [INFO] [1749050554.765774199] [publish_wind_direction]: ***Cam angle= -254.5958060423139, vico ang deg= 0.0 Ground Truth= 105.40419395768609
[publish_wind_direction-2] [INFO] [1749050554.768236005] [publish_wind_direction]: ***Corrected Wind Direction= W
[publish_wind_direction-2] [INFO] [1749050555.455405674] [publish_wind_direction]: Publishing: "id151:N"
[publish_wind_direction-2] [INFO] [1749050559.384817131] [publish_wind_direction]: ***Cam angle= -254.1001899574234, vico ang deg= 0.0 Ground Truth= 105.8998100425766
[publish_wind_direction-2] [INFO] [1749050559.387208916] [publish_wind_direction]: ***Corrected Wind Direction= W
[publish_wind_direction-2] [INFO] [1749050560.455401385] [publish_wind_direction]: Publishing: "id151:N"
[publish_wind_direction-2] [INFO] [1749050564.307563542] [publish_wind_direction]: ***Cam angle= -27.55904681541385, vico ang deg= 0.0 Ground Truth= 332.44095318458614
[publish_wind_direction-2] [INFO] [1749050564.309994437] [publish_wind_direction]: ***Corrected Wind Direction= N
[publish_wind_direction-2] [INFO] [1749050565.455408739] [publish_wind_direction]: Publishing: "id151:N"
[publish_wind_direction-2] [INFO] [1749050569.297348121] [publish_wind_direction]: ***Cam angle= -999.0, vico ang deg= 0.0 Ground Truth= 81.0
[publish_wind_direction-2] [INFO] [1749050569.299766781] [publish_wind_direction]: ***Corrected Wind Direction= W
[publish_wind_direction-2] [INFO] [1749050569.304706329] [publish_wind_direction]: w=0.4432 x_rot=0.5362  y_rot=-0.4599 z_rot=0.5518
[publish_wind_direction-2] [INFO] [1749050569.307201895] [publish_wind_direction]: Vicon Yaw Rads= -3.014670084412098
[publish_wind_direction-2] [INFO] [1749050569.309639398] [publish_wind_direction]: ** Vicon Yaw Degrees= -172.72787246116084
[publish_wind_direction-2] [INFO] [1749050569.312058688] [publish_wind_direction]: Vicon Position= [-950.6362915039062, -292.9283752441406]
[publish_wind_direction-2] [INFO] [1749050569.314695406] [publish_wind_direction]: Neighbourhood size: 3
[publish_wind_direction-2] [INFO] [1749050570.455371596] [publish_wind_direction]: Publishing: "id151:N"
[publish_wind_direction-2] [INFO] [1749050574.281552898] [publish_wind_direction]: ***Cam angle= -57.570784595208295, vico ang deg= -172.72787246116084 Ground Truth= 129.70134294363086
[publish_wind_direction-2] [INFO] [1749050574.283977667] [publish_wind_direction]: ***Corrected Wind Direction= W
[publish_wind_direction-2] [INFO] [1749050575.455368196] [publish_wind_direction]: Publishing: "id151:N"
[publish_wind_direction-2] [INFO] [1749050579.272084622] [publish_wind_direction]: ***Cam angle= 59.3563223639774, vico ang deg= -172.72787246116084 Ground Truth= 246.62844990281656
[publish_wind_direction-2] [INFO] [1749050579.274492029] [publish_wind_direction]: ***Corrected Wind Direction= E
[publish_wind_direction-2] [INFO] [1749050580.455400556] [publish_wind_direction]: Publishing: "id151:N"
[publish_wind_direction-2] [INFO] [1749050584.268557114] [publish_wind_direction]: ***Cam angle= 7.732275824171367, vico ang deg= -172.72787246116084 Ground Truth= 195.0044033630105
[publish_wind_direction-2] [INFO] [1749050584.270932593] [publish_wind_direction]: ***Corrected Wind Direction= S
[publish_wind_direction-2] [INFO] [1749050585.455363191] [publish_wind_direction]: Publishing: "id151:N"
[publish_wind_direction-2] [INFO] [1749050589.417953940] [publish_wind_direction]: ***Cam angle= -6.040226427240739, vico ang deg= -172.72787246116084 Ground Truth= 181.2319011115984
[publish_wind_direction-2] [INFO] [1749050589.421410063] [publish_wind_direction]: ***Corrected Wind Direction= S
[publish_wind_direction-2] [INFO] [1749050590.455299877] [publish_wind_direction]: Publishing: "id151:N"
[publish_wind_direction-2] [INFO] [1749050594.656112195] [publish_wind_direction]: ***Cam angle= 53.51851354765907, vico ang deg= -172.72787246116084 Ground Truth= 240.79064108649823
[publish_wind_direction-2] [INFO] [1749050594.658512439] [publish_wind_direction]: ***Corrected Wind Direction= E
[publish_wind_direction-2] [INFO] [1749050595.455414992] [publish_wind_direction]: Publishing: "id151:N"
[publish_wind_direction-2] [INFO] [1749050599.303380803] [publish_wind_direction]: ***Cam angle= 36.41589346849443, vico ang deg= -172.72787246116084 Ground Truth= 223.6880210073336
[publish_wind_direction-2] [INFO] [1749050599.305823581] [publish_wind_direction]: ***Corrected Wind Direction= S
[publish_wind_direction-2] [INFO] [1749050600.455666797] [publish_wind_direction]: Publishing: "id151:N"
[publish_wind_direction-2] [INFO] [1749050604.219639127] [publish_wind_direction]: ***Cam angle= 32.91701193912152, vico ang deg= -172.72787246116084 Ground Truth= 220.18913947796068
[publish_wind_direction-2] [INFO] [1749050604.222102006] [publish_wind_direction]: ***Corrected Wind Direction= S
[publish_wind_direction-2] [INFO] [1749050605.455529594] [publish_wind_direction]: Publishing: "id151:N"
[publish_wind_direction-2] [INFO] [1749050609.165808524] [publish_wind_direction]: ***Cam angle= -999.0, vico ang deg= -172.72787246116084 Ground Truth= 268.2721275388392
[publish_wind_direction-2] [INFO] [1749050609.168269108] [publish_wind_direction]: ***Corrected Wind Direction= E
[publish_wind_direction-2] [INFO] [1749050610.455517180] [publish_wind_direction]: Publishing: "id151:N"
[publish_wind_direction-2] [INFO] [1749050614.736460857] [publish_wind_direction]: ***Cam angle= 20.331771872939257, vico ang deg= -172.72787246116084 Ground Truth= 207.6038994117784
[publish_wind_direction-2] [INFO] [1749050614.738829931] [publish_wind_direction]: ***Corrected Wind Direction= S
[publish_wind_direction-2] [INFO] [1749050614.743342618] [publish_wind_direction]: w=0.4432 x_rot=0.5362  y_rot=-0.4599 z_rot=0.5518
[publish_wind_direction-2] [INFO] [1749050614.745873518] [publish_wind_direction]: Vicon Yaw Rads= -3.014670084412098
[publish_wind_direction-2] [INFO] [1749050614.748308374] [publish_wind_direction]: ** Vicon Yaw Degrees= -172.72787246116084
[publish_wind_direction-2] [INFO] [1749050614.750903151] [publish_wind_direction]: Vicon Position= [-950.6362915039062, -292.9283752441406]
[publish_wind_direction-2] [INFO] [1749050614.753431275] [publish_wind_direction]: Neighbourhood size: 3
[publish_wind_direction-2] [INFO] [1749050615.455480611] [publish_wind_direction]: Publishing: "id151:N"
[publish_wind_direction-2] [INFO] [1749050619.582128882] [publish_wind_direction]: ***Cam angle= -141.02234121454734, vico ang deg= -172.72787246116084 Ground Truth= 46.24978632429179
[publish_wind_direction-2] [INFO] [1749050619.584547283] [publish_wind_direction]: ***Corrected Wind Direction= W
[publish_wind_direction-2] [INFO] [1749050620.455388755] [publish_wind_direction]: Publishing: "id151:N"
[publish_wind_direction-2] [INFO] [1749050624.390393063] [publish_wind_direction]: ***Cam angle= -178.18887553116008, vico ang deg= -172.72787246116084 Ground Truth= 9.083252007679107
[publish_wind_direction-2] [INFO] [1749050624.392834915] [publish_wind_direction]: ***Corrected Wind Direction= N
[publish_wind_direction-2] [INFO] [1749050625.455359387] [publish_wind_direction]: Publishing: "id151:N"
[publish_wind_direction-2] [INFO] [1749050629.377276648] [publish_wind_direction]: ***Cam angle= -223.01376680403416, vico ang deg= -172.72787246116084 Ground Truth= 324.258360734805
[publish_wind_direction-2] [INFO] [1749050629.379665546] [publish_wind_direction]: ***Corrected Wind Direction= N
[publish_wind_direction-2] [INFO] [1749050630.455262034] [publish_wind_direction]: Publishing: "id151:N"
[publish_wind_direction-2] [INFO] [1749050634.297604769] [publish_wind_direction]: ***Cam angle= -244.56791435961725, vico ang deg= -172.72787246116084 Ground Truth= 302.70421317922194
[publish_wind_direction-2] [INFO] [1749050634.301474519] [publish_wind_direction]: ***Corrected Wind Direction= E
[publish_wind_direction-2] [INFO] [1749050635.455386199] [publish_wind_direction]: Publishing: "id151:N"
[publish_wind_direction-2] [INFO] [1749050639.338936228] [publish_wind_direction]: ***Cam angle= -65.91668697748715, vico ang deg= -172.72787246116084 Ground Truth= 121.355440561352
[publish_wind_direction-2] [INFO] [1749050639.341465426] [publish_wind_direction]: ***Corrected Wind Direction= W
[publish_wind_direction-2] [INFO] [1749050640.455478344] [publish_wind_direction]: Publishing: "id151:N"
[publish_wind_direction-2] [INFO] [1749050644.380465755] [publish_wind_direction]: ***Cam angle= -8.175657076670902, vico ang deg= -172.72787246116084 Ground Truth= 179.09647046216827
[publish_wind_direction-2] [INFO] [1749050644.382885526] [publish_wind_direction]: ***Corrected Wind Direction= S
[publish_wind_direction-2] [INFO] [1749050645.455311341] [publish_wind_direction]: Publishing: "id151:N"
[publish_wind_direction-2] [INFO] [1749050649.378144496] [publish_wind_direction]: ***Cam angle= -999.0, vico ang deg= -172.72787246116084 Ground Truth= 268.2721275388392
[publish_wind_direction-2] [INFO] [1749050649.380586238] [publish_wind_direction]: ***Corrected Wind Direction= E
[publish_wind_direction-2] [INFO] [1749050650.455412481] [publish_wind_direction]: Publishing: "id151:N"
[publish_wind_direction-2] [INFO] [1749050654.324721856] [publish_wind_direction]: ***Cam angle= -999.0, vico ang deg= -172.72787246116084 Ground Truth= 268.2721275388392
[publish_wind_direction-2] [INFO] [1749050654.327114122] [publish_wind_direction]: ***Corrected Wind Direction= E
[publish_wind_direction-2] [INFO] [1749050654.331683651] [publish_wind_direction]: w=0.4432 x_rot=0.5362  y_rot=-0.4599 z_rot=0.5518
[publish_wind_direction-2] [INFO] [1749050654.334203002] [publish_wind_direction]: Vicon Yaw Rads= -3.014670084412098
[publish_wind_direction-2] [INFO] [1749050654.336639654] [publish_wind_direction]: ** Vicon Yaw Degrees= -172.72787246116084
[publish_wind_direction-2] [INFO] [1749050654.339008580] [publish_wind_direction]: Vicon Position= [-950.6362915039062, -292.9283752441406]
[publish_wind_direction-2] [INFO] [1749050654.341701751] [publish_wind_direction]: Neighbourhood size: 3
[publish_wind_direction-2] [INFO] [1749050655.455377782] [publish_wind_direction]: Publishing: "id151:N"
[publish_wind_direction-2] [INFO] [1749050659.329477076] [publish_wind_direction]: ***Cam angle= -3.6810097535029342, vico ang deg= -172.72787246116084 Ground Truth= 183.59111778533622
[publish_wind_direction-2] [INFO] [1749050659.331890017] [publish_wind_direction]: ***Corrected Wind Direction= S
[publish_wind_direction-2] [INFO] [1749050660.455418656] [publish_wind_direction]: Publishing: "id151:N"
[publish_wind_direction-2] [INFO] [1749050664.730037719] [publish_wind_direction]: ***Cam angle= -264.9490290007724, vico ang deg= -172.72787246116084 Ground Truth= 282.3230985380668
[publish_wind_direction-2] [INFO] [1749050664.732359372] [publish_wind_direction]: ***Corrected Wind Direction= E
[publish_wind_direction-2] [INFO] [1749050665.455928314] [publish_wind_direction]: Publishing: "id151:N"
[publish_wind_direction-2] [INFO] [1749050669.286049127] [publish_wind_direction]: ***Cam angle= -14.261486600478676, vico ang deg= -172.72787246116084 Ground Truth= 173.0106409383605
[publish_wind_direction-2] [INFO] [1749050669.288527091] [publish_wind_direction]: ***Corrected Wind Direction= S
[publish_wind_direction-2] [INFO] [1749050670.455411689] [publish_wind_direction]: Publishing: "id151:N"
[publish_wind_direction-2] [INFO] [1749050674.180450088] [publish_wind_direction]: ***Cam angle= -46.205726048804976, vico ang deg= -172.72787246116084 Ground Truth= 141.0664014900342
[publish_wind_direction-2] [INFO] [1749050674.182854792] [publish_wind_direction]: ***Corrected Wind Direction= S
[publish_wind_direction-2] [INFO] [1749050675.455370900] [publish_wind_direction]: Publishing: "id151:N"
[publish_wind_direction-2] [INFO] [1749050679.160003581] [publish_wind_direction]: ***Cam angle= -266.59089215705137, vico ang deg= -172.72787246116084 Ground Truth= 280.6812353817878
[publish_wind_direction-2] [INFO] [1749050679.162387611] [publish_wind_direction]: ***Corrected Wind Direction= E
[publish_wind_direction-2] [INFO] [1749050680.455403001] [publish_wind_direction]: Publishing: "id151:N"
[publish_wind_direction-2] [INFO] [1749050684.234205597] [publish_wind_direction]: ***Cam angle= -999.0, vico ang deg= -172.72787246116084 Ground Truth= 268.2721275388392
[publish_wind_direction-2] [INFO] [1749050684.236704698] [publish_wind_direction]: ***Corrected Wind Direction= E
[publish_wind_direction-2] [INFO] [1749050685.455394622] [publish_wind_direction]: Publishing: "id151:N"
[publish_wind_direction-2] [INFO] [1749050689.640797279] [publish_wind_direction]: ***Cam angle= 31.9931467137543, vico ang deg= -172.72787246116084 Ground Truth= 219.26527425259346
[publish_wind_direction-2] [INFO] [1749050689.643152156] [publish_wind_direction]: ***Corrected Wind Direction= S
[publish_wind_direction-2] [INFO] [1749050690.455489080] [publish_wind_direction]: Publishing: "id151:N"
[publish_wind_direction-2] [INFO] [1749050694.297329715] [publish_wind_direction]: ***Cam angle= -999.0, vico ang deg= -172.72787246116084 Ground Truth= 268.2721275388392
[publish_wind_direction-2] [INFO] [1749050694.299777917] [publish_wind_direction]: ***Corrected Wind Direction= E
[publish_wind_direction-2] [INFO] [1749050695.455411551] [publish_wind_direction]: Publishing: "id151:N"
[publish_wind_direction-2] [INFO] [1749050699.271685661] [publish_wind_direction]: ***Cam angle= 6.120365745701349, vico ang deg= -172.72787246116084 Ground Truth= 193.3924932845405
[publish_wind_direction-2] [INFO] [1749050699.275365727] [publish_wind_direction]: ***Corrected Wind Direction= S
[publish_wind_direction-2] [INFO] [1749050700.455313550] [publish_wind_direction]: Publishing: "id151:N"
[publish_wind_direction-2] [INFO] [1749050704.193872315] [publish_wind_direction]: ***Cam angle= 41.33896332002263, vico ang deg= -172.72787246116084 Ground Truth= 228.6110908588618
[publish_wind_direction-2] [INFO] [1749050704.197688184] [publish_wind_direction]: ***Corrected Wind Direction= E
[publish_wind_direction-2] [INFO] [1749050704.202241850] [publish_wind_direction]: w=0.4432 x_rot=0.5362  y_rot=-0.4599 z_rot=0.5518
[publish_wind_direction-2] [INFO] [1749050704.204752816] [publish_wind_direction]: Vicon Yaw Rads= -3.014670084412098
[publish_wind_direction-2] [INFO] [1749050704.207488984] [publish_wind_direction]: ** Vicon Yaw Degrees= -172.72787246116084
[publish_wind_direction-2] [INFO] [1749050704.209921619] [publish_wind_direction]: Vicon Position= [-950.6362915039062, -292.9283752441406]
[publish_wind_direction-2] [INFO] [1749050704.212409097] [publish_wind_direction]: Neighbourhood size: 3
[publish_wind_direction-2] [INFO] [1749050705.455502554] [publish_wind_direction]: Publishing: "id151:N"
[publish_wind_direction-2] [INFO] [1749050709.349779809] [publish_wind_direction]: ***Cam angle= 49.90943116153622, vico ang deg= -172.72787246116084 Ground Truth= 237.18155870037538
[publish_wind_direction-2] [INFO] [1749050709.352272858] [publish_wind_direction]: ***Corrected Wind Direction= E
[publish_wind_direction-2] [INFO] [1749050710.455110700] [publish_wind_direction]: Raising exception
[publish_wind_direction-2] [INFO] [1749050710.457906801] [publish_wind_direction]: Publisher stopping, exception
[INFO] [publish_wind_direction-2]: process has finished cleanly [pid 846]
[random_robot_move-1] [INFO] [1749050713.210308503] [random_robot_move]: Exception, shutting down
