[INFO] [launch]: All log files can be found below /home/thymio/.ros/log/2025-06-13-15-43-33-534615-thymio-838
[INFO] [launch]: Default logging verbosity is set to INFO
[INFO] [random_robot_move-1]: process started with pid [860]
[INFO] [service_vicon_node-2]: process started with pid [862]
[INFO] [service_neighbours_opinions-3]: process started with pid [864]
[INFO] [publish_wind_direction-4]: process started with pid [866]
[service_neighbours_opinions-3] [INFO] [1749829416.300042092] [service_neighbours_opinions]: Physical Ip=192.168.3.85, id=id85
[service_neighbours_opinions-3] [INFO] [1749829416.313326889] [service_neighbours_opinions]: Updated ID from mapping: id189
[service_vicon_node-2] [INFO] [1749829416.348748166] [service_vicon_node]: Physical Ip=192.168.3.85, id=id85
[service_vicon_node-2] [INFO] [1749829416.351705444] [service_vicon_node]: Updated ID from mapping: id189
[service_neighbours_opinions-3] [INFO] [1749829416.400849500] [service_neighbours_opinions]: Subscribed to: wind_direction/id68
[service_neighbours_opinions-3] [INFO] [1749829416.404578574] [service_neighbours_opinions]: Subscribed to: wind_direction/id136
[service_neighbours_opinions-3] [INFO] [1749829416.408405814] [service_neighbours_opinions]: Subscribed to: wind_direction/id137
[service_neighbours_opinions-3] [INFO] [1749829416.412106055] [service_neighbours_opinions]: Subscribed to: wind_direction/id142
[service_neighbours_opinions-3] [INFO] [1749829416.416591963] [service_neighbours_opinions]: Subscribed to: wind_direction/id151
[service_neighbours_opinions-3] [INFO] [1749829416.421204351] [service_neighbours_opinions]: Subscribed to: wind_direction/id152
[service_vicon_node-2] [INFO] [1749829416.423470555] [service_vicon_node]: Subscribed to: vicon/default/data
[service_neighbours_opinions-3] [INFO] [1749829416.425712555] [service_neighbours_opinions]: Subscribed to: wind_direction/id155
[service_neighbours_opinions-3] [INFO] [1749829416.429771740] [service_neighbours_opinions]: Subscribed to: wind_direction/id192
[service_neighbours_opinions-3] [INFO] [1749829416.433971185] [service_neighbours_opinions]: Subscribed to: wind_direction/id193
[service_neighbours_opinions-3] [INFO] [1749829416.437943833] [service_neighbours_opinions]: Subscribed to: wind_direction/id194
[service_neighbours_opinions-3] [INFO] [1749829416.442234481] [service_neighbours_opinions]: Subscribed to: wind_direction/id195
[service_neighbours_opinions-3] [INFO] [1749829416.446422685] [service_neighbours_opinions]: Subscribed to: wind_direction/id200
[service_neighbours_opinions-3] [INFO] [1749829416.450432148] [service_neighbours_opinions]: Subscribed to: wind_direction/id206
[service_neighbours_opinions-3] [INFO] [1749829416.454384888] [service_neighbours_opinions]: Subscribed to: wind_direction/id207
[service_neighbours_opinions-3] [INFO] [1749829416.458793166] [service_neighbours_opinions]: Subscribed to: wind_direction/id223
[service_neighbours_opinions-3] [INFO] [1749829416.462955574] [service_neighbours_opinions]: Subscribed to: wind_direction/id224
[service_neighbours_opinions-3] [INFO] [1749829416.467460833] [service_neighbours_opinions]: Subscribed to: wind_direction/id236
[service_neighbours_opinions-3] [INFO] [1749829416.471460425] [service_neighbours_opinions]: Subscribed to: wind_direction/id247
[service_neighbours_opinions-3] [INFO] [1749829416.475747537] [service_neighbours_opinions]: Subscribed to: wind_direction/id1193
[publish_wind_direction-4] /usr/lib/python3/dist-packages/scipy/__init__.py:146: UserWarning: A NumPy version >=1.17.3 and <1.25.0 is required for this version of SciPy (detected version 1.26.4
[publish_wind_direction-4]   warnings.warn(f"A NumPy version >={np_minversion} and <{np_maxversion}"
[publish_wind_direction-4] [INFO] [1749829418.144042813] [publish_wind_direction]: Physical Ip=192.168.3.85, id=id85
[publish_wind_direction-4] [INFO] [1749829418.146763776] [publish_wind_direction]: Updated ID from mapping: id189
[publish_wind_direction-4] [INFO] [1749829418.154897128] [publish_wind_direction]: Publsihing on: wind_direction/id189
[random_robot_move-1] [INFO] [1749829420.943008682] [random_robot_move]: Robot Control Node started.
[publish_wind_direction-4] [ERROR] [1749829443.206128965] [publish_wind_direction]: get_pose_data service not available!
[service_vicon_node-2] [INFO] [1749829464.110918638] [service_vicon_node]: Vicon Position= [784.3297119140625, -468.7325744628906], yaw: 318.933802519018
[service_vicon_node-2] [INFO] [1749829464.114003990] [service_vicon_node]: Neighbours: {'id193', 'id223', 'id224', 'id142', 'id192', 'id236', 'id137', 'id68', 'id207', 'id152', 'id136', 'id1193', 'id194', 'id195', 'id155', 'id247', 'id151'}
[publish_wind_direction-4] [ERROR] [1749829468.247435895] [publish_wind_direction]: get_opinions service not available!
[service_neighbours_opinions-3] [INFO] [1749829468.857421802] [service_neighbours_opinions]: * Received from id136, wind direction W
[service_neighbours_opinions-3] [INFO] [1749829468.861758857] [service_neighbours_opinions]: All opinions = {'id136': 'W'}
[publish_wind_direction-4] [INFO] [1749829472.584220188] [publish_wind_direction]: Pose info requested
[service_neighbours_opinions-3] [INFO] [1749829473.959280650] [service_neighbours_opinions]: * Received from id136, wind direction W
[service_neighbours_opinions-3] [INFO] [1749829473.962832039] [service_neighbours_opinions]: All opinions = {'id136': 'W'}
[service_vicon_node-2] [INFO] [1749829474.187376595] [service_vicon_node]: Vicon Position= [730.7540893554688, -290.6424255371094], yaw: 304.6443698571541
[service_vicon_node-2] [INFO] [1749829474.190523817] [service_vicon_node]: Neighbours: {'id200', 'id193', 'id223', 'id224', 'id142', 'id192', 'id236', 'id137', 'id68', 'id207', 'id152', 'id136', 'id1193', 'id194', 'id195', 'id155', 'id151'}
[publish_wind_direction-4] [INFO] [1749829477.122051575] [publish_wind_direction]: Pose info requested
[service_neighbours_opinions-3] [INFO] [1749829478.594567425] [service_neighbours_opinions]: * Received from id136, wind direction W
[service_neighbours_opinions-3] [INFO] [1749829478.599381240] [service_neighbours_opinions]: All opinions = {'id136': 'W'}
[publish_wind_direction-4] [INFO] [1749829482.107745627] [publish_wind_direction]: Pose info requested
[service_neighbours_opinions-3] [INFO] [1749829483.840037237] [service_neighbours_opinions]: * Received from id136, wind direction W
[service_neighbours_opinions-3] [INFO] [1749829483.843370867] [service_neighbours_opinions]: Comm. Noise, new received opinion: E
[service_neighbours_opinions-3] [INFO] [1749829483.846169182] [service_neighbours_opinions]: All opinions = {'id136': 'E'}
[service_vicon_node-2] [INFO] [1749829484.196835293] [service_vicon_node]: Vicon Position= [741.878662109375, -191.47097778320312], yaw: 38.59663898461396
[service_vicon_node-2] [INFO] [1749829484.202356330] [service_vicon_node]: Neighbours: {'id200', 'id223', 'id224', 'id142', 'id192', 'id195', 'id236', 'id137', 'id68', 'id207', 'id152', 'id136', 'id1193', 'id194', 'id206', 'id155', 'id247', 'id151'}
[publish_wind_direction-4] [INFO] [1749829487.002356958] [publish_wind_direction]: Pose info requested
[service_neighbours_opinions-3] [INFO] [1749829488.507544901] [service_neighbours_opinions]: * Received from id136, wind direction W
[service_neighbours_opinions-3] [INFO] [1749829488.510713420] [service_neighbours_opinions]: All opinions = {'id136': 'W'}
[publish_wind_direction-4] [INFO] [1749829492.002805455] [publish_wind_direction]: Pose info requested
[service_vicon_node-2] [INFO] [1749829494.338989527] [service_vicon_node]: Vicon Position= [882.123779296875, -261.1376953125], yaw: 345.14962488610826
[service_vicon_node-2] [INFO] [1749829494.342273731] [service_vicon_node]: Neighbours: {'id142', 'id192', 'id137', 'id247', 'id200', 'id193', 'id68', 'id136', 'id206', 'id155', 'id151', 'id223', 'id224', 'id236', 'id207', 'id152', 'id1193', 'id194', 'id195'}
[publish_wind_direction-4] [INFO] [1749829496.963508766] [publish_wind_direction]: Pose info requested
