[INFO] [launch]: All log files can be found below /home/thymio/.ros/log/2025-06-04-14-38-23-072293-thymio-843
[INFO] [launch]: Default logging verbosity is set to INFO
[INFO] [random_robot_move-1]: process started with pid [865]
[INFO] [publish_wind_direction-2]: process started with pid [867]
[publish_wind_direction-2] /usr/lib/python3/dist-packages/scipy/__init__.py:146: UserWarning: A NumPy version >=1.17.3 and <1.25.0 is required for this version of SciPy (detected version 1.26.4
[publish_wind_direction-2]   warnings.warn(f"A NumPy version >={np_minversion} and <{np_maxversion}"
[random_robot_move-1] [INFO] [1749047908.822047693] [random_robot_move]: Robot Control Node started.
[publish_wind_direction-2] [INFO] [1749047912.018664765] [publish_wind_direction]: Publishing: "id247:N"
[publish_wind_direction-2] [INFO] [1749047916.598896799] [publish_wind_direction]: ***Cam angle= -999.0, vico ang deg= 0.0 Ground Truth= 81.0
[publish_wind_direction-2] [INFO] [1749047916.601519651] [publish_wind_direction]: ***Corrected Wind Direction= W
[publish_wind_direction-2] [INFO] [1749047916.886007262] [publish_wind_direction]: Publishing: "id247:N"
[publish_wind_direction-2] [INFO] [1749047920.962569889] [publish_wind_direction]: ***Cam angle= -74.37150874896707, vico ang deg= 0.0 Ground Truth= 285.6284912510329
[publish_wind_direction-2] [INFO] [1749047920.965177630] [publish_wind_direction]: ***Corrected Wind Direction= E
[publish_wind_direction-2] [INFO] [1749047921.886116463] [publish_wind_direction]: Publishing: "id247:N"
[publish_wind_direction-2] [INFO] [1749047925.934438201] [publish_wind_direction]: ***Cam angle= -121.38548408813836, vico ang deg= 0.0 Ground Truth= 238.61451591186164
[publish_wind_direction-2] [INFO] [1749047925.938319293] [publish_wind_direction]: ***Corrected Wind Direction= E
[publish_wind_direction-2] [INFO] [1749047926.886390367] [publish_wind_direction]: Publishing: "id247:N"
[publish_wind_direction-2] [INFO] [1749047930.761753568] [publish_wind_direction]: ***Cam angle= -999.0, vico ang deg= 0.0 Ground Truth= 81.0
[publish_wind_direction-2] [INFO] [1749047930.765994976] [publish_wind_direction]: ***Corrected Wind Direction= W
[publish_wind_direction-2] [INFO] [1749047931.886436031] [publish_wind_direction]: Publishing: "id247:N"
[publish_wind_direction-2] [INFO] [1749047935.804254325] [publish_wind_direction]: ***Cam angle= -81.86757152506483, vico ang deg= 0.0 Ground Truth= 278.1324284749352
[publish_wind_direction-2] [INFO] [1749047935.806919325] [publish_wind_direction]: ***Corrected Wind Direction= E
[publish_wind_direction-2] [INFO] [1749047936.885831065] [publish_wind_direction]: Publishing: "id247:N"
[publish_wind_direction-2] [INFO] [1749047940.644126118] [publish_wind_direction]: ***Cam angle= -74.960212553599, vico ang deg= 0.0 Ground Truth= 285.03978744640096
[publish_wind_direction-2] [INFO] [1749047940.646529637] [publish_wind_direction]: ***Corrected Wind Direction= E
[publish_wind_direction-2] [INFO] [1749047941.886063377] [publish_wind_direction]: Publishing: "id247:N"
[publish_wind_direction-2] [INFO] [1749047945.673091041] [publish_wind_direction]: ***Cam angle= -35.894149131728966, vico ang deg= 0.0 Ground Truth= 324.10585086827103
[publish_wind_direction-2] [INFO] [1749047945.675547004] [publish_wind_direction]: ***Corrected Wind Direction= N
[publish_wind_direction-2] [INFO] [1749047946.886068688] [publish_wind_direction]: Publishing: "id247:N"
[publish_wind_direction-2] [INFO] [1749047950.714582482] [publish_wind_direction]: ***Cam angle= 29.403922258166816, vico ang deg= 0.0 Ground Truth= 29.403922258166816
[publish_wind_direction-2] [INFO] [1749047950.717048242] [publish_wind_direction]: ***Corrected Wind Direction= N
[publish_wind_direction-2] [INFO] [1749047951.886252537] [publish_wind_direction]: Publishing: "id247:N"
[publish_wind_direction-2] [INFO] [1749047955.651898868] [publish_wind_direction]: ***Cam angle= -70.05713155568094, vico ang deg= 0.0 Ground Truth= 289.94286844431906
[publish_wind_direction-2] [INFO] [1749047955.654316813] [publish_wind_direction]: ***Corrected Wind Direction= E
[publish_wind_direction-2] [INFO] [1749047956.886002182] [publish_wind_direction]: Publishing: "id247:N"
[publish_wind_direction-2] [INFO] [1749047960.755840162] [publish_wind_direction]: ***Cam angle= -92.83970905295556, vico ang deg= 0.0 Ground Truth= 267.1602909470445
[publish_wind_direction-2] [INFO] [1749047960.758236588] [publish_wind_direction]: ***Corrected Wind Direction= E
[publish_wind_direction-2] [INFO] [1749047961.886129772] [publish_wind_direction]: Publishing: "id247:N"
[publish_wind_direction-2] [INFO] [1749047965.613983381] [publish_wind_direction]: ***Cam angle= -999.0, vico ang deg= 0.0 Ground Truth= 81.0
[publish_wind_direction-2] [INFO] [1749047965.616449233] [publish_wind_direction]: ***Corrected Wind Direction= W
[publish_wind_direction-2] [INFO] [1749047966.886182621] [publish_wind_direction]: Publishing: "id247:N"
[publish_wind_direction-2] [INFO] [1749047970.713114174] [publish_wind_direction]: ***Cam angle= -136.20586974128946, vico ang deg= 0.0 Ground Truth= 223.79413025871054
[publish_wind_direction-2] [INFO] [1749047970.715572693] [publish_wind_direction]: ***Corrected Wind Direction= S
[publish_wind_direction-2] [INFO] [1749047971.886272988] [publish_wind_direction]: Publishing: "id247:N"
[publish_wind_direction-2] [INFO] [1749047975.692825579] [publish_wind_direction]: ***Cam angle= -256.6255887071669, vico ang deg= 0.0 Ground Truth= 103.37441129283309
[publish_wind_direction-2] [INFO] [1749047975.695325486] [publish_wind_direction]: ***Corrected Wind Direction= W
[publish_wind_direction-2] [INFO] [1749047976.886192763] [publish_wind_direction]: Publishing: "id247:N"
[publish_wind_direction-2] [INFO] [1749047980.696881853] [publish_wind_direction]: ***Cam angle= 88.80635443588969, vico ang deg= 0.0 Ground Truth= 88.80635443588969
[publish_wind_direction-2] [INFO] [1749047980.700461816] [publish_wind_direction]: ***Corrected Wind Direction= W
[publish_wind_direction-2] [INFO] [1749047981.886174482] [publish_wind_direction]: Publishing: "id247:N"
[publish_wind_direction-2] [INFO] [1749047985.675617776] [publish_wind_direction]: ***Cam angle= -999.0, vico ang deg= 0.0 Ground Truth= 81.0
[publish_wind_direction-2] [INFO] [1749047985.679108906] [publish_wind_direction]: ***Corrected Wind Direction= W
[publish_wind_direction-2] [INFO] [1749047986.886105702] [publish_wind_direction]: Publishing: "id247:N"
[publish_wind_direction-2] [INFO] [1749047990.637987866] [publish_wind_direction]: ***Cam angle= -235.04198824862868, vico ang deg= 0.0 Ground Truth= 124.95801175137132
[publish_wind_direction-2] [INFO] [1749047990.640457996] [publish_wind_direction]: ***Corrected Wind Direction= W
[publish_wind_direction-2] [INFO] [1749047991.886274236] [publish_wind_direction]: Publishing: "id247:N"
[publish_wind_direction-2] [INFO] [1749047995.685520622] [publish_wind_direction]: ***Cam angle= -161.64887866122695, vico ang deg= 0.0 Ground Truth= 198.35112133877305
[publish_wind_direction-2] [INFO] [1749047995.688151844] [publish_wind_direction]: ***Corrected Wind Direction= S
[publish_wind_direction-2] [INFO] [1749047996.886189862] [publish_wind_direction]: Publishing: "id247:N"
[publish_wind_direction-2] [INFO] [1749048000.711090045] [publish_wind_direction]: ***Cam angle= -999.0, vico ang deg= 0.0 Ground Truth= 81.0
[publish_wind_direction-2] [INFO] [1749048000.713555175] [publish_wind_direction]: ***Corrected Wind Direction= W
[publish_wind_direction-2] [INFO] [1749048001.886049026] [publish_wind_direction]: Publishing: "id247:N"
[publish_wind_direction-2] [INFO] [1749048005.705881209] [publish_wind_direction]: ***Cam angle= -234.1759536398454, vico ang deg= 0.0 Ground Truth= 125.8240463601546
[publish_wind_direction-2] [INFO] [1749048005.708357820] [publish_wind_direction]: ***Corrected Wind Direction= W
[publish_wind_direction-2] [INFO] [1749048006.886252560] [publish_wind_direction]: Publishing: "id247:N"
[publish_wind_direction-2] [INFO] [1749048010.728304021] [publish_wind_direction]: ***Cam angle= -83.01096560911022, vico ang deg= 0.0 Ground Truth= 276.9890343908898
[publish_wind_direction-2] [INFO] [1749048010.730743873] [publish_wind_direction]: ***Corrected Wind Direction= E
[publish_wind_direction-2] [INFO] [1749048011.886064372] [publish_wind_direction]: Publishing: "id247:N"
[publish_wind_direction-2] [INFO] [1749048015.645974425] [publish_wind_direction]: ***Cam angle= -999.0, vico ang deg= 0.0 Ground Truth= 81.0
[publish_wind_direction-2] [INFO] [1749048015.648428703] [publish_wind_direction]: ***Corrected Wind Direction= W
[publish_wind_direction-2] [INFO] [1749048016.886077387] [publish_wind_direction]: Publishing: "id247:N"
[publish_wind_direction-2] [INFO] [1749048020.674176089] [publish_wind_direction]: ***Cam angle= -207.61465320719952, vico ang deg= 0.0 Ground Truth= 152.38534679280048
[publish_wind_direction-2] [INFO] [1749048020.676711478] [publish_wind_direction]: ***Corrected Wind Direction= S
[publish_wind_direction-2] [INFO] [1749048021.886221588] [publish_wind_direction]: Publishing: "id247:N"
[publish_wind_direction-2] [INFO] [1749048025.703202938] [publish_wind_direction]: ***Cam angle= -221.26676849475928, vico ang deg= 0.0 Ground Truth= 138.73323150524072
[publish_wind_direction-2] [INFO] [1749048025.705592604] [publish_wind_direction]: ***Corrected Wind Direction= S
[publish_wind_direction-2] [INFO] [1749048026.885890326] [publish_wind_direction]: Publishing: "id247:N"
[publish_wind_direction-2] [INFO] [1749048030.695467453] [publish_wind_direction]: ***Cam angle= -96.85885633146702, vico ang deg= 0.0 Ground Truth= 263.141143668533
[publish_wind_direction-2] [INFO] [1749048030.698925268] [publish_wind_direction]: ***Corrected Wind Direction= E
[publish_wind_direction-2] [INFO] [1749048031.886096656] [publish_wind_direction]: Publishing: "id247:N"
[publish_wind_direction-2] [INFO] [1749048035.670068876] [publish_wind_direction]: ***Cam angle= 88.11363774609922, vico ang deg= 0.0 Ground Truth= 88.11363774609922
[publish_wind_direction-2] [INFO] [1749048035.672542987] [publish_wind_direction]: ***Corrected Wind Direction= W
[publish_wind_direction-2] [INFO] [1749048036.886178394] [publish_wind_direction]: Publishing: "id247:N"
[publish_wind_direction-2] [INFO] [1749048040.730691021] [publish_wind_direction]: ***Cam angle= -102.74560357618873, vico ang deg= 0.0 Ground Truth= 257.2543964238113
[publish_wind_direction-2] [INFO] [1749048040.733171058] [publish_wind_direction]: ***Corrected Wind Direction= E
[publish_wind_direction-2] [INFO] [1749048041.886216280] [publish_wind_direction]: Publishing: "id247:N"
[publish_wind_direction-2] [INFO] [1749048045.728330611] [publish_wind_direction]: ***Cam angle= -89.28419394659018, vico ang deg= 0.0 Ground Truth= 270.71580605340984
[publish_wind_direction-2] [INFO] [1749048045.730761907] [publish_wind_direction]: ***Corrected Wind Direction= E
[publish_wind_direction-2] [INFO] [1749048046.886207888] [publish_wind_direction]: Publishing: "id247:N"
[publish_wind_direction-2] [INFO] [1749048050.707682793] [publish_wind_direction]: ***Cam angle= -98.663886642986, vico ang deg= 0.0 Ground Truth= 261.336113357014
[publish_wind_direction-2] [INFO] [1749048050.710236923] [publish_wind_direction]: ***Corrected Wind Direction= E
[publish_wind_direction-2] [INFO] [1749048051.886216996] [publish_wind_direction]: Publishing: "id247:N"
[publish_wind_direction-2] [INFO] [1749048055.663235475] [publish_wind_direction]: ***Cam angle= -59.98829648778053, vico ang deg= 0.0 Ground Truth= 300.01170351221947
[publish_wind_direction-2] [INFO] [1749048055.665658235] [publish_wind_direction]: ***Corrected Wind Direction= E
[publish_wind_direction-2] [INFO] [1749048056.886195604] [publish_wind_direction]: Publishing: "id247:N"
[publish_wind_direction-2] [INFO] [1749048060.706126769] [publish_wind_direction]: ***Cam angle= -113.59747618015739, vico ang deg= 0.0 Ground Truth= 246.4025238198426
[publish_wind_direction-2] [INFO] [1749048060.708639769] [publish_wind_direction]: ***Corrected Wind Direction= E
[publish_wind_direction-2] [INFO] [1749048061.886209231] [publish_wind_direction]: Publishing: "id247:N"
[publish_wind_direction-2] [INFO] [1749048065.626871544] [publish_wind_direction]: ***Cam angle= -82.65454667216251, vico ang deg= 0.0 Ground Truth= 277.3454533278375
[publish_wind_direction-2] [INFO] [1749048065.629327895] [publish_wind_direction]: ***Corrected Wind Direction= E
[publish_wind_direction-2] [INFO] [1749048066.886207043] [publish_wind_direction]: Publishing: "id247:N"
[publish_wind_direction-2] [INFO] [1749048070.667479596] [publish_wind_direction]: ***Cam angle= -72.86083140536819, vico ang deg= 0.0 Ground Truth= 287.1391685946318
[publish_wind_direction-2] [INFO] [1749048070.669924485] [publish_wind_direction]: ***Corrected Wind Direction= E
[publish_wind_direction-2] [INFO] [1749048071.886258077] [publish_wind_direction]: Publishing: "id247:N"
[publish_wind_direction-2] [INFO] [1749048075.722160352] [publish_wind_direction]: ***Cam angle= -111.87706944265156, vico ang deg= 0.0 Ground Truth= 248.12293055734844
[publish_wind_direction-2] [INFO] [1749048075.724653797] [publish_wind_direction]: ***Corrected Wind Direction= E
[publish_wind_direction-2] [INFO] [1749048076.886218278] [publish_wind_direction]: Publishing: "id247:N"
[publish_wind_direction-2] [INFO] [1749048080.698980164] [publish_wind_direction]: ***Cam angle= -111.82262941586856, vico ang deg= 0.0 Ground Truth= 248.17737058413144
[publish_wind_direction-2] [INFO] [1749048080.702360016] [publish_wind_direction]: ***Corrected Wind Direction= E
[publish_wind_direction-2] [INFO] [1749048081.886061775] [publish_wind_direction]: Publishing: "id247:N"
[publish_wind_direction-2] [INFO] [1749048085.645306883] [publish_wind_direction]: ***Cam angle= -93.77249141634285, vico ang deg= 0.0 Ground Truth= 266.22750858365714
[publish_wind_direction-2] [INFO] [1749048085.647786217] [publish_wind_direction]: ***Corrected Wind Direction= E
[publish_wind_direction-2] [INFO] [1749048086.886229753] [publish_wind_direction]: Publishing: "id247:N"
[publish_wind_direction-2] [INFO] [1749048090.762414695] [publish_wind_direction]: ***Cam angle= -126.08465935130229, vico ang deg= 0.0 Ground Truth= 233.9153406486977
[publish_wind_direction-2] [INFO] [1749048090.765931325] [publish_wind_direction]: ***Corrected Wind Direction= E
[publish_wind_direction-2] [INFO] [1749048091.886125972] [publish_wind_direction]: Publishing: "id247:N"
[publish_wind_direction-2] [INFO] [1749048095.619969489] [publish_wind_direction]: ***Cam angle= 35.125324188989595, vico ang deg= 0.0 Ground Truth= 35.125324188989595
[publish_wind_direction-2] [INFO] [1749048095.622417711] [publish_wind_direction]: ***Corrected Wind Direction= N
[publish_wind_direction-2] [INFO] [1749048096.886205136] [publish_wind_direction]: Publishing: "id247:N"
[publish_wind_direction-2] [INFO] [1749048100.678820097] [publish_wind_direction]: ***Cam angle= 42.5840160226152, vico ang deg= 0.0 Ground Truth= 42.5840160226152
[publish_wind_direction-2] [INFO] [1749048100.681239282] [publish_wind_direction]: ***Corrected Wind Direction= N
[publish_wind_direction-2] [INFO] [1749048101.886128337] [publish_wind_direction]: Publishing: "id247:N"
[publish_wind_direction-2] [INFO] [1749048105.627453020] [publish_wind_direction]: ***Cam angle= 54.96325515896902, vico ang deg= 0.0 Ground Truth= 54.96325515896902
[publish_wind_direction-2] [INFO] [1749048105.629852094] [publish_wind_direction]: ***Corrected Wind Direction= W
[publish_wind_direction-2] [INFO] [1749048106.886191778] [publish_wind_direction]: Publishing: "id247:N"
[publish_wind_direction-2] [INFO] [1749048110.689152609] [publish_wind_direction]: ***Cam angle= -123.74098409975213, vico ang deg= 0.0 Ground Truth= 236.25901590024787
[publish_wind_direction-2] [INFO] [1749048110.691621424] [publish_wind_direction]: ***Corrected Wind Direction= E
[publish_wind_direction-2] [INFO] [1749048111.886186016] [publish_wind_direction]: Publishing: "id247:N"
[publish_wind_direction-2] [INFO] [1749048115.627610032] [publish_wind_direction]: ***Cam angle= -999.0, vico ang deg= 0.0 Ground Truth= 81.0
[publish_wind_direction-2] [INFO] [1749048115.630032699] [publish_wind_direction]: ***Corrected Wind Direction= W
[publish_wind_direction-2] [INFO] [1749048116.886201865] [publish_wind_direction]: Publishing: "id247:N"
[publish_wind_direction-2] [INFO] [1749048120.610302492] [publish_wind_direction]: ***Cam angle= -63.98099411976858, vico ang deg= 0.0 Ground Truth= 296.0190058802314
[publish_wind_direction-2] [INFO] [1749048120.612828992] [publish_wind_direction]: ***Corrected Wind Direction= E
[publish_wind_direction-2] [INFO] [1749048121.886172084] [publish_wind_direction]: Publishing: "id247:N"
[publish_wind_direction-2] [INFO] [1749048125.614322600] [publish_wind_direction]: ***Cam angle= -58.831159466076656, vico ang deg= 0.0 Ground Truth= 301.16884053392334
[publish_wind_direction-2] [INFO] [1749048125.616859415] [publish_wind_direction]: ***Corrected Wind Direction= E
[publish_wind_direction-2] [INFO] [1749048126.886184470] [publish_wind_direction]: Publishing: "id247:N"
[publish_wind_direction-2] [INFO] [1749048130.653398820] [publish_wind_direction]: ***Cam angle= -82.32700844008717, vico ang deg= 0.0 Ground Truth= 277.6729915599128
[publish_wind_direction-2] [INFO] [1749048130.655872801] [publish_wind_direction]: ***Corrected Wind Direction= E
[publish_wind_direction-2] [INFO] [1749048131.886248226] [publish_wind_direction]: Publishing: "id247:N"
[publish_wind_direction-2] [INFO] [1749048135.675554668] [publish_wind_direction]: ***Cam angle= -81.60363173746013, vico ang deg= 0.0 Ground Truth= 278.39636826253985
[publish_wind_direction-2] [INFO] [1749048135.677980483] [publish_wind_direction]: ***Corrected Wind Direction= E
[publish_wind_direction-2] [INFO] [1749048136.886197020] [publish_wind_direction]: Publishing: "id247:N"
[publish_wind_direction-2] [INFO] [1749048140.705291332] [publish_wind_direction]: ***Cam angle= -115.62227927068399, vico ang deg= 0.0 Ground Truth= 244.37772072931602
[publish_wind_direction-2] [INFO] [1749048140.708748888] [publish_wind_direction]: ***Corrected Wind Direction= E
[publish_wind_direction-2] [INFO] [1749048141.886187443] [publish_wind_direction]: Publishing: "id247:N"
[publish_wind_direction-2] [INFO] [1749048145.801926514] [publish_wind_direction]: ***Cam angle= -999.0, vico ang deg= 0.0 Ground Truth= 81.0
[publish_wind_direction-2] [INFO] [1749048145.804367218] [publish_wind_direction]: ***Corrected Wind Direction= W
[publish_wind_direction-2] [INFO] [1749048146.886205347] [publish_wind_direction]: Publishing: "id247:N"
[publish_wind_direction-2] [INFO] [1749048150.961853011] [publish_wind_direction]: ***Cam angle= -124.4336957138137, vico ang deg= 0.0 Ground Truth= 235.5663042861863
[publish_wind_direction-2] [INFO] [1749048150.965395363] [publish_wind_direction]: ***Corrected Wind Direction= E
[publish_wind_direction-2] [INFO] [1749048151.886097714] [publish_wind_direction]: Publishing: "id247:N"
[publish_wind_direction-2] [INFO] [1749048155.726809231] [publish_wind_direction]: ***Cam angle= -43.4789120103929, vico ang deg= 0.0 Ground Truth= 316.5210879896071
[publish_wind_direction-2] [INFO] [1749048155.729204953] [publish_wind_direction]: ***Corrected Wind Direction= N
[publish_wind_direction-2] [INFO] [1749048156.886245341] [publish_wind_direction]: Publishing: "id247:N"
[publish_wind_direction-2] [INFO] [1749048160.621049617] [publish_wind_direction]: ***Cam angle= -131.16371632689956, vico ang deg= 0.0 Ground Truth= 228.83628367310044
[publish_wind_direction-2] [INFO] [1749048160.623495987] [publish_wind_direction]: ***Corrected Wind Direction= E
[publish_wind_direction-2] [INFO] [1749048161.886598523] [publish_wind_direction]: Publishing: "id247:N"
[publish_wind_direction-2] [INFO] [1749048165.899026484] [publish_wind_direction]: ***Cam angle= -80.80365243432382, vico ang deg= 0.0 Ground Truth= 279.1963475656762
[publish_wind_direction-2] [INFO] [1749048165.901448539] [publish_wind_direction]: ***Corrected Wind Direction= E
[publish_wind_direction-2] [INFO] [1749048166.886346465] [publish_wind_direction]: Publishing: "id247:N"
[publish_wind_direction-2] [INFO] [1749048170.639088111] [publish_wind_direction]: ***Cam angle= 24.205080448516796, vico ang deg= 0.0 Ground Truth= 24.205080448516796
[publish_wind_direction-2] [INFO] [1749048170.641461518] [publish_wind_direction]: ***Corrected Wind Direction= N
[publish_wind_direction-2] [INFO] [1749048171.886254091] [publish_wind_direction]: Publishing: "id247:N"
[publish_wind_direction-2] [INFO] [1749048175.703725737] [publish_wind_direction]: ***Cam angle= 9.934036946581301, vico ang deg= 0.0 Ground Truth= 9.934036946581301
[publish_wind_direction-2] [INFO] [1749048175.706110663] [publish_wind_direction]: ***Corrected Wind Direction= N
[publish_wind_direction-2] [INFO] [1749048176.886231588] [publish_wind_direction]: Publishing: "id247:N"
[publish_wind_direction-2] [INFO] [1749048180.665280438] [publish_wind_direction]: ***Cam angle= -36.516378091780126, vico ang deg= 0.0 Ground Truth= 323.4836219082199
[publish_wind_direction-2] [INFO] [1749048180.667722475] [publish_wind_direction]: ***Corrected Wind Direction= N
[publish_wind_direction-2] [INFO] [1749048181.886191956] [publish_wind_direction]: Publishing: "id247:N"
[publish_wind_direction-2] [INFO] [1749048185.631162861] [publish_wind_direction]: ***Cam angle= -201.01781554959769, vico ang deg= 0.0 Ground Truth= 158.98218445040231
[publish_wind_direction-2] [INFO] [1749048185.633679824] [publish_wind_direction]: ***Corrected Wind Direction= S
[publish_wind_direction-2] [INFO] [1749048186.886216749] [publish_wind_direction]: Publishing: "id247:N"
[publish_wind_direction-2] [INFO] [1749048190.633074562] [publish_wind_direction]: ***Cam angle= -208.55775216756507, vico ang deg= 0.0 Ground Truth= 151.44224783243493
[publish_wind_direction-2] [INFO] [1749048190.635552525] [publish_wind_direction]: ***Corrected Wind Direction= S
[publish_wind_direction-2] [INFO] [1749048191.886189746] [publish_wind_direction]: Publishing: "id247:N"
[publish_wind_direction-2] [INFO] [1749048195.596738059] [publish_wind_direction]: ***Cam angle= 53.7265545395646, vico ang deg= 0.0 Ground Truth= 53.7265545395646
[publish_wind_direction-2] [INFO] [1749048195.599247966] [publish_wind_direction]: ***Corrected Wind Direction= W
[publish_wind_direction-2] [INFO] [1749048196.886188317] [publish_wind_direction]: Publishing: "id247:N"
[publish_wind_direction-2] [INFO] [1749048200.672609333] [publish_wind_direction]: ***Cam angle= -41.823934026422194, vico ang deg= 0.0 Ground Truth= 318.1760659735778
[publish_wind_direction-2] [INFO] [1749048200.675058778] [publish_wind_direction]: ***Corrected Wind Direction= N
[publish_wind_direction-2] [INFO] [1749048201.886240333] [publish_wind_direction]: Publishing: "id247:N"
[publish_wind_direction-2] [INFO] [1749048205.656839053] [publish_wind_direction]: ***Cam angle= -99.29205462662823, vico ang deg= 0.0 Ground Truth= 260.7079453733718
[publish_wind_direction-2] [INFO] [1749048205.659289534] [publish_wind_direction]: ***Corrected Wind Direction= E
[publish_wind_direction-2] [INFO] [1749048206.886199626] [publish_wind_direction]: Publishing: "id247:N"
[publish_wind_direction-2] [INFO] [1749048210.651018513] [publish_wind_direction]: ***Cam angle= 16.994543026176444, vico ang deg= 0.0 Ground Truth= 16.994543026176444
[publish_wind_direction-2] [INFO] [1749048210.653410809] [publish_wind_direction]: ***Corrected Wind Direction= N
[publish_wind_direction-2] [INFO] [1749048211.885958012] [publish_wind_direction]: Raising exception
[publish_wind_direction-2] [INFO] [1749048211.888908808] [publish_wind_direction]: Publisher stopping, exception
[random_robot_move-1] [INFO] [1749048212.122432790] [random_robot_move]: Exception, shutting down
[INFO] [publish_wind_direction-2]: process has finished cleanly [pid 867]
