[5.182s] Invoking command in '/home/thymio/ros2_ws/src/wind_direction_detector': PYTHONPATH=/home/thymio/ros2_ws/build/wind_direction_detector/prefix_override:/usr/lib/python3/dist-packages/colcon_core/task/python/colcon_distutils_commands:/home/thymio/ros2_ws/install/wind_direction_detector/lib/python3.10/site-packages:${PYTHONPATH} /usr/bin/python3 -W ignore:setup.py install is deprecated -W ignore:easy_install command is deprecated setup.py egg_info --egg-base ../../build/wind_direction_detector build --build-base /home/thymio/ros2_ws/build/wind_direction_detector/build install --record /home/thymio/ros2_ws/build/wind_direction_detector/install.log --single-version-externally-managed install_data
[6.491s] running egg_info
[6.495s] writing ../../build/wind_direction_detector/wind_direction_detector.egg-info/PKG-INFO
[6.497s] writing dependency_links to ../../build/wind_direction_detector/wind_direction_detector.egg-info/dependency_links.txt
[6.498s] writing entry points to ../../build/wind_direction_detector/wind_direction_detector.egg-info/entry_points.txt
[6.499s] writing requirements to ../../build/wind_direction_detector/wind_direction_detector.egg-info/requires.txt
[6.500s] writing top-level names to ../../build/wind_direction_detector/wind_direction_detector.egg-info/top_level.txt
[6.509s] reading manifest file '../../build/wind_direction_detector/wind_direction_detector.egg-info/SOURCES.txt'
[6.511s] adding license file 'LICENSE'
[6.514s] writing manifest file '../../build/wind_direction_detector/wind_direction_detector.egg-info/SOURCES.txt'
[6.515s] running build
[6.515s] running build_py
[6.517s] copying wind_direction_detector/publish_direction.py -> /home/thymio/ros2_ws/build/wind_direction_detector/build/lib/wind_direction_detector
[6.518s] running install
[6.520s] running install_lib
[6.524s] copying /home/thymio/ros2_ws/build/wind_direction_detector/build/lib/wind_direction_detector/publish_direction.py -> /home/thymio/ros2_ws/install/wind_direction_detector/lib/python3.10/site-packages/wind_direction_detector
[6.528s] byte-compiling /home/thymio/ros2_ws/install/wind_direction_detector/lib/python3.10/site-packages/wind_direction_detector/publish_direction.py to publish_direction.cpython-310.pyc
[6.538s] running install_data
[6.539s] running install_egg_info
[6.547s] removing '/home/thymio/ros2_ws/install/wind_direction_detector/lib/python3.10/site-packages/wind_direction_detector-0.0.0-py3.10.egg-info' (and everything under it)
[6.549s] Copying ../../build/wind_direction_detector/wind_direction_detector.egg-info to /home/thymio/ros2_ws/install/wind_direction_detector/lib/python3.10/site-packages/wind_direction_detector-0.0.0-py3.10.egg-info
[6.564s] running install_scripts
[6.695s] Installing publish_wind_direction script to /home/thymio/ros2_ws/install/wind_direction_detector/lib/wind_direction_detector
[6.695s] Installing random_robot_move script to /home/thymio/ros2_ws/install/wind_direction_detector/lib/wind_direction_detector
[6.696s] Installing receive_wind_direction script to /home/thymio/ros2_ws/install/wind_direction_detector/lib/wind_direction_detector
[6.709s] writing list of installed files to '/home/thymio/ros2_ws/build/wind_direction_detector/install.log'
[6.826s] Invoked command in '/home/thymio/ros2_ws/src/wind_direction_detector' returned '0': PYTHONPATH=/home/thymio/ros2_ws/build/wind_direction_detector/prefix_override:/usr/lib/python3/dist-packages/colcon_core/task/python/colcon_distutils_commands:/home/thymio/ros2_ws/install/wind_direction_detector/lib/python3.10/site-packages:${PYTHONPATH} /usr/bin/python3 -W ignore:setup.py install is deprecated -W ignore:easy_install command is deprecated setup.py egg_info --egg-base ../../build/wind_direction_detector build --build-base /home/thymio/ros2_ws/build/wind_direction_detector/build install --record /home/thymio/ros2_ws/build/wind_direction_detector/install.log --single-version-externally-managed install_data
