1749833137.1118431 [INFO] [launch]: All log files can be found below /home/thymio/ros_logs/2025-06-13-16-45-37-108662-thymio-3967
1749833137.1125796 [INFO] [launch]: Default logging verbosity is set to INFO
1749833137.3318577 [INFO] [service_vicon_node-1]: process started with pid [3968]
1749833137.3328419 [INFO] [service_neighbours_opinions-2]: process started with pid [3970]
1749833137.3335381 [INFO] [random_robot_move-3]: process started with pid [3972]
1749833137.3341711 [INFO] [publish_wind_direction-4]: process started with pid [3974]
1749833138.9335928 [publish_wind_direction-4] /usr/lib/python3/dist-packages/scipy/__init__.py:146: UserWarning: A NumPy version >=1.17.3 and <1.25.0 is required for this version of SciPy (detected version 1.26.4
1749833138.9341352 [publish_wind_direction-4]   warnings.warn(f"A NumPy version >={np_minversion} and <{np_maxversion}"
1749833139.0007215 [service_vicon_node-1] [INFO] [1749833138.999837023] [service_vicon_node]: Physical Ip=192.168.3.86, id=id86
1749833139.0040865 [service_vicon_node-1] [INFO] [1749833139.003300301] [service_vicon_node]: Updated ID from mapping: id155
1749833139.0175557 [service_vicon_node-1] [INFO] [1749833139.016876319] [service_vicon_node]: Subscribed to: vicon/default/data
1749833139.0556829 [service_neighbours_opinions-2] [INFO] [1749833139.054977005] [service_neighbours_opinions]: Physical Ip=192.168.3.86, id=id86
1749833139.0607812 [service_neighbours_opinions-2] [INFO] [1749833139.060035467] [service_neighbours_opinions]: Updated ID from mapping: id155
1749833139.0719912 [service_neighbours_opinions-2] [INFO] [1749833139.071243190] [service_neighbours_opinions]: Subscribed to: wind_direction/id68
1749833139.0783715 [service_neighbours_opinions-2] [INFO] [1749833139.077715801] [service_neighbours_opinions]: Subscribed to: wind_direction/id136
1749833139.0840452 [service_neighbours_opinions-2] [INFO] [1749833139.083339190] [service_neighbours_opinions]: Subscribed to: wind_direction/id137
1749833139.0899379 [service_neighbours_opinions-2] [INFO] [1749833139.089242560] [service_neighbours_opinions]: Subscribed to: wind_direction/id142
1749833139.0956070 [service_neighbours_opinions-2] [INFO] [1749833139.094931727] [service_neighbours_opinions]: Subscribed to: wind_direction/id151
1749833139.1010842 [service_neighbours_opinions-2] [INFO] [1749833139.100282579] [service_neighbours_opinions]: Subscribed to: wind_direction/id152
1749833139.1048400 [service_neighbours_opinions-2] [INFO] [1749833139.104021430] [service_neighbours_opinions]: Subscribed to: wind_direction/id189
1749833139.1085927 [service_neighbours_opinions-2] [INFO] [1749833139.107775097] [service_neighbours_opinions]: Subscribed to: wind_direction/id192
1749833139.1121502 [service_neighbours_opinions-2] [INFO] [1749833139.111456042] [service_neighbours_opinions]: Subscribed to: wind_direction/id193
1749833139.1159232 [service_neighbours_opinions-2] [INFO] [1749833139.115161097] [service_neighbours_opinions]: Subscribed to: wind_direction/id194
1749833139.1196802 [service_neighbours_opinions-2] [INFO] [1749833139.118966616] [service_neighbours_opinions]: Subscribed to: wind_direction/id195
1749833139.1234062 [service_neighbours_opinions-2] [INFO] [1749833139.122694912] [service_neighbours_opinions]: Subscribed to: wind_direction/id200
1749833139.1271498 [service_neighbours_opinions-2] [INFO] [1749833139.126460319] [service_neighbours_opinions]: Subscribed to: wind_direction/id206
1749833139.1308701 [service_neighbours_opinions-2] [INFO] [1749833139.130175449] [service_neighbours_opinions]: Subscribed to: wind_direction/id207
1749833139.1345248 [service_neighbours_opinions-2] [INFO] [1749833139.133839801] [service_neighbours_opinions]: Subscribed to: wind_direction/id223
1749833139.1382232 [service_neighbours_opinions-2] [INFO] [1749833139.137431819] [service_neighbours_opinions]: Subscribed to: wind_direction/id224
1749833139.1420448 [service_neighbours_opinions-2] [INFO] [1749833139.141282653] [service_neighbours_opinions]: Subscribed to: wind_direction/id236
1749833139.1457741 [service_neighbours_opinions-2] [INFO] [1749833139.145070430] [service_neighbours_opinions]: Subscribed to: wind_direction/id247
1749833139.1494055 [service_neighbours_opinions-2] [INFO] [1749833139.148747449] [service_neighbours_opinions]: Subscribed to: wind_direction/id1193
1749833139.4209344 [publish_wind_direction-4] [INFO] [1749833139.420199745] [publish_wind_direction]: Physical Ip=192.168.3.86, id=id86
1749833139.4242375 [publish_wind_direction-4] [INFO] [1749833139.423631967] [publish_wind_direction]: Updated ID from mapping: id155
1749833139.4325554 [publish_wind_direction-4] [INFO] [1749833139.431917782] [publish_wind_direction]: Publsihing on: wind_direction/id155
1749833146.9202747 [random_robot_move-3] [INFO] [1749833146.919509055] [random_robot_move]: Robot Control Node started.
1749833162.9719312 [service_vicon_node-1] [INFO] [1749833162.971181731] [service_vicon_node]: Frame_no: 136284
1749833164.4875054 [publish_wind_direction-4] [ERROR] [1749833164.486818378] [publish_wind_direction]: get_pose_data service not available!
1749833173.9129078 [service_vicon_node-1] [INFO] [1749833173.912009502] [service_vicon_node]: Frame_no: 136604
1749833174.5685477 [service_vicon_node-1] /opt/ros/humble/local/lib/python3.10/dist-packages/rclpy/service.py:76: RuntimeWarning: failed to send response (timeout): client will not receive response, at ./src/rmw_response.cpp:154, at ./src/rcl/service.c:314
1749833174.5692866 [service_vicon_node-1]   self.__service.service_send_response(response, header.request_id)
1749833184.1205013 [service_vicon_node-1] [INFO] [1749833184.119695441] [service_vicon_node]: Frame_no: 136919
1749833194.2890959 [service_vicon_node-1] [INFO] [1749833194.288343360] [service_vicon_node]: Frame_no: 137228
1749833205.1786368 [service_vicon_node-1] [INFO] [1749833205.177625224] [service_vicon_node]: Frame_no: 137550
1749833216.2035649 [service_vicon_node-1] [INFO] [1749833216.202806625] [service_vicon_node]: Frame_no: 137883
1749833217.1375401 [service_neighbours_opinions-2] [INFO] [1749833217.136734884] [service_neighbours_opinions]: All opinions size= 6
1749833217.1444459 [publish_wind_direction-4] [INFO] [1749833217.143701810] [publish_wind_direction]: ### Informed ###
1749833217.1482384 [publish_wind_direction-4] [INFO] [1749833217.147664310] [publish_wind_direction]: Publishing: id155:W
1749833217.1509259 [publish_wind_direction-4] [INFO] [1749833217.150370365] [publish_wind_direction]: ------------------
1749833221.8140078 [service_neighbours_opinions-2] [INFO] [1749833221.813353585] [service_neighbours_opinions]: All opinions size= 6
1749833221.9686470 [publish_wind_direction-4] [INFO] [1749833221.967949251] [publish_wind_direction]: ### Informed ###
1749833221.9745450 [publish_wind_direction-4] [INFO] [1749833221.973901437] [publish_wind_direction]: Publishing: id155:W
1749833221.9775810 [publish_wind_direction-4] [INFO] [1749833221.977025900] [publish_wind_direction]: ------------------
1749833226.7432971 [service_vicon_node-1] [INFO] [1749833226.742007304] [service_vicon_node]: Frame_no: 138198
1749833226.9721904 [service_neighbours_opinions-2] [INFO] [1749833226.971135767] [service_neighbours_opinions]: All opinions size= 6
1749833226.9767754 [publish_wind_direction-4] [INFO] [1749833226.975831397] [publish_wind_direction]: ### Informed ###
1749833226.9804780 [publish_wind_direction-4] [INFO] [1749833226.979663230] [publish_wind_direction]: Publishing: id155:W
1749833226.9832337 [publish_wind_direction-4] [INFO] [1749833226.982447804] [publish_wind_direction]: ------------------
1749833232.5626500 [service_neighbours_opinions-2] [INFO] [1749833232.561775004] [service_neighbours_opinions]: All opinions size= 6
1749833232.5697393 [publish_wind_direction-4] [INFO] [1749833232.568577912] [publish_wind_direction]: ### Informed ###
1749833232.5737700 [publish_wind_direction-4] [INFO] [1749833232.573017412] [publish_wind_direction]: Publishing: id155:W
1749833232.5786858 [publish_wind_direction-4] [INFO] [1749833232.578068708] [publish_wind_direction]: ------------------
1749833237.2546480 [service_vicon_node-1] [INFO] [1749833237.253831298] [service_vicon_node]: Frame_no: 138514
1749833237.3014333 [service_neighbours_opinions-2] [INFO] [1749833237.300739816] [service_neighbours_opinions]: All opinions size= 8
1749833237.3056991 [publish_wind_direction-4] [INFO] [1749833237.305024187] [publish_wind_direction]: ### Informed ###
1749833237.3094356 [publish_wind_direction-4] [INFO] [1749833237.308854835] [publish_wind_direction]: Publishing: id155:N
1749833237.3123744 [publish_wind_direction-4] [INFO] [1749833237.311786761] [publish_wind_direction]: ------------------
1749833247.9052272 [service_vicon_node-1] [INFO] [1749833247.904594199] [service_vicon_node]: Frame_no: 138831
1749833258.0236821 [service_vicon_node-1] [INFO] [1749833258.022709656] [service_vicon_node]: Frame_no: 139140
1749833269.0470448 [service_vicon_node-1] [INFO] [1749833269.046076797] [service_vicon_node]: Frame_no: 139471
1749833279.6322663 [service_vicon_node-1] [INFO] [1749833279.630193736] [service_vicon_node]: Frame_no: 139788
1749833289.8343775 [service_vicon_node-1] [INFO] [1749833289.833031618] [service_vicon_node]: Frame_no: 140095
1749833300.0669706 [service_vicon_node-1] [INFO] [1749833300.066268538] [service_vicon_node]: Frame_no: 140402
1749833310.3032522 [service_vicon_node-1] [INFO] [1749833310.302553699] [service_vicon_node]: Frame_no: 140709
1749833320.4742491 [service_vicon_node-1] [INFO] [1749833320.473570137] [service_vicon_node]: Frame_no: 141014
1749833330.7108345 [service_vicon_node-1] [INFO] [1749833330.710120742] [service_vicon_node]: Frame_no: 141321
1749833340.9739795 [service_vicon_node-1] [INFO] [1749833340.973307366] [service_vicon_node]: Frame_no: 141629
1749833351.1352425 [service_vicon_node-1] [INFO] [1749833351.134534360] [service_vicon_node]: Frame_no: 141934
1749833361.3329923 [service_vicon_node-1] [INFO] [1749833361.332005761] [service_vicon_node]: Frame_no: 142240
1749833371.5572987 [service_vicon_node-1] [INFO] [1749833371.556603736] [service_vicon_node]: Frame_no: 142546
1749833381.7062449 [service_vicon_node-1] [INFO] [1749833381.705564397] [service_vicon_node]: Frame_no: 142851
1749833391.8703074 [service_vicon_node-1] [INFO] [1749833391.869617465] [service_vicon_node]: Frame_no: 143156
1749833402.0685232 [service_vicon_node-1] [INFO] [1749833402.067806663] [service_vicon_node]: Frame_no: 143462
1749833412.2686930 [service_vicon_node-1] [INFO] [1749833412.267977656] [service_vicon_node]: Frame_no: 143768
1749833422.4042914 [service_vicon_node-1] [INFO] [1749833422.403310650] [service_vicon_node]: Frame_no: 144072
1749833432.5416777 [service_vicon_node-1] [INFO] [1749833432.540969256] [service_vicon_node]: Frame_no: 144376
1749833442.7037132 [service_vicon_node-1] [INFO] [1749833442.702645120] [service_vicon_node]: Frame_no: 144681
1749833452.8791590 [service_vicon_node-1] [INFO] [1749833452.878458040] [service_vicon_node]: Frame_no: 144986
1749833463.0381446 [service_vicon_node-1] [INFO] [1749833463.037475034] [service_vicon_node]: Frame_no: 145291
1749833473.2055597 [service_vicon_node-1] [INFO] [1749833473.204917731] [service_vicon_node]: Frame_no: 145596
1749833483.3394270 [service_vicon_node-1] [INFO] [1749833483.338732596] [service_vicon_node]: Frame_no: 145900
1749833493.5349314 [service_vicon_node-1] [INFO] [1749833493.534218256] [service_vicon_node]: Frame_no: 146206
1749833503.7226269 [service_vicon_node-1] [INFO] [1749833503.721950991] [service_vicon_node]: Frame_no: 146511
1749833513.9086607 [service_vicon_node-1] [INFO] [1749833513.907951207] [service_vicon_node]: Frame_no: 146817
1749833524.0380771 [service_vicon_node-1] [INFO] [1749833524.037120423] [service_vicon_node]: Frame_no: 147121
1749833534.2478561 [service_vicon_node-1] [INFO] [1749833534.246509232] [service_vicon_node]: Frame_no: 147427
1749833544.4678226 [service_vicon_node-1] [INFO] [1749833544.466887022] [service_vicon_node]: Frame_no: 147734
1749833554.6109047 [service_vicon_node-1] [INFO] [1749833554.609926961] [service_vicon_node]: Frame_no: 148038
1749833564.8074651 [service_vicon_node-1] [INFO] [1749833564.806771751] [service_vicon_node]: Frame_no: 148344
1749833575.0044510 [service_vicon_node-1] [INFO] [1749833575.003466485] [service_vicon_node]: Frame_no: 148650
1749833585.1766655 [service_vicon_node-1] [INFO] [1749833585.175691794] [service_vicon_node]: Frame_no: 148955
1749833595.3747401 [service_vicon_node-1] [INFO] [1749833595.373436381] [service_vicon_node]: Frame_no: 149261
1749833605.5703542 [service_vicon_node-1] [INFO] [1749833605.569667023] [service_vicon_node]: Frame_no: 149567
1749833615.6797974 [service_vicon_node-1] [INFO] [1749833615.678815480] [service_vicon_node]: Frame_no: 149870
1749833625.8351533 [service_vicon_node-1] [INFO] [1749833625.834473863] [service_vicon_node]: Frame_no: 150175
1749833636.0371583 [service_vicon_node-1] [INFO] [1749833636.036152208] [service_vicon_node]: Frame_no: 150481
1749833646.2051749 [service_vicon_node-1] [INFO] [1749833646.204497702] [service_vicon_node]: Frame_no: 150786
1749833656.3741274 [service_vicon_node-1] [INFO] [1749833656.373157400] [service_vicon_node]: Frame_no: 151091
1749833666.5425522 [service_vicon_node-1] [INFO] [1749833666.541899227] [service_vicon_node]: Frame_no: 151396
1749833676.7378097 [service_vicon_node-1] [INFO] [1749833676.736842054] [service_vicon_node]: Frame_no: 151702
1749833686.8732619 [service_vicon_node-1] [INFO] [1749833686.872148863] [service_vicon_node]: Frame_no: 152006
1749833697.0393455 [service_vicon_node-1] [INFO] [1749833697.038309931] [service_vicon_node]: Frame_no: 152311
1749833707.1731317 [service_vicon_node-1] [INFO] [1749833707.172089592] [service_vicon_node]: Frame_no: 152615
1749833717.3433924 [service_vicon_node-1] [INFO] [1749833717.342724401] [service_vicon_node]: Frame_no: 152920
1749833727.5376365 [service_vicon_node-1] [INFO] [1749833727.536914820] [service_vicon_node]: Frame_no: 153226
1749833737.7439406 [service_vicon_node-1] [INFO] [1749833737.742998092] [service_vicon_node]: Frame_no: 153532
1749833747.8810103 [service_vicon_node-1] [INFO] [1749833747.880362790] [service_vicon_node]: Frame_no: 153836
1749833758.0388196 [service_vicon_node-1] [INFO] [1749833758.038133265] [service_vicon_node]: Frame_no: 154141
1749833768.2098851 [service_vicon_node-1] [INFO] [1749833768.209215130] [service_vicon_node]: Frame_no: 154446
1749833778.3778682 [service_vicon_node-1] [INFO] [1749833778.377218123] [service_vicon_node]: Frame_no: 154751
1749833788.5370774 [service_vicon_node-1] [INFO] [1749833788.536225469] [service_vicon_node]: Frame_no: 155056
1749833798.7766643 [service_vicon_node-1] [INFO] [1749833798.775649222] [service_vicon_node]: Frame_no: 155363
1749833808.9739850 [service_vicon_node-1] [INFO] [1749833808.973311939] [service_vicon_node]: Frame_no: 155669
1749833819.1781814 [service_vicon_node-1] [INFO] [1749833819.177228692] [service_vicon_node]: Frame_no: 155975
1749833829.3806238 [service_vicon_node-1] [INFO] [1749833829.379921130] [service_vicon_node]: Frame_no: 156281
1749833839.5391121 [service_vicon_node-1] [INFO] [1749833839.538436680] [service_vicon_node]: Frame_no: 156586
1749833849.8071854 [service_vicon_node-1] [INFO] [1749833849.806223507] [service_vicon_node]: Frame_no: 156894
1749833859.9745758 [service_vicon_node-1] [INFO] [1749833859.973589019] [service_vicon_node]: Frame_no: 157199
1749833870.1761873 [service_vicon_node-1] [INFO] [1749833870.175545458] [service_vicon_node]: Frame_no: 157505
1749833880.4051659 [service_vicon_node-1] [INFO] [1749833880.404490007] [service_vicon_node]: Frame_no: 157812
1749833890.6082230 [service_vicon_node-1] [INFO] [1749833890.607258705] [service_vicon_node]: Frame_no: 158118
1749833900.7771170 [service_vicon_node-1] [INFO] [1749833900.776445106] [service_vicon_node]: Frame_no: 158423
1749833910.9755676 [service_vicon_node-1] [INFO] [1749833910.974614248] [service_vicon_node]: Frame_no: 158729
1749833921.1787689 [service_vicon_node-1] [INFO] [1749833921.177887686] [service_vicon_node]: Frame_no: 159035
1749833931.3440306 [service_vicon_node-1] [INFO] [1749833931.343348180] [service_vicon_node]: Frame_no: 159340
1749833941.6148903 [service_vicon_node-1] [INFO] [1749833941.614205619] [service_vicon_node]: Frame_no: 159648
1749833951.7762554 [service_vicon_node-1] [INFO] [1749833951.775552631] [service_vicon_node]: Frame_no: 159953
1749833961.9800341 [service_vicon_node-1] [INFO] [1749833961.979323144] [service_vicon_node]: Frame_no: 160259
1749833972.1430416 [service_vicon_node-1] [INFO] [1749833972.141985156] [service_vicon_node]: Frame_no: 160564
1749833982.3074501 [service_vicon_node-1] [INFO] [1749833982.306528317] [service_vicon_node]: Frame_no: 160869
1749833992.5074875 [service_vicon_node-1] [INFO] [1749833992.506534588] [service_vicon_node]: Frame_no: 161175
1749834002.6777444 [service_vicon_node-1] [INFO] [1749834002.676747268] [service_vicon_node]: Frame_no: 161480
1749834012.8399479 [service_vicon_node-1] [INFO] [1749834012.839265632] [service_vicon_node]: Frame_no: 161785
1749834022.9442420 [service_vicon_node-1] [INFO] [1749834022.943558385] [service_vicon_node]: Frame_no: 162088
1749834033.1093612 [service_vicon_node-1] [INFO] [1749834033.108446268] [service_vicon_node]: Frame_no: 162393
1749834043.2468383 [service_vicon_node-1] [INFO] [1749834043.245897040] [service_vicon_node]: Frame_no: 162697
1749834053.4466560 [service_vicon_node-1] [INFO] [1749834053.445711256] [service_vicon_node]: Frame_no: 163003
1749834063.5767677 [service_vicon_node-1] [INFO] [1749834063.576061898] [service_vicon_node]: Frame_no: 163307
1749834073.7776606 [service_vicon_node-1] [INFO] [1749834073.776986688] [service_vicon_node]: Frame_no: 163613
1749834083.9767659 [service_vicon_node-1] [INFO] [1749834083.976058052] [service_vicon_node]: Frame_no: 163919
1749834094.1789324 [service_vicon_node-1] [INFO] [1749834094.178245861] [service_vicon_node]: Frame_no: 164225
1749834104.4216130 [service_vicon_node-1] [INFO] [1749834104.420921392] [service_vicon_node]: Frame_no: 164532
1749834114.5780666 [service_vicon_node-1] [INFO] [1749834114.577401256] [service_vicon_node]: Frame_no: 164837
1749834124.7117319 [service_vicon_node-1] [INFO] [1749834124.711037380] [service_vicon_node]: Frame_no: 165141
1749834134.8771644 [service_vicon_node-1] [INFO] [1749834134.876172781] [service_vicon_node]: Frame_no: 165446
1749834145.0128663 [service_vicon_node-1] [INFO] [1749834145.012162146] [service_vicon_node]: Frame_no: 165750
1749834155.1885967 [service_vicon_node-1] [INFO] [1749834155.187862695] [service_vicon_node]: Frame_no: 166055
1749834165.4093494 [service_vicon_node-1] [INFO] [1749834165.408661504] [service_vicon_node]: Frame_no: 166362
1749834175.5511427 [service_vicon_node-1] [INFO] [1749834175.550082294] [service_vicon_node]: Frame_no: 166666
1749834185.7138140 [service_vicon_node-1] [INFO] [1749834185.712854566] [service_vicon_node]: Frame_no: 166971
1749834195.8451715 [service_vicon_node-1] [INFO] [1749834195.844264097] [service_vicon_node]: Frame_no: 167275
1749834205.9796662 [service_vicon_node-1] [INFO] [1749834205.978987109] [service_vicon_node]: Frame_no: 167579
1749834216.2456491 [service_vicon_node-1] [INFO] [1749834216.244967362] [service_vicon_node]: Frame_no: 167887
1749834226.4500096 [service_vicon_node-1] [INFO] [1749834226.449306523] [service_vicon_node]: Frame_no: 168193
1749834236.5829084 [service_vicon_node-1] [INFO] [1749834236.582234461] [service_vicon_node]: Frame_no: 168497
1749834246.7776933 [service_vicon_node-1] [INFO] [1749834246.777047400] [service_vicon_node]: Frame_no: 168803
1749834256.9764652 [service_vicon_node-1] [INFO] [1749834256.975692357] [service_vicon_node]: Frame_no: 169109
1749834267.1826363 [service_vicon_node-1] [INFO] [1749834267.181946110] [service_vicon_node]: Frame_no: 169415
1749834277.4162095 [service_vicon_node-1] [INFO] [1749834277.415247733] [service_vicon_node]: Frame_no: 169722
1749834287.6348882 [service_vicon_node-1] [INFO] [1749834287.634185746] [service_vicon_node]: Frame_no: 170028
1749834297.8125534 [service_vicon_node-1] [INFO] [1749834297.811842666] [service_vicon_node]: Frame_no: 170334
1749834307.9789672 [service_vicon_node-1] [INFO] [1749834307.978298845] [service_vicon_node]: Frame_no: 170639
1749834318.1463830 [service_vicon_node-1] [INFO] [1749834318.145675691] [service_vicon_node]: Frame_no: 170944
1749834328.3459215 [service_vicon_node-1] [INFO] [1749834328.345250092] [service_vicon_node]: Frame_no: 171250
1749834338.5561247 [service_vicon_node-1] [INFO] [1749834338.555457586] [service_vicon_node]: Frame_no: 171556
1749834339.1526582 [service_neighbours_opinions-2] [INFO] [1749834339.151969382] [service_neighbours_opinions]: Raising exception at 17:05:39
1749834339.2847059 [service_neighbours_opinions-2] Traceback (most recent call last):
1749834339.2855928 [service_neighbours_opinions-2]   File "/home/thymio/ros2_ws/install/wind_direction_detector/lib/python3.10/site-packages/wind_direction_detector/neighbours_opinion_node.py", line 114, in main
1749834339.2875218 [service_neighbours_opinions-2]     rclpy.spin(neighbours_node)
1749834339.2883196 [service_neighbours_opinions-2]   File "/opt/ros/humble/local/lib/python3.10/dist-packages/rclpy/__init__.py", line 226, in spin
1749834339.2891495 [service_neighbours_opinions-2]     executor.spin_once()
1749834339.2906327 [service_neighbours_opinions-2]   File "/opt/ros/humble/local/lib/python3.10/dist-packages/rclpy/executors.py", line 739, in spin_once
1749834339.2919695 [service_neighbours_opinions-2]     self._spin_once_impl(timeout_sec)
1749834339.2933512 [service_neighbours_opinions-2]   File "/opt/ros/humble/local/lib/python3.10/dist-packages/rclpy/executors.py", line 736, in _spin_once_impl
1749834339.2949686 [service_neighbours_opinions-2]     raise handler.exception()
1749834339.2963777 [service_neighbours_opinions-2]   File "/opt/ros/humble/local/lib/python3.10/dist-packages/rclpy/task.py", line 239, in __call__
1749834339.2977216 [service_neighbours_opinions-2]     self._handler.send(None)
1749834339.2991173 [service_neighbours_opinions-2]   File "/opt/ros/humble/local/lib/python3.10/dist-packages/rclpy/executors.py", line 437, in handler
1749834339.3004699 [service_neighbours_opinions-2]     await call_coroutine(entity, arg)
1749834339.3018262 [service_neighbours_opinions-2]   File "/opt/ros/humble/local/lib/python3.10/dist-packages/rclpy/executors.py", line 351, in _execute_timer
1749834339.3056965 [service_neighbours_opinions-2]     await await_or_execute(tmr.callback)
1749834339.3071365 [service_neighbours_opinions-2]   File "/opt/ros/humble/local/lib/python3.10/dist-packages/rclpy/executors.py", line 107, in await_or_execute
1749834339.3085330 [service_neighbours_opinions-2]     return callback(*args)
1749834339.3098311 [service_neighbours_opinions-2]   File "/home/thymio/ros2_ws/install/wind_direction_detector/lib/python3.10/site-packages/wind_direction_detector/neighbours_opinion_node.py", line 65, in stop_execution
1749834339.3111026 [service_neighbours_opinions-2]     raise Exception
1749834339.3123825 [service_neighbours_opinions-2] Exception
1749834339.3144586 [service_neighbours_opinions-2] 
1749834339.3158150 [service_neighbours_opinions-2] During handling of the above exception, another exception occurred:
1749834339.3172476 [service_neighbours_opinions-2] 
1749834339.3186083 [service_neighbours_opinions-2] Traceback (most recent call last):
1749834339.3196023 [service_neighbours_opinions-2]   File "/home/thymio/ros2_ws/install/wind_direction_detector/lib/wind_direction_detector/service_neighbours_opinions", line 33, in <module>
1749834339.3208981 [service_neighbours_opinions-2]     sys.exit(load_entry_point('wind-direction-detector==0.0.0', 'console_scripts', 'service_neighbours_opinions')())
1749834339.3223152 [service_neighbours_opinions-2]   File "/home/thymio/ros2_ws/install/wind_direction_detector/lib/python3.10/site-packages/wind_direction_detector/neighbours_opinion_node.py", line 120, in main
1749834339.3235202 [service_neighbours_opinions-2]     neighbours_node.get_logger().error(e)
1749834339.3249593 [service_neighbours_opinions-2]   File "/opt/ros/humble/local/lib/python3.10/dist-packages/rclpy/impl/rcutils_logger.py", line 345, in error
1749834339.3262439 [service_neighbours_opinions-2]     return self.log(message, LoggingSeverity.ERROR, **kwargs)
1749834339.3271716 [service_neighbours_opinions-2]   File "/opt/ros/humble/local/lib/python3.10/dist-packages/rclpy/impl/rcutils_logger.py", line 318, in log
1749834339.3282113 [service_neighbours_opinions-2]     _rclpy.rclpy_logging_rcutils_log(
1749834339.3292892 [service_neighbours_opinions-2] TypeError: rclpy_logging_rcutils_log(): incompatible function arguments. The following argument types are supported:
1749834339.3301528 [service_neighbours_opinions-2]     1. (arg0: int, arg1: str, arg2: str, arg3: str, arg4: str, arg5: int) -> None
1749834339.3317127 [service_neighbours_opinions-2] 
1749834339.3329921 [service_neighbours_opinions-2] Invoked with: <LoggingSeverity.ERROR: 40>, 'service_neighbours_opinions', Exception(), 'main', '/home/thymio/ros2_ws/install/wind_direction_detector/lib/python3.10/site-packages/wind_direction_detector/neighbours_opinion_node.py', 120
1749834339.6755230 [service_vicon_node-1] [INFO] [1749834339.674756844] [service_vicon_node]: Vicon node, runtime finished, raising exception
1749834339.6804960 [service_vicon_node-1] [INFO] [1749834339.679745474] [service_vicon_node]: Vicon Node Stopping, Times up
1749834342.1581306 [INFO] [service_vicon_node-1]: process has finished cleanly [pid 3968]
1749834343.3830504 [ERROR] [service_neighbours_opinions-2]: process has died [pid 3970, exit code 1, cmd '/home/thymio/ros2_ws/install/wind_direction_detector/lib/wind_direction_detector/service_neighbours_opinions --ros-args -r __node:=service_neighbours_opinions'].
1749834350.0475211 [random_robot_move-3] [INFO] [1749834350.046895616] [random_robot_move]: robot move: excetion raised at 17:05:50
1749834350.0500379 [random_robot_move-3] [INFO] [1749834350.049486783] [random_robot_move]: Exception, shutting down
1749834350.0751104 [random_robot_move-3] Initializing Thymio Robot
1749834350.0754213 [random_robot_move-3] Thymio 5019 is connected
1749834350.0755684 [random_robot_move-3] ['_id', 'event.source', 'event.args', '_fwversion', '_productId', 'buttons._raw', 'button.backward', 'button.left', 'button.center', 'button.forward', 'button.right', 'buttons._mean', 'buttons._noise', 'prox.horizontal', 'prox.comm.rx._payloads', 'prox.comm.rx._intensities', 'prox.comm.rx', 'prox.comm.tx', 'prox.ground.ambiant', 'prox.ground.reflected', 'prox.ground.delta', 'motor.left.target', 'motor.right.target', '_vbat', '_imot', 'motor.left.speed', 'motor.right.speed', 'motor.left.pwm', 'motor.right.pwm', '_integrator', 'acc', 'leds.top', 'leds.bottom.left', 'leds.bottom.right', 'leds.circle', 'temperature', 'rc5.address', 'rc5.command', 'mic.intensity', 'mic.threshold', 'mic._mean', 'timer.period', 'acc._tap', 'sd.present']
1749834350.0757077 [random_robot_move-3] Robot connected
