1749830878.3432827 [INFO] [launch]: All log files can be found below /home/thymio/ros_logs/2025-06-13-16-07-58-340070-thymio-2171
1749830878.3439608 [INFO] [launch]: Default logging verbosity is set to INFO
1749830878.6626263 [INFO] [random_robot_move-1]: process started with pid [2172]
1749830878.6636245 [INFO] [service_vicon_node-2]: process started with pid [2174]
1749830878.6643581 [INFO] [service_neighbours_opinions-3]: process started with pid [2176]
1749830878.6649859 [INFO] [publish_wind_direction-4]: process started with pid [2178]
1749830880.3022163 [service_vicon_node-2] [INFO] [1749830880.301431500] [service_vicon_node]: Physical Ip=192.168.4.75, id=id75
1749830880.3147318 [service_vicon_node-2] [INFO] [1749830880.313941371] [service_vicon_node]: Updated ID from mapping: id195
1749830880.3196170 [service_neighbours_opinions-3] [INFO] [1749830880.318878074] [service_neighbours_opinions]: Physical Ip=192.168.4.75, id=id75
1749830880.3222654 [service_neighbours_opinions-3] [INFO] [1749830880.321729112] [service_neighbours_opinions]: Updated ID from mapping: id195
1749830880.3325729 [service_neighbours_opinions-3] [INFO] [1749830880.331883834] [service_neighbours_opinions]: Subscribed to: wind_direction/id68
1749830880.3345077 [service_vicon_node-2] [INFO] [1749830880.332363426] [service_vicon_node]: Subscribed to: vicon/default/data
1749830880.3368707 [service_neighbours_opinions-3] [INFO] [1749830880.336178667] [service_neighbours_opinions]: Subscribed to: wind_direction/id136
1749830880.3415301 [service_neighbours_opinions-3] [INFO] [1749830880.340816371] [service_neighbours_opinions]: Subscribed to: wind_direction/id137
1749830880.3454084 [service_neighbours_opinions-3] [INFO] [1749830880.344770056] [service_neighbours_opinions]: Subscribed to: wind_direction/id142
1749830880.3490546 [service_neighbours_opinions-3] [INFO] [1749830880.348473204] [service_neighbours_opinions]: Subscribed to: wind_direction/id151
1749830880.3525243 [service_neighbours_opinions-3] [INFO] [1749830880.351927649] [service_neighbours_opinions]: Subscribed to: wind_direction/id152
1749830880.3559248 [service_neighbours_opinions-3] [INFO] [1749830880.355322889] [service_neighbours_opinions]: Subscribed to: wind_direction/id155
1749830880.3595665 [service_neighbours_opinions-3] [INFO] [1749830880.358936371] [service_neighbours_opinions]: Subscribed to: wind_direction/id189
1749830880.3629189 [service_neighbours_opinions-3] [INFO] [1749830880.362369611] [service_neighbours_opinions]: Subscribed to: wind_direction/id192
1749830880.3665922 [service_neighbours_opinions-3] [INFO] [1749830880.365927408] [service_neighbours_opinions]: Subscribed to: wind_direction/id193
1749830880.3701236 [service_neighbours_opinions-3] [INFO] [1749830880.369531463] [service_neighbours_opinions]: Subscribed to: wind_direction/id194
1749830880.3735054 [service_neighbours_opinions-3] [INFO] [1749830880.372940371] [service_neighbours_opinions]: Subscribed to: wind_direction/id200
1749830880.3769889 [service_neighbours_opinions-3] [INFO] [1749830880.376382037] [service_neighbours_opinions]: Subscribed to: wind_direction/id206
1749830880.3803220 [service_neighbours_opinions-3] [INFO] [1749830880.379761111] [service_neighbours_opinions]: Subscribed to: wind_direction/id207
1749830880.3837566 [service_neighbours_opinions-3] [INFO] [1749830880.383189426] [service_neighbours_opinions]: Subscribed to: wind_direction/id223
1749830880.3874147 [service_neighbours_opinions-3] [INFO] [1749830880.386676204] [service_neighbours_opinions]: Subscribed to: wind_direction/id224
1749830880.3907723 [service_neighbours_opinions-3] [INFO] [1749830880.390203463] [service_neighbours_opinions]: Subscribed to: wind_direction/id236
1749830880.3941655 [service_neighbours_opinions-3] [INFO] [1749830880.393586371] [service_neighbours_opinions]: Subscribed to: wind_direction/id247
1749830880.3978419 [service_neighbours_opinions-3] [INFO] [1749830880.397019352] [service_neighbours_opinions]: Subscribed to: wind_direction/id1193
1749830881.1169050 [publish_wind_direction-4] /usr/lib/python3/dist-packages/scipy/__init__.py:146: UserWarning: A NumPy version >=1.17.3 and <1.25.0 is required for this version of SciPy (detected version 1.26.4
1749830881.1175992 [publish_wind_direction-4]   warnings.warn(f"A NumPy version >={np_minversion} and <{np_maxversion}"
1749830882.0703931 [publish_wind_direction-4] [INFO] [1749830882.069712055] [publish_wind_direction]: Physical Ip=192.168.4.75, id=id75
1749830882.0730562 [publish_wind_direction-4] [INFO] [1749830882.072453129] [publish_wind_direction]: Updated ID from mapping: id195
1749830882.0815933 [publish_wind_direction-4] [INFO] [1749830882.080882647] [publish_wind_direction]: Publsihing on: wind_direction/id195
1749830888.2408867 [random_robot_move-1] [INFO] [1749830888.240174718] [random_robot_move]: Robot Control Node started.
1749830901.0311513 [service_vicon_node-2] [INFO] [1749830901.030409321] [service_vicon_node]: Vicon Position= [876.0137329101562, -493.86932373046875], yaw: 165.23363870306156
1749830901.0339098 [service_vicon_node-2] [INFO] [1749830901.033254266] [service_vicon_node]: Neighbours: {'id223', 'id207', 'id193', 'id137', 'id189', 'id68', 'id151', 'id142'}
1749830911.1157172 [service_vicon_node-2] [INFO] [1749830911.114333241] [service_vicon_node]: Vicon Position= [962.7080688476562, -366.7963562011719], yaw: -29.394420639234713
1749830911.1215601 [service_vicon_node-2] [INFO] [1749830911.120825686] [service_vicon_node]: Neighbours: {'id223', 'id207', 'id137', 'id189', 'id151'}
1749830921.2178979 [service_vicon_node-2] [INFO] [1749830921.217063272] [service_vicon_node]: Vicon Position= [939.5579833984375, -200.50086975097656], yaw: -85.44902823867714
1749830921.2210107 [service_vicon_node-2] [INFO] [1749830921.220304272] [service_vicon_node]: Neighbours: {'id155', 'id223', 'id247', 'id207', 'id193', 'id137', 'id189', 'id151'}
1749830926.1737194 [publish_wind_direction-4] [ERROR] [1749830926.173039603] [publish_wind_direction]: get_opinions service not available!
1749830926.1781440 [publish_wind_direction-4] [INFO] [1749830926.177568010] [publish_wind_direction]: Main Pub Node: Requesting Pose Info
1749830927.0854111 [publish_wind_direction-4] [INFO] [1749830927.084483935] [publish_wind_direction]: Main Pub Node: Requesting Pose Info
1749830932.0847280 [publish_wind_direction-4] [INFO] [1749830932.084075266] [publish_wind_direction]: Main Pub Node: Requesting Pose Info
1749830932.2572258 [service_vicon_node-2] [INFO] [1749830932.256505747] [service_vicon_node]: Vicon Position= [775.849853515625, 65.10980987548828], yaw: -56.225095809794524
1749830932.2628403 [service_vicon_node-2] [INFO] [1749830932.262152766] [service_vicon_node]: Neighbours: {'id155', 'id223', 'id136', 'id247', 'id207', 'id193', 'id189', 'id194', 'id151'}
1749830934.6205862 [service_vicon_node-2] [INFO] [1749830934.619792024] [service_vicon_node]: Request received. Responding with pos=array('f', [749.786376953125, 105.98384094238281]), yaw=-62.608433226703205, neigh=['id155', 'id223', 'id136', 'id247', 'id207', 'id193', 'id189', 'id194', 'id151']Response to be returned: service_messages.srv.GetPoseData_Response(my_position_xy=[749.786376953125, 105.98384094238281], my_vicon_yaw=-62.608433226703205, neighbours_by_id=['id155', 'id223', 'id136', 'id247', 'id207', 'id193', 'id189', 'id194', 'id151'])
1749830934.7219269 [service_vicon_node-2] /opt/ros/humble/local/lib/python3.10/dist-packages/rclpy/service.py:76: RuntimeWarning: failed to send response (timeout): client will not receive response, at ./src/rmw_response.cpp:154, at ./src/rcl/service.c:314
1749830934.7227733 [service_vicon_node-2]   self.__service.service_send_response(response, header.request_id)
1749830934.7276373 [service_vicon_node-2] [INFO] [1749830934.726739653] [service_vicon_node]: Request received. Responding with pos=array('f', [716.7520751953125, 158.14126586914062]), yaw=-97.10092488041454, neigh=['id155', 'id223', 'id136', 'id247', 'id207', 'id193', 'id189', 'id68', 'id194', 'id151']Response to be returned: service_messages.srv.GetPoseData_Response(my_position_xy=[716.7520751953125, 158.14126586914062], my_vicon_yaw=-97.10092488041454, neighbours_by_id=['id155', 'id223', 'id136', 'id247', 'id207', 'id193', 'id189', 'id68', 'id194', 'id151'])
1749830934.8323801 [service_vicon_node-2] [INFO] [1749830934.831524931] [service_vicon_node]: Request received. Responding with pos=array('f', [716.7520751953125, 158.14126586914062]), yaw=-97.10092488041454, neigh=['id155', 'id223', 'id136', 'id247', 'id207', 'id193', 'id189', 'id68', 'id194', 'id151']Response to be returned: service_messages.srv.GetPoseData_Response(my_position_xy=[716.7520751953125, 158.14126586914062], my_vicon_yaw=-97.10092488041454, neighbours_by_id=['id155', 'id223', 'id136', 'id247', 'id207', 'id193', 'id189', 'id68', 'id194', 'id151'])
1749830937.0847256 [publish_wind_direction-4] [INFO] [1749830937.084071892] [publish_wind_direction]: Main Pub Node: Requesting Pose Info
1749830939.2076647 [service_vicon_node-2] [INFO] [1749830939.206901836] [service_vicon_node]: Request received. Responding with pos=array('f', [704.5553588867188, 177.07325744628906]), yaw=-64.27344249863431, neigh=['id155', 'id223', 'id136', 'id247', 'id207', 'id193', 'id189', 'id68', 'id194', 'id151']Response to be returned: service_messages.srv.GetPoseData_Response(my_position_xy=[704.5553588867188, 177.07325744628906], my_vicon_yaw=-64.27344249863431, neighbours_by_id=['id155', 'id223', 'id136', 'id247', 'id207', 'id193', 'id189', 'id68', 'id194', 'id151'])
1749830942.0848291 [publish_wind_direction-4] [INFO] [1749830942.084175630] [publish_wind_direction]: Main Pub Node: Requesting Pose Info
1749830943.2222393 [service_vicon_node-2] [INFO] [1749830943.221543259] [service_vicon_node]: Vicon Position= [599.328857421875, 183.91683959960938], yaw: 22.536666380744624
1749830943.2251382 [service_vicon_node-2] [INFO] [1749830943.224396204] [service_vicon_node]: Neighbours: {'id155', 'id223', 'id136', 'id247', 'id207', 'id193', 'id189', 'id68', 'id194', 'id151', 'id142'}
1749830944.7659719 [service_vicon_node-2] [INFO] [1749830944.765179943] [service_vicon_node]: Request received. Responding with pos=array('f', [602.3949584960938, 118.48062133789062]), yaw=55.65050906360664, neigh=['id155', 'id223', 'id136', 'id247', 'id207', 'id193', 'id189', 'id68', 'id194', 'id151']Response to be returned: service_messages.srv.GetPoseData_Response(my_position_xy=[602.3949584960938, 118.48062133789062], my_vicon_yaw=55.65050906360664, neighbours_by_id=['id155', 'id223', 'id136', 'id247', 'id207', 'id193', 'id189', 'id68', 'id194', 'id151'])
1749830947.0848777 [publish_wind_direction-4] [INFO] [1749830947.084229572] [publish_wind_direction]: Main Pub Node: Requesting Pose Info
1749830947.4590774 [service_vicon_node-2] [INFO] [1749830947.457753757] [service_vicon_node]: Request received. Responding with pos=array('f', [620.3931884765625, 260.5482482910156]), yaw=-82.79009454278186, neigh=['id155', 'id223', 'id136', 'id247', 'id207', 'id193', 'id189', 'id68', 'id206', 'id194', 'id151']Response to be returned: service_messages.srv.GetPoseData_Response(my_position_xy=[620.3931884765625, 260.5482482910156], my_vicon_yaw=-82.79009454278186, neighbours_by_id=['id155', 'id223', 'id136', 'id247', 'id207', 'id193', 'id189', 'id68', 'id206', 'id194', 'id151'])
1749830952.0854218 [publish_wind_direction-4] [INFO] [1749830952.084688235] [publish_wind_direction]: Main Pub Node: Requesting Pose Info
1749830952.0915675 [service_vicon_node-2] [INFO] [1749830952.090810791] [service_vicon_node]: Request received. Responding with pos=array('f', [529.3112182617188, 342.7018737792969]), yaw=-67.22407678196029, neigh=['id155', 'id1193', 'id136', 'id247', 'id207', 'id193', 'id189', 'id206', 'id194', 'id151']Response to be returned: service_messages.srv.GetPoseData_Response(my_position_xy=[529.3112182617188, 342.7018737792969], my_vicon_yaw=-67.22407678196029, neighbours_by_id=['id155', 'id1193', 'id136', 'id247', 'id207', 'id193', 'id189', 'id206', 'id194', 'id151'])
1749830954.9568048 [service_vicon_node-2] [INFO] [1749830954.956052289] [service_vicon_node]: Vicon Position= [525.045654296875, 346.5826721191406], yaw: -70.36022909210168
