[  2%] Built target vicon_receiver__cpp
[  5%] [32mBuilding C object CMakeFiles/vicon_receiver__rosidl_generator_c.dir/rosidl_generator_c/vicon_receiver/msg/detail/position__functions.c.o[0m
[  7%] [32mBuilding C object CMakeFiles/vicon_receiver__rosidl_generator_c.dir/rosidl_generator_c/vicon_receiver/msg/detail/position_list__functions.c.o[0m
[  7%] Built target ament_cmake_python_copy_vicon_receiver
[35m[1mConsolidate compiler generated dependencies of target vicon_receiver__rosidl_typesupport_cpp[0m
[35m[1mConsolidate compiler generated dependencies of target vicon_receiver__rosidl_typesupport_fastrtps_cpp[0m
[35m[1mConsolidate compiler generated dependencies of target vicon_receiver__rosidl_typesupport_introspection_cpp[0m
[ 17%] [32mBuilding CXX object CMakeFiles/vicon_receiver__rosidl_typesupport_cpp.dir/rosidl_typesupport_cpp/vicon_receiver/msg/position__type_support.cpp.o[0m
[ 17%] [32mBuilding CXX object CMakeFiles/vicon_receiver__rosidl_typesupport_introspection_cpp.dir/rosidl_typesupport_introspection_cpp/vicon_receiver/msg/detail/position_list__type_support.cpp.o[0m
[ 17%] [32mBuilding CXX object CMakeFiles/vicon_receiver__rosidl_typesupport_cpp.dir/rosidl_typesupport_cpp/vicon_receiver/msg/position_list__type_support.cpp.o[0m
[ 17%] [32mBuilding CXX object CMakeFiles/vicon_receiver__rosidl_typesupport_fastrtps_cpp.dir/rosidl_typesupport_fastrtps_cpp/vicon_receiver/msg/detail/dds_fastrtps/position__type_support.cpp.o[0m
[ 20%] [32mBuilding CXX object CMakeFiles/vicon_receiver__rosidl_typesupport_fastrtps_cpp.dir/rosidl_typesupport_fastrtps_cpp/vicon_receiver/msg/detail/dds_fastrtps/position_list__type_support.cpp.o[0m
[ 23%] [32mBuilding CXX object CMakeFiles/vicon_receiver__rosidl_typesupport_introspection_cpp.dir/rosidl_typesupport_introspection_cpp/vicon_receiver/msg/detail/position__type_support.cpp.o[0m
[ 25%] [32m[1mLinking C shared library libvicon_receiver__rosidl_generator_c.so[0m
[ 28%] Built target vicon_receiver__rosidl_generator_c
[35m[1mConsolidate compiler generated dependencies of target vicon_receiver__rosidl_typesupport_fastrtps_c[0m
[ 35%] [32mBuilding CXX object CMakeFiles/vicon_receiver__rosidl_typesupport_c.dir/rosidl_typesupport_c/vicon_receiver/msg/position_list__type_support.cpp.o[0m
[ 35%] [32mBuilding C object CMakeFiles/vicon_receiver__rosidl_typesupport_introspection_c.dir/rosidl_typesupport_introspection_c/vicon_receiver/msg/detail/position__type_support.c.o[0m
[ 35%] [32mBuilding CXX object CMakeFiles/vicon_receiver__rosidl_typesupport_c.dir/rosidl_typesupport_c/vicon_receiver/msg/position__type_support.cpp.o[0m
[ 38%] [32mBuilding C object CMakeFiles/vicon_receiver__rosidl_typesupport_introspection_c.dir/rosidl_typesupport_introspection_c/vicon_receiver/msg/detail/position_list__type_support.c.o[0m
[ 41%] [32mBuilding CXX object CMakeFiles/vicon_receiver__rosidl_typesupport_fastrtps_c.dir/rosidl_typesupport_fastrtps_c/vicon_receiver/msg/detail/position__type_support_c.cpp.o[0m
[ 43%] [32mBuilding CXX object CMakeFiles/vicon_receiver__rosidl_typesupport_fastrtps_c.dir/rosidl_typesupport_fastrtps_c/vicon_receiver/msg/detail/position_list__type_support_c.cpp.o[0m
[ 46%] [32m[1mLinking CXX shared library libvicon_receiver__rosidl_typesupport_c.so[0m
[ 48%] [32m[1mLinking C shared library libvicon_receiver__rosidl_typesupport_introspection_c.so[0m
[ 53%] Built target vicon_receiver__rosidl_typesupport_c
[ 53%] Built target vicon_receiver__rosidl_typesupport_introspection_c
running egg_info
writing vicon_receiver.egg-info/PKG-INFO
writing dependency_links to vicon_receiver.egg-info/dependency_links.txt
writing top-level names to vicon_receiver.egg-info/top_level.txt
reading manifest file 'vicon_receiver.egg-info/SOURCES.txt'
writing manifest file 'vicon_receiver.egg-info/SOURCES.txt'
[ 53%] Built target ament_cmake_python_build_vicon_receiver_egg
[ 56%] [32m[1mLinking CXX shared library libvicon_receiver__rosidl_typesupport_cpp.so[0m
[ 58%] Built target vicon_receiver__rosidl_typesupport_cpp
[ 61%] [32m[1mLinking CXX shared library libvicon_receiver__rosidl_typesupport_introspection_cpp.so[0m
[ 64%] [32m[1mLinking CXX shared library libvicon_receiver__rosidl_typesupport_fastrtps_cpp.so[0m
[ 66%] Built target vicon_receiver__rosidl_typesupport_introspection_cpp
[ 69%] [32m[1mLinking CXX shared library libvicon_receiver__rosidl_typesupport_fastrtps_c.so[0m
[ 71%] Built target vicon_receiver__rosidl_typesupport_fastrtps_cpp
[ 74%] Built target vicon_receiver__rosidl_typesupport_fastrtps_c
[ 74%] Built target vicon_receiver
[ 76%] Built target vicon_receiver__py
[35m[1mConsolidate compiler generated dependencies of target vicon_receiver__rosidl_generator_py[0m
[ 79%] [32mBuilding C object CMakeFiles/vicon_receiver__rosidl_generator_py.dir/rosidl_generator_py/vicon_receiver/msg/_position_s.c.o[0m
[ 82%] [32mBuilding C object CMakeFiles/vicon_receiver__rosidl_generator_py.dir/rosidl_generator_py/vicon_receiver/msg/_position_list_s.c.o[0m
[ 84%] [32m[1mLinking C shared library rosidl_generator_py/vicon_receiver/libvicon_receiver__rosidl_generator_py.so[0m
[ 84%] Built target vicon_receiver__rosidl_generator_py
[35m[1mConsolidate compiler generated dependencies of target vicon_receiver__rosidl_typesupport_introspection_c__pyext[0m
[35m[1mConsolidate compiler generated dependencies of target vicon_receiver__rosidl_typesupport_fastrtps_c__pyext[0m
[35m[1mConsolidate compiler generated dependencies of target vicon_receiver__rosidl_typesupport_c__pyext[0m
[ 92%] [32mBuilding C object CMakeFiles/vicon_receiver__rosidl_typesupport_introspection_c__pyext.dir/rosidl_generator_py/vicon_receiver/_vicon_receiver_s.ep.rosidl_typesupport_introspection_c.c.o[0m
[ 92%] [32mBuilding C object CMakeFiles/vicon_receiver__rosidl_typesupport_c__pyext.dir/rosidl_generator_py/vicon_receiver/_vicon_receiver_s.ep.rosidl_typesupport_c.c.o[0m
[ 92%] [32mBuilding C object CMakeFiles/vicon_receiver__rosidl_typesupport_fastrtps_c__pyext.dir/rosidl_generator_py/vicon_receiver/_vicon_receiver_s.ep.rosidl_typesupport_fastrtps_c.c.o[0m
[ 97%] [32m[1mLinking C shared library rosidl_generator_py/vicon_receiver/vicon_receiver_s__rosidl_typesupport_c.cpython-310-x86_64-linux-gnu.so[0m
[ 97%] [32m[1mLinking C shared library rosidl_generator_py/vicon_receiver/vicon_receiver_s__rosidl_typesupport_fastrtps_c.cpython-310-x86_64-linux-gnu.so[0m
[100%] [32m[1mLinking C shared library rosidl_generator_py/vicon_receiver/vicon_receiver_s__rosidl_typesupport_introspection_c.cpython-310-x86_64-linux-gnu.so[0m
[100%] Built target vicon_receiver__rosidl_typesupport_c__pyext
[100%] Built target vicon_receiver__rosidl_typesupport_fastrtps_c__pyext
[100%] Built target vicon_receiver__rosidl_typesupport_introspection_c__pyext
-- Install configuration: ""
-- Up-to-date: /home/nomaan/ros2_ws/install/vicon_receiver/share/ament_index/resource_index/rosidl_interfaces/vicon_receiver
-- Up-to-date: /home/nomaan/ros2_ws/install/vicon_receiver/include/vicon_receiver/vicon_receiver
-- Up-to-date: /home/nomaan/ros2_ws/install/vicon_receiver/include/vicon_receiver/vicon_receiver/msg
-- Up-to-date: /home/nomaan/ros2_ws/install/vicon_receiver/include/vicon_receiver/vicon_receiver/msg/position_list.h
-- Up-to-date: /home/nomaan/ros2_ws/install/vicon_receiver/include/vicon_receiver/vicon_receiver/msg/detail
-- Up-to-date: /home/nomaan/ros2_ws/install/vicon_receiver/include/vicon_receiver/vicon_receiver/msg/detail/position_list__struct.h
-- Up-to-date: /home/nomaan/ros2_ws/install/vicon_receiver/include/vicon_receiver/vicon_receiver/msg/detail/position__functions.c
-- Up-to-date: /home/nomaan/ros2_ws/install/vicon_receiver/include/vicon_receiver/vicon_receiver/msg/detail/position_list__functions.c
-- Up-to-date: /home/nomaan/ros2_ws/install/vicon_receiver/include/vicon_receiver/vicon_receiver/msg/detail/position__functions.h
-- Up-to-date: /home/nomaan/ros2_ws/install/vicon_receiver/include/vicon_receiver/vicon_receiver/msg/detail/position__type_support.h
-- Up-to-date: /home/nomaan/ros2_ws/install/vicon_receiver/include/vicon_receiver/vicon_receiver/msg/detail/position_list__type_support.h
-- Up-to-date: /home/nomaan/ros2_ws/install/vicon_receiver/include/vicon_receiver/vicon_receiver/msg/detail/position_list__functions.h
-- Up-to-date: /home/nomaan/ros2_ws/install/vicon_receiver/include/vicon_receiver/vicon_receiver/msg/detail/position__struct.h
-- Up-to-date: /home/nomaan/ros2_ws/install/vicon_receiver/include/vicon_receiver/vicon_receiver/msg/rosidl_generator_c__visibility_control.h
-- Up-to-date: /home/nomaan/ros2_ws/install/vicon_receiver/include/vicon_receiver/vicon_receiver/msg/position.h
-- Up-to-date: /home/nomaan/ros2_ws/install/vicon_receiver/share/vicon_receiver/environment/library_path.sh
-- Up-to-date: /home/nomaan/ros2_ws/install/vicon_receiver/share/vicon_receiver/environment/library_path.dsv
-- Installing: /home/nomaan/ros2_ws/install/vicon_receiver/lib/libvicon_receiver__rosidl_generator_c.so
-- Set runtime path of "/home/nomaan/ros2_ws/install/vicon_receiver/lib/libvicon_receiver__rosidl_generator_c.so" to ""
-- Up-to-date: /home/nomaan/ros2_ws/install/vicon_receiver/include/vicon_receiver/vicon_receiver
-- Up-to-date: /home/nomaan/ros2_ws/install/vicon_receiver/include/vicon_receiver/vicon_receiver/msg
-- Up-to-date: /home/nomaan/ros2_ws/install/vicon_receiver/include/vicon_receiver/vicon_receiver/msg/detail
-- Up-to-date: /home/nomaan/ros2_ws/install/vicon_receiver/include/vicon_receiver/vicon_receiver/msg/detail/position_list__rosidl_typesupport_fastrtps_c.h
-- Up-to-date: /home/nomaan/ros2_ws/install/vicon_receiver/include/vicon_receiver/vicon_receiver/msg/detail/position__rosidl_typesupport_fastrtps_c.h
-- Up-to-date: /home/nomaan/ros2_ws/install/vicon_receiver/include/vicon_receiver/vicon_receiver/msg/rosidl_typesupport_fastrtps_c__visibility_control.h
-- Installing: /home/nomaan/ros2_ws/install/vicon_receiver/lib/libvicon_receiver__rosidl_typesupport_fastrtps_c.so
-- Set runtime path of "/home/nomaan/ros2_ws/install/vicon_receiver/lib/libvicon_receiver__rosidl_typesupport_fastrtps_c.so" to ""
-- Up-to-date: /home/nomaan/ros2_ws/install/vicon_receiver/include/vicon_receiver/vicon_receiver
-- Up-to-date: /home/nomaan/ros2_ws/install/vicon_receiver/include/vicon_receiver/vicon_receiver/msg
-- Up-to-date: /home/nomaan/ros2_ws/install/vicon_receiver/include/vicon_receiver/vicon_receiver/msg/detail
-- Up-to-date: /home/nomaan/ros2_ws/install/vicon_receiver/include/vicon_receiver/vicon_receiver/msg/detail/position_list__type_support.c
-- Up-to-date: /home/nomaan/ros2_ws/install/vicon_receiver/include/vicon_receiver/vicon_receiver/msg/detail/position_list__rosidl_typesupport_introspection_c.h
-- Up-to-date: /home/nomaan/ros2_ws/install/vicon_receiver/include/vicon_receiver/vicon_receiver/msg/detail/position__rosidl_typesupport_introspection_c.h
-- Up-to-date: /home/nomaan/ros2_ws/install/vicon_receiver/include/vicon_receiver/vicon_receiver/msg/detail/position__type_support.c
-- Up-to-date: /home/nomaan/ros2_ws/install/vicon_receiver/include/vicon_receiver/vicon_receiver/msg/rosidl_typesupport_introspection_c__visibility_control.h
-- Installing: /home/nomaan/ros2_ws/install/vicon_receiver/lib/libvicon_receiver__rosidl_typesupport_introspection_c.so
-- Set runtime path of "/home/nomaan/ros2_ws/install/vicon_receiver/lib/libvicon_receiver__rosidl_typesupport_introspection_c.so" to ""
-- Installing: /home/nomaan/ros2_ws/install/vicon_receiver/lib/libvicon_receiver__rosidl_typesupport_c.so
-- Set runtime path of "/home/nomaan/ros2_ws/install/vicon_receiver/lib/libvicon_receiver__rosidl_typesupport_c.so" to ""
-- Up-to-date: /home/nomaan/ros2_ws/install/vicon_receiver/include/vicon_receiver/vicon_receiver
-- Up-to-date: /home/nomaan/ros2_ws/install/vicon_receiver/include/vicon_receiver/vicon_receiver/msg
-- Up-to-date: /home/nomaan/ros2_ws/install/vicon_receiver/include/vicon_receiver/vicon_receiver/msg/detail
-- Up-to-date: /home/nomaan/ros2_ws/install/vicon_receiver/include/vicon_receiver/vicon_receiver/msg/detail/position_list__traits.hpp
-- Up-to-date: /home/nomaan/ros2_ws/install/vicon_receiver/include/vicon_receiver/vicon_receiver/msg/detail/position_list__struct.hpp
-- Up-to-date: /home/nomaan/ros2_ws/install/vicon_receiver/include/vicon_receiver/vicon_receiver/msg/detail/position_list__type_support.hpp
-- Up-to-date: /home/nomaan/ros2_ws/install/vicon_receiver/include/vicon_receiver/vicon_receiver/msg/detail/position_list__builder.hpp
-- Up-to-date: /home/nomaan/ros2_ws/install/vicon_receiver/include/vicon_receiver/vicon_receiver/msg/detail/position__struct.hpp
-- Up-to-date: /home/nomaan/ros2_ws/install/vicon_receiver/include/vicon_receiver/vicon_receiver/msg/detail/position__builder.hpp
-- Up-to-date: /home/nomaan/ros2_ws/install/vicon_receiver/include/vicon_receiver/vicon_receiver/msg/detail/position__traits.hpp
-- Up-to-date: /home/nomaan/ros2_ws/install/vicon_receiver/include/vicon_receiver/vicon_receiver/msg/detail/position__type_support.hpp
-- Up-to-date: /home/nomaan/ros2_ws/install/vicon_receiver/include/vicon_receiver/vicon_receiver/msg/rosidl_generator_cpp__visibility_control.hpp
-- Up-to-date: /home/nomaan/ros2_ws/install/vicon_receiver/include/vicon_receiver/vicon_receiver/msg/position.hpp
-- Up-to-date: /home/nomaan/ros2_ws/install/vicon_receiver/include/vicon_receiver/vicon_receiver/msg/position_list.hpp
-- Up-to-date: /home/nomaan/ros2_ws/install/vicon_receiver/include/vicon_receiver/vicon_receiver
-- Up-to-date: /home/nomaan/ros2_ws/install/vicon_receiver/include/vicon_receiver/vicon_receiver/msg
-- Up-to-date: /home/nomaan/ros2_ws/install/vicon_receiver/include/vicon_receiver/vicon_receiver/msg/rosidl_typesupport_fastrtps_cpp__visibility_control.h
-- Up-to-date: /home/nomaan/ros2_ws/install/vicon_receiver/include/vicon_receiver/vicon_receiver/msg/detail
-- Up-to-date: /home/nomaan/ros2_ws/install/vicon_receiver/include/vicon_receiver/vicon_receiver/msg/detail/position__rosidl_typesupport_fastrtps_cpp.hpp
-- Up-to-date: /home/nomaan/ros2_ws/install/vicon_receiver/include/vicon_receiver/vicon_receiver/msg/detail/position_list__rosidl_typesupport_fastrtps_cpp.hpp
-- Up-to-date: /home/nomaan/ros2_ws/install/vicon_receiver/include/vicon_receiver/vicon_receiver/msg/detail/dds_fastrtps
-- Installing: /home/nomaan/ros2_ws/install/vicon_receiver/lib/libvicon_receiver__rosidl_typesupport_fastrtps_cpp.so
-- Set runtime path of "/home/nomaan/ros2_ws/install/vicon_receiver/lib/libvicon_receiver__rosidl_typesupport_fastrtps_cpp.so" to ""
-- Up-to-date: /home/nomaan/ros2_ws/install/vicon_receiver/include/vicon_receiver/vicon_receiver
-- Up-to-date: /home/nomaan/ros2_ws/install/vicon_receiver/include/vicon_receiver/vicon_receiver/msg
-- Up-to-date: /home/nomaan/ros2_ws/install/vicon_receiver/include/vicon_receiver/vicon_receiver/msg/detail
-- Up-to-date: /home/nomaan/ros2_ws/install/vicon_receiver/include/vicon_receiver/vicon_receiver/msg/detail/position_list__type_support.cpp
-- Up-to-date: /home/nomaan/ros2_ws/install/vicon_receiver/include/vicon_receiver/vicon_receiver/msg/detail/position_list__rosidl_typesupport_introspection_cpp.hpp
-- Up-to-date: /home/nomaan/ros2_ws/install/vicon_receiver/include/vicon_receiver/vicon_receiver/msg/detail/position__type_support.cpp
-- Up-to-date: /home/nomaan/ros2_ws/install/vicon_receiver/include/vicon_receiver/vicon_receiver/msg/detail/position__rosidl_typesupport_introspection_cpp.hpp
-- Installing: /home/nomaan/ros2_ws/install/vicon_receiver/lib/libvicon_receiver__rosidl_typesupport_introspection_cpp.so
-- Set runtime path of "/home/nomaan/ros2_ws/install/vicon_receiver/lib/libvicon_receiver__rosidl_typesupport_introspection_cpp.so" to ""
-- Installing: /home/nomaan/ros2_ws/install/vicon_receiver/lib/libvicon_receiver__rosidl_typesupport_cpp.so
-- Set runtime path of "/home/nomaan/ros2_ws/install/vicon_receiver/lib/libvicon_receiver__rosidl_typesupport_cpp.so" to ""
-- Up-to-date: /home/nomaan/ros2_ws/install/vicon_receiver/share/vicon_receiver/environment/pythonpath.sh
-- Up-to-date: /home/nomaan/ros2_ws/install/vicon_receiver/share/vicon_receiver/environment/pythonpath.dsv
-- Up-to-date: /home/nomaan/ros2_ws/install/vicon_receiver/local/lib/python3.10/dist-packages/vicon_receiver-0.0.0-py3.10.egg-info
-- Installing: /home/nomaan/ros2_ws/install/vicon_receiver/local/lib/python3.10/dist-packages/vicon_receiver-0.0.0-py3.10.egg-info/dependency_links.txt
-- Installing: /home/nomaan/ros2_ws/install/vicon_receiver/local/lib/python3.10/dist-packages/vicon_receiver-0.0.0-py3.10.egg-info/top_level.txt
-- Installing: /home/nomaan/ros2_ws/install/vicon_receiver/local/lib/python3.10/dist-packages/vicon_receiver-0.0.0-py3.10.egg-info/SOURCES.txt
-- Installing: /home/nomaan/ros2_ws/install/vicon_receiver/local/lib/python3.10/dist-packages/vicon_receiver-0.0.0-py3.10.egg-info/PKG-INFO
-- Up-to-date: /home/nomaan/ros2_ws/install/vicon_receiver/local/lib/python3.10/dist-packages/vicon_receiver
-- Up-to-date: /home/nomaan/ros2_ws/install/vicon_receiver/local/lib/python3.10/dist-packages/vicon_receiver/_vicon_receiver_s.ep.rosidl_typesupport_introspection_c.c
-- Installing: /home/nomaan/ros2_ws/install/vicon_receiver/local/lib/python3.10/dist-packages/vicon_receiver/libvicon_receiver__rosidl_generator_py.so
-- Installing: /home/nomaan/ros2_ws/install/vicon_receiver/local/lib/python3.10/dist-packages/vicon_receiver/vicon_receiver_s__rosidl_typesupport_fastrtps_c.cpython-310-x86_64-linux-gnu.so
-- Installing: /home/nomaan/ros2_ws/install/vicon_receiver/local/lib/python3.10/dist-packages/vicon_receiver/vicon_receiver_s__rosidl_typesupport_introspection_c.cpython-310-x86_64-linux-gnu.so
-- Up-to-date: /home/nomaan/ros2_ws/install/vicon_receiver/local/lib/python3.10/dist-packages/vicon_receiver/_vicon_receiver_s.ep.rosidl_typesupport_fastrtps_c.c
-- Installing: /home/nomaan/ros2_ws/install/vicon_receiver/local/lib/python3.10/dist-packages/vicon_receiver/vicon_receiver_s__rosidl_typesupport_c.cpython-310-x86_64-linux-gnu.so
-- Up-to-date: /home/nomaan/ros2_ws/install/vicon_receiver/local/lib/python3.10/dist-packages/vicon_receiver/msg
-- Up-to-date: /home/nomaan/ros2_ws/install/vicon_receiver/local/lib/python3.10/dist-packages/vicon_receiver/msg/_position_list.py
-- Up-to-date: /home/nomaan/ros2_ws/install/vicon_receiver/local/lib/python3.10/dist-packages/vicon_receiver/msg/_position_s.c
-- Up-to-date: /home/nomaan/ros2_ws/install/vicon_receiver/local/lib/python3.10/dist-packages/vicon_receiver/msg/_position_list_s.c
-- Up-to-date: /home/nomaan/ros2_ws/install/vicon_receiver/local/lib/python3.10/dist-packages/vicon_receiver/msg/__init__.py
-- Up-to-date: /home/nomaan/ros2_ws/install/vicon_receiver/local/lib/python3.10/dist-packages/vicon_receiver/msg/_position.py
-- Up-to-date: /home/nomaan/ros2_ws/install/vicon_receiver/local/lib/python3.10/dist-packages/vicon_receiver/_vicon_receiver_s.ep.rosidl_typesupport_c.c
-- Up-to-date: /home/nomaan/ros2_ws/install/vicon_receiver/local/lib/python3.10/dist-packages/vicon_receiver/__init__.py
Listing '/home/nomaan/ros2_ws/install/vicon_receiver/local/lib/python3.10/dist-packages/vicon_receiver'...
Listing '/home/nomaan/ros2_ws/install/vicon_receiver/local/lib/python3.10/dist-packages/vicon_receiver/msg'...
-- Installing: /home/nomaan/ros2_ws/install/vicon_receiver/local/lib/python3.10/dist-packages/vicon_receiver/vicon_receiver_s__rosidl_typesupport_fastrtps_c.cpython-310-x86_64-linux-gnu.so
-- Set runtime path of "/home/nomaan/ros2_ws/install/vicon_receiver/local/lib/python3.10/dist-packages/vicon_receiver/vicon_receiver_s__rosidl_typesupport_fastrtps_c.cpython-310-x86_64-linux-gnu.so" to ""
-- Installing: /home/nomaan/ros2_ws/install/vicon_receiver/local/lib/python3.10/dist-packages/vicon_receiver/vicon_receiver_s__rosidl_typesupport_introspection_c.cpython-310-x86_64-linux-gnu.so
-- Set runtime path of "/home/nomaan/ros2_ws/install/vicon_receiver/local/lib/python3.10/dist-packages/vicon_receiver/vicon_receiver_s__rosidl_typesupport_introspection_c.cpython-310-x86_64-linux-gnu.so" to ""
-- Installing: /home/nomaan/ros2_ws/install/vicon_receiver/local/lib/python3.10/dist-packages/vicon_receiver/vicon_receiver_s__rosidl_typesupport_c.cpython-310-x86_64-linux-gnu.so
-- Set runtime path of "/home/nomaan/ros2_ws/install/vicon_receiver/local/lib/python3.10/dist-packages/vicon_receiver/vicon_receiver_s__rosidl_typesupport_c.cpython-310-x86_64-linux-gnu.so" to ""
-- Installing: /home/nomaan/ros2_ws/install/vicon_receiver/lib/libvicon_receiver__rosidl_generator_py.so
-- Set runtime path of "/home/nomaan/ros2_ws/install/vicon_receiver/lib/libvicon_receiver__rosidl_generator_py.so" to ""
-- Up-to-date: /home/nomaan/ros2_ws/install/vicon_receiver/share/vicon_receiver/msg/Position.idl
-- Up-to-date: /home/nomaan/ros2_ws/install/vicon_receiver/share/vicon_receiver/msg/PositionList.idl
-- Up-to-date: /home/nomaan/ros2_ws/install/vicon_receiver/share/vicon_receiver/msg/Position.msg
-- Up-to-date: /home/nomaan/ros2_ws/install/vicon_receiver/share/vicon_receiver/msg/PositionList.msg
-- Up-to-date: /home/nomaan/ros2_ws/install/vicon_receiver/share/ament_index/resource_index/package_run_dependencies/vicon_receiver
-- Up-to-date: /home/nomaan/ros2_ws/install/vicon_receiver/share/ament_index/resource_index/parent_prefix_path/vicon_receiver
-- Up-to-date: /home/nomaan/ros2_ws/install/vicon_receiver/share/vicon_receiver/environment/ament_prefix_path.sh
-- Up-to-date: /home/nomaan/ros2_ws/install/vicon_receiver/share/vicon_receiver/environment/ament_prefix_path.dsv
-- Up-to-date: /home/nomaan/ros2_ws/install/vicon_receiver/share/vicon_receiver/environment/path.sh
-- Up-to-date: /home/nomaan/ros2_ws/install/vicon_receiver/share/vicon_receiver/environment/path.dsv
-- Up-to-date: /home/nomaan/ros2_ws/install/vicon_receiver/share/vicon_receiver/local_setup.bash
-- Up-to-date: /home/nomaan/ros2_ws/install/vicon_receiver/share/vicon_receiver/local_setup.sh
-- Up-to-date: /home/nomaan/ros2_ws/install/vicon_receiver/share/vicon_receiver/local_setup.zsh
-- Up-to-date: /home/nomaan/ros2_ws/install/vicon_receiver/share/vicon_receiver/local_setup.dsv
-- Installing: /home/nomaan/ros2_ws/install/vicon_receiver/share/vicon_receiver/package.dsv
-- Up-to-date: /home/nomaan/ros2_ws/install/vicon_receiver/share/ament_index/resource_index/packages/vicon_receiver
-- Up-to-date: /home/nomaan/ros2_ws/install/vicon_receiver/share/vicon_receiver/cmake/export_vicon_receiver__rosidl_generator_cExport.cmake
-- Up-to-date: /home/nomaan/ros2_ws/install/vicon_receiver/share/vicon_receiver/cmake/export_vicon_receiver__rosidl_generator_cExport-noconfig.cmake
-- Up-to-date: /home/nomaan/ros2_ws/install/vicon_receiver/share/vicon_receiver/cmake/export_vicon_receiver__rosidl_typesupport_fastrtps_cExport.cmake
-- Up-to-date: /home/nomaan/ros2_ws/install/vicon_receiver/share/vicon_receiver/cmake/export_vicon_receiver__rosidl_typesupport_fastrtps_cExport-noconfig.cmake
-- Up-to-date: /home/nomaan/ros2_ws/install/vicon_receiver/share/vicon_receiver/cmake/vicon_receiver__rosidl_typesupport_introspection_cExport.cmake
-- Up-to-date: /home/nomaan/ros2_ws/install/vicon_receiver/share/vicon_receiver/cmake/vicon_receiver__rosidl_typesupport_introspection_cExport-noconfig.cmake
-- Up-to-date: /home/nomaan/ros2_ws/install/vicon_receiver/share/vicon_receiver/cmake/vicon_receiver__rosidl_typesupport_cExport.cmake
-- Up-to-date: /home/nomaan/ros2_ws/install/vicon_receiver/share/vicon_receiver/cmake/vicon_receiver__rosidl_typesupport_cExport-noconfig.cmake
-- Up-to-date: /home/nomaan/ros2_ws/install/vicon_receiver/share/vicon_receiver/cmake/export_vicon_receiver__rosidl_generator_cppExport.cmake
-- Up-to-date: /home/nomaan/ros2_ws/install/vicon_receiver/share/vicon_receiver/cmake/export_vicon_receiver__rosidl_typesupport_fastrtps_cppExport.cmake
-- Up-to-date: /home/nomaan/ros2_ws/install/vicon_receiver/share/vicon_receiver/cmake/export_vicon_receiver__rosidl_typesupport_fastrtps_cppExport-noconfig.cmake
-- Up-to-date: /home/nomaan/ros2_ws/install/vicon_receiver/share/vicon_receiver/cmake/vicon_receiver__rosidl_typesupport_introspection_cppExport.cmake
-- Up-to-date: /home/nomaan/ros2_ws/install/vicon_receiver/share/vicon_receiver/cmake/vicon_receiver__rosidl_typesupport_introspection_cppExport-noconfig.cmake
-- Up-to-date: /home/nomaan/ros2_ws/install/vicon_receiver/share/vicon_receiver/cmake/vicon_receiver__rosidl_typesupport_cppExport.cmake
-- Up-to-date: /home/nomaan/ros2_ws/install/vicon_receiver/share/vicon_receiver/cmake/vicon_receiver__rosidl_typesupport_cppExport-noconfig.cmake
-- Up-to-date: /home/nomaan/ros2_ws/install/vicon_receiver/share/vicon_receiver/cmake/export_vicon_receiver__rosidl_generator_pyExport.cmake
-- Up-to-date: /home/nomaan/ros2_ws/install/vicon_receiver/share/vicon_receiver/cmake/export_vicon_receiver__rosidl_generator_pyExport-noconfig.cmake
-- Up-to-date: /home/nomaan/ros2_ws/install/vicon_receiver/share/vicon_receiver/cmake/rosidl_cmake-extras.cmake
-- Up-to-date: /home/nomaan/ros2_ws/install/vicon_receiver/share/vicon_receiver/cmake/ament_cmake_export_dependencies-extras.cmake
-- Up-to-date: /home/nomaan/ros2_ws/install/vicon_receiver/share/vicon_receiver/cmake/ament_cmake_export_include_directories-extras.cmake
-- Up-to-date: /home/nomaan/ros2_ws/install/vicon_receiver/share/vicon_receiver/cmake/ament_cmake_export_libraries-extras.cmake
-- Up-to-date: /home/nomaan/ros2_ws/install/vicon_receiver/share/vicon_receiver/cmake/ament_cmake_export_targets-extras.cmake
-- Up-to-date: /home/nomaan/ros2_ws/install/vicon_receiver/share/vicon_receiver/cmake/rosidl_cmake_export_typesupport_targets-extras.cmake
-- Up-to-date: /home/nomaan/ros2_ws/install/vicon_receiver/share/vicon_receiver/cmake/rosidl_cmake_export_typesupport_libraries-extras.cmake
-- Up-to-date: /home/nomaan/ros2_ws/install/vicon_receiver/share/vicon_receiver/cmake/vicon_receiverConfig.cmake
-- Up-to-date: /home/nomaan/ros2_ws/install/vicon_receiver/share/vicon_receiver/cmake/vicon_receiverConfig-version.cmake
-- Up-to-date: /home/nomaan/ros2_ws/install/vicon_receiver/share/vicon_receiver/package.xml
