[INFO] [launch]: All log files can be found below /home/thymio/.ros/log/2025-06-04-15-19-49-731243-thymio-826
[INFO] [launch]: Default logging verbosity is set to INFO
[INFO] [random_robot_move-1]: process started with pid [848]
[INFO] [publish_wind_direction-2]: process started with pid [850]
[publish_wind_direction-2] /usr/lib/python3/dist-packages/scipy/__init__.py:146: UserWarning: A NumPy version >=1.17.3 and <1.25.0 is required for this version of SciPy (detected version 1.26.4
[publish_wind_direction-2]   warnings.warn(f"A NumPy version >={np_minversion} and <{np_maxversion}"
[random_robot_move-1] [INFO] [1749050396.586275474] [random_robot_move]: Robot Control Node started.
[publish_wind_direction-2] [INFO] [1749050398.618707841] [publish_wind_direction]: Publishing: "id137:N"
[publish_wind_direction-2] [INFO] [1749050402.916804471] [publish_wind_direction]: ***Cam angle= -138.12852119421507, vico ang deg= 0.0 Ground Truth= 221.87147880578493
[publish_wind_direction-2] [INFO] [1749050402.919442914] [publish_wind_direction]: ***Corrected Wind Direction= S
[publish_wind_direction-2] [INFO] [1749050403.490398074] [publish_wind_direction]: Publishing: "id137:N"
[publish_wind_direction-2] [INFO] [1749050407.437038374] [publish_wind_direction]: ***Cam angle= -144.30511956436345, vico ang deg= 0.0 Ground Truth= 215.69488043563655
[publish_wind_direction-2] [INFO] [1749050407.439734146] [publish_wind_direction]: ***Corrected Wind Direction= S
[publish_wind_direction-2] [INFO] [1749050408.490381536] [publish_wind_direction]: Publishing: "id137:N"
[publish_wind_direction-2] [INFO] [1749050412.337190811] [publish_wind_direction]: ***Cam angle= -999.0, vico ang deg= 0.0 Ground Truth= 81.0
[publish_wind_direction-2] [INFO] [1749050412.339912772] [publish_wind_direction]: ***Corrected Wind Direction= W
[publish_wind_direction-2] [INFO] [1749050413.490457742] [publish_wind_direction]: Publishing: "id137:N"
[publish_wind_direction-2] [INFO] [1749050417.442008425] [publish_wind_direction]: ***Cam angle= 24.886986742247572, vico ang deg= 0.0 Ground Truth= 24.886986742247572
[publish_wind_direction-2] [INFO] [1749050417.444608373] [publish_wind_direction]: ***Corrected Wind Direction= N
[publish_wind_direction-2] [INFO] [1749050418.490131089] [publish_wind_direction]: Publishing: "id137:N"
[publish_wind_direction-2] [INFO] [1749050422.333283009] [publish_wind_direction]: ***Cam angle= 23.92988241710384, vico ang deg= 0.0 Ground Truth= 23.92988241710384
[publish_wind_direction-2] [INFO] [1749050422.335779946] [publish_wind_direction]: ***Corrected Wind Direction= N
[publish_wind_direction-2] [INFO] [1749050423.496625952] [publish_wind_direction]: Publishing: "id137:N"
[publish_wind_direction-2] [INFO] [1749050427.470987646] [publish_wind_direction]: ***Cam angle= 19.07743493999213, vico ang deg= 0.0 Ground Truth= 19.07743493999213
[publish_wind_direction-2] [INFO] [1749050427.477549842] [publish_wind_direction]: ***Corrected Wind Direction= N
[publish_wind_direction-2] [INFO] [1749050428.492465381] [publish_wind_direction]: Publishing: "id137:N"
[publish_wind_direction-2] [INFO] [1749050432.343102651] [publish_wind_direction]: ***Cam angle= 3.0801701886035318, vico ang deg= 0.0 Ground Truth= 3.0801701886035318
[publish_wind_direction-2] [INFO] [1749050432.346595332] [publish_wind_direction]: ***Corrected Wind Direction= N
[publish_wind_direction-2] [INFO] [1749050433.490004058] [publish_wind_direction]: Publishing: "id137:N"
[publish_wind_direction-2] [INFO] [1749050437.258917119] [publish_wind_direction]: ***Cam angle= -161.06054160039469, vico ang deg= 0.0 Ground Truth= 198.93945839960531
[publish_wind_direction-2] [INFO] [1749050437.261435296] [publish_wind_direction]: ***Corrected Wind Direction= S
[publish_wind_direction-2] [INFO] [1749050438.490025065] [publish_wind_direction]: Publishing: "id137:N"
[publish_wind_direction-2] [INFO] [1749050442.200533587] [publish_wind_direction]: ***Cam angle= 21.877144036820667, vico ang deg= 0.0 Ground Truth= 21.877144036820667
[publish_wind_direction-2] [INFO] [1749050442.203049350] [publish_wind_direction]: ***Corrected Wind Direction= N
[publish_wind_direction-2] [INFO] [1749050443.490068818] [publish_wind_direction]: Publishing: "id137:N"
[publish_wind_direction-2] [INFO] [1749050447.242709873] [publish_wind_direction]: ***Cam angle= 8.644477811270278, vico ang deg= 0.0 Ground Truth= 8.644477811270278
[publish_wind_direction-2] [INFO] [1749050447.245184470] [publish_wind_direction]: ***Corrected Wind Direction= N
[publish_wind_direction-2] [INFO] [1749050448.490043582] [publish_wind_direction]: Publishing: "id137:N"
[publish_wind_direction-2] [INFO] [1749050452.234129071] [publish_wind_direction]: ***Cam angle= -42.86501295796063, vico ang deg= 0.0 Ground Truth= 317.13498704203937
[publish_wind_direction-2] [INFO] [1749050452.236602769] [publish_wind_direction]: ***Corrected Wind Direction= N
[publish_wind_direction-2] [INFO] [1749050453.490155277] [publish_wind_direction]: Publishing: "id137:N"
[publish_wind_direction-2] [INFO] [1749050457.247247925] [publish_wind_direction]: ***Cam angle= -32.16235921242372, vico ang deg= 0.0 Ground Truth= 327.8376407875763
[publish_wind_direction-2] [INFO] [1749050457.249775220] [publish_wind_direction]: ***Corrected Wind Direction= N
[publish_wind_direction-2] [INFO] [1749050458.490087063] [publish_wind_direction]: Publishing: "id137:N"
[publish_wind_direction-2] [INFO] [1749050462.227383321] [publish_wind_direction]: ***Cam angle= -30.897792388565094, vico ang deg= 0.0 Ground Truth= 329.1022076114349
[publish_wind_direction-2] [INFO] [1749050462.229888801] [publish_wind_direction]: ***Corrected Wind Direction= N
[publish_wind_direction-2] [INFO] [1749050463.490048126] [publish_wind_direction]: Publishing: "id137:N"
[publish_wind_direction-2] [INFO] [1749050467.215766047] [publish_wind_direction]: ***Cam angle= -21.782852909738693, vico ang deg= 0.0 Ground Truth= 338.2171470902613
[publish_wind_direction-2] [INFO] [1749050467.218344309] [publish_wind_direction]: ***Corrected Wind Direction= N
[publish_wind_direction-2] [INFO] [1749050468.490052970] [publish_wind_direction]: Publishing: "id137:N"
[publish_wind_direction-2] [INFO] [1749050472.251745764] [publish_wind_direction]: ***Cam angle= -19.948557980331216, vico ang deg= 0.0 Ground Truth= 340.0514420196688
[publish_wind_direction-2] [INFO] [1749050472.254273164] [publish_wind_direction]: ***Corrected Wind Direction= N
[publish_wind_direction-2] [INFO] [1749050473.490103462] [publish_wind_direction]: Publishing: "id137:N"
[publish_wind_direction-2] [INFO] [1749050477.284939745] [publish_wind_direction]: ***Cam angle= -20.341757712908546, vico ang deg= 0.0 Ground Truth= 339.65824228709147
[publish_wind_direction-2] [INFO] [1749050477.288509439] [publish_wind_direction]: ***Corrected Wind Direction= N
[publish_wind_direction-2] [INFO] [1749050478.489918752] [publish_wind_direction]: Publishing: "id137:N"
[publish_wind_direction-2] [INFO] [1749050482.350275781] [publish_wind_direction]: ***Cam angle= -16.75700048671399, vico ang deg= 0.0 Ground Truth= 343.242999513286
[publish_wind_direction-2] [INFO] [1749050482.352601395] [publish_wind_direction]: ***Corrected Wind Direction= N
[publish_wind_direction-2] [INFO] [1749050483.490019882] [publish_wind_direction]: Publishing: "id137:N"
[publish_wind_direction-2] [INFO] [1749050487.271116033] [publish_wind_direction]: ***Cam angle= -21.188409346414247, vico ang deg= 0.0 Ground Truth= 338.81159065358577
[publish_wind_direction-2] [INFO] [1749050487.273588203] [publish_wind_direction]: ***Corrected Wind Direction= N
[publish_wind_direction-2] [INFO] [1749050488.490076680] [publish_wind_direction]: Publishing: "id137:N"
[publish_wind_direction-2] [INFO] [1749050492.319118772] [publish_wind_direction]: ***Cam angle= -21.50250866006887, vico ang deg= 0.0 Ground Truth= 338.4974913399311
[publish_wind_direction-2] [INFO] [1749050492.321556238] [publish_wind_direction]: ***Corrected Wind Direction= N
[publish_wind_direction-2] [INFO] [1749050493.490094486] [publish_wind_direction]: Publishing: "id137:N"
[publish_wind_direction-2] [INFO] [1749050497.273105520] [publish_wind_direction]: ***Cam angle= -19.29975081263474, vico ang deg= 0.0 Ground Truth= 340.7002491873653
[publish_wind_direction-2] [INFO] [1749050497.275697593] [publish_wind_direction]: ***Corrected Wind Direction= N
[publish_wind_direction-2] [INFO] [1749050498.490251757] [publish_wind_direction]: Publishing: "id137:N"
[publish_wind_direction-2] [INFO] [1749050502.255324205] [publish_wind_direction]: ***Cam angle= -16.283680764835964, vico ang deg= 0.0 Ground Truth= 343.71631923516406
[publish_wind_direction-2] [INFO] [1749050502.257802632] [publish_wind_direction]: ***Corrected Wind Direction= N
[publish_wind_direction-2] [INFO] [1749050503.490274737] [publish_wind_direction]: Publishing: "id137:N"
[publish_wind_direction-2] [INFO] [1749050507.220184402] [publish_wind_direction]: ***Cam angle= -13.41814433262499, vico ang deg= 0.0 Ground Truth= 346.581855667375
[publish_wind_direction-2] [INFO] [1749050507.222694091] [publish_wind_direction]: ***Corrected Wind Direction= N
[publish_wind_direction-2] [INFO] [1749050508.490448554] [publish_wind_direction]: Publishing: "id137:N"
[publish_wind_direction-2] [INFO] [1749050512.192662648] [publish_wind_direction]: ***Cam angle= -25.48280370097774, vico ang deg= 0.0 Ground Truth= 334.51719629902226
[publish_wind_direction-2] [INFO] [1749050512.195201045] [publish_wind_direction]: ***Corrected Wind Direction= N
[publish_wind_direction-2] [INFO] [1749050513.490868123] [publish_wind_direction]: Publishing: "id137:N"
[publish_wind_direction-2] [INFO] [1749050517.301174578] [publish_wind_direction]: ***Cam angle= -117.50016431967731, vico ang deg= 0.0 Ground Truth= 242.4998356803227
[publish_wind_direction-2] [INFO] [1749050517.304621780] [publish_wind_direction]: ***Corrected Wind Direction= E
[publish_wind_direction-2] [INFO] [1749050518.490321778] [publish_wind_direction]: Publishing: "id137:N"
[publish_wind_direction-2] [INFO] [1749050522.323225768] [publish_wind_direction]: ***Cam angle= -128.76934269972128, vico ang deg= 0.0 Ground Truth= 231.23065730027872
[publish_wind_direction-2] [INFO] [1749050522.326753614] [publish_wind_direction]: ***Corrected Wind Direction= E
[publish_wind_direction-2] [INFO] [1749050523.490357612] [publish_wind_direction]: Publishing: "id137:N"
[publish_wind_direction-2] [INFO] [1749050527.305545318] [publish_wind_direction]: ***Cam angle= -150.7918493179651, vico ang deg= 0.0 Ground Truth= 209.2081506820349
[publish_wind_direction-2] [INFO] [1749050527.308170560] [publish_wind_direction]: ***Corrected Wind Direction= S
[publish_wind_direction-2] [INFO] [1749050528.490443719] [publish_wind_direction]: Publishing: "id137:N"
[publish_wind_direction-2] [INFO] [1749050532.280903667] [publish_wind_direction]: ***Cam angle= -135.4711239477993, vico ang deg= 0.0 Ground Truth= 224.5288760522007
[publish_wind_direction-2] [INFO] [1749050532.283446877] [publish_wind_direction]: ***Corrected Wind Direction= S
[publish_wind_direction-2] [INFO] [1749050533.490289986] [publish_wind_direction]: Publishing: "id137:N"
[publish_wind_direction-2] [INFO] [1749050537.295093592] [publish_wind_direction]: ***Cam angle= -124.32627742728036, vico ang deg= 0.0 Ground Truth= 235.67372257271964
[publish_wind_direction-2] [INFO] [1749050537.299135811] [publish_wind_direction]: ***Corrected Wind Direction= E
[publish_wind_direction-2] [INFO] [1749050538.490306223] [publish_wind_direction]: Publishing: "id137:N"
[publish_wind_direction-2] [INFO] [1749050542.307036900] [publish_wind_direction]: ***Cam angle= -133.8295337572869, vico ang deg= 0.0 Ground Truth= 226.1704662427131
[publish_wind_direction-2] [INFO] [1749050542.310702715] [publish_wind_direction]: ***Corrected Wind Direction= E
[publish_wind_direction-2] [INFO] [1749050543.490720817] [publish_wind_direction]: Publishing: "id137:N"
[publish_wind_direction-2] [INFO] [1749050547.318183885] [publish_wind_direction]: ***Cam angle= -32.64650556331962, vico ang deg= 0.0 Ground Truth= 327.35349443668036
[publish_wind_direction-2] [INFO] [1749050547.320744548] [publish_wind_direction]: ***Corrected Wind Direction= N
[publish_wind_direction-2] [INFO] [1749050548.490595663] [publish_wind_direction]: Publishing: "id137:N"
[publish_wind_direction-2] [INFO] [1749050552.223363972] [publish_wind_direction]: ***Cam angle= -21.87381849023565, vico ang deg= 0.0 Ground Truth= 338.12618150976436
[publish_wind_direction-2] [INFO] [1749050552.225784391] [publish_wind_direction]: ***Corrected Wind Direction= N
[publish_wind_direction-2] [INFO] [1749050553.490536013] [publish_wind_direction]: Publishing: "id137:N"
[publish_wind_direction-2] [INFO] [1749050557.228363144] [publish_wind_direction]: ***Cam angle= -18.214239726571847, vico ang deg= 0.0 Ground Truth= 341.78576027342814
[publish_wind_direction-2] [INFO] [1749050557.230851436] [publish_wind_direction]: ***Corrected Wind Direction= N
[publish_wind_direction-2] [INFO] [1749050558.490594230] [publish_wind_direction]: Publishing: "id137:N"
[publish_wind_direction-2] [INFO] [1749050562.285870307] [publish_wind_direction]: ***Cam angle= -11.087989030740928, vico ang deg= 0.0 Ground Truth= 348.9120109692591
[publish_wind_direction-2] [INFO] [1749050562.288288450] [publish_wind_direction]: ***Corrected Wind Direction= N
[publish_wind_direction-2] [INFO] [1749050563.490592478] [publish_wind_direction]: Publishing: "id137:N"
[publish_wind_direction-2] [INFO] [1749050567.266350448] [publish_wind_direction]: ***Cam angle= -27.957480983939334, vico ang deg= 0.0 Ground Truth= 332.0425190160607
[publish_wind_direction-2] [INFO] [1749050567.268761760] [publish_wind_direction]: ***Corrected Wind Direction= N
[publish_wind_direction-2] [INFO] [1749050568.491112205] [publish_wind_direction]: Publishing: "id137:N"
[publish_wind_direction-2] [INFO] [1749050572.254074058] [publish_wind_direction]: ***Cam angle= -27.60296516202005, vico ang deg= 0.0 Ground Truth= 332.39703483797996
[publish_wind_direction-2] [INFO] [1749050572.256467157] [publish_wind_direction]: ***Corrected Wind Direction= N
[publish_wind_direction-2] [INFO] [1749050573.491003117] [publish_wind_direction]: Publishing: "id137:N"
[publish_wind_direction-2] [INFO] [1749050577.254941889] [publish_wind_direction]: ***Cam angle= -21.1443226637887, vico ang deg= 0.0 Ground Truth= 338.85567733621133
[publish_wind_direction-2] [INFO] [1749050577.257351387] [publish_wind_direction]: ***Corrected Wind Direction= N
[publish_wind_direction-2] [INFO] [1749050578.490811940] [publish_wind_direction]: Publishing: "id137:N"
[publish_wind_direction-2] [INFO] [1749050582.238371073] [publish_wind_direction]: ***Cam angle= -15.85264911478319, vico ang deg= 0.0 Ground Truth= 344.14735088521684
[publish_wind_direction-2] [INFO] [1749050582.240809890] [publish_wind_direction]: ***Corrected Wind Direction= N
[publish_wind_direction-2] [INFO] [1749050583.490920854] [publish_wind_direction]: Publishing: "id137:N"
[publish_wind_direction-2] [INFO] [1749050587.216820804] [publish_wind_direction]: ***Cam angle= 11.073211933140598, vico ang deg= 0.0 Ground Truth= 11.073211933140598
[publish_wind_direction-2] [INFO] [1749050587.219413044] [publish_wind_direction]: ***Corrected Wind Direction= N
[publish_wind_direction-2] [INFO] [1749050588.490922045] [publish_wind_direction]: Publishing: "id137:N"
[publish_wind_direction-2] [INFO] [1749050592.242289587] [publish_wind_direction]: ***Cam angle= 15.238115821712242, vico ang deg= 0.0 Ground Truth= 15.238115821712242
[publish_wind_direction-2] [INFO] [1749050592.244689090] [publish_wind_direction]: ***Corrected Wind Direction= N
[publish_wind_direction-2] [INFO] [1749050593.490815844] [publish_wind_direction]: Publishing: "id137:N"
[publish_wind_direction-2] [INFO] [1749050597.309042755] [publish_wind_direction]: ***Cam angle= 12.502494235819427, vico ang deg= 0.0 Ground Truth= 12.502494235819427
[publish_wind_direction-2] [INFO] [1749050597.311535841] [publish_wind_direction]: ***Corrected Wind Direction= N
[publish_wind_direction-2] [INFO] [1749050597.316358169] [publish_wind_direction]: w=-0.4496 x_rot=-0.5297  y_rot=-0.4654 z_rot=0.5484
[publish_wind_direction-2] [INFO] [1749050597.319048175] [publish_wind_direction]: Vicon Yaw Rads= -5.919386162486759
[publish_wind_direction-2] [INFO] [1749050597.321469094] [publish_wind_direction]: ** Vicon Yaw Degrees= -339.1558444186319
[publish_wind_direction-2] [INFO] [1749050597.324104757] [publish_wind_direction]: Vicon Position= [-134.29359436035156, -531.5880737304688]
[publish_wind_direction-2] [INFO] [1749050597.326658109] [publish_wind_direction]: Neighbourhood size: 2
[publish_wind_direction-2] [INFO] [1749050598.490946636] [publish_wind_direction]: Publishing: "id137:N"
[publish_wind_direction-2] [INFO] [1749050602.220979795] [publish_wind_direction]: ***Cam angle= 8.959108756605971, vico ang deg= -339.1558444186319 Ground Truth= 29.8032643379741
[publish_wind_direction-2] [INFO] [1749050602.223471734] [publish_wind_direction]: ***Corrected Wind Direction= N
[publish_wind_direction-2] [INFO] [1749050603.490880083] [publish_wind_direction]: Publishing: "id137:N"
[publish_wind_direction-2] [INFO] [1749050607.217709715] [publish_wind_direction]: ***Cam angle= 9.75866584691272, vico ang deg= -339.1558444186319 Ground Truth= 30.602821428280834
[publish_wind_direction-2] [INFO] [1749050607.220185402] [publish_wind_direction]: ***Corrected Wind Direction= N
[publish_wind_direction-2] [INFO] [1749050608.490912609] [publish_wind_direction]: Publishing: "id137:N"
[publish_wind_direction-2] [INFO] [1749050612.245987722] [publish_wind_direction]: ***Cam angle= 16.286500424703547, vico ang deg= -339.1558444186319 Ground Truth= 37.13065600607166
[publish_wind_direction-2] [INFO] [1749050612.249395481] [publish_wind_direction]: ***Corrected Wind Direction= N
[publish_wind_direction-2] [INFO] [1749050613.491117068] [publish_wind_direction]: Publishing: "id137:N"
[publish_wind_direction-2] [INFO] [1749050617.224683885] [publish_wind_direction]: ***Cam angle= 51.72944136707682, vico ang deg= -339.1558444186319 Ground Truth= 72.5735969484449
[publish_wind_direction-2] [INFO] [1749050617.228340427] [publish_wind_direction]: ***Corrected Wind Direction= W
[publish_wind_direction-2] [INFO] [1749050618.490897905] [publish_wind_direction]: Publishing: "id137:N"
[publish_wind_direction-2] [INFO] [1749050622.202965052] [publish_wind_direction]: ***Cam angle= 63.70693115638679, vico ang deg= -339.1558444186319 Ground Truth= 84.55108673775487
[publish_wind_direction-2] [INFO] [1749050622.205407830] [publish_wind_direction]: ***Corrected Wind Direction= W
[publish_wind_direction-2] [INFO] [1749050623.490884640] [publish_wind_direction]: Publishing: "id137:N"
[publish_wind_direction-2] [INFO] [1749050627.182478862] [publish_wind_direction]: ***Cam angle= 67.63317788982684, vico ang deg= -339.1558444186319 Ground Truth= 88.47733347119492
[publish_wind_direction-2] [INFO] [1749050627.184933189] [publish_wind_direction]: ***Corrected Wind Direction= W
[publish_wind_direction-2] [INFO] [1749050628.490861527] [publish_wind_direction]: Publishing: "id137:N"
[publish_wind_direction-2] [INFO] [1749050632.228680088] [publish_wind_direction]: ***Cam angle= 8.662179019979206, vico ang deg= -339.1558444186319 Ground Truth= 29.506334601347305
[publish_wind_direction-2] [INFO] [1749050632.231203345] [publish_wind_direction]: ***Corrected Wind Direction= N
[publish_wind_direction-2] [INFO] [1749050633.490823515] [publish_wind_direction]: Publishing: "id137:N"
[publish_wind_direction-2] [INFO] [1749050637.218137109] [publish_wind_direction]: ***Cam angle= 8.610547059753273, vico ang deg= -339.1558444186319 Ground Truth= 29.4547026411214
[publish_wind_direction-2] [INFO] [1749050637.220571946] [publish_wind_direction]: ***Corrected Wind Direction= N
[publish_wind_direction-2] [INFO] [1749050638.490802790] [publish_wind_direction]: Publishing: "id137:N"
[publish_wind_direction-2] [INFO] [1749050642.200001668] [publish_wind_direction]: ***Cam angle= 2.627767316986052, vico ang deg= -339.1558444186319 Ground Truth= 23.471922898354137
[publish_wind_direction-2] [INFO] [1749050642.202473913] [publish_wind_direction]: ***Corrected Wind Direction= N
[publish_wind_direction-2] [INFO] [1749050643.490919238] [publish_wind_direction]: Publishing: "id137:N"
[publish_wind_direction-2] [INFO] [1749050647.217120851] [publish_wind_direction]: ***Cam angle= -163.61093242526152, vico ang deg= -339.1558444186319 Ground Truth= 217.2332231561066
[publish_wind_direction-2] [INFO] [1749050647.219660007] [publish_wind_direction]: ***Corrected Wind Direction= S
[publish_wind_direction-2] [INFO] [1749050648.490913968] [publish_wind_direction]: Publishing: "id137:N"
[publish_wind_direction-2] [INFO] [1749050652.366801534] [publish_wind_direction]: ***Cam angle= -179.12412699141188, vico ang deg= -339.1558444186319 Ground Truth= 201.7200285899562
[publish_wind_direction-2] [INFO] [1749050652.371655051] [publish_wind_direction]: ***Corrected Wind Direction= S
[publish_wind_direction-2] [INFO] [1749050653.493865220] [publish_wind_direction]: Publishing: "id137:N"
[publish_wind_direction-2] [INFO] [1749050657.340166290] [publish_wind_direction]: ***Cam angle= -185.09552083348746, vico ang deg= -339.1558444186319 Ground Truth= 195.74863474788071
[publish_wind_direction-2] [INFO] [1749050657.342799843] [publish_wind_direction]: ***Corrected Wind Direction= S
[publish_wind_direction-2] [INFO] [1749050658.490854972] [publish_wind_direction]: Publishing: "id137:N"
[publish_wind_direction-2] [INFO] [1749050662.347429385] [publish_wind_direction]: ***Cam angle= -187.6923690893709, vico ang deg= -339.1558444186319 Ground Truth= 193.1517864919972
[publish_wind_direction-2] [INFO] [1749050662.349914401] [publish_wind_direction]: ***Corrected Wind Direction= S
[publish_wind_direction-2] [INFO] [1749050663.490885499] [publish_wind_direction]: Publishing: "id137:N"
[publish_wind_direction-2] [INFO] [1749050667.344440589] [publish_wind_direction]: ***Cam angle= -209.55055121317838, vico ang deg= -339.1558444186319 Ground Truth= 171.2936043681898
[publish_wind_direction-2] [INFO] [1749050667.346947354] [publish_wind_direction]: ***Corrected Wind Direction= S
[publish_wind_direction-2] [INFO] [1749050668.490849616] [publish_wind_direction]: Publishing: "id137:N"
[publish_wind_direction-2] [INFO] [1749050672.344806745] [publish_wind_direction]: ***Cam angle= -118.74718060767248, vico ang deg= -339.1558444186319 Ground Truth= 262.09697497369564
[publish_wind_direction-2] [INFO] [1749050672.347308753] [publish_wind_direction]: ***Corrected Wind Direction= E
[publish_wind_direction-2] [INFO] [1749050673.490859875] [publish_wind_direction]: Publishing: "id137:N"
[publish_wind_direction-2] [INFO] [1749050677.380151995] [publish_wind_direction]: ***Cam angle= -96.78520694690935, vico ang deg= -339.1558444186319 Ground Truth= 284.0589486344588
[publish_wind_direction-2] [INFO] [1749050677.382672031] [publish_wind_direction]: ***Corrected Wind Direction= E
[publish_wind_direction-2] [INFO] [1749050678.490857530] [publish_wind_direction]: Publishing: "id137:N"
[publish_wind_direction-2] [INFO] [1749050682.328336070] [publish_wind_direction]: ***Cam angle= -165.255798217391, vico ang deg= -339.1558444186319 Ground Truth= 215.58835736397714
[publish_wind_direction-2] [INFO] [1749050682.330892365] [publish_wind_direction]: ***Corrected Wind Direction= S
[publish_wind_direction-2] [INFO] [1749050683.490821017] [publish_wind_direction]: Publishing: "id137:N"
[publish_wind_direction-2] [INFO] [1749050687.332766267] [publish_wind_direction]: ***Cam angle= -89.39010597298866, vico ang deg= -339.1558444186319 Ground Truth= 291.4540496083795
[publish_wind_direction-2] [INFO] [1749050687.335241066] [publish_wind_direction]: ***Corrected Wind Direction= E
[publish_wind_direction-2] [INFO] [1749050688.490890914] [publish_wind_direction]: Publishing: "id137:N"
[publish_wind_direction-2] [INFO] [1749050692.363578988] [publish_wind_direction]: ***Cam angle= -128.06339812387674, vico ang deg= -339.1558444186319 Ground Truth= 252.7807574574914
[publish_wind_direction-2] [INFO] [1749050692.367162343] [publish_wind_direction]: ***Corrected Wind Direction= E
[publish_wind_direction-2] [INFO] [1749050693.491065610] [publish_wind_direction]: Publishing: "id137:N"
[publish_wind_direction-2] [INFO] [1749050697.337789432] [publish_wind_direction]: ***Cam angle= -129.98074553283743, vico ang deg= -339.1558444186319 Ground Truth= 250.86341004853068
[publish_wind_direction-2] [INFO] [1749050697.340233598] [publish_wind_direction]: ***Corrected Wind Direction= E
[random_robot_move-1] [INFO] [1749050697.978786125] [random_robot_move]: Exception, shutting down
[publish_wind_direction-2] [INFO] [1749050698.493761378] [publish_wind_direction]: Raising exception
[publish_wind_direction-2] [INFO] [1749050698.499926664] [publish_wind_direction]: Publisher stopping, exception
[INFO] [publish_wind_direction-2]: process has finished cleanly [pid 850]
