[INFO] [launch]: All log files can be found below /home/thymio/.ros/log/2025-06-13-15-43-30-227545-thymio-817
[INFO] [launch]: Default logging verbosity is set to INFO
[INFO] [random_robot_move-1]: process started with pid [840]
[INFO] [service_vicon_node-2]: process started with pid [842]
[INFO] [service_neighbours_opinions-3]: process started with pid [844]
[INFO] [publish_wind_direction-4]: process started with pid [847]
[service_neighbours_opinions-3] [INFO] [1749829413.071824148] [service_neighbours_opinions]: Physical Ip=192.168.3.84, id=id84
[service_neighbours_opinions-3] [INFO] [1749829413.081057778] [service_neighbours_opinions]: Updated ID from mapping: id224
[service_vicon_node-2] [INFO] [1749829413.112951074] [service_vicon_node]: Physical Ip=192.168.3.84, id=id84
[service_vicon_node-2] [INFO] [1749829413.115739944] [service_vicon_node]: Updated ID from mapping: id224
[service_neighbours_opinions-3] [INFO] [1749829413.170171389] [service_neighbours_opinions]: Subscribed to: wind_direction/id68
[service_neighbours_opinions-3] [INFO] [1749829413.174144111] [service_neighbours_opinions]: Subscribed to: wind_direction/id136
[service_neighbours_opinions-3] [INFO] [1749829413.178545722] [service_neighbours_opinions]: Subscribed to: wind_direction/id137
[service_vicon_node-2] [INFO] [1749829413.183021259] [service_vicon_node]: Subscribed to: vicon/default/data
[service_neighbours_opinions-3] [INFO] [1749829413.183019500] [service_neighbours_opinions]: Subscribed to: wind_direction/id142
[service_neighbours_opinions-3] [INFO] [1749829413.186757778] [service_neighbours_opinions]: Subscribed to: wind_direction/id151
[service_neighbours_opinions-3] [INFO] [1749829413.190431481] [service_neighbours_opinions]: Subscribed to: wind_direction/id152
[service_neighbours_opinions-3] [INFO] [1749829413.194244777] [service_neighbours_opinions]: Subscribed to: wind_direction/id155
[service_neighbours_opinions-3] [INFO] [1749829413.197730185] [service_neighbours_opinions]: Subscribed to: wind_direction/id189
[service_neighbours_opinions-3] [INFO] [1749829413.201162296] [service_neighbours_opinions]: Subscribed to: wind_direction/id192
[service_neighbours_opinions-3] [INFO] [1749829413.204810000] [service_neighbours_opinions]: Subscribed to: wind_direction/id193
[service_neighbours_opinions-3] [INFO] [1749829413.208580240] [service_neighbours_opinions]: Subscribed to: wind_direction/id194
[service_neighbours_opinions-3] [INFO] [1749829413.213032018] [service_neighbours_opinions]: Subscribed to: wind_direction/id195
[service_neighbours_opinions-3] [INFO] [1749829413.216955370] [service_neighbours_opinions]: Subscribed to: wind_direction/id200
[service_neighbours_opinions-3] [INFO] [1749829413.221117889] [service_neighbours_opinions]: Subscribed to: wind_direction/id206
[service_neighbours_opinions-3] [INFO] [1749829413.225015055] [service_neighbours_opinions]: Subscribed to: wind_direction/id207
[service_neighbours_opinions-3] [INFO] [1749829413.228860555] [service_neighbours_opinions]: Subscribed to: wind_direction/id223
[service_neighbours_opinions-3] [INFO] [1749829413.232759148] [service_neighbours_opinions]: Subscribed to: wind_direction/id236
[service_neighbours_opinions-3] [INFO] [1749829413.236493574] [service_neighbours_opinions]: Subscribed to: wind_direction/id247
[service_neighbours_opinions-3] [INFO] [1749829413.240463889] [service_neighbours_opinions]: Subscribed to: wind_direction/id1193
[publish_wind_direction-4] /usr/lib/python3/dist-packages/scipy/__init__.py:146: UserWarning: A NumPy version >=1.17.3 and <1.25.0 is required for this version of SciPy (detected version 1.26.4
[publish_wind_direction-4]   warnings.warn(f"A NumPy version >={np_minversion} and <{np_maxversion}"
[publish_wind_direction-4] [INFO] [1749829414.860271869] [publish_wind_direction]: Physical Ip=192.168.3.84, id=id84
[publish_wind_direction-4] [INFO] [1749829414.862936906] [publish_wind_direction]: Updated ID from mapping: id224
[publish_wind_direction-4] [INFO] [1749829414.870892684] [publish_wind_direction]: Publsihing on: wind_direction/id224
[random_robot_move-1] [INFO] [1749829417.717573534] [random_robot_move]: Robot Control Node started.
[publish_wind_direction-4] [ERROR] [1749829439.921901169] [publish_wind_direction]: get_pose_data service not available!
[publish_wind_direction-4] [INFO] [1749829460.627290194] [publish_wind_direction]: Pose info requested
[publish_wind_direction-4] [INFO] [1749829464.503607840] [publish_wind_direction]: Pose info requested
[service_neighbours_opinions-3] [INFO] [1749829467.703170152] [service_neighbours_opinions]: * Received from id136, wind direction W
[service_neighbours_opinions-3] [INFO] [1749829467.707887486] [service_neighbours_opinions]: All opinions = {'id136': 'W'}
[publish_wind_direction-4] [INFO] [1749829469.014980096] [publish_wind_direction]: Pose info requested
[service_neighbours_opinions-3] [INFO] [1749829472.760561038] [service_neighbours_opinions]: * Received from id136, wind direction W
[service_neighbours_opinions-3] [INFO] [1749829472.765164057] [service_neighbours_opinions]: All opinions = {'id136': 'W'}
[publish_wind_direction-4] [INFO] [1749829473.900607352] [publish_wind_direction]: Pose info requested
[service_neighbours_opinions-3] [INFO] [1749829477.345113443] [service_neighbours_opinions]: * Received from id136, wind direction W
[service_neighbours_opinions-3] [INFO] [1749829477.350241887] [service_neighbours_opinions]: Comm. Noise, new received opinion: N
[service_neighbours_opinions-3] [INFO] [1749829477.352805943] [service_neighbours_opinions]: All opinions = {'id136': 'N'}
[publish_wind_direction-4] [INFO] [1749829478.735790275] [publish_wind_direction]: Pose info requested
[service_neighbours_opinions-3] [INFO] [1749829482.592711495] [service_neighbours_opinions]: * Received from id136, wind direction W
[service_neighbours_opinions-3] [INFO] [1749829482.595611569] [service_neighbours_opinions]: All opinions = {'id136': 'W'}
[publish_wind_direction-4] [INFO] [1749829483.847856809] [publish_wind_direction]: Pose info requested
[service_neighbours_opinions-3] [INFO] [1749829487.242573141] [service_neighbours_opinions]: * Received from id136, wind direction W
[service_neighbours_opinions-3] [INFO] [1749829487.245087882] [service_neighbours_opinions]: All opinions = {'id136': 'W'}
[publish_wind_direction-4] [INFO] [1749829488.912786899] [publish_wind_direction]: Pose info requested
[publish_wind_direction-4] [INFO] [1749829493.758849341] [publish_wind_direction]: Pose info requested
[publish_wind_direction-4] [INFO] [1749829498.709448819] [publish_wind_direction]: Pose info requested
[publish_wind_direction-4] [INFO] [1749829503.809883483] [publish_wind_direction]: Pose info requested
[service_neighbours_opinions-3] [INFO] [1749829507.307076555] [service_neighbours_opinions]: * Received from id136, wind direction W
[service_neighbours_opinions-3] [INFO] [1749829507.309970110] [service_neighbours_opinions]: All opinions = {'id136': 'W'}
[publish_wind_direction-4] [INFO] [1749829508.685997202] [publish_wind_direction]: Pose info requested
[service_neighbours_opinions-3] [INFO] [1749829512.238554941] [service_neighbours_opinions]: * Received from id136, wind direction W
[service_neighbours_opinions-3] [INFO] [1749829512.243795626] [service_neighbours_opinions]: Comm. Noise, new received opinion: N
[service_neighbours_opinions-3] [INFO] [1749829512.246410885] [service_neighbours_opinions]: All opinions = {'id136': 'N'}
[publish_wind_direction-4] [INFO] [1749829513.643096958] [publish_wind_direction]: Pose info requested
[service_neighbours_opinions-3] [INFO] [1749829517.342665678] [service_neighbours_opinions]: * Received from id136, wind direction W
[service_neighbours_opinions-3] [INFO] [1749829517.345294734] [service_neighbours_opinions]: All opinions = {'id136': 'W'}
[publish_wind_direction-4] [INFO] [1749829518.820194103] [publish_wind_direction]: Pose info requested
[service_neighbours_opinions-3] [INFO] [1749829522.296765546] [service_neighbours_opinions]: * Received from id136, wind direction W
[service_neighbours_opinions-3] [INFO] [1749829522.299691638] [service_neighbours_opinions]: All opinions = {'id136': 'W'}
[publish_wind_direction-4] [INFO] [1749829523.723381267] [publish_wind_direction]: Pose info requested
[service_neighbours_opinions-3] [INFO] [1749829527.256799598] [service_neighbours_opinions]: * Received from id136, wind direction E
[service_neighbours_opinions-3] [INFO] [1749829527.259706987] [service_neighbours_opinions]: All opinions = {'id136': 'E'}
[publish_wind_direction-4] [INFO] [1749829528.658220023] [publish_wind_direction]: Pose info requested
[publish_wind_direction-4] [INFO] [1749829533.623474743] [publish_wind_direction]: Pose info requested
[publish_wind_direction-4] [INFO] [1749829538.617458369] [publish_wind_direction]: Pose info requested
[publish_wind_direction-4] [INFO] [1749829543.607320403] [publish_wind_direction]: Pose info requested
[publish_wind_direction-4] [INFO] [1749829548.695946215] [publish_wind_direction]: Pose info requested
[publish_wind_direction-4] [INFO] [1749829553.668011879] [publish_wind_direction]: Pose info requested
[publish_wind_direction-4] [INFO] [1749829558.585020709] [publish_wind_direction]: Pose info requested
[publish_wind_direction-4] [INFO] [1749829563.673222206] [publish_wind_direction]: Pose info requested
[publish_wind_direction-4] [INFO] [1749829568.623633852] [publish_wind_direction]: Pose info requested
[publish_wind_direction-4] [INFO] [1749829573.683371608] [publish_wind_direction]: Pose info requested
[publish_wind_direction-4] [INFO] [1749829578.723276049] [publish_wind_direction]: Pose info requested
[publish_wind_direction-4] [INFO] [1749829583.858889824] [publish_wind_direction]: Pose info requested
[publish_wind_direction-4] [INFO] [1749829588.651661803] [publish_wind_direction]: Pose info requested
[publish_wind_direction-4] [INFO] [1749829593.710676485] [publish_wind_direction]: Pose info requested
[publish_wind_direction-4] [INFO] [1749829598.625639130] [publish_wind_direction]: Pose info requested
[publish_wind_direction-4] [INFO] [1749829603.804768497] [publish_wind_direction]: Pose info requested
[publish_wind_direction-4] [INFO] [1749829608.730297902] [publish_wind_direction]: Pose info requested
[publish_wind_direction-4] [INFO] [1749829613.662804936] [publish_wind_direction]: Pose info requested
[publish_wind_direction-4] [INFO] [1749829618.630359618] [publish_wind_direction]: Pose info requested
[publish_wind_direction-4] [INFO] [1749829623.735807467] [publish_wind_direction]: Pose info requested
[publish_wind_direction-4] [INFO] [1749829628.656257094] [publish_wind_direction]: Pose info requested
[publish_wind_direction-4] [INFO] [1749829633.649187128] [publish_wind_direction]: Pose info requested
[publish_wind_direction-4] [INFO] [1749829638.684767754] [publish_wind_direction]: Pose info requested
[publish_wind_direction-4] [INFO] [1749829643.659063455] [publish_wind_direction]: Pose info requested
[publish_wind_direction-4] [INFO] [1749829648.657208322] [publish_wind_direction]: Pose info requested
[publish_wind_direction-4] [INFO] [1749829653.731599060] [publish_wind_direction]: Pose info requested
[publish_wind_direction-4] [INFO] [1749829658.603164909] [publish_wind_direction]: Pose info requested
[publish_wind_direction-4] [INFO] [1749829663.621827499] [publish_wind_direction]: Pose info requested
[publish_wind_direction-4] [INFO] [1749829668.614809051] [publish_wind_direction]: Pose info requested
[publish_wind_direction-4] [INFO] [1749829673.667122956] [publish_wind_direction]: Pose info requested
[publish_wind_direction-4] [INFO] [1749829678.596692842] [publish_wind_direction]: Pose info requested
[publish_wind_direction-4] [INFO] [1749829683.715860413] [publish_wind_direction]: Pose info requested
[publish_wind_direction-4] [INFO] [1749829688.584729354] [publish_wind_direction]: Pose info requested
[publish_wind_direction-4] [INFO] [1749829693.588003129] [publish_wind_direction]: Pose info requested
[publish_wind_direction-4] [INFO] [1749829698.661312274] [publish_wind_direction]: Pose info requested
[publish_wind_direction-4] [INFO] [1749829703.606514716] [publish_wind_direction]: Pose info requested
[publish_wind_direction-4] [INFO] [1749829708.669748138] [publish_wind_direction]: Pose info requested
[publish_wind_direction-4] [INFO] [1749829713.605815858] [publish_wind_direction]: Pose info requested
[publish_wind_direction-4] [INFO] [1749829718.638025929] [publish_wind_direction]: Pose info requested
[publish_wind_direction-4] [INFO] [1749829723.710136259] [publish_wind_direction]: Pose info requested
[publish_wind_direction-4] [INFO] [1749829728.653240589] [publish_wind_direction]: Pose info requested
[publish_wind_direction-4] [INFO] [1749829733.676512512] [publish_wind_direction]: Pose info requested
[publish_wind_direction-4] [INFO] [1749829738.639960491] [publish_wind_direction]: Pose info requested
[publish_wind_direction-4] [INFO] [1749829743.645530988] [publish_wind_direction]: Pose info requested
[publish_wind_direction-4] [INFO] [1749829748.620813263] [publish_wind_direction]: Pose info requested
[publish_wind_direction-4] [INFO] [1749829753.611846408] [publish_wind_direction]: Pose info requested
[publish_wind_direction-4] [INFO] [1749829758.602881423] [publish_wind_direction]: Pose info requested
[publish_wind_direction-4] [INFO] [1749829763.645087495] [publish_wind_direction]: Pose info requested
[publish_wind_direction-4] [INFO] [1749829768.627116862] [publish_wind_direction]: Pose info requested
[publish_wind_direction-4] [INFO] [1749829773.636914248] [publish_wind_direction]: Pose info requested
[publish_wind_direction-4] [INFO] [1749829778.662767560] [publish_wind_direction]: Pose info requested
[publish_wind_direction-4] [INFO] [1749829783.623094279] [publish_wind_direction]: Pose info requested
[publish_wind_direction-4] [INFO] [1749829788.654703313] [publish_wind_direction]: Pose info requested
[publish_wind_direction-4] [INFO] [1749829793.715009199] [publish_wind_direction]: Pose info requested
[publish_wind_direction-4] [INFO] [1749829798.729382122] [publish_wind_direction]: Pose info requested
[publish_wind_direction-4] [INFO] [1749829803.563849619] [publish_wind_direction]: Pose info requested
[publish_wind_direction-4] [INFO] [1749829808.698947153] [publish_wind_direction]: Pose info requested
[publish_wind_direction-4] [INFO] [1749829813.605165650] [publish_wind_direction]: Pose info requested
[publish_wind_direction-4] [INFO] [1749829818.630344295] [publish_wind_direction]: Pose info requested
[publish_wind_direction-4] [INFO] [1749829823.608350663] [publish_wind_direction]: Pose info requested
[publish_wind_direction-4] [INFO] [1749829828.599034085] [publish_wind_direction]: Pose info requested
[publish_wind_direction-4] [INFO] [1749829833.599937342] [publish_wind_direction]: Pose info requested
[publish_wind_direction-4] [INFO] [1749829838.594231450] [publish_wind_direction]: Pose info requested
[publish_wind_direction-4] [INFO] [1749829843.604206669] [publish_wind_direction]: Pose info requested
[publish_wind_direction-4] [INFO] [1749829848.622328074] [publish_wind_direction]: Pose info requested
[publish_wind_direction-4] [INFO] [1749829853.630316867] [publish_wind_direction]: Pose info requested
[publish_wind_direction-4] [INFO] [1749829858.610665438] [publish_wind_direction]: Pose info requested
[publish_wind_direction-4] [INFO] [1749829863.585912676] [publish_wind_direction]: Pose info requested
[publish_wind_direction-4] [INFO] [1749829868.591428376] [publish_wind_direction]: Pose info requested
[publish_wind_direction-4] [INFO] [1749829873.672540225] [publish_wind_direction]: Pose info requested
[publish_wind_direction-4] [INFO] [1749829878.624849741] [publish_wind_direction]: Pose info requested
[publish_wind_direction-4] [INFO] [1749829883.766365460] [publish_wind_direction]: Pose info requested
[publish_wind_direction-4] [INFO] [1749829888.601508865] [publish_wind_direction]: Pose info requested
[publish_wind_direction-4] [INFO] [1749829893.568494084] [publish_wind_direction]: Pose info requested
[publish_wind_direction-4] [INFO] [1749829898.580063803] [publish_wind_direction]: Pose info requested
[publish_wind_direction-4] [INFO] [1749829903.591014670] [publish_wind_direction]: Pose info requested
[publish_wind_direction-4] [INFO] [1749829908.723558334] [publish_wind_direction]: Pose info requested
[publish_wind_direction-4] [INFO] [1749829913.706840238] [publish_wind_direction]: Pose info requested
[publish_wind_direction-4] [INFO] [1749829918.599690384] [publish_wind_direction]: Pose info requested
[publish_wind_direction-4] [INFO] [1749829923.629080714] [publish_wind_direction]: Pose info requested
[publish_wind_direction-4] [INFO] [1749829928.864680155] [publish_wind_direction]: Pose info requested
[publish_wind_direction-4] [INFO] [1749829933.542982745] [publish_wind_direction]: Pose info requested
[publish_wind_direction-4] [INFO] [1749829938.538334224] [publish_wind_direction]: Pose info requested
[publish_wind_direction-4] [INFO] [1749829943.647280017] [publish_wind_direction]: Pose info requested
[publish_wind_direction-4] [INFO] [1749829948.648892662] [publish_wind_direction]: Pose info requested
[publish_wind_direction-4] [INFO] [1749829953.716150992] [publish_wind_direction]: Pose info requested
[publish_wind_direction-4] [INFO] [1749829958.605782397] [publish_wind_direction]: Pose info requested
[publish_wind_direction-4] [INFO] [1749829963.690558098] [publish_wind_direction]: Pose info requested
[publish_wind_direction-4] [INFO] [1749829968.716361669] [publish_wind_direction]: Pose info requested
[publish_wind_direction-4] [INFO] [1749829973.747770054] [publish_wind_direction]: Pose info requested
[publish_wind_direction-4] [INFO] [1749829978.618483663] [publish_wind_direction]: Pose info requested
[publish_wind_direction-4] [INFO] [1749829983.583902919] [publish_wind_direction]: Pose info requested
[publish_wind_direction-4] [INFO] [1749829988.569463379] [publish_wind_direction]: Pose info requested
[publish_wind_direction-4] [INFO] [1749829993.671390357] [publish_wind_direction]: Pose info requested
[publish_wind_direction-4] [INFO] [1749829998.599858169] [publish_wind_direction]: Pose info requested
[publish_wind_direction-4] [INFO] [1749830003.590992703] [publish_wind_direction]: Pose info requested
[publish_wind_direction-4] [INFO] [1749830008.588256237] [publish_wind_direction]: Pose info requested
[publish_wind_direction-4] [INFO] [1749830013.600161957] [publish_wind_direction]: Pose info requested
[publish_wind_direction-4] [INFO] [1749830018.651595398] [publish_wind_direction]: Pose info requested
[publish_wind_direction-4] [INFO] [1749830023.596627895] [publish_wind_direction]: Pose info requested
[publish_wind_direction-4] [INFO] [1749830028.638450374] [publish_wind_direction]: Pose info requested
[publish_wind_direction-4] [INFO] [1749830033.578489241] [publish_wind_direction]: Pose info requested
[publish_wind_direction-4] [INFO] [1749830038.612877423] [publish_wind_direction]: Pose info requested
[publish_wind_direction-4] [INFO] [1749830043.596338087] [publish_wind_direction]: Pose info requested
[publish_wind_direction-4] [INFO] [1749830048.738301158] [publish_wind_direction]: Pose info requested
[publish_wind_direction-4] [INFO] [1749830053.638724914] [publish_wind_direction]: Pose info requested
[publish_wind_direction-4] [INFO] [1749830058.674545856] [publish_wind_direction]: Pose info requested
[publish_wind_direction-4] [INFO] [1749830063.599636686] [publish_wind_direction]: Pose info requested
[publish_wind_direction-4] [INFO] [1749830068.559342720] [publish_wind_direction]: Pose info requested
[publish_wind_direction-4] [INFO] [1749830073.707359162] [publish_wind_direction]: Pose info requested
[publish_wind_direction-4] [INFO] [1749830078.608990325] [publish_wind_direction]: Pose info requested
[publish_wind_direction-4] [INFO] [1749830083.610954711] [publish_wind_direction]: Pose info requested
[publish_wind_direction-4] [INFO] [1749830088.639696097] [publish_wind_direction]: Pose info requested
[publish_wind_direction-4] [INFO] [1749830093.635558557] [publish_wind_direction]: Pose info requested
[publish_wind_direction-4] [INFO] [1749830098.638944702] [publish_wind_direction]: Pose info requested
[publish_wind_direction-4] [INFO] [1749830103.662199922] [publish_wind_direction]: Pose info requested
[publish_wind_direction-4] [INFO] [1749830108.619962826] [publish_wind_direction]: Pose info requested
[service_neighbours_opinions-3] [INFO] [1749830113.244207138] [service_neighbours_opinions]: Raising exception at 15:55:13
[service_neighbours_opinions-3] Traceback (most recent call last):
[service_neighbours_opinions-3]   File "/home/thymio/ros2_ws/install/wind_direction_detector/lib/python3.10/site-packages/wind_direction_detector/neighbours_opinion_node.py", line 111, in main
[service_neighbours_opinions-3]     rclpy.spin(neighbours_node)
[service_neighbours_opinions-3]   File "/opt/ros/humble/local/lib/python3.10/dist-packages/rclpy/__init__.py", line 226, in spin
[service_neighbours_opinions-3]     executor.spin_once()
[service_neighbours_opinions-3]   File "/opt/ros/humble/local/lib/python3.10/dist-packages/rclpy/executors.py", line 739, in spin_once
[service_neighbours_opinions-3]     self._spin_once_impl(timeout_sec)
[service_neighbours_opinions-3]   File "/opt/ros/humble/local/lib/python3.10/dist-packages/rclpy/executors.py", line 736, in _spin_once_impl
[service_neighbours_opinions-3]     raise handler.exception()
[service_neighbours_opinions-3]   File "/opt/ros/humble/local/lib/python3.10/dist-packages/rclpy/task.py", line 239, in __call__
[service_neighbours_opinions-3]     self._handler.send(None)
[service_neighbours_opinions-3]   File "/opt/ros/humble/local/lib/python3.10/dist-packages/rclpy/executors.py", line 437, in handler
[service_neighbours_opinions-3]     await call_coroutine(entity, arg)
[service_neighbours_opinions-3]   File "/opt/ros/humble/local/lib/python3.10/dist-packages/rclpy/executors.py", line 351, in _execute_timer
[service_neighbours_opinions-3]     await await_or_execute(tmr.callback)
[service_neighbours_opinions-3]   File "/opt/ros/humble/local/lib/python3.10/dist-packages/rclpy/executors.py", line 107, in await_or_execute
[service_neighbours_opinions-3]     return callback(*args)
[service_neighbours_opinions-3]   File "/home/thymio/ros2_ws/install/wind_direction_detector/lib/python3.10/site-packages/wind_direction_detector/neighbours_opinion_node.py", line 64, in stop_execution
[service_neighbours_opinions-3]     raise Exception
[service_neighbours_opinions-3] Exception
[service_neighbours_opinions-3] 
[service_neighbours_opinions-3] During handling of the above exception, another exception occurred:
[service_neighbours_opinions-3] 
[service_neighbours_opinions-3] Traceback (most recent call last):
[service_neighbours_opinions-3]   File "/home/thymio/ros2_ws/install/wind_direction_detector/lib/wind_direction_detector/service_neighbours_opinions", line 33, in <module>
[service_neighbours_opinions-3]     sys.exit(load_entry_point('wind-direction-detector==0.0.0', 'console_scripts', 'service_neighbours_opinions')())
[service_neighbours_opinions-3]   File "/home/thymio/ros2_ws/install/wind_direction_detector/lib/python3.10/site-packages/wind_direction_detector/neighbours_opinion_node.py", line 117, in main
[service_neighbours_opinions-3]     neighbours_node.get_logger().error(e)
[service_neighbours_opinions-3]   File "/opt/ros/humble/local/lib/python3.10/dist-packages/rclpy/impl/rcutils_logger.py", line 345, in error
[service_neighbours_opinions-3]     return self.log(message, LoggingSeverity.ERROR, **kwargs)
[service_neighbours_opinions-3]   File "/opt/ros/humble/local/lib/python3.10/dist-packages/rclpy/impl/rcutils_logger.py", line 318, in log
[service_neighbours_opinions-3]     _rclpy.rclpy_logging_rcutils_log(
[service_neighbours_opinions-3] TypeError: rclpy_logging_rcutils_log(): incompatible function arguments. The following argument types are supported:
[service_neighbours_opinions-3]     1. (arg0: int, arg1: str, arg2: str, arg3: str, arg4: str, arg5: int) -> None
[service_neighbours_opinions-3] 
[service_neighbours_opinions-3] Invoked with: <LoggingSeverity.ERROR: 40>, 'service_neighbours_opinions', Exception(), 'main', '/home/thymio/ros2_ws/install/wind_direction_detector/lib/python3.10/site-packages/wind_direction_detector/neighbours_opinion_node.py', 117
[publish_wind_direction-4] [INFO] [1749830113.643473471] [publish_wind_direction]: Pose info requested
[ERROR] [service_neighbours_opinions-3]: process has died [pid 844, exit code 1, cmd '/home/thymio/ros2_ws/install/wind_direction_detector/lib/wind_direction_detector/service_neighbours_opinions --ros-args -r __node:=service_neighbours_opinions'].
[random_robot_move-1] [INFO] [1749830117.090321506] [random_robot_move]: robot move: excetion raised at 15:55:17
[random_robot_move-1] [INFO] [1749830117.093041451] [random_robot_move]: Exception, shutting down
[publish_wind_direction-4] [INFO] [1749830118.592715746] [publish_wind_direction]: Pose info requested
[publish_wind_direction-4] [INFO] [1749830118.595180172] [publish_wind_direction]: Raising exception at 15:55:18
[publish_wind_direction-4] Traceback (most recent call last):
[publish_wind_direction-4]   File "/home/thymio/ros2_ws/install/wind_direction_detector/lib/wind_direction_detector/publish_wind_direction", line 33, in <module>
[publish_wind_direction-4]     sys.exit(load_entry_point('wind-direction-detector==0.0.0', 'console_scripts', 'publish_wind_direction')())
[publish_wind_direction-4]   File "/home/thymio/ros2_ws/install/wind_direction_detector/lib/python3.10/site-packages/wind_direction_detector/publish_direction.py", line 331, in main
[publish_wind_direction-4]     rclpy.spin(wind_direction_sensor)
[publish_wind_direction-4]   File "/opt/ros/humble/local/lib/python3.10/dist-packages/rclpy/__init__.py", line 226, in spin
[publish_wind_direction-4]     executor.spin_once()
[publish_wind_direction-4]   File "/opt/ros/humble/local/lib/python3.10/dist-packages/rclpy/executors.py", line 739, in spin_once
[publish_wind_direction-4]     self._spin_once_impl(timeout_sec)
[publish_wind_direction-4]   File "/opt/ros/humble/local/lib/python3.10/dist-packages/rclpy/executors.py", line 736, in _spin_once_impl
[publish_wind_direction-4]     raise handler.exception()
[publish_wind_direction-4]   File "/opt/ros/humble/local/lib/python3.10/dist-packages/rclpy/task.py", line 239, in __call__
[publish_wind_direction-4]     self._handler.send(None)
[publish_wind_direction-4]   File "/opt/ros/humble/local/lib/python3.10/dist-packages/rclpy/executors.py", line 437, in handler
[publish_wind_direction-4]     await call_coroutine(entity, arg)
[publish_wind_direction-4]   File "/opt/ros/humble/local/lib/python3.10/dist-packages/rclpy/executors.py", line 351, in _execute_timer
[publish_wind_direction-4]     await await_or_execute(tmr.callback)
[publish_wind_direction-4]   File "/opt/ros/humble/local/lib/python3.10/dist-packages/rclpy/executors.py", line 107, in await_or_execute
[publish_wind_direction-4]     return callback(*args)
[publish_wind_direction-4]   File "/home/thymio/ros2_ws/install/wind_direction_detector/lib/python3.10/site-packages/wind_direction_detector/publish_direction.py", line 169, in make_wind_direction_opinion
[publish_wind_direction-4]     raise Exception
[publish_wind_direction-4] Exception
[ERROR] [publish_wind_direction-4]: process has died [pid 847, exit code 1, cmd '/home/thymio/ros2_ws/install/wind_direction_detector/lib/wind_direction_detector/publish_wind_direction --ros-args -r __node:=publish_wind_direction'].
