[INFO] [launch]: All log files can be found below /home/thymio/.ros/log/2025-06-11-09-55-34-624433-thymio-820
[INFO] [launch]: Default logging verbosity is set to INFO
[INFO] [random_robot_move-1]: process started with pid [842]
[INFO] [publish_wind_direction-2]: process started with pid [844]
[publish_wind_direction-2] /usr/lib/python3/dist-packages/scipy/__init__.py:146: UserWarning: A NumPy version >=1.17.3 and <1.25.0 is required for this version of SciPy (detected version 1.26.4
[publish_wind_direction-2]   warnings.warn(f"A NumPy version >={np_minversion} and <{np_maxversion}"
[publish_wind_direction-2] [INFO] [1749635738.511446735] [publish_wind_direction]: Physical Ip=134.34.225.142, id=id142
[publish_wind_direction-2] [INFO] [1749635738.535412299] [publish_wind_direction]: Publsihing on: wind_direction/id142
[publish_wind_direction-2] [INFO] [1749635738.551516450] [publish_wind_direction]: Subscribed to: vicon/default/data
[publish_wind_direction-2] [INFO] [1749635738.555743080] [publish_wind_direction]: Subscribed to: wind_direction/id136
[publish_wind_direction-2] [INFO] [1749635738.559847398] [publish_wind_direction]: Subscribed to: wind_direction/id195
[publish_wind_direction-2] [INFO] [1749635738.563466038] [publish_wind_direction]: Subscribed to: wind_direction/id151
[publish_wind_direction-2] [INFO] [1749635738.566988968] [publish_wind_direction]: Subscribed to: wind_direction/id207
[publish_wind_direction-2] [INFO] [1749635738.570460674] [publish_wind_direction]: Subscribed to: wind_direction/id224
[publish_wind_direction-2] [INFO] [1749635738.573865511] [publish_wind_direction]: Subscribed to: wind_direction/id192
[publish_wind_direction-2] [INFO] [1749635738.577656707] [publish_wind_direction]: Subscribed to: wind_direction/id193
[publish_wind_direction-2] [INFO] [1749635738.581274588] [publish_wind_direction]: Subscribed to: wind_direction/id206
[publish_wind_direction-2] [INFO] [1749635738.584768527] [publish_wind_direction]: Subscribed to: wind_direction/id194
[publish_wind_direction-2] [INFO] [1749635738.588184602] [publish_wind_direction]: Subscribed to: wind_direction/id137
[publish_wind_direction-2] [INFO] [1749635738.591587496] [publish_wind_direction]: Subscribed to: wind_direction/id223
[random_robot_move-1] [INFO] [1749635741.487429637] [random_robot_move]: Robot Control Node started.
[publish_wind_direction-2] [INFO] [1749635743.540233670] [publish_wind_direction]: Publishing: "id142:S"
[publish_wind_direction-2] [INFO] [1749635748.539494387] [publish_wind_direction]: Publishing: "id142:S"
[publish_wind_direction-2] [INFO] [1749635753.539682452] [publish_wind_direction]: Publishing: "id142:S"
[publish_wind_direction-2] [INFO] [1749635758.539724236] [publish_wind_direction]: Publishing: "id142:S"
[publish_wind_direction-2] [INFO] [1749635763.539665073] [publish_wind_direction]: Publishing: "id142:S"
[publish_wind_direction-2] [INFO] [1749635768.539470410] [publish_wind_direction]: Publishing: "id142:S"
[publish_wind_direction-2] [INFO] [1749635773.539877753] [publish_wind_direction]: Publishing: "id142:S"
[publish_wind_direction-2] [INFO] [1749635778.539402026] [publish_wind_direction]: Publishing: "id142:S"
[publish_wind_direction-2] [INFO] [1749635783.539344231] [publish_wind_direction]: Publishing: "id142:S"
[publish_wind_direction-2] [INFO] [1749635788.539566971] [publish_wind_direction]: Publishing: "id142:S"
[publish_wind_direction-2] [INFO] [1749635793.539827800] [publish_wind_direction]: Publishing: "id142:S"
[publish_wind_direction-2] [INFO] [1749635798.539705146] [publish_wind_direction]: Publishing: "id142:S"
[publish_wind_direction-2] [INFO] [1749635803.539951615] [publish_wind_direction]: Publishing: "id142:S"
[publish_wind_direction-2] [INFO] [1749635808.539366917] [publish_wind_direction]: Publishing: "id142:S"
[publish_wind_direction-2] [INFO] [1749635813.541592676] [publish_wind_direction]: Publishing: "id142:S"
[publish_wind_direction-2] [INFO] [1749635818.539527306] [publish_wind_direction]: Publishing: "id142:S"
[publish_wind_direction-2] [INFO] [1749635823.539265463] [publish_wind_direction]: Publishing: "id142:S"
[publish_wind_direction-2] [INFO] [1749635828.539552239] [publish_wind_direction]: Publishing: "id142:S"
[publish_wind_direction-2] [INFO] [1749635833.539478796] [publish_wind_direction]: Publishing: "id142:S"
[publish_wind_direction-2] [INFO] [1749635838.539277708] [publish_wind_direction]: Publishing: "id142:S"
[publish_wind_direction-2] [INFO] [1749635843.539459388] [publish_wind_direction]: Publishing: "id142:S"
[publish_wind_direction-2] [INFO] [1749635848.539503023] [publish_wind_direction]: Publishing: "id142:S"
[publish_wind_direction-2] [INFO] [1749635853.539273624] [publish_wind_direction]: Publishing: "id142:S"
[publish_wind_direction-2] [INFO] [1749635858.539497890] [publish_wind_direction]: Publishing: "id142:S"
[publish_wind_direction-2] [INFO] [1749635863.539462425] [publish_wind_direction]: Publishing: "id142:S"
[publish_wind_direction-2] [INFO] [1749635868.539446079] [publish_wind_direction]: Publishing: "id142:S"
[publish_wind_direction-2] [INFO] [1749635873.539480468] [publish_wind_direction]: Publishing: "id142:S"
[publish_wind_direction-2] [INFO] [1749635878.539535246] [publish_wind_direction]: Publishing: "id142:S"
[publish_wind_direction-2] [INFO] [1749635883.539603014] [publish_wind_direction]: Publishing: "id142:S"
[publish_wind_direction-2] [INFO] [1749635888.539416341] [publish_wind_direction]: Publishing: "id142:S"
[publish_wind_direction-2] [INFO] [1749635893.539442229] [publish_wind_direction]: Publishing: "id142:S"
[publish_wind_direction-2] [INFO] [1749635898.539672323] [publish_wind_direction]: Publishing: "id142:S"
[publish_wind_direction-2] [INFO] [1749635903.539438518] [publish_wind_direction]: Publishing: "id142:S"
[publish_wind_direction-2] [INFO] [1749635908.539392807] [publish_wind_direction]: Publishing: "id142:S"
[publish_wind_direction-2] [INFO] [1749635913.539515089] [publish_wind_direction]: Publishing: "id142:S"
[publish_wind_direction-2] [INFO] [1749635918.539552836] [publish_wind_direction]: Publishing: "id142:S"
[publish_wind_direction-2] [INFO] [1749635923.540031549] [publish_wind_direction]: Publishing: "id142:S"
[publish_wind_direction-2] [INFO] [1749635928.539509172] [publish_wind_direction]: Publishing: "id142:S"
[publish_wind_direction-2] [INFO] [1749635933.539444280] [publish_wind_direction]: Publishing: "id142:S"
[publish_wind_direction-2] [INFO] [1749635938.539238669] [publish_wind_direction]: Publishing: "id142:S"
[publish_wind_direction-2] [INFO] [1749635943.539464806] [publish_wind_direction]: Publishing: "id142:S"
[publish_wind_direction-2] [INFO] [1749635948.539543783] [publish_wind_direction]: Publishing: "id142:S"
[publish_wind_direction-2] [INFO] [1749635953.539473551] [publish_wind_direction]: Publishing: "id142:S"
[publish_wind_direction-2] [INFO] [1749635958.541645648] [publish_wind_direction]: Publishing: "id142:S"
[publish_wind_direction-2] [INFO] [1749635963.539490130] [publish_wind_direction]: Publishing: "id142:S"
[publish_wind_direction-2] [INFO] [1749635968.539441694] [publish_wind_direction]: Publishing: "id142:S"
[publish_wind_direction-2] [INFO] [1749635973.539502887] [publish_wind_direction]: Publishing: "id142:S"
[publish_wind_direction-2] [INFO] [1749635978.539497860] [publish_wind_direction]: Publishing: "id142:S"
[publish_wind_direction-2] [INFO] [1749635983.539570459] [publish_wind_direction]: Publishing: "id142:S"
[publish_wind_direction-2] [INFO] [1749635988.539524860] [publish_wind_direction]: Publishing: "id142:S"
[publish_wind_direction-2] [INFO] [1749635993.539441102] [publish_wind_direction]: Publishing: "id142:S"
[publish_wind_direction-2] [INFO] [1749635998.539463668] [publish_wind_direction]: Publishing: "id142:S"
[publish_wind_direction-2] [INFO] [1749636003.539501365] [publish_wind_direction]: Publishing: "id142:S"
[publish_wind_direction-2] [INFO] [1749636008.539416747] [publish_wind_direction]: Publishing: "id142:S"
[publish_wind_direction-2] [INFO] [1749636013.539496980] [publish_wind_direction]: Publishing: "id142:S"
[publish_wind_direction-2] [INFO] [1749636018.539602434] [publish_wind_direction]: Publishing: "id142:S"
[publish_wind_direction-2] [INFO] [1749636023.539452521] [publish_wind_direction]: Publishing: "id142:S"
[publish_wind_direction-2] [INFO] [1749636028.539461369] [publish_wind_direction]: Publishing: "id142:S"
[publish_wind_direction-2] [INFO] [1749636033.539586717] [publish_wind_direction]: Publishing: "id142:S"
[publish_wind_direction-2] [INFO] [1749636038.539484333] [publish_wind_direction]: Publishing: "id142:S"
[publish_wind_direction-2] [INFO] [1749636043.539415575] [publish_wind_direction]: Publishing: "id142:S"
[publish_wind_direction-2] [INFO] [1749636048.539468994] [publish_wind_direction]: Publishing: "id142:S"
[publish_wind_direction-2] [INFO] [1749636053.539564479] [publish_wind_direction]: Publishing: "id142:S"
[publish_wind_direction-2] [INFO] [1749636058.539521460] [publish_wind_direction]: Publishing: "id142:S"
[publish_wind_direction-2] [INFO] [1749636063.539542874] [publish_wind_direction]: Publishing: "id142:S"
[publish_wind_direction-2] [INFO] [1749636068.539630181] [publish_wind_direction]: Publishing: "id142:S"
[publish_wind_direction-2] [INFO] [1749636073.540020410] [publish_wind_direction]: Publishing: "id142:S"
[publish_wind_direction-2] [INFO] [1749636078.539502437] [publish_wind_direction]: Publishing: "id142:S"
[publish_wind_direction-2] [INFO] [1749636083.540168091] [publish_wind_direction]: Publishing: "id142:S"
[publish_wind_direction-2] [INFO] [1749636088.539519242] [publish_wind_direction]: Publishing: "id142:S"
[publish_wind_direction-2] [INFO] [1749636093.539511818] [publish_wind_direction]: Publishing: "id142:S"
[publish_wind_direction-2] [INFO] [1749636098.539529228] [publish_wind_direction]: Publishing: "id142:S"
[publish_wind_direction-2] [INFO] [1749636103.539534494] [publish_wind_direction]: Publishing: "id142:S"
[publish_wind_direction-2] [INFO] [1749636108.539436617] [publish_wind_direction]: Publishing: "id142:S"
[publish_wind_direction-2] [INFO] [1749636113.539672841] [publish_wind_direction]: Publishing: "id142:S"
[publish_wind_direction-2] [INFO] [1749636118.539492285] [publish_wind_direction]: Publishing: "id142:S"
[publish_wind_direction-2] [INFO] [1749636123.539812823] [publish_wind_direction]: Publishing: "id142:S"
[publish_wind_direction-2] [INFO] [1749636128.539589697] [publish_wind_direction]: Publishing: "id142:S"
[publish_wind_direction-2] [INFO] [1749636133.539342018] [publish_wind_direction]: Publishing: "id142:S"
[publish_wind_direction-2] [INFO] [1749636138.539611209] [publish_wind_direction]: Publishing: "id142:S"
[publish_wind_direction-2] [INFO] [1749636143.539498285] [publish_wind_direction]: Publishing: "id142:S"
[publish_wind_direction-2] [INFO] [1749636148.539484747] [publish_wind_direction]: Publishing: "id142:S"
[publish_wind_direction-2] [INFO] [1749636153.539449896] [publish_wind_direction]: Publishing: "id142:S"
[publish_wind_direction-2] [INFO] [1749636158.539337066] [publish_wind_direction]: Publishing: "id142:S"
[publish_wind_direction-2] [INFO] [1749636163.539544188] [publish_wind_direction]: Publishing: "id142:S"
[publish_wind_direction-2] [INFO] [1749636168.539691294] [publish_wind_direction]: Publishing: "id142:S"
[publish_wind_direction-2] [INFO] [1749636173.539659555] [publish_wind_direction]: Publishing: "id142:S"
[publish_wind_direction-2] [INFO] [1749636178.539539338] [publish_wind_direction]: Publishing: "id142:S"
[publish_wind_direction-2] [INFO] [1749636183.539639706] [publish_wind_direction]: Publishing: "id142:S"
[publish_wind_direction-2] [INFO] [1749636188.539491823] [publish_wind_direction]: Publishing: "id142:S"
[publish_wind_direction-2] [INFO] [1749636193.539930586] [publish_wind_direction]: Publishing: "id142:S"
[publish_wind_direction-2] [INFO] [1749636198.539539195] [publish_wind_direction]: Publishing: "id142:S"
[publish_wind_direction-2] [INFO] [1749636203.539355443] [publish_wind_direction]: Publishing: "id142:S"
[publish_wind_direction-2] [INFO] [1749636208.539680507] [publish_wind_direction]: Publishing: "id142:S"
[publish_wind_direction-2] [INFO] [1749636213.539290079] [publish_wind_direction]: Publishing: "id142:S"
[publish_wind_direction-2] [INFO] [1749636218.539248748] [publish_wind_direction]: Publishing: "id142:S"
[publish_wind_direction-2] [INFO] [1749636223.539144810] [publish_wind_direction]: Raising exception
[publish_wind_direction-2] [INFO] [1749636223.542160792] [publish_wind_direction]: Publisher stopping, exception
[INFO] [publish_wind_direction-2]: process has finished cleanly [pid 844]
[random_robot_move-1] [INFO] [1749636243.254516468] [random_robot_move]: Exception, shutting down
