[5.812s] Invoking command in '/home/thymio/ros2_ws/src/py_pubsub': PYTHONPATH=/home/thymio/ros2_ws/build/py_pubsub/prefix_override:/usr/lib/python3/dist-packages/colcon_core/task/python/colcon_distutils_commands:/home/thymio/ros2_ws/install/py_pubsub/lib/python3.10/site-packages:${PYTHONPATH} /usr/bin/python3 -W ignore:setup.py install is deprecated -W ignore:easy_install command is deprecated setup.py egg_info --egg-base ../../build/py_pubsub build --build-base /home/thymio/ros2_ws/build/py_pubsub/build install --record /home/thymio/ros2_ws/build/py_pubsub/install.log --single-version-externally-managed install_data
[7.195s] running egg_info
[7.199s] creating ../../build/py_pubsub/py_pubsub.egg-info
[7.200s] writing ../../build/py_pubsub/py_pubsub.egg-info/PKG-INFO
[7.202s] writing dependency_links to ../../build/py_pubsub/py_pubsub.egg-info/dependency_links.txt
[7.204s] writing entry points to ../../build/py_pubsub/py_pubsub.egg-info/entry_points.txt
[7.206s] writing requirements to ../../build/py_pubsub/py_pubsub.egg-info/requires.txt
[7.208s] writing top-level names to ../../build/py_pubsub/py_pubsub.egg-info/top_level.txt
[7.210s] writing manifest file '../../build/py_pubsub/py_pubsub.egg-info/SOURCES.txt'
[7.219s] reading manifest file '../../build/py_pubsub/py_pubsub.egg-info/SOURCES.txt'
[7.221s] adding license file 'LICENSE'
[7.225s] writing manifest file '../../build/py_pubsub/py_pubsub.egg-info/SOURCES.txt'
[7.226s] running build
[7.227s] running build_py
[7.231s] creating /home/thymio/ros2_ws/build/py_pubsub/build
[7.232s] creating /home/thymio/ros2_ws/build/py_pubsub/build/lib
[7.236s] creating /home/thymio/ros2_ws/build/py_pubsub/build/lib/py_pubsub
[7.241s] copying py_pubsub/__init__.py -> /home/thymio/ros2_ws/build/py_pubsub/build/lib/py_pubsub
[7.243s] copying py_pubsub/publisher_member_function.py -> /home/thymio/ros2_ws/build/py_pubsub/build/lib/py_pubsub
[7.246s] copying py_pubsub/subscriber_member_function.py -> /home/thymio/ros2_ws/build/py_pubsub/build/lib/py_pubsub
[7.252s] running install
[7.259s] running install_lib
[7.261s] copying /home/thymio/ros2_ws/build/py_pubsub/build/lib/py_pubsub/__init__.py -> /home/thymio/ros2_ws/install/py_pubsub/lib/python3.10/site-packages/py_pubsub
[7.262s] copying /home/thymio/ros2_ws/build/py_pubsub/build/lib/py_pubsub/publisher_member_function.py -> /home/thymio/ros2_ws/install/py_pubsub/lib/python3.10/site-packages/py_pubsub
[7.263s] copying /home/thymio/ros2_ws/build/py_pubsub/build/lib/py_pubsub/subscriber_member_function.py -> /home/thymio/ros2_ws/install/py_pubsub/lib/python3.10/site-packages/py_pubsub
[7.266s] byte-compiling /home/thymio/ros2_ws/install/py_pubsub/lib/python3.10/site-packages/py_pubsub/__init__.py to __init__.cpython-310.pyc
[7.268s] byte-compiling /home/thymio/ros2_ws/install/py_pubsub/lib/python3.10/site-packages/py_pubsub/publisher_member_function.py to publisher_member_function.cpython-310.pyc
[7.274s] byte-compiling /home/thymio/ros2_ws/install/py_pubsub/lib/python3.10/site-packages/py_pubsub/subscriber_member_function.py to subscriber_member_function.cpython-310.pyc
[7.275s] running install_data
[7.276s] copying resource/py_pubsub -> /home/thymio/ros2_ws/install/py_pubsub/share/ament_index/resource_index/packages
[7.279s] copying package.xml -> /home/thymio/ros2_ws/install/py_pubsub/share/py_pubsub
[7.280s] running install_egg_info
[7.287s] removing '/home/thymio/ros2_ws/install/py_pubsub/lib/python3.10/site-packages/py_pubsub-0.0.0-py3.10.egg-info' (and everything under it)
[7.328s] Copying ../../build/py_pubsub/py_pubsub.egg-info to /home/thymio/ros2_ws/install/py_pubsub/lib/python3.10/site-packages/py_pubsub-0.0.0-py3.10.egg-info
[7.342s] running install_scripts
[7.446s] Installing listener script to /home/thymio/ros2_ws/install/py_pubsub/lib/py_pubsub
[7.449s] Installing talker script to /home/thymio/ros2_ws/install/py_pubsub/lib/py_pubsub
[7.451s] writing list of installed files to '/home/thymio/ros2_ws/build/py_pubsub/install.log'
[7.674s] Invoked command in '/home/thymio/ros2_ws/src/py_pubsub' returned '0': PYTHONPATH=/home/thymio/ros2_ws/build/py_pubsub/prefix_override:/usr/lib/python3/dist-packages/colcon_core/task/python/colcon_distutils_commands:/home/thymio/ros2_ws/install/py_pubsub/lib/python3.10/site-packages:${PYTHONPATH} /usr/bin/python3 -W ignore:setup.py install is deprecated -W ignore:easy_install command is deprecated setup.py egg_info --egg-base ../../build/py_pubsub build --build-base /home/thymio/ros2_ws/build/py_pubsub/build install --record /home/thymio/ros2_ws/build/py_pubsub/install.log --single-version-externally-managed install_data
