running egg_info
creating ../../build/wind_direction_detector/wind_direction_detector.egg-info
writing ../../build/wind_direction_detector/wind_direction_detector.egg-info/PKG-INFO
writing dependency_links to ../../build/wind_direction_detector/wind_direction_detector.egg-info/dependency_links.txt
writing entry points to ../../build/wind_direction_detector/wind_direction_detector.egg-info/entry_points.txt
writing requirements to ../../build/wind_direction_detector/wind_direction_detector.egg-info/requires.txt
writing top-level names to ../../build/wind_direction_detector/wind_direction_detector.egg-info/top_level.txt
writing manifest file '../../build/wind_direction_detector/wind_direction_detector.egg-info/SOURCES.txt'
reading manifest file '../../build/wind_direction_detector/wind_direction_detector.egg-info/SOURCES.txt'
adding license file 'LICENSE'
writing manifest file '../../build/wind_direction_detector/wind_direction_detector.egg-info/SOURCES.txt'
running build
running build_py
creating /home/thymio/ros2_ws/build/wind_direction_detector/build
creating /home/thymio/ros2_ws/build/wind_direction_detector/build/lib
creating /home/thymio/ros2_ws/build/wind_direction_detector/build/lib/wind_direction_detector
copying wind_direction_detector/__init__.py -> /home/thymio/ros2_ws/build/wind_direction_detector/build/lib/wind_direction_detector
copying wind_direction_detector/receive_decide.py -> /home/thymio/ros2_ws/build/wind_direction_detector/build/lib/wind_direction_detector
copying wind_direction_detector/publish_direction.py -> /home/thymio/ros2_ws/build/wind_direction_detector/build/lib/wind_direction_detector
copying wind_direction_detector/random_move.py -> /home/thymio/ros2_ws/build/wind_direction_detector/build/lib/wind_direction_detector
running install
running install_lib
copying /home/thymio/ros2_ws/build/wind_direction_detector/build/lib/wind_direction_detector/__init__.py -> /home/thymio/ros2_ws/install/wind_direction_detector/lib/python3.10/site-packages/wind_direction_detector
copying /home/thymio/ros2_ws/build/wind_direction_detector/build/lib/wind_direction_detector/receive_decide.py -> /home/thymio/ros2_ws/install/wind_direction_detector/lib/python3.10/site-packages/wind_direction_detector
copying /home/thymio/ros2_ws/build/wind_direction_detector/build/lib/wind_direction_detector/publish_direction.py -> /home/thymio/ros2_ws/install/wind_direction_detector/lib/python3.10/site-packages/wind_direction_detector
copying /home/thymio/ros2_ws/build/wind_direction_detector/build/lib/wind_direction_detector/random_move.py -> /home/thymio/ros2_ws/install/wind_direction_detector/lib/python3.10/site-packages/wind_direction_detector
byte-compiling /home/thymio/ros2_ws/install/wind_direction_detector/lib/python3.10/site-packages/wind_direction_detector/__init__.py to __init__.cpython-310.pyc
byte-compiling /home/thymio/ros2_ws/install/wind_direction_detector/lib/python3.10/site-packages/wind_direction_detector/receive_decide.py to receive_decide.cpython-310.pyc
byte-compiling /home/thymio/ros2_ws/install/wind_direction_detector/lib/python3.10/site-packages/wind_direction_detector/publish_direction.py to publish_direction.cpython-310.pyc
byte-compiling /home/thymio/ros2_ws/install/wind_direction_detector/lib/python3.10/site-packages/wind_direction_detector/random_move.py to random_move.cpython-310.pyc
running install_data
copying resource/wind_direction_detector -> /home/thymio/ros2_ws/install/wind_direction_detector/share/ament_index/resource_index/packages
copying package.xml -> /home/thymio/ros2_ws/install/wind_direction_detector/share/wind_direction_detector
running install_egg_info
removing '/home/thymio/ros2_ws/install/wind_direction_detector/lib/python3.10/site-packages/wind_direction_detector-0.0.0-py3.10.egg-info' (and everything under it)
Copying ../../build/wind_direction_detector/wind_direction_detector.egg-info to /home/thymio/ros2_ws/install/wind_direction_detector/lib/python3.10/site-packages/wind_direction_detector-0.0.0-py3.10.egg-info
running install_scripts
Installing publish_wind_direction script to /home/thymio/ros2_ws/install/wind_direction_detector/lib/wind_direction_detector
Installing random_robot_move script to /home/thymio/ros2_ws/install/wind_direction_detector/lib/wind_direction_detector
Installing receive_wind_direction script to /home/thymio/ros2_ws/install/wind_direction_detector/lib/wind_direction_detector
writing list of installed files to '/home/thymio/ros2_ws/build/wind_direction_detector/install.log'
