[5.720s] Invoking command in '/home/thymio/ros2_ws/src/wind_direction_detector': PYTHONPATH=/home/thymio/ros2_ws/build/wind_direction_detector/prefix_override:/usr/lib/python3/dist-packages/colcon_core/task/python/colcon_distutils_commands:/home/thymio/ros2_ws/install/wind_direction_detector/lib/python3.10/site-packages:${PYTHONPATH} /usr/bin/python3 -W ignore:setup.py install is deprecated -W ignore:easy_install command is deprecated setup.py egg_info --egg-base ../../build/wind_direction_detector build --build-base /home/thymio/ros2_ws/build/wind_direction_detector/build install --record /home/thymio/ros2_ws/build/wind_direction_detector/install.log --single-version-externally-managed install_data
[7.153s] running egg_info
[7.157s] creating ../../build/wind_direction_detector/wind_direction_detector.egg-info
[7.157s] writing ../../build/wind_direction_detector/wind_direction_detector.egg-info/PKG-INFO
[7.158s] writing dependency_links to ../../build/wind_direction_detector/wind_direction_detector.egg-info/dependency_links.txt
[7.160s] writing entry points to ../../build/wind_direction_detector/wind_direction_detector.egg-info/entry_points.txt
[7.161s] writing requirements to ../../build/wind_direction_detector/wind_direction_detector.egg-info/requires.txt
[7.162s] writing top-level names to ../../build/wind_direction_detector/wind_direction_detector.egg-info/top_level.txt
[7.162s] writing manifest file '../../build/wind_direction_detector/wind_direction_detector.egg-info/SOURCES.txt'
[7.171s] reading manifest file '../../build/wind_direction_detector/wind_direction_detector.egg-info/SOURCES.txt'
[7.173s] adding license file 'LICENSE'
[7.176s] writing manifest file '../../build/wind_direction_detector/wind_direction_detector.egg-info/SOURCES.txt'
[7.177s] running build
[7.178s] running build_py
[7.179s] creating /home/thymio/ros2_ws/build/wind_direction_detector/build
[7.180s] creating /home/thymio/ros2_ws/build/wind_direction_detector/build/lib
[7.181s] creating /home/thymio/ros2_ws/build/wind_direction_detector/build/lib/wind_direction_detector
[7.181s] copying wind_direction_detector/__init__.py -> /home/thymio/ros2_ws/build/wind_direction_detector/build/lib/wind_direction_detector
[7.182s] copying wind_direction_detector/receive_decide.py -> /home/thymio/ros2_ws/build/wind_direction_detector/build/lib/wind_direction_detector
[7.183s] copying wind_direction_detector/publish_direction.py -> /home/thymio/ros2_ws/build/wind_direction_detector/build/lib/wind_direction_detector
[7.184s] copying wind_direction_detector/random_move.py -> /home/thymio/ros2_ws/build/wind_direction_detector/build/lib/wind_direction_detector
[7.189s] running install
[7.194s] running install_lib
[7.206s] copying /home/thymio/ros2_ws/build/wind_direction_detector/build/lib/wind_direction_detector/__init__.py -> /home/thymio/ros2_ws/install/wind_direction_detector/lib/python3.10/site-packages/wind_direction_detector
[7.207s] copying /home/thymio/ros2_ws/build/wind_direction_detector/build/lib/wind_direction_detector/receive_decide.py -> /home/thymio/ros2_ws/install/wind_direction_detector/lib/python3.10/site-packages/wind_direction_detector
[7.210s] copying /home/thymio/ros2_ws/build/wind_direction_detector/build/lib/wind_direction_detector/publish_direction.py -> /home/thymio/ros2_ws/install/wind_direction_detector/lib/python3.10/site-packages/wind_direction_detector
[7.213s] copying /home/thymio/ros2_ws/build/wind_direction_detector/build/lib/wind_direction_detector/random_move.py -> /home/thymio/ros2_ws/install/wind_direction_detector/lib/python3.10/site-packages/wind_direction_detector
[7.215s] byte-compiling /home/thymio/ros2_ws/install/wind_direction_detector/lib/python3.10/site-packages/wind_direction_detector/__init__.py to __init__.cpython-310.pyc
[7.217s] byte-compiling /home/thymio/ros2_ws/install/wind_direction_detector/lib/python3.10/site-packages/wind_direction_detector/receive_decide.py to receive_decide.cpython-310.pyc
[7.222s] byte-compiling /home/thymio/ros2_ws/install/wind_direction_detector/lib/python3.10/site-packages/wind_direction_detector/publish_direction.py to publish_direction.cpython-310.pyc
[7.233s] byte-compiling /home/thymio/ros2_ws/install/wind_direction_detector/lib/python3.10/site-packages/wind_direction_detector/random_move.py to random_move.cpython-310.pyc
[7.239s] running install_data
[7.240s] copying resource/wind_direction_detector -> /home/thymio/ros2_ws/install/wind_direction_detector/share/ament_index/resource_index/packages
[7.241s] copying package.xml -> /home/thymio/ros2_ws/install/wind_direction_detector/share/wind_direction_detector
[7.251s] running install_egg_info
[7.252s] removing '/home/thymio/ros2_ws/install/wind_direction_detector/lib/python3.10/site-packages/wind_direction_detector-0.0.0-py3.10.egg-info' (and everything under it)
[7.265s] Copying ../../build/wind_direction_detector/wind_direction_detector.egg-info to /home/thymio/ros2_ws/install/wind_direction_detector/lib/python3.10/site-packages/wind_direction_detector-0.0.0-py3.10.egg-info
[7.267s] running install_scripts
[7.382s] Installing publish_wind_direction script to /home/thymio/ros2_ws/install/wind_direction_detector/lib/wind_direction_detector
[7.386s] Installing random_robot_move script to /home/thymio/ros2_ws/install/wind_direction_detector/lib/wind_direction_detector
[7.387s] Installing receive_wind_direction script to /home/thymio/ros2_ws/install/wind_direction_detector/lib/wind_direction_detector
[7.393s] writing list of installed files to '/home/thymio/ros2_ws/build/wind_direction_detector/install.log'
[7.719s] Invoked command in '/home/thymio/ros2_ws/src/wind_direction_detector' returned '0': PYTHONPATH=/home/thymio/ros2_ws/build/wind_direction_detector/prefix_override:/usr/lib/python3/dist-packages/colcon_core/task/python/colcon_distutils_commands:/home/thymio/ros2_ws/install/wind_direction_detector/lib/python3.10/site-packages:${PYTHONPATH} /usr/bin/python3 -W ignore:setup.py install is deprecated -W ignore:easy_install command is deprecated setup.py egg_info --egg-base ../../build/wind_direction_detector build --build-base /home/thymio/ros2_ws/build/wind_direction_detector/build install --record /home/thymio/ros2_ws/build/wind_direction_detector/install.log --single-version-externally-managed install_data
