1749832885.5562522 [INFO] [launch]: All log files can be found below /home/thymio/ros_logs/2025-06-13-16-41-25-552799-thymio-4083
1749832885.5569415 [INFO] [launch]: Default logging verbosity is set to INFO
1749832885.7943780 [INFO] [random_robot_move-1]: process started with pid [4084]
1749832885.7959733 [INFO] [service_vicon_node-2]: process started with pid [4086]
1749832885.7970819 [INFO] [service_neighbours_opinions-3]: process started with pid [4088]
1749832885.7985392 [INFO] [publish_wind_direction-4]: process started with pid [4090]
1749832887.4103870 [publish_wind_direction-4] /usr/lib/python3/dist-packages/scipy/__init__.py:146: UserWarning: A NumPy version >=1.17.3 and <1.25.0 is required for this version of SciPy (detected version 1.26.4
1749832887.4112921 [publish_wind_direction-4]   warnings.warn(f"A NumPy version >={np_minversion} and <{np_maxversion}"
1749832887.4782791 [service_vicon_node-2] [INFO] [1749832887.477507506] [service_vicon_node]: Physical Ip=192.168.3.86, id=id86
1749832887.4821103 [service_vicon_node-2] [INFO] [1749832887.481260266] [service_vicon_node]: Updated ID from mapping: id155
1749832887.4871473 [service_neighbours_opinions-3] [INFO] [1749832887.486404080] [service_neighbours_opinions]: Physical Ip=192.168.3.86, id=id86
1749832887.4899623 [service_neighbours_opinions-3] [INFO] [1749832887.489346395] [service_neighbours_opinions]: Updated ID from mapping: id155
1749832887.4986537 [service_neighbours_opinions-3] [INFO] [1749832887.497894506] [service_neighbours_opinions]: Subscribed to: wind_direction/id68
1749832887.5027637 [service_neighbours_opinions-3] [INFO] [1749832887.502035173] [service_neighbours_opinions]: Subscribed to: wind_direction/id136
1749832887.5071592 [service_neighbours_opinions-3] [INFO] [1749832887.506407710] [service_neighbours_opinions]: Subscribed to: wind_direction/id137
1749832887.5117428 [service_neighbours_opinions-3] [INFO] [1749832887.511046821] [service_neighbours_opinions]: Subscribed to: wind_direction/id142
1749832887.5162358 [service_neighbours_opinions-3] [INFO] [1749832887.515267469] [service_neighbours_opinions]: Subscribed to: wind_direction/id151
1749832887.5203154 [service_neighbours_opinions-3] [INFO] [1749832887.519555617] [service_neighbours_opinions]: Subscribed to: wind_direction/id152
1749832887.5234058 [service_vicon_node-2] [INFO] [1749832887.521803321] [service_vicon_node]: Subscribed to: vicon/default/data
1749832887.5251076 [service_neighbours_opinions-3] [INFO] [1749832887.524049414] [service_neighbours_opinions]: Subscribed to: wind_direction/id189
1749832887.5320594 [service_neighbours_opinions-3] [INFO] [1749832887.528400710] [service_neighbours_opinions]: Subscribed to: wind_direction/id192
1749832887.5354195 [service_neighbours_opinions-3] [INFO] [1749832887.532906136] [service_neighbours_opinions]: Subscribed to: wind_direction/id193
1749832887.5407622 [service_neighbours_opinions-3] [INFO] [1749832887.537433358] [service_neighbours_opinions]: Subscribed to: wind_direction/id194
1749832887.5452914 [service_neighbours_opinions-3] [INFO] [1749832887.541542858] [service_neighbours_opinions]: Subscribed to: wind_direction/id195
1749832887.5524766 [service_neighbours_opinions-3] [INFO] [1749832887.545760062] [service_neighbours_opinions]: Subscribed to: wind_direction/id200
1749832887.5533183 [service_neighbours_opinions-3] [INFO] [1749832887.550958951] [service_neighbours_opinions]: Subscribed to: wind_direction/id206
1749832887.5561678 [service_neighbours_opinions-3] [INFO] [1749832887.555375914] [service_neighbours_opinions]: Subscribed to: wind_direction/id207
1749832887.5603268 [service_neighbours_opinions-3] [INFO] [1749832887.559626228] [service_neighbours_opinions]: Subscribed to: wind_direction/id223
1749832887.5643711 [service_neighbours_opinions-3] [INFO] [1749832887.563687877] [service_neighbours_opinions]: Subscribed to: wind_direction/id224
1749832887.5697844 [service_neighbours_opinions-3] [INFO] [1749832887.569143969] [service_neighbours_opinions]: Subscribed to: wind_direction/id236
1749832887.5737810 [service_neighbours_opinions-3] [INFO] [1749832887.573136136] [service_neighbours_opinions]: Subscribed to: wind_direction/id247
1749832887.5779335 [service_neighbours_opinions-3] [INFO] [1749832887.577245710] [service_neighbours_opinions]: Subscribed to: wind_direction/id1193
1749832888.1347063 [publish_wind_direction-4] [INFO] [1749832888.134061858] [publish_wind_direction]: Physical Ip=192.168.3.86, id=id86
1749832888.1372917 [publish_wind_direction-4] [INFO] [1749832888.136765710] [publish_wind_direction]: Updated ID from mapping: id155
1749832888.1446230 [publish_wind_direction-4] [INFO] [1749832888.144054636] [publish_wind_direction]: Publsihing on: wind_direction/id155
1749832895.3759441 [random_robot_move-1] [INFO] [1749832895.375225946] [random_robot_move]: Robot Control Node started.
1749832910.9455390 [publish_wind_direction-4] [INFO] [1749832910.944025474] [publish_wind_direction]: Main Pub Node: Requesting Pose Info
1749832910.9495890 [service_vicon_node-2] [INFO] [1749832910.948507881] [service_vicon_node]: Request received. Responding with pos=array('f', [0.0, 0.0]), yaw=0.0, neigh=[]Response to be returned: service_messages.srv.GetPoseData_Response(my_position_xy=[0.0, 0.0], my_vicon_yaw=0.0, neighbours_by_id=[])
1749832914.2691302 [publish_wind_direction-4] [INFO] [1749832914.268500379] [publish_wind_direction]: Pose Response: pos=array('f', [0.0, 0.0]) yaw=0.0
1749832914.2727406 [publish_wind_direction-4] [INFO] [1749832914.272154083] [publish_wind_direction]: ***Cam angle= 72.5992299913471, vico ang deg= 0.0 Ground Truth= 72.5992299913471
1749832914.2762496 [publish_wind_direction-4] [INFO] [1749832914.275655361] [publish_wind_direction]: Neighbour info requested
