[INFO] [launch]: All log files can be found below /home/thymio/.ros/log/2025-06-04-15-19-54-951212-thymio-818
[INFO] [launch]: Default logging verbosity is set to INFO
[INFO] [random_robot_move-1]: process started with pid [840]
[INFO] [publish_wind_direction-2]: process started with pid [842]
[publish_wind_direction-2] /usr/lib/python3/dist-packages/scipy/__init__.py:146: UserWarning: A NumPy version >=1.17.3 and <1.25.0 is required for this version of SciPy (detected version 1.26.4
[publish_wind_direction-2]   warnings.warn(f"A NumPy version >={np_minversion} and <{np_maxversion}"
[random_robot_move-1] [INFO] [1749050401.834928372] [random_robot_move]: Robot Control Node started.
[publish_wind_direction-2] [INFO] [1749050403.956134252] [publish_wind_direction]: Publishing: "id207:W"
[publish_wind_direction-2] [INFO] [1749050408.374395667] [publish_wind_direction]: ***Cam angle= 18.609800965240368, vico ang deg= 0.0 Ground Truth= 18.609800965240368
[publish_wind_direction-2] [INFO] [1749050408.376943166] [publish_wind_direction]: ***Corrected Wind Direction= N
[publish_wind_direction-2] [INFO] [1749050408.825617915] [publish_wind_direction]: Publishing: "id207:W"
[publish_wind_direction-2] [INFO] [1749050412.677238358] [publish_wind_direction]: ***Cam angle= -999.0, vico ang deg= 0.0 Ground Truth= 81.0
[publish_wind_direction-2] [INFO] [1749050412.679955010] [publish_wind_direction]: ***Corrected Wind Direction= W
[publish_wind_direction-2] [INFO] [1749050413.825505996] [publish_wind_direction]: Publishing: "id207:W"
[publish_wind_direction-2] [INFO] [1749050417.697160492] [publish_wind_direction]: ***Cam angle= -62.99906645532921, vico ang deg= 0.0 Ground Truth= 297.0009335446708
[publish_wind_direction-2] [INFO] [1749050417.701320089] [publish_wind_direction]: ***Corrected Wind Direction= E
[publish_wind_direction-2] [INFO] [1749050418.824956934] [publish_wind_direction]: Publishing: "id207:W"
[publish_wind_direction-2] [INFO] [1749050422.670042021] [publish_wind_direction]: ***Cam angle= -170.7971807249612, vico ang deg= 0.0 Ground Truth= 189.2028192750388
[publish_wind_direction-2] [INFO] [1749050422.672666644] [publish_wind_direction]: ***Corrected Wind Direction= S
[publish_wind_direction-2] [INFO] [1749050423.826196661] [publish_wind_direction]: Publishing: "id207:W"
[publish_wind_direction-2] [INFO] [1749050427.704197322] [publish_wind_direction]: ***Cam angle= -999.0, vico ang deg= 0.0 Ground Truth= 81.0
[publish_wind_direction-2] [INFO] [1749050427.706849010] [publish_wind_direction]: ***Corrected Wind Direction= W
[publish_wind_direction-2] [INFO] [1749050428.827685153] [publish_wind_direction]: Publishing: "id207:W"
[publish_wind_direction-2] [INFO] [1749050432.746965665] [publish_wind_direction]: ***Cam angle= -169.88703912947227, vico ang deg= 0.0 Ground Truth= 190.11296087052773
[publish_wind_direction-2] [INFO] [1749050432.749383626] [publish_wind_direction]: ***Corrected Wind Direction= S
[publish_wind_direction-2] [INFO] [1749050433.825244831] [publish_wind_direction]: Publishing: "id207:W"
[publish_wind_direction-2] [INFO] [1749050437.639666989] [publish_wind_direction]: ***Cam angle= -999.0, vico ang deg= 0.0 Ground Truth= 81.0
[publish_wind_direction-2] [INFO] [1749050437.642080678] [publish_wind_direction]: ***Corrected Wind Direction= W
[publish_wind_direction-2] [INFO] [1749050438.825312658] [publish_wind_direction]: Publishing: "id207:W"
[publish_wind_direction-2] [INFO] [1749050442.768847304] [publish_wind_direction]: ***Cam angle= -999.0, vico ang deg= 0.0 Ground Truth= 81.0
[publish_wind_direction-2] [INFO] [1749050442.771270702] [publish_wind_direction]: ***Corrected Wind Direction= W
[publish_wind_direction-2] [INFO] [1749050443.825343330] [publish_wind_direction]: Publishing: "id207:W"
[publish_wind_direction-2] [INFO] [1749050447.772953500] [publish_wind_direction]: ***Cam angle= -234.26295831178754, vico ang deg= 0.0 Ground Truth= 125.73704168821246
[publish_wind_direction-2] [INFO] [1749050447.775309311] [publish_wind_direction]: ***Corrected Wind Direction= W
[publish_wind_direction-2] [INFO] [1749050448.825319157] [publish_wind_direction]: Publishing: "id207:W"
[publish_wind_direction-2] [INFO] [1749050452.690119103] [publish_wind_direction]: ***Cam angle= -999.0, vico ang deg= 0.0 Ground Truth= 81.0
[publish_wind_direction-2] [INFO] [1749050452.692596675] [publish_wind_direction]: ***Corrected Wind Direction= W
[publish_wind_direction-2] [INFO] [1749050453.825300338] [publish_wind_direction]: Publishing: "id207:W"
[publish_wind_direction-2] [INFO] [1749050457.719163732] [publish_wind_direction]: ***Cam angle= -261.8426059597456, vico ang deg= 0.0 Ground Truth= 98.15739404025442
[publish_wind_direction-2] [INFO] [1749050457.722553924] [publish_wind_direction]: ***Corrected Wind Direction= W
[publish_wind_direction-2] [INFO] [1749050458.825221730] [publish_wind_direction]: Publishing: "id207:W"
[publish_wind_direction-2] [INFO] [1749050462.767191756] [publish_wind_direction]: ***Cam angle= -134.2266051648979, vico ang deg= 0.0 Ground Truth= 225.7733948351021
[publish_wind_direction-2] [INFO] [1749050462.769635372] [publish_wind_direction]: ***Corrected Wind Direction= E
[publish_wind_direction-2] [INFO] [1749050463.825333958] [publish_wind_direction]: Publishing: "id207:W"
[publish_wind_direction-2] [INFO] [1749050467.689508917] [publish_wind_direction]: ***Cam angle= -999.0, vico ang deg= 0.0 Ground Truth= 81.0
[publish_wind_direction-2] [INFO] [1749050467.691986979] [publish_wind_direction]: ***Corrected Wind Direction= W
[publish_wind_direction-2] [INFO] [1749050468.825344657] [publish_wind_direction]: Publishing: "id207:W"
[publish_wind_direction-2] [INFO] [1749050472.743804142] [publish_wind_direction]: ***Cam angle= -40.709103931452866, vico ang deg= 0.0 Ground Truth= 319.2908960685471
[publish_wind_direction-2] [INFO] [1749050472.746225448] [publish_wind_direction]: ***Corrected Wind Direction= N
[publish_wind_direction-2] [INFO] [1749050473.825342217] [publish_wind_direction]: Publishing: "id207:W"
[publish_wind_direction-2] [INFO] [1749050477.633721623] [publish_wind_direction]: ***Cam angle= -999.0, vico ang deg= 0.0 Ground Truth= 81.0
[publish_wind_direction-2] [INFO] [1749050477.636296503] [publish_wind_direction]: ***Corrected Wind Direction= W
[publish_wind_direction-2] [INFO] [1749050478.825323104] [publish_wind_direction]: Publishing: "id207:W"
[publish_wind_direction-2] [INFO] [1749050482.599927036] [publish_wind_direction]: ***Cam angle= -7.877388615350128, vico ang deg= 0.0 Ground Truth= 352.1226113846499
[publish_wind_direction-2] [INFO] [1749050482.602389289] [publish_wind_direction]: ***Corrected Wind Direction= N
[publish_wind_direction-2] [INFO] [1749050483.825431617] [publish_wind_direction]: Publishing: "id207:W"
[publish_wind_direction-2] [INFO] [1749050487.760578643] [publish_wind_direction]: ***Cam angle= -999.0, vico ang deg= 0.0 Ground Truth= 81.0
[publish_wind_direction-2] [INFO] [1749050487.763040064] [publish_wind_direction]: ***Corrected Wind Direction= W
[publish_wind_direction-2] [INFO] [1749050488.825636695] [publish_wind_direction]: Publishing: "id207:W"
[publish_wind_direction-2] [INFO] [1749050492.681594932] [publish_wind_direction]: ***Cam angle= -141.92593807170016, vico ang deg= 0.0 Ground Truth= 218.07406192829984
[publish_wind_direction-2] [INFO] [1749050492.684104576] [publish_wind_direction]: ***Corrected Wind Direction= S
[publish_wind_direction-2] [INFO] [1749050493.825633661] [publish_wind_direction]: Publishing: "id207:W"
[publish_wind_direction-2] [INFO] [1749050497.655127021] [publish_wind_direction]: ***Cam angle= 81.83864294319605, vico ang deg= 0.0 Ground Truth= 81.83864294319605
[publish_wind_direction-2] [INFO] [1749050497.658664065] [publish_wind_direction]: ***Corrected Wind Direction= W
[publish_wind_direction-2] [INFO] [1749050498.826033797] [publish_wind_direction]: Publishing: "id207:W"
[publish_wind_direction-2] [INFO] [1749050502.626120078] [publish_wind_direction]: ***Cam angle= -999.0, vico ang deg= 0.0 Ground Truth= 81.0
[publish_wind_direction-2] [INFO] [1749050502.628594872] [publish_wind_direction]: ***Corrected Wind Direction= W
[publish_wind_direction-2] [INFO] [1749050503.825644804] [publish_wind_direction]: Publishing: "id207:W"
[publish_wind_direction-2] [INFO] [1749050507.681152165] [publish_wind_direction]: ***Cam angle= -999.0, vico ang deg= 0.0 Ground Truth= 81.0
[publish_wind_direction-2] [INFO] [1749050507.683654404] [publish_wind_direction]: ***Corrected Wind Direction= W
[publish_wind_direction-2] [INFO] [1749050508.825711698] [publish_wind_direction]: Publishing: "id207:W"
[publish_wind_direction-2] [INFO] [1749050512.784199649] [publish_wind_direction]: ***Cam angle= -999.0, vico ang deg= 0.0 Ground Truth= 81.0
[publish_wind_direction-2] [INFO] [1749050512.787611104] [publish_wind_direction]: ***Corrected Wind Direction= W
[publish_wind_direction-2] [INFO] [1749050513.825664996] [publish_wind_direction]: Publishing: "id207:W"
[publish_wind_direction-2] [INFO] [1749050517.674307095] [publish_wind_direction]: ***Cam angle= -217.54266853504043, vico ang deg= 0.0 Ground Truth= 142.45733146495957
[publish_wind_direction-2] [INFO] [1749050517.677784457] [publish_wind_direction]: ***Corrected Wind Direction= S
[publish_wind_direction-2] [INFO] [1749050518.825669143] [publish_wind_direction]: Publishing: "id207:W"
[publish_wind_direction-2] [INFO] [1749050522.753540023] [publish_wind_direction]: ***Cam angle= -999.0, vico ang deg= 0.0 Ground Truth= 81.0
[publish_wind_direction-2] [INFO] [1749050522.755993319] [publish_wind_direction]: ***Corrected Wind Direction= W
[publish_wind_direction-2] [INFO] [1749050523.825575560] [publish_wind_direction]: Publishing: "id207:W"
[publish_wind_direction-2] [INFO] [1749050527.724794651] [publish_wind_direction]: ***Cam angle= -211.18255575956263, vico ang deg= 0.0 Ground Truth= 148.81744424043737
[publish_wind_direction-2] [INFO] [1749050527.727295651] [publish_wind_direction]: ***Corrected Wind Direction= S
[publish_wind_direction-2] [INFO] [1749050528.825619800] [publish_wind_direction]: Publishing: "id207:W"
[publish_wind_direction-2] [INFO] [1749050532.709680407] [publish_wind_direction]: ***Cam angle= -208.8813437018281, vico ang deg= 0.0 Ground Truth= 151.1186562981719
[publish_wind_direction-2] [INFO] [1749050532.712155797] [publish_wind_direction]: ***Corrected Wind Direction= S
[publish_wind_direction-2] [INFO] [1749050533.825869118] [publish_wind_direction]: Publishing: "id207:W"
[publish_wind_direction-2] [INFO] [1749050537.717933610] [publish_wind_direction]: ***Cam angle= -999.0, vico ang deg= 0.0 Ground Truth= 81.0
[publish_wind_direction-2] [INFO] [1749050537.720419722] [publish_wind_direction]: ***Corrected Wind Direction= W
[publish_wind_direction-2] [INFO] [1749050538.825731090] [publish_wind_direction]: Publishing: "id207:W"
[publish_wind_direction-2] [INFO] [1749050542.675734420] [publish_wind_direction]: ***Cam angle= -999.0, vico ang deg= 0.0 Ground Truth= 81.0
[publish_wind_direction-2] [INFO] [1749050542.678139995] [publish_wind_direction]: ***Corrected Wind Direction= W
[publish_wind_direction-2] [INFO] [1749050543.825752723] [publish_wind_direction]: Publishing: "id207:W"
[publish_wind_direction-2] [INFO] [1749050547.518900268] [publish_wind_direction]: ***Cam angle= -22.249119231943908, vico ang deg= 0.0 Ground Truth= 337.7508807680561
[publish_wind_direction-2] [INFO] [1749050547.521319288] [publish_wind_direction]: ***Corrected Wind Direction= N
[publish_wind_direction-2] [INFO] [1749050548.745823905] [publish_wind_direction]: w=0.106 x_rot=0.7036  y_rot=0.1067 z_rot=-0.6945
[publish_wind_direction-2] [INFO] [1749050548.748935939] [publish_wind_direction]: Vicon Yaw Rads= -2.5721790149778463
[publish_wind_direction-2] [INFO] [1749050548.751801197] [publish_wind_direction]: ** Vicon Yaw Degrees= -147.37500171034796
[publish_wind_direction-2] [INFO] [1749050548.754458124] [publish_wind_direction]: Vicon Position= [596.7313232421875, 1023.3056030273438]
[publish_wind_direction-2] [INFO] [1749050548.757281271] [publish_wind_direction]: Neighbourhood size: 8
[publish_wind_direction-2] [INFO] [1749050548.825750410] [publish_wind_direction]: Publishing: "id207:W"
[publish_wind_direction-2] [INFO] [1749050552.540960196] [publish_wind_direction]: ***Cam angle= -65.22177090810015, vico ang deg= -147.37500171034796 Ground Truth= 147.4032273815519
[publish_wind_direction-2] [INFO] [1749050552.543433938] [publish_wind_direction]: ***Corrected Wind Direction= S
[publish_wind_direction-2] [INFO] [1749050553.825721723] [publish_wind_direction]: Publishing: "id207:W"
[publish_wind_direction-2] [INFO] [1749050557.972387013] [publish_wind_direction]: ***Cam angle= -999.0, vico ang deg= -147.37500171034796 Ground Truth= 293.624998289652
[publish_wind_direction-2] [INFO] [1749050557.974844477] [publish_wind_direction]: ***Corrected Wind Direction= E
[publish_wind_direction-2] [INFO] [1749050558.825756609] [publish_wind_direction]: Publishing: "id207:W"
[publish_wind_direction-2] [INFO] [1749050562.625140817] [publish_wind_direction]: ***Cam angle= -999.0, vico ang deg= -147.37500171034796 Ground Truth= 293.624998289652
[publish_wind_direction-2] [INFO] [1749050562.627590931] [publish_wind_direction]: ***Corrected Wind Direction= E
[publish_wind_direction-2] [INFO] [1749050563.825803543] [publish_wind_direction]: Publishing: "id207:W"
[publish_wind_direction-2] [INFO] [1749050568.073574477] [publish_wind_direction]: ***Cam angle= -999.0, vico ang deg= -147.37500171034796 Ground Truth= 293.624998289652
[publish_wind_direction-2] [INFO] [1749050568.076016479] [publish_wind_direction]: ***Corrected Wind Direction= E
[publish_wind_direction-2] [INFO] [1749050568.825732564] [publish_wind_direction]: Publishing: "id207:W"
[publish_wind_direction-2] [INFO] [1749050572.634160392] [publish_wind_direction]: ***Cam angle= -999.0, vico ang deg= -147.37500171034796 Ground Truth= 293.624998289652
[publish_wind_direction-2] [INFO] [1749050572.636625598] [publish_wind_direction]: ***Corrected Wind Direction= E
[publish_wind_direction-2] [INFO] [1749050573.825787676] [publish_wind_direction]: Publishing: "id207:W"
[publish_wind_direction-2] [INFO] [1749050577.687616013] [publish_wind_direction]: ***Cam angle= -124.62921135183322, vico ang deg= -147.37500171034796 Ground Truth= 87.99578693781882
[publish_wind_direction-2] [INFO] [1749050577.690071237] [publish_wind_direction]: ***Corrected Wind Direction= W
[publish_wind_direction-2] [INFO] [1749050578.825807944] [publish_wind_direction]: Publishing: "id207:W"
[publish_wind_direction-2] [INFO] [1749050582.723198300] [publish_wind_direction]: ***Cam angle= -73.81516799600354, vico ang deg= -147.37500171034796 Ground Truth= 138.8098302936485
[publish_wind_direction-2] [INFO] [1749050582.725637432] [publish_wind_direction]: ***Corrected Wind Direction= S
[publish_wind_direction-2] [INFO] [1749050583.825843865] [publish_wind_direction]: Publishing: "id207:W"
[publish_wind_direction-2] [INFO] [1749050587.541264804] [publish_wind_direction]: ***Cam angle= -999.0, vico ang deg= -147.37500171034796 Ground Truth= 293.624998289652
[publish_wind_direction-2] [INFO] [1749050587.543782565] [publish_wind_direction]: ***Corrected Wind Direction= E
[publish_wind_direction-2] [INFO] [1749050588.825757642] [publish_wind_direction]: Publishing: "id207:W"
[publish_wind_direction-2] [INFO] [1749050592.592838427] [publish_wind_direction]: ***Cam angle= -999.0, vico ang deg= -147.37500171034796 Ground Truth= 293.624998289652
[publish_wind_direction-2] [INFO] [1749050592.595330503] [publish_wind_direction]: ***Corrected Wind Direction= E
[publish_wind_direction-2] [INFO] [1749050593.825840477] [publish_wind_direction]: Publishing: "id207:W"
[publish_wind_direction-2] [INFO] [1749050597.602357561] [publish_wind_direction]: ***Cam angle= -161.0003795199455, vico ang deg= -147.37500171034796 Ground Truth= 51.62461876970656
[publish_wind_direction-2] [INFO] [1749050597.605797742] [publish_wind_direction]: ***Corrected Wind Direction= W
[publish_wind_direction-2] [INFO] [1749050598.825849045] [publish_wind_direction]: Publishing: "id207:W"
[publish_wind_direction-2] [INFO] [1749050602.605707087] [publish_wind_direction]: ***Cam angle= -179.3946100365209, vico ang deg= -147.37500171034796 Ground Truth= 33.23038825313114
[publish_wind_direction-2] [INFO] [1749050602.609315452] [publish_wind_direction]: ***Corrected Wind Direction= N
[publish_wind_direction-2] [INFO] [1749050602.615781114] [publish_wind_direction]: w=-0.1881 x_rot=0.6898  y_rot=-0.2044 z_rot=-0.6686
[publish_wind_direction-2] [INFO] [1749050602.619532552] [publish_wind_direction]: Vicon Yaw Rads= -3.736983425747229
[publish_wind_direction-2] [INFO] [1749050602.622928975] [publish_wind_direction]: ** Vicon Yaw Degrees= -214.11337840565628
[publish_wind_direction-2] [INFO] [1749050602.626356360] [publish_wind_direction]: Vicon Position= [643.3215942382812, 1037.10205078125]
[publish_wind_direction-2] [INFO] [1749050602.629950484] [publish_wind_direction]: Neighbourhood size: 7
[publish_wind_direction-2] [INFO] [1749050603.826279199] [publish_wind_direction]: Publishing: "id207:W"
[publish_wind_direction-2] [INFO] [1749050607.578904076] [publish_wind_direction]: ***Cam angle= -190.7058675133817, vico ang deg= -214.11337840565628 Ground Truth= 315.18075408096206
[publish_wind_direction-2] [INFO] [1749050607.581317598] [publish_wind_direction]: ***Corrected Wind Direction= N
[publish_wind_direction-2] [INFO] [1749050608.825747383] [publish_wind_direction]: Publishing: "id207:W"
[publish_wind_direction-2] [INFO] [1749050612.676102905] [publish_wind_direction]: ***Cam angle= 87.1887146267951, vico ang deg= -214.11337840565628 Ground Truth= 233.07533622113883
[publish_wind_direction-2] [INFO] [1749050612.678504778] [publish_wind_direction]: ***Corrected Wind Direction= E
[publish_wind_direction-2] [INFO] [1749050613.825710282] [publish_wind_direction]: Publishing: "id207:W"
[publish_wind_direction-2] [INFO] [1749050617.532033626] [publish_wind_direction]: ***Cam angle= -228.62151023163685, vico ang deg= -214.11337840565628 Ground Truth= 277.2651113627069
[publish_wind_direction-2] [INFO] [1749050617.534420055] [publish_wind_direction]: ***Corrected Wind Direction= E
[publish_wind_direction-2] [INFO] [1749050618.825796965] [publish_wind_direction]: Publishing: "id207:W"
[publish_wind_direction-2] [INFO] [1749050622.683173117] [publish_wind_direction]: ***Cam angle= -203.41535175855154, vico ang deg= -214.11337840565628 Ground Truth= 302.4712698357922
[publish_wind_direction-2] [INFO] [1749050622.685556249] [publish_wind_direction]: ***Corrected Wind Direction= E
[publish_wind_direction-2] [INFO] [1749050622.690120424] [publish_wind_direction]: w=-0.1881 x_rot=0.6898  y_rot=-0.2044 z_rot=-0.6686
[publish_wind_direction-2] [INFO] [1749050622.692667074] [publish_wind_direction]: Vicon Yaw Rads= -3.736983425747229
[publish_wind_direction-2] [INFO] [1749050622.695254316] [publish_wind_direction]: ** Vicon Yaw Degrees= -214.11337840565628
[publish_wind_direction-2] [INFO] [1749050622.697620023] [publish_wind_direction]: Vicon Position= [643.3215942382812, 1037.10205078125]
[publish_wind_direction-2] [INFO] [1749050622.700214414] [publish_wind_direction]: Neighbourhood size: 7
[publish_wind_direction-2] [INFO] [1749050623.825717983] [publish_wind_direction]: Publishing: "id207:W"
[publish_wind_direction-2] [INFO] [1749050628.130937869] [publish_wind_direction]: ***Cam angle= 7.719454687326888, vico ang deg= -214.11337840565628 Ground Truth= 153.6060762816706
[publish_wind_direction-2] [INFO] [1749050628.133265798] [publish_wind_direction]: ***Corrected Wind Direction= S
[publish_wind_direction-2] [INFO] [1749050628.825957383] [publish_wind_direction]: Publishing: "id207:W"
[publish_wind_direction-2] [INFO] [1749050632.651885007] [publish_wind_direction]: ***Cam angle= -217.92262213966703, vico ang deg= -214.11337840565628 Ground Truth= 287.9639994546767
[publish_wind_direction-2] [INFO] [1749050632.654348158] [publish_wind_direction]: ***Corrected Wind Direction= E
[publish_wind_direction-2] [INFO] [1749050633.825681444] [publish_wind_direction]: Publishing: "id207:W"
[publish_wind_direction-2] [INFO] [1749050637.750157596] [publish_wind_direction]: ***Cam angle= -212.42193677846018, vico ang deg= -214.11337840565628 Ground Truth= 293.4646848158835
[publish_wind_direction-2] [INFO] [1749050637.753705462] [publish_wind_direction]: ***Corrected Wind Direction= E
[publish_wind_direction-2] [INFO] [1749050638.825792580] [publish_wind_direction]: Publishing: "id207:W"
[publish_wind_direction-2] [INFO] [1749050642.691903756] [publish_wind_direction]: ***Cam angle= -999.0, vico ang deg= -214.11337840565628 Ground Truth= 226.88662159434375
[publish_wind_direction-2] [INFO] [1749050642.695378233] [publish_wind_direction]: ***Corrected Wind Direction= E
[publish_wind_direction-2] [INFO] [1749050643.830231653] [publish_wind_direction]: Publishing: "id207:W"
[publish_wind_direction-2] [INFO] [1749050647.596323581] [publish_wind_direction]: ***Cam angle= 0.7873790717244447, vico ang deg= -214.11337840565628 Ground Truth= 146.67400066606817
[publish_wind_direction-2] [INFO] [1749050647.598762214] [publish_wind_direction]: ***Corrected Wind Direction= S
[publish_wind_direction-2] [INFO] [1749050648.825780171] [publish_wind_direction]: Publishing: "id207:W"
[publish_wind_direction-2] [INFO] [1749050652.699586729] [publish_wind_direction]: ***Cam angle= -999.0, vico ang deg= -214.11337840565628 Ground Truth= 226.88662159434375
[publish_wind_direction-2] [INFO] [1749050652.702133324] [publish_wind_direction]: ***Corrected Wind Direction= E
[publish_wind_direction-2] [INFO] [1749050656.438722516] [publish_wind_direction]: ***Cam angle= -93.48792905355751, vico ang deg= -214.11337840565628 Ground Truth= 52.398692540786215
[publish_wind_direction-2] [INFO] [1749050656.441175815] [publish_wind_direction]: ***Corrected Wind Direction= W
[publish_wind_direction-2] [INFO] [1749050656.445591472] [publish_wind_direction]: Publishing: "id207:W"
[publish_wind_direction-2] [INFO] [1749050660.314141282] [publish_wind_direction]: ***Cam angle= -122.87949816431967, vico ang deg= -214.11337840565628 Ground Truth= 23.00712343002408
[publish_wind_direction-2] [INFO] [1749050660.316615747] [publish_wind_direction]: ***Corrected Wind Direction= N
[publish_wind_direction-2] [INFO] [1749050660.320869683] [publish_wind_direction]: Publishing: "id207:W"
[publish_wind_direction-2] [INFO] [1749050664.627662169] [publish_wind_direction]: ***Cam angle= -210.01844497808824, vico ang deg= -214.11337840565628 Ground Truth= 295.8681766162555
[publish_wind_direction-2] [INFO] [1749050664.630106728] [publish_wind_direction]: ***Corrected Wind Direction= E
[publish_wind_direction-2] [INFO] [1749050664.634486736] [publish_wind_direction]: Publishing: "id207:W"
[publish_wind_direction-2] [INFO] [1749050668.558049277] [publish_wind_direction]: ***Cam angle= -268.69468664035287, vico ang deg= -214.11337840565628 Ground Truth= 237.19193495399088
[publish_wind_direction-2] [INFO] [1749050668.560496724] [publish_wind_direction]: ***Corrected Wind Direction= E
[publish_wind_direction-2] [INFO] [1749050668.825721512] [publish_wind_direction]: Publishing: "id207:W"
[publish_wind_direction-2] [INFO] [1749050672.659094085] [publish_wind_direction]: ***Cam angle= -221.4270679698669, vico ang deg= -214.11337840565628 Ground Truth= 284.4595536244768
[publish_wind_direction-2] [INFO] [1749050672.661538439] [publish_wind_direction]: ***Corrected Wind Direction= E
[publish_wind_direction-2] [INFO] [1749050672.666073873] [publish_wind_direction]: w=-0.1881 x_rot=0.6898  y_rot=-0.2044 z_rot=-0.6686
[publish_wind_direction-2] [INFO] [1749050672.668632264] [publish_wind_direction]: Vicon Yaw Rads= -3.736983425747229
[publish_wind_direction-2] [INFO] [1749050672.671116877] [publish_wind_direction]: ** Vicon Yaw Degrees= -214.11337840565628
[publish_wind_direction-2] [INFO] [1749050672.673724842] [publish_wind_direction]: Vicon Position= [643.3215942382812, 1037.10205078125]
[publish_wind_direction-2] [INFO] [1749050672.676338566] [publish_wind_direction]: Neighbourhood size: 7
[publish_wind_direction-2] [INFO] [1749050673.825747852] [publish_wind_direction]: Publishing: "id207:W"
[publish_wind_direction-2] [INFO] [1749050677.640611123] [publish_wind_direction]: ***Cam angle= 58.644093675798615, vico ang deg= -214.11337840565628 Ground Truth= 204.53071527014234
[publish_wind_direction-2] [INFO] [1749050677.643106440] [publish_wind_direction]: ***Corrected Wind Direction= S
[publish_wind_direction-2] [INFO] [1749050678.825734253] [publish_wind_direction]: Publishing: "id207:W"
[publish_wind_direction-2] [INFO] [1749050682.654377162] [publish_wind_direction]: ***Cam angle= -31.368835944193897, vico ang deg= -214.11337840565628 Ground Truth= 114.51778565014982
[publish_wind_direction-2] [INFO] [1749050682.656882442] [publish_wind_direction]: ***Corrected Wind Direction= W
[publish_wind_direction-2] [INFO] [1749050683.825750253] [publish_wind_direction]: Publishing: "id207:W"
[publish_wind_direction-2] [INFO] [1749050687.662331466] [publish_wind_direction]: ***Cam angle= -27.730099205009715, vico ang deg= -214.11337840565628 Ground Truth= 118.15652238933401
[publish_wind_direction-2] [INFO] [1749050687.664794524] [publish_wind_direction]: ***Corrected Wind Direction= W
[publish_wind_direction-2] [INFO] [1749050688.825568944] [publish_wind_direction]: Publishing: "id207:W"
[publish_wind_direction-2] [INFO] [1749050692.523927441] [publish_wind_direction]: ***Cam angle= -26.628433745946786, vico ang deg= -214.11337840565628 Ground Truth= 119.25818784839694
[publish_wind_direction-2] [INFO] [1749050692.526355017] [publish_wind_direction]: ***Corrected Wind Direction= W
[publish_wind_direction-2] [INFO] [1749050693.825864951] [publish_wind_direction]: Publishing: "id207:W"
[publish_wind_direction-2] [INFO] [1749050697.585932145] [publish_wind_direction]: ***Cam angle= -70.35412579327824, vico ang deg= -214.11337840565628 Ground Truth= 75.53249580106547
[publish_wind_direction-2] [INFO] [1749050697.588405073] [publish_wind_direction]: ***Corrected Wind Direction= W
[publish_wind_direction-2] [INFO] [1749050698.825766371] [publish_wind_direction]: Publishing: "id207:W"
[publish_wind_direction-2] [INFO] [1749050702.574135624] [publish_wind_direction]: ***Cam angle= -140.91542207591255, vico ang deg= -214.11337840565628 Ground Truth= 4.971199518431149
[publish_wind_direction-2] [INFO] [1749050702.576719570] [publish_wind_direction]: ***Corrected Wind Direction= N
[publish_wind_direction-2] [INFO] [1749050703.825502536] [publish_wind_direction]: Raising exception
[publish_wind_direction-2] [INFO] [1749050703.828789737] [publish_wind_direction]: Publisher stopping, exception
[INFO] [publish_wind_direction-2]: process has finished cleanly [pid 842]
[random_robot_move-1] [INFO] [1749050721.458410175] [random_robot_move]: Exception, shutting down
