[INFO] [launch]: All log files can be found below /home/thymio/.ros/log/2025-06-05-15-42-12-744900-thymio-826
[INFO] [launch]: Default logging verbosity is set to INFO
[INFO] [random_robot_move-1]: process started with pid [848]
[INFO] [publish_wind_direction-2]: process started with pid [850]
[publish_wind_direction-2] /usr/lib/python3/dist-packages/scipy/__init__.py:146: UserWarning: A NumPy version >=1.17.3 and <1.25.0 is required for this version of SciPy (detected version 1.26.4
[publish_wind_direction-2]   warnings.warn(f"A NumPy version >={np_minversion} and <{np_maxversion}"
[publish_wind_direction-2] [INFO] [1749138136.797920012] [publish_wind_direction]: Physical Ip=134.34.226.68, id=id68
[publish_wind_direction-2] [INFO] [1749138136.839019747] [publish_wind_direction]: Subscribed to: wind_direction/id136
[publish_wind_direction-2] [INFO] [1749138136.842969943] [publish_wind_direction]: Subscribed to: wind_direction/id137
[publish_wind_direction-2] [INFO] [1749138136.846684066] [publish_wind_direction]: Subscribed to: wind_direction/id142
[publish_wind_direction-2] [INFO] [1749138136.850244022] [publish_wind_direction]: Subscribed to: wind_direction/id151
[publish_wind_direction-2] [INFO] [1749138136.853791441] [publish_wind_direction]: Subscribed to: wind_direction/id152
[publish_wind_direction-2] [INFO] [1749138136.857363415] [publish_wind_direction]: Subscribed to: wind_direction/id155
[publish_wind_direction-2] [INFO] [1749138136.860909112] [publish_wind_direction]: Subscribed to: wind_direction/id189
[publish_wind_direction-2] [INFO] [1749138136.864365883] [publish_wind_direction]: Subscribed to: wind_direction/id192
[publish_wind_direction-2] [INFO] [1749138136.867899006] [publish_wind_direction]: Subscribed to: wind_direction/id193
[publish_wind_direction-2] [INFO] [1749138136.871466536] [publish_wind_direction]: Subscribed to: wind_direction/id194
[publish_wind_direction-2] [INFO] [1749138136.874972881] [publish_wind_direction]: Subscribed to: wind_direction/id195
[publish_wind_direction-2] [INFO] [1749138136.878440096] [publish_wind_direction]: Subscribed to: wind_direction/id200
[publish_wind_direction-2] [INFO] [1749138136.882020367] [publish_wind_direction]: Subscribed to: wind_direction/id206
[publish_wind_direction-2] [INFO] [1749138136.885639231] [publish_wind_direction]: Subscribed to: wind_direction/id207
[publish_wind_direction-2] [INFO] [1749138136.889239761] [publish_wind_direction]: Subscribed to: wind_direction/id223
[publish_wind_direction-2] [INFO] [1749138136.892870587] [publish_wind_direction]: Subscribed to: wind_direction/id224
[publish_wind_direction-2] [INFO] [1749138136.896301043] [publish_wind_direction]: Subscribed to: wind_direction/id236
[publish_wind_direction-2] [INFO] [1749138136.899771407] [publish_wind_direction]: Subscribed to: wind_direction/id247
[publish_wind_direction-2] [INFO] [1749138136.903348474] [publish_wind_direction]: Subscribed to: wind_direction/id1193
[random_robot_move-1] [INFO] [1749138138.917480586] [random_robot_move]: Robot Control Node started.
[publish_wind_direction-2] [INFO] [1749138141.826680492] [publish_wind_direction]: Publishing: "id68:S"
[publish_wind_direction-2] [INFO] [1749138146.718769415] [publish_wind_direction]: Vicon Position= [-665.5833740234375, 1170.8636474609375]
[publish_wind_direction-2] [INFO] [1749138146.721549470] [publish_wind_direction]: Neighbourhood size: 2
[publish_wind_direction-2] [INFO] [1749138146.825801266] [publish_wind_direction]: Publishing: "id68:S"
[publish_wind_direction-2] [INFO] [1749138151.827822263] [publish_wind_direction]: Publishing: "id68:S"
[publish_wind_direction-2] [INFO] [1749138156.827974390] [publish_wind_direction]: Publishing: "id68:S"
[publish_wind_direction-2] [INFO] [1749138159.981935444] [publish_wind_direction]: Vicon Position= [-1139.7373046875, 722.884521484375]
[publish_wind_direction-2] [INFO] [1749138159.985892185] [publish_wind_direction]: Neighbourhood size: 2
[publish_wind_direction-2] [INFO] [1749138161.828926961] [publish_wind_direction]: Publishing: "id68:S"
[publish_wind_direction-2] [INFO] [1749138166.826294736] [publish_wind_direction]: Publishing: "id68:S"
[publish_wind_direction-2] [INFO] [1749138171.825644918] [publish_wind_direction]: Publishing: "id68:S"
[publish_wind_direction-2] [INFO] [1749138172.698583418] [publish_wind_direction]: Vicon Position= [-970.7955322265625, 559.6007690429688]
[publish_wind_direction-2] [INFO] [1749138172.701478195] [publish_wind_direction]: Neighbourhood size: 3
[publish_wind_direction-2] [INFO] [1749138176.826358619] [publish_wind_direction]: Publishing: "id68:S"
[publish_wind_direction-2] [INFO] [1749138181.825705320] [publish_wind_direction]: Publishing: "id68:S"
[publish_wind_direction-2] [INFO] [1749138184.354325559] [publish_wind_direction]: Vicon Position= [-367.9069519042969, 709.33642578125]
[publish_wind_direction-2] [INFO] [1749138184.357268651] [publish_wind_direction]: Neighbourhood size: 7
[publish_wind_direction-2] [INFO] [1749138186.825970687] [publish_wind_direction]: Publishing: "id68:S"
[publish_wind_direction-2] [INFO] [1749138191.825862703] [publish_wind_direction]: Publishing: "id68:S"
[publish_wind_direction-2] [INFO] [1749138196.825923107] [publish_wind_direction]: Publishing: "id68:S"
[publish_wind_direction-2] [INFO] [1749138201.825807030] [publish_wind_direction]: Publishing: "id68:S"
[publish_wind_direction-2] [INFO] [1749138201.961522604] [publish_wind_direction]: Vicon Position= [426.5841979980469, 31.27069091796875]
[publish_wind_direction-2] [INFO] [1749138201.965367308] [publish_wind_direction]: Neighbourhood size: 5
[publish_wind_direction-2] [INFO] [1749138206.825869860] [publish_wind_direction]: Publishing: "id68:S"
[publish_wind_direction-2] [INFO] [1749138211.825754320] [publish_wind_direction]: Publishing: "id68:S"
[publish_wind_direction-2] [INFO] [1749138216.825994651] [publish_wind_direction]: Publishing: "id68:S"
[publish_wind_direction-2] [INFO] [1749138221.825796981] [publish_wind_direction]: Publishing: "id68:S"
[publish_wind_direction-2] [INFO] [1749138221.872674351] [publish_wind_direction]: Vicon Position= [-42.337127685546875, 324.79486083984375]
[publish_wind_direction-2] [INFO] [1749138221.875794814] [publish_wind_direction]: Neighbourhood size: 3
[publish_wind_direction-2] [INFO] [1749138227.504017393] [publish_wind_direction]: Publishing: "id68:S"
[publish_wind_direction-2] [INFO] [1749138231.825889242] [publish_wind_direction]: Publishing: "id68:S"
[publish_wind_direction-2] [INFO] [1749138234.213142408] [publish_wind_direction]: Vicon Position= [-876.06689453125, -320.5429992675781]
[publish_wind_direction-2] [INFO] [1749138234.216097296] [publish_wind_direction]: Neighbourhood size: 4
[publish_wind_direction-2] [INFO] [1749138236.826518462] [publish_wind_direction]: Publishing: "id68:S"
[publish_wind_direction-2] [INFO] [1749138241.825895273] [publish_wind_direction]: Publishing: "id68:S"
[publish_wind_direction-2] [INFO] [1749138245.125063383] [publish_wind_direction]: Vicon Position= [0.0, 0.0]
[publish_wind_direction-2] [INFO] [1749138245.128315197] [publish_wind_direction]: Neighbourhood size: 6
[publish_wind_direction-2] [INFO] [1749138246.825933363] [publish_wind_direction]: Publishing: "id68:S"
[publish_wind_direction-2] [INFO] [1749138251.402232212] [publish_wind_direction]: Vicon Position= [-959.48583984375, -12.419319152832031]
[publish_wind_direction-2] [INFO] [1749138251.405303842] [publish_wind_direction]: Neighbourhood size: 4
[publish_wind_direction-2] [INFO] [1749138251.825934841] [publish_wind_direction]: Publishing: "id68:S"
[publish_wind_direction-2] [INFO] [1749138256.825917450] [publish_wind_direction]: Publishing: "id68:S"
[publish_wind_direction-2] [INFO] [1749138261.630727425] [publish_wind_direction]: Vicon Position= [-1064.20556640625, 217.88734436035156]
[publish_wind_direction-2] [INFO] [1749138261.633975105] [publish_wind_direction]: Neighbourhood size: 4
[publish_wind_direction-2] [INFO] [1749138261.825962973] [publish_wind_direction]: Publishing: "id68:S"
[publish_wind_direction-2] [INFO] [1749138266.826067789] [publish_wind_direction]: Publishing: "id68:S"
[publish_wind_direction-2] [INFO] [1749138269.371733864] [publish_wind_direction]: Vicon Position= [-1092.49951171875, 124.15325164794922]
[publish_wind_direction-2] [INFO] [1749138269.375076610] [publish_wind_direction]: Neighbourhood size: 2
[publish_wind_direction-2] [INFO] [1749138271.825938633] [publish_wind_direction]: Publishing: "id68:S"
[publish_wind_direction-2] [INFO] [1749138276.825744854] [publish_wind_direction]: Publishing: "id68:S"
[publish_wind_direction-2] [INFO] [1749138281.825821834] [publish_wind_direction]: Publishing: "id68:S"
[publish_wind_direction-2] [INFO] [1749138286.825909131] [publish_wind_direction]: Publishing: "id68:S"
[publish_wind_direction-2] [INFO] [1749138291.826155345] [publish_wind_direction]: Publishing: "id68:S"
[publish_wind_direction-2] [INFO] [1749138296.825895327] [publish_wind_direction]: Publishing: "id68:S"
[publish_wind_direction-2] [INFO] [1749138298.839206991] [publish_wind_direction]: Vicon Position= [-844.224365234375, -575.0706787109375]
[publish_wind_direction-2] [INFO] [1749138298.842265521] [publish_wind_direction]: Neighbourhood size: 2
[publish_wind_direction-2] [INFO] [1749138301.825877725] [publish_wind_direction]: Publishing: "id68:S"
[publish_wind_direction-2] [INFO] [1749138306.825838024] [publish_wind_direction]: Publishing: "id68:S"
[publish_wind_direction-2] [INFO] [1749138310.180577562] [publish_wind_direction]: Vicon Position= [-591.0868530273438, -105.0918197631836]
[publish_wind_direction-2] [INFO] [1749138310.183545319] [publish_wind_direction]: Neighbourhood size: 8
[publish_wind_direction-2] [INFO] [1749138311.825857897] [publish_wind_direction]: Publishing: "id68:S"
[publish_wind_direction-2] [INFO] [1749138316.825916975] [publish_wind_direction]: Publishing: "id68:S"
[publish_wind_direction-2] [INFO] [1749138321.825947849] [publish_wind_direction]: Publishing: "id68:S"
[publish_wind_direction-2] [INFO] [1749138325.599726221] [publish_wind_direction]: Vicon Position= [-584.3311157226562, -112.9162826538086]
[publish_wind_direction-2] [INFO] [1749138325.602610618] [publish_wind_direction]: Neighbourhood size: 8
[publish_wind_direction-2] [INFO] [1749138326.825953637] [publish_wind_direction]: Publishing: "id68:S"
[publish_wind_direction-2] [INFO] [1749138331.825944601] [publish_wind_direction]: Publishing: "id68:S"
[publish_wind_direction-2] [INFO] [1749138333.971030811] [publish_wind_direction]: Vicon Position= [-378.0301513671875, 435.5957336425781]
[publish_wind_direction-2] [INFO] [1749138333.974016975] [publish_wind_direction]: Neighbourhood size: 6
[publish_wind_direction-2] [INFO] [1749138336.825995680] [publish_wind_direction]: Publishing: "id68:S"
[publish_wind_direction-2] [INFO] [1749138341.826036455] [publish_wind_direction]: Publishing: "id68:S"
[publish_wind_direction-2] [INFO] [1749138345.426141032] [publish_wind_direction]: Vicon Position= [-802.1358642578125, 312.7934265136719]
[publish_wind_direction-2] [INFO] [1749138345.429078910] [publish_wind_direction]: Neighbourhood size: 5
[publish_wind_direction-2] [INFO] [1749138346.825796369] [publish_wind_direction]: Publishing: "id68:S"
[publish_wind_direction-2] [INFO] [1749138351.825815244] [publish_wind_direction]: Publishing: "id68:S"
[publish_wind_direction-2] [INFO] [1749138356.825979543] [publish_wind_direction]: Publishing: "id68:S"
[publish_wind_direction-2] [INFO] [1749138359.667093908] [publish_wind_direction]: Vicon Position= [-1079.060546875, -92.55259704589844]
[publish_wind_direction-2] [INFO] [1749138359.669957374] [publish_wind_direction]: Neighbourhood size: 1
[publish_wind_direction-2] [INFO] [1749138361.826711499] [publish_wind_direction]: Publishing: "id68:S"
[publish_wind_direction-2] [INFO] [1749138366.825912673] [publish_wind_direction]: Publishing: "id68:S"
[publish_wind_direction-2] [INFO] [1749138368.658128343] [publish_wind_direction]: Vicon Position= [-94.3770523071289, 213.0731201171875]
[publish_wind_direction-2] [INFO] [1749138368.661082993] [publish_wind_direction]: Neighbourhood size: 11
[publish_wind_direction-2] [INFO] [1749138371.825867350] [publish_wind_direction]: Publishing: "id68:S"
[publish_wind_direction-2] [INFO] [1749138376.825903389] [publish_wind_direction]: Publishing: "id68:S"
[publish_wind_direction-2] [INFO] [1749138381.825952440] [publish_wind_direction]: Publishing: "id68:S"
[publish_wind_direction-2] [INFO] [1749138385.315955044] [publish_wind_direction]: Vicon Position= [-187.7818145751953, 200.82545471191406]
[publish_wind_direction-2] [INFO] [1749138385.319424063] [publish_wind_direction]: Neighbourhood size: 7
[publish_wind_direction-2] [INFO] [1749138386.825787228] [publish_wind_direction]: Publishing: "id68:S"
[publish_wind_direction-2] [INFO] [1749138391.825929565] [publish_wind_direction]: Publishing: "id68:S"
[publish_wind_direction-2] [INFO] [1749138396.826080252] [publish_wind_direction]: Publishing: "id68:S"
[publish_wind_direction-2] [INFO] [1749138397.910109718] [publish_wind_direction]: Vicon Position= [797.4649658203125, 411.8480529785156]
[publish_wind_direction-2] [INFO] [1749138397.912921811] [publish_wind_direction]: Neighbourhood size: 10
[publish_wind_direction-2] [INFO] [1749138401.825925530] [publish_wind_direction]: Publishing: "id68:S"
[publish_wind_direction-2] [INFO] [1749138406.825892125] [publish_wind_direction]: Publishing: "id68:S"
[publish_wind_direction-2] [INFO] [1749138411.825941921] [publish_wind_direction]: Publishing: "id68:S"
[publish_wind_direction-2] [INFO] [1749138413.007134441] [publish_wind_direction]: Vicon Position= [882.8890991210938, -306.6028747558594]
[publish_wind_direction-2] [INFO] [1749138413.010229774] [publish_wind_direction]: Neighbourhood size: 5
[publish_wind_direction-2] [INFO] [1749138416.825905863] [publish_wind_direction]: Publishing: "id68:S"
[publish_wind_direction-2] [INFO] [1749138419.296521900] [publish_wind_direction]: Vicon Position= [860.261474609375, -543.965087890625]
[publish_wind_direction-2] [INFO] [1749138419.299435900] [publish_wind_direction]: Neighbourhood size: 4
[publish_wind_direction-2] [INFO] [1749138421.825857690] [publish_wind_direction]: Publishing: "id68:S"
[publish_wind_direction-2] [INFO] [1749138426.825889932] [publish_wind_direction]: Publishing: "id68:S"
[publish_wind_direction-2] [INFO] [1749138431.038115330] [publish_wind_direction]: Vicon Position= [904.569580078125, -704.1687622070312]
[publish_wind_direction-2] [INFO] [1749138431.041066867] [publish_wind_direction]: Neighbourhood size: 2
[publish_wind_direction-2] [INFO] [1749138431.825959337] [publish_wind_direction]: Publishing: "id68:S"
[publish_wind_direction-2] [INFO] [1749138436.825905375] [publish_wind_direction]: Publishing: "id68:S"
[publish_wind_direction-2] [INFO] [1749138441.825904253] [publish_wind_direction]: Publishing: "id68:S"
[publish_wind_direction-2] [INFO] [1749138444.158658004] [publish_wind_direction]: Vicon Position= [985.4993286132812, -643.2553100585938]
[publish_wind_direction-2] [INFO] [1749138444.161530504] [publish_wind_direction]: Neighbourhood size: 2
[publish_wind_direction-2] [INFO] [1749138446.825929790] [publish_wind_direction]: Publishing: "id68:S"
[publish_wind_direction-2] [INFO] [1749138451.826044507] [publish_wind_direction]: Publishing: "id68:S"
[publish_wind_direction-2] [INFO] [1749138456.630027681] [publish_wind_direction]: Vicon Position= [1020.3128662109375, -626.6268920898438]
[publish_wind_direction-2] [INFO] [1749138456.633025570] [publish_wind_direction]: Neighbourhood size: 2
[publish_wind_direction-2] [INFO] [1749138456.825934237] [publish_wind_direction]: Publishing: "id68:S"
[publish_wind_direction-2] [INFO] [1749138461.825877113] [publish_wind_direction]: Publishing: "id68:S"
[publish_wind_direction-2] [INFO] [1749138466.825949468] [publish_wind_direction]: Publishing: "id68:S"
[publish_wind_direction-2] [INFO] [1749138471.691369543] [publish_wind_direction]: Vicon Position= [1074.3555908203125, -611.3206787109375]
[publish_wind_direction-2] [INFO] [1749138471.695288284] [publish_wind_direction]: Neighbourhood size: 2
[publish_wind_direction-2] [INFO] [1749138471.825925228] [publish_wind_direction]: Publishing: "id68:S"
[publish_wind_direction-2] [INFO] [1749138476.825936562] [publish_wind_direction]: Publishing: "id68:S"
[publish_wind_direction-2] [INFO] [1749138479.897337117] [publish_wind_direction]: Vicon Position= [1053.359619140625, -85.43838500976562]
[publish_wind_direction-2] [INFO] [1749138479.900153932] [publish_wind_direction]: Neighbourhood size: 6
[publish_wind_direction-2] [INFO] [1749138481.825982542] [publish_wind_direction]: Publishing: "id68:S"
[publish_wind_direction-2] [INFO] [1749138486.825976967] [publish_wind_direction]: Publishing: "id68:S"
[publish_wind_direction-2] [INFO] [1749138490.309729429] [publish_wind_direction]: Vicon Position= [7.755737781524658, -91.59895324707031]
[publish_wind_direction-2] [INFO] [1749138490.312537317] [publish_wind_direction]: Neighbourhood size: 7
[publish_wind_direction-2] [INFO] [1749138491.825931798] [publish_wind_direction]: Publishing: "id68:S"
[publish_wind_direction-2] [INFO] [1749138496.825948556] [publish_wind_direction]: Publishing: "id68:S"
[publish_wind_direction-2] [INFO] [1749138498.776319443] [publish_wind_direction]: Vicon Position= [215.9263458251953, -641.9486083984375]
[publish_wind_direction-2] [INFO] [1749138498.779122629] [publish_wind_direction]: Neighbourhood size: 4
[publish_wind_direction-2] [INFO] [1749138501.825736090] [publish_wind_direction]: Publishing: "id68:S"
[publish_wind_direction-2] [INFO] [1749138505.001525533] [publish_wind_direction]: Vicon Position= [283.8931579589844, -590.2498779296875]
[publish_wind_direction-2] [INFO] [1749138505.004460274] [publish_wind_direction]: Neighbourhood size: 5
[publish_wind_direction-2] [INFO] [1749138506.826394810] [publish_wind_direction]: Publishing: "id68:S"
[publish_wind_direction-2] [INFO] [1749138511.826504289] [publish_wind_direction]: Publishing: "id68:S"
[publish_wind_direction-2] [INFO] [1749138514.154567732] [publish_wind_direction]: Vicon Position= [-775.890380859375, -587.5043334960938]
[publish_wind_direction-2] [INFO] [1749138514.157503602] [publish_wind_direction]: Neighbourhood size: 1
[publish_wind_direction-2] [INFO] [1749138516.825797175] [publish_wind_direction]: Publishing: "id68:S"
[publish_wind_direction-2] [INFO] [1749138521.825904913] [publish_wind_direction]: Publishing: "id68:S"
[publish_wind_direction-2] [INFO] [1749138525.308536559] [publish_wind_direction]: Vicon Position= [-683.2288818359375, -300.90478515625]
[publish_wind_direction-2] [INFO] [1749138525.311469911] [publish_wind_direction]: Neighbourhood size: 5
[publish_wind_direction-2] [INFO] [1749138526.825959058] [publish_wind_direction]: Publishing: "id68:S"
[publish_wind_direction-2] [INFO] [1749138531.825785518] [publish_wind_direction]: Publishing: "id68:S"
[publish_wind_direction-2] [INFO] [1749138536.825989404] [publish_wind_direction]: Publishing: "id68:S"
[publish_wind_direction-2] [INFO] [1749138537.314742015] [publish_wind_direction]: Vicon Position= [-403.2034606933594, 1047.093505859375]
[publish_wind_direction-2] [INFO] [1749138537.317764589] [publish_wind_direction]: Neighbourhood size: 4
[publish_wind_direction-2] [INFO] [1749138541.825913253] [publish_wind_direction]: Publishing: "id68:S"
[publish_wind_direction-2] [INFO] [1749138543.808494881] [publish_wind_direction]: Vicon Position= [-497.6331787109375, 1154.8577880859375]
[publish_wind_direction-2] [INFO] [1749138543.811485344] [publish_wind_direction]: Neighbourhood size: 4
[publish_wind_direction-2] [INFO] [1749138546.825851306] [publish_wind_direction]: Publishing: "id68:S"
[publish_wind_direction-2] [INFO] [1749138551.825890136] [publish_wind_direction]: Publishing: "id68:S"
[publish_wind_direction-2] [INFO] [1749138553.639387302] [publish_wind_direction]: Vicon Position= [-855.353515625, 1285.7542724609375]
[publish_wind_direction-2] [INFO] [1749138553.642709487] [publish_wind_direction]: Neighbourhood size: 4
[publish_wind_direction-2] [INFO] [1749138556.825931244] [publish_wind_direction]: Publishing: "id68:S"
[publish_wind_direction-2] [INFO] [1749138561.826014778] [publish_wind_direction]: Publishing: "id68:S"
[publish_wind_direction-2] [INFO] [1749138564.432821980] [publish_wind_direction]: Vicon Position= [-848.4996337890625, 1252.988037109375]
[publish_wind_direction-2] [INFO] [1749138564.435899314] [publish_wind_direction]: Neighbourhood size: 5
[publish_wind_direction-2] [INFO] [1749138566.826083868] [publish_wind_direction]: Publishing: "id68:S"
[publish_wind_direction-2] [INFO] [1749138571.825914439] [publish_wind_direction]: Publishing: "id68:S"
[publish_wind_direction-2] [INFO] [1749138576.825717288] [publish_wind_direction]: Publishing: "id68:S"
[publish_wind_direction-2] [INFO] [1749138579.871272101] [publish_wind_direction]: Vicon Position= [-866.3516235351562, 1227.2454833984375]
[publish_wind_direction-2] [INFO] [1749138579.874140212] [publish_wind_direction]: Neighbourhood size: 4
[publish_wind_direction-2] [INFO] [1749138581.825944266] [publish_wind_direction]: Publishing: "id68:S"
[publish_wind_direction-2] [INFO] [1749138586.825903486] [publish_wind_direction]: Publishing: "id68:S"
[publish_wind_direction-2] [INFO] [1749138587.127691208] [publish_wind_direction]: Vicon Position= [-721.962646484375, 1104.8382568359375]
[publish_wind_direction-2] [INFO] [1749138587.130494374] [publish_wind_direction]: Neighbourhood size: 6
[publish_wind_direction-2] [INFO] [1749138591.825912057] [publish_wind_direction]: Publishing: "id68:S"
[publish_wind_direction-2] [INFO] [1749138593.633540407] [publish_wind_direction]: Vicon Position= [-1156.768310546875, 443.51788330078125]
[publish_wind_direction-2] [INFO] [1749138593.636442593] [publish_wind_direction]: Neighbourhood size: 5
[publish_wind_direction-2] [INFO] [1749138596.825918350] [publish_wind_direction]: Publishing: "id68:S"
[publish_wind_direction-2] [INFO] [1749138601.194983199] [publish_wind_direction]: Vicon Position= [-684.9348754882812, 158.5942840576172]
[publish_wind_direction-2] [INFO] [1749138601.198044255] [publish_wind_direction]: Neighbourhood size: 7
[publish_wind_direction-2] [INFO] [1749138601.825703940] [publish_wind_direction]: Publishing: "id68:S"
[publish_wind_direction-2] [INFO] [1749138606.825832474] [publish_wind_direction]: Publishing: "id68:S"
[publish_wind_direction-2] [INFO] [1749138608.916672250] [publish_wind_direction]: Vicon Position= [-449.3855895996094, 153.1059112548828]
[publish_wind_direction-2] [INFO] [1749138608.920139713] [publish_wind_direction]: Neighbourhood size: 10
[publish_wind_direction-2] [INFO] [1749138611.825974397] [publish_wind_direction]: Publishing: "id68:S"
[publish_wind_direction-2] [INFO] [1749138616.825912486] [publish_wind_direction]: Publishing: "id68:S"
[publish_wind_direction-2] [INFO] [1749138618.264931504] [publish_wind_direction]: Vicon Position= [137.90176391601562, 357.778564453125]
[publish_wind_direction-2] [INFO] [1749138618.269108171] [publish_wind_direction]: Neighbourhood size: 3
[publish_wind_direction-2] [INFO] [1749138621.826111057] [publish_wind_direction]: Publishing: "id68:S"
[publish_wind_direction-2] [INFO] [1749138624.653242037] [publish_wind_direction]: Vicon Position= [158.3089141845703, 411.98150634765625]
[publish_wind_direction-2] [INFO] [1749138624.656385759] [publish_wind_direction]: Neighbourhood size: 3
[publish_wind_direction-2] [INFO] [1749138626.825793906] [publish_wind_direction]: Publishing: "id68:S"
[publish_wind_direction-2] [INFO] [1749138631.826158885] [publish_wind_direction]: Publishing: "id68:S"
[publish_wind_direction-2] [INFO] [1749138633.737470402] [publish_wind_direction]: Vicon Position= [319.6036376953125, 803.7528686523438]
[publish_wind_direction-2] [INFO] [1749138633.740173550] [publish_wind_direction]: Neighbourhood size: 8
[publish_wind_direction-2] [INFO] [1749138636.825728808] [publish_wind_direction]: Publishing: "id68:S"
[publish_wind_direction-2] [INFO] [1749138641.825675416] [publish_wind_direction]: Publishing: "id68:S"
[publish_wind_direction-2] [INFO] [1749138646.825692931] [publish_wind_direction]: Publishing: "id68:S"
[publish_wind_direction-2] [INFO] [1749138651.825706280] [publish_wind_direction]: Publishing: "id68:S"
[publish_wind_direction-2] [INFO] [1749138656.825777925] [publish_wind_direction]: Publishing: "id68:S"
[publish_wind_direction-2] [INFO] [1749138661.825770589] [publish_wind_direction]: Publishing: "id68:S"
[publish_wind_direction-2] [INFO] [1749138663.714691514] [publish_wind_direction]: Vicon Position= [319.6036376953125, 803.7528686523438]
[publish_wind_direction-2] [INFO] [1749138663.717592977] [publish_wind_direction]: Neighbourhood size: 8
[publish_wind_direction-2] [INFO] [1749138666.826004808] [publish_wind_direction]: Publishing: "id68:S"
[publish_wind_direction-2] [INFO] [1749138671.825980824] [publish_wind_direction]: Publishing: "id68:S"
[publish_wind_direction-2] [INFO] [1749138673.243745527] [publish_wind_direction]: Vicon Position= [531.4523315429688, 907.4810180664062]
[publish_wind_direction-2] [INFO] [1749138673.246834601] [publish_wind_direction]: Neighbourhood size: 6
[publish_wind_direction-2] [INFO] [1749138676.825959950] [publish_wind_direction]: Publishing: "id68:S"
[publish_wind_direction-2] [INFO] [1749138681.825918855] [publish_wind_direction]: Publishing: "id68:S"
[publish_wind_direction-2] [INFO] [1749138683.472924298] [publish_wind_direction]: Vicon Position= [570.1106567382812, 911.2586059570312]
[publish_wind_direction-2] [INFO] [1749138683.475823317] [publish_wind_direction]: Neighbourhood size: 5
[publish_wind_direction-2] [INFO] [1749138686.825916352] [publish_wind_direction]: Publishing: "id68:S"
[publish_wind_direction-2] [INFO] [1749138690.436362313] [publish_wind_direction]: Vicon Position= [667.3592529296875, 940.6068725585938]
[publish_wind_direction-2] [INFO] [1749138690.439065665] [publish_wind_direction]: Neighbourhood size: 2
[publish_wind_direction-2] [INFO] [1749138691.825824182] [publish_wind_direction]: Publishing: "id68:S"
[publish_wind_direction-2] [INFO] [1749138696.825908846] [publish_wind_direction]: Publishing: "id68:S"
[publish_wind_direction-2] [INFO] [1749138698.785311067] [publish_wind_direction]: Vicon Position= [463.7725524902344, 1346.73681640625]
[publish_wind_direction-2] [INFO] [1749138698.788190734] [publish_wind_direction]: Neighbourhood size: 4
[publish_wind_direction-2] [INFO] [1749138701.825917195] [publish_wind_direction]: Publishing: "id68:S"
[publish_wind_direction-2] [INFO] [1749138705.202126434] [publish_wind_direction]: Vicon Position= [474.370361328125, 863.6942749023438]
[publish_wind_direction-2] [INFO] [1749138705.205944082] [publish_wind_direction]: Neighbourhood size: 6
[publish_wind_direction-2] [INFO] [1749138706.825876340] [publish_wind_direction]: Publishing: "id68:S"
[publish_wind_direction-2] [INFO] [1749138711.825946133] [publish_wind_direction]: Publishing: "id68:S"
[publish_wind_direction-2] [INFO] [1749138713.676308966] [publish_wind_direction]: Vicon Position= [780.7514038085938, 1274.281494140625]
[publish_wind_direction-2] [INFO] [1749138713.679694799] [publish_wind_direction]: Neighbourhood size: 1
[publish_wind_direction-2] [INFO] [1749138716.826006186] [publish_wind_direction]: Publishing: "id68:S"
[publish_wind_direction-2] [INFO] [1749138719.962779758] [publish_wind_direction]: Vicon Position= [816.98876953125, 1458.1787109375]
[publish_wind_direction-2] [INFO] [1749138719.966243147] [publish_wind_direction]: Neighbourhood size: 0
[publish_wind_direction-2] [INFO] [1749138721.825882331] [publish_wind_direction]: Publishing: "id68:S"
[publish_wind_direction-2] [INFO] [1749138726.657162661] [publish_wind_direction]: Vicon Position= [337.7170104980469, 451.4167785644531]
[publish_wind_direction-2] [INFO] [1749138726.660161976] [publish_wind_direction]: Neighbourhood size: 7
[publish_wind_direction-2] [INFO] [1749138726.825864810] [publish_wind_direction]: Publishing: "id68:S"
[publish_wind_direction-2] [INFO] [1749138731.825814177] [publish_wind_direction]: Publishing: "id68:S"
[publish_wind_direction-2] [INFO] [1749138733.390508472] [publish_wind_direction]: Vicon Position= [346.68670654296875, 583.292236328125]
[publish_wind_direction-2] [INFO] [1749138733.393180120] [publish_wind_direction]: Neighbourhood size: 7
[publish_wind_direction-2] [INFO] [1749138736.825693267] [publish_wind_direction]: Publishing: "id68:S"
[publish_wind_direction-2] [INFO] [1749138741.826192412] [publish_wind_direction]: Publishing: "id68:S"
[publish_wind_direction-2] [INFO] [1749138746.826191075] [publish_wind_direction]: Publishing: "id68:S"
[publish_wind_direction-2] [INFO] [1749138749.100698648] [publish_wind_direction]: Vicon Position= [634.7188720703125, 231.45965576171875]
[publish_wind_direction-2] [INFO] [1749138749.103857685] [publish_wind_direction]: Neighbourhood size: 6
[publish_wind_direction-2] [INFO] [1749138751.825998850] [publish_wind_direction]: Publishing: "id68:S"
[publish_wind_direction-2] [INFO] [1749138756.325791366] [publish_wind_direction]: Vicon Position= [901.2430419921875, -282.2764587402344]
[publish_wind_direction-2] [INFO] [1749138756.328719292] [publish_wind_direction]: Neighbourhood size: 6
[publish_wind_direction-2] [INFO] [1749138756.826184088] [publish_wind_direction]: Publishing: "id68:S"
[publish_wind_direction-2] [INFO] [1749138761.826117270] [publish_wind_direction]: Publishing: "id68:S"
[publish_wind_direction-2] [INFO] [1749138763.700724751] [publish_wind_direction]: Vicon Position= [892.7390747070312, -305.98992919921875]
[publish_wind_direction-2] [INFO] [1749138763.703637621] [publish_wind_direction]: Neighbourhood size: 6
[publish_wind_direction-2] [INFO] [1749138766.826131156] [publish_wind_direction]: Publishing: "id68:S"
[publish_wind_direction-2] [INFO] [1749138771.826201672] [publish_wind_direction]: Publishing: "id68:S"
[publish_wind_direction-2] [INFO] [1749138776.826103669] [publish_wind_direction]: Publishing: "id68:S"
[publish_wind_direction-2] [INFO] [1749138778.708914556] [publish_wind_direction]: Vicon Position= [847.0745239257812, -341.64593505859375]
[publish_wind_direction-2] [INFO] [1749138778.711808686] [publish_wind_direction]: Neighbourhood size: 6
[publish_wind_direction-2] [INFO] [1749138781.826136684] [publish_wind_direction]: Publishing: "id68:S"
[publish_wind_direction-2] [INFO] [1749138786.826178274] [publish_wind_direction]: Publishing: "id68:S"
[publish_wind_direction-2] [INFO] [1749138791.826051586] [publish_wind_direction]: Publishing: "id68:S"
[publish_wind_direction-2] [INFO] [1749138793.619737918] [publish_wind_direction]: Vicon Position= [681.5856323242188, -480.3631591796875]
[publish_wind_direction-2] [INFO] [1749138793.622792344] [publish_wind_direction]: Neighbourhood size: 4
[publish_wind_direction-2] [INFO] [1749138796.826142786] [publish_wind_direction]: Publishing: "id68:S"
[publish_wind_direction-2] [INFO] [1749138801.826203043] [publish_wind_direction]: Publishing: "id68:S"
[publish_wind_direction-2] [INFO] [1749138802.966136079] [publish_wind_direction]: Vicon Position= [749.8109741210938, -512.03759765625]
[publish_wind_direction-2] [INFO] [1749138802.969264672] [publish_wind_direction]: Neighbourhood size: 4
[publish_wind_direction-2] [INFO] [1749138806.826115706] [publish_wind_direction]: Publishing: "id68:S"
[publish_wind_direction-2] [INFO] [1749138811.826569611] [publish_wind_direction]: Publishing: "id68:S"
[publish_wind_direction-2] [INFO] [1749138816.825966978] [publish_wind_direction]: Publishing: "id68:S"
[publish_wind_direction-2] [INFO] [1749138821.826080864] [publish_wind_direction]: Publishing: "id68:S"
[publish_wind_direction-2] [INFO] [1749138825.395721584] [publish_wind_direction]: Vicon Position= [98.67829132080078, -462.4062805175781]
[publish_wind_direction-2] [INFO] [1749138825.398397103] [publish_wind_direction]: Neighbourhood size: 5
[publish_wind_direction-2] [INFO] [1749138826.826182398] [publish_wind_direction]: Publishing: "id68:S"
[publish_wind_direction-2] [INFO] [1749138831.826146303] [publish_wind_direction]: Publishing: "id68:S"
[publish_wind_direction-2] [INFO] [1749138836.826149207] [publish_wind_direction]: Publishing: "id68:S"
[publish_wind_direction-2] [INFO] [1749138841.826388037] [publish_wind_direction]: Publishing: "id68:S"
[publish_wind_direction-2] [INFO] [1749138846.826180127] [publish_wind_direction]: Publishing: "id68:S"
[publish_wind_direction-2] [INFO] [1749138851.826253309] [publish_wind_direction]: Publishing: "id68:S"
[publish_wind_direction-2] [INFO] [1749138852.003685439] [publish_wind_direction]: Vicon Position= [-125.05706787109375, -565.311767578125]
[publish_wind_direction-2] [INFO] [1749138852.007966957] [publish_wind_direction]: Neighbourhood size: 6
[publish_wind_direction-2] [INFO] [1749138856.826140510] [publish_wind_direction]: Publishing: "id68:S"
[publish_wind_direction-2] [INFO] [1749138859.268298119] [publish_wind_direction]: Vicon Position= [119.45832824707031, -396.9509582519531]
[publish_wind_direction-2] [INFO] [1749138859.271340601] [publish_wind_direction]: Neighbourhood size: 5
[publish_wind_direction-2] [INFO] [1749138861.826146840] [publish_wind_direction]: Publishing: "id68:S"
[publish_wind_direction-2] [INFO] [1749138862.415185340] [publish_wind_direction]: * Received from id136, wind direction W
[publish_wind_direction-2] [INFO] [1749138862.418036618] [publish_wind_direction]: Publisher, neighbours_by_id={'id236', 'id152', 'id207', 'id195', 'id189'}
[publish_wind_direction-2] [INFO] [1749138866.694044078] [publish_wind_direction]: ***Cam angle= -88.99144356183471, vico ang deg= 260.1787372799916 Ground Truth= 171.18729371815687
[publish_wind_direction-2] [INFO] [1749138866.696516226] [publish_wind_direction]: Publisher, Neighbourhood size: 5
[publish_wind_direction-2] [INFO] [1749138866.698864115] [publish_wind_direction]: Decision Making Triggered
[publish_wind_direction-2] [INFO] [1749138866.701264171] [publish_wind_direction]: Publisher, Neighbours Opinion: 0
[publish_wind_direction-2] [INFO] [1749138866.703726504] [publish_wind_direction]: Inside Decision Making, neighbours opinion: {}
[publish_wind_direction-2] [INFO] [1749138866.706073634] [publish_wind_direction]: Inside Decision Making, social opinions: {}
[publish_wind_direction-2] [INFO] [1749138866.826164282] [publish_wind_direction]: Publishing: "id68:N"
[publish_wind_direction-2] [INFO] [1749138867.631148855] [publish_wind_direction]: Vicon Position= [-495.5916442871094, -166.98597717285156]
[publish_wind_direction-2] [INFO] [1749138867.633924022] [publish_wind_direction]: Neighbourhood size: 7
[publish_wind_direction-2] [INFO] [1749138871.826199908] [publish_wind_direction]: Publishing: "id68:N"
[publish_wind_direction-2] [INFO] [1749138876.826133628] [publish_wind_direction]: Publishing: "id68:N"
[publish_wind_direction-2] [INFO] [1749138881.826149217] [publish_wind_direction]: Publishing: "id68:N"
[publish_wind_direction-2] [INFO] [1749138886.826452881] [publish_wind_direction]: Publishing: "id68:N"
[publish_wind_direction-2] [INFO] [1749138891.826069026] [publish_wind_direction]: Publishing: "id68:N"
[publish_wind_direction-2] [INFO] [1749138892.502654285] [publish_wind_direction]: Vicon Position= [-605.013916015625, -251.64703369140625]
[publish_wind_direction-2] [INFO] [1749138892.505937877] [publish_wind_direction]: Neighbourhood size: 5
[publish_wind_direction-2] [INFO] [1749138896.826582838] [publish_wind_direction]: Publishing: "id68:N"
[publish_wind_direction-2] [INFO] [1749138901.368626983] [publish_wind_direction]: Vicon Position= [-673.6149291992188, -589.1876831054688]
[publish_wind_direction-2] [INFO] [1749138901.372211946] [publish_wind_direction]: Neighbourhood size: 2
[publish_wind_direction-2] [INFO] [1749138901.826082205] [publish_wind_direction]: Publishing: "id68:N"
[publish_wind_direction-2] [INFO] [1749138906.826029499] [publish_wind_direction]: Publishing: "id68:N"
[publish_wind_direction-2] [INFO] [1749138911.826277662] [publish_wind_direction]: Publishing: "id68:N"
[publish_wind_direction-2] [INFO] [1749138916.826021381] [publish_wind_direction]: Publishing: "id68:N"
[publish_wind_direction-2] [INFO] [1749138921.826150841] [publish_wind_direction]: Publishing: "id68:N"
[publish_wind_direction-2] [INFO] [1749138922.503323415] [publish_wind_direction]: Vicon Position= [-527.7586059570312, -660.192138671875]
[publish_wind_direction-2] [INFO] [1749138922.506146248] [publish_wind_direction]: Neighbourhood size: 2
[publish_wind_direction-2] [INFO] [1749138926.826181320] [publish_wind_direction]: Publishing: "id68:N"
[publish_wind_direction-2] [INFO] [1749138929.550874559] [publish_wind_direction]: * Received from id136, wind direction W
[publish_wind_direction-2] [INFO] [1749138929.553795966] [publish_wind_direction]: Publisher, neighbours_by_id={'id142', 'id192'}
[publish_wind_direction-2] [INFO] [1749138933.457316853] [publish_wind_direction]: ***Cam angle= -50.10157664969421, vico ang deg= 92.4837821362027 Ground Truth= 42.3822054865085
[publish_wind_direction-2] [INFO] [1749138933.459738946] [publish_wind_direction]: Publisher, Neighbourhood size: 2
[publish_wind_direction-2] [INFO] [1749138933.464524353] [publish_wind_direction]: Publishing: "id68:N"
[publish_wind_direction-2] [INFO] [1749138934.114140242] [publish_wind_direction]: Vicon Position= [-166.38858032226562, -357.77398681640625]
[publish_wind_direction-2] [INFO] [1749138934.116967982] [publish_wind_direction]: Neighbourhood size: 6
[publish_wind_direction-2] [INFO] [1749138936.826206333] [publish_wind_direction]: Publishing: "id68:N"
[publish_wind_direction-2] [INFO] [1749138941.826490793] [publish_wind_direction]: Publishing: "id68:N"
[publish_wind_direction-2] [INFO] [1749138946.826020456] [publish_wind_direction]: Publishing: "id68:N"
[publish_wind_direction-2] [INFO] [1749138951.826125675] [publish_wind_direction]: Publishing: "id68:N"
[publish_wind_direction-2] [INFO] [1749138952.418832564] [publish_wind_direction]: Vicon Position= [-577.7391357421875, -665.7051391601562]
[publish_wind_direction-2] [INFO] [1749138952.421783342] [publish_wind_direction]: Neighbourhood size: 3
[publish_wind_direction-2] [INFO] [1749138956.826155321] [publish_wind_direction]: Publishing: "id68:N"
[publish_wind_direction-2] [INFO] [1749138961.826304558] [publish_wind_direction]: Publishing: "id68:N"
[publish_wind_direction-2] [INFO] [1749138962.918511539] [publish_wind_direction]: * Received from id136, wind direction W
[publish_wind_direction-2] [INFO] [1749138962.921511354] [publish_wind_direction]: Publisher, neighbours_by_id={'id195', 'id223', 'id192'}
[publish_wind_direction-2] [INFO] [1749138966.784448833] [publish_wind_direction]: ***Cam angle= -23.230082294343546, vico ang deg= 61.944395452704974 Ground Truth= 38.71431315836143
[publish_wind_direction-2] [INFO] [1749138966.786830981] [publish_wind_direction]: Publisher, Neighbourhood size: 3
[publish_wind_direction-2] [INFO] [1749138966.789198389] [publish_wind_direction]: Decision Making Triggered
[publish_wind_direction-2] [INFO] [1749138966.791575407] [publish_wind_direction]: Publisher, Neighbours Opinion: 0
[publish_wind_direction-2] [INFO] [1749138966.793919944] [publish_wind_direction]: Inside Decision Making, neighbours opinion: {}
[publish_wind_direction-2] [INFO] [1749138966.796311667] [publish_wind_direction]: Inside Decision Making, social opinions: {}
[publish_wind_direction-2] [INFO] [1749138966.800757407] [publish_wind_direction]: * Received from id136, wind direction W
[publish_wind_direction-2] [INFO] [1749138966.803342333] [publish_wind_direction]: Publisher, neighbours_by_id={'id195', 'id223', 'id192'}
[publish_wind_direction-2] [INFO] [1749138970.815980034] [publish_wind_direction]: ***Cam angle= -999.0, vico ang deg= 61.944395452704974 Ground Truth= 142.94439545270495
[publish_wind_direction-2] [INFO] [1749138970.818398627] [publish_wind_direction]: Publisher, Neighbourhood size: 3
[publish_wind_direction-2] [INFO] [1749138970.820888109] [publish_wind_direction]: Decision Making Triggered
[publish_wind_direction-2] [INFO] [1749138970.823282683] [publish_wind_direction]: Publisher, Neighbours Opinion: 0
[publish_wind_direction-2] [INFO] [1749138970.825626942] [publish_wind_direction]: Inside Decision Making, neighbours opinion: {}
[publish_wind_direction-2] [INFO] [1749138970.827987868] [publish_wind_direction]: Inside Decision Making, social opinions: {}
[publish_wind_direction-2] [INFO] [1749138970.833215979] [publish_wind_direction]: Publishing: "id68:E"
[publish_wind_direction-2] [INFO] [1749138970.837065368] [publish_wind_direction]: Vicon Position= [-967.8397827148438, 12.742431640625]
[publish_wind_direction-2] [INFO] [1749138970.839655275] [publish_wind_direction]: Neighbourhood size: 8
[publish_wind_direction-2] [INFO] [1749138971.826046275] [publish_wind_direction]: Publishing: "id68:E"
[publish_wind_direction-2] [INFO] [1749138976.826056920] [publish_wind_direction]: Publishing: "id68:E"
[publish_wind_direction-2] [INFO] [1749138977.514566679] [publish_wind_direction]: Vicon Position= [-132.53233337402344, 503.3271789550781]
[publish_wind_direction-2] [INFO] [1749138977.517523179] [publish_wind_direction]: Neighbourhood size: 6
[publish_wind_direction-2] [INFO] [1749138981.826188380] [publish_wind_direction]: Publishing: "id68:E"
[publish_wind_direction-2] [INFO] [1749138984.493761378] [publish_wind_direction]: Vicon Position= [-434.06341552734375, -157.7944793701172]
[publish_wind_direction-2] [INFO] [1749138984.496672693] [publish_wind_direction]: Neighbourhood size: 5
[publish_wind_direction-2] [INFO] [1749138986.826324914] [publish_wind_direction]: Publishing: "id68:E"
[publish_wind_direction-2] [INFO] [1749138991.826142485] [publish_wind_direction]: Publishing: "id68:E"
[publish_wind_direction-2] [INFO] [1749138996.826176519] [publish_wind_direction]: Publishing: "id68:E"
[publish_wind_direction-2] [INFO] [1749139000.881704461] [publish_wind_direction]: Vicon Position= [-565.7597045898438, 1249.798583984375]
[publish_wind_direction-2] [INFO] [1749139000.884959646] [publish_wind_direction]: Neighbourhood size: 5
[publish_wind_direction-2] [INFO] [1749139001.826578535] [publish_wind_direction]: Publishing: "id68:E"
[publish_wind_direction-2] [INFO] [1749139006.826117087] [publish_wind_direction]: Publishing: "id68:E"
[publish_wind_direction-2] [INFO] [1749139011.825947066] [publish_wind_direction]: Publishing: "id68:E"
[publish_wind_direction-2] [INFO] [1749139016.826163766] [publish_wind_direction]: Publishing: "id68:E"
[publish_wind_direction-2] [INFO] [1749139018.336126469] [publish_wind_direction]: Vicon Position= [-976.256591796875, 1059.239990234375]
[publish_wind_direction-2] [INFO] [1749139018.339013747] [publish_wind_direction]: Neighbourhood size: 2
[publish_wind_direction-2] [INFO] [1749139021.826152226] [publish_wind_direction]: Publishing: "id68:E"
[publish_wind_direction-2] [INFO] [1749139026.826175186] [publish_wind_direction]: Publishing: "id68:E"
[publish_wind_direction-2] [INFO] [1749139031.826126017] [publish_wind_direction]: Publishing: "id68:E"
[publish_wind_direction-2] [INFO] [1749139036.826665940] [publish_wind_direction]: Publishing: "id68:E"
[publish_wind_direction-2] [INFO] [1749139041.825875233] [publish_wind_direction]: Raising exception
[publish_wind_direction-2] [INFO] [1749139041.828967992] [publish_wind_direction]: Publisher stopping, exception
[INFO] [publish_wind_direction-2]: process has finished cleanly [pid 850]
[random_robot_move-1] [INFO] [1749139049.058043692] [random_robot_move]: Exception, shutting down
