[INFO] [launch]: All log files can be found below /home/thymio/.ros/log/2025-06-04-14-38-01-888530-thymio-817
[INFO] [launch]: Default logging verbosity is set to INFO
[INFO] [random_robot_move-1]: process started with pid [839]
[INFO] [publish_wind_direction-2]: process started with pid [841]
[publish_wind_direction-2] /usr/lib/python3/dist-packages/scipy/__init__.py:146: UserWarning: A NumPy version >=1.17.3 and <1.25.0 is required for this version of SciPy (detected version 1.26.4
[publish_wind_direction-2]   warnings.warn(f"A NumPy version >={np_minversion} and <{np_maxversion}"
[random_robot_move-1] [INFO] [1749047888.776442239] [random_robot_move]: Robot Control Node started.
[publish_wind_direction-2] [INFO] [1749047982.153640052] [publish_wind_direction]: Publishing: "id142:W"
[publish_wind_direction-2] [INFO] [1749047982.157629297] [publish_wind_direction]: Neighbourhood size: 0
[publish_wind_direction-2] [INFO] [1749047986.786982955] [publish_wind_direction]: ***Cam angle= 42.703978204355025, vico ang deg= 0.0 Ground Truth= 42.703978204355025
[publish_wind_direction-2] [INFO] [1749047986.789416325] [publish_wind_direction]: ***Corrected Wind Direction= N
[publish_wind_direction-2] [INFO] [1749047986.793472591] [publish_wind_direction]: Publishing: "id142:W"
[publish_wind_direction-2] [INFO] [1749047990.796022812] [publish_wind_direction]: ***Cam angle= -257.78426661672165, vico ang deg= 0.0 Ground Truth= 102.21573338327835
[publish_wind_direction-2] [INFO] [1749047990.798473869] [publish_wind_direction]: ***Corrected Wind Direction= W
[publish_wind_direction-2] [INFO] [1749047990.802517583] [publish_wind_direction]: Publishing: "id142:W"
[publish_wind_direction-2] [INFO] [1749047990.805611195] [publish_wind_direction]: Neighbourhood size: 0
[publish_wind_direction-2] [INFO] [1749047994.576969894] [publish_wind_direction]: ***Cam angle= -21.541561073638604, vico ang deg= 0.0 Ground Truth= 338.4584389263614
[publish_wind_direction-2] [INFO] [1749047994.579446545] [publish_wind_direction]: ***Corrected Wind Direction= N
[publish_wind_direction-2] [INFO] [1749047995.794453434] [publish_wind_direction]: Publishing: "id142:W"
[publish_wind_direction-2] [INFO] [1749047999.807574118] [publish_wind_direction]: ***Cam angle= -112.71152957810666, vico ang deg= 0.0 Ground Truth= 247.28847042189335
[publish_wind_direction-2] [INFO] [1749047999.811021114] [publish_wind_direction]: ***Corrected Wind Direction= E
[publish_wind_direction-2] [INFO] [1749048000.794459235] [publish_wind_direction]: Publishing: "id142:W"
[publish_wind_direction-2] [INFO] [1749048004.889077190] [publish_wind_direction]: ***Cam angle= -107.59819256441102, vico ang deg= 0.0 Ground Truth= 252.40180743558898
[publish_wind_direction-2] [INFO] [1749048004.892719016] [publish_wind_direction]: ***Corrected Wind Direction= E
[publish_wind_direction-2] [INFO] [1749048005.794366689] [publish_wind_direction]: Publishing: "id142:W"
[publish_wind_direction-2] [INFO] [1749048009.963606108] [publish_wind_direction]: ***Cam angle= -999.0, vico ang deg= 0.0 Ground Truth= 81.0
[publish_wind_direction-2] [INFO] [1749048009.966005785] [publish_wind_direction]: ***Corrected Wind Direction= W
[publish_wind_direction-2] [INFO] [1749048010.794417640] [publish_wind_direction]: Publishing: "id142:W"
[publish_wind_direction-2] [INFO] [1749048014.540223118] [publish_wind_direction]: ***Cam angle= -999.0, vico ang deg= 0.0 Ground Truth= 81.0
[publish_wind_direction-2] [INFO] [1749048014.542660165] [publish_wind_direction]: ***Corrected Wind Direction= W
[publish_wind_direction-2] [INFO] [1749048015.794500576] [publish_wind_direction]: Publishing: "id142:W"
[publish_wind_direction-2] [INFO] [1749048019.573340075] [publish_wind_direction]: ***Cam angle= -12.475475731906812, vico ang deg= 0.0 Ground Truth= 347.52452426809316
[publish_wind_direction-2] [INFO] [1749048019.575849289] [publish_wind_direction]: ***Corrected Wind Direction= N
[publish_wind_direction-2] [INFO] [1749048020.794473942] [publish_wind_direction]: Publishing: "id142:W"
[publish_wind_direction-2] [INFO] [1749048024.502468805] [publish_wind_direction]: ***Cam angle= -171.3360090507619, vico ang deg= 0.0 Ground Truth= 188.6639909492381
[publish_wind_direction-2] [INFO] [1749048024.505992086] [publish_wind_direction]: ***Corrected Wind Direction= S
[publish_wind_direction-2] [INFO] [1749048025.794465547] [publish_wind_direction]: Publishing: "id142:W"
[publish_wind_direction-2] [INFO] [1749048029.834340113] [publish_wind_direction]: ***Cam angle= 19.405915788453242, vico ang deg= 0.0 Ground Truth= 19.405915788453242
[publish_wind_direction-2] [INFO] [1749048029.836854290] [publish_wind_direction]: ***Corrected Wind Direction= N
[publish_wind_direction-2] [INFO] [1749048030.794513681] [publish_wind_direction]: Publishing: "id142:W"
[publish_wind_direction-2] [INFO] [1749048034.592194357] [publish_wind_direction]: ***Cam angle= -999.0, vico ang deg= 0.0 Ground Truth= 81.0
[publish_wind_direction-2] [INFO] [1749048034.595641105] [publish_wind_direction]: ***Corrected Wind Direction= W
[publish_wind_direction-2] [INFO] [1749048035.794687116] [publish_wind_direction]: Publishing: "id142:W"
[publish_wind_direction-2] [INFO] [1749048039.580638125] [publish_wind_direction]: ***Cam angle= -37.90140418672285, vico ang deg= 0.0 Ground Truth= 322.09859581327714
[publish_wind_direction-2] [INFO] [1749048039.583116842] [publish_wind_direction]: ***Corrected Wind Direction= N
[publish_wind_direction-2] [INFO] [1749048040.794659431] [publish_wind_direction]: Publishing: "id142:W"
[publish_wind_direction-2] [INFO] [1749048044.556230011] [publish_wind_direction]: ***Cam angle= -35.96540855928541, vico ang deg= 0.0 Ground Truth= 324.0345914407146
[publish_wind_direction-2] [INFO] [1749048044.558620008] [publish_wind_direction]: ***Corrected Wind Direction= N
[publish_wind_direction-2] [INFO] [1749048045.794603350] [publish_wind_direction]: Publishing: "id142:W"
[publish_wind_direction-2] [INFO] [1749048049.578972110] [publish_wind_direction]: ***Cam angle= -32.72769367566102, vico ang deg= 0.0 Ground Truth= 327.27230632433896
[publish_wind_direction-2] [INFO] [1749048049.582471415] [publish_wind_direction]: ***Corrected Wind Direction= N
[publish_wind_direction-2] [INFO] [1749048050.794582444] [publish_wind_direction]: Publishing: "id142:W"
[publish_wind_direction-2] [INFO] [1749048054.811915771] [publish_wind_direction]: ***Cam angle= 47.21795754939649, vico ang deg= 0.0 Ground Truth= 47.21795754939649
[publish_wind_direction-2] [INFO] [1749048054.814309306] [publish_wind_direction]: ***Corrected Wind Direction= W
[publish_wind_direction-2] [INFO] [1749048055.794517234] [publish_wind_direction]: Publishing: "id142:W"
[publish_wind_direction-2] [INFO] [1749048059.827665243] [publish_wind_direction]: ***Cam angle= -999.0, vico ang deg= 0.0 Ground Truth= 81.0
[publish_wind_direction-2] [INFO] [1749048059.830059871] [publish_wind_direction]: ***Corrected Wind Direction= W
[publish_wind_direction-2] [INFO] [1749048060.794525310] [publish_wind_direction]: Publishing: "id142:W"
[publish_wind_direction-2] [INFO] [1749048064.567231617] [publish_wind_direction]: ***Cam angle= -77.75945856949089, vico ang deg= 0.0 Ground Truth= 282.2405414305091
[publish_wind_direction-2] [INFO] [1749048064.569694114] [publish_wind_direction]: ***Corrected Wind Direction= E
[publish_wind_direction-2] [INFO] [1749048065.794585116] [publish_wind_direction]: Publishing: "id142:W"
[publish_wind_direction-2] [INFO] [1749048069.543757875] [publish_wind_direction]: ***Cam angle= -48.439847603792366, vico ang deg= 0.0 Ground Truth= 311.5601523962076
[publish_wind_direction-2] [INFO] [1749048069.546198595] [publish_wind_direction]: ***Corrected Wind Direction= E
[publish_wind_direction-2] [INFO] [1749048070.794464780] [publish_wind_direction]: Publishing: "id142:W"
[publish_wind_direction-2] [INFO] [1749048074.562451252] [publish_wind_direction]: ***Cam angle= -1.6675519272336032, vico ang deg= 0.0 Ground Truth= 358.3324480727664
[publish_wind_direction-2] [INFO] [1749048074.565948780] [publish_wind_direction]: ***Corrected Wind Direction= N
[publish_wind_direction-2] [INFO] [1749048075.794450562] [publish_wind_direction]: Publishing: "id142:W"
[publish_wind_direction-2] [INFO] [1749048079.702387336] [publish_wind_direction]: ***Cam angle= 89.02628680344566, vico ang deg= 0.0 Ground Truth= 89.02628680344566
[publish_wind_direction-2] [INFO] [1749048079.704903870] [publish_wind_direction]: ***Corrected Wind Direction= W
[publish_wind_direction-2] [INFO] [1749048080.794478534] [publish_wind_direction]: Publishing: "id142:W"
[publish_wind_direction-2] [INFO] [1749048084.514227750] [publish_wind_direction]: ***Cam angle= 7.383367350658432, vico ang deg= 0.0 Ground Truth= 7.383367350658432
[publish_wind_direction-2] [INFO] [1749048084.517703613] [publish_wind_direction]: ***Corrected Wind Direction= N
[publish_wind_direction-2] [INFO] [1749048085.794464593] [publish_wind_direction]: Publishing: "id142:W"
[publish_wind_direction-2] [INFO] [1749048089.533633763] [publish_wind_direction]: ***Cam angle= 18.421960058474454, vico ang deg= 0.0 Ground Truth= 18.421960058474454
[publish_wind_direction-2] [INFO] [1749048089.536121242] [publish_wind_direction]: ***Corrected Wind Direction= N
[publish_wind_direction-2] [INFO] [1749048090.794689560] [publish_wind_direction]: Publishing: "id142:W"
[publish_wind_direction-2] [INFO] [1749048094.542256602] [publish_wind_direction]: ***Cam angle= -49.69598256312873, vico ang deg= 0.0 Ground Truth= 310.3040174368713
[publish_wind_direction-2] [INFO] [1749048094.544751673] [publish_wind_direction]: ***Corrected Wind Direction= E
[publish_wind_direction-2] [INFO] [1749048095.794732760] [publish_wind_direction]: Publishing: "id142:W"
[publish_wind_direction-2] [INFO] [1749048099.548875971] [publish_wind_direction]: ***Cam angle= -999.0, vico ang deg= 0.0 Ground Truth= 81.0
[publish_wind_direction-2] [INFO] [1749048099.551357969] [publish_wind_direction]: ***Corrected Wind Direction= W
[publish_wind_direction-2] [INFO] [1749048100.794676957] [publish_wind_direction]: Publishing: "id142:W"
[publish_wind_direction-2] [INFO] [1749048104.825176752] [publish_wind_direction]: ***Cam angle= 13.282114458910627, vico ang deg= 0.0 Ground Truth= 13.282114458910627
[publish_wind_direction-2] [INFO] [1749048104.827667990] [publish_wind_direction]: ***Corrected Wind Direction= N
[publish_wind_direction-2] [INFO] [1749048105.794658140] [publish_wind_direction]: Publishing: "id142:W"
[publish_wind_direction-2] [INFO] [1749048109.787378477] [publish_wind_direction]: ***Cam angle= -242.10564856735772, vico ang deg= 0.0 Ground Truth= 117.89435143264228
[publish_wind_direction-2] [INFO] [1749048109.789829883] [publish_wind_direction]: ***Corrected Wind Direction= W
[publish_wind_direction-2] [INFO] [1749048110.794666416] [publish_wind_direction]: Publishing: "id142:W"
[publish_wind_direction-2] [INFO] [1749048114.535955266] [publish_wind_direction]: ***Cam angle= -999.0, vico ang deg= 0.0 Ground Truth= 81.0
[publish_wind_direction-2] [INFO] [1749048114.538358859] [publish_wind_direction]: ***Corrected Wind Direction= W
[publish_wind_direction-2] [INFO] [1749048115.794512586] [publish_wind_direction]: Publishing: "id142:W"
[publish_wind_direction-2] [INFO] [1749048119.528958353] [publish_wind_direction]: ***Cam angle= -44.74144021029502, vico ang deg= 0.0 Ground Truth= 315.258559789705
[publish_wind_direction-2] [INFO] [1749048119.531453387] [publish_wind_direction]: ***Corrected Wind Direction= N
[publish_wind_direction-2] [INFO] [1749048120.794734342] [publish_wind_direction]: Publishing: "id142:W"
[publish_wind_direction-2] [INFO] [1749048124.496231695] [publish_wind_direction]: ***Cam angle= -59.64265098903856, vico ang deg= 0.0 Ground Truth= 300.35734901096146
[publish_wind_direction-2] [INFO] [1749048124.498616269] [publish_wind_direction]: ***Corrected Wind Direction= E
[publish_wind_direction-2] [INFO] [1749048125.794979271] [publish_wind_direction]: Publishing: "id142:W"
[publish_wind_direction-2] [INFO] [1749048129.512073074] [publish_wind_direction]: ***Cam angle= -259.68243535864025, vico ang deg= 0.0 Ground Truth= 100.31756464135975
[publish_wind_direction-2] [INFO] [1749048129.514516165] [publish_wind_direction]: ***Corrected Wind Direction= W
[publish_wind_direction-2] [INFO] [1749048130.794462195] [publish_wind_direction]: Publishing: "id142:W"
[publish_wind_direction-2] [INFO] [1749048134.875506653] [publish_wind_direction]: ***Cam angle= 43.98795221936757, vico ang deg= 0.0 Ground Truth= 43.98795221936757
[publish_wind_direction-2] [INFO] [1749048134.878916759] [publish_wind_direction]: ***Corrected Wind Direction= N
[publish_wind_direction-2] [INFO] [1749048135.794485924] [publish_wind_direction]: Publishing: "id142:W"
[publish_wind_direction-2] [INFO] [1749048139.777516550] [publish_wind_direction]: ***Cam angle= 84.54757723577461, vico ang deg= 0.0 Ground Truth= 84.54757723577461
[publish_wind_direction-2] [INFO] [1749048139.780155914] [publish_wind_direction]: ***Corrected Wind Direction= W
[publish_wind_direction-2] [INFO] [1749048140.794533741] [publish_wind_direction]: Publishing: "id142:W"
[publish_wind_direction-2] [INFO] [1749048144.736730200] [publish_wind_direction]: ***Cam angle= 52.139079465544825, vico ang deg= 0.0 Ground Truth= 52.139079465544825
[publish_wind_direction-2] [INFO] [1749048144.739228012] [publish_wind_direction]: ***Corrected Wind Direction= W
[publish_wind_direction-2] [INFO] [1749048145.794815002] [publish_wind_direction]: Publishing: "id142:W"
[publish_wind_direction-2] [INFO] [1749048149.732183991] [publish_wind_direction]: ***Cam angle= 20.965517358356195, vico ang deg= 0.0 Ground Truth= 20.965517358356195
[publish_wind_direction-2] [INFO] [1749048149.734513863] [publish_wind_direction]: ***Corrected Wind Direction= N
[publish_wind_direction-2] [INFO] [1749048150.794515573] [publish_wind_direction]: Publishing: "id142:W"
[publish_wind_direction-2] [INFO] [1749048154.795909049] [publish_wind_direction]: ***Cam angle= -5.1757078056601955, vico ang deg= 0.0 Ground Truth= 354.8242921943398
[publish_wind_direction-2] [INFO] [1749048154.799364876] [publish_wind_direction]: ***Corrected Wind Direction= N
[publish_wind_direction-2] [INFO] [1749048155.794459263] [publish_wind_direction]: Publishing: "id142:W"
[publish_wind_direction-2] [INFO] [1749048159.505729333] [publish_wind_direction]: ***Cam angle= 8.624202536338586, vico ang deg= 0.0 Ground Truth= 8.624202536338586
[publish_wind_direction-2] [INFO] [1749048159.508191961] [publish_wind_direction]: ***Corrected Wind Direction= N
[publish_wind_direction-2] [INFO] [1749048160.794533791] [publish_wind_direction]: Publishing: "id142:W"
[publish_wind_direction-2] [INFO] [1749048164.471032313] [publish_wind_direction]: ***Cam angle= 19.71764697148525, vico ang deg= 0.0 Ground Truth= 19.71764697148525
[publish_wind_direction-2] [INFO] [1749048164.473441331] [publish_wind_direction]: ***Corrected Wind Direction= N
[publish_wind_direction-2] [INFO] [1749048165.794492844] [publish_wind_direction]: Publishing: "id142:W"
[publish_wind_direction-2] [INFO] [1749048169.605150830] [publish_wind_direction]: ***Cam angle= 3.82202316704101, vico ang deg= 0.0 Ground Truth= 3.82202316704101
[publish_wind_direction-2] [INFO] [1749048169.607605995] [publish_wind_direction]: ***Corrected Wind Direction= N
[publish_wind_direction-2] [INFO] [1749048170.794496101] [publish_wind_direction]: Publishing: "id142:W"
[publish_wind_direction-2] [INFO] [1749048174.610175872] [publish_wind_direction]: ***Cam angle= 32.635187974191695, vico ang deg= 0.0 Ground Truth= 32.635187974191695
[publish_wind_direction-2] [INFO] [1749048174.613732642] [publish_wind_direction]: ***Corrected Wind Direction= N
[publish_wind_direction-2] [INFO] [1749048175.794566929] [publish_wind_direction]: Publishing: "id142:W"
[publish_wind_direction-2] [INFO] [1749048179.527485553] [publish_wind_direction]: ***Cam angle= -999.0, vico ang deg= 0.0 Ground Truth= 81.0
[publish_wind_direction-2] [INFO] [1749048179.529897590] [publish_wind_direction]: ***Corrected Wind Direction= W
[publish_wind_direction-2] [INFO] [1749048180.794488330] [publish_wind_direction]: Publishing: "id142:W"
[publish_wind_direction-2] [INFO] [1749048184.517315974] [publish_wind_direction]: ***Cam angle= -218.18069576216521, vico ang deg= 0.0 Ground Truth= 141.81930423783479
[publish_wind_direction-2] [INFO] [1749048184.519923599] [publish_wind_direction]: ***Corrected Wind Direction= S
[publish_wind_direction-2] [INFO] [1749048185.794518907] [publish_wind_direction]: Publishing: "id142:W"
[publish_wind_direction-2] [INFO] [1749048189.576783091] [publish_wind_direction]: ***Cam angle= -54.1108266608474, vico ang deg= 0.0 Ground Truth= 305.8891733391526
[publish_wind_direction-2] [INFO] [1749048189.580242214] [publish_wind_direction]: ***Corrected Wind Direction= E
[publish_wind_direction-2] [INFO] [1749048190.793946638] [publish_wind_direction]: Raising exception
[publish_wind_direction-2] [INFO] [1749048190.796976216] [publish_wind_direction]: Publisher stopping, exception
[INFO] [publish_wind_direction-2]: process has finished cleanly [pid 841]
[random_robot_move-1] [INFO] [1749048200.739039869] [random_robot_move]: Exception, shutting down
