[0.390s] Invoking command in '/home/nomaan/ros2_ws/src/move_talk': PYTHONPATH=/home/nomaan/ros2_ws/build/move_talk/prefix_override:/usr/lib/python3/dist-packages/colcon_core/task/python/colcon_distutils_commands:/home/nomaan/ros2_ws/install/move_talk/lib/python3.10/site-packages:${PYTHONPATH} /usr/bin/python3 -W ignore:setup.py install is deprecated -W ignore:easy_install command is deprecated setup.py egg_info --egg-base ../../build/move_talk build --build-base /home/nomaan/ros2_ws/build/move_talk/build install --record /home/nomaan/ros2_ws/build/move_talk/install.log --single-version-externally-managed install_data
[0.529s] running egg_info
[0.530s] writing ../../build/move_talk/move_talk.egg-info/PKG-INFO
[0.530s] writing dependency_links to ../../build/move_talk/move_talk.egg-info/dependency_links.txt
[0.530s] writing entry points to ../../build/move_talk/move_talk.egg-info/entry_points.txt
[0.530s] writing requirements to ../../build/move_talk/move_talk.egg-info/requires.txt
[0.530s] writing top-level names to ../../build/move_talk/move_talk.egg-info/top_level.txt
[0.531s] reading manifest file '../../build/move_talk/move_talk.egg-info/SOURCES.txt'
[0.531s] adding license file 'LICENSE'
[0.532s] writing manifest file '../../build/move_talk/move_talk.egg-info/SOURCES.txt'
[0.532s] running build
[0.532s] running build_py
[0.532s] copying move_talk/move_sense_pub.py -> /home/nomaan/ros2_ws/build/move_talk/build/lib/move_talk
[0.532s] copying move_talk/__init__.py -> /home/nomaan/ros2_ws/build/move_talk/build/lib/move_talk
[0.532s] running install
[0.532s] running install_lib
[0.533s] copying /home/nomaan/ros2_ws/build/move_talk/build/lib/move_talk/move_sense_pub.py -> /home/nomaan/ros2_ws/install/move_talk/lib/python3.10/site-packages/move_talk
[0.533s] copying /home/nomaan/ros2_ws/build/move_talk/build/lib/move_talk/__init__.py -> /home/nomaan/ros2_ws/install/move_talk/lib/python3.10/site-packages/move_talk
[0.533s] byte-compiling /home/nomaan/ros2_ws/install/move_talk/lib/python3.10/site-packages/move_talk/move_sense_pub.py to move_sense_pub.cpython-310.pyc
[0.533s] byte-compiling /home/nomaan/ros2_ws/install/move_talk/lib/python3.10/site-packages/move_talk/__init__.py to __init__.cpython-310.pyc
[0.534s] running install_data
[0.534s] copying resource/move_talk -> /home/nomaan/ros2_ws/install/move_talk/share/ament_index/resource_index/packages
[0.534s] copying package.xml -> /home/nomaan/ros2_ws/install/move_talk/share/move_talk
[0.534s] running install_egg_info
[0.535s] removing '/home/nomaan/ros2_ws/install/move_talk/lib/python3.10/site-packages/move_talk-0.0.0-py3.10.egg-info' (and everything under it)
[0.535s] Copying ../../build/move_talk/move_talk.egg-info to /home/nomaan/ros2_ws/install/move_talk/lib/python3.10/site-packages/move_talk-0.0.0-py3.10.egg-info
[0.536s] running install_scripts
[0.549s] writing list of installed files to '/home/nomaan/ros2_ws/build/move_talk/install.log'
[0.569s] Invoked command in '/home/nomaan/ros2_ws/src/move_talk' returned '0': PYTHONPATH=/home/nomaan/ros2_ws/build/move_talk/prefix_override:/usr/lib/python3/dist-packages/colcon_core/task/python/colcon_distutils_commands:/home/nomaan/ros2_ws/install/move_talk/lib/python3.10/site-packages:${PYTHONPATH} /usr/bin/python3 -W ignore:setup.py install is deprecated -W ignore:easy_install command is deprecated setup.py egg_info --egg-base ../../build/move_talk build --build-base /home/nomaan/ros2_ws/build/move_talk/build install --record /home/nomaan/ros2_ws/build/move_talk/install.log --single-version-externally-managed install_data
