[INFO] [launch]: All log files can be found below /home/thymio/.ros/log/2025-06-06-15-52-57-873348-thymio-818
[INFO] [launch]: Default logging verbosity is set to INFO
[INFO] [random_robot_move-1]: process started with pid [840]
[INFO] [publish_wind_direction-2]: process started with pid [842]
[publish_wind_direction-2] /usr/lib/python3/dist-packages/scipy/__init__.py:146: UserWarning: A NumPy version >=1.17.3 and <1.25.0 is required for this version of SciPy (detected version 1.26.4
[publish_wind_direction-2]   warnings.warn(f"A NumPy version >={np_minversion} and <{np_maxversion}"
[publish_wind_direction-2] [INFO] [1749225181.766960298] [publish_wind_direction]: Physical Ip=134.34.225.152, id=id152
[publish_wind_direction-2] [INFO] [1749225181.803084111] [publish_wind_direction]: Subscribed to: vicon/default/data
[random_robot_move-1] [INFO] [1749225184.714790250] [random_robot_move]: Robot Control Node started.
[publish_wind_direction-2] [INFO] [1749225186.791748600] [publish_wind_direction]: Publishing: "id152:E"
[publish_wind_direction-2] [INFO] [1749225191.791883534] [publish_wind_direction]: Publishing: "id152:E"
[publish_wind_direction-2] [INFO] [1749225196.791702523] [publish_wind_direction]: Publishing: "id152:E"
[publish_wind_direction-2] [INFO] [1749225201.792130716] [publish_wind_direction]: Publishing: "id152:E"
[publish_wind_direction-2] [INFO] [1749225206.792459983] [publish_wind_direction]: Publishing: "id152:E"
[publish_wind_direction-2] [INFO] [1749225211.792204300] [publish_wind_direction]: Publishing: "id152:E"
[publish_wind_direction-2] [INFO] [1749225216.792493395] [publish_wind_direction]: Publishing: "id152:E"
[publish_wind_direction-2] [INFO] [1749225221.792082637] [publish_wind_direction]: Publishing: "id152:E"
[publish_wind_direction-2] [INFO] [1749225226.792067644] [publish_wind_direction]: Publishing: "id152:E"
[publish_wind_direction-2] [INFO] [1749225231.792249468] [publish_wind_direction]: Publishing: "id152:E"
[publish_wind_direction-2] [INFO] [1749225236.792376031] [publish_wind_direction]: Publishing: "id152:E"
[publish_wind_direction-2] [INFO] [1749225241.792246504] [publish_wind_direction]: Publishing: "id152:E"
[publish_wind_direction-2] [INFO] [1749225246.792247487] [publish_wind_direction]: Publishing: "id152:E"
[publish_wind_direction-2] [INFO] [1749225251.792360383] [publish_wind_direction]: Publishing: "id152:E"
[publish_wind_direction-2] [INFO] [1749225256.792003873] [publish_wind_direction]: Publishing: "id152:E"
[publish_wind_direction-2] [INFO] [1749225261.792298422] [publish_wind_direction]: Publishing: "id152:E"
[publish_wind_direction-2] [INFO] [1749225266.792336443] [publish_wind_direction]: Publishing: "id152:E"
[publish_wind_direction-2] [INFO] [1749225271.792195273] [publish_wind_direction]: Publishing: "id152:E"
[publish_wind_direction-2] [INFO] [1749225276.792162952] [publish_wind_direction]: Publishing: "id152:E"
[publish_wind_direction-2] [INFO] [1749225281.792113840] [publish_wind_direction]: Publishing: "id152:E"
[publish_wind_direction-2] [INFO] [1749225286.792110938] [publish_wind_direction]: Publishing: "id152:E"
[publish_wind_direction-2] [INFO] [1749225291.792072969] [publish_wind_direction]: Publishing: "id152:E"
[publish_wind_direction-2] [INFO] [1749225296.792106692] [publish_wind_direction]: Publishing: "id152:E"
[publish_wind_direction-2] [INFO] [1749225301.792158260] [publish_wind_direction]: Publishing: "id152:E"
[publish_wind_direction-2] [INFO] [1749225306.792171192] [publish_wind_direction]: Publishing: "id152:E"
[publish_wind_direction-2] [INFO] [1749225311.792085568] [publish_wind_direction]: Publishing: "id152:E"
[publish_wind_direction-2] [INFO] [1749225316.792103784] [publish_wind_direction]: Publishing: "id152:E"
[publish_wind_direction-2] [INFO] [1749225321.792176418] [publish_wind_direction]: Publishing: "id152:E"
[publish_wind_direction-2] [INFO] [1749225326.792252107] [publish_wind_direction]: Publishing: "id152:E"
[publish_wind_direction-2] [INFO] [1749225331.792113904] [publish_wind_direction]: Publishing: "id152:E"
[publish_wind_direction-2] [INFO] [1749225336.791997319] [publish_wind_direction]: Publishing: "id152:E"
[publish_wind_direction-2] [INFO] [1749225341.792032493] [publish_wind_direction]: Publishing: "id152:E"
[publish_wind_direction-2] [INFO] [1749225346.792144350] [publish_wind_direction]: Publishing: "id152:E"
[publish_wind_direction-2] [INFO] [1749225351.792120849] [publish_wind_direction]: Publishing: "id152:E"
[publish_wind_direction-2] [INFO] [1749225356.792093497] [publish_wind_direction]: Publishing: "id152:E"
[publish_wind_direction-2] [INFO] [1749225361.791928104] [publish_wind_direction]: Publishing: "id152:E"
[publish_wind_direction-2] [INFO] [1749225366.792139874] [publish_wind_direction]: Publishing: "id152:E"
[publish_wind_direction-2] [INFO] [1749225371.792101011] [publish_wind_direction]: Publishing: "id152:E"
[publish_wind_direction-2] [INFO] [1749225376.792073438] [publish_wind_direction]: Publishing: "id152:E"
[publish_wind_direction-2] [INFO] [1749225381.792045402] [publish_wind_direction]: Publishing: "id152:E"
[publish_wind_direction-2] [INFO] [1749225386.792091421] [publish_wind_direction]: Publishing: "id152:E"
[publish_wind_direction-2] [INFO] [1749225391.792111065] [publish_wind_direction]: Publishing: "id152:E"
[publish_wind_direction-2] [INFO] [1749225396.792110479] [publish_wind_direction]: Publishing: "id152:E"
[publish_wind_direction-2] [INFO] [1749225401.792104598] [publish_wind_direction]: Publishing: "id152:E"
[publish_wind_direction-2] [INFO] [1749225406.792113803] [publish_wind_direction]: Publishing: "id152:E"
[publish_wind_direction-2] [INFO] [1749225411.792166819] [publish_wind_direction]: Publishing: "id152:E"
[publish_wind_direction-2] [INFO] [1749225416.792076333] [publish_wind_direction]: Publishing: "id152:E"
[publish_wind_direction-2] [INFO] [1749225421.792026845] [publish_wind_direction]: Publishing: "id152:E"
[publish_wind_direction-2] [INFO] [1749225426.792076233] [publish_wind_direction]: Publishing: "id152:E"
[publish_wind_direction-2] [INFO] [1749225431.791899846] [publish_wind_direction]: Publishing: "id152:E"
[publish_wind_direction-2] [INFO] [1749225436.792045075] [publish_wind_direction]: Publishing: "id152:E"
[publish_wind_direction-2] [INFO] [1749225441.792073159] [publish_wind_direction]: Publishing: "id152:E"
[publish_wind_direction-2] [INFO] [1749225446.792314896] [publish_wind_direction]: Publishing: "id152:E"
[publish_wind_direction-2] [INFO] [1749225451.792106210] [publish_wind_direction]: Publishing: "id152:E"
[publish_wind_direction-2] [INFO] [1749225456.792096424] [publish_wind_direction]: Publishing: "id152:E"
[publish_wind_direction-2] [INFO] [1749225461.791904451] [publish_wind_direction]: Publishing: "id152:E"
[publish_wind_direction-2] [INFO] [1749225466.792053420] [publish_wind_direction]: Publishing: "id152:E"
[publish_wind_direction-2] [INFO] [1749225471.792071046] [publish_wind_direction]: Publishing: "id152:E"
[publish_wind_direction-2] [INFO] [1749225476.791971731] [publish_wind_direction]: Publishing: "id152:E"
[publish_wind_direction-2] [INFO] [1749225481.792102893] [publish_wind_direction]: Publishing: "id152:E"
[publish_wind_direction-2] [INFO] [1749225486.791963617] [publish_wind_direction]: Publishing: "id152:E"
[publish_wind_direction-2] [INFO] [1749225491.792067459] [publish_wind_direction]: Publishing: "id152:E"
[publish_wind_direction-2] [INFO] [1749225496.792081699] [publish_wind_direction]: Publishing: "id152:E"
[publish_wind_direction-2] [INFO] [1749225501.792516172] [publish_wind_direction]: Publishing: "id152:E"
[publish_wind_direction-2] [INFO] [1749225506.792287514] [publish_wind_direction]: Publishing: "id152:E"
[publish_wind_direction-2] [INFO] [1749225511.792212243] [publish_wind_direction]: Publishing: "id152:E"
[publish_wind_direction-2] [INFO] [1749225516.792132122] [publish_wind_direction]: Publishing: "id152:E"
[publish_wind_direction-2] [INFO] [1749225521.792067142] [publish_wind_direction]: Publishing: "id152:E"
[publish_wind_direction-2] [INFO] [1749225526.792046435] [publish_wind_direction]: Publishing: "id152:E"
[publish_wind_direction-2] [INFO] [1749225531.792076204] [publish_wind_direction]: Publishing: "id152:E"
[publish_wind_direction-2] [INFO] [1749225536.792097273] [publish_wind_direction]: Publishing: "id152:E"
[publish_wind_direction-2] [INFO] [1749225541.792102276] [publish_wind_direction]: Publishing: "id152:E"
[publish_wind_direction-2] [INFO] [1749225546.791946249] [publish_wind_direction]: Publishing: "id152:E"
[publish_wind_direction-2] [INFO] [1749225551.792073654] [publish_wind_direction]: Publishing: "id152:E"
[publish_wind_direction-2] [INFO] [1749225556.792118526] [publish_wind_direction]: Publishing: "id152:E"
[publish_wind_direction-2] [INFO] [1749225561.792126361] [publish_wind_direction]: Publishing: "id152:E"
[publish_wind_direction-2] [INFO] [1749225566.792055569] [publish_wind_direction]: Publishing: "id152:E"
[publish_wind_direction-2] [INFO] [1749225571.792123281] [publish_wind_direction]: Publishing: "id152:E"
[publish_wind_direction-2] [INFO] [1749225576.792059744] [publish_wind_direction]: Publishing: "id152:E"
[publish_wind_direction-2] [INFO] [1749225581.792045739] [publish_wind_direction]: Publishing: "id152:E"
[publish_wind_direction-2] [INFO] [1749225586.792092073] [publish_wind_direction]: Publishing: "id152:E"
[publish_wind_direction-2] [INFO] [1749225591.792085360] [publish_wind_direction]: Publishing: "id152:E"
[publish_wind_direction-2] [INFO] [1749225596.792058360] [publish_wind_direction]: Publishing: "id152:E"
[publish_wind_direction-2] [INFO] [1749225601.792102288] [publish_wind_direction]: Publishing: "id152:E"
[publish_wind_direction-2] [INFO] [1749225606.792137147] [publish_wind_direction]: Publishing: "id152:E"
[publish_wind_direction-2] [INFO] [1749225611.792076942] [publish_wind_direction]: Publishing: "id152:E"
[publish_wind_direction-2] [INFO] [1749225616.792041410] [publish_wind_direction]: Publishing: "id152:E"
[publish_wind_direction-2] [INFO] [1749225621.792425409] [publish_wind_direction]: Publishing: "id152:E"
[publish_wind_direction-2] [INFO] [1749225626.792078588] [publish_wind_direction]: Publishing: "id152:E"
[publish_wind_direction-2] [INFO] [1749225631.792063305] [publish_wind_direction]: Publishing: "id152:E"
[publish_wind_direction-2] [INFO] [1749225636.792078433] [publish_wind_direction]: Publishing: "id152:E"
[publish_wind_direction-2] [INFO] [1749225641.792015988] [publish_wind_direction]: Publishing: "id152:E"
[publish_wind_direction-2] [INFO] [1749225646.792098841] [publish_wind_direction]: Publishing: "id152:E"
[publish_wind_direction-2] [INFO] [1749225651.792092350] [publish_wind_direction]: Publishing: "id152:E"
[publish_wind_direction-2] [INFO] [1749225656.792147162] [publish_wind_direction]: Publishing: "id152:E"
[publish_wind_direction-2] [INFO] [1749225661.792270420] [publish_wind_direction]: Publishing: "id152:E"
[publish_wind_direction-2] [INFO] [1749225666.792122518] [publish_wind_direction]: Publishing: "id152:E"
[publish_wind_direction-2] [INFO] [1749225671.792187344] [publish_wind_direction]: Publishing: "id152:E"
[publish_wind_direction-2] [INFO] [1749225676.792180797] [publish_wind_direction]: Publishing: "id152:E"
[publish_wind_direction-2] [INFO] [1749225681.792309460] [publish_wind_direction]: Publishing: "id152:E"
[publish_wind_direction-2] [INFO] [1749225686.792171313] [publish_wind_direction]: Publishing: "id152:E"
[publish_wind_direction-2] [INFO] [1749225691.792242431] [publish_wind_direction]: Publishing: "id152:E"
[publish_wind_direction-2] [INFO] [1749225696.792180671] [publish_wind_direction]: Publishing: "id152:E"
[publish_wind_direction-2] [INFO] [1749225701.792205628] [publish_wind_direction]: Publishing: "id152:E"
[publish_wind_direction-2] [INFO] [1749225706.792199655] [publish_wind_direction]: Publishing: "id152:E"
[publish_wind_direction-2] [INFO] [1749225711.792216060] [publish_wind_direction]: Publishing: "id152:E"
[publish_wind_direction-2] [INFO] [1749225716.793315182] [publish_wind_direction]: Publishing: "id152:E"
[publish_wind_direction-2] [INFO] [1749225721.792158766] [publish_wind_direction]: Publishing: "id152:E"
[publish_wind_direction-2] [INFO] [1749225726.792210302] [publish_wind_direction]: Publishing: "id152:E"
[publish_wind_direction-2] [INFO] [1749225731.792028047] [publish_wind_direction]: Publishing: "id152:E"
[publish_wind_direction-2] [INFO] [1749225736.792092520] [publish_wind_direction]: Publishing: "id152:E"
[publish_wind_direction-2] [INFO] [1749225741.792096986] [publish_wind_direction]: Publishing: "id152:E"
[publish_wind_direction-2] [INFO] [1749225746.792101471] [publish_wind_direction]: Publishing: "id152:E"
[publish_wind_direction-2] [INFO] [1749225751.792116229] [publish_wind_direction]: Publishing: "id152:E"
[publish_wind_direction-2] [INFO] [1749225756.792104851] [publish_wind_direction]: Publishing: "id152:E"
[publish_wind_direction-2] [INFO] [1749225761.792104598] [publish_wind_direction]: Publishing: "id152:E"
[publish_wind_direction-2] [INFO] [1749225766.792075007] [publish_wind_direction]: Publishing: "id152:E"
[publish_wind_direction-2] [INFO] [1749225771.792367940] [publish_wind_direction]: Publishing: "id152:E"
[publish_wind_direction-2] [INFO] [1749225776.792076240] [publish_wind_direction]: Publishing: "id152:E"
[publish_wind_direction-2] [INFO] [1749225781.792126369] [publish_wind_direction]: Publishing: "id152:E"
[publish_wind_direction-2] [INFO] [1749225786.792129928] [publish_wind_direction]: Publishing: "id152:E"
[publish_wind_direction-2] [INFO] [1749225791.792040534] [publish_wind_direction]: Publishing: "id152:E"
[publish_wind_direction-2] [INFO] [1749225796.792076522] [publish_wind_direction]: Publishing: "id152:E"
[publish_wind_direction-2] [INFO] [1749225801.792068402] [publish_wind_direction]: Publishing: "id152:E"
[publish_wind_direction-2] [INFO] [1749225806.792077755] [publish_wind_direction]: Publishing: "id152:E"
[publish_wind_direction-2] [INFO] [1749225811.791997301] [publish_wind_direction]: Publishing: "id152:E"
[publish_wind_direction-2] [INFO] [1749225816.792071750] [publish_wind_direction]: Publishing: "id152:E"
[publish_wind_direction-2] [INFO] [1749225821.792080585] [publish_wind_direction]: Publishing: "id152:E"
[publish_wind_direction-2] [INFO] [1749225826.791927315] [publish_wind_direction]: Publishing: "id152:E"
[publish_wind_direction-2] [INFO] [1749225831.792045429] [publish_wind_direction]: Publishing: "id152:E"
[publish_wind_direction-2] [INFO] [1749225836.792120637] [publish_wind_direction]: Publishing: "id152:E"
[publish_wind_direction-2] [INFO] [1749225841.792073759] [publish_wind_direction]: Publishing: "id152:E"
[publish_wind_direction-2] [INFO] [1749225846.792280476] [publish_wind_direction]: Publishing: "id152:E"
[publish_wind_direction-2] [INFO] [1749225851.792682725] [publish_wind_direction]: Publishing: "id152:E"
[publish_wind_direction-2] [INFO] [1749225856.792199510] [publish_wind_direction]: Publishing: "id152:E"
[publish_wind_direction-2] [INFO] [1749225861.792127162] [publish_wind_direction]: Publishing: "id152:E"
[publish_wind_direction-2] [INFO] [1749225866.792001453] [publish_wind_direction]: Publishing: "id152:E"
[publish_wind_direction-2] [INFO] [1749225871.792368923] [publish_wind_direction]: Publishing: "id152:E"
[publish_wind_direction-2] [INFO] [1749225876.792155924] [publish_wind_direction]: Publishing: "id152:E"
[publish_wind_direction-2] [INFO] [1749225881.792219065] [publish_wind_direction]: Publishing: "id152:E"
[publish_wind_direction-2] [INFO] [1749225886.792204245] [publish_wind_direction]: Publishing: "id152:E"
[publish_wind_direction-2] [INFO] [1749225891.792212802] [publish_wind_direction]: Publishing: "id152:E"
[publish_wind_direction-2] [INFO] [1749225896.792230539] [publish_wind_direction]: Publishing: "id152:E"
[publish_wind_direction-2] [INFO] [1749225901.792139146] [publish_wind_direction]: Publishing: "id152:E"
[publish_wind_direction-2] [INFO] [1749225906.792133247] [publish_wind_direction]: Publishing: "id152:E"
[publish_wind_direction-2] [INFO] [1749225911.792093773] [publish_wind_direction]: Publishing: "id152:E"
[publish_wind_direction-2] [INFO] [1749225916.792084986] [publish_wind_direction]: Publishing: "id152:E"
[publish_wind_direction-2] [INFO] [1749225921.792090341] [publish_wind_direction]: Publishing: "id152:E"
[publish_wind_direction-2] [INFO] [1749225926.792087163] [publish_wind_direction]: Publishing: "id152:E"
[publish_wind_direction-2] [INFO] [1749225931.792052427] [publish_wind_direction]: Publishing: "id152:E"
[publish_wind_direction-2] [INFO] [1749225936.792747604] [publish_wind_direction]: Publishing: "id152:E"
[publish_wind_direction-2] [INFO] [1749225941.792070429] [publish_wind_direction]: Publishing: "id152:E"
[publish_wind_direction-2] [INFO] [1749225946.792035434] [publish_wind_direction]: Publishing: "id152:E"
[publish_wind_direction-2] [INFO] [1749225951.792059613] [publish_wind_direction]: Publishing: "id152:E"
[publish_wind_direction-2] [INFO] [1749225956.792087660] [publish_wind_direction]: Publishing: "id152:E"
[publish_wind_direction-2] [INFO] [1749225961.792048593] [publish_wind_direction]: Publishing: "id152:E"
[publish_wind_direction-2] [INFO] [1749225966.792229323] [publish_wind_direction]: Publishing: "id152:E"
[publish_wind_direction-2] [INFO] [1749225971.792365445] [publish_wind_direction]: Publishing: "id152:E"
[publish_wind_direction-2] [INFO] [1749225976.792050257] [publish_wind_direction]: Publishing: "id152:E"
[publish_wind_direction-2] [INFO] [1749225981.792185769] [publish_wind_direction]: Publishing: "id152:E"
[publish_wind_direction-2] [INFO] [1749225986.792028871] [publish_wind_direction]: Publishing: "id152:E"
[publish_wind_direction-2] [INFO] [1749225991.792106857] [publish_wind_direction]: Publishing: "id152:E"
[publish_wind_direction-2] [INFO] [1749225996.792199168] [publish_wind_direction]: Publishing: "id152:E"
[publish_wind_direction-2] [INFO] [1749226001.792210057] [publish_wind_direction]: Publishing: "id152:E"
[publish_wind_direction-2] [INFO] [1749226006.792232274] [publish_wind_direction]: Publishing: "id152:E"
[publish_wind_direction-2] [INFO] [1749226011.792210698] [publish_wind_direction]: Publishing: "id152:E"
[publish_wind_direction-2] [INFO] [1749226016.792246574] [publish_wind_direction]: Publishing: "id152:E"
[publish_wind_direction-2] [INFO] [1749226021.792214873] [publish_wind_direction]: Publishing: "id152:E"
[publish_wind_direction-2] [INFO] [1749226026.792234758] [publish_wind_direction]: Publishing: "id152:E"
[publish_wind_direction-2] [INFO] [1749226031.792272486] [publish_wind_direction]: Publishing: "id152:E"
[publish_wind_direction-2] [INFO] [1749226036.792225718] [publish_wind_direction]: Publishing: "id152:E"
[publish_wind_direction-2] [INFO] [1749226041.792158443] [publish_wind_direction]: Publishing: "id152:E"
[publish_wind_direction-2] [INFO] [1749226046.792191895] [publish_wind_direction]: Publishing: "id152:E"
[publish_wind_direction-2] [INFO] [1749226051.792296848] [publish_wind_direction]: Publishing: "id152:E"
[publish_wind_direction-2] [INFO] [1749226056.792195090] [publish_wind_direction]: Publishing: "id152:E"
[publish_wind_direction-2] [INFO] [1749226061.792199482] [publish_wind_direction]: Publishing: "id152:E"
[publish_wind_direction-2] [INFO] [1749226066.792240597] [publish_wind_direction]: Publishing: "id152:E"
[publish_wind_direction-2] [INFO] [1749226071.792512633] [publish_wind_direction]: Publishing: "id152:E"
[publish_wind_direction-2] [INFO] [1749226076.792102418] [publish_wind_direction]: Publishing: "id152:E"
[publish_wind_direction-2] [INFO] [1749226081.792523472] [publish_wind_direction]: Publishing: "id152:E"
[publish_wind_direction-2] [INFO] [1749226086.791704591] [publish_wind_direction]: Raising exception
[publish_wind_direction-2] [INFO] [1749226086.794602290] [publish_wind_direction]: Publisher stopping, exception
[INFO] [publish_wind_direction-2]: process has finished cleanly [pid 842]
[random_robot_move-1] [INFO] [1749226092.288507811] [random_robot_move]: Exception, shutting down
