[INFO] [launch]: All log files can be found below /home/thymio/.ros/log/2025-06-06-14-46-32-498526-thymio-821
[INFO] [launch]: Default logging verbosity is set to INFO
[INFO] [random_robot_move-1]: process started with pid [844]
[INFO] [publish_wind_direction-2]: process started with pid [846]
[publish_wind_direction-2] /usr/lib/python3/dist-packages/scipy/__init__.py:146: UserWarning: A NumPy version >=1.17.3 and <1.25.0 is required for this version of SciPy (detected version 1.26.4
[publish_wind_direction-2]   warnings.warn(f"A NumPy version >={np_minversion} and <{np_maxversion}"
[publish_wind_direction-2] [INFO] [1749221196.667664929] [publish_wind_direction]: Physical Ip=134.34.225.151, id=id151
[publish_wind_direction-2] [INFO] [1749221196.708936503] [publish_wind_direction]: Subscribed to: vicon/default/data
[random_robot_move-1] [INFO] [1749221198.648928780] [random_robot_move]: Robot Control Node started.
[publish_wind_direction-2] [INFO] [1749221201.696456648] [publish_wind_direction]: Publishing: "id151:S"
[publish_wind_direction-2] [INFO] [1749221206.695252997] [publish_wind_direction]: Publishing: "id151:S"
[publish_wind_direction-2] [INFO] [1749221211.695276680] [publish_wind_direction]: Publishing: "id151:S"
[publish_wind_direction-2] [INFO] [1749221216.696914917] [publish_wind_direction]: Publishing: "id151:S"
[publish_wind_direction-2] [INFO] [1749221221.708375581] [publish_wind_direction]: Publishing: "id151:S"
[publish_wind_direction-2] [INFO] [1749221226.695096134] [publish_wind_direction]: Publishing: "id151:S"
[publish_wind_direction-2] [INFO] [1749221231.695961390] [publish_wind_direction]: Publishing: "id151:S"
[publish_wind_direction-2] [INFO] [1749221236.695271609] [publish_wind_direction]: Publishing: "id151:S"
[publish_wind_direction-2] [INFO] [1749221241.694884643] [publish_wind_direction]: Publishing: "id151:S"
[publish_wind_direction-2] [INFO] [1749221246.694882381] [publish_wind_direction]: Publishing: "id151:S"
[publish_wind_direction-2] [INFO] [1749221251.694646248] [publish_wind_direction]: Publishing: "id151:S"
[publish_wind_direction-2] [INFO] [1749221256.694653190] [publish_wind_direction]: Publishing: "id151:S"
[publish_wind_direction-2] [INFO] [1749221261.694838909] [publish_wind_direction]: Publishing: "id151:S"
[publish_wind_direction-2] [INFO] [1749221266.694793517] [publish_wind_direction]: Publishing: "id151:S"
[publish_wind_direction-2] [INFO] [1749221271.694759681] [publish_wind_direction]: Publishing: "id151:S"
[publish_wind_direction-2] [INFO] [1749221276.694818030] [publish_wind_direction]: Publishing: "id151:S"
[publish_wind_direction-2] [INFO] [1749221281.694758267] [publish_wind_direction]: Publishing: "id151:S"
[publish_wind_direction-2] [INFO] [1749221286.694865764] [publish_wind_direction]: Publishing: "id151:S"
[publish_wind_direction-2] [INFO] [1749221291.694720595] [publish_wind_direction]: Publishing: "id151:S"
[publish_wind_direction-2] [INFO] [1749221296.694866518] [publish_wind_direction]: Publishing: "id151:S"
[publish_wind_direction-2] [INFO] [1749221301.695036626] [publish_wind_direction]: Publishing: "id151:S"
[publish_wind_direction-2] [INFO] [1749221306.694566216] [publish_wind_direction]: Publishing: "id151:S"
[publish_wind_direction-2] [INFO] [1749221311.694796713] [publish_wind_direction]: Publishing: "id151:S"
[publish_wind_direction-2] [INFO] [1749221316.694857117] [publish_wind_direction]: Publishing: "id151:S"
[publish_wind_direction-2] [INFO] [1749221321.694781373] [publish_wind_direction]: Publishing: "id151:S"
[publish_wind_direction-2] [INFO] [1749221326.694780796] [publish_wind_direction]: Publishing: "id151:S"
[publish_wind_direction-2] [INFO] [1749221331.694652293] [publish_wind_direction]: Publishing: "id151:S"
[publish_wind_direction-2] [INFO] [1749221336.694846068] [publish_wind_direction]: Publishing: "id151:S"
[publish_wind_direction-2] [INFO] [1749221341.694740806] [publish_wind_direction]: Publishing: "id151:S"
[publish_wind_direction-2] [INFO] [1749221346.694791414] [publish_wind_direction]: Publishing: "id151:S"
[publish_wind_direction-2] [INFO] [1749221351.694828226] [publish_wind_direction]: Publishing: "id151:S"
[publish_wind_direction-2] [INFO] [1749221356.694970408] [publish_wind_direction]: Publishing: "id151:S"
[publish_wind_direction-2] [INFO] [1749221361.694686627] [publish_wind_direction]: Publishing: "id151:S"
[publish_wind_direction-2] [INFO] [1749221366.694896995] [publish_wind_direction]: Publishing: "id151:S"
[publish_wind_direction-2] [INFO] [1749221371.694955436] [publish_wind_direction]: Publishing: "id151:S"
[publish_wind_direction-2] [INFO] [1749221376.694961748] [publish_wind_direction]: Publishing: "id151:S"
[publish_wind_direction-2] [INFO] [1749221381.695066726] [publish_wind_direction]: Publishing: "id151:S"
[publish_wind_direction-2] [INFO] [1749221386.695082797] [publish_wind_direction]: Publishing: "id151:S"
[publish_wind_direction-2] [INFO] [1749221391.695057369] [publish_wind_direction]: Publishing: "id151:S"
[publish_wind_direction-2] [INFO] [1749221396.695059199] [publish_wind_direction]: Publishing: "id151:S"
[publish_wind_direction-2] [INFO] [1749221401.695073214] [publish_wind_direction]: Publishing: "id151:S"
[publish_wind_direction-2] [INFO] [1749221406.694966434] [publish_wind_direction]: Publishing: "id151:S"
[publish_wind_direction-2] [INFO] [1749221411.695044005] [publish_wind_direction]: Publishing: "id151:S"
[publish_wind_direction-2] [INFO] [1749221416.694989168] [publish_wind_direction]: Publishing: "id151:S"
[publish_wind_direction-2] [INFO] [1749221421.695035554] [publish_wind_direction]: Publishing: "id151:S"
[publish_wind_direction-2] [INFO] [1749221426.695080107] [publish_wind_direction]: Publishing: "id151:S"
[publish_wind_direction-2] [INFO] [1749221431.695063160] [publish_wind_direction]: Publishing: "id151:S"
[publish_wind_direction-2] [INFO] [1749221436.695016249] [publish_wind_direction]: Publishing: "id151:S"
[publish_wind_direction-2] [INFO] [1749221441.695136042] [publish_wind_direction]: Publishing: "id151:S"
[publish_wind_direction-2] [INFO] [1749221446.694778336] [publish_wind_direction]: Publishing: "id151:S"
[publish_wind_direction-2] [INFO] [1749221451.694980351] [publish_wind_direction]: Publishing: "id151:S"
[publish_wind_direction-2] [INFO] [1749221456.695030145] [publish_wind_direction]: Publishing: "id151:S"
[publish_wind_direction-2] [INFO] [1749221461.694948475] [publish_wind_direction]: Publishing: "id151:S"
[publish_wind_direction-2] [INFO] [1749221466.694893342] [publish_wind_direction]: Publishing: "id151:S"
[publish_wind_direction-2] [INFO] [1749221471.694873765] [publish_wind_direction]: Publishing: "id151:S"
[publish_wind_direction-2] [INFO] [1749221476.695059762] [publish_wind_direction]: Publishing: "id151:S"
[publish_wind_direction-2] [INFO] [1749221481.694873130] [publish_wind_direction]: Publishing: "id151:S"
[publish_wind_direction-2] [INFO] [1749221486.695074238] [publish_wind_direction]: Publishing: "id151:S"
[publish_wind_direction-2] [INFO] [1749221491.695050642] [publish_wind_direction]: Publishing: "id151:S"
[publish_wind_direction-2] [INFO] [1749221496.695006065] [publish_wind_direction]: Publishing: "id151:S"
[publish_wind_direction-2] [INFO] [1749221501.695020359] [publish_wind_direction]: Publishing: "id151:S"
[publish_wind_direction-2] [INFO] [1749221506.694979133] [publish_wind_direction]: Publishing: "id151:S"
[publish_wind_direction-2] [INFO] [1749221511.695119501] [publish_wind_direction]: Publishing: "id151:S"
[publish_wind_direction-2] [INFO] [1749221516.695046072] [publish_wind_direction]: Publishing: "id151:S"
[publish_wind_direction-2] [INFO] [1749221521.695060310] [publish_wind_direction]: Publishing: "id151:S"
[publish_wind_direction-2] [INFO] [1749221526.695090881] [publish_wind_direction]: Publishing: "id151:S"
[publish_wind_direction-2] [INFO] [1749221531.695052767] [publish_wind_direction]: Publishing: "id151:S"
[publish_wind_direction-2] [INFO] [1749221536.694975004] [publish_wind_direction]: Publishing: "id151:S"
[publish_wind_direction-2] [INFO] [1749221541.694786909] [publish_wind_direction]: Publishing: "id151:S"
[publish_wind_direction-2] [INFO] [1749221546.694795239] [publish_wind_direction]: Publishing: "id151:S"
[publish_wind_direction-2] [INFO] [1749221551.694614107] [publish_wind_direction]: Publishing: "id151:S"
[publish_wind_direction-2] [INFO] [1749221556.694722178] [publish_wind_direction]: Publishing: "id151:S"
[publish_wind_direction-2] [INFO] [1749221561.694936730] [publish_wind_direction]: Publishing: "id151:S"
[publish_wind_direction-2] [INFO] [1749221566.694880690] [publish_wind_direction]: Publishing: "id151:S"
[publish_wind_direction-2] [INFO] [1749221571.694995409] [publish_wind_direction]: Publishing: "id151:S"
[publish_wind_direction-2] [INFO] [1749221576.694874888] [publish_wind_direction]: Publishing: "id151:S"
[publish_wind_direction-2] [INFO] [1749221581.695036070] [publish_wind_direction]: Publishing: "id151:S"
[publish_wind_direction-2] [INFO] [1749221586.694913215] [publish_wind_direction]: Publishing: "id151:S"
[publish_wind_direction-2] [INFO] [1749221591.694704083] [publish_wind_direction]: Publishing: "id151:S"
[publish_wind_direction-2] [INFO] [1749221596.694716265] [publish_wind_direction]: Publishing: "id151:S"
[publish_wind_direction-2] [INFO] [1749221601.694874429] [publish_wind_direction]: Publishing: "id151:S"
[publish_wind_direction-2] [INFO] [1749221606.694750518] [publish_wind_direction]: Publishing: "id151:S"
[publish_wind_direction-2] [INFO] [1749221611.694747200] [publish_wind_direction]: Publishing: "id151:S"
[publish_wind_direction-2] [INFO] [1749221616.694729309] [publish_wind_direction]: Publishing: "id151:S"
[publish_wind_direction-2] [INFO] [1749221621.694927194] [publish_wind_direction]: Publishing: "id151:S"
[publish_wind_direction-2] [INFO] [1749221626.694875543] [publish_wind_direction]: Publishing: "id151:S"
[publish_wind_direction-2] [INFO] [1749221631.694860522] [publish_wind_direction]: Publishing: "id151:S"
[publish_wind_direction-2] [INFO] [1749221636.694999630] [publish_wind_direction]: Publishing: "id151:S"
[publish_wind_direction-2] [INFO] [1749221641.694819368] [publish_wind_direction]: Publishing: "id151:S"
[publish_wind_direction-2] [INFO] [1749221646.694854328] [publish_wind_direction]: Publishing: "id151:S"
[publish_wind_direction-2] [INFO] [1749221651.694863362] [publish_wind_direction]: Publishing: "id151:S"
[publish_wind_direction-2] [INFO] [1749221656.694895803] [publish_wind_direction]: Publishing: "id151:S"
[publish_wind_direction-2] [INFO] [1749221661.694864134] [publish_wind_direction]: Publishing: "id151:S"
[publish_wind_direction-2] [INFO] [1749221666.695291001] [publish_wind_direction]: Publishing: "id151:S"
[publish_wind_direction-2] [INFO] [1749221671.694892202] [publish_wind_direction]: Publishing: "id151:S"
[publish_wind_direction-2] [INFO] [1749221676.694846902] [publish_wind_direction]: Publishing: "id151:S"
[publish_wind_direction-2] [INFO] [1749221681.694997566] [publish_wind_direction]: Publishing: "id151:S"
[publish_wind_direction-2] [INFO] [1749221686.694860248] [publish_wind_direction]: Publishing: "id151:S"
[publish_wind_direction-2] [INFO] [1749221691.695111134] [publish_wind_direction]: Publishing: "id151:S"
[publish_wind_direction-2] [INFO] [1749221696.694995057] [publish_wind_direction]: Publishing: "id151:S"
[publish_wind_direction-2] [INFO] [1749221701.694913258] [publish_wind_direction]: Publishing: "id151:S"
[publish_wind_direction-2] [INFO] [1749221706.695198403] [publish_wind_direction]: Publishing: "id151:S"
[publish_wind_direction-2] [INFO] [1749221711.694986585] [publish_wind_direction]: Publishing: "id151:S"
[publish_wind_direction-2] [INFO] [1749221716.695033304] [publish_wind_direction]: Publishing: "id151:S"
[publish_wind_direction-2] [INFO] [1749221721.694978246] [publish_wind_direction]: Publishing: "id151:S"
[publish_wind_direction-2] [INFO] [1749221726.695068447] [publish_wind_direction]: Publishing: "id151:S"
[publish_wind_direction-2] [INFO] [1749221731.694874129] [publish_wind_direction]: Publishing: "id151:S"
[publish_wind_direction-2] [INFO] [1749221736.695044348] [publish_wind_direction]: Publishing: "id151:S"
[publish_wind_direction-2] [INFO] [1749221741.694899678] [publish_wind_direction]: Publishing: "id151:S"
[publish_wind_direction-2] [INFO] [1749221746.694808713] [publish_wind_direction]: Publishing: "id151:S"
[publish_wind_direction-2] [INFO] [1749221751.694957580] [publish_wind_direction]: Publishing: "id151:S"
[publish_wind_direction-2] [INFO] [1749221756.694885651] [publish_wind_direction]: Publishing: "id151:S"
[publish_wind_direction-2] [INFO] [1749221761.694887518] [publish_wind_direction]: Publishing: "id151:S"
[publish_wind_direction-2] [INFO] [1749221766.694899367] [publish_wind_direction]: Publishing: "id151:S"
[publish_wind_direction-2] [INFO] [1749221771.694958568] [publish_wind_direction]: Publishing: "id151:S"
[publish_wind_direction-2] [INFO] [1749221776.694871454] [publish_wind_direction]: Publishing: "id151:S"
[publish_wind_direction-2] [INFO] [1749221781.694883155] [publish_wind_direction]: Publishing: "id151:S"
[publish_wind_direction-2] [INFO] [1749221786.694727559] [publish_wind_direction]: Publishing: "id151:S"
[publish_wind_direction-2] [INFO] [1749221791.694860815] [publish_wind_direction]: Publishing: "id151:S"
[publish_wind_direction-2] [INFO] [1749221796.694856442] [publish_wind_direction]: Publishing: "id151:S"
[publish_wind_direction-2] [INFO] [1749221801.694847791] [publish_wind_direction]: Publishing: "id151:S"
[publish_wind_direction-2] [INFO] [1749221806.694887621] [publish_wind_direction]: Publishing: "id151:S"
[publish_wind_direction-2] [INFO] [1749221811.694946674] [publish_wind_direction]: Publishing: "id151:S"
[publish_wind_direction-2] [INFO] [1749221816.695035152] [publish_wind_direction]: Publishing: "id151:S"
[publish_wind_direction-2] [INFO] [1749221821.694849686] [publish_wind_direction]: Publishing: "id151:S"
[publish_wind_direction-2] [INFO] [1749221826.694853609] [publish_wind_direction]: Publishing: "id151:S"
[publish_wind_direction-2] [INFO] [1749221831.694711569] [publish_wind_direction]: Publishing: "id151:S"
[publish_wind_direction-2] [INFO] [1749221836.694931696] [publish_wind_direction]: Publishing: "id151:S"
[publish_wind_direction-2] [INFO] [1749221841.694885748] [publish_wind_direction]: Publishing: "id151:S"
[publish_wind_direction-2] [INFO] [1749221846.694842838] [publish_wind_direction]: Publishing: "id151:S"
[publish_wind_direction-2] [INFO] [1749221851.694949706] [publish_wind_direction]: Publishing: "id151:S"
[publish_wind_direction-2] [INFO] [1749221856.694862740] [publish_wind_direction]: Publishing: "id151:S"
[publish_wind_direction-2] [INFO] [1749221861.695047385] [publish_wind_direction]: Publishing: "id151:S"
[publish_wind_direction-2] [INFO] [1749221866.694878197] [publish_wind_direction]: Publishing: "id151:S"
[publish_wind_direction-2] [INFO] [1749221871.694859212] [publish_wind_direction]: Publishing: "id151:S"
[publish_wind_direction-2] [INFO] [1749221876.694902783] [publish_wind_direction]: Publishing: "id151:S"
[publish_wind_direction-2] [INFO] [1749221881.694852299] [publish_wind_direction]: Publishing: "id151:S"
[publish_wind_direction-2] [INFO] [1749221886.694815629] [publish_wind_direction]: Publishing: "id151:S"
[publish_wind_direction-2] [INFO] [1749221891.694770719] [publish_wind_direction]: Publishing: "id151:S"
[publish_wind_direction-2] [INFO] [1749221896.694869438] [publish_wind_direction]: Publishing: "id151:S"
[publish_wind_direction-2] [INFO] [1749221901.694926361] [publish_wind_direction]: Publishing: "id151:S"
[publish_wind_direction-2] [INFO] [1749221906.694847839] [publish_wind_direction]: Publishing: "id151:S"
[publish_wind_direction-2] [INFO] [1749221911.694823262] [publish_wind_direction]: Publishing: "id151:S"
[publish_wind_direction-2] [INFO] [1749221916.694859352] [publish_wind_direction]: Publishing: "id151:S"
[publish_wind_direction-2] [INFO] [1749221921.694874108] [publish_wind_direction]: Publishing: "id151:S"
[publish_wind_direction-2] [INFO] [1749221926.694721827] [publish_wind_direction]: Publishing: "id151:S"
[publish_wind_direction-2] [INFO] [1749221931.694828473] [publish_wind_direction]: Publishing: "id151:S"
[publish_wind_direction-2] [INFO] [1749221936.694894951] [publish_wind_direction]: Publishing: "id151:S"
[publish_wind_direction-2] [INFO] [1749221941.694843041] [publish_wind_direction]: Publishing: "id151:S"
[publish_wind_direction-2] [INFO] [1749221946.694925556] [publish_wind_direction]: Publishing: "id151:S"
[publish_wind_direction-2] [INFO] [1749221951.694908961] [publish_wind_direction]: Publishing: "id151:S"
[publish_wind_direction-2] [INFO] [1749221956.694792847] [publish_wind_direction]: Publishing: "id151:S"
[publish_wind_direction-2] [INFO] [1749221961.694833473] [publish_wind_direction]: Publishing: "id151:S"
[publish_wind_direction-2] [INFO] [1749221966.694709600] [publish_wind_direction]: Publishing: "id151:S"
[publish_wind_direction-2] [INFO] [1749221971.694714338] [publish_wind_direction]: Publishing: "id151:S"
[publish_wind_direction-2] [INFO] [1749221976.694886687] [publish_wind_direction]: Publishing: "id151:S"
[publish_wind_direction-2] [INFO] [1749221981.694777887] [publish_wind_direction]: Publishing: "id151:S"
[publish_wind_direction-2] [INFO] [1749221986.694840736] [publish_wind_direction]: Publishing: "id151:S"
[publish_wind_direction-2] [INFO] [1749221991.695294696] [publish_wind_direction]: Publishing: "id151:S"
[publish_wind_direction-2] [INFO] [1749221996.694833471] [publish_wind_direction]: Publishing: "id151:S"
[publish_wind_direction-2] [INFO] [1749222001.694858209] [publish_wind_direction]: Publishing: "id151:S"
[publish_wind_direction-2] [INFO] [1749222006.695314206] [publish_wind_direction]: Publishing: "id151:S"
[publish_wind_direction-2] [INFO] [1749222011.694900240] [publish_wind_direction]: Publishing: "id151:S"
[publish_wind_direction-2] [INFO] [1749222016.694884515] [publish_wind_direction]: Publishing: "id151:S"
[publish_wind_direction-2] [INFO] [1749222021.695045363] [publish_wind_direction]: Publishing: "id151:S"
[publish_wind_direction-2] [INFO] [1749222026.694888027] [publish_wind_direction]: Publishing: "id151:S"
[publish_wind_direction-2] [INFO] [1749222031.694839395] [publish_wind_direction]: Publishing: "id151:S"
[publish_wind_direction-2] [INFO] [1749222036.694963558] [publish_wind_direction]: Publishing: "id151:S"
[publish_wind_direction-2] [INFO] [1749222041.695207907] [publish_wind_direction]: Publishing: "id151:S"
[publish_wind_direction-2] [INFO] [1749222046.695009608] [publish_wind_direction]: Publishing: "id151:S"
[publish_wind_direction-2] [INFO] [1749222051.694869512] [publish_wind_direction]: Publishing: "id151:S"
[publish_wind_direction-2] [INFO] [1749222056.695042028] [publish_wind_direction]: Publishing: "id151:S"
[publish_wind_direction-2] [INFO] [1749222061.695007395] [publish_wind_direction]: Publishing: "id151:S"
[publish_wind_direction-2] [INFO] [1749222066.695017688] [publish_wind_direction]: Publishing: "id151:S"
[publish_wind_direction-2] [INFO] [1749222071.695167945] [publish_wind_direction]: Publishing: "id151:S"
[publish_wind_direction-2] [INFO] [1749222076.695142145] [publish_wind_direction]: Publishing: "id151:S"
[publish_wind_direction-2] [INFO] [1749222081.694959976] [publish_wind_direction]: Publishing: "id151:S"
[publish_wind_direction-2] [INFO] [1749222086.694933214] [publish_wind_direction]: Publishing: "id151:S"
[publish_wind_direction-2] [INFO] [1749222091.695048099] [publish_wind_direction]: Publishing: "id151:S"
[publish_wind_direction-2] [INFO] [1749222096.695018430] [publish_wind_direction]: Publishing: "id151:S"
[publish_wind_direction-2] [INFO] [1749222101.694927112] [publish_wind_direction]: Raising exception
[publish_wind_direction-2] [INFO] [1749222101.697798112] [publish_wind_direction]: Publisher stopping, exception
[INFO] [publish_wind_direction-2]: process has finished cleanly [pid 846]
[random_robot_move-1] [INFO] [1749222115.858518752] [random_robot_move]: Exception, shutting down
