[INFO] [launch]: All log files can be found below /home/thymio/.ros/log/2025-06-05-15-42-11-402854-thymio-818
[INFO] [launch]: Default logging verbosity is set to INFO
[INFO] [random_robot_move-1]: process started with pid [840]
[INFO] [publish_wind_direction-2]: process started with pid [842]
[publish_wind_direction-2] /usr/lib/python3/dist-packages/scipy/__init__.py:146: UserWarning: A NumPy version >=1.17.3 and <1.25.0 is required for this version of SciPy (detected version 1.26.4
[publish_wind_direction-2]   warnings.warn(f"A NumPy version >={np_minversion} and <{np_maxversion}"
[publish_wind_direction-2] [INFO] [1749138135.251806953] [publish_wind_direction]: Physical Ip=134.34.225.236, id=id236
[publish_wind_direction-2] [INFO] [1749138135.289877866] [publish_wind_direction]: Subscribed to: wind_direction/id68
[publish_wind_direction-2] [INFO] [1749138135.293705239] [publish_wind_direction]: Subscribed to: wind_direction/id136
[publish_wind_direction-2] [INFO] [1749138135.297256688] [publish_wind_direction]: Subscribed to: wind_direction/id137
[publish_wind_direction-2] [INFO] [1749138135.300786085] [publish_wind_direction]: Subscribed to: wind_direction/id142
[publish_wind_direction-2] [INFO] [1749138135.304373245] [publish_wind_direction]: Subscribed to: wind_direction/id151
[publish_wind_direction-2] [INFO] [1749138135.307723501] [publish_wind_direction]: Subscribed to: wind_direction/id152
[publish_wind_direction-2] [INFO] [1749138135.311034596] [publish_wind_direction]: Subscribed to: wind_direction/id155
[publish_wind_direction-2] [INFO] [1749138135.314370251] [publish_wind_direction]: Subscribed to: wind_direction/id189
[publish_wind_direction-2] [INFO] [1749138135.317806849] [publish_wind_direction]: Subscribed to: wind_direction/id192
[publish_wind_direction-2] [INFO] [1749138135.321177041] [publish_wind_direction]: Subscribed to: wind_direction/id193
[publish_wind_direction-2] [INFO] [1749138135.324518138] [publish_wind_direction]: Subscribed to: wind_direction/id194
[publish_wind_direction-2] [INFO] [1749138135.327879616] [publish_wind_direction]: Subscribed to: wind_direction/id195
[publish_wind_direction-2] [INFO] [1749138135.331266436] [publish_wind_direction]: Subscribed to: wind_direction/id200
[publish_wind_direction-2] [INFO] [1749138135.334689590] [publish_wind_direction]: Subscribed to: wind_direction/id206
[publish_wind_direction-2] [INFO] [1749138135.338004206] [publish_wind_direction]: Subscribed to: wind_direction/id207
[publish_wind_direction-2] [INFO] [1749138135.341376034] [publish_wind_direction]: Subscribed to: wind_direction/id223
[publish_wind_direction-2] [INFO] [1749138135.344745391] [publish_wind_direction]: Subscribed to: wind_direction/id224
[publish_wind_direction-2] [INFO] [1749138135.348047113] [publish_wind_direction]: Subscribed to: wind_direction/id247
[publish_wind_direction-2] [INFO] [1749138135.351426962] [publish_wind_direction]: Subscribed to: wind_direction/id1193
[random_robot_move-1] [INFO] [1749138138.279913076] [random_robot_move]: Robot Control Node started.
[publish_wind_direction-2] [INFO] [1749138140.276061367] [publish_wind_direction]: Publishing: "id236:E"
[publish_wind_direction-2] [INFO] [1749138141.634410473] [publish_wind_direction]: Vicon Position= [-918.4913330078125, 100.4428482055664]
[publish_wind_direction-2] [INFO] [1749138141.637385594] [publish_wind_direction]: Neighbourhood size: 6
[publish_wind_direction-2] [INFO] [1749138145.276107436] [publish_wind_direction]: Publishing: "id236:E"
[publish_wind_direction-2] [INFO] [1749138150.102866262] [publish_wind_direction]: Vicon Position= [-918.4913330078125, 100.4428482055664]
[publish_wind_direction-2] [INFO] [1749138150.106069097] [publish_wind_direction]: Neighbourhood size: 6
[publish_wind_direction-2] [INFO] [1749138150.276145077] [publish_wind_direction]: Publishing: "id236:E"
[publish_wind_direction-2] [INFO] [1749138155.276297655] [publish_wind_direction]: Publishing: "id236:E"
[publish_wind_direction-2] [INFO] [1749138160.276204803] [publish_wind_direction]: Publishing: "id236:E"
[publish_wind_direction-2] [INFO] [1749138165.276124870] [publish_wind_direction]: Publishing: "id236:E"
[publish_wind_direction-2] [INFO] [1749138170.275684858] [publish_wind_direction]: Publishing: "id236:E"
[publish_wind_direction-2] [INFO] [1749138175.276480719] [publish_wind_direction]: Publishing: "id236:E"
[publish_wind_direction-2] [INFO] [1749138180.275590569] [publish_wind_direction]: Publishing: "id236:E"
[publish_wind_direction-2] [INFO] [1749138185.275778414] [publish_wind_direction]: Publishing: "id236:E"
[publish_wind_direction-2] [INFO] [1749138190.275877319] [publish_wind_direction]: Publishing: "id236:E"
[publish_wind_direction-2] [INFO] [1749138194.899679766] [publish_wind_direction]: Vicon Position= [-383.8348693847656, -171.94671630859375]
[publish_wind_direction-2] [INFO] [1749138194.902596301] [publish_wind_direction]: Neighbourhood size: 8
[publish_wind_direction-2] [INFO] [1749138195.276179394] [publish_wind_direction]: Publishing: "id236:E"
[publish_wind_direction-2] [INFO] [1749138200.276220239] [publish_wind_direction]: Publishing: "id236:E"
[publish_wind_direction-2] [INFO] [1749138205.276297106] [publish_wind_direction]: Publishing: "id236:E"
[publish_wind_direction-2] [INFO] [1749138210.276275852] [publish_wind_direction]: Publishing: "id236:E"
[publish_wind_direction-2] [INFO] [1749138215.276404935] [publish_wind_direction]: Publishing: "id236:E"
[publish_wind_direction-2] [INFO] [1749138220.276149111] [publish_wind_direction]: Publishing: "id236:E"
[publish_wind_direction-2] [INFO] [1749138225.276186917] [publish_wind_direction]: Publishing: "id236:E"
[publish_wind_direction-2] [INFO] [1749138230.276482514] [publish_wind_direction]: Publishing: "id236:E"
[publish_wind_direction-2] [INFO] [1749138235.276316128] [publish_wind_direction]: Publishing: "id236:E"
[publish_wind_direction-2] [INFO] [1749138240.276199680] [publish_wind_direction]: Publishing: "id236:E"
[publish_wind_direction-2] [INFO] [1749138245.276175392] [publish_wind_direction]: Publishing: "id236:E"
[publish_wind_direction-2] [INFO] [1749138250.275860698] [publish_wind_direction]: Publishing: "id236:E"
[publish_wind_direction-2] [INFO] [1749138255.276143660] [publish_wind_direction]: Publishing: "id236:E"
[publish_wind_direction-2] [INFO] [1749138260.276130434] [publish_wind_direction]: Publishing: "id236:E"
[publish_wind_direction-2] [INFO] [1749138265.276146386] [publish_wind_direction]: Publishing: "id236:E"
[publish_wind_direction-2] [INFO] [1749138270.276208338] [publish_wind_direction]: Publishing: "id236:E"
[publish_wind_direction-2] [INFO] [1749138275.276151481] [publish_wind_direction]: Publishing: "id236:E"
[publish_wind_direction-2] [INFO] [1749138280.276292470] [publish_wind_direction]: Publishing: "id236:E"
[publish_wind_direction-2] [INFO] [1749138285.276294030] [publish_wind_direction]: Publishing: "id236:E"
[publish_wind_direction-2] [INFO] [1749138290.276184979] [publish_wind_direction]: Publishing: "id236:E"
[publish_wind_direction-2] [INFO] [1749138295.276384940] [publish_wind_direction]: Publishing: "id236:E"
[publish_wind_direction-2] [INFO] [1749138300.275998287] [publish_wind_direction]: Publishing: "id236:E"
[publish_wind_direction-2] [INFO] [1749138305.276631328] [publish_wind_direction]: Publishing: "id236:E"
[publish_wind_direction-2] [INFO] [1749138310.276270921] [publish_wind_direction]: Publishing: "id236:E"
[publish_wind_direction-2] [INFO] [1749138315.275927691] [publish_wind_direction]: Publishing: "id236:E"
[publish_wind_direction-2] [INFO] [1749138320.276544703] [publish_wind_direction]: Publishing: "id236:E"
[publish_wind_direction-2] [INFO] [1749138325.276595942] [publish_wind_direction]: Publishing: "id236:E"
[publish_wind_direction-2] [INFO] [1749138330.276257173] [publish_wind_direction]: Publishing: "id236:E"
[publish_wind_direction-2] [INFO] [1749138335.276262602] [publish_wind_direction]: Publishing: "id236:E"
[publish_wind_direction-2] [INFO] [1749138340.276364853] [publish_wind_direction]: Publishing: "id236:E"
[publish_wind_direction-2] [INFO] [1749138345.276609402] [publish_wind_direction]: Publishing: "id236:E"
[publish_wind_direction-2] [INFO] [1749138350.276256122] [publish_wind_direction]: Publishing: "id236:E"
[publish_wind_direction-2] [INFO] [1749138355.276335162] [publish_wind_direction]: Publishing: "id236:E"
[publish_wind_direction-2] [INFO] [1749138360.276184724] [publish_wind_direction]: Publishing: "id236:E"
[publish_wind_direction-2] [INFO] [1749138365.276353942] [publish_wind_direction]: Publishing: "id236:E"
[publish_wind_direction-2] [INFO] [1749138370.276337123] [publish_wind_direction]: Publishing: "id236:E"
[publish_wind_direction-2] [INFO] [1749138375.276177782] [publish_wind_direction]: Publishing: "id236:E"
[publish_wind_direction-2] [INFO] [1749138380.276263004] [publish_wind_direction]: Publishing: "id236:E"
[publish_wind_direction-2] [INFO] [1749138385.276198875] [publish_wind_direction]: Publishing: "id236:E"
[publish_wind_direction-2] [INFO] [1749138390.276267402] [publish_wind_direction]: Publishing: "id236:E"
[publish_wind_direction-2] [INFO] [1749138395.276969705] [publish_wind_direction]: Publishing: "id236:E"
[publish_wind_direction-2] [INFO] [1749138400.276290735] [publish_wind_direction]: Publishing: "id236:E"
[publish_wind_direction-2] [INFO] [1749138405.276205913] [publish_wind_direction]: Publishing: "id236:E"
[publish_wind_direction-2] [INFO] [1749138410.276286193] [publish_wind_direction]: Publishing: "id236:E"
[publish_wind_direction-2] [INFO] [1749138415.276278277] [publish_wind_direction]: Publishing: "id236:E"
[publish_wind_direction-2] [INFO] [1749138420.276203764] [publish_wind_direction]: Publishing: "id236:E"
[publish_wind_direction-2] [INFO] [1749138425.276296983] [publish_wind_direction]: Publishing: "id236:E"
[publish_wind_direction-2] [INFO] [1749138430.276234538] [publish_wind_direction]: Publishing: "id236:E"
[publish_wind_direction-2] [INFO] [1749138435.276287610] [publish_wind_direction]: Publishing: "id236:E"
[publish_wind_direction-2] [INFO] [1749138440.276235493] [publish_wind_direction]: Publishing: "id236:E"
[publish_wind_direction-2] [INFO] [1749138445.276224708] [publish_wind_direction]: Publishing: "id236:E"
[publish_wind_direction-2] [INFO] [1749138450.276269395] [publish_wind_direction]: Publishing: "id236:E"
[publish_wind_direction-2] [INFO] [1749138455.276383695] [publish_wind_direction]: Publishing: "id236:E"
[publish_wind_direction-2] [INFO] [1749138460.276220764] [publish_wind_direction]: Publishing: "id236:E"
[publish_wind_direction-2] [INFO] [1749138465.276268357] [publish_wind_direction]: Publishing: "id236:E"
[publish_wind_direction-2] [INFO] [1749138470.276391690] [publish_wind_direction]: Publishing: "id236:E"
[publish_wind_direction-2] [INFO] [1749138475.276267739] [publish_wind_direction]: Publishing: "id236:E"
[publish_wind_direction-2] [INFO] [1749138480.276190006] [publish_wind_direction]: Publishing: "id236:E"
[publish_wind_direction-2] [INFO] [1749138485.276325240] [publish_wind_direction]: Publishing: "id236:E"
[publish_wind_direction-2] [INFO] [1749138490.276289689] [publish_wind_direction]: Publishing: "id236:E"
[publish_wind_direction-2] [INFO] [1749138495.276256915] [publish_wind_direction]: Publishing: "id236:E"
[publish_wind_direction-2] [INFO] [1749138500.276219847] [publish_wind_direction]: Publishing: "id236:E"
[publish_wind_direction-2] [INFO] [1749138505.276178965] [publish_wind_direction]: Publishing: "id236:E"
[publish_wind_direction-2] [INFO] [1749138510.276193186] [publish_wind_direction]: Publishing: "id236:E"
[publish_wind_direction-2] [INFO] [1749138515.276197560] [publish_wind_direction]: Publishing: "id236:E"
[publish_wind_direction-2] [INFO] [1749138520.276270548] [publish_wind_direction]: Publishing: "id236:E"
[publish_wind_direction-2] [INFO] [1749138525.276170825] [publish_wind_direction]: Publishing: "id236:E"
[publish_wind_direction-2] [INFO] [1749138530.276107122] [publish_wind_direction]: Publishing: "id236:E"
[publish_wind_direction-2] [INFO] [1749138535.276134336] [publish_wind_direction]: Publishing: "id236:E"
[publish_wind_direction-2] [INFO] [1749138540.276265017] [publish_wind_direction]: Publishing: "id236:E"
[publish_wind_direction-2] [INFO] [1749138545.276592489] [publish_wind_direction]: Publishing: "id236:E"
[publish_wind_direction-2] [INFO] [1749138550.276094577] [publish_wind_direction]: Publishing: "id236:E"
[publish_wind_direction-2] [INFO] [1749138555.276252726] [publish_wind_direction]: Publishing: "id236:E"
[publish_wind_direction-2] [INFO] [1749138560.276107989] [publish_wind_direction]: Publishing: "id236:E"
[publish_wind_direction-2] [INFO] [1749138565.276106532] [publish_wind_direction]: Publishing: "id236:E"
[publish_wind_direction-2] [INFO] [1749138570.276615339] [publish_wind_direction]: Publishing: "id236:E"
[publish_wind_direction-2] [INFO] [1749138575.276098566] [publish_wind_direction]: Publishing: "id236:E"
[publish_wind_direction-2] [INFO] [1749138580.276126521] [publish_wind_direction]: Publishing: "id236:E"
[publish_wind_direction-2] [INFO] [1749138585.276144684] [publish_wind_direction]: Publishing: "id236:E"
[publish_wind_direction-2] [INFO] [1749138590.276066932] [publish_wind_direction]: Publishing: "id236:E"
[publish_wind_direction-2] [INFO] [1749138595.276128703] [publish_wind_direction]: Publishing: "id236:E"
[publish_wind_direction-2] [INFO] [1749138600.276102444] [publish_wind_direction]: Publishing: "id236:E"
[publish_wind_direction-2] [INFO] [1749138605.276084255] [publish_wind_direction]: Publishing: "id236:E"
[publish_wind_direction-2] [INFO] [1749138610.276078764] [publish_wind_direction]: Publishing: "id236:E"
[publish_wind_direction-2] [INFO] [1749138615.276104997] [publish_wind_direction]: Publishing: "id236:E"
[publish_wind_direction-2] [INFO] [1749138620.276059229] [publish_wind_direction]: Publishing: "id236:E"
[publish_wind_direction-2] [INFO] [1749138625.276237349] [publish_wind_direction]: Publishing: "id236:E"
[publish_wind_direction-2] [INFO] [1749138630.276260399] [publish_wind_direction]: Publishing: "id236:E"
[publish_wind_direction-2] [INFO] [1749138635.276270104] [publish_wind_direction]: Publishing: "id236:E"
[publish_wind_direction-2] [INFO] [1749138640.276228482] [publish_wind_direction]: Publishing: "id236:E"
[publish_wind_direction-2] [INFO] [1749138645.276142642] [publish_wind_direction]: Publishing: "id236:E"
[publish_wind_direction-2] [INFO] [1749138650.276208355] [publish_wind_direction]: Publishing: "id236:E"
[publish_wind_direction-2] [INFO] [1749138655.276175581] [publish_wind_direction]: Publishing: "id236:E"
[publish_wind_direction-2] [INFO] [1749138660.276201074] [publish_wind_direction]: Publishing: "id236:E"
[publish_wind_direction-2] [INFO] [1749138665.276139129] [publish_wind_direction]: Publishing: "id236:E"
[publish_wind_direction-2] [INFO] [1749138670.276204435] [publish_wind_direction]: Publishing: "id236:E"
[publish_wind_direction-2] [INFO] [1749138675.276320994] [publish_wind_direction]: Publishing: "id236:E"
[publish_wind_direction-2] [INFO] [1749138680.276046026] [publish_wind_direction]: Publishing: "id236:E"
[publish_wind_direction-2] [INFO] [1749138685.276199547] [publish_wind_direction]: Publishing: "id236:E"
[publish_wind_direction-2] [INFO] [1749138690.276444930] [publish_wind_direction]: Publishing: "id236:E"
[publish_wind_direction-2] [INFO] [1749138695.275883180] [publish_wind_direction]: Publishing: "id236:E"
[publish_wind_direction-2] [INFO] [1749138700.276077903] [publish_wind_direction]: Publishing: "id236:E"
[publish_wind_direction-2] [INFO] [1749138705.276043148] [publish_wind_direction]: Publishing: "id236:E"
[publish_wind_direction-2] [INFO] [1749138710.276088798] [publish_wind_direction]: Publishing: "id236:E"
[publish_wind_direction-2] [INFO] [1749138715.276089914] [publish_wind_direction]: Publishing: "id236:E"
[publish_wind_direction-2] [INFO] [1749138720.276048274] [publish_wind_direction]: Publishing: "id236:E"
[publish_wind_direction-2] [INFO] [1749138725.276091313] [publish_wind_direction]: Publishing: "id236:E"
[publish_wind_direction-2] [INFO] [1749138730.276120119] [publish_wind_direction]: Publishing: "id236:E"
[publish_wind_direction-2] [INFO] [1749138735.276049901] [publish_wind_direction]: Publishing: "id236:E"
[publish_wind_direction-2] [INFO] [1749138740.276035580] [publish_wind_direction]: Publishing: "id236:E"
[publish_wind_direction-2] [INFO] [1749138745.276079694] [publish_wind_direction]: Publishing: "id236:E"
[publish_wind_direction-2] [INFO] [1749138750.276163528] [publish_wind_direction]: Publishing: "id236:E"
[publish_wind_direction-2] [INFO] [1749138755.276140693] [publish_wind_direction]: Publishing: "id236:E"
[publish_wind_direction-2] [INFO] [1749138760.276069401] [publish_wind_direction]: Publishing: "id236:E"
[publish_wind_direction-2] [INFO] [1749138765.276103278] [publish_wind_direction]: Publishing: "id236:E"
[publish_wind_direction-2] [INFO] [1749138770.276109392] [publish_wind_direction]: Publishing: "id236:E"
[publish_wind_direction-2] [INFO] [1749138775.276052130] [publish_wind_direction]: Publishing: "id236:E"
[publish_wind_direction-2] [INFO] [1749138780.276022225] [publish_wind_direction]: Publishing: "id236:E"
[publish_wind_direction-2] [INFO] [1749138785.276005350] [publish_wind_direction]: Publishing: "id236:E"
[publish_wind_direction-2] [INFO] [1749138790.276050389] [publish_wind_direction]: Publishing: "id236:E"
[publish_wind_direction-2] [INFO] [1749138795.276039048] [publish_wind_direction]: Publishing: "id236:E"
[publish_wind_direction-2] [INFO] [1749138800.275995557] [publish_wind_direction]: Publishing: "id236:E"
[publish_wind_direction-2] [INFO] [1749138805.276071969] [publish_wind_direction]: Publishing: "id236:E"
[publish_wind_direction-2] [INFO] [1749138810.276013393] [publish_wind_direction]: Publishing: "id236:E"
[publish_wind_direction-2] [INFO] [1749138815.276043309] [publish_wind_direction]: Publishing: "id236:E"
[publish_wind_direction-2] [INFO] [1749138820.275844304] [publish_wind_direction]: Publishing: "id236:E"
[publish_wind_direction-2] [INFO] [1749138825.276016853] [publish_wind_direction]: Publishing: "id236:E"
[publish_wind_direction-2] [INFO] [1749138830.276027205] [publish_wind_direction]: Publishing: "id236:E"
[publish_wind_direction-2] [INFO] [1749138835.276019437] [publish_wind_direction]: Publishing: "id236:E"
[publish_wind_direction-2] [INFO] [1749138840.276011261] [publish_wind_direction]: Publishing: "id236:E"
[publish_wind_direction-2] [INFO] [1749138845.276084582] [publish_wind_direction]: Publishing: "id236:E"
[publish_wind_direction-2] [INFO] [1749138850.276044996] [publish_wind_direction]: Publishing: "id236:E"
[publish_wind_direction-2] [INFO] [1749138855.276018996] [publish_wind_direction]: Publishing: "id236:E"
[publish_wind_direction-2] [INFO] [1749138860.276019668] [publish_wind_direction]: Publishing: "id236:E"
[publish_wind_direction-2] [INFO] [1749138865.276402631] [publish_wind_direction]: Publishing: "id236:E"
[publish_wind_direction-2] [INFO] [1749138870.276085795] [publish_wind_direction]: Publishing: "id236:E"
[publish_wind_direction-2] [INFO] [1749138875.276030458] [publish_wind_direction]: Publishing: "id236:E"
[publish_wind_direction-2] [INFO] [1749138880.276166766] [publish_wind_direction]: Publishing: "id236:E"
[publish_wind_direction-2] [INFO] [1749138885.276022640] [publish_wind_direction]: Publishing: "id236:E"
[publish_wind_direction-2] [INFO] [1749138890.276280701] [publish_wind_direction]: Publishing: "id236:E"
[publish_wind_direction-2] [INFO] [1749138895.276297384] [publish_wind_direction]: Publishing: "id236:E"
[publish_wind_direction-2] [INFO] [1749138900.276089753] [publish_wind_direction]: Publishing: "id236:E"
[publish_wind_direction-2] [INFO] [1749138905.276023403] [publish_wind_direction]: Publishing: "id236:E"
[publish_wind_direction-2] [INFO] [1749138910.276065165] [publish_wind_direction]: Publishing: "id236:E"
[publish_wind_direction-2] [INFO] [1749138915.275857201] [publish_wind_direction]: Publishing: "id236:E"
[publish_wind_direction-2] [INFO] [1749138920.276051776] [publish_wind_direction]: Publishing: "id236:E"
[publish_wind_direction-2] [INFO] [1749138925.276559083] [publish_wind_direction]: Publishing: "id236:E"
[publish_wind_direction-2] [INFO] [1749138930.276036813] [publish_wind_direction]: Publishing: "id236:E"
[publish_wind_direction-2] [INFO] [1749138935.276155167] [publish_wind_direction]: Publishing: "id236:E"
[publish_wind_direction-2] [INFO] [1749138940.276167574] [publish_wind_direction]: Publishing: "id236:E"
[publish_wind_direction-2] [INFO] [1749138945.276266641] [publish_wind_direction]: Publishing: "id236:E"
[publish_wind_direction-2] [INFO] [1749138950.276223594] [publish_wind_direction]: Publishing: "id236:E"
[publish_wind_direction-2] [INFO] [1749138955.276002377] [publish_wind_direction]: Publishing: "id236:E"
[publish_wind_direction-2] [INFO] [1749138960.276530211] [publish_wind_direction]: Publishing: "id236:E"
[publish_wind_direction-2] [INFO] [1749138965.276220890] [publish_wind_direction]: Publishing: "id236:E"
[publish_wind_direction-2] [INFO] [1749138970.276222599] [publish_wind_direction]: Publishing: "id236:E"
[publish_wind_direction-2] [INFO] [1749138975.276259475] [publish_wind_direction]: Publishing: "id236:E"
[publish_wind_direction-2] [INFO] [1749138980.276528512] [publish_wind_direction]: Publishing: "id236:E"
[publish_wind_direction-2] [INFO] [1749138985.276247511] [publish_wind_direction]: Publishing: "id236:E"
[publish_wind_direction-2] [INFO] [1749138990.276141069] [publish_wind_direction]: Publishing: "id236:E"
[publish_wind_direction-2] [INFO] [1749138995.276208338] [publish_wind_direction]: Publishing: "id236:E"
[publish_wind_direction-2] [INFO] [1749139000.276172306] [publish_wind_direction]: Publishing: "id236:E"
[publish_wind_direction-2] [INFO] [1749139005.276199020] [publish_wind_direction]: Publishing: "id236:E"
[publish_wind_direction-2] [INFO] [1749139010.276214241] [publish_wind_direction]: Publishing: "id236:E"
[publish_wind_direction-2] [INFO] [1749139015.276008849] [publish_wind_direction]: Publishing: "id236:E"
[publish_wind_direction-2] [INFO] [1749139020.276245903] [publish_wind_direction]: Publishing: "id236:E"
[publish_wind_direction-2] [INFO] [1749139025.276419803] [publish_wind_direction]: Publishing: "id236:E"
[publish_wind_direction-2] [INFO] [1749139030.276050938] [publish_wind_direction]: Publishing: "id236:E"
[publish_wind_direction-2] [INFO] [1749139035.276105508] [publish_wind_direction]: Publishing: "id236:E"
[publish_wind_direction-2] [INFO] [1749139040.275599378] [publish_wind_direction]: Raising exception
[publish_wind_direction-2] [INFO] [1749139040.278384966] [publish_wind_direction]: Publisher stopping, exception
[INFO] [publish_wind_direction-2]: process has finished cleanly [pid 842]
[random_robot_move-1] [INFO] [1749139061.200155280] [random_robot_move]: Exception, shutting down
