[INFO] [launch]: All log files can be found below /home/thymio/.ros/log/2025-06-04-14-38-20-466048-thymio-820
[INFO] [launch]: Default logging verbosity is set to INFO
[INFO] [random_robot_move-1]: process started with pid [842]
[INFO] [publish_wind_direction-2]: process started with pid [844]
[publish_wind_direction-2] /usr/lib/python3/dist-packages/scipy/__init__.py:146: UserWarning: A NumPy version >=1.17.3 and <1.25.0 is required for this version of SciPy (detected version 1.26.4
[publish_wind_direction-2]   warnings.warn(f"A NumPy version >={np_minversion} and <{np_maxversion}"
[random_robot_move-1] [INFO] [1749047907.343691401] [random_robot_move]: Robot Control Node started.
[publish_wind_direction-2] [INFO] [1749047909.386417212] [publish_wind_direction]: Publishing: "id137:S"
[publish_wind_direction-2] [INFO] [1749047914.429459578] [publish_wind_direction]: ***Cam angle= -232.38802129304605, vico ang deg= 0.0 Ground Truth= 127.61197870695395
[publish_wind_direction-2] [INFO] [1749047914.431871597] [publish_wind_direction]: ***Corrected Wind Direction= W
[publish_wind_direction-2] [INFO] [1749047914.435909227] [publish_wind_direction]: Publishing: "id137:S"
[publish_wind_direction-2] [INFO] [1749047918.378722863] [publish_wind_direction]: ***Cam angle= 9.503277219475649, vico ang deg= 0.0 Ground Truth= 9.503277219475649
[publish_wind_direction-2] [INFO] [1749047918.381267604] [publish_wind_direction]: ***Corrected Wind Direction= N
[publish_wind_direction-2] [INFO] [1749047919.254075440] [publish_wind_direction]: Publishing: "id137:S"
[publish_wind_direction-2] [INFO] [1749047923.176562216] [publish_wind_direction]: ***Cam angle= -33.19827118321683, vico ang deg= 0.0 Ground Truth= 326.80172881678317
[publish_wind_direction-2] [INFO] [1749047923.179254123] [publish_wind_direction]: ***Corrected Wind Direction= N
[publish_wind_direction-2] [INFO] [1749047924.254793820] [publish_wind_direction]: Publishing: "id137:S"
[publish_wind_direction-2] [INFO] [1749047928.065054913] [publish_wind_direction]: ***Cam angle= -26.621572032940286, vico ang deg= 0.0 Ground Truth= 333.37842796705974
[publish_wind_direction-2] [INFO] [1749047928.067636931] [publish_wind_direction]: ***Corrected Wind Direction= N
[publish_wind_direction-2] [INFO] [1749047929.253654333] [publish_wind_direction]: Publishing: "id137:S"
[publish_wind_direction-2] [INFO] [1749047933.199432563] [publish_wind_direction]: ***Cam angle= -84.66925061565398, vico ang deg= 0.0 Ground Truth= 275.330749384346
[publish_wind_direction-2] [INFO] [1749047933.202282174] [publish_wind_direction]: ***Corrected Wind Direction= E
[publish_wind_direction-2] [INFO] [1749047934.253449088] [publish_wind_direction]: Publishing: "id137:S"
[publish_wind_direction-2] [INFO] [1749047938.082691742] [publish_wind_direction]: ***Cam angle= -21.38537394370367, vico ang deg= 0.0 Ground Truth= 338.61462605629634
[publish_wind_direction-2] [INFO] [1749047938.085180946] [publish_wind_direction]: ***Corrected Wind Direction= N
[publish_wind_direction-2] [INFO] [1749047939.253377925] [publish_wind_direction]: Publishing: "id137:S"
[publish_wind_direction-2] [INFO] [1749047942.989831743] [publish_wind_direction]: ***Cam angle= -52.53109322946376, vico ang deg= 0.0 Ground Truth= 307.46890677053625
[publish_wind_direction-2] [INFO] [1749047942.992232483] [publish_wind_direction]: ***Corrected Wind Direction= E
[publish_wind_direction-2] [INFO] [1749047944.253308399] [publish_wind_direction]: Publishing: "id137:S"
[publish_wind_direction-2] [INFO] [1749047947.991023098] [publish_wind_direction]: ***Cam angle= -67.549962490645, vico ang deg= 0.0 Ground Truth= 292.450037509355
[publish_wind_direction-2] [INFO] [1749047947.993484042] [publish_wind_direction]: ***Corrected Wind Direction= E
[publish_wind_direction-2] [INFO] [1749047949.253407247] [publish_wind_direction]: Publishing: "id137:S"
[publish_wind_direction-2] [INFO] [1749047953.072990056] [publish_wind_direction]: ***Cam angle= -76.2902701626847, vico ang deg= 0.0 Ground Truth= 283.7097298373153
[publish_wind_direction-2] [INFO] [1749047953.075411000] [publish_wind_direction]: ***Corrected Wind Direction= E
[publish_wind_direction-2] [INFO] [1749047954.253268291] [publish_wind_direction]: Publishing: "id137:S"
[publish_wind_direction-2] [INFO] [1749047957.959468400] [publish_wind_direction]: ***Cam angle= -78.08717776009622, vico ang deg= 0.0 Ground Truth= 281.9128222399038
[publish_wind_direction-2] [INFO] [1749047957.961951900] [publish_wind_direction]: ***Corrected Wind Direction= E
[publish_wind_direction-2] [INFO] [1749047959.253411151] [publish_wind_direction]: Publishing: "id137:S"
[publish_wind_direction-2] [INFO] [1749047962.981675212] [publish_wind_direction]: ***Cam angle= -69.64972768752254, vico ang deg= 0.0 Ground Truth= 290.35027231247744
[publish_wind_direction-2] [INFO] [1749047962.984081138] [publish_wind_direction]: ***Corrected Wind Direction= E
[publish_wind_direction-2] [INFO] [1749047964.253389978] [publish_wind_direction]: Publishing: "id137:S"
[publish_wind_direction-2] [INFO] [1749047967.976163292] [publish_wind_direction]: ***Cam angle= -208.13586024890876, vico ang deg= 0.0 Ground Truth= 151.86413975109124
[publish_wind_direction-2] [INFO] [1749047967.978625607] [publish_wind_direction]: ***Corrected Wind Direction= S
[publish_wind_direction-2] [INFO] [1749047969.253405982] [publish_wind_direction]: Publishing: "id137:S"
[publish_wind_direction-2] [INFO] [1749047973.015019938] [publish_wind_direction]: ***Cam angle= 45.247725112398115, vico ang deg= 0.0 Ground Truth= 45.247725112398115
[publish_wind_direction-2] [INFO] [1749047973.018501290] [publish_wind_direction]: ***Corrected Wind Direction= W
[publish_wind_direction-2] [INFO] [1749047974.253667349] [publish_wind_direction]: Publishing: "id137:S"
[publish_wind_direction-2] [INFO] [1749047978.080872153] [publish_wind_direction]: ***Cam angle= 42.8193500636489, vico ang deg= 0.0 Ground Truth= 42.8193500636489
[publish_wind_direction-2] [INFO] [1749047978.083493024] [publish_wind_direction]: ***Corrected Wind Direction= N
[publish_wind_direction-2] [INFO] [1749047979.253504655] [publish_wind_direction]: Publishing: "id137:S"
[publish_wind_direction-2] [INFO] [1749047983.072501846] [publish_wind_direction]: ***Cam angle= 47.06221524060899, vico ang deg= 0.0 Ground Truth= 47.06221524060899
[publish_wind_direction-2] [INFO] [1749047983.075006031] [publish_wind_direction]: ***Corrected Wind Direction= W
[publish_wind_direction-2] [INFO] [1749047984.253517903] [publish_wind_direction]: Publishing: "id137:S"
[publish_wind_direction-2] [INFO] [1749047988.021217461] [publish_wind_direction]: ***Cam angle= 36.320119959654704, vico ang deg= 0.0 Ground Truth= 36.320119959654704
[publish_wind_direction-2] [INFO] [1749047988.024642406] [publish_wind_direction]: ***Corrected Wind Direction= N
[publish_wind_direction-2] [INFO] [1749047989.253601851] [publish_wind_direction]: Publishing: "id137:S"
[publish_wind_direction-2] [INFO] [1749047992.994254001] [publish_wind_direction]: ***Cam angle= -110.33472312984048, vico ang deg= 0.0 Ground Truth= 249.66527687015952
[publish_wind_direction-2] [INFO] [1749047992.996672279] [publish_wind_direction]: ***Corrected Wind Direction= E
[publish_wind_direction-2] [INFO] [1749047994.253524260] [publish_wind_direction]: Publishing: "id137:S"
[publish_wind_direction-2] [INFO] [1749047998.056440557] [publish_wind_direction]: ***Cam angle= -121.3995392640687, vico ang deg= 0.0 Ground Truth= 238.6004607359313
[publish_wind_direction-2] [INFO] [1749047998.059892409] [publish_wind_direction]: ***Corrected Wind Direction= E
[publish_wind_direction-2] [INFO] [1749047999.253549594] [publish_wind_direction]: Publishing: "id137:S"
[publish_wind_direction-2] [INFO] [1749048002.999820002] [publish_wind_direction]: ***Cam angle= -227.8937276776345, vico ang deg= 0.0 Ground Truth= 132.1062723223655
[publish_wind_direction-2] [INFO] [1749048003.002296242] [publish_wind_direction]: ***Corrected Wind Direction= W
[publish_wind_direction-2] [INFO] [1749048004.253384390] [publish_wind_direction]: Publishing: "id137:S"
[publish_wind_direction-2] [INFO] [1749048008.003990760] [publish_wind_direction]: ***Cam angle= -240.07038183190153, vico ang deg= 0.0 Ground Truth= 119.92961816809847
[publish_wind_direction-2] [INFO] [1749048008.006477723] [publish_wind_direction]: ***Corrected Wind Direction= W
[publish_wind_direction-2] [INFO] [1749048009.253417500] [publish_wind_direction]: Publishing: "id137:S"
[publish_wind_direction-2] [INFO] [1749048013.001455833] [publish_wind_direction]: ***Cam angle= -152.7966975989246, vico ang deg= 0.0 Ground Truth= 207.2033024010754
[publish_wind_direction-2] [INFO] [1749048013.003896277] [publish_wind_direction]: ***Corrected Wind Direction= S
[publish_wind_direction-2] [INFO] [1749048014.253415258] [publish_wind_direction]: Publishing: "id137:S"
[publish_wind_direction-2] [INFO] [1749048018.071628886] [publish_wind_direction]: ***Cam angle= -142.18448560361523, vico ang deg= 0.0 Ground Truth= 217.81551439638477
[publish_wind_direction-2] [INFO] [1749048018.074107627] [publish_wind_direction]: ***Corrected Wind Direction= S
[publish_wind_direction-2] [INFO] [1749048019.253386978] [publish_wind_direction]: Publishing: "id137:S"
[publish_wind_direction-2] [INFO] [1749048023.082380625] [publish_wind_direction]: ***Cam angle= -152.3510690300492, vico ang deg= 0.0 Ground Truth= 207.6489309699508
[publish_wind_direction-2] [INFO] [1749048023.084903810] [publish_wind_direction]: ***Corrected Wind Direction= S
[publish_wind_direction-2] [INFO] [1749048024.253395698] [publish_wind_direction]: Publishing: "id137:S"
[publish_wind_direction-2] [INFO] [1749048028.040741863] [publish_wind_direction]: ***Cam angle= -166.897851013786, vico ang deg= 0.0 Ground Truth= 193.102148986214
[publish_wind_direction-2] [INFO] [1749048028.043251159] [publish_wind_direction]: ***Corrected Wind Direction= S
[publish_wind_direction-2] [INFO] [1749048029.253371659] [publish_wind_direction]: Publishing: "id137:S"
[publish_wind_direction-2] [INFO] [1749048033.024074786] [publish_wind_direction]: ***Cam angle= -191.60285028554026, vico ang deg= 0.0 Ground Truth= 168.39714971445974
[publish_wind_direction-2] [INFO] [1749048033.026661064] [publish_wind_direction]: ***Corrected Wind Direction= S
[publish_wind_direction-2] [INFO] [1749048034.253386434] [publish_wind_direction]: Publishing: "id137:S"
[publish_wind_direction-2] [INFO] [1749048038.017409636] [publish_wind_direction]: ***Cam angle= -173.95820004838413, vico ang deg= 0.0 Ground Truth= 186.04179995161587
[publish_wind_direction-2] [INFO] [1749048038.019859284] [publish_wind_direction]: ***Corrected Wind Direction= S
[publish_wind_direction-2] [INFO] [1749048039.253406005] [publish_wind_direction]: Publishing: "id137:S"
[publish_wind_direction-2] [INFO] [1749048042.972153300] [publish_wind_direction]: ***Cam angle= -92.18477419172902, vico ang deg= 0.0 Ground Truth= 267.81522580827095
[publish_wind_direction-2] [INFO] [1749048042.974633892] [publish_wind_direction]: ***Corrected Wind Direction= E
[publish_wind_direction-2] [INFO] [1749048044.253160817] [publish_wind_direction]: Publishing: "id137:S"
[publish_wind_direction-2] [INFO] [1749048048.309695408] [publish_wind_direction]: ***Cam angle= 47.25766504187254, vico ang deg= 0.0 Ground Truth= 47.25766504187254
[publish_wind_direction-2] [INFO] [1749048048.312131982] [publish_wind_direction]: ***Corrected Wind Direction= W
[publish_wind_direction-2] [INFO] [1749048049.253421444] [publish_wind_direction]: Publishing: "id137:S"
[publish_wind_direction-2] [INFO] [1749048052.982001535] [publish_wind_direction]: ***Cam angle= 45.081607849883255, vico ang deg= 0.0 Ground Truth= 45.081607849883255
[publish_wind_direction-2] [INFO] [1749048052.984468831] [publish_wind_direction]: ***Corrected Wind Direction= W
[publish_wind_direction-2] [INFO] [1749048054.253378404] [publish_wind_direction]: Publishing: "id137:S"
[publish_wind_direction-2] [INFO] [1749048057.987187124] [publish_wind_direction]: ***Cam angle= 69.31749013908396, vico ang deg= 0.0 Ground Truth= 69.31749013908396
[publish_wind_direction-2] [INFO] [1749048057.989669846] [publish_wind_direction]: ***Corrected Wind Direction= W
[publish_wind_direction-2] [INFO] [1749048059.253372253] [publish_wind_direction]: Publishing: "id137:S"
[publish_wind_direction-2] [INFO] [1749048062.975833325] [publish_wind_direction]: ***Cam angle= 83.54132786531463, vico ang deg= 0.0 Ground Truth= 83.54132786531463
[publish_wind_direction-2] [INFO] [1749048062.978339807] [publish_wind_direction]: ***Corrected Wind Direction= W
[publish_wind_direction-2] [INFO] [1749048064.253392491] [publish_wind_direction]: Publishing: "id137:S"
[publish_wind_direction-2] [INFO] [1749048067.965084359] [publish_wind_direction]: ***Cam angle= -261.85397151518555, vico ang deg= 0.0 Ground Truth= 98.14602848481445
[publish_wind_direction-2] [INFO] [1749048067.967525618] [publish_wind_direction]: ***Corrected Wind Direction= W
[publish_wind_direction-2] [INFO] [1749048069.253419544] [publish_wind_direction]: Publishing: "id137:S"
[publish_wind_direction-2] [INFO] [1749048073.021591615] [publish_wind_direction]: ***Cam angle= -265.282557759987, vico ang deg= 0.0 Ground Truth= 94.71744224001299
[publish_wind_direction-2] [INFO] [1749048073.025046060] [publish_wind_direction]: ***Corrected Wind Direction= W
[publish_wind_direction-2] [INFO] [1749048074.253376430] [publish_wind_direction]: Publishing: "id137:S"
[publish_wind_direction-2] [INFO] [1749048078.047300131] [publish_wind_direction]: ***Cam angle= -233.57661320991247, vico ang deg= 0.0 Ground Truth= 126.42338679008753
[publish_wind_direction-2] [INFO] [1749048078.049744390] [publish_wind_direction]: ***Corrected Wind Direction= W
[publish_wind_direction-2] [INFO] [1749048079.253403112] [publish_wind_direction]: Publishing: "id137:S"
[publish_wind_direction-2] [INFO] [1749048082.983682924] [publish_wind_direction]: ***Cam angle= -227.43272302941156, vico ang deg= 0.0 Ground Truth= 132.56727697058844
[publish_wind_direction-2] [INFO] [1749048082.986072221] [publish_wind_direction]: ***Corrected Wind Direction= W
[publish_wind_direction-2] [INFO] [1749048084.253396998] [publish_wind_direction]: Publishing: "id137:S"
[publish_wind_direction-2] [INFO] [1749048087.968598847] [publish_wind_direction]: ***Cam angle= -229.46551741500343, vico ang deg= 0.0 Ground Truth= 130.53448258499657
[publish_wind_direction-2] [INFO] [1749048087.971131495] [publish_wind_direction]: ***Corrected Wind Direction= W
[publish_wind_direction-2] [INFO] [1749048089.253389810] [publish_wind_direction]: Publishing: "id137:S"
[publish_wind_direction-2] [INFO] [1749048093.011371604] [publish_wind_direction]: ***Cam angle= -223.81249732193402, vico ang deg= 0.0 Ground Truth= 136.18750267806598
[publish_wind_direction-2] [INFO] [1749048093.013841770] [publish_wind_direction]: ***Corrected Wind Direction= S
[publish_wind_direction-2] [INFO] [1749048094.253763955] [publish_wind_direction]: Publishing: "id137:S"
[publish_wind_direction-2] [INFO] [1749048098.011264323] [publish_wind_direction]: ***Cam angle= -230.45810831363417, vico ang deg= 0.0 Ground Truth= 129.54189168636583
[publish_wind_direction-2] [INFO] [1749048098.013758341] [publish_wind_direction]: ***Corrected Wind Direction= W
[publish_wind_direction-2] [INFO] [1749048099.253406581] [publish_wind_direction]: Publishing: "id137:S"
[publish_wind_direction-2] [INFO] [1749048103.026239672] [publish_wind_direction]: ***Cam angle= -186.31594616528463, vico ang deg= 0.0 Ground Truth= 173.68405383471537
[publish_wind_direction-2] [INFO] [1749048103.028534968] [publish_wind_direction]: ***Corrected Wind Direction= S
[publish_wind_direction-2] [INFO] [1749048104.253415967] [publish_wind_direction]: Publishing: "id137:S"
[publish_wind_direction-2] [INFO] [1749048108.015970687] [publish_wind_direction]: ***Cam angle= -49.54182326840459, vico ang deg= 0.0 Ground Truth= 310.4581767315954
[publish_wind_direction-2] [INFO] [1749048108.018489595] [publish_wind_direction]: ***Corrected Wind Direction= E
[publish_wind_direction-2] [INFO] [1749048109.253362390] [publish_wind_direction]: Publishing: "id137:S"
[publish_wind_direction-2] [INFO] [1749048112.986242499] [publish_wind_direction]: ***Cam angle= -999.0, vico ang deg= 0.0 Ground Truth= 81.0
[publish_wind_direction-2] [INFO] [1749048112.988651166] [publish_wind_direction]: ***Corrected Wind Direction= W
[publish_wind_direction-2] [INFO] [1749048114.253403850] [publish_wind_direction]: Publishing: "id137:S"
[publish_wind_direction-2] [INFO] [1749048118.046656737] [publish_wind_direction]: ***Cam angle= 0.5081646036944818, vico ang deg= 0.0 Ground Truth= 0.5081646036944818
[publish_wind_direction-2] [INFO] [1749048118.049143255] [publish_wind_direction]: ***Corrected Wind Direction= N
[publish_wind_direction-2] [INFO] [1749048119.253311903] [publish_wind_direction]: Publishing: "id137:S"
[publish_wind_direction-2] [INFO] [1749048123.028919178] [publish_wind_direction]: ***Cam angle= 1.3151273142227922, vico ang deg= 0.0 Ground Truth= 1.3151273142227922
[publish_wind_direction-2] [INFO] [1749048123.032413771] [publish_wind_direction]: ***Corrected Wind Direction= N
[publish_wind_direction-2] [INFO] [1749048124.253275270] [publish_wind_direction]: Publishing: "id137:S"
[publish_wind_direction-2] [INFO] [1749048127.987102842] [publish_wind_direction]: ***Cam angle= 4.3176376234023905, vico ang deg= 0.0 Ground Truth= 4.3176376234023905
[publish_wind_direction-2] [INFO] [1749048127.989595009] [publish_wind_direction]: ***Corrected Wind Direction= N
[publish_wind_direction-2] [INFO] [1749048129.253370730] [publish_wind_direction]: Publishing: "id137:S"
[publish_wind_direction-2] [INFO] [1749048132.910369617] [publish_wind_direction]: ***Cam angle= -91.0646848113864, vico ang deg= 0.0 Ground Truth= 268.9353151886136
[publish_wind_direction-2] [INFO] [1749048132.912807654] [publish_wind_direction]: ***Corrected Wind Direction= E
[publish_wind_direction-2] [INFO] [1749048134.253403820] [publish_wind_direction]: Publishing: "id137:S"
[publish_wind_direction-2] [INFO] [1749048138.017378132] [publish_wind_direction]: ***Cam angle= -106.10225556154522, vico ang deg= 0.0 Ground Truth= 253.89774443845477
[publish_wind_direction-2] [INFO] [1749048138.019781262] [publish_wind_direction]: ***Corrected Wind Direction= E
[publish_wind_direction-2] [INFO] [1749048139.253556298] [publish_wind_direction]: Publishing: "id137:S"
[publish_wind_direction-2] [INFO] [1749048143.151850500] [publish_wind_direction]: ***Cam angle= -114.75782587810275, vico ang deg= 0.0 Ground Truth= 245.24217412189725
[publish_wind_direction-2] [INFO] [1749048143.155326481] [publish_wind_direction]: ***Corrected Wind Direction= E
[publish_wind_direction-2] [INFO] [1749048144.253278795] [publish_wind_direction]: Publishing: "id137:S"
[publish_wind_direction-2] [INFO] [1749048148.081459515] [publish_wind_direction]: ***Cam angle= -119.55836911529981, vico ang deg= 0.0 Ground Truth= 240.4416308847002
[publish_wind_direction-2] [INFO] [1749048148.085052626] [publish_wind_direction]: ***Corrected Wind Direction= E
[publish_wind_direction-2] [INFO] [1749048149.253281718] [publish_wind_direction]: Publishing: "id137:S"
[publish_wind_direction-2] [INFO] [1749048152.956924605] [publish_wind_direction]: ***Cam angle= -999.0, vico ang deg= 0.0 Ground Truth= 81.0
[publish_wind_direction-2] [INFO] [1749048152.959334253] [publish_wind_direction]: ***Corrected Wind Direction= W
[publish_wind_direction-2] [INFO] [1749048154.253237993] [publish_wind_direction]: Publishing: "id137:S"
[publish_wind_direction-2] [INFO] [1749048158.014281583] [publish_wind_direction]: ***Cam angle= -128.50384485893343, vico ang deg= 0.0 Ground Truth= 231.49615514106657
[publish_wind_direction-2] [INFO] [1749048158.016731139] [publish_wind_direction]: ***Corrected Wind Direction= E
[publish_wind_direction-2] [INFO] [1749048159.253502953] [publish_wind_direction]: Publishing: "id137:S"
[publish_wind_direction-2] [INFO] [1749048163.064050488] [publish_wind_direction]: ***Cam angle= -142.92477099529773, vico ang deg= 0.0 Ground Truth= 217.07522900470227
[publish_wind_direction-2] [INFO] [1749048163.066586006] [publish_wind_direction]: ***Corrected Wind Direction= S
[publish_wind_direction-2] [INFO] [1749048164.253407524] [publish_wind_direction]: Publishing: "id137:S"
[publish_wind_direction-2] [INFO] [1749048168.073541022] [publish_wind_direction]: ***Cam angle= 34.95176821679193, vico ang deg= 0.0 Ground Truth= 34.95176821679193
[publish_wind_direction-2] [INFO] [1749048168.075993466] [publish_wind_direction]: ***Corrected Wind Direction= N
[publish_wind_direction-2] [INFO] [1749048169.253396503] [publish_wind_direction]: Publishing: "id137:S"
[publish_wind_direction-2] [INFO] [1749048173.052058556] [publish_wind_direction]: ***Cam angle= -999.0, vico ang deg= 0.0 Ground Truth= 81.0
[publish_wind_direction-2] [INFO] [1749048173.054553963] [publish_wind_direction]: ***Corrected Wind Direction= W
[publish_wind_direction-2] [INFO] [1749048174.253376889] [publish_wind_direction]: Publishing: "id137:S"
[publish_wind_direction-2] [INFO] [1749048178.013171257] [publish_wind_direction]: ***Cam angle= -74.79476519363214, vico ang deg= 0.0 Ground Truth= 285.20523480636786
[publish_wind_direction-2] [INFO] [1749048178.016518738] [publish_wind_direction]: ***Corrected Wind Direction= E
[publish_wind_direction-2] [INFO] [1749048179.253075015] [publish_wind_direction]: Publishing: "id137:S"
[publish_wind_direction-2] [INFO] [1749048182.981918680] [publish_wind_direction]: ***Cam angle= -72.86467998631345, vico ang deg= 0.0 Ground Truth= 287.13532001368657
[publish_wind_direction-2] [INFO] [1749048182.984361550] [publish_wind_direction]: ***Corrected Wind Direction= E
[publish_wind_direction-2] [INFO] [1749048184.253383457] [publish_wind_direction]: Publishing: "id137:S"
[publish_wind_direction-2] [INFO] [1749048188.109693732] [publish_wind_direction]: ***Cam angle= -85.41903455650491, vico ang deg= 0.0 Ground Truth= 274.5809654434951
[publish_wind_direction-2] [INFO] [1749048188.112075677] [publish_wind_direction]: ***Corrected Wind Direction= E
[publish_wind_direction-2] [INFO] [1749048189.253393491] [publish_wind_direction]: Publishing: "id137:S"
[publish_wind_direction-2] [INFO] [1749048193.030113507] [publish_wind_direction]: ***Cam angle= -75.80677219161171, vico ang deg= 0.0 Ground Truth= 284.1932278083883
[publish_wind_direction-2] [INFO] [1749048193.032547729] [publish_wind_direction]: ***Corrected Wind Direction= E
[publish_wind_direction-2] [INFO] [1749048194.253453025] [publish_wind_direction]: Publishing: "id137:S"
[publish_wind_direction-2] [INFO] [1749048198.014813485] [publish_wind_direction]: ***Cam angle= -97.2714786510129, vico ang deg= 0.0 Ground Truth= 262.7285213489871
[publish_wind_direction-2] [INFO] [1749048198.017275874] [publish_wind_direction]: ***Corrected Wind Direction= E
[publish_wind_direction-2] [INFO] [1749048199.253288707] [publish_wind_direction]: Publishing: "id137:S"
[publish_wind_direction-2] [INFO] [1749048203.017589834] [publish_wind_direction]: ***Cam angle= -65.5818774101095, vico ang deg= 0.0 Ground Truth= 294.4181225898905
[publish_wind_direction-2] [INFO] [1749048203.019996112] [publish_wind_direction]: ***Corrected Wind Direction= E
[publish_wind_direction-2] [INFO] [1749048204.253387371] [publish_wind_direction]: Publishing: "id137:S"
[publish_wind_direction-2] [INFO] [1749048208.075648308] [publish_wind_direction]: ***Cam angle= -73.23046076300491, vico ang deg= 0.0 Ground Truth= 286.7695392369951
[publish_wind_direction-2] [INFO] [1749048208.078129417] [publish_wind_direction]: ***Corrected Wind Direction= E
[publish_wind_direction-2] [INFO] [1749048209.253209975] [publish_wind_direction]: Raising exception
[publish_wind_direction-2] [INFO] [1749048209.256090963] [publish_wind_direction]: Publisher stopping, exception
[INFO] [publish_wind_direction-2]: process has finished cleanly [pid 844]
[random_robot_move-1] [INFO] [1749048220.991083236] [random_robot_move]: Exception, shutting down
