[INFO] [launch]: All log files can be found below /home/thymio/.ros/log/2025-06-04-15-19-42-279718-thymio-823
[INFO] [launch]: Default logging verbosity is set to INFO
[INFO] [random_robot_move-1]: process started with pid [845]
[INFO] [publish_wind_direction-2]: process started with pid [847]
[publish_wind_direction-2] /usr/lib/python3/dist-packages/scipy/__init__.py:146: UserWarning: A NumPy version >=1.17.3 and <1.25.0 is required for this version of SciPy (detected version 1.26.4
[publish_wind_direction-2]   warnings.warn(f"A NumPy version >={np_minversion} and <{np_maxversion}"
[random_robot_move-1] [INFO] [1749050389.120895897] [random_robot_move]: Robot Control Node started.
[publish_wind_direction-2] [INFO] [1749050391.193257091] [publish_wind_direction]: Publishing: "id68:S"
[publish_wind_direction-2] [INFO] [1749050395.675323838] [publish_wind_direction]: ***Cam angle= -120.65629105721075, vico ang deg= 0.0 Ground Truth= 239.34370894278925
[publish_wind_direction-2] [INFO] [1749050395.677568076] [publish_wind_direction]: ***Corrected Wind Direction= E
[publish_wind_direction-2] [INFO] [1749050396.066024813] [publish_wind_direction]: Publishing: "id68:S"
[publish_wind_direction-2] [INFO] [1749050400.109491987] [publish_wind_direction]: ***Cam angle= -67.68010473720499, vico ang deg= 0.0 Ground Truth= 292.319895262795
[publish_wind_direction-2] [INFO] [1749050400.112032972] [publish_wind_direction]: ***Corrected Wind Direction= E
[publish_wind_direction-2] [INFO] [1749050401.066244532] [publish_wind_direction]: Publishing: "id68:S"
[publish_wind_direction-2] [INFO] [1749050405.694789697] [publish_wind_direction]: ***Cam angle= -999.0, vico ang deg= 0.0 Ground Truth= 81.0
[publish_wind_direction-2] [INFO] [1749050405.698668566] [publish_wind_direction]: ***Corrected Wind Direction= W
[publish_wind_direction-2] [INFO] [1749050406.069147105] [publish_wind_direction]: Publishing: "id68:S"
[publish_wind_direction-2] [INFO] [1749050410.383070690] [publish_wind_direction]: ***Cam angle= -84.09754596978468, vico ang deg= 0.0 Ground Truth= 275.9024540302153
[publish_wind_direction-2] [INFO] [1749050410.385751941] [publish_wind_direction]: ***Corrected Wind Direction= E
[publish_wind_direction-2] [INFO] [1749050411.066123138] [publish_wind_direction]: Publishing: "id68:S"
[publish_wind_direction-2] [INFO] [1749050415.598682986] [publish_wind_direction]: ***Cam angle= -999.0, vico ang deg= 0.0 Ground Truth= 81.0
[publish_wind_direction-2] [INFO] [1749050415.601128614] [publish_wind_direction]: ***Corrected Wind Direction= W
[publish_wind_direction-2] [INFO] [1749050416.067089336] [publish_wind_direction]: Publishing: "id68:S"
[publish_wind_direction-2] [INFO] [1749050420.509379679] [publish_wind_direction]: ***Cam angle= -103.94112593015602, vico ang deg= 0.0 Ground Truth= 256.05887406984397
[publish_wind_direction-2] [INFO] [1749050420.511838540] [publish_wind_direction]: ***Corrected Wind Direction= E
[publish_wind_direction-2] [INFO] [1749050421.065957822] [publish_wind_direction]: Publishing: "id68:S"
[publish_wind_direction-2] [INFO] [1749050424.942395229] [publish_wind_direction]: ***Cam angle= -110.80486137191193, vico ang deg= 0.0 Ground Truth= 249.19513862808807
[publish_wind_direction-2] [INFO] [1749050424.946024772] [publish_wind_direction]: ***Corrected Wind Direction= E
[publish_wind_direction-2] [INFO] [1749050426.066016304] [publish_wind_direction]: Publishing: "id68:S"
[publish_wind_direction-2] [INFO] [1749050430.351116533] [publish_wind_direction]: ***Cam angle= -999.0, vico ang deg= 0.0 Ground Truth= 81.0
[publish_wind_direction-2] [INFO] [1749050430.353653263] [publish_wind_direction]: ***Corrected Wind Direction= W
[publish_wind_direction-2] [INFO] [1749050431.066073911] [publish_wind_direction]: Publishing: "id68:S"
[publish_wind_direction-2] [INFO] [1749050435.313964570] [publish_wind_direction]: ***Cam angle= -64.99687869499462, vico ang deg= 0.0 Ground Truth= 295.0031213050054
[publish_wind_direction-2] [INFO] [1749050435.316416262] [publish_wind_direction]: ***Corrected Wind Direction= E
[publish_wind_direction-2] [INFO] [1749050435.321128439] [publish_wind_direction]: w=0.695 x_rot=-0.1469  y_rot=0.6924 z_rot=0.1261
[publish_wind_direction-2] [INFO] [1749050435.323652256] [publish_wind_direction]: Vicon Yaw Rads= 1.6502939317392826
[publish_wind_direction-2] [INFO] [1749050435.326136152] [publish_wind_direction]: ** Vicon Yaw Degrees= 94.55487724471166
[publish_wind_direction-2] [INFO] [1749050435.328593136] [publish_wind_direction]: Vicon Position= [1176.34228515625, 228.50021362304688]
[publish_wind_direction-2] [INFO] [1749050435.331153766] [publish_wind_direction]: Neighbourhood size: 5
[publish_wind_direction-2] [INFO] [1749050436.066187594] [publish_wind_direction]: Publishing: "id68:S"
[publish_wind_direction-2] [INFO] [1749050439.904843707] [publish_wind_direction]: ***Cam angle= -999.0, vico ang deg= 94.55487724471166 Ground Truth= 175.55487724471163
[publish_wind_direction-2] [INFO] [1749050439.907284199] [publish_wind_direction]: ***Corrected Wind Direction= S
[publish_wind_direction-2] [INFO] [1749050441.066248397] [publish_wind_direction]: Publishing: "id68:S"
[publish_wind_direction-2] [INFO] [1749050444.918131398] [publish_wind_direction]: ***Cam angle= -105.45454818213406, vico ang deg= 94.55487724471166 Ground Truth= 349.1003290625776
[publish_wind_direction-2] [INFO] [1749050444.921574806] [publish_wind_direction]: ***Corrected Wind Direction= N
[publish_wind_direction-2] [INFO] [1749050445.243053169] [publish_wind_direction]: w=0.2543 x_rot=-0.6599  y_rot=0.2313 z_rot=0.6681
[publish_wind_direction-2] [INFO] [1749050445.245932971] [publish_wind_direction]: Vicon Yaw Rads= 4.462530261771399
[publish_wind_direction-2] [INFO] [1749050445.248653781] [publish_wind_direction]: ** Vicon Yaw Degrees= 255.68414994891162
[publish_wind_direction-2] [INFO] [1749050445.251311402] [publish_wind_direction]: Vicon Position= [856.0362548828125, 418.0306396484375]
[publish_wind_direction-2] [INFO] [1749050445.254530083] [publish_wind_direction]: Neighbourhood size: 6
[publish_wind_direction-2] [INFO] [1749050446.066197636] [publish_wind_direction]: Publishing: "id68:S"
[publish_wind_direction-2] [INFO] [1749050449.882035063] [publish_wind_direction]: ***Cam angle= -999.0, vico ang deg= 255.68414994891162 Ground Truth= 336.6841499489117
[publish_wind_direction-2] [INFO] [1749050449.884531084] [publish_wind_direction]: ***Corrected Wind Direction= N
[publish_wind_direction-2] [INFO] [1749050451.066276009] [publish_wind_direction]: Publishing: "id68:S"
[publish_wind_direction-2] [INFO] [1749050454.947238309] [publish_wind_direction]: ***Cam angle= 4.767544066542413, vico ang deg= 255.68414994891162 Ground Truth= 260.45169401545405
[publish_wind_direction-2] [INFO] [1749050454.949724532] [publish_wind_direction]: ***Corrected Wind Direction= E
[publish_wind_direction-2] [INFO] [1749050456.066227703] [publish_wind_direction]: Publishing: "id68:S"
[publish_wind_direction-2] [INFO] [1749050459.813016842] [publish_wind_direction]: ***Cam angle= -6.816952359344441, vico ang deg= 255.68414994891162 Ground Truth= 248.86719758956718
[publish_wind_direction-2] [INFO] [1749050459.815596267] [publish_wind_direction]: ***Corrected Wind Direction= E
[publish_wind_direction-2] [INFO] [1749050461.066276404] [publish_wind_direction]: Publishing: "id68:S"
[publish_wind_direction-2] [INFO] [1749050464.751540834] [publish_wind_direction]: ***Cam angle= -24.545297234721602, vico ang deg= 255.68414994891162 Ground Truth= 231.13885271419002
[publish_wind_direction-2] [INFO] [1749050464.754183952] [publish_wind_direction]: ***Corrected Wind Direction= E
[publish_wind_direction-2] [INFO] [1749050466.066259534] [publish_wind_direction]: Publishing: "id68:S"
[publish_wind_direction-2] [INFO] [1749050470.146943371] [publish_wind_direction]: ***Cam angle= -43.48335251723782, vico ang deg= 255.68414994891162 Ground Truth= 212.2007974316738
[publish_wind_direction-2] [INFO] [1749050470.149423462] [publish_wind_direction]: ***Corrected Wind Direction= S
[publish_wind_direction-2] [INFO] [1749050471.066225079] [publish_wind_direction]: Publishing: "id68:S"
[publish_wind_direction-2] [INFO] [1749050475.568848564] [publish_wind_direction]: ***Cam angle= -83.92566480867421, vico ang deg= 255.68414994891162 Ground Truth= 171.7584851402374
[publish_wind_direction-2] [INFO] [1749050475.571300449] [publish_wind_direction]: ***Corrected Wind Direction= S
[publish_wind_direction-2] [INFO] [1749050476.066711230] [publish_wind_direction]: Publishing: "id68:S"
[publish_wind_direction-2] [INFO] [1749050480.087775708] [publish_wind_direction]: ***Cam angle= -106.6941393848455, vico ang deg= 255.68414994891162 Ground Truth= 148.99001056406613
[publish_wind_direction-2] [INFO] [1749050480.090363821] [publish_wind_direction]: ***Corrected Wind Direction= S
[publish_wind_direction-2] [INFO] [1749050481.066211949] [publish_wind_direction]: Publishing: "id68:S"
[publish_wind_direction-2] [INFO] [1749050485.019730902] [publish_wind_direction]: ***Cam angle= -89.39620940137178, vico ang deg= 255.68414994891162 Ground Truth= 166.28794054753985
[publish_wind_direction-2] [INFO] [1749050485.022236481] [publish_wind_direction]: ***Corrected Wind Direction= S
[publish_wind_direction-2] [INFO] [1749050486.066358733] [publish_wind_direction]: Publishing: "id68:S"
[publish_wind_direction-2] [INFO] [1749050489.786932254] [publish_wind_direction]: ***Cam angle= -99.76809620377392, vico ang deg= 255.68414994891162 Ground Truth= 155.9160537451377
[publish_wind_direction-2] [INFO] [1749050489.789385008] [publish_wind_direction]: ***Corrected Wind Direction= S
[publish_wind_direction-2] [INFO] [1749050491.066320258] [publish_wind_direction]: Publishing: "id68:S"
[publish_wind_direction-2] [INFO] [1749050494.835823228] [publish_wind_direction]: ***Cam angle= -86.82577946857013, vico ang deg= 255.68414994891162 Ground Truth= 168.85837048034148
[publish_wind_direction-2] [INFO] [1749050494.838267486] [publish_wind_direction]: ***Corrected Wind Direction= S
[publish_wind_direction-2] [INFO] [1749050496.066207875] [publish_wind_direction]: Publishing: "id68:S"
[publish_wind_direction-2] [INFO] [1749050500.111995930] [publish_wind_direction]: ***Cam angle= -181.2467637104404, vico ang deg= 255.68414994891162 Ground Truth= 74.43738623847122
[publish_wind_direction-2] [INFO] [1749050500.114455829] [publish_wind_direction]: ***Corrected Wind Direction= W
[publish_wind_direction-2] [INFO] [1749050501.066704540] [publish_wind_direction]: Publishing: "id68:S"
[publish_wind_direction-2] [INFO] [1749050504.985155017] [publish_wind_direction]: ***Cam angle= -61.68751055015139, vico ang deg= 255.68414994891162 Ground Truth= 193.99663939876024
[publish_wind_direction-2] [INFO] [1749050504.987539047] [publish_wind_direction]: ***Corrected Wind Direction= S
[publish_wind_direction-2] [INFO] [1749050506.066260952] [publish_wind_direction]: Publishing: "id68:S"
[publish_wind_direction-2] [INFO] [1749050510.176382065] [publish_wind_direction]: ***Cam angle= -91.70406607373685, vico ang deg= 255.68414994891162 Ground Truth= 163.98008387517478
[publish_wind_direction-2] [INFO] [1749050510.178996905] [publish_wind_direction]: ***Corrected Wind Direction= S
[publish_wind_direction-2] [INFO] [1749050511.066177500] [publish_wind_direction]: Publishing: "id68:S"
[publish_wind_direction-2] [INFO] [1749050514.803671427] [publish_wind_direction]: ***Cam angle= -86.61283077897176, vico ang deg= 255.68414994891162 Ground Truth= 169.07131916993987
[publish_wind_direction-2] [INFO] [1749050514.807113335] [publish_wind_direction]: ***Corrected Wind Direction= S
[publish_wind_direction-2] [INFO] [1749050516.066265609] [publish_wind_direction]: Publishing: "id68:S"
[publish_wind_direction-2] [INFO] [1749050519.826329061] [publish_wind_direction]: ***Cam angle= -90.71583866506435, vico ang deg= 255.68414994891162 Ground Truth= 164.96831128384727
[publish_wind_direction-2] [INFO] [1749050519.829756069] [publish_wind_direction]: ***Corrected Wind Direction= S
[publish_wind_direction-2] [INFO] [1749050519.836237641] [publish_wind_direction]: w=-0.389 x_rot=-0.566  y_rot=-0.4097 z_rot=0.6004
[publish_wind_direction-2] [INFO] [1749050519.839842986] [publish_wind_direction]: Vicon Yaw Rads= -0.18288327777410895
[publish_wind_direction-2] [INFO] [1749050519.843435966] [publish_wind_direction]: ** Vicon Yaw Degrees= -10.478439959975136
[publish_wind_direction-2] [INFO] [1749050519.846897161] [publish_wind_direction]: Vicon Position= [805.6785888671875, 299.6560974121094]
[publish_wind_direction-2] [INFO] [1749050519.850485606] [publish_wind_direction]: Neighbourhood size: 7
[publish_wind_direction-2] [INFO] [1749050521.066249790] [publish_wind_direction]: Publishing: "id68:S"
[publish_wind_direction-2] [INFO] [1749050525.090682120] [publish_wind_direction]: ***Cam angle= -183.6854377105621, vico ang deg= -10.478439959975136 Ground Truth= 165.83612232946277
[publish_wind_direction-2] [INFO] [1749050525.093106315] [publish_wind_direction]: ***Corrected Wind Direction= S
[publish_wind_direction-2] [INFO] [1749050526.066279873] [publish_wind_direction]: Publishing: "id68:S"
[publish_wind_direction-2] [INFO] [1749050529.895711419] [publish_wind_direction]: ***Cam angle= 64.77378670583039, vico ang deg= -10.478439959975136 Ground Truth= 54.295346745855255
[publish_wind_direction-2] [INFO] [1749050529.898191734] [publish_wind_direction]: ***Corrected Wind Direction= W
[publish_wind_direction-2] [INFO] [1749050531.066270217] [publish_wind_direction]: Publishing: "id68:S"
[publish_wind_direction-2] [INFO] [1749050535.309485804] [publish_wind_direction]: ***Cam angle= -22.29499138538226, vico ang deg= -10.478439959975136 Ground Truth= 327.2265686546426
[publish_wind_direction-2] [INFO] [1749050535.311864781] [publish_wind_direction]: ***Corrected Wind Direction= N
[publish_wind_direction-2] [INFO] [1749050536.066216305] [publish_wind_direction]: Publishing: "id68:S"
[publish_wind_direction-2] [INFO] [1749050540.339660530] [publish_wind_direction]: ***Cam angle= -76.48342929157654, vico ang deg= -10.478439959975136 Ground Truth= 273.03813074844834
[publish_wind_direction-2] [INFO] [1749050540.342130220] [publish_wind_direction]: ***Corrected Wind Direction= E
[publish_wind_direction-2] [INFO] [1749050541.066193118] [publish_wind_direction]: Publishing: "id68:S"
[publish_wind_direction-2] [INFO] [1749050545.013179821] [publish_wind_direction]: ***Cam angle= 52.986798906949645, vico ang deg= -10.478439959975136 Ground Truth= 42.50835894697451
[publish_wind_direction-2] [INFO] [1749050545.015598277] [publish_wind_direction]: ***Corrected Wind Direction= N
[publish_wind_direction-2] [INFO] [1749050545.020102543] [publish_wind_direction]: w=0.0943 x_rot=-0.6971  y_rot=0.0691 z_rot=0.7074
[publish_wind_direction-2] [INFO] [1749050545.022697948] [publish_wind_direction]: Vicon Yaw Rads= 4.743748565290213
[publish_wind_direction-2] [INFO] [1749050545.025166917] [publish_wind_direction]: ** Vicon Yaw Degrees= 271.79677186236864
[publish_wind_direction-2] [INFO] [1749050545.027590723] [publish_wind_direction]: Vicon Position= [772.6878051757812, 215.7709197998047]
[publish_wind_direction-2] [INFO] [1749050545.030372572] [publish_wind_direction]: Neighbourhood size: 3
[publish_wind_direction-2] [INFO] [1749050546.066220351] [publish_wind_direction]: Publishing: "id68:S"
[publish_wind_direction-2] [INFO] [1749050549.946866981] [publish_wind_direction]: ***Cam angle= -51.51707453059127, vico ang deg= 271.79677186236864 Ground Truth= 220.27969733177736
[publish_wind_direction-2] [INFO] [1749050549.949274462] [publish_wind_direction]: ***Corrected Wind Direction= S
[publish_wind_direction-2] [INFO] [1749050551.066300113] [publish_wind_direction]: Publishing: "id68:S"
[publish_wind_direction-2] [INFO] [1749050555.338151394] [publish_wind_direction]: ***Cam angle= -74.2253201634519, vico ang deg= 271.79677186236864 Ground Truth= 197.57145169891675
[publish_wind_direction-2] [INFO] [1749050555.344641833] [publish_wind_direction]: ***Corrected Wind Direction= S
[publish_wind_direction-2] [INFO] [1749050556.066305042] [publish_wind_direction]: Publishing: "id68:S"
[publish_wind_direction-2] [INFO] [1749050559.927378112] [publish_wind_direction]: ***Cam angle= -81.89220574708062, vico ang deg= 271.79677186236864 Ground Truth= 189.90456611528802
[publish_wind_direction-2] [INFO] [1749050559.929804139] [publish_wind_direction]: ***Corrected Wind Direction= S
[publish_wind_direction-2] [INFO] [1749050561.066238137] [publish_wind_direction]: Publishing: "id68:S"
[publish_wind_direction-2] [INFO] [1749050565.253314475] [publish_wind_direction]: ***Cam angle= -156.66588827087224, vico ang deg= 271.79677186236864 Ground Truth= 115.1308835914964
[publish_wind_direction-2] [INFO] [1749050565.256700688] [publish_wind_direction]: ***Corrected Wind Direction= W
[publish_wind_direction-2] [INFO] [1749050566.066078260] [publish_wind_direction]: Publishing: "id68:S"
[publish_wind_direction-2] [INFO] [1749050569.937951463] [publish_wind_direction]: ***Cam angle= -999.0, vico ang deg= 271.79677186236864 Ground Truth= 352.7967718623686
[publish_wind_direction-2] [INFO] [1749050569.941359444] [publish_wind_direction]: ***Corrected Wind Direction= N
[publish_wind_direction-2] [INFO] [1749050571.066079061] [publish_wind_direction]: Publishing: "id68:S"
[publish_wind_direction-2] [INFO] [1749050574.888120064] [publish_wind_direction]: ***Cam angle= -115.77992613869787, vico ang deg= 271.79677186236864 Ground Truth= 156.01684572367077
[publish_wind_direction-2] [INFO] [1749050574.890562564] [publish_wind_direction]: ***Corrected Wind Direction= S
[publish_wind_direction-2] [INFO] [1749050576.066210464] [publish_wind_direction]: Publishing: "id68:S"
[publish_wind_direction-2] [INFO] [1749050579.923615813] [publish_wind_direction]: ***Cam angle= -96.62512404430305, vico ang deg= 271.79677186236864 Ground Truth= 175.1716478180656
[publish_wind_direction-2] [INFO] [1749050579.926028236] [publish_wind_direction]: ***Corrected Wind Direction= S
[publish_wind_direction-2] [INFO] [1749050581.066238234] [publish_wind_direction]: Publishing: "id68:S"
[publish_wind_direction-2] [INFO] [1749050585.263158869] [publish_wind_direction]: ***Cam angle= -93.75126976098721, vico ang deg= 271.79677186236864 Ground Truth= 178.04550210138143
[publish_wind_direction-2] [INFO] [1749050585.265654269] [publish_wind_direction]: ***Corrected Wind Direction= S
[publish_wind_direction-2] [INFO] [1749050585.270163328] [publish_wind_direction]: w=0.1241 x_rot=-0.6896  y_rot=0.096 z_rot=0.707
[publish_wind_direction-2] [INFO] [1749050585.272825589] [publish_wind_direction]: Vicon Yaw Rads= 4.86919048347384
[publish_wind_direction-2] [INFO] [1749050585.275237308] [publish_wind_direction]: ** Vicon Yaw Degrees= 278.9840643483159
[publish_wind_direction-2] [INFO] [1749050585.277628408] [publish_wind_direction]: Vicon Position= [455.90533447265625, 293.1242980957031]
[publish_wind_direction-2] [INFO] [1749050585.280136487] [publish_wind_direction]: Neighbourhood size: 5
[publish_wind_direction-2] [INFO] [1749050586.066719424] [publish_wind_direction]: Publishing: "id68:S"
[publish_wind_direction-2] [INFO] [1749050589.974873756] [publish_wind_direction]: ***Cam angle= -52.16519598947689, vico ang deg= 278.9840643483159 Ground Truth= 226.81886835883898
[publish_wind_direction-2] [INFO] [1749050589.978542514] [publish_wind_direction]: ***Corrected Wind Direction= E
[publish_wind_direction-2] [INFO] [1749050591.066221050] [publish_wind_direction]: Publishing: "id68:S"
[publish_wind_direction-2] [INFO] [1749050594.907946520] [publish_wind_direction]: ***Cam angle= -47.70380922958294, vico ang deg= 278.9840643483159 Ground Truth= 231.28025511873295
[publish_wind_direction-2] [INFO] [1749050594.910392741] [publish_wind_direction]: ***Corrected Wind Direction= E
[publish_wind_direction-2] [INFO] [1749050596.066035167] [publish_wind_direction]: Publishing: "id68:S"
[publish_wind_direction-2] [INFO] [1749050600.346731912] [publish_wind_direction]: ***Cam angle= -91.93084810230626, vico ang deg= 278.9840643483159 Ground Truth= 187.05321624600964
[publish_wind_direction-2] [INFO] [1749050600.349255668] [publish_wind_direction]: ***Corrected Wind Direction= S
[publish_wind_direction-2] [INFO] [1749050601.066241902] [publish_wind_direction]: Publishing: "id68:S"
[publish_wind_direction-2] [INFO] [1749050604.927117793] [publish_wind_direction]: ***Cam angle= -999.0, vico ang deg= 278.9840643483159 Ground Truth= 359.9840643483159
[publish_wind_direction-2] [INFO] [1749050604.929708682] [publish_wind_direction]: ***Corrected Wind Direction= N
[publish_wind_direction-2] [INFO] [1749050606.066253328] [publish_wind_direction]: Publishing: "id68:S"
[publish_wind_direction-2] [INFO] [1749050609.999018534] [publish_wind_direction]: ***Cam angle= -999.0, vico ang deg= 278.9840643483159 Ground Truth= 359.9840643483159
[publish_wind_direction-2] [INFO] [1749050610.001456388] [publish_wind_direction]: ***Corrected Wind Direction= N
[publish_wind_direction-2] [INFO] [1749050610.005930483] [publish_wind_direction]: w=0.1241 x_rot=-0.6896  y_rot=0.096 z_rot=0.707
[publish_wind_direction-2] [INFO] [1749050610.008401433] [publish_wind_direction]: Vicon Yaw Rads= 4.86919048347384
[publish_wind_direction-2] [INFO] [1749050610.010963281] [publish_wind_direction]: ** Vicon Yaw Degrees= 278.9840643483159
[publish_wind_direction-2] [INFO] [1749050610.013387938] [publish_wind_direction]: Vicon Position= [455.90533447265625, 293.1242980957031]
[publish_wind_direction-2] [INFO] [1749050610.016100303] [publish_wind_direction]: Neighbourhood size: 5
[publish_wind_direction-2] [INFO] [1749050611.066181759] [publish_wind_direction]: Publishing: "id68:S"
[publish_wind_direction-2] [INFO] [1749050614.906199009] [publish_wind_direction]: ***Cam angle= -94.8325517421706, vico ang deg= 278.9840643483159 Ground Truth= 184.15151260614527
[publish_wind_direction-2] [INFO] [1749050614.908608378] [publish_wind_direction]: ***Corrected Wind Direction= S
[publish_wind_direction-2] [INFO] [1749050616.066451685] [publish_wind_direction]: Publishing: "id68:S"
[publish_wind_direction-2] [INFO] [1749050619.969614088] [publish_wind_direction]: ***Cam angle= -51.38607197913757, vico ang deg= 278.9840643483159 Ground Truth= 227.59799236917831
[publish_wind_direction-2] [INFO] [1749050619.973161091] [publish_wind_direction]: ***Corrected Wind Direction= E
[publish_wind_direction-2] [INFO] [1749050621.066805273] [publish_wind_direction]: Publishing: "id68:S"
[publish_wind_direction-2] [INFO] [1749050624.954829397] [publish_wind_direction]: ***Cam angle= -74.73529525053792, vico ang deg= 278.9840643483159 Ground Truth= 204.24876909777797
[publish_wind_direction-2] [INFO] [1749050624.958229307] [publish_wind_direction]: ***Corrected Wind Direction= S
[publish_wind_direction-2] [INFO] [1749050626.066990316] [publish_wind_direction]: Publishing: "id68:S"
[publish_wind_direction-2] [INFO] [1749050630.081907258] [publish_wind_direction]: ***Cam angle= -999.0, vico ang deg= 278.9840643483159 Ground Truth= 359.9840643483159
[publish_wind_direction-2] [INFO] [1749050630.084291824] [publish_wind_direction]: ***Corrected Wind Direction= N
[publish_wind_direction-2] [INFO] [1749050631.066260353] [publish_wind_direction]: Publishing: "id68:S"
[publish_wind_direction-2] [INFO] [1749050634.920975344] [publish_wind_direction]: ***Cam angle= -125.03866903940146, vico ang deg= 278.9840643483159 Ground Truth= 153.94539530891444
[publish_wind_direction-2] [INFO] [1749050634.924315469] [publish_wind_direction]: ***Corrected Wind Direction= S
[publish_wind_direction-2] [INFO] [1749050636.066259563] [publish_wind_direction]: Publishing: "id68:S"
[publish_wind_direction-2] [INFO] [1749050639.936409777] [publish_wind_direction]: ***Cam angle= -27.98540656833959, vico ang deg= 278.9840643483159 Ground Truth= 250.9986577799763
[publish_wind_direction-2] [INFO] [1749050639.938845540] [publish_wind_direction]: ***Corrected Wind Direction= E
[publish_wind_direction-2] [INFO] [1749050641.066227955] [publish_wind_direction]: Publishing: "id68:S"
[publish_wind_direction-2] [INFO] [1749050644.959223370] [publish_wind_direction]: ***Cam angle= -64.81631479866473, vico ang deg= 278.9840643483159 Ground Truth= 214.16774954965115
[publish_wind_direction-2] [INFO] [1749050644.961651896] [publish_wind_direction]: ***Corrected Wind Direction= S
[publish_wind_direction-2] [INFO] [1749050646.066188036] [publish_wind_direction]: Publishing: "id68:S"
[publish_wind_direction-2] [INFO] [1749050649.916083863] [publish_wind_direction]: ***Cam angle= -60.071044163629956, vico ang deg= 278.9840643483159 Ground Truth= 218.91302018468593
[publish_wind_direction-2] [INFO] [1749050649.918571748] [publish_wind_direction]: ***Corrected Wind Direction= S
[publish_wind_direction-2] [INFO] [1749050651.066246235] [publish_wind_direction]: Publishing: "id68:S"
[publish_wind_direction-2] [INFO] [1749050654.994826145] [publish_wind_direction]: ***Cam angle= -56.95461661697651, vico ang deg= 278.9840643483159 Ground Truth= 222.02944773133936
[publish_wind_direction-2] [INFO] [1749050654.997282305] [publish_wind_direction]: ***Corrected Wind Direction= S
[publish_wind_direction-2] [INFO] [1749050656.066191601] [publish_wind_direction]: Publishing: "id68:S"
[publish_wind_direction-2] [INFO] [1749050659.881025968] [publish_wind_direction]: ***Cam angle= -54.08313712261743, vico ang deg= 278.9840643483159 Ground Truth= 224.90092722569847
[publish_wind_direction-2] [INFO] [1749050659.883459565] [publish_wind_direction]: ***Corrected Wind Direction= S
[publish_wind_direction-2] [INFO] [1749050661.066206895] [publish_wind_direction]: Publishing: "id68:S"
[publish_wind_direction-2] [INFO] [1749050665.107403932] [publish_wind_direction]: ***Cam angle= -85.77634664422209, vico ang deg= 278.9840643483159 Ground Truth= 193.2077177040938
[publish_wind_direction-2] [INFO] [1749050665.109862405] [publish_wind_direction]: ***Corrected Wind Direction= S
[publish_wind_direction-2] [INFO] [1749050666.066240088] [publish_wind_direction]: Publishing: "id68:S"
[publish_wind_direction-2] [INFO] [1749050669.783350619] [publish_wind_direction]: ***Cam angle= -70.95460167016417, vico ang deg= 278.9840643483159 Ground Truth= 208.02946267815173
[publish_wind_direction-2] [INFO] [1749050669.785784753] [publish_wind_direction]: ***Corrected Wind Direction= S
[publish_wind_direction-2] [INFO] [1749050671.066215180] [publish_wind_direction]: Publishing: "id68:S"
[publish_wind_direction-2] [INFO] [1749050675.117226270] [publish_wind_direction]: ***Cam angle= -87.12609922527236, vico ang deg= 278.9840643483159 Ground Truth= 191.85796512304353
[publish_wind_direction-2] [INFO] [1749050675.119620424] [publish_wind_direction]: ***Corrected Wind Direction= S
[publish_wind_direction-2] [INFO] [1749050676.066236360] [publish_wind_direction]: Publishing: "id68:S"
[publish_wind_direction-2] [INFO] [1749050680.180827330] [publish_wind_direction]: ***Cam angle= -140.715957391678, vico ang deg= 278.9840643483159 Ground Truth= 138.2681069566379
[publish_wind_direction-2] [INFO] [1749050680.184572493] [publish_wind_direction]: ***Corrected Wind Direction= S
[publish_wind_direction-2] [INFO] [1749050681.066211934] [publish_wind_direction]: Publishing: "id68:S"
[publish_wind_direction-2] [INFO] [1749050684.929411125] [publish_wind_direction]: ***Cam angle= -131.86060848757177, vico ang deg= 278.9840643483159 Ground Truth= 147.12345586074412
[publish_wind_direction-2] [INFO] [1749050684.932782031] [publish_wind_direction]: ***Corrected Wind Direction= S
[publish_wind_direction-2] [INFO] [1749050686.066260693] [publish_wind_direction]: Publishing: "id68:S"
[publish_wind_direction-2] [INFO] [1749050689.952046011] [publish_wind_direction]: ***Cam angle= -113.23845685459278, vico ang deg= 278.9840643483159 Ground Truth= 165.7456074937231
[publish_wind_direction-2] [INFO] [1749050689.955470594] [publish_wind_direction]: ***Corrected Wind Direction= S
[publish_wind_direction-2] [INFO] [1749050691.065500560] [publish_wind_direction]: Raising exception
[publish_wind_direction-2] [INFO] [1749050691.068220699] [publish_wind_direction]: Publisher stopping, exception
[INFO] [publish_wind_direction-2]: process has finished cleanly [pid 847]
[random_robot_move-1] [INFO] [1749050693.323280808] [random_robot_move]: Exception, shutting down
