[0.011s] Invoking command in '/home/nomaan/ros2_ws/build/vicon_receiver': CMAKE_PREFIX_PATH=${CMAKE_PREFIX_PATH}:/home/nomaan/ros2_ws/install/py_pubsub:/home/nomaan/ros2_ws/install/move_talk:/opt/ros/humble /usr/bin/cmake --build /home/nomaan/ros2_ws/build/vicon_receiver -- -j12 -l12
[0.054s] -- Found ament_cmake: 1.3.11 (/opt/ros/humble/share/ament_cmake/cmake)
[0.144s] -- Found rosidl_default_generators: 1.2.0 (/opt/ros/humble/share/rosidl_default_generators/cmake)
[0.146s] -- Using all available rosidl_typesupport_c: rosidl_typesupport_fastrtps_c;rosidl_typesupport_introspection_c
[0.150s] -- Found rosidl_adapter: 3.1.6 (/opt/ros/humble/share/rosidl_adapter/cmake)
[0.177s] -- Using all available rosidl_typesupport_cpp: rosidl_typesupport_fastrtps_cpp;rosidl_typesupport_introspection_cpp
[0.197s] -- Found std_msgs: 4.2.4 (/opt/ros/humble/share/std_msgs/cmake)
[0.391s] -- Found ament_cmake_ros: 0.10.0 (/opt/ros/humble/share/ament_cmake_ros/cmake)
[0.533s] -- Using all available rosidl_typesupport_c: rosidl_typesupport_fastrtps_c;rosidl_typesupport_introspection_c
[0.721s] -- Using all available rosidl_typesupport_cpp: rosidl_typesupport_fastrtps_cpp;rosidl_typesupport_introspection_cpp
[0.736s] -- Found python_cmake_module: 0.10.0 (/opt/ros/humble/share/python_cmake_module/cmake)
[0.751s] -- Using PYTHON_EXECUTABLE: /usr/bin/python3
[0.751s] -- Using PYTHON_INCLUDE_DIRS: /usr/include/python3.10
[0.751s] -- Using PYTHON_LIBRARIES: /usr/lib/x86_64-linux-gnu/libpython3.10.so
[0.772s] -- Configuring done
[0.804s] -- Generating done
[0.811s] -- Build files have been written to: /home/nomaan/ros2_ws/build/vicon_receiver
[0.826s] [35m[1mConsolidate compiler generated dependencies of target vicon_receiver__rosidl_generator_c[0m
[0.832s] [  2%] Built target vicon_receiver__cpp
[0.836s] [ 12%] Built target vicon_receiver__rosidl_generator_c
[0.839s] [ 12%] Built target ament_cmake_python_copy_vicon_receiver
[0.839s] [35m[1mConsolidate compiler generated dependencies of target vicon_receiver__rosidl_typesupport_introspection_cpp[0m
[0.839s] [35m[1mConsolidate compiler generated dependencies of target vicon_receiver__rosidl_typesupport_fastrtps_cpp[0m
[0.840s] [35m[1mConsolidate compiler generated dependencies of target vicon_receiver__rosidl_typesupport_cpp[0m
[0.844s] [35m[1mConsolidate compiler generated dependencies of target vicon_receiver__rosidl_typesupport_introspection_c[0m
[0.844s] [35m[1mConsolidate compiler generated dependencies of target vicon_receiver__rosidl_typesupport_fastrtps_c[0m
[0.845s] [35m[1mConsolidate compiler generated dependencies of target vicon_receiver__rosidl_typesupport_c[0m
[0.851s] [ 43%] Built target vicon_receiver__rosidl_typesupport_introspection_c
[0.851s] [ 43%] Built target vicon_receiver__rosidl_typesupport_cpp
[0.851s] [ 43%] Built target vicon_receiver__rosidl_typesupport_introspection_cpp
[0.852s] [ 64%] Built target vicon_receiver__rosidl_typesupport_c
[0.852s] [ 64%] Built target vicon_receiver__rosidl_typesupport_fastrtps_cpp
[0.853s] [ 74%] Built target vicon_receiver__rosidl_typesupport_fastrtps_c
[0.868s] [ 74%] Built target vicon_receiver
[0.881s] [ 76%] Built target vicon_receiver__py
[0.888s] [35m[1mConsolidate compiler generated dependencies of target vicon_receiver__rosidl_generator_py[0m
[0.898s] [ 84%] Built target vicon_receiver__rosidl_generator_py
[0.905s] [35m[1mConsolidate compiler generated dependencies of target vicon_receiver__rosidl_typesupport_introspection_c__pyext[0m
[0.905s] [35m[1mConsolidate compiler generated dependencies of target vicon_receiver__rosidl_typesupport_c__pyext[0m
[0.905s] [35m[1mConsolidate compiler generated dependencies of target vicon_receiver__rosidl_typesupport_fastrtps_c__pyext[0m
[0.913s] [100%] Built target vicon_receiver__rosidl_typesupport_fastrtps_c__pyext
[0.913s] [100%] Built target vicon_receiver__rosidl_typesupport_c__pyext
[0.913s] [100%] Built target vicon_receiver__rosidl_typesupport_introspection_c__pyext
[0.990s] running egg_info
[0.990s] writing vicon_receiver.egg-info/PKG-INFO
[0.990s] writing dependency_links to vicon_receiver.egg-info/dependency_links.txt
[0.990s] writing top-level names to vicon_receiver.egg-info/top_level.txt
[0.991s] reading manifest file 'vicon_receiver.egg-info/SOURCES.txt'
[0.992s] writing manifest file 'vicon_receiver.egg-info/SOURCES.txt'
[1.009s] [100%] Built target ament_cmake_python_build_vicon_receiver_egg
[1.016s] Invoked command in '/home/nomaan/ros2_ws/build/vicon_receiver' returned '0': CMAKE_PREFIX_PATH=${CMAKE_PREFIX_PATH}:/home/nomaan/ros2_ws/install/py_pubsub:/home/nomaan/ros2_ws/install/move_talk:/opt/ros/humble /usr/bin/cmake --build /home/nomaan/ros2_ws/build/vicon_receiver -- -j12 -l12
[1.022s] Invoking command in '/home/nomaan/ros2_ws/build/vicon_receiver': CMAKE_PREFIX_PATH=${CMAKE_PREFIX_PATH}:/home/nomaan/ros2_ws/install/py_pubsub:/home/nomaan/ros2_ws/install/move_talk:/opt/ros/humble /usr/bin/cmake --install /home/nomaan/ros2_ws/build/vicon_receiver
[1.028s] -- Install configuration: ""
[1.028s] -- Up-to-date: /home/nomaan/ros2_ws/install/vicon_receiver/share/ament_index/resource_index/rosidl_interfaces/vicon_receiver
[1.028s] -- Up-to-date: /home/nomaan/ros2_ws/install/vicon_receiver/include/vicon_receiver/vicon_receiver
[1.028s] -- Up-to-date: /home/nomaan/ros2_ws/install/vicon_receiver/include/vicon_receiver/vicon_receiver/msg
[1.028s] -- Up-to-date: /home/nomaan/ros2_ws/install/vicon_receiver/include/vicon_receiver/vicon_receiver/msg/position_list.h
[1.028s] -- Up-to-date: /home/nomaan/ros2_ws/install/vicon_receiver/include/vicon_receiver/vicon_receiver/msg/detail
[1.028s] -- Up-to-date: /home/nomaan/ros2_ws/install/vicon_receiver/include/vicon_receiver/vicon_receiver/msg/detail/position_list__struct.h
[1.029s] -- Up-to-date: /home/nomaan/ros2_ws/install/vicon_receiver/include/vicon_receiver/vicon_receiver/msg/detail/position__functions.c
[1.029s] -- Up-to-date: /home/nomaan/ros2_ws/install/vicon_receiver/include/vicon_receiver/vicon_receiver/msg/detail/position_list__functions.c
[1.029s] -- Up-to-date: /home/nomaan/ros2_ws/install/vicon_receiver/include/vicon_receiver/vicon_receiver/msg/detail/position__functions.h
[1.029s] -- Up-to-date: /home/nomaan/ros2_ws/install/vicon_receiver/include/vicon_receiver/vicon_receiver/msg/detail/position__type_support.h
[1.029s] -- Up-to-date: /home/nomaan/ros2_ws/install/vicon_receiver/include/vicon_receiver/vicon_receiver/msg/detail/position_list__type_support.h
[1.029s] -- Up-to-date: /home/nomaan/ros2_ws/install/vicon_receiver/include/vicon_receiver/vicon_receiver/msg/detail/position_list__functions.h
[1.029s] -- Up-to-date: /home/nomaan/ros2_ws/install/vicon_receiver/include/vicon_receiver/vicon_receiver/msg/detail/position__struct.h
[1.029s] -- Up-to-date: /home/nomaan/ros2_ws/install/vicon_receiver/include/vicon_receiver/vicon_receiver/msg/rosidl_generator_c__visibility_control.h
[1.029s] -- Up-to-date: /home/nomaan/ros2_ws/install/vicon_receiver/include/vicon_receiver/vicon_receiver/msg/position.h
[1.029s] -- Up-to-date: /home/nomaan/ros2_ws/install/vicon_receiver/share/vicon_receiver/environment/library_path.sh
[1.029s] -- Installing: /home/nomaan/ros2_ws/install/vicon_receiver/share/vicon_receiver/environment/library_path.dsv
[1.029s] -- Up-to-date: /home/nomaan/ros2_ws/install/vicon_receiver/lib/libvicon_receiver__rosidl_generator_c.so
[1.029s] -- Up-to-date: /home/nomaan/ros2_ws/install/vicon_receiver/include/vicon_receiver/vicon_receiver
[1.029s] -- Up-to-date: /home/nomaan/ros2_ws/install/vicon_receiver/include/vicon_receiver/vicon_receiver/msg
[1.029s] -- Up-to-date: /home/nomaan/ros2_ws/install/vicon_receiver/include/vicon_receiver/vicon_receiver/msg/detail
[1.029s] -- Up-to-date: /home/nomaan/ros2_ws/install/vicon_receiver/include/vicon_receiver/vicon_receiver/msg/detail/position_list__rosidl_typesupport_fastrtps_c.h
[1.029s] -- Up-to-date: /home/nomaan/ros2_ws/install/vicon_receiver/include/vicon_receiver/vicon_receiver/msg/detail/position__rosidl_typesupport_fastrtps_c.h
[1.029s] -- Up-to-date: /home/nomaan/ros2_ws/install/vicon_receiver/include/vicon_receiver/vicon_receiver/msg/rosidl_typesupport_fastrtps_c__visibility_control.h
[1.030s] -- Up-to-date: /home/nomaan/ros2_ws/install/vicon_receiver/lib/libvicon_receiver__rosidl_typesupport_fastrtps_c.so
[1.030s] -- Up-to-date: /home/nomaan/ros2_ws/install/vicon_receiver/include/vicon_receiver/vicon_receiver
[1.030s] -- Up-to-date: /home/nomaan/ros2_ws/install/vicon_receiver/include/vicon_receiver/vicon_receiver/msg
[1.030s] -- Up-to-date: /home/nomaan/ros2_ws/install/vicon_receiver/include/vicon_receiver/vicon_receiver/msg/detail
[1.030s] -- Up-to-date: /home/nomaan/ros2_ws/install/vicon_receiver/include/vicon_receiver/vicon_receiver/msg/detail/position_list__type_support.c
[1.030s] -- Up-to-date: /home/nomaan/ros2_ws/install/vicon_receiver/include/vicon_receiver/vicon_receiver/msg/detail/position_list__rosidl_typesupport_introspection_c.h
[1.030s] -- Up-to-date: /home/nomaan/ros2_ws/install/vicon_receiver/include/vicon_receiver/vicon_receiver/msg/detail/position__rosidl_typesupport_introspection_c.h
[1.030s] -- Up-to-date: /home/nomaan/ros2_ws/install/vicon_receiver/include/vicon_receiver/vicon_receiver/msg/detail/position__type_support.c
[1.030s] -- Up-to-date: /home/nomaan/ros2_ws/install/vicon_receiver/include/vicon_receiver/vicon_receiver/msg/rosidl_typesupport_introspection_c__visibility_control.h
[1.030s] -- Up-to-date: /home/nomaan/ros2_ws/install/vicon_receiver/lib/libvicon_receiver__rosidl_typesupport_introspection_c.so
[1.030s] -- Up-to-date: /home/nomaan/ros2_ws/install/vicon_receiver/lib/libvicon_receiver__rosidl_typesupport_c.so
[1.030s] -- Up-to-date: /home/nomaan/ros2_ws/install/vicon_receiver/include/vicon_receiver/vicon_receiver
[1.030s] -- Up-to-date: /home/nomaan/ros2_ws/install/vicon_receiver/include/vicon_receiver/vicon_receiver/msg
[1.030s] -- Up-to-date: /home/nomaan/ros2_ws/install/vicon_receiver/include/vicon_receiver/vicon_receiver/msg/detail
[1.031s] -- Up-to-date: /home/nomaan/ros2_ws/install/vicon_receiver/include/vicon_receiver/vicon_receiver/msg/detail/position_list__traits.hpp
[1.031s] -- Up-to-date: /home/nomaan/ros2_ws/install/vicon_receiver/include/vicon_receiver/vicon_receiver/msg/detail/position_list__struct.hpp
[1.031s] -- Up-to-date: /home/nomaan/ros2_ws/install/vicon_receiver/include/vicon_receiver/vicon_receiver/msg/detail/position_list__type_support.hpp
[1.031s] -- Up-to-date: /home/nomaan/ros2_ws/install/vicon_receiver/include/vicon_receiver/vicon_receiver/msg/detail/position_list__builder.hpp
[1.031s] -- Up-to-date: /home/nomaan/ros2_ws/install/vicon_receiver/include/vicon_receiver/vicon_receiver/msg/detail/position__struct.hpp
[1.031s] -- Up-to-date: /home/nomaan/ros2_ws/install/vicon_receiver/include/vicon_receiver/vicon_receiver/msg/detail/position__builder.hpp
[1.031s] -- Up-to-date: /home/nomaan/ros2_ws/install/vicon_receiver/include/vicon_receiver/vicon_receiver/msg/detail/position__traits.hpp
[1.031s] -- Up-to-date: /home/nomaan/ros2_ws/install/vicon_receiver/include/vicon_receiver/vicon_receiver/msg/detail/position__type_support.hpp
[1.031s] -- Up-to-date: /home/nomaan/ros2_ws/install/vicon_receiver/include/vicon_receiver/vicon_receiver/msg/rosidl_generator_cpp__visibility_control.hpp
[1.031s] -- Up-to-date: /home/nomaan/ros2_ws/install/vicon_receiver/include/vicon_receiver/vicon_receiver/msg/position.hpp
[1.031s] -- Up-to-date: /home/nomaan/ros2_ws/install/vicon_receiver/include/vicon_receiver/vicon_receiver/msg/position_list.hpp
[1.031s] -- Up-to-date: /home/nomaan/ros2_ws/install/vicon_receiver/include/vicon_receiver/vicon_receiver
[1.031s] -- Up-to-date: /home/nomaan/ros2_ws/install/vicon_receiver/include/vicon_receiver/vicon_receiver/msg
[1.031s] -- Up-to-date: /home/nomaan/ros2_ws/install/vicon_receiver/include/vicon_receiver/vicon_receiver/msg/rosidl_typesupport_fastrtps_cpp__visibility_control.h
[1.031s] -- Up-to-date: /home/nomaan/ros2_ws/install/vicon_receiver/include/vicon_receiver/vicon_receiver/msg/detail
[1.031s] -- Up-to-date: /home/nomaan/ros2_ws/install/vicon_receiver/include/vicon_receiver/vicon_receiver/msg/detail/position__rosidl_typesupport_fastrtps_cpp.hpp
[1.031s] -- Up-to-date: /home/nomaan/ros2_ws/install/vicon_receiver/include/vicon_receiver/vicon_receiver/msg/detail/position_list__rosidl_typesupport_fastrtps_cpp.hpp
[1.031s] -- Up-to-date: /home/nomaan/ros2_ws/install/vicon_receiver/include/vicon_receiver/vicon_receiver/msg/detail/dds_fastrtps
[1.031s] -- Up-to-date: /home/nomaan/ros2_ws/install/vicon_receiver/lib/libvicon_receiver__rosidl_typesupport_fastrtps_cpp.so
[1.031s] -- Up-to-date: /home/nomaan/ros2_ws/install/vicon_receiver/include/vicon_receiver/vicon_receiver
[1.031s] -- Up-to-date: /home/nomaan/ros2_ws/install/vicon_receiver/include/vicon_receiver/vicon_receiver/msg
[1.031s] -- Up-to-date: /home/nomaan/ros2_ws/install/vicon_receiver/include/vicon_receiver/vicon_receiver/msg/detail
[1.031s] -- Up-to-date: /home/nomaan/ros2_ws/install/vicon_receiver/include/vicon_receiver/vicon_receiver/msg/detail/position_list__type_support.cpp
[1.032s] -- Up-to-date: /home/nomaan/ros2_ws/install/vicon_receiver/include/vicon_receiver/vicon_receiver/msg/detail/position_list__rosidl_typesupport_introspection_cpp.hpp
[1.032s] -- Up-to-date: /home/nomaan/ros2_ws/install/vicon_receiver/include/vicon_receiver/vicon_receiver/msg/detail/position__type_support.cpp
[1.032s] -- Up-to-date: /home/nomaan/ros2_ws/install/vicon_receiver/include/vicon_receiver/vicon_receiver/msg/detail/position__rosidl_typesupport_introspection_cpp.hpp
[1.032s] -- Up-to-date: /home/nomaan/ros2_ws/install/vicon_receiver/lib/libvicon_receiver__rosidl_typesupport_introspection_cpp.so
[1.032s] -- Up-to-date: /home/nomaan/ros2_ws/install/vicon_receiver/lib/libvicon_receiver__rosidl_typesupport_cpp.so
[1.032s] -- Up-to-date: /home/nomaan/ros2_ws/install/vicon_receiver/share/vicon_receiver/environment/pythonpath.sh
[1.032s] -- Installing: /home/nomaan/ros2_ws/install/vicon_receiver/share/vicon_receiver/environment/pythonpath.dsv
[1.032s] -- Up-to-date: /home/nomaan/ros2_ws/install/vicon_receiver/local/lib/python3.10/dist-packages/vicon_receiver-0.0.0-py3.10.egg-info
[1.032s] -- Installing: /home/nomaan/ros2_ws/install/vicon_receiver/local/lib/python3.10/dist-packages/vicon_receiver-0.0.0-py3.10.egg-info/dependency_links.txt
[1.032s] -- Installing: /home/nomaan/ros2_ws/install/vicon_receiver/local/lib/python3.10/dist-packages/vicon_receiver-0.0.0-py3.10.egg-info/top_level.txt
[1.032s] -- Installing: /home/nomaan/ros2_ws/install/vicon_receiver/local/lib/python3.10/dist-packages/vicon_receiver-0.0.0-py3.10.egg-info/SOURCES.txt
[1.032s] -- Installing: /home/nomaan/ros2_ws/install/vicon_receiver/local/lib/python3.10/dist-packages/vicon_receiver-0.0.0-py3.10.egg-info/PKG-INFO
[1.032s] -- Up-to-date: /home/nomaan/ros2_ws/install/vicon_receiver/local/lib/python3.10/dist-packages/vicon_receiver
[1.032s] -- Up-to-date: /home/nomaan/ros2_ws/install/vicon_receiver/local/lib/python3.10/dist-packages/vicon_receiver/_vicon_receiver_s.ep.rosidl_typesupport_introspection_c.c
[1.032s] -- Up-to-date: /home/nomaan/ros2_ws/install/vicon_receiver/local/lib/python3.10/dist-packages/vicon_receiver/libvicon_receiver__rosidl_generator_py.so
[1.032s] -- Up-to-date: /home/nomaan/ros2_ws/install/vicon_receiver/local/lib/python3.10/dist-packages/vicon_receiver/vicon_receiver_s__rosidl_typesupport_fastrtps_c.cpython-310-x86_64-linux-gnu.so
[1.032s] -- Up-to-date: /home/nomaan/ros2_ws/install/vicon_receiver/local/lib/python3.10/dist-packages/vicon_receiver/vicon_receiver_s__rosidl_typesupport_introspection_c.cpython-310-x86_64-linux-gnu.so
[1.032s] -- Up-to-date: /home/nomaan/ros2_ws/install/vicon_receiver/local/lib/python3.10/dist-packages/vicon_receiver/_vicon_receiver_s.ep.rosidl_typesupport_fastrtps_c.c
[1.032s] -- Up-to-date: /home/nomaan/ros2_ws/install/vicon_receiver/local/lib/python3.10/dist-packages/vicon_receiver/vicon_receiver_s__rosidl_typesupport_c.cpython-310-x86_64-linux-gnu.so
[1.032s] -- Up-to-date: /home/nomaan/ros2_ws/install/vicon_receiver/local/lib/python3.10/dist-packages/vicon_receiver/msg
[1.032s] -- Up-to-date: /home/nomaan/ros2_ws/install/vicon_receiver/local/lib/python3.10/dist-packages/vicon_receiver/msg/_position_list.py
[1.032s] -- Up-to-date: /home/nomaan/ros2_ws/install/vicon_receiver/local/lib/python3.10/dist-packages/vicon_receiver/msg/_position_s.c
[1.032s] -- Up-to-date: /home/nomaan/ros2_ws/install/vicon_receiver/local/lib/python3.10/dist-packages/vicon_receiver/msg/_position_list_s.c
[1.032s] -- Up-to-date: /home/nomaan/ros2_ws/install/vicon_receiver/local/lib/python3.10/dist-packages/vicon_receiver/msg/__init__.py
[1.033s] -- Up-to-date: /home/nomaan/ros2_ws/install/vicon_receiver/local/lib/python3.10/dist-packages/vicon_receiver/msg/_position.py
[1.033s] -- Up-to-date: /home/nomaan/ros2_ws/install/vicon_receiver/local/lib/python3.10/dist-packages/vicon_receiver/_vicon_receiver_s.ep.rosidl_typesupport_c.c
[1.033s] -- Installing: /home/nomaan/ros2_ws/install/vicon_receiver/local/lib/python3.10/dist-packages/vicon_receiver/__init__.py
[1.055s] Listing '/home/nomaan/ros2_ws/install/vicon_receiver/local/lib/python3.10/dist-packages/vicon_receiver'...
[1.055s] Compiling '/home/nomaan/ros2_ws/install/vicon_receiver/local/lib/python3.10/dist-packages/vicon_receiver/__init__.py'...
[1.055s] Listing '/home/nomaan/ros2_ws/install/vicon_receiver/local/lib/python3.10/dist-packages/vicon_receiver/msg'...
[1.058s] -- Up-to-date: /home/nomaan/ros2_ws/install/vicon_receiver/local/lib/python3.10/dist-packages/vicon_receiver/vicon_receiver_s__rosidl_typesupport_fastrtps_c.cpython-310-x86_64-linux-gnu.so
[1.058s] -- Up-to-date: /home/nomaan/ros2_ws/install/vicon_receiver/local/lib/python3.10/dist-packages/vicon_receiver/vicon_receiver_s__rosidl_typesupport_introspection_c.cpython-310-x86_64-linux-gnu.so
[1.058s] -- Up-to-date: /home/nomaan/ros2_ws/install/vicon_receiver/local/lib/python3.10/dist-packages/vicon_receiver/vicon_receiver_s__rosidl_typesupport_c.cpython-310-x86_64-linux-gnu.so
[1.058s] -- Up-to-date: /home/nomaan/ros2_ws/install/vicon_receiver/lib/libvicon_receiver__rosidl_generator_py.so
[1.058s] -- Up-to-date: /home/nomaan/ros2_ws/install/vicon_receiver/share/vicon_receiver/msg/Position.idl
[1.058s] -- Up-to-date: /home/nomaan/ros2_ws/install/vicon_receiver/share/vicon_receiver/msg/PositionList.idl
[1.058s] -- Installing: /home/nomaan/ros2_ws/install/vicon_receiver/share/vicon_receiver/msg/Position.msg
[1.058s] -- Installing: /home/nomaan/ros2_ws/install/vicon_receiver/share/vicon_receiver/msg/PositionList.msg
[1.058s] -- Up-to-date: /home/nomaan/ros2_ws/install/vicon_receiver/share/ament_index/resource_index/package_run_dependencies/vicon_receiver
[1.059s] -- Installing: /home/nomaan/ros2_ws/install/vicon_receiver/share/ament_index/resource_index/parent_prefix_path/vicon_receiver
[1.059s] -- Up-to-date: /home/nomaan/ros2_ws/install/vicon_receiver/share/vicon_receiver/environment/ament_prefix_path.sh
[1.059s] -- Installing: /home/nomaan/ros2_ws/install/vicon_receiver/share/vicon_receiver/environment/ament_prefix_path.dsv
[1.059s] -- Up-to-date: /home/nomaan/ros2_ws/install/vicon_receiver/share/vicon_receiver/environment/path.sh
[1.059s] -- Installing: /home/nomaan/ros2_ws/install/vicon_receiver/share/vicon_receiver/environment/path.dsv
[1.059s] -- Up-to-date: /home/nomaan/ros2_ws/install/vicon_receiver/share/vicon_receiver/local_setup.bash
[1.059s] -- Up-to-date: /home/nomaan/ros2_ws/install/vicon_receiver/share/vicon_receiver/local_setup.sh
[1.059s] -- Up-to-date: /home/nomaan/ros2_ws/install/vicon_receiver/share/vicon_receiver/local_setup.zsh
[1.059s] -- Installing: /home/nomaan/ros2_ws/install/vicon_receiver/share/vicon_receiver/local_setup.dsv
[1.059s] -- Installing: /home/nomaan/ros2_ws/install/vicon_receiver/share/vicon_receiver/package.dsv
[1.059s] -- Up-to-date: /home/nomaan/ros2_ws/install/vicon_receiver/share/ament_index/resource_index/packages/vicon_receiver
[1.059s] -- Up-to-date: /home/nomaan/ros2_ws/install/vicon_receiver/share/vicon_receiver/cmake/export_vicon_receiver__rosidl_generator_cExport.cmake
[1.059s] -- Up-to-date: /home/nomaan/ros2_ws/install/vicon_receiver/share/vicon_receiver/cmake/export_vicon_receiver__rosidl_generator_cExport-noconfig.cmake
[1.059s] -- Up-to-date: /home/nomaan/ros2_ws/install/vicon_receiver/share/vicon_receiver/cmake/export_vicon_receiver__rosidl_typesupport_fastrtps_cExport.cmake
[1.059s] -- Up-to-date: /home/nomaan/ros2_ws/install/vicon_receiver/share/vicon_receiver/cmake/export_vicon_receiver__rosidl_typesupport_fastrtps_cExport-noconfig.cmake
[1.059s] -- Up-to-date: /home/nomaan/ros2_ws/install/vicon_receiver/share/vicon_receiver/cmake/vicon_receiver__rosidl_typesupport_introspection_cExport.cmake
[1.059s] -- Up-to-date: /home/nomaan/ros2_ws/install/vicon_receiver/share/vicon_receiver/cmake/vicon_receiver__rosidl_typesupport_introspection_cExport-noconfig.cmake
[1.059s] -- Up-to-date: /home/nomaan/ros2_ws/install/vicon_receiver/share/vicon_receiver/cmake/vicon_receiver__rosidl_typesupport_cExport.cmake
[1.060s] -- Up-to-date: /home/nomaan/ros2_ws/install/vicon_receiver/share/vicon_receiver/cmake/vicon_receiver__rosidl_typesupport_cExport-noconfig.cmake
[1.060s] -- Up-to-date: /home/nomaan/ros2_ws/install/vicon_receiver/share/vicon_receiver/cmake/export_vicon_receiver__rosidl_generator_cppExport.cmake
[1.060s] -- Up-to-date: /home/nomaan/ros2_ws/install/vicon_receiver/share/vicon_receiver/cmake/export_vicon_receiver__rosidl_typesupport_fastrtps_cppExport.cmake
[1.060s] -- Up-to-date: /home/nomaan/ros2_ws/install/vicon_receiver/share/vicon_receiver/cmake/export_vicon_receiver__rosidl_typesupport_fastrtps_cppExport-noconfig.cmake
[1.060s] -- Up-to-date: /home/nomaan/ros2_ws/install/vicon_receiver/share/vicon_receiver/cmake/vicon_receiver__rosidl_typesupport_introspection_cppExport.cmake
[1.060s] -- Up-to-date: /home/nomaan/ros2_ws/install/vicon_receiver/share/vicon_receiver/cmake/vicon_receiver__rosidl_typesupport_introspection_cppExport-noconfig.cmake
[1.060s] -- Up-to-date: /home/nomaan/ros2_ws/install/vicon_receiver/share/vicon_receiver/cmake/vicon_receiver__rosidl_typesupport_cppExport.cmake
[1.060s] -- Up-to-date: /home/nomaan/ros2_ws/install/vicon_receiver/share/vicon_receiver/cmake/vicon_receiver__rosidl_typesupport_cppExport-noconfig.cmake
[1.060s] -- Up-to-date: /home/nomaan/ros2_ws/install/vicon_receiver/share/vicon_receiver/cmake/export_vicon_receiver__rosidl_generator_pyExport.cmake
[1.060s] -- Up-to-date: /home/nomaan/ros2_ws/install/vicon_receiver/share/vicon_receiver/cmake/export_vicon_receiver__rosidl_generator_pyExport-noconfig.cmake
[1.060s] -- Up-to-date: /home/nomaan/ros2_ws/install/vicon_receiver/share/vicon_receiver/cmake/rosidl_cmake-extras.cmake
[1.060s] -- Up-to-date: /home/nomaan/ros2_ws/install/vicon_receiver/share/vicon_receiver/cmake/ament_cmake_export_dependencies-extras.cmake
[1.060s] -- Up-to-date: /home/nomaan/ros2_ws/install/vicon_receiver/share/vicon_receiver/cmake/ament_cmake_export_include_directories-extras.cmake
[1.060s] -- Up-to-date: /home/nomaan/ros2_ws/install/vicon_receiver/share/vicon_receiver/cmake/ament_cmake_export_libraries-extras.cmake
[1.060s] -- Up-to-date: /home/nomaan/ros2_ws/install/vicon_receiver/share/vicon_receiver/cmake/ament_cmake_export_targets-extras.cmake
[1.060s] -- Up-to-date: /home/nomaan/ros2_ws/install/vicon_receiver/share/vicon_receiver/cmake/rosidl_cmake_export_typesupport_targets-extras.cmake
[1.060s] -- Up-to-date: /home/nomaan/ros2_ws/install/vicon_receiver/share/vicon_receiver/cmake/rosidl_cmake_export_typesupport_libraries-extras.cmake
[1.060s] -- Up-to-date: /home/nomaan/ros2_ws/install/vicon_receiver/share/vicon_receiver/cmake/vicon_receiverConfig.cmake
[1.060s] -- Up-to-date: /home/nomaan/ros2_ws/install/vicon_receiver/share/vicon_receiver/cmake/vicon_receiverConfig-version.cmake
[1.060s] -- Installing: /home/nomaan/ros2_ws/install/vicon_receiver/share/vicon_receiver/package.xml
[1.062s] Invoked command in '/home/nomaan/ros2_ws/build/vicon_receiver' returned '0': CMAKE_PREFIX_PATH=${CMAKE_PREFIX_PATH}:/home/nomaan/ros2_ws/install/py_pubsub:/home/nomaan/ros2_ws/install/move_talk:/opt/ros/humble /usr/bin/cmake --install /home/nomaan/ros2_ws/build/vicon_receiver
