[INFO] [launch]: All log files can be found below /home/thymio/.ros/log/2025-06-04-14-38-11-262420-thymio-817
[INFO] [launch]: Default logging verbosity is set to INFO
[INFO] [random_robot_move-1]: process started with pid [839]
[INFO] [publish_wind_direction-2]: process started with pid [841]
[publish_wind_direction-2] /usr/lib/python3/dist-packages/scipy/__init__.py:146: UserWarning: A NumPy version >=1.17.3 and <1.25.0 is required for this version of SciPy (detected version 1.26.4
[publish_wind_direction-2]   warnings.warn(f"A NumPy version >={np_minversion} and <{np_maxversion}"
[random_robot_move-1] [INFO] [1749047897.469196877] [random_robot_move]: Robot Control Node started.
[publish_wind_direction-2] [INFO] [1749047900.213226893] [publish_wind_direction]: Publishing: "id68:S"
[publish_wind_direction-2] [INFO] [1749047904.655008539] [publish_wind_direction]: ***Cam angle= -110.15176415639377, vico ang deg= 0.0 Ground Truth= 249.84823584360623
[publish_wind_direction-2] [INFO] [1749047904.657229576] [publish_wind_direction]: ***Corrected Wind Direction= E
[publish_wind_direction-2] [INFO] [1749047905.079928409] [publish_wind_direction]: Publishing: "id68:S"
[publish_wind_direction-2] [INFO] [1749047909.045315166] [publish_wind_direction]: ***Cam angle= -999.0, vico ang deg= 0.0 Ground Truth= 81.0
[publish_wind_direction-2] [INFO] [1749047909.049077721] [publish_wind_direction]: ***Corrected Wind Direction= W
[publish_wind_direction-2] [INFO] [1749047910.081743888] [publish_wind_direction]: Publishing: "id68:S"
[publish_wind_direction-2] [INFO] [1749047913.939764237] [publish_wind_direction]: ***Cam angle= -7.874992386635228, vico ang deg= 0.0 Ground Truth= 352.1250076133648
[publish_wind_direction-2] [INFO] [1749047913.943700126] [publish_wind_direction]: ***Corrected Wind Direction= N
[publish_wind_direction-2] [INFO] [1749047915.081806940] [publish_wind_direction]: Publishing: "id68:S"
[publish_wind_direction-2] [INFO] [1749047919.180100715] [publish_wind_direction]: ***Cam angle= -999.0, vico ang deg= 0.0 Ground Truth= 81.0
[publish_wind_direction-2] [INFO] [1749047919.184287197] [publish_wind_direction]: ***Corrected Wind Direction= W
[publish_wind_direction-2] [INFO] [1749047920.090239400] [publish_wind_direction]: Publishing: "id68:S"
[publish_wind_direction-2] [INFO] [1749047924.055982472] [publish_wind_direction]: ***Cam angle= -83.42565105592682, vico ang deg= 0.0 Ground Truth= 276.57434894407317
[publish_wind_direction-2] [INFO] [1749047924.058939416] [publish_wind_direction]: ***Corrected Wind Direction= E
[publish_wind_direction-2] [INFO] [1749047925.079784638] [publish_wind_direction]: Publishing: "id68:S"
[publish_wind_direction-2] [INFO] [1749047929.205407635] [publish_wind_direction]: ***Cam angle= -999.0, vico ang deg= 0.0 Ground Truth= 81.0
[publish_wind_direction-2] [INFO] [1749047929.207888969] [publish_wind_direction]: ***Corrected Wind Direction= W
[publish_wind_direction-2] [INFO] [1749047930.080160283] [publish_wind_direction]: Publishing: "id68:S"
[publish_wind_direction-2] [INFO] [1749047933.826062910] [publish_wind_direction]: ***Cam angle= -96.11368505832458, vico ang deg= 0.0 Ground Truth= 263.88631494167544
[publish_wind_direction-2] [INFO] [1749047933.828563429] [publish_wind_direction]: ***Corrected Wind Direction= E
[publish_wind_direction-2] [INFO] [1749047935.080167965] [publish_wind_direction]: Publishing: "id68:S"
[publish_wind_direction-2] [INFO] [1749047938.827923611] [publish_wind_direction]: ***Cam angle= -84.57408246842417, vico ang deg= 0.0 Ground Truth= 275.4259175315758
[publish_wind_direction-2] [INFO] [1749047938.830325389] [publish_wind_direction]: ***Corrected Wind Direction= E
[publish_wind_direction-2] [INFO] [1749047940.080114759] [publish_wind_direction]: Publishing: "id68:S"
[publish_wind_direction-2] [INFO] [1749047944.147840312] [publish_wind_direction]: ***Cam angle= -61.60123724173695, vico ang deg= 0.0 Ground Truth= 298.39876275826305
[publish_wind_direction-2] [INFO] [1749047944.150272052] [publish_wind_direction]: ***Corrected Wind Direction= E
[publish_wind_direction-2] [INFO] [1749047945.080185700] [publish_wind_direction]: Publishing: "id68:S"
[publish_wind_direction-2] [INFO] [1749047949.229187549] [publish_wind_direction]: ***Cam angle= -95.91980845686928, vico ang deg= 0.0 Ground Truth= 264.0801915431307
[publish_wind_direction-2] [INFO] [1749047949.231674623] [publish_wind_direction]: ***Corrected Wind Direction= E
[publish_wind_direction-2] [INFO] [1749047950.080229864] [publish_wind_direction]: Publishing: "id68:S"
[publish_wind_direction-2] [INFO] [1749047953.887572139] [publish_wind_direction]: ***Cam angle= -999.0, vico ang deg= 0.0 Ground Truth= 81.0
[publish_wind_direction-2] [INFO] [1749047953.890011973] [publish_wind_direction]: ***Corrected Wind Direction= W
[publish_wind_direction-2] [INFO] [1749047955.080125916] [publish_wind_direction]: Publishing: "id68:S"
[publish_wind_direction-2] [INFO] [1749047959.060273766] [publish_wind_direction]: ***Cam angle= -69.02390936476856, vico ang deg= 0.0 Ground Truth= 290.97609063523146
[publish_wind_direction-2] [INFO] [1749047959.062738044] [publish_wind_direction]: ***Corrected Wind Direction= E
[publish_wind_direction-2] [INFO] [1749047960.080161395] [publish_wind_direction]: Publishing: "id68:S"
[publish_wind_direction-2] [INFO] [1749047963.882079318] [publish_wind_direction]: ***Cam angle= -68.84196487656064, vico ang deg= 0.0 Ground Truth= 291.1580351234394
[publish_wind_direction-2] [INFO] [1749047963.885550485] [publish_wind_direction]: ***Corrected Wind Direction= E
[publish_wind_direction-2] [INFO] [1749047965.080141021] [publish_wind_direction]: Publishing: "id68:S"
[publish_wind_direction-2] [INFO] [1749047968.919379982] [publish_wind_direction]: ***Cam angle= -72.3580727181803, vico ang deg= 0.0 Ground Truth= 287.6419272818197
[publish_wind_direction-2] [INFO] [1749047968.921826630] [publish_wind_direction]: ***Corrected Wind Direction= E
[publish_wind_direction-2] [INFO] [1749047970.080241741] [publish_wind_direction]: Publishing: "id68:S"
[publish_wind_direction-2] [INFO] [1749047974.276137757] [publish_wind_direction]: ***Cam angle= -85.23073009724504, vico ang deg= 0.0 Ground Truth= 274.76926990275496
[publish_wind_direction-2] [INFO] [1749047974.278643757] [publish_wind_direction]: ***Corrected Wind Direction= E
[publish_wind_direction-2] [INFO] [1749047975.080338997] [publish_wind_direction]: Publishing: "id68:S"
[publish_wind_direction-2] [INFO] [1749047979.412465976] [publish_wind_direction]: ***Cam angle= -69.69026040876476, vico ang deg= 0.0 Ground Truth= 290.30973959123526
[publish_wind_direction-2] [INFO] [1749047979.414916476] [publish_wind_direction]: ***Corrected Wind Direction= E
[publish_wind_direction-2] [INFO] [1749047980.080301587] [publish_wind_direction]: Publishing: "id68:S"
[publish_wind_direction-2] [INFO] [1749047984.146847454] [publish_wind_direction]: ***Cam angle= -125.95624333059162, vico ang deg= 0.0 Ground Truth= 234.04375666940837
[publish_wind_direction-2] [INFO] [1749047984.149249843] [publish_wind_direction]: ***Corrected Wind Direction= E
[publish_wind_direction-2] [INFO] [1749047985.080320250] [publish_wind_direction]: Publishing: "id68:S"
[publish_wind_direction-2] [INFO] [1749047988.856646785] [publish_wind_direction]: ***Cam angle= -90.60855470940746, vico ang deg= 0.0 Ground Truth= 269.3914452905925
[publish_wind_direction-2] [INFO] [1749047988.860060637] [publish_wind_direction]: ***Corrected Wind Direction= E
[publish_wind_direction-2] [INFO] [1749047990.080350488] [publish_wind_direction]: Publishing: "id68:S"
[publish_wind_direction-2] [INFO] [1749047993.886251226] [publish_wind_direction]: ***Cam angle= -100.64163194847367, vico ang deg= 0.0 Ground Truth= 259.3583680515263
[publish_wind_direction-2] [INFO] [1749047993.888722504] [publish_wind_direction]: ***Corrected Wind Direction= E
[publish_wind_direction-2] [INFO] [1749047995.080285226] [publish_wind_direction]: Publishing: "id68:S"
[publish_wind_direction-2] [INFO] [1749047998.924828742] [publish_wind_direction]: ***Cam angle= -89.13828786289439, vico ang deg= 0.0 Ground Truth= 270.8617121371056
[publish_wind_direction-2] [INFO] [1749047998.927286964] [publish_wind_direction]: ***Corrected Wind Direction= E
[publish_wind_direction-2] [INFO] [1749048000.080194686] [publish_wind_direction]: Publishing: "id68:S"
[publish_wind_direction-2] [INFO] [1749048003.886422183] [publish_wind_direction]: ***Cam angle= -999.0, vico ang deg= 0.0 Ground Truth= 81.0
[publish_wind_direction-2] [INFO] [1749048003.888770350] [publish_wind_direction]: ***Corrected Wind Direction= W
[publish_wind_direction-2] [INFO] [1749048005.080222720] [publish_wind_direction]: Publishing: "id68:S"
[publish_wind_direction-2] [INFO] [1749048009.167002551] [publish_wind_direction]: ***Cam angle= -65.8607980009388, vico ang deg= 0.0 Ground Truth= 294.1392019990612
[publish_wind_direction-2] [INFO] [1749048009.170421495] [publish_wind_direction]: ***Corrected Wind Direction= E
[publish_wind_direction-2] [INFO] [1749048010.080178680] [publish_wind_direction]: Publishing: "id68:S"
[publish_wind_direction-2] [INFO] [1749048013.943848511] [publish_wind_direction]: ***Cam angle= -999.0, vico ang deg= 0.0 Ground Truth= 81.0
[publish_wind_direction-2] [INFO] [1749048013.946231048] [publish_wind_direction]: ***Corrected Wind Direction= W
[publish_wind_direction-2] [INFO] [1749048015.080292603] [publish_wind_direction]: Publishing: "id68:S"
[publish_wind_direction-2] [INFO] [1749048018.906278119] [publish_wind_direction]: ***Cam angle= -67.02649509996598, vico ang deg= 0.0 Ground Truth= 292.973504900034
[publish_wind_direction-2] [INFO] [1749048018.908807045] [publish_wind_direction]: ***Corrected Wind Direction= E
[publish_wind_direction-2] [INFO] [1749048020.080033415] [publish_wind_direction]: Publishing: "id68:S"
[publish_wind_direction-2] [INFO] [1749048024.257706171] [publish_wind_direction]: ***Cam angle= -999.0, vico ang deg= 0.0 Ground Truth= 81.0
[publish_wind_direction-2] [INFO] [1749048024.260164505] [publish_wind_direction]: ***Corrected Wind Direction= W
[publish_wind_direction-2] [INFO] [1749048025.080042208] [publish_wind_direction]: Publishing: "id68:S"
[publish_wind_direction-2] [INFO] [1749048029.292086279] [publish_wind_direction]: ***Cam angle= -76.00567857405913, vico ang deg= 0.0 Ground Truth= 283.9943214259409
[publish_wind_direction-2] [INFO] [1749048029.294481557] [publish_wind_direction]: ***Corrected Wind Direction= E
[publish_wind_direction-2] [INFO] [1749048030.080394964] [publish_wind_direction]: Publishing: "id68:S"
[publish_wind_direction-2] [INFO] [1749048033.912489684] [publish_wind_direction]: ***Cam angle= -62.035871125824585, vico ang deg= 0.0 Ground Truth= 297.9641288741754
[publish_wind_direction-2] [INFO] [1749048033.914922240] [publish_wind_direction]: ***Corrected Wind Direction= E
[publish_wind_direction-2] [INFO] [1749048035.080738850] [publish_wind_direction]: Publishing: "id68:S"
[publish_wind_direction-2] [INFO] [1749048039.227403829] [publish_wind_direction]: ***Cam angle= -45.632923090727964, vico ang deg= 0.0 Ground Truth= 314.36707690927204
[publish_wind_direction-2] [INFO] [1749048039.229945218] [publish_wind_direction]: ***Corrected Wind Direction= E
[publish_wind_direction-2] [INFO] [1749048040.080042921] [publish_wind_direction]: Publishing: "id68:S"
[publish_wind_direction-2] [INFO] [1749048043.875986623] [publish_wind_direction]: ***Cam angle= -50.95054560221375, vico ang deg= 0.0 Ground Truth= 309.04945439778623
[publish_wind_direction-2] [INFO] [1749048043.878410308] [publish_wind_direction]: ***Corrected Wind Direction= E
[publish_wind_direction-2] [INFO] [1749048045.080630418] [publish_wind_direction]: Publishing: "id68:S"
[publish_wind_direction-2] [INFO] [1749048049.151704434] [publish_wind_direction]: ***Cam angle= -89.42106516777676, vico ang deg= 0.0 Ground Truth= 270.57893483222324
[publish_wind_direction-2] [INFO] [1749048049.154109379] [publish_wind_direction]: ***Corrected Wind Direction= E
[publish_wind_direction-2] [INFO] [1749048050.080182174] [publish_wind_direction]: Publishing: "id68:S"
[publish_wind_direction-2] [INFO] [1749048053.916788839] [publish_wind_direction]: ***Cam angle= -80.42655779829236, vico ang deg= 0.0 Ground Truth= 279.5734422017076
[publish_wind_direction-2] [INFO] [1749048053.920296580] [publish_wind_direction]: ***Corrected Wind Direction= E
[publish_wind_direction-2] [INFO] [1749048055.080295412] [publish_wind_direction]: Publishing: "id68:S"
[publish_wind_direction-2] [INFO] [1749048059.135582336] [publish_wind_direction]: ***Cam angle= -999.0, vico ang deg= 0.0 Ground Truth= 81.0
[publish_wind_direction-2] [INFO] [1749048059.137984114] [publish_wind_direction]: ***Corrected Wind Direction= W
[publish_wind_direction-2] [INFO] [1749048060.080202131] [publish_wind_direction]: Publishing: "id68:S"
[publish_wind_direction-2] [INFO] [1749048063.864016277] [publish_wind_direction]: ***Cam angle= -999.0, vico ang deg= 0.0 Ground Truth= 81.0
[publish_wind_direction-2] [INFO] [1749048063.866380944] [publish_wind_direction]: ***Corrected Wind Direction= W
[publish_wind_direction-2] [INFO] [1749048065.080257925] [publish_wind_direction]: Publishing: "id68:S"
[publish_wind_direction-2] [INFO] [1749048069.232724682] [publish_wind_direction]: ***Cam angle= -53.083581904694526, vico ang deg= 0.0 Ground Truth= 306.91641809530546
[publish_wind_direction-2] [INFO] [1749048069.235064404] [publish_wind_direction]: ***Corrected Wind Direction= E
[publish_wind_direction-2] [INFO] [1749048070.080134644] [publish_wind_direction]: Publishing: "id68:S"
[publish_wind_direction-2] [INFO] [1749048074.155529845] [publish_wind_direction]: ***Cam angle= -999.0, vico ang deg= 0.0 Ground Truth= 81.0
[publish_wind_direction-2] [INFO] [1749048074.158415586] [publish_wind_direction]: ***Corrected Wind Direction= W
[publish_wind_direction-2] [INFO] [1749048075.080210734] [publish_wind_direction]: Publishing: "id68:S"
[publish_wind_direction-2] [INFO] [1749048079.047688416] [publish_wind_direction]: ***Cam angle= -77.66714985924811, vico ang deg= 0.0 Ground Truth= 282.3328501407519
[publish_wind_direction-2] [INFO] [1749048079.050127268] [publish_wind_direction]: ***Corrected Wind Direction= E
[publish_wind_direction-2] [INFO] [1749048080.080168045] [publish_wind_direction]: Publishing: "id68:S"
[publish_wind_direction-2] [INFO] [1749048083.799350136] [publish_wind_direction]: ***Cam angle= -107.49983097997827, vico ang deg= 0.0 Ground Truth= 252.50016902002173
[publish_wind_direction-2] [INFO] [1749048083.801749988] [publish_wind_direction]: ***Corrected Wind Direction= E
[publish_wind_direction-2] [INFO] [1749048085.080220635] [publish_wind_direction]: Publishing: "id68:S"
[publish_wind_direction-2] [INFO] [1749048089.085825040] [publish_wind_direction]: ***Cam angle= -93.89426679692016, vico ang deg= 0.0 Ground Truth= 266.1057332030798
[publish_wind_direction-2] [INFO] [1749048089.088307688] [publish_wind_direction]: ***Corrected Wind Direction= E
[publish_wind_direction-2] [INFO] [1749048090.080313502] [publish_wind_direction]: Publishing: "id68:S"
[publish_wind_direction-2] [INFO] [1749048094.155229407] [publish_wind_direction]: ***Cam angle= -999.0, vico ang deg= 0.0 Ground Truth= 81.0
[publish_wind_direction-2] [INFO] [1749048094.158660426] [publish_wind_direction]: ***Corrected Wind Direction= W
[publish_wind_direction-2] [INFO] [1749048095.080174722] [publish_wind_direction]: Publishing: "id68:S"
[publish_wind_direction-2] [INFO] [1749048098.968256164] [publish_wind_direction]: ***Cam angle= -61.7126181830822, vico ang deg= 0.0 Ground Truth= 298.2873818169178
[publish_wind_direction-2] [INFO] [1749048098.971693442] [publish_wind_direction]: ***Corrected Wind Direction= E
[publish_wind_direction-2] [INFO] [1749048198.285874012] [publish_wind_direction]: Raising exception
[publish_wind_direction-2] [INFO] [1749048198.289592512] [publish_wind_direction]: Publisher stopping, exception
[INFO] [publish_wind_direction-2]: process has finished cleanly [pid 841]
[random_robot_move-1] [INFO] [1749048201.862027140] [random_robot_move]: Exception, shutting down
