[INFO] [launch]: All log files can be found below /home/thymio/.ros/log/2025-06-11-08-17-33-475249-thymio-819
[INFO] [launch]: Default logging verbosity is set to INFO
[INFO] [random_robot_move-1]: process started with pid [841]
[INFO] [publish_wind_direction-2]: process started with pid [843]
[publish_wind_direction-2] /usr/lib/python3/dist-packages/scipy/__init__.py:146: UserWarning: A NumPy version >=1.17.3 and <1.25.0 is required for this version of SciPy (detected version 1.26.4
[publish_wind_direction-2]   warnings.warn(f"A NumPy version >={np_minversion} and <{np_maxversion}"
[publish_wind_direction-2] [INFO] [1749629857.410499329] [publish_wind_direction]: Physical Ip=134.34.225.192, id=id192
[publish_wind_direction-2] [INFO] [1749629857.434565113] [publish_wind_direction]: Publsihing on: wind_direction/id192
[publish_wind_direction-2] [INFO] [1749629857.449636178] [publish_wind_direction]: Subscribed to: vicon/default/data
[publish_wind_direction-2] [INFO] [1749629857.453586295] [publish_wind_direction]: Subscribed to: wind_direction/id136
[publish_wind_direction-2] [INFO] [1749629857.457420284] [publish_wind_direction]: Subscribed to: wind_direction/id195
[publish_wind_direction-2] [INFO] [1749629857.461233077] [publish_wind_direction]: Subscribed to: wind_direction/id151
[publish_wind_direction-2] [INFO] [1749629857.464822112] [publish_wind_direction]: Subscribed to: wind_direction/id207
[publish_wind_direction-2] [INFO] [1749629857.468242796] [publish_wind_direction]: Subscribed to: wind_direction/id224
[publish_wind_direction-2] [INFO] [1749629857.471698857] [publish_wind_direction]: Subscribed to: wind_direction/id193
[publish_wind_direction-2] [INFO] [1749629857.475301924] [publish_wind_direction]: Subscribed to: wind_direction/id142
[publish_wind_direction-2] [INFO] [1749629857.478879185] [publish_wind_direction]: Subscribed to: wind_direction/id206
[publish_wind_direction-2] [INFO] [1749629857.482365587] [publish_wind_direction]: Subscribed to: wind_direction/id194
[random_robot_move-1] [INFO] [1749629860.344400248] [random_robot_move]: Robot Control Node started.
[publish_wind_direction-2] [INFO] [1749629862.439495552] [publish_wind_direction]: Publishing: "id192:N"
[publish_wind_direction-2] [INFO] [1749629867.440572459] [publish_wind_direction]: Publishing: "id192:N"
[publish_wind_direction-2] [INFO] [1749629872.441540203] [publish_wind_direction]: Publishing: "id192:N"
[publish_wind_direction-2] [INFO] [1749629877.439123218] [publish_wind_direction]: Publishing: "id192:N"
[publish_wind_direction-2] [INFO] [1749629882.439423242] [publish_wind_direction]: Publishing: "id192:N"
[publish_wind_direction-2] [INFO] [1749629887.439207493] [publish_wind_direction]: Publishing: "id192:N"
[publish_wind_direction-2] [INFO] [1749629892.439024886] [publish_wind_direction]: Publishing: "id192:N"
[publish_wind_direction-2] [INFO] [1749629897.438844550] [publish_wind_direction]: Publishing: "id192:N"
[publish_wind_direction-2] [INFO] [1749629902.438684939] [publish_wind_direction]: Publishing: "id192:N"
[publish_wind_direction-2] [INFO] [1749629907.439040612] [publish_wind_direction]: Publishing: "id192:N"
[publish_wind_direction-2] [INFO] [1749629912.439154826] [publish_wind_direction]: Publishing: "id192:N"
[publish_wind_direction-2] [INFO] [1749629917.438943260] [publish_wind_direction]: Publishing: "id192:N"
[publish_wind_direction-2] [INFO] [1749629922.439015508] [publish_wind_direction]: Publishing: "id192:N"
[publish_wind_direction-2] [INFO] [1749629927.439497636] [publish_wind_direction]: Publishing: "id192:N"
[publish_wind_direction-2] [INFO] [1749629932.439432195] [publish_wind_direction]: Publishing: "id192:N"
[publish_wind_direction-2] [INFO] [1749629937.439053554] [publish_wind_direction]: Publishing: "id192:N"
[publish_wind_direction-2] [INFO] [1749629942.439035876] [publish_wind_direction]: Publishing: "id192:N"
[publish_wind_direction-2] [INFO] [1749629947.439175597] [publish_wind_direction]: Publishing: "id192:N"
[publish_wind_direction-2] [INFO] [1749629952.439051462] [publish_wind_direction]: Publishing: "id192:N"
[publish_wind_direction-2] [INFO] [1749629957.439071661] [publish_wind_direction]: Publishing: "id192:N"
[publish_wind_direction-2] [INFO] [1749629962.440008359] [publish_wind_direction]: Publishing: "id192:N"
[publish_wind_direction-2] [INFO] [1749629967.439308374] [publish_wind_direction]: Publishing: "id192:N"
[publish_wind_direction-2] [INFO] [1749629972.438762300] [publish_wind_direction]: Publishing: "id192:N"
[publish_wind_direction-2] [INFO] [1749629977.439535045] [publish_wind_direction]: Publishing: "id192:N"
[publish_wind_direction-2] [INFO] [1749629982.439410770] [publish_wind_direction]: Publishing: "id192:N"
[publish_wind_direction-2] [INFO] [1749629987.438878087] [publish_wind_direction]: Publishing: "id192:N"
[publish_wind_direction-2] [INFO] [1749629992.438915686] [publish_wind_direction]: Publishing: "id192:N"
[publish_wind_direction-2] [INFO] [1749629997.438938455] [publish_wind_direction]: Publishing: "id192:N"
[publish_wind_direction-2] [INFO] [1749630002.439432619] [publish_wind_direction]: Publishing: "id192:N"
[publish_wind_direction-2] [INFO] [1749630007.439265963] [publish_wind_direction]: Publishing: "id192:N"
[publish_wind_direction-2] [INFO] [1749630012.438900211] [publish_wind_direction]: Publishing: "id192:N"
[publish_wind_direction-2] [INFO] [1749630017.438735274] [publish_wind_direction]: Publishing: "id192:N"
[publish_wind_direction-2] [INFO] [1749630022.438933649] [publish_wind_direction]: Publishing: "id192:N"
[publish_wind_direction-2] [INFO] [1749630027.440700739] [publish_wind_direction]: Publishing: "id192:N"
[publish_wind_direction-2] [INFO] [1749630032.439034712] [publish_wind_direction]: Publishing: "id192:N"
[publish_wind_direction-2] [INFO] [1749630037.439586974] [publish_wind_direction]: Publishing: "id192:N"
[publish_wind_direction-2] [INFO] [1749630042.439332589] [publish_wind_direction]: Publishing: "id192:N"
[publish_wind_direction-2] [INFO] [1749630045.277886649] [publish_wind_direction]: Vicon Position= [334.2054748535156, -25.14200210571289]
[publish_wind_direction-2] [INFO] [1749630045.280995453] [publish_wind_direction]: Neighbourhood size: 4
[publish_wind_direction-2] [INFO] [1749630047.439220973] [publish_wind_direction]: Publishing: "id192:N"
[publish_wind_direction-2] [INFO] [1749630052.440090630] [publish_wind_direction]: Publishing: "id192:N"
[publish_wind_direction-2] [INFO] [1749630052.897535808] [publish_wind_direction]: Vicon Position= [323.5928649902344, -220.1812744140625]
[publish_wind_direction-2] [INFO] [1749630052.900280240] [publish_wind_direction]: Neighbourhood size: 2
[publish_wind_direction-2] [INFO] [1749630057.438835426] [publish_wind_direction]: Publishing: "id192:N"
[publish_wind_direction-2] [INFO] [1749630057.728079501] [publish_wind_direction]: Vicon Position= [89.1784896850586, -557.727783203125]
[publish_wind_direction-2] [INFO] [1749630057.732841678] [publish_wind_direction]: Neighbourhood size: 3
[publish_wind_direction-2] [INFO] [1749630062.438743809] [publish_wind_direction]: Publishing: "id192:N"
[publish_wind_direction-2] [INFO] [1749630062.711043886] [publish_wind_direction]: Vicon Position= [-27.355220794677734, -756.1539306640625]
[publish_wind_direction-2] [INFO] [1749630062.713622536] [publish_wind_direction]: Neighbourhood size: 2
[publish_wind_direction-2] [INFO] [1749630066.724986732] [publish_wind_direction]: Vicon Position= [40.261566162109375, -709.6945190429688]
[publish_wind_direction-2] [INFO] [1749630066.727896471] [publish_wind_direction]: Neighbourhood size: 3
[publish_wind_direction-2] [INFO] [1749630067.438877444] [publish_wind_direction]: Publishing: "id192:N"
[publish_wind_direction-2] [INFO] [1749630069.078608057] [publish_wind_direction]: Vicon Position= [64.82875061035156, -596.5028076171875]
[publish_wind_direction-2] [INFO] [1749630069.081552214] [publish_wind_direction]: Neighbourhood size: 3
[publish_wind_direction-2] [INFO] [1749630071.286396923] [publish_wind_direction]: Vicon Position= [55.15591049194336, -639.8258056640625]
[publish_wind_direction-2] [INFO] [1749630071.289481602] [publish_wind_direction]: Neighbourhood size: 3
[publish_wind_direction-2] [INFO] [1749630072.438951592] [publish_wind_direction]: Publishing: "id192:N"
[publish_wind_direction-2] [INFO] [1749630077.439128361] [publish_wind_direction]: Publishing: "id192:N"
[publish_wind_direction-2] [INFO] [1749630082.438880922] [publish_wind_direction]: Publishing: "id192:N"
[publish_wind_direction-2] [INFO] [1749630082.789647459] [publish_wind_direction]: Vicon Position= [25.713642120361328, -480.2214050292969]
[publish_wind_direction-2] [INFO] [1749630082.792773370] [publish_wind_direction]: Neighbourhood size: 3
[publish_wind_direction-2] [INFO] [1749630087.439510117] [publish_wind_direction]: Publishing: "id192:N"
[publish_wind_direction-2] [INFO] [1749630092.438890246] [publish_wind_direction]: Publishing: "id192:N"
[publish_wind_direction-2] [INFO] [1749630093.147652280] [publish_wind_direction]: Vicon Position= [-2.660917282104492, -386.6622619628906]
[publish_wind_direction-2] [INFO] [1749630093.150215202] [publish_wind_direction]: Neighbourhood size: 2
[publish_wind_direction-2] [INFO] [1749630097.439152022] [publish_wind_direction]: Publishing: "id192:N"
[publish_wind_direction-2] [INFO] [1749630099.712009755] [publish_wind_direction]: Vicon Position= [-4.116185188293457, -388.5476989746094]
[publish_wind_direction-2] [INFO] [1749630099.714791961] [publish_wind_direction]: Neighbourhood size: 2
[publish_wind_direction-2] [INFO] [1749630101.668640729] [publish_wind_direction]: Vicon Position= [-4.116185188293457, -388.5476989746094]
[publish_wind_direction-2] [INFO] [1749630101.671515726] [publish_wind_direction]: Neighbourhood size: 2
[publish_wind_direction-2] [INFO] [1749630102.438728912] [publish_wind_direction]: Publishing: "id192:N"
[publish_wind_direction-2] [INFO] [1749630103.889108267] [publish_wind_direction]: Vicon Position= [-40.14500045776367, -445.0860595703125]
[publish_wind_direction-2] [INFO] [1749630103.891932165] [publish_wind_direction]: Neighbourhood size: 2
[publish_wind_direction-2] [INFO] [1749630107.439487502] [publish_wind_direction]: Publishing: "id192:N"
[publish_wind_direction-2] [INFO] [1749630111.807869783] [publish_wind_direction]: Vicon Position= [-380.32879638671875, -546.1434326171875]
[publish_wind_direction-2] [INFO] [1749630111.810845518] [publish_wind_direction]: Neighbourhood size: 1
[publish_wind_direction-2] [INFO] [1749630112.438812913] [publish_wind_direction]: Publishing: "id192:N"
[publish_wind_direction-2] [INFO] [1749630115.253640649] [publish_wind_direction]: Vicon Position= [-947.5661010742188, -752.9461059570312]
[publish_wind_direction-2] [INFO] [1749630115.256676461] [publish_wind_direction]: Neighbourhood size: 1
[publish_wind_direction-2] [INFO] [1749630117.438977961] [publish_wind_direction]: Publishing: "id192:N"
[publish_wind_direction-2] [INFO] [1749630120.941976124] [publish_wind_direction]: Vicon Position= [-821.8917236328125, -726.8179931640625]
[publish_wind_direction-2] [INFO] [1749630120.945323858] [publish_wind_direction]: Neighbourhood size: 0
[publish_wind_direction-2] [INFO] [1749630122.438890269] [publish_wind_direction]: Publishing: "id192:N"
[publish_wind_direction-2] [INFO] [1749630127.439187660] [publish_wind_direction]: Publishing: "id192:N"
[publish_wind_direction-2] [INFO] [1749630131.431566577] [publish_wind_direction]: Vicon Position= [-522.0797729492188, -684.1302490234375]
[publish_wind_direction-2] [INFO] [1749630131.434520766] [publish_wind_direction]: Neighbourhood size: 1
[publish_wind_direction-2] [INFO] [1749630132.438902642] [publish_wind_direction]: Publishing: "id192:N"
[publish_wind_direction-2] [INFO] [1749630132.938500173] [publish_wind_direction]: * Received from id151, wind direction N
[publish_wind_direction-2] [INFO] [1749630132.941756740] [publish_wind_direction]: All opinions = {'id151': 'N'}
[publish_wind_direction-2] [INFO] [1749630132.944908745] [publish_wind_direction]: Publisher, neighbours_by_id={'id207'}
[publish_wind_direction-2] [INFO] [1749630137.818380071] [publish_wind_direction]: ***Cam angle= 8.351812035179876, vico ang deg= -171.03818629807276 Ground Truth= 197.31362573710712
[publish_wind_direction-2] [INFO] [1749630137.820897853] [publish_wind_direction]: Publisher, Neighbourhood size: 1
[publish_wind_direction-2] [INFO] [1749630137.825393639] [publish_wind_direction]: Publishing: "id192:N"
[publish_wind_direction-2] [INFO] [1749630137.828306103] [publish_wind_direction]: * Received from id151, wind direction N
[publish_wind_direction-2] [INFO] [1749630137.830866473] [publish_wind_direction]: All opinions = {'id151': 'N'}
[publish_wind_direction-2] [INFO] [1749630137.833238677] [publish_wind_direction]: Publisher, neighbours_by_id={'id207'}
[publish_wind_direction-2] [INFO] [1749630141.744503973] [publish_wind_direction]: ***Cam angle= -202.62934498526064, vico ang deg= -171.03818629807276 Ground Truth= 346.3324687166666
[publish_wind_direction-2] [INFO] [1749630141.747014169] [publish_wind_direction]: Publisher, Neighbourhood size: 1
[publish_wind_direction-2] [INFO] [1749630141.751577032] [publish_wind_direction]: Vicon Position= [183.94895935058594, -789.6937255859375]
[publish_wind_direction-2] [INFO] [1749630141.754041547] [publish_wind_direction]: Neighbourhood size: 2
[publish_wind_direction-2] [INFO] [1749630141.757067507] [publish_wind_direction]: * Received from id151, wind direction N
[publish_wind_direction-2] [INFO] [1749630141.759495618] [publish_wind_direction]: All opinions = {'id151': 'N'}
[publish_wind_direction-2] [INFO] [1749630141.761924970] [publish_wind_direction]: Publisher, neighbours_by_id={'id207', 'id142'}
[publish_wind_direction-2] [INFO] [1749630145.868733163] [publish_wind_direction]: ***Cam angle= -194.62512776024533, vico ang deg= -134.69630796585298 Ground Truth= 30.678564273901657
[publish_wind_direction-2] [INFO] [1749630145.872197642] [publish_wind_direction]: Publisher, Neighbourhood size: 2
[publish_wind_direction-2] [INFO] [1749630145.878666645] [publish_wind_direction]: Publishing: "id192:N"
[publish_wind_direction-2] [INFO] [1749630145.883745801] [publish_wind_direction]: Vicon Position= [177.14126586914062, -749.066650390625]
[publish_wind_direction-2] [INFO] [1749630145.887373653] [publish_wind_direction]: Neighbourhood size: 2
[publish_wind_direction-2] [INFO] [1749630147.438952975] [publish_wind_direction]: Publishing: "id192:N"
[publish_wind_direction-2] [INFO] [1749630150.655887695] [publish_wind_direction]: Vicon Position= [248.82455444335938, -427.01727294921875]
[publish_wind_direction-2] [INFO] [1749630150.659073117] [publish_wind_direction]: Neighbourhood size: 2
[publish_wind_direction-2] [INFO] [1749630152.439409989] [publish_wind_direction]: Publishing: "id192:N"
[publish_wind_direction-2] [INFO] [1749630153.928721252] [publish_wind_direction]: Vicon Position= [304.03558349609375, -181.5810546875]
[publish_wind_direction-2] [INFO] [1749630153.931640258] [publish_wind_direction]: Neighbourhood size: 3
[publish_wind_direction-2] [INFO] [1749630157.438932914] [publish_wind_direction]: Publishing: "id192:N"
[publish_wind_direction-2] [INFO] [1749630157.963963479] [publish_wind_direction]: * Received from id207, wind direction S
[publish_wind_direction-2] [INFO] [1749630157.966780685] [publish_wind_direction]: All opinions = {'id151': 'N', 'id207': 'S'}
[publish_wind_direction-2] [INFO] [1749630157.969627740] [publish_wind_direction]: Publisher, neighbours_by_id={'id194', 'id207', 'id142'}
[publish_wind_direction-2] [INFO] [1749630161.976186586] [publish_wind_direction]: ***Cam angle= -72.1653227782725, vico ang deg= -102.35569845629465 Ground Truth= 185.47897876543286
[publish_wind_direction-2] [INFO] [1749630161.978626034] [publish_wind_direction]: Publisher, Neighbourhood size: 3
[publish_wind_direction-2] [INFO] [1749630161.981002822] [publish_wind_direction]: Decision Making Triggered
[publish_wind_direction-2] [INFO] [1749630161.983425198] [publish_wind_direction]: Publisher, Neighbours Opinion: 1
[publish_wind_direction-2] [INFO] [1749630161.985805818] [publish_wind_direction]: Inside Decision Making, neighbours opinion: {'id207': 'S'}
[publish_wind_direction-2] [INFO] [1749630161.988214065] [publish_wind_direction]: Inside Decision Making, social opinions: {'S': 1}
[publish_wind_direction-2] [INFO] [1749630161.990848589] [publish_wind_direction]: Inside Decision Making, My Wind Direction: S
[publish_wind_direction-2] [INFO] [1749630161.993259132] [publish_wind_direction]: Inside Decision Making, Decision dict: {'N': 0.0, 'S': 2.2, 'E': 0.0, 'W': 0.0}
[publish_wind_direction-2] [INFO] [1749630161.995759261] [publish_wind_direction]: -----------------------------------------------------
[publish_wind_direction-2] [INFO] [1749630161.999573660] [publish_wind_direction]: * Received from id207, wind direction S
[publish_wind_direction-2] [INFO] [1749630162.001958150] [publish_wind_direction]: All opinions = {'id151': 'N', 'id207': 'S'}
[publish_wind_direction-2] [INFO] [1749630162.004412820] [publish_wind_direction]: Publisher, neighbours_by_id={'id194', 'id207', 'id142'}
[publish_wind_direction-2] [INFO] [1749630166.030732206] [publish_wind_direction]: ***Cam angle= -999.0, vico ang deg= -102.35569845629465 Ground Truth= 338.6443015437053
[publish_wind_direction-2] [INFO] [1749630166.033168900] [publish_wind_direction]: Publisher, Neighbourhood size: 3
[publish_wind_direction-2] [INFO] [1749630166.035607687] [publish_wind_direction]: Decision Making Triggered
[publish_wind_direction-2] [INFO] [1749630166.037978942] [publish_wind_direction]: Publisher, Neighbours Opinion: 1
[publish_wind_direction-2] [INFO] [1749630166.040440449] [publish_wind_direction]: Inside Decision Making, neighbours opinion: {'id207': 'S'}
[publish_wind_direction-2] [INFO] [1749630166.043027963] [publish_wind_direction]: Inside Decision Making, social opinions: {'S': 1}
[publish_wind_direction-2] [INFO] [1749630166.045405662] [publish_wind_direction]: Inside Decision Making, My Wind Direction: N
[publish_wind_direction-2] [INFO] [1749630166.047870484] [publish_wind_direction]: Inside Decision Making, Decision dict: {'N': 1.2, 'S': 1.0, 'E': 0.0, 'W': 0.0}
[publish_wind_direction-2] [INFO] [1749630166.050238313] [publish_wind_direction]: -----------------------------------------------------
[publish_wind_direction-2] [INFO] [1749630166.054791822] [publish_wind_direction]: Publishing: "id192:N"
[publish_wind_direction-2] [INFO] [1749630166.058497628] [publish_wind_direction]: Vicon Position= [325.98284912109375, -139.97341918945312]
[publish_wind_direction-2] [INFO] [1749630166.061031387] [publish_wind_direction]: Neighbourhood size: 4
[publish_wind_direction-2] [INFO] [1749630166.063909469] [publish_wind_direction]: * Received from id136, wind direction S
[publish_wind_direction-2] [INFO] [1749630166.066383771] [publish_wind_direction]: All opinions = {'id151': 'N', 'id207': 'S', 'id136': 'S'}
[publish_wind_direction-2] [INFO] [1749630166.068852147] [publish_wind_direction]: Publisher, neighbours_by_id={'id136', 'id194', 'id207', 'id142'}
[publish_wind_direction-2] [INFO] [1749630169.916179100] [publish_wind_direction]: ***Cam angle= -71.2537138265762, vico ang deg= -331.56936630637813 Ground Truth= 317.1769198670457
[publish_wind_direction-2] [INFO] [1749630169.918710770] [publish_wind_direction]: Publisher, Neighbourhood size: 4
[publish_wind_direction-2] [INFO] [1749630169.921113359] [publish_wind_direction]: Decision Making Triggered
[publish_wind_direction-2] [INFO] [1749630169.923505763] [publish_wind_direction]: Publisher, Neighbours Opinion: 2
[publish_wind_direction-2] [INFO] [1749630169.925886613] [publish_wind_direction]: Inside Decision Making, neighbours opinion: {'id207': 'S', 'id136': 'S'}
[publish_wind_direction-2] [INFO] [1749630169.928331587] [publish_wind_direction]: Inside Decision Making, social opinions: {'S': 2}
[publish_wind_direction-2] [INFO] [1749630169.930871071] [publish_wind_direction]: Inside Decision Making, My Wind Direction: N
[publish_wind_direction-2] [INFO] [1749630169.933266456] [publish_wind_direction]: Inside Decision Making, Decision dict: {'N': 2.4, 'S': 2.0, 'E': 0.0, 'W': 0.0}
[publish_wind_direction-2] [INFO] [1749630169.935651510] [publish_wind_direction]: -----------------------------------------------------
[publish_wind_direction-2] [INFO] [1749630169.938454045] [publish_wind_direction]: * Received from id207, wind direction W
[publish_wind_direction-2] [INFO] [1749630169.940837987] [publish_wind_direction]: All opinions = {'id151': 'N', 'id207': 'W', 'id136': 'S'}
[publish_wind_direction-2] [INFO] [1749630169.943234021] [publish_wind_direction]: Publisher, neighbours_by_id={'id136', 'id194', 'id207', 'id142'}
[publish_wind_direction-2] [INFO] [1749630173.907050881] [publish_wind_direction]: ***Cam angle= -63.341519176626576, vico ang deg= -331.56936630637813 Ground Truth= 325.0891145169953
[publish_wind_direction-2] [INFO] [1749630173.909473916] [publish_wind_direction]: Publisher, Neighbourhood size: 4
[publish_wind_direction-2] [INFO] [1749630173.911902839] [publish_wind_direction]: Decision Making Triggered
[publish_wind_direction-2] [INFO] [1749630173.914269989] [publish_wind_direction]: Publisher, Neighbours Opinion: 2
[publish_wind_direction-2] [INFO] [1749630173.916704431] [publish_wind_direction]: Inside Decision Making, neighbours opinion: {'id207': 'W', 'id136': 'S'}
[publish_wind_direction-2] [INFO] [1749630173.919123910] [publish_wind_direction]: Inside Decision Making, social opinions: {'W': 1, 'S': 1}
[publish_wind_direction-2] [INFO] [1749630173.921667860] [publish_wind_direction]: Inside Decision Making, My Wind Direction: N
[publish_wind_direction-2] [INFO] [1749630173.924250567] [publish_wind_direction]: Inside Decision Making, Decision dict: {'N': 2.4, 'S': 1.0, 'E': 0.0, 'W': 1.0}
[publish_wind_direction-2] [INFO] [1749630173.926642141] [publish_wind_direction]: -----------------------------------------------------
[publish_wind_direction-2] [INFO] [1749630173.931150424] [publish_wind_direction]: Publishing: "id192:N"
[publish_wind_direction-2] [INFO] [1749630173.934872700] [publish_wind_direction]: Vicon Position= [321.7509460449219, -138.18017578125]
[publish_wind_direction-2] [INFO] [1749630173.937176597] [publish_wind_direction]: Neighbourhood size: 4
[publish_wind_direction-2] [INFO] [1749630177.438959896] [publish_wind_direction]: Publishing: "id192:N"
[publish_wind_direction-2] [INFO] [1749630179.626372259] [publish_wind_direction]: Vicon Position= [825.2125854492188, 366.6221008300781]
[publish_wind_direction-2] [INFO] [1749630179.629490778] [publish_wind_direction]: Neighbourhood size: 0
[publish_wind_direction-2] [INFO] [1749630182.439049507] [publish_wind_direction]: Publishing: "id192:N"
[publish_wind_direction-2] [INFO] [1749630183.869873674] [publish_wind_direction]: Vicon Position= [1059.755126953125, 580.720458984375]
[publish_wind_direction-2] [INFO] [1749630183.873160571] [publish_wind_direction]: Neighbourhood size: 2
[publish_wind_direction-2] [INFO] [1749630187.439034904] [publish_wind_direction]: Publishing: "id192:N"
[publish_wind_direction-2] [INFO] [1749630188.568972482] [publish_wind_direction]: * Received from id224, wind direction S
[publish_wind_direction-2] [INFO] [1749630188.572186075] [publish_wind_direction]: All opinions = {'id151': 'N', 'id207': 'W', 'id136': 'S', 'id224': 'S'}
[publish_wind_direction-2] [INFO] [1749630188.575306064] [publish_wind_direction]: Publisher, neighbours_by_id={'id224', 'id193'}
[publish_wind_direction-2] [INFO] [1749630192.865976902] [publish_wind_direction]: ***Cam angle= -92.9081531767072, vico ang deg= -136.86946229025924 Ground Truth= 130.22238453303356
[publish_wind_direction-2] [INFO] [1749630192.868467259] [publish_wind_direction]: Publisher, Neighbourhood size: 2
[publish_wind_direction-2] [INFO] [1749630192.872937626] [publish_wind_direction]: Publishing: "id192:N"
[publish_wind_direction-2] [INFO] [1749630192.876479770] [publish_wind_direction]: Vicon Position= [896.3643798828125, 639.0291748046875]
[publish_wind_direction-2] [INFO] [1749630192.878964350] [publish_wind_direction]: Neighbourhood size: 3
[publish_wind_direction-2] [INFO] [1749630192.881926559] [publish_wind_direction]: * Received from id224, wind direction E
[publish_wind_direction-2] [INFO] [1749630192.884332516] [publish_wind_direction]: All opinions = {'id151': 'N', 'id207': 'W', 'id136': 'S', 'id224': 'E'}
[publish_wind_direction-2] [INFO] [1749630192.886724548] [publish_wind_direction]: Publisher, neighbours_by_id={'id224', 'id195', 'id193'}
[publish_wind_direction-2] [INFO] [1749630197.233554050] [publish_wind_direction]: ***Cam angle= -999.0, vico ang deg= -47.91367122254434 Ground Truth= 33.08632877745572
[publish_wind_direction-2] [INFO] [1749630197.236047929] [publish_wind_direction]: Publisher, Neighbourhood size: 3
[publish_wind_direction-2] [INFO] [1749630197.238409336] [publish_wind_direction]: Decision Making Triggered
[publish_wind_direction-2] [INFO] [1749630197.240955859] [publish_wind_direction]: Publisher, Neighbours Opinion: 3
[publish_wind_direction-2] [INFO] [1749630197.243361763] [publish_wind_direction]: Inside Decision Making, neighbours opinion: {'id207': 'W', 'id136': 'S', 'id224': 'E'}
[publish_wind_direction-2] [INFO] [1749630197.245768908] [publish_wind_direction]: Inside Decision Making, social opinions: {'W': 1, 'S': 1, 'E': 1}
[publish_wind_direction-2] [INFO] [1749630197.248237066] [publish_wind_direction]: Inside Decision Making, My Wind Direction: N
[publish_wind_direction-2] [INFO] [1749630197.250764109] [publish_wind_direction]: Inside Decision Making, Decision dict: {'N': 3.5999999999999996, 'S': 1.0, 'E': 1.0, 'W': 1.0}
[publish_wind_direction-2] [INFO] [1749630197.253138405] [publish_wind_direction]: -----------------------------------------------------
[publish_wind_direction-2] [INFO] [1749630197.257806465] [publish_wind_direction]: Vicon Position= [903.888671875, 657.0869750976562]
[publish_wind_direction-2] [INFO] [1749630197.260278049] [publish_wind_direction]: Neighbourhood size: 3
[publish_wind_direction-2] [INFO] [1749630197.263139010] [publish_wind_direction]: * Received from id224, wind direction W
[publish_wind_direction-2] [INFO] [1749630197.265472179] [publish_wind_direction]: All opinions = {'id151': 'N', 'id207': 'W', 'id136': 'S', 'id224': 'W'}
[publish_wind_direction-2] [INFO] [1749630197.267898489] [publish_wind_direction]: Publisher, neighbours_by_id={'id224', 'id195', 'id193'}
[publish_wind_direction-2] [INFO] [1749630201.472794434] [publish_wind_direction]: ***Cam angle= -999.0, vico ang deg= -90.57916282903291 Ground Truth= 350.42083717096716
[publish_wind_direction-2] [INFO] [1749630201.475313905] [publish_wind_direction]: Publisher, Neighbourhood size: 3
[publish_wind_direction-2] [INFO] [1749630201.477842320] [publish_wind_direction]: Decision Making Triggered
[publish_wind_direction-2] [INFO] [1749630201.480404566] [publish_wind_direction]: Publisher, Neighbours Opinion: 3
[publish_wind_direction-2] [INFO] [1749630201.482853543] [publish_wind_direction]: Inside Decision Making, neighbours opinion: {'id207': 'W', 'id136': 'S', 'id224': 'W'}
[publish_wind_direction-2] [INFO] [1749630201.485243044] [publish_wind_direction]: Inside Decision Making, social opinions: {'W': 2, 'S': 1}
[publish_wind_direction-2] [INFO] [1749630201.487616804] [publish_wind_direction]: Inside Decision Making, My Wind Direction: N
[publish_wind_direction-2] [INFO] [1749630201.489959956] [publish_wind_direction]: Inside Decision Making, Decision dict: {'N': 3.5999999999999996, 'S': 1.0, 'E': 0.0, 'W': 2.0}
[publish_wind_direction-2] [INFO] [1749630201.492342494] [publish_wind_direction]: -----------------------------------------------------
[publish_wind_direction-2] [INFO] [1749630201.496953914] [publish_wind_direction]: Publishing: "id192:N"
[publish_wind_direction-2] [INFO] [1749630201.500660183] [publish_wind_direction]: Vicon Position= [939.296630859375, 661.338134765625]
[publish_wind_direction-2] [INFO] [1749630201.503187895] [publish_wind_direction]: Neighbourhood size: 3
[publish_wind_direction-2] [INFO] [1749630201.505953310] [publish_wind_direction]: * Received from id224, wind direction W
[publish_wind_direction-2] [INFO] [1749630201.508336274] [publish_wind_direction]: All opinions = {'id151': 'N', 'id207': 'W', 'id136': 'S', 'id224': 'W'}
[publish_wind_direction-2] [INFO] [1749630201.510770585] [publish_wind_direction]: Publisher, neighbours_by_id={'id224', 'id195', 'id193'}
[publish_wind_direction-2] [INFO] [1749630205.570772863] [publish_wind_direction]: ***Cam angle= 32.99853150473999, vico ang deg= -167.3622000447892 Ground Truth= 225.63633145995078
[publish_wind_direction-2] [INFO] [1749630205.573154365] [publish_wind_direction]: Publisher, Neighbourhood size: 3
[publish_wind_direction-2] [INFO] [1749630205.575531146] [publish_wind_direction]: Decision Making Triggered
[publish_wind_direction-2] [INFO] [1749630205.577840729] [publish_wind_direction]: Publisher, Neighbours Opinion: 3
[publish_wind_direction-2] [INFO] [1749630205.580238860] [publish_wind_direction]: Inside Decision Making, neighbours opinion: {'id207': 'W', 'id136': 'S', 'id224': 'W'}
[publish_wind_direction-2] [INFO] [1749630205.582553108] [publish_wind_direction]: Inside Decision Making, social opinions: {'W': 2, 'S': 1}
[publish_wind_direction-2] [INFO] [1749630205.584899651] [publish_wind_direction]: Inside Decision Making, My Wind Direction: E
[publish_wind_direction-2] [INFO] [1749630205.587439141] [publish_wind_direction]: Inside Decision Making, Decision dict: {'N': 0.0, 'S': 1.0, 'E': 3.5999999999999996, 'W': 2.0}
[publish_wind_direction-2] [INFO] [1749630205.589743576] [publish_wind_direction]: -----------------------------------------------------
[publish_wind_direction-2] [INFO] [1749630205.594202864] [publish_wind_direction]: Publishing: "id192:E"
[publish_wind_direction-2] [INFO] [1749630205.597749833] [publish_wind_direction]: Vicon Position= [943.3147583007812, 657.8876953125]
[publish_wind_direction-2] [INFO] [1749630205.600342190] [publish_wind_direction]: Neighbourhood size: 3
[publish_wind_direction-2] [INFO] [1749630207.438650437] [publish_wind_direction]: Publishing: "id192:E"
[publish_wind_direction-2] [INFO] [1749630211.031179368] [publish_wind_direction]: Vicon Position= [790.1017456054688, -765.2289428710938]
[publish_wind_direction-2] [INFO] [1749630211.034607128] [publish_wind_direction]: Neighbourhood size: 1
[publish_wind_direction-2] [INFO] [1749630212.438940995] [publish_wind_direction]: Publishing: "id192:E"
[publish_wind_direction-2] [INFO] [1749630217.438749249] [publish_wind_direction]: Publishing: "id192:E"
[publish_wind_direction-2] [INFO] [1749630218.271602226] [publish_wind_direction]: * Received from id136, wind direction S
[publish_wind_direction-2] [INFO] [1749630218.275742066] [publish_wind_direction]: All opinions = {'id151': 'N', 'id207': 'W', 'id136': 'S', 'id224': 'W'}
[publish_wind_direction-2] [INFO] [1749630218.278283007] [publish_wind_direction]: Publisher, neighbours_by_id={'id136'}
[publish_wind_direction-2] [INFO] [1749630222.664330171] [publish_wind_direction]: ***Cam angle= -96.95569667234176, vico ang deg= -237.25051221054025 Ground Truth= 25.793791117117962
[publish_wind_direction-2] [INFO] [1749630222.666777213] [publish_wind_direction]: Publisher, Neighbourhood size: 1
[publish_wind_direction-2] [INFO] [1749630222.671203665] [publish_wind_direction]: Publishing: "id192:E"
[publish_wind_direction-2] [INFO] [1749630222.674899708] [publish_wind_direction]: Vicon Position= [798.5924682617188, -727.9317626953125]
[publish_wind_direction-2] [INFO] [1749630222.677297846] [publish_wind_direction]: Neighbourhood size: 1
[publish_wind_direction-2] [INFO] [1749630225.867087373] [publish_wind_direction]: Vicon Position= [909.0798950195312, -638.5923461914062]
[publish_wind_direction-2] [INFO] [1749630225.869857819] [publish_wind_direction]: Neighbourhood size: 1
[publish_wind_direction-2] [INFO] [1749630227.438884241] [publish_wind_direction]: Publishing: "id192:E"
[publish_wind_direction-2] [INFO] [1749630228.131072547] [publish_wind_direction]: Vicon Position= [972.886474609375, -586.8892822265625]
[publish_wind_direction-2] [INFO] [1749630228.133815069] [publish_wind_direction]: Neighbourhood size: 1
[publish_wind_direction-2] [INFO] [1749630231.182608672] [publish_wind_direction]: Vicon Position= [1097.091796875, -490.2333068847656]
[publish_wind_direction-2] [INFO] [1749630231.185621325] [publish_wind_direction]: Neighbourhood size: 1
[publish_wind_direction-2] [INFO] [1749630232.438688792] [publish_wind_direction]: Publishing: "id192:E"
[publish_wind_direction-2] [INFO] [1749630237.392513283] [publish_wind_direction]: Vicon Position= [824.7274780273438, -346.83697509765625]
[publish_wind_direction-2] [INFO] [1749630237.396618490] [publish_wind_direction]: Neighbourhood size: 2
[publish_wind_direction-2] [INFO] [1749630237.438410798] [publish_wind_direction]: Publishing: "id192:E"
[publish_wind_direction-2] [INFO] [1749630238.522248208] [publish_wind_direction]: * Received from id142, wind direction N
[publish_wind_direction-2] [INFO] [1749630238.524903185] [publish_wind_direction]: All opinions = {'id151': 'N', 'id207': 'W', 'id136': 'S', 'id224': 'W', 'id142': 'N'}
[publish_wind_direction-2] [INFO] [1749630238.528582756] [publish_wind_direction]: Publisher, neighbours_by_id={'id136', 'id207'}
[publish_wind_direction-2] [INFO] [1749630242.584596762] [publish_wind_direction]: ***Cam angle= -3.1948826634284018, vico ang deg= -46.02697105048764 Ground Truth= 310.77814628608394
[publish_wind_direction-2] [INFO] [1749630242.587065087] [publish_wind_direction]: Publisher, Neighbourhood size: 2
[publish_wind_direction-2] [INFO] [1749630242.591529270] [publish_wind_direction]: Publishing: "id192:E"
[publish_wind_direction-2] [INFO] [1749630242.595040725] [publish_wind_direction]: Vicon Position= [692.6018676757812, -146.28147888183594]
[publish_wind_direction-2] [INFO] [1749630242.597440758] [publish_wind_direction]: Neighbourhood size: 2
[publish_wind_direction-2] [INFO] [1749630242.600659993] [publish_wind_direction]: * Received from id142, wind direction N
[publish_wind_direction-2] [INFO] [1749630242.603022307] [publish_wind_direction]: All opinions = {'id151': 'N', 'id207': 'W', 'id136': 'S', 'id224': 'W', 'id142': 'N'}
[publish_wind_direction-2] [INFO] [1749630242.605479262] [publish_wind_direction]: Publisher, neighbours_by_id={'id136', 'id207'}
[publish_wind_direction-2] [INFO] [1749630246.622437577] [publish_wind_direction]: ***Cam angle= 6.274842248782591, vico ang deg= -146.77253713344297 Ground Truth= 219.50230511533962
[publish_wind_direction-2] [INFO] [1749630246.624890496] [publish_wind_direction]: Publisher, Neighbourhood size: 2
[publish_wind_direction-2] [INFO] [1749630246.629371255] [publish_wind_direction]: Vicon Position= [708.8323974609375, -185.60256958007812]
[publish_wind_direction-2] [INFO] [1749630246.631900539] [publish_wind_direction]: Neighbourhood size: 3
[publish_wind_direction-2] [INFO] [1749630246.634707730] [publish_wind_direction]: * Received from id142, wind direction N
[publish_wind_direction-2] [INFO] [1749630246.637219424] [publish_wind_direction]: All opinions = {'id151': 'N', 'id207': 'W', 'id136': 'S', 'id224': 'W', 'id142': 'N'}
[publish_wind_direction-2] [INFO] [1749630246.639655308] [publish_wind_direction]: Publisher, neighbours_by_id={'id136', 'id151', 'id207'}
[publish_wind_direction-2] [INFO] [1749630250.576461126] [publish_wind_direction]: ***Cam angle= 56.459173843862885, vico ang deg= -247.7603719840112 Ground Truth= 168.6988018598517
[publish_wind_direction-2] [INFO] [1749630250.578931101] [publish_wind_direction]: Publisher, Neighbourhood size: 3
[publish_wind_direction-2] [INFO] [1749630250.581271529] [publish_wind_direction]: Decision Making Triggered
[publish_wind_direction-2] [INFO] [1749630250.583625605] [publish_wind_direction]: Publisher, Neighbours Opinion: 3
[publish_wind_direction-2] [INFO] [1749630250.585961460] [publish_wind_direction]: Inside Decision Making, neighbours opinion: {'id207': 'W', 'id136': 'S', 'id224': 'W'}
[publish_wind_direction-2] [INFO] [1749630250.588339627] [publish_wind_direction]: Inside Decision Making, social opinions: {'W': 2, 'S': 1}
[publish_wind_direction-2] [INFO] [1749630250.590850562] [publish_wind_direction]: Inside Decision Making, My Wind Direction: S
[publish_wind_direction-2] [INFO] [1749630250.593207508] [publish_wind_direction]: Inside Decision Making, Decision dict: {'N': 0.0, 'S': 4.6, 'E': 0.0, 'W': 2.0}
[publish_wind_direction-2] [INFO] [1749630250.595539159] [publish_wind_direction]: -----------------------------------------------------
[publish_wind_direction-2] [INFO] [1749630250.599974515] [publish_wind_direction]: Publishing: "id192:S"
[publish_wind_direction-2] [INFO] [1749630250.603530062] [publish_wind_direction]: Vicon Position= [707.8509521484375, -186.42466735839844]
[publish_wind_direction-2] [INFO] [1749630250.606130510] [publish_wind_direction]: Neighbourhood size: 3
[publish_wind_direction-2] [INFO] [1749630250.609386930] [publish_wind_direction]: * Received from id142, wind direction N
[publish_wind_direction-2] [INFO] [1749630250.612167346] [publish_wind_direction]: All opinions = {'id151': 'N', 'id207': 'W', 'id136': 'S', 'id224': 'W', 'id142': 'N'}
[publish_wind_direction-2] [INFO] [1749630250.614949540] [publish_wind_direction]: Publisher, neighbours_by_id={'id136', 'id151', 'id207'}
[publish_wind_direction-2] [INFO] [1749630254.481521905] [publish_wind_direction]: ***Cam angle= -999.0, vico ang deg= -250.3001522072506 Ground Truth= 190.69984779274932
[publish_wind_direction-2] [INFO] [1749630254.484024749] [publish_wind_direction]: Publisher, Neighbourhood size: 3
[publish_wind_direction-2] [INFO] [1749630254.486396992] [publish_wind_direction]: Decision Making Triggered
[publish_wind_direction-2] [INFO] [1749630254.488787232] [publish_wind_direction]: Publisher, Neighbours Opinion: 3
[publish_wind_direction-2] [INFO] [1749630254.491229414] [publish_wind_direction]: Inside Decision Making, neighbours opinion: {'id207': 'W', 'id136': 'S', 'id224': 'W'}
[publish_wind_direction-2] [INFO] [1749630254.493803198] [publish_wind_direction]: Inside Decision Making, social opinions: {'W': 2, 'S': 1}
[publish_wind_direction-2] [INFO] [1749630254.496149886] [publish_wind_direction]: Inside Decision Making, My Wind Direction: S
[publish_wind_direction-2] [INFO] [1749630254.498519499] [publish_wind_direction]: Inside Decision Making, Decision dict: {'N': 0.0, 'S': 4.6, 'E': 0.0, 'W': 2.0}
[publish_wind_direction-2] [INFO] [1749630254.500885241] [publish_wind_direction]: -----------------------------------------------------
[publish_wind_direction-2] [INFO] [1749630254.505362355] [publish_wind_direction]: Publishing: "id192:S"
[publish_wind_direction-2] [INFO] [1749630254.509090707] [publish_wind_direction]: Vicon Position= [757.66015625, -145.7446746826172]
[publish_wind_direction-2] [INFO] [1749630254.511457005] [publish_wind_direction]: Neighbourhood size: 3
[publish_wind_direction-2] [INFO] [1749630254.514318583] [publish_wind_direction]: * Received from id151, wind direction N
[publish_wind_direction-2] [INFO] [1749630254.516750654] [publish_wind_direction]: All opinions = {'id151': 'N', 'id207': 'W', 'id136': 'S', 'id224': 'W', 'id142': 'N'}
[publish_wind_direction-2] [INFO] [1749630254.519184855] [publish_wind_direction]: Publisher, neighbours_by_id={'id136', 'id151', 'id207'}
[publish_wind_direction-2] [INFO] [1749630258.552116695] [publish_wind_direction]: ***Cam angle= -999.0, vico ang deg= -229.73281260151631 Ground Truth= 211.26718739848366
[publish_wind_direction-2] [INFO] [1749630258.554503825] [publish_wind_direction]: Publisher, Neighbourhood size: 3
[publish_wind_direction-2] [INFO] [1749630258.556884197] [publish_wind_direction]: Decision Making Triggered
[publish_wind_direction-2] [INFO] [1749630258.559248515] [publish_wind_direction]: Publisher, Neighbours Opinion: 4
[publish_wind_direction-2] [INFO] [1749630258.561602630] [publish_wind_direction]: Inside Decision Making, neighbours opinion: {'id207': 'W', 'id136': 'S', 'id224': 'W', 'id151': 'N'}
[publish_wind_direction-2] [INFO] [1749630258.563997186] [publish_wind_direction]: Inside Decision Making, social opinions: {'W': 2, 'S': 1, 'N': 1}
[publish_wind_direction-2] [INFO] [1749630258.566499383] [publish_wind_direction]: Inside Decision Making, My Wind Direction: S
[publish_wind_direction-2] [INFO] [1749630258.568911567] [publish_wind_direction]: Inside Decision Making, Decision dict: {'N': 1.0, 'S': 5.8, 'E': 0.0, 'W': 2.0}
[publish_wind_direction-2] [INFO] [1749630258.571266145] [publish_wind_direction]: -----------------------------------------------------
[publish_wind_direction-2] [INFO] [1749630258.574050730] [publish_wind_direction]: * Received from id142, wind direction N
[publish_wind_direction-2] [INFO] [1749630258.576431305] [publish_wind_direction]: All opinions = {'id151': 'N', 'id207': 'W', 'id136': 'S', 'id224': 'W', 'id142': 'N'}
[publish_wind_direction-2] [INFO] [1749630258.578796160] [publish_wind_direction]: Publisher, neighbours_by_id={'id136', 'id151', 'id207'}
[publish_wind_direction-2] [INFO] [1749630262.497533298] [publish_wind_direction]: ***Cam angle= -269.1662526730651, vico ang deg= -229.73281260151631 Ground Truth= 221.1009347254186
[publish_wind_direction-2] [INFO] [1749630262.499972204] [publish_wind_direction]: Publisher, Neighbourhood size: 3
[publish_wind_direction-2] [INFO] [1749630262.502289618] [publish_wind_direction]: Decision Making Triggered
[publish_wind_direction-2] [INFO] [1749630262.504664603] [publish_wind_direction]: Publisher, Neighbours Opinion: 4
[publish_wind_direction-2] [INFO] [1749630262.507095768] [publish_wind_direction]: Inside Decision Making, neighbours opinion: {'id207': 'W', 'id136': 'S', 'id224': 'W', 'id151': 'N'}
[publish_wind_direction-2] [INFO] [1749630262.509457402] [publish_wind_direction]: Inside Decision Making, social opinions: {'W': 2, 'S': 1, 'N': 1}
[publish_wind_direction-2] [INFO] [1749630262.511829516] [publish_wind_direction]: Inside Decision Making, My Wind Direction: S
[publish_wind_direction-2] [INFO] [1749630262.514498054] [publish_wind_direction]: Inside Decision Making, Decision dict: {'N': 1.0, 'S': 5.8, 'E': 0.0, 'W': 2.0}
[publish_wind_direction-2] [INFO] [1749630262.516867205] [publish_wind_direction]: -----------------------------------------------------
[publish_wind_direction-2] [INFO] [1749630262.521331786] [publish_wind_direction]: Publishing: "id192:S"
[publish_wind_direction-2] [INFO] [1749630262.524932279] [publish_wind_direction]: Vicon Position= [800.2977905273438, -198.06344604492188]
[publish_wind_direction-2] [INFO] [1749630262.527441643] [publish_wind_direction]: Neighbourhood size: 2
[publish_wind_direction-2] [INFO] [1749630262.530455620] [publish_wind_direction]: * Received from id151, wind direction S
[publish_wind_direction-2] [INFO] [1749630262.533010536] [publish_wind_direction]: All opinions = {'id151': 'S', 'id207': 'W', 'id136': 'S', 'id224': 'W', 'id142': 'N'}
[publish_wind_direction-2] [INFO] [1749630262.535578489] [publish_wind_direction]: Publisher, neighbours_by_id={'id151', 'id207'}
[publish_wind_direction-2] [INFO] [1749630266.480889788] [publish_wind_direction]: ***Cam angle= -999.0, vico ang deg= -227.57292827443598 Ground Truth= 213.42707172556402
[publish_wind_direction-2] [INFO] [1749630266.483348749] [publish_wind_direction]: Publisher, Neighbourhood size: 2
[publish_wind_direction-2] [INFO] [1749630266.487852403] [publish_wind_direction]: Vicon Position= [934.9451904296875, -344.82684326171875]
[publish_wind_direction-2] [INFO] [1749630266.490280273] [publish_wind_direction]: Neighbourhood size: 2
[publish_wind_direction-2] [INFO] [1749630266.493099098] [publish_wind_direction]: * Received from id151, wind direction N
[publish_wind_direction-2] [INFO] [1749630266.495705641] [publish_wind_direction]: All opinions = {'id151': 'N', 'id207': 'W', 'id136': 'S', 'id224': 'W', 'id142': 'N'}
[publish_wind_direction-2] [INFO] [1749630266.498078108] [publish_wind_direction]: Publisher, neighbours_by_id={'id151', 'id207'}
[publish_wind_direction-2] [INFO] [1749630270.893667620] [publish_wind_direction]: ***Cam angle= -158.90374405660373, vico ang deg= -224.45297751057035 Ground Truth= 336.6432784328259
[publish_wind_direction-2] [INFO] [1749630270.896177411] [publish_wind_direction]: Publisher, Neighbourhood size: 2
[publish_wind_direction-2] [INFO] [1749630270.900847240] [publish_wind_direction]: Publishing: "id192:S"
[publish_wind_direction-2] [INFO] [1749630270.904472900] [publish_wind_direction]: Vicon Position= [998.4218139648438, -465.994873046875]
[publish_wind_direction-2] [INFO] [1749630270.907096813] [publish_wind_direction]: Neighbourhood size: 1
[publish_wind_direction-2] [INFO] [1749630270.910052778] [publish_wind_direction]: * Received from id151, wind direction N
[publish_wind_direction-2] [INFO] [1749630270.912386544] [publish_wind_direction]: All opinions = {'id151': 'N', 'id207': 'W', 'id136': 'S', 'id224': 'W', 'id142': 'N'}
[publish_wind_direction-2] [INFO] [1749630270.914813341] [publish_wind_direction]: Publisher, neighbours_by_id={'id151'}
[publish_wind_direction-2] [INFO] [1749630274.860003576] [publish_wind_direction]: ***Cam angle= -169.58637837097012, vico ang deg= -16.03776815131967 Ground Truth= 174.3758534777102
[publish_wind_direction-2] [INFO] [1749630274.862398968] [publish_wind_direction]: Publisher, Neighbourhood size: 1
[publish_wind_direction-2] [INFO] [1749630274.865230090] [publish_wind_direction]: * Received from id207, wind direction W
[publish_wind_direction-2] [INFO] [1749630274.867670591] [publish_wind_direction]: All opinions = {'id151': 'N', 'id207': 'W', 'id136': 'S', 'id224': 'W', 'id142': 'N'}
[publish_wind_direction-2] [INFO] [1749630274.870057169] [publish_wind_direction]: Publisher, neighbours_by_id={'id151'}
[publish_wind_direction-2] [INFO] [1749630278.831142648] [publish_wind_direction]: ***Cam angle= 69.47759021448806, vico ang deg= -16.03776815131967 Ground Truth= 53.43982206316839
[publish_wind_direction-2] [INFO] [1749630278.833983992] [publish_wind_direction]: Publisher, Neighbourhood size: 1
[publish_wind_direction-2] [INFO] [1749630278.838579070] [publish_wind_direction]: Publishing: "id192:S"
[publish_wind_direction-2] [INFO] [1749630278.842100294] [publish_wind_direction]: Vicon Position= [738.4039916992188, -387.8739318847656]
[publish_wind_direction-2] [INFO] [1749630278.844740763] [publish_wind_direction]: Neighbourhood size: 3
[publish_wind_direction-2] [INFO] [1749630278.847586903] [publish_wind_direction]: * Received from id151, wind direction N
[publish_wind_direction-2] [INFO] [1749630278.849935929] [publish_wind_direction]: All opinions = {'id151': 'N', 'id207': 'W', 'id136': 'S', 'id224': 'W', 'id142': 'N'}
[publish_wind_direction-2] [INFO] [1749630278.852326082] [publish_wind_direction]: Publisher, neighbours_by_id={'id151', 'id194', 'id206'}
[publish_wind_direction-2] [INFO] [1749630282.828826472] [publish_wind_direction]: ***Cam angle= -999.0, vico ang deg= -309.85502012152864 Ground Truth= 131.1449798784713
[publish_wind_direction-2] [INFO] [1749630282.831364671] [publish_wind_direction]: Publisher, Neighbourhood size: 3
[publish_wind_direction-2] [INFO] [1749630282.833697495] [publish_wind_direction]: Decision Making Triggered
[publish_wind_direction-2] [INFO] [1749630282.836085519] [publish_wind_direction]: Publisher, Neighbours Opinion: 4
[publish_wind_direction-2] [INFO] [1749630282.838456581] [publish_wind_direction]: Inside Decision Making, neighbours opinion: {'id207': 'W', 'id136': 'S', 'id224': 'W', 'id151': 'N'}
[publish_wind_direction-2] [INFO] [1749630282.840836772] [publish_wind_direction]: Inside Decision Making, social opinions: {'W': 2, 'S': 1, 'N': 1}
[publish_wind_direction-2] [INFO] [1749630282.843395803] [publish_wind_direction]: Inside Decision Making, My Wind Direction: W
[publish_wind_direction-2] [INFO] [1749630282.845780179] [publish_wind_direction]: Inside Decision Making, Decision dict: {'N': 1.0, 'S': 1.0, 'E': 0.0, 'W': 6.8}
[publish_wind_direction-2] [INFO] [1749630282.848136223] [publish_wind_direction]: -----------------------------------------------------
[publish_wind_direction-2] [INFO] [1749630282.850957422] [publish_wind_direction]: * Received from id207, wind direction N
[publish_wind_direction-2] [INFO] [1749630282.853324465] [publish_wind_direction]: All opinions = {'id151': 'N', 'id207': 'N', 'id136': 'S', 'id224': 'W', 'id142': 'N'}
[publish_wind_direction-2] [INFO] [1749630282.855702268] [publish_wind_direction]: Publisher, neighbours_by_id={'id151', 'id194', 'id206'}
[publish_wind_direction-2] [INFO] [1749630286.863098719] [publish_wind_direction]: ***Cam angle= -999.0, vico ang deg= -309.85502012152864 Ground Truth= 131.1449798784713
[publish_wind_direction-2] [INFO] [1749630286.865516260] [publish_wind_direction]: Publisher, Neighbourhood size: 3
[publish_wind_direction-2] [INFO] [1749630286.867953096] [publish_wind_direction]: Decision Making Triggered
[publish_wind_direction-2] [INFO] [1749630286.870276180] [publish_wind_direction]: Publisher, Neighbours Opinion: 4
[publish_wind_direction-2] [INFO] [1749630286.872674722] [publish_wind_direction]: Inside Decision Making, neighbours opinion: {'id207': 'W', 'id136': 'S', 'id224': 'W', 'id151': 'N'}
[publish_wind_direction-2] [INFO] [1749630286.875063136] [publish_wind_direction]: Inside Decision Making, social opinions: {'W': 2, 'S': 1, 'N': 1}
[publish_wind_direction-2] [INFO] [1749630286.877555394] [publish_wind_direction]: Inside Decision Making, My Wind Direction: W
[publish_wind_direction-2] [INFO] [1749630286.879946381] [publish_wind_direction]: Inside Decision Making, Decision dict: {'N': 1.0, 'S': 1.0, 'E': 0.0, 'W': 6.8}
[publish_wind_direction-2] [INFO] [1749630286.882236153] [publish_wind_direction]: -----------------------------------------------------
[publish_wind_direction-2] [INFO] [1749630286.886784643] [publish_wind_direction]: Publishing: "id192:W"
[publish_wind_direction-2] [INFO] [1749630286.890394141] [publish_wind_direction]: Vicon Position= [689.3187255859375, -337.91510009765625]
[publish_wind_direction-2] [INFO] [1749630286.893231338] [publish_wind_direction]: Neighbourhood size: 3
[publish_wind_direction-2] [INFO] [1749630286.896253876] [publish_wind_direction]: * Received from id207, wind direction N
[publish_wind_direction-2] [INFO] [1749630286.898875125] [publish_wind_direction]: All opinions = {'id151': 'N', 'id207': 'N', 'id136': 'S', 'id224': 'W', 'id142': 'N'}
[publish_wind_direction-2] [INFO] [1749630286.901284907] [publish_wind_direction]: Publisher, neighbours_by_id={'id151', 'id194', 'id206'}
[publish_wind_direction-2] [INFO] [1749630290.878857551] [publish_wind_direction]: ***Cam angle= -999.0, vico ang deg= -48.77498166213451 Ground Truth= 32.22501833786555
[publish_wind_direction-2] [INFO] [1749630290.881236354] [publish_wind_direction]: Publisher, Neighbourhood size: 3
[publish_wind_direction-2] [INFO] [1749630290.883622916] [publish_wind_direction]: Decision Making Triggered
[publish_wind_direction-2] [INFO] [1749630290.885945797] [publish_wind_direction]: Publisher, Neighbours Opinion: 4
[publish_wind_direction-2] [INFO] [1749630290.888346247] [publish_wind_direction]: Inside Decision Making, neighbours opinion: {'id207': 'W', 'id136': 'S', 'id224': 'W', 'id151': 'N'}
[publish_wind_direction-2] [INFO] [1749630290.890714663] [publish_wind_direction]: Inside Decision Making, social opinions: {'W': 2, 'S': 1, 'N': 1}
[publish_wind_direction-2] [INFO] [1749630290.893211051] [publish_wind_direction]: Inside Decision Making, My Wind Direction: N
[publish_wind_direction-2] [INFO] [1749630290.895622796] [publish_wind_direction]: Inside Decision Making, Decision dict: {'N': 5.8, 'S': 1.0, 'E': 0.0, 'W': 2.0}
[publish_wind_direction-2] [INFO] [1749630290.897943677] [publish_wind_direction]: -----------------------------------------------------
[publish_wind_direction-2] [INFO] [1749630290.900771877] [publish_wind_direction]: * Received from id193, wind direction E
[publish_wind_direction-2] [INFO] [1749630290.903159716] [publish_wind_direction]: All opinions = {'id151': 'N', 'id207': 'N', 'id136': 'S', 'id224': 'W', 'id142': 'N', 'id193': 'E'}
[publish_wind_direction-2] [INFO] [1749630290.905619977] [publish_wind_direction]: Publisher, neighbours_by_id={'id151', 'id194', 'id206'}
[publish_wind_direction-2] [INFO] [1749630295.006086112] [publish_wind_direction]: ***Cam angle= -35.3563520853958, vico ang deg= -48.77498166213451 Ground Truth= 275.86866625246967
[publish_wind_direction-2] [INFO] [1749630295.008604703] [publish_wind_direction]: Publisher, Neighbourhood size: 3
[publish_wind_direction-2] [INFO] [1749630295.010996136] [publish_wind_direction]: Decision Making Triggered
[publish_wind_direction-2] [INFO] [1749630295.013374402] [publish_wind_direction]: Publisher, Neighbours Opinion: 4
[publish_wind_direction-2] [INFO] [1749630295.015836738] [publish_wind_direction]: Inside Decision Making, neighbours opinion: {'id207': 'W', 'id136': 'S', 'id224': 'W', 'id151': 'N'}
[publish_wind_direction-2] [INFO] [1749630295.018204246] [publish_wind_direction]: Inside Decision Making, social opinions: {'W': 2, 'S': 1, 'N': 1}
[publish_wind_direction-2] [INFO] [1749630295.020753761] [publish_wind_direction]: Inside Decision Making, My Wind Direction: E
[publish_wind_direction-2] [INFO] [1749630295.023202616] [publish_wind_direction]: Inside Decision Making, Decision dict: {'N': 1.0, 'S': 1.0, 'E': 4.8, 'W': 2.0}
[publish_wind_direction-2] [INFO] [1749630295.025537682] [publish_wind_direction]: -----------------------------------------------------
[publish_wind_direction-2] [INFO] [1749630295.029991718] [publish_wind_direction]: Publishing: "id192:E"
[publish_wind_direction-2] [INFO] [1749630295.033546332] [publish_wind_direction]: Vicon Position= [388.67047119140625, -25.557754516601562]
[publish_wind_direction-2] [INFO] [1749630295.036062608] [publish_wind_direction]: Neighbourhood size: 6
[publish_wind_direction-2] [INFO] [1749630297.438968528] [publish_wind_direction]: Publishing: "id192:E"
[publish_wind_direction-2] [INFO] [1749630298.186268764] [publish_wind_direction]: Vicon Position= [857.0856323242188, -134.26556396484375]
[publish_wind_direction-2] [INFO] [1749630298.189201790] [publish_wind_direction]: Neighbourhood size: 1
[publish_wind_direction-2] [INFO] [1749630299.835781845] [publish_wind_direction]: * Received from id151, wind direction N
[publish_wind_direction-2] [INFO] [1749630299.838385431] [publish_wind_direction]: All opinions = {'id151': 'N', 'id207': 'N', 'id136': 'S', 'id224': 'W', 'id142': 'N', 'id193': 'E'}
[publish_wind_direction-2] [INFO] [1749630299.841360843] [publish_wind_direction]: Publisher, neighbours_by_id={'id194'}
[publish_wind_direction-2] [INFO] [1749630303.798788700] [publish_wind_direction]: ***Cam angle= -999.0, vico ang deg= -176.4346519231943 Ground Truth= 264.5653480768058
[publish_wind_direction-2] [INFO] [1749630303.802180493] [publish_wind_direction]: Publisher, Neighbourhood size: 1
[publish_wind_direction-2] [INFO] [1749630303.808542329] [publish_wind_direction]: Publishing: "id192:E"
[publish_wind_direction-2] [INFO] [1749630303.813480890] [publish_wind_direction]: Vicon Position= [995.0132446289062, -48.49784469604492]
[publish_wind_direction-2] [INFO] [1749630303.816921717] [publish_wind_direction]: Neighbourhood size: 2
[publish_wind_direction-2] [INFO] [1749630305.917321110] [publish_wind_direction]: Vicon Position= [969.9688720703125, 126.22880554199219]
[publish_wind_direction-2] [INFO] [1749630305.920223732] [publish_wind_direction]: Neighbourhood size: 2
[publish_wind_direction-2] [INFO] [1749630307.438857703] [publish_wind_direction]: Publishing: "id192:E"
[publish_wind_direction-2] [INFO] [1749630312.438891808] [publish_wind_direction]: Publishing: "id192:E"
[publish_wind_direction-2] [INFO] [1749630313.695328837] [publish_wind_direction]: Vicon Position= [968.4318237304688, 389.2630615234375]
[publish_wind_direction-2] [INFO] [1749630313.698435391] [publish_wind_direction]: Neighbourhood size: 2
[publish_wind_direction-2] [INFO] [1749630317.439385806] [publish_wind_direction]: Publishing: "id192:E"
[publish_wind_direction-2] [INFO] [1749630318.193356839] [publish_wind_direction]: Vicon Position= [878.2666625976562, 312.7553405761719]
[publish_wind_direction-2] [INFO] [1749630318.196515668] [publish_wind_direction]: Neighbourhood size: 2
[publish_wind_direction-2] [INFO] [1749630321.518401682] [publish_wind_direction]: Vicon Position= [595.0465087890625, -26.820138931274414]
[publish_wind_direction-2] [INFO] [1749630321.521292233] [publish_wind_direction]: Neighbourhood size: 3
[publish_wind_direction-2] [INFO] [1749630322.439459257] [publish_wind_direction]: Publishing: "id192:E"
[publish_wind_direction-2] [INFO] [1749630324.856327481] [publish_wind_direction]: Vicon Position= [362.4273681640625, -347.63909912109375]
[publish_wind_direction-2] [INFO] [1749630324.859227606] [publish_wind_direction]: Neighbourhood size: 4
[publish_wind_direction-2] [INFO] [1749630327.439499978] [publish_wind_direction]: Publishing: "id192:E"
[publish_wind_direction-2] [INFO] [1749630329.327694134] [publish_wind_direction]: Vicon Position= [312.9250793457031, -412.5431823730469]
[publish_wind_direction-2] [INFO] [1749630329.330465378] [publish_wind_direction]: Neighbourhood size: 4
[publish_wind_direction-2] [INFO] [1749630330.650107739] [publish_wind_direction]: Vicon Position= [274.9324645996094, -465.7496337890625]
[publish_wind_direction-2] [INFO] [1749630330.652978643] [publish_wind_direction]: Neighbourhood size: 4
[publish_wind_direction-2] [INFO] [1749630332.438868727] [publish_wind_direction]: Publishing: "id192:E"
[publish_wind_direction-2] [INFO] [1749630333.036441678] [publish_wind_direction]: Vicon Position= [257.4796142578125, -474.8558654785156]
[publish_wind_direction-2] [INFO] [1749630333.039562159] [publish_wind_direction]: Neighbourhood size: 2
[publish_wind_direction-2] [INFO] [1749630335.522505294] [publish_wind_direction]: * Received from id151, wind direction N
[publish_wind_direction-2] [INFO] [1749630335.525322832] [publish_wind_direction]: All opinions = {'id151': 'N', 'id207': 'N', 'id136': 'S', 'id224': 'W', 'id142': 'N', 'id193': 'E'}
[publish_wind_direction-2] [INFO] [1749630335.528242678] [publish_wind_direction]: Publisher, neighbours_by_id={'id195', 'id142'}
[publish_wind_direction-2] [INFO] [1749630339.560615043] [publish_wind_direction]: ***Cam angle= -999.0, vico ang deg= -334.8346204502194 Ground Truth= 106.16537954978048
[publish_wind_direction-2] [INFO] [1749630339.563039866] [publish_wind_direction]: Publisher, Neighbourhood size: 2
[publish_wind_direction-2] [INFO] [1749630339.567468947] [publish_wind_direction]: Publishing: "id192:E"
[publish_wind_direction-2] [INFO] [1749630339.571033307] [publish_wind_direction]: Vicon Position= [322.0851745605469, -245.14089965820312]
[publish_wind_direction-2] [INFO] [1749630339.573612361] [publish_wind_direction]: Neighbourhood size: 3
[publish_wind_direction-2] [INFO] [1749630342.438737996] [publish_wind_direction]: Publishing: "id192:E"
[publish_wind_direction-2] [INFO] [1749630342.802034821] [publish_wind_direction]: Vicon Position= [401.7244873046875, -21.401103973388672]
[publish_wind_direction-2] [INFO] [1749630342.804722368] [publish_wind_direction]: Neighbourhood size: 6
[publish_wind_direction-2] [INFO] [1749630347.117743197] [publish_wind_direction]: Vicon Position= [588.7184448242188, 586.655029296875]
[publish_wind_direction-2] [INFO] [1749630347.120910343] [publish_wind_direction]: Neighbourhood size: 3
[publish_wind_direction-2] [INFO] [1749630347.438911844] [publish_wind_direction]: Publishing: "id192:E"
[publish_wind_direction-2] [INFO] [1749630351.646966822] [publish_wind_direction]: * Received from id142, wind direction W
[publish_wind_direction-2] [INFO] [1749630351.649771676] [publish_wind_direction]: All opinions = {'id151': 'N', 'id207': 'N', 'id136': 'S', 'id224': 'W', 'id142': 'W', 'id193': 'E'}
[publish_wind_direction-2] [INFO] [1749630351.652520775] [publish_wind_direction]: Publisher, neighbours_by_id={'id136', 'id151', 'id142'}
[publish_wind_direction-2] [INFO] [1749630355.543516240] [publish_wind_direction]: ***Cam angle= -999.0, vico ang deg= -103.2031026231742 Ground Truth= 337.7968973768259
[publish_wind_direction-2] [INFO] [1749630355.545938564] [publish_wind_direction]: Publisher, Neighbourhood size: 3
[publish_wind_direction-2] [INFO] [1749630355.548351223] [publish_wind_direction]: Decision Making Triggered
[publish_wind_direction-2] [INFO] [1749630355.550747937] [publish_wind_direction]: Publisher, Neighbours Opinion: 5
[publish_wind_direction-2] [INFO] [1749630355.553146467] [publish_wind_direction]: Inside Decision Making, neighbours opinion: {'id207': 'W', 'id136': 'S', 'id224': 'W', 'id151': 'N', 'id142': 'W'}
[publish_wind_direction-2] [INFO] [1749630355.555706634] [publish_wind_direction]: Inside Decision Making, social opinions: {'W': 3, 'S': 1, 'N': 1}
[publish_wind_direction-2] [INFO] [1749630355.558101219] [publish_wind_direction]: Inside Decision Making, My Wind Direction: N
[publish_wind_direction-2] [INFO] [1749630355.560553930] [publish_wind_direction]: Inside Decision Making, Decision dict: {'N': 7.0, 'S': 1.0, 'E': 0.0, 'W': 3.0}
[publish_wind_direction-2] [INFO] [1749630355.562946330] [publish_wind_direction]: -----------------------------------------------------
[publish_wind_direction-2] [INFO] [1749630355.567407670] [publish_wind_direction]: Publishing: "id192:N"
[publish_wind_direction-2] [INFO] [1749630355.570952440] [publish_wind_direction]: Vicon Position= [606.153076171875, 642.6131591796875]
[publish_wind_direction-2] [INFO] [1749630355.573504756] [publish_wind_direction]: Neighbourhood size: 4
[publish_wind_direction-2] [INFO] [1749630355.576348608] [publish_wind_direction]: * Received from id142, wind direction N
[publish_wind_direction-2] [INFO] [1749630355.578757007] [publish_wind_direction]: All opinions = {'id151': 'N', 'id207': 'N', 'id136': 'S', 'id224': 'W', 'id142': 'N', 'id193': 'E'}
[publish_wind_direction-2] [INFO] [1749630355.581108966] [publish_wind_direction]: Publisher, neighbours_by_id={'id136', 'id151', 'id194', 'id142'}
[publish_wind_direction-2] [INFO] [1749630359.657891374] [publish_wind_direction]: ***Cam angle= 2.6101279880579398, vico ang deg= -101.03771820946196 Ground Truth= 261.572409778596
[publish_wind_direction-2] [INFO] [1749630359.660500464] [publish_wind_direction]: Publisher, Neighbourhood size: 4
[publish_wind_direction-2] [INFO] [1749630359.662768632] [publish_wind_direction]: Decision Making Triggered
[publish_wind_direction-2] [INFO] [1749630359.665126350] [publish_wind_direction]: Publisher, Neighbours Opinion: 5
[publish_wind_direction-2] [INFO] [1749630359.667625502] [publish_wind_direction]: Inside Decision Making, neighbours opinion: {'id207': 'W', 'id136': 'S', 'id224': 'W', 'id151': 'N', 'id142': 'N'}
[publish_wind_direction-2] [INFO] [1749630359.670007551] [publish_wind_direction]: Inside Decision Making, social opinions: {'W': 2, 'S': 1, 'N': 2}
[publish_wind_direction-2] [INFO] [1749630359.672607790] [publish_wind_direction]: Inside Decision Making, My Wind Direction: E
[publish_wind_direction-2] [INFO] [1749630359.675048132] [publish_wind_direction]: Inside Decision Making, Decision dict: {'N': 2.0, 'S': 1.0, 'E': 6.0, 'W': 2.0}
[publish_wind_direction-2] [INFO] [1749630359.677412256] [publish_wind_direction]: -----------------------------------------------------
[publish_wind_direction-2] [INFO] [1749630359.681878800] [publish_wind_direction]: Publishing: "id192:E"
[publish_wind_direction-2] [INFO] [1749630359.685526952] [publish_wind_direction]: Vicon Position= [604.0192260742188, 634.0484008789062]
[publish_wind_direction-2] [INFO] [1749630359.688192409] [publish_wind_direction]: Neighbourhood size: 4
[publish_wind_direction-2] [INFO] [1749630362.438865186] [publish_wind_direction]: Publishing: "id192:E"
[publish_wind_direction-2] [INFO] [1749630362.915753795] [publish_wind_direction]: Vicon Position= [541.6261596679688, 536.33203125]
[publish_wind_direction-2] [INFO] [1749630362.918529744] [publish_wind_direction]: Neighbourhood size: 4
[publish_wind_direction-2] [INFO] [1749630367.438894553] [publish_wind_direction]: Publishing: "id192:E"
[publish_wind_direction-2] [INFO] [1749630371.857906256] [publish_wind_direction]: Vicon Position= [870.30517578125, 434.554443359375]
[publish_wind_direction-2] [INFO] [1749630371.861350756] [publish_wind_direction]: Neighbourhood size: 2
[publish_wind_direction-2] [INFO] [1749630372.439171912] [publish_wind_direction]: Publishing: "id192:E"
[publish_wind_direction-2] [INFO] [1749630377.001267252] [publish_wind_direction]: Vicon Position= [1071.822509765625, 299.9988098144531]
[publish_wind_direction-2] [INFO] [1749630377.003859678] [publish_wind_direction]: Neighbourhood size: 1
[publish_wind_direction-2] [INFO] [1749630377.439000740] [publish_wind_direction]: Publishing: "id192:E"
[publish_wind_direction-2] [INFO] [1749630378.979156817] [publish_wind_direction]: Vicon Position= [1003.341064453125, 385.4090881347656]
[publish_wind_direction-2] [INFO] [1749630378.982067944] [publish_wind_direction]: Neighbourhood size: 1
[publish_wind_direction-2] [INFO] [1749630382.438699711] [publish_wind_direction]: Publishing: "id192:E"
[publish_wind_direction-2] [INFO] [1749630384.132631284] [publish_wind_direction]: Vicon Position= [933.1339111328125, 423.8022155761719]
[publish_wind_direction-2] [INFO] [1749630384.135734898] [publish_wind_direction]: Neighbourhood size: 1
[publish_wind_direction-2] [INFO] [1749630387.438892870] [publish_wind_direction]: Publishing: "id192:E"
[publish_wind_direction-2] [INFO] [1749630389.114819759] [publish_wind_direction]: Vicon Position= [786.3180541992188, 382.7160949707031]
[publish_wind_direction-2] [INFO] [1749630389.117672798] [publish_wind_direction]: Neighbourhood size: 2
[publish_wind_direction-2] [INFO] [1749630392.076536317] [publish_wind_direction]: Vicon Position= [651.5392456054688, 347.27325439453125]
[publish_wind_direction-2] [INFO] [1749630392.079349710] [publish_wind_direction]: Neighbourhood size: 2
[publish_wind_direction-2] [INFO] [1749630392.438886794] [publish_wind_direction]: Publishing: "id192:E"
[publish_wind_direction-2] [INFO] [1749630395.572222928] [publish_wind_direction]: * Received from id142, wind direction N
[publish_wind_direction-2] [INFO] [1749630395.575298878] [publish_wind_direction]: All opinions = {'id151': 'N', 'id207': 'N', 'id136': 'S', 'id224': 'W', 'id142': 'N', 'id193': 'E'}
[publish_wind_direction-2] [INFO] [1749630395.578229948] [publish_wind_direction]: Publisher, neighbours_by_id={'id136', 'id194'}
[publish_wind_direction-2] [INFO] [1749630399.608545805] [publish_wind_direction]: ***Cam angle= -55.54222540000125, vico ang deg= -344.85392121159407 Ground Truth= 319.6038533884047
[publish_wind_direction-2] [INFO] [1749630399.611014813] [publish_wind_direction]: Publisher, Neighbourhood size: 2
[publish_wind_direction-2] [INFO] [1749630399.615495303] [publish_wind_direction]: Publishing: "id192:E"
[publish_wind_direction-2] [INFO] [1749630399.619062833] [publish_wind_direction]: Vicon Position= [592.7294311523438, 331.4139709472656]
[publish_wind_direction-2] [INFO] [1749630399.621518415] [publish_wind_direction]: Neighbourhood size: 2
[publish_wind_direction-2] [INFO] [1749630400.905806336] [publish_wind_direction]: Vicon Position= [672.1277465820312, 230.19476318359375]
[publish_wind_direction-2] [INFO] [1749630400.908612563] [publish_wind_direction]: Neighbourhood size: 2
[publish_wind_direction-2] [INFO] [1749630402.439028914] [publish_wind_direction]: Publishing: "id192:E"
[publish_wind_direction-2] [INFO] [1749630406.795900374] [publish_wind_direction]: * Received from id142, wind direction W
[publish_wind_direction-2] [INFO] [1749630406.798628736] [publish_wind_direction]: All opinions = {'id151': 'N', 'id207': 'N', 'id136': 'S', 'id224': 'W', 'id142': 'W', 'id193': 'E'}
[publish_wind_direction-2] [INFO] [1749630406.801237994] [publish_wind_direction]: Publisher, neighbours_by_id={'id136', 'id194'}
[publish_wind_direction-2] [INFO] [1749630410.753361653] [publish_wind_direction]: ***Cam angle= -250.17102498999637, vico ang deg= -243.46843092169956 Ground Truth= 226.3605440883041
[publish_wind_direction-2] [INFO] [1749630410.756778952] [publish_wind_direction]: Publisher, Neighbourhood size: 2
[publish_wind_direction-2] [INFO] [1749630410.763312402] [publish_wind_direction]: Publishing: "id192:E"
[publish_wind_direction-2] [INFO] [1749630410.768549288] [publish_wind_direction]: Vicon Position= [766.3287963867188, 41.717018127441406]
[publish_wind_direction-2] [INFO] [1749630410.771961902] [publish_wind_direction]: Neighbourhood size: 4
[publish_wind_direction-2] [INFO] [1749630410.776252812] [publish_wind_direction]: * Received from id142, wind direction W
[publish_wind_direction-2] [INFO] [1749630410.780075789] [publish_wind_direction]: All opinions = {'id151': 'N', 'id207': 'N', 'id136': 'S', 'id224': 'W', 'id142': 'W', 'id193': 'E'}
[publish_wind_direction-2] [INFO] [1749630410.783408574] [publish_wind_direction]: Publisher, neighbours_by_id={'id224', 'id136', 'id194', 'id206'}
[publish_wind_direction-2] [INFO] [1749630414.742999935] [publish_wind_direction]: ***Cam angle= -999.0, vico ang deg= -240.9211501484905 Ground Truth= 200.0788498515094
[publish_wind_direction-2] [INFO] [1749630414.745434760] [publish_wind_direction]: Publisher, Neighbourhood size: 4
[publish_wind_direction-2] [INFO] [1749630414.747860771] [publish_wind_direction]: Decision Making Triggered
[publish_wind_direction-2] [INFO] [1749630414.750238137] [publish_wind_direction]: Publisher, Neighbours Opinion: 5
[publish_wind_direction-2] [INFO] [1749630414.752687202] [publish_wind_direction]: Inside Decision Making, neighbours opinion: {'id207': 'W', 'id136': 'S', 'id224': 'W', 'id151': 'N', 'id142': 'N'}
[publish_wind_direction-2] [INFO] [1749630414.755267666] [publish_wind_direction]: Inside Decision Making, social opinions: {'W': 2, 'S': 1, 'N': 2}
[publish_wind_direction-2] [INFO] [1749630414.757671641] [publish_wind_direction]: Inside Decision Making, My Wind Direction: S
[publish_wind_direction-2] [INFO] [1749630414.760131039] [publish_wind_direction]: Inside Decision Making, Decision dict: {'N': 2.0, 'S': 7.0, 'E': 0.0, 'W': 2.0}
[publish_wind_direction-2] [INFO] [1749630414.762496202] [publish_wind_direction]: -----------------------------------------------------
[publish_wind_direction-2] [INFO] [1749630414.767045410] [publish_wind_direction]: Publishing: "id192:S"
[publish_wind_direction-2] [INFO] [1749630414.770538149] [publish_wind_direction]: Vicon Position= [776.6080322265625, 20.09098243713379]
[publish_wind_direction-2] [INFO] [1749630414.773214699] [publish_wind_direction]: Neighbourhood size: 4
[publish_wind_direction-2] [INFO] [1749630417.438880983] [publish_wind_direction]: Publishing: "id192:S"
[publish_wind_direction-2] [INFO] [1749630421.716225356] [publish_wind_direction]: Vicon Position= [959.1919555664062, -127.51828002929688]
[publish_wind_direction-2] [INFO] [1749630421.719148631] [publish_wind_direction]: Neighbourhood size: 4
[publish_wind_direction-2] [INFO] [1749630422.439051299] [publish_wind_direction]: Publishing: "id192:S"
[publish_wind_direction-2] [INFO] [1749630427.438709462] [publish_wind_direction]: Publishing: "id192:S"
[publish_wind_direction-2] [INFO] [1749630428.968295541] [publish_wind_direction]: Vicon Position= [877.4624633789062, -271.9941711425781]
[publish_wind_direction-2] [INFO] [1749630428.971050994] [publish_wind_direction]: Neighbourhood size: 5
[publish_wind_direction-2] [INFO] [1749630432.439360474] [publish_wind_direction]: Publishing: "id192:S"
[publish_wind_direction-2] [INFO] [1749630437.438913367] [publish_wind_direction]: Publishing: "id192:S"
[publish_wind_direction-2] [INFO] [1749630438.171241712] [publish_wind_direction]: Vicon Position= [880.5123291015625, -364.60894775390625]
[publish_wind_direction-2] [INFO] [1749630438.174818539] [publish_wind_direction]: Neighbourhood size: 4
[publish_wind_direction-2] [INFO] [1749630438.692298558] [publish_wind_direction]: * Received from id142, wind direction W
[publish_wind_direction-2] [INFO] [1749630438.695106582] [publish_wind_direction]: All opinions = {'id151': 'N', 'id207': 'N', 'id136': 'S', 'id224': 'W', 'id142': 'W', 'id193': 'E'}
[publish_wind_direction-2] [INFO] [1749630438.697934437] [publish_wind_direction]: Publisher, neighbours_by_id={'id224', 'id195', 'id194', 'id207'}
[publish_wind_direction-2] [INFO] [1749630442.681821899] [publish_wind_direction]: ***Cam angle= -30.453157174247302, vico ang deg= -192.47730459097934 Ground Truth= 137.06953823477335
[publish_wind_direction-2] [INFO] [1749630442.684412826] [publish_wind_direction]: Publisher, Neighbourhood size: 4
[publish_wind_direction-2] [INFO] [1749630442.686838985] [publish_wind_direction]: Decision Making Triggered
[publish_wind_direction-2] [INFO] [1749630442.689183872] [publish_wind_direction]: Publisher, Neighbours Opinion: 5
[publish_wind_direction-2] [INFO] [1749630442.691597699] [publish_wind_direction]: Inside Decision Making, neighbours opinion: {'id207': 'W', 'id136': 'S', 'id224': 'W', 'id151': 'N', 'id142': 'N'}
[publish_wind_direction-2] [INFO] [1749630442.693958733] [publish_wind_direction]: Inside Decision Making, social opinions: {'W': 2, 'S': 1, 'N': 2}
[publish_wind_direction-2] [INFO] [1749630442.696627266] [publish_wind_direction]: Inside Decision Making, My Wind Direction: S
[publish_wind_direction-2] [INFO] [1749630442.699193305] [publish_wind_direction]: Inside Decision Making, Decision dict: {'N': 2.0, 'S': 7.0, 'E': 0.0, 'W': 2.0}
[publish_wind_direction-2] [INFO] [1749630442.701537729] [publish_wind_direction]: -----------------------------------------------------
[publish_wind_direction-2] [INFO] [1749630442.705963334] [publish_wind_direction]: Publishing: "id192:S"
[publish_wind_direction-2] [INFO] [1749630442.709664635] [publish_wind_direction]: Vicon Position= [937.2113647460938, -380.6769104003906]
[publish_wind_direction-2] [INFO] [1749630442.712165919] [publish_wind_direction]: Neighbourhood size: 3
[publish_wind_direction-2] [INFO] [1749630442.714992016] [publish_wind_direction]: * Received from id142, wind direction E
[publish_wind_direction-2] [INFO] [1749630442.717370808] [publish_wind_direction]: All opinions = {'id151': 'N', 'id207': 'N', 'id136': 'S', 'id224': 'W', 'id142': 'E', 'id193': 'E'}
[publish_wind_direction-2] [INFO] [1749630442.719806078] [publish_wind_direction]: Publisher, neighbours_by_id={'id224', 'id195', 'id207'}
[publish_wind_direction-2] [INFO] [1749630446.725796480] [publish_wind_direction]: ***Cam angle= -51.541915493228856, vico ang deg= -194.9534165017655 Ground Truth= 113.50466800500564
[publish_wind_direction-2] [INFO] [1749630446.729246537] [publish_wind_direction]: Publisher, Neighbourhood size: 3
[publish_wind_direction-2] [INFO] [1749630446.732582175] [publish_wind_direction]: Decision Making Triggered
[publish_wind_direction-2] [INFO] [1749630446.735943626] [publish_wind_direction]: Publisher, Neighbours Opinion: 5
[publish_wind_direction-2] [INFO] [1749630446.739631983] [publish_wind_direction]: Inside Decision Making, neighbours opinion: {'id207': 'W', 'id136': 'S', 'id224': 'W', 'id151': 'N', 'id142': 'N'}
[publish_wind_direction-2] [INFO] [1749630446.743024895] [publish_wind_direction]: Inside Decision Making, social opinions: {'W': 2, 'S': 1, 'N': 2}
[publish_wind_direction-2] [INFO] [1749630446.746313037] [publish_wind_direction]: Inside Decision Making, My Wind Direction: W
[publish_wind_direction-2] [INFO] [1749630446.749698653] [publish_wind_direction]: Inside Decision Making, Decision dict: {'N': 2.0, 'S': 1.0, 'E': 0.0, 'W': 8.0}
[publish_wind_direction-2] [INFO] [1749630446.753011571] [publish_wind_direction]: -----------------------------------------------------
[publish_wind_direction-2] [INFO] [1749630446.759666941] [publish_wind_direction]: Vicon Position= [927.576904296875, -5.502360820770264]
[publish_wind_direction-2] [INFO] [1749630446.763397017] [publish_wind_direction]: Neighbourhood size: 3
[publish_wind_direction-2] [INFO] [1749630446.767405964] [publish_wind_direction]: * Received from id142, wind direction W
[publish_wind_direction-2] [INFO] [1749630446.770799747] [publish_wind_direction]: All opinions = {'id151': 'N', 'id207': 'N', 'id136': 'S', 'id224': 'W', 'id142': 'W', 'id193': 'E'}
[publish_wind_direction-2] [INFO] [1749630446.774067001] [publish_wind_direction]: Publisher, neighbours_by_id={'id224', 'id195', 'id194'}
[publish_wind_direction-2] [INFO] [1749630450.846243518] [publish_wind_direction]: ***Cam angle= -51.05608218244018, vico ang deg= -39.093611576777015 Ground Truth= 269.8503062407828
[publish_wind_direction-2] [INFO] [1749630450.848698954] [publish_wind_direction]: Publisher, Neighbourhood size: 3
[publish_wind_direction-2] [INFO] [1749630450.851069654] [publish_wind_direction]: Decision Making Triggered
[publish_wind_direction-2] [INFO] [1749630450.853405597] [publish_wind_direction]: Publisher, Neighbours Opinion: 5
[publish_wind_direction-2] [INFO] [1749630450.855799258] [publish_wind_direction]: Inside Decision Making, neighbours opinion: {'id207': 'W', 'id136': 'S', 'id224': 'W', 'id151': 'N', 'id142': 'N'}
[publish_wind_direction-2] [INFO] [1749630450.858146701] [publish_wind_direction]: Inside Decision Making, social opinions: {'W': 2, 'S': 1, 'N': 2}
[publish_wind_direction-2] [INFO] [1749630450.860519104] [publish_wind_direction]: Inside Decision Making, My Wind Direction: E
[publish_wind_direction-2] [INFO] [1749630450.863086607] [publish_wind_direction]: Inside Decision Making, Decision dict: {'N': 2.0, 'S': 1.0, 'E': 6.0, 'W': 2.0}
[publish_wind_direction-2] [INFO] [1749630450.865524414] [publish_wind_direction]: -----------------------------------------------------
[publish_wind_direction-2] [INFO] [1749630450.869985425] [publish_wind_direction]: Publishing: "id192:E"
[publish_wind_direction-2] [INFO] [1749630450.873522661] [publish_wind_direction]: Vicon Position= [982.634765625, -15.848383903503418]
[publish_wind_direction-2] [INFO] [1749630450.876299113] [publish_wind_direction]: Neighbourhood size: 3
[publish_wind_direction-2] [INFO] [1749630452.438865080] [publish_wind_direction]: Publishing: "id192:E"
[publish_wind_direction-2] [INFO] [1749630457.438959332] [publish_wind_direction]: Publishing: "id192:E"
[publish_wind_direction-2] [INFO] [1749630459.263275115] [publish_wind_direction]: Vicon Position= [729.9420166015625, 543.6322631835938]
[publish_wind_direction-2] [INFO] [1749630459.266147080] [publish_wind_direction]: Neighbourhood size: 3
[publish_wind_direction-2] [INFO] [1749630460.590134487] [publish_wind_direction]: Vicon Position= [621.8435668945312, 814.7136840820312]
[publish_wind_direction-2] [INFO] [1749630460.594844464] [publish_wind_direction]: Neighbourhood size: 1
[publish_wind_direction-2] [INFO] [1749630462.124567201] [publish_wind_direction]: Vicon Position= [734.6682739257812, 802.2731323242188]
[publish_wind_direction-2] [INFO] [1749630462.127375354] [publish_wind_direction]: Neighbourhood size: 1
[publish_wind_direction-2] [INFO] [1749630462.438439554] [publish_wind_direction]: Raising exception
[publish_wind_direction-2] [INFO] [1749630462.441465564] [publish_wind_direction]: Publisher stopping, exception
[INFO] [publish_wind_direction-2]: process has finished cleanly [pid 843]
[random_robot_move-1] [INFO] [1749630466.642619861] [random_robot_move]: Exception, shutting down
