[INFO] [launch]: All log files can be found below /home/thymio/.ros/log/2025-06-06-15-23-10-242657-thymio-821
[INFO] [launch]: Default logging verbosity is set to INFO
[INFO] [random_robot_move-1]: process started with pid [843]
[INFO] [publish_wind_direction-2]: process started with pid [845]
[publish_wind_direction-2] /usr/lib/python3/dist-packages/scipy/__init__.py:146: UserWarning: A NumPy version >=1.17.3 and <1.25.0 is required for this version of SciPy (detected version 1.26.4
[publish_wind_direction-2]   warnings.warn(f"A NumPy version >={np_minversion} and <{np_maxversion}"
[publish_wind_direction-2] [INFO] [1749223393.800127753] [publish_wind_direction]: Physical Ip=134.34.225.151, id=id151
[publish_wind_direction-2] [INFO] [1749223393.840715957] [publish_wind_direction]: Subscribed to: vicon/default/data
[random_robot_move-1] [INFO] [1749223396.671080733] [random_robot_move]: Robot Control Node started.
[publish_wind_direction-2] [INFO] [1749223398.827398806] [publish_wind_direction]: Publishing: "id151:W"
[publish_wind_direction-2] [INFO] [1749223403.827417840] [publish_wind_direction]: Publishing: "id151:W"
[publish_wind_direction-2] [INFO] [1749223408.827419540] [publish_wind_direction]: Publishing: "id151:W"
[publish_wind_direction-2] [INFO] [1749223413.827401352] [publish_wind_direction]: Publishing: "id151:W"
[publish_wind_direction-2] [INFO] [1749223418.827173423] [publish_wind_direction]: Publishing: "id151:W"
[publish_wind_direction-2] [INFO] [1749223423.829197124] [publish_wind_direction]: Publishing: "id151:W"
[publish_wind_direction-2] [INFO] [1749223428.829311028] [publish_wind_direction]: Publishing: "id151:W"
[publish_wind_direction-2] [INFO] [1749223433.827180303] [publish_wind_direction]: Publishing: "id151:W"
[publish_wind_direction-2] [INFO] [1749223438.827068356] [publish_wind_direction]: Publishing: "id151:W"
[publish_wind_direction-2] [INFO] [1749223443.827697631] [publish_wind_direction]: Publishing: "id151:W"
[publish_wind_direction-2] [INFO] [1749223444.715938482] [publish_wind_direction]: Vicon Position= [508.51422119140625, 815.5565795898438]
[publish_wind_direction-2] [INFO] [1749223444.720024352] [publish_wind_direction]: Neighbourhood size: 6
[publish_wind_direction-2] [INFO] [1749223448.827589017] [publish_wind_direction]: Publishing: "id151:W"
[publish_wind_direction-2] [INFO] [1749223453.827517143] [publish_wind_direction]: Publishing: "id151:W"
[publish_wind_direction-2] [INFO] [1749223458.827899381] [publish_wind_direction]: Publishing: "id151:W"
[publish_wind_direction-2] [INFO] [1749223463.828175285] [publish_wind_direction]: Publishing: "id151:W"
[publish_wind_direction-2] [INFO] [1749223468.827730190] [publish_wind_direction]: Publishing: "id151:W"
[publish_wind_direction-2] [INFO] [1749223471.496112023] [publish_wind_direction]: Vicon Position= [288.6839294433594, 766.06103515625]
[publish_wind_direction-2] [INFO] [1749223471.498859542] [publish_wind_direction]: Neighbourhood size: 8
[publish_wind_direction-2] [INFO] [1749223473.828235911] [publish_wind_direction]: Publishing: "id151:W"
[publish_wind_direction-2] [INFO] [1749223478.828149038] [publish_wind_direction]: Publishing: "id151:W"
[publish_wind_direction-2] [INFO] [1749223483.827954923] [publish_wind_direction]: Publishing: "id151:W"
[publish_wind_direction-2] [INFO] [1749223488.827988587] [publish_wind_direction]: Publishing: "id151:W"
[publish_wind_direction-2] [INFO] [1749223492.387325881] [publish_wind_direction]: Vicon Position= [-849.0232543945312, 1087.18310546875]
[publish_wind_direction-2] [INFO] [1749223492.390780437] [publish_wind_direction]: Neighbourhood size: 5
[publish_wind_direction-2] [INFO] [1749223493.828108992] [publish_wind_direction]: Publishing: "id151:W"
[publish_wind_direction-2] [INFO] [1749223498.828066266] [publish_wind_direction]: Publishing: "id151:W"
[publish_wind_direction-2] [INFO] [1749223503.368047541] [publish_wind_direction]: Vicon Position= [-687.4846801757812, 939.0100708007812]
[publish_wind_direction-2] [INFO] [1749223503.372709430] [publish_wind_direction]: Neighbourhood size: 5
[publish_wind_direction-2] [INFO] [1749223503.827993671] [publish_wind_direction]: Publishing: "id151:W"
[publish_wind_direction-2] [INFO] [1749223508.828222866] [publish_wind_direction]: Publishing: "id151:W"
[publish_wind_direction-2] [INFO] [1749223513.828089312] [publish_wind_direction]: Publishing: "id151:W"
[publish_wind_direction-2] [INFO] [1749223518.827992303] [publish_wind_direction]: Publishing: "id151:W"
[publish_wind_direction-2] [INFO] [1749223523.828089213] [publish_wind_direction]: Publishing: "id151:W"
[publish_wind_direction-2] [INFO] [1749223528.828077206] [publish_wind_direction]: Publishing: "id151:W"
[publish_wind_direction-2] [INFO] [1749223533.827981602] [publish_wind_direction]: Publishing: "id151:W"
[publish_wind_direction-2] [INFO] [1749223534.263361740] [publish_wind_direction]: * Received from id1193, wind direction N
[publish_wind_direction-2] [INFO] [1749223534.266545194] [publish_wind_direction]: Publisher, neighbours_by_id={'id193', 'id152', 'id142', 'id136', 'id155'}
[publish_wind_direction-2] [INFO] [1749223538.442154956] [publish_wind_direction]: ***Cam angle= -265.9365470409352, vico ang deg= 156.29135261737275 Ground Truth= 250.35480557643757
[publish_wind_direction-2] [INFO] [1749223538.444688592] [publish_wind_direction]: Publisher, Neighbourhood size: 5
[publish_wind_direction-2] [INFO] [1749223538.447103453] [publish_wind_direction]: Decision Making Triggered
[publish_wind_direction-2] [INFO] [1749223538.449577192] [publish_wind_direction]: Publisher, Neighbours Opinion: 0
[publish_wind_direction-2] [INFO] [1749223538.452096608] [publish_wind_direction]: Inside Decision Making, neighbours opinion: {}
[publish_wind_direction-2] [INFO] [1749223538.454510858] [publish_wind_direction]: Inside Decision Making, social opinions: {}
[publish_wind_direction-2] [INFO] [1749223538.760524583] [publish_wind_direction]: Vicon Position= [-751.44921875, 1037.99755859375]
[publish_wind_direction-2] [INFO] [1749223538.763414843] [publish_wind_direction]: Neighbourhood size: 1
[publish_wind_direction-2] [INFO] [1749223538.828050117] [publish_wind_direction]: Publishing: "id151:W"
[publish_wind_direction-2] [INFO] [1749223541.179894860] [publish_wind_direction]: Vicon Position= [-815.0535278320312, 690.9473876953125]
[publish_wind_direction-2] [INFO] [1749223541.182803816] [publish_wind_direction]: Neighbourhood size: 2
[publish_wind_direction-2] [INFO] [1749223543.828282883] [publish_wind_direction]: Publishing: "id151:W"
[publish_wind_direction-2] [INFO] [1749223548.828206058] [publish_wind_direction]: Publishing: "id151:W"
[publish_wind_direction-2] [INFO] [1749223550.016393637] [publish_wind_direction]: Vicon Position= [-518.083251953125, -89.52963256835938]
[publish_wind_direction-2] [INFO] [1749223550.019165194] [publish_wind_direction]: Neighbourhood size: 6
[publish_wind_direction-2] [INFO] [1749223553.828339427] [publish_wind_direction]: Publishing: "id151:W"
[publish_wind_direction-2] [INFO] [1749223558.828234686] [publish_wind_direction]: Publishing: "id151:W"
[publish_wind_direction-2] [INFO] [1749223563.828167125] [publish_wind_direction]: Publishing: "id151:W"
[publish_wind_direction-2] [INFO] [1749223564.208305962] [publish_wind_direction]: * Received from id193, wind direction N
[publish_wind_direction-2] [INFO] [1749223564.211023227] [publish_wind_direction]: Publisher, neighbours_by_id={'id195', 'id206', 'id193', 'id137', 'id142', 'id200'}
[publish_wind_direction-2] [INFO] [1749223568.032935925] [publish_wind_direction]: ***Cam angle= -999.0, vico ang deg= 97.18557916552514 Ground Truth= 178.18557916552516
[publish_wind_direction-2] [INFO] [1749223568.035372835] [publish_wind_direction]: Publisher, Neighbourhood size: 6
[publish_wind_direction-2] [INFO] [1749223568.037819234] [publish_wind_direction]: Decision Making Triggered
[publish_wind_direction-2] [INFO] [1749223568.040252234] [publish_wind_direction]: Publisher, Neighbours Opinion: 1
[publish_wind_direction-2] [INFO] [1749223568.042648942] [publish_wind_direction]: Inside Decision Making, neighbours opinion: {'id193': 'N'}
[publish_wind_direction-2] [INFO] [1749223568.045095361] [publish_wind_direction]: Inside Decision Making, social opinions: {'N': 1}
[publish_wind_direction-2] [INFO] [1749223568.828860992] [publish_wind_direction]: Publishing: "id151:N"
[publish_wind_direction-2] [INFO] [1749223569.341691775] [publish_wind_direction]: * Received from id152, wind direction S
[publish_wind_direction-2] [INFO] [1749223569.344571849] [publish_wind_direction]: Publisher, neighbours_by_id={'id195', 'id206', 'id193', 'id137', 'id142', 'id200'}
[publish_wind_direction-2] [INFO] [1749223573.107020000] [publish_wind_direction]: ***Cam angle= 10.980092954070685, vico ang deg= 97.18557916552514 Ground Truth= 108.16567211959583
[publish_wind_direction-2] [INFO] [1749223573.109511066] [publish_wind_direction]: Publisher, Neighbourhood size: 6
[publish_wind_direction-2] [INFO] [1749223573.111934656] [publish_wind_direction]: Decision Making Triggered
[publish_wind_direction-2] [INFO] [1749223573.114314843] [publish_wind_direction]: Publisher, Neighbours Opinion: 1
[publish_wind_direction-2] [INFO] [1749223573.116741342] [publish_wind_direction]: Inside Decision Making, neighbours opinion: {'id193': 'N'}
[publish_wind_direction-2] [INFO] [1749223573.119075087] [publish_wind_direction]: Inside Decision Making, social opinions: {'N': 1}
[publish_wind_direction-2] [INFO] [1749223573.828044788] [publish_wind_direction]: Publishing: "id151:N"
[publish_wind_direction-2] [INFO] [1749223578.828201664] [publish_wind_direction]: Publishing: "id151:N"
[publish_wind_direction-2] [INFO] [1749223580.798051424] [publish_wind_direction]: Vicon Position= [-914.081787109375, 129.47874450683594]
[publish_wind_direction-2] [INFO] [1749223580.800925552] [publish_wind_direction]: Neighbourhood size: 3
[publish_wind_direction-2] [INFO] [1749223583.828228236] [publish_wind_direction]: Publishing: "id151:N"
[publish_wind_direction-2] [INFO] [1749223584.459400807] [publish_wind_direction]: Vicon Position= [-29.83051109313965, 15.63642406463623]
[publish_wind_direction-2] [INFO] [1749223584.462614703] [publish_wind_direction]: Neighbourhood size: 5
[publish_wind_direction-2] [INFO] [1749223588.828079280] [publish_wind_direction]: Publishing: "id151:N"
[publish_wind_direction-2] [INFO] [1749223593.827900096] [publish_wind_direction]: Publishing: "id151:N"
[publish_wind_direction-2] [INFO] [1749223598.642378540] [publish_wind_direction]: Vicon Position= [-69.50454711914062, -95.76454162597656]
[publish_wind_direction-2] [INFO] [1749223598.645664879] [publish_wind_direction]: Neighbourhood size: 8
[publish_wind_direction-2] [INFO] [1749223598.828152706] [publish_wind_direction]: Publishing: "id151:N"
[publish_wind_direction-2] [INFO] [1749223602.823575333] [publish_wind_direction]: * Received from id194, wind direction N
[publish_wind_direction-2] [INFO] [1749223602.826475845] [publish_wind_direction]: Publisher, neighbours_by_id={'id192', 'id195', 'id193', 'id137', 'id247', 'id142', 'id194', 'id1193'}
[publish_wind_direction-2] [INFO] [1749223606.643091169] [publish_wind_direction]: ***Cam angle= 68.17027494982796, vico ang deg= 152.58252994933633 Ground Truth= 220.7528048991643
[publish_wind_direction-2] [INFO] [1749223606.645723005] [publish_wind_direction]: Publisher, Neighbourhood size: 8
[publish_wind_direction-2] [INFO] [1749223606.648140863] [publish_wind_direction]: Decision Making Triggered
[publish_wind_direction-2] [INFO] [1749223606.650494812] [publish_wind_direction]: Publisher, Neighbours Opinion: 2
[publish_wind_direction-2] [INFO] [1749223606.652933010] [publish_wind_direction]: Inside Decision Making, neighbours opinion: {'id193': 'N', 'id194': 'N'}
[publish_wind_direction-2] [INFO] [1749223606.655301075] [publish_wind_direction]: Inside Decision Making, social opinions: {'N': 2}
[publish_wind_direction-2] [INFO] [1749223606.660118323] [publish_wind_direction]: Publishing: "id151:N"
[publish_wind_direction-2] [INFO] [1749223606.664016235] [publish_wind_direction]: Vicon Position= [655.9078979492188, 131.55868530273438]
[publish_wind_direction-2] [INFO] [1749223606.666528291] [publish_wind_direction]: Neighbourhood size: 3
[publish_wind_direction-2] [INFO] [1749223606.669447127] [publish_wind_direction]: * Received from id1193, wind direction N
[publish_wind_direction-2] [INFO] [1749223606.671891438] [publish_wind_direction]: Publisher, neighbours_by_id={'id194', 'id192', 'id193'}
[publish_wind_direction-2] [INFO] [1749223610.896834066] [publish_wind_direction]: ***Cam angle= 76.4110798992514, vico ang deg= 75.49767739857744 Ground Truth= 151.90875729782886
[publish_wind_direction-2] [INFO] [1749223610.900227204] [publish_wind_direction]: Publisher, Neighbourhood size: 3
[publish_wind_direction-2] [INFO] [1749223610.903575680] [publish_wind_direction]: Decision Making Triggered
[publish_wind_direction-2] [INFO] [1749223610.906956944] [publish_wind_direction]: Publisher, Neighbours Opinion: 2
[publish_wind_direction-2] [INFO] [1749223610.910492254] [publish_wind_direction]: Inside Decision Making, neighbours opinion: {'id193': 'N', 'id194': 'N'}
[publish_wind_direction-2] [INFO] [1749223610.913919698] [publish_wind_direction]: Inside Decision Making, social opinions: {'N': 2}
[publish_wind_direction-2] [INFO] [1749223610.920948805] [publish_wind_direction]: Publishing: "id151:N"
[publish_wind_direction-2] [INFO] [1749223613.828270467] [publish_wind_direction]: Publishing: "id151:N"
[publish_wind_direction-2] [INFO] [1749223614.846163199] [publish_wind_direction]: * Received from id193, wind direction W
[publish_wind_direction-2] [INFO] [1749223614.849063954] [publish_wind_direction]: Publisher, neighbours_by_id={'id194', 'id192', 'id193'}
[publish_wind_direction-2] [INFO] [1749223619.059362960] [publish_wind_direction]: ***Cam angle= 6.623250111046616, vico ang deg= 75.49767739857744 Ground Truth= 82.12092750962405
[publish_wind_direction-2] [INFO] [1749223619.061786207] [publish_wind_direction]: Publisher, Neighbourhood size: 3
[publish_wind_direction-2] [INFO] [1749223619.064146308] [publish_wind_direction]: Decision Making Triggered
[publish_wind_direction-2] [INFO] [1749223619.066501760] [publish_wind_direction]: Publisher, Neighbours Opinion: 2
[publish_wind_direction-2] [INFO] [1749223619.068909077] [publish_wind_direction]: Inside Decision Making, neighbours opinion: {'id193': 'W', 'id194': 'N'}
[publish_wind_direction-2] [INFO] [1749223619.071253471] [publish_wind_direction]: Inside Decision Making, social opinions: {'W': 1, 'N': 1}
[publish_wind_direction-2] [INFO] [1749223619.076089425] [publish_wind_direction]: Publishing: "id151:W"
[publish_wind_direction-2] [INFO] [1749223620.742318390] [publish_wind_direction]: Vicon Position= [776.9432983398438, 197.2752685546875]
[publish_wind_direction-2] [INFO] [1749223620.745468264] [publish_wind_direction]: Neighbourhood size: 3
[publish_wind_direction-2] [INFO] [1749223623.828798901] [publish_wind_direction]: Publishing: "id151:W"
[publish_wind_direction-2] [INFO] [1749223628.711798365] [publish_wind_direction]: * Received from id152, wind direction S
[publish_wind_direction-2] [INFO] [1749223628.714522157] [publish_wind_direction]: Publisher, neighbours_by_id={'id194', 'id192', 'id193'}
[publish_wind_direction-2] [INFO] [1749223632.490476691] [publish_wind_direction]: ***Cam angle= -999.0, vico ang deg= -90.0057208941273 Ground Truth= 350.9942791058727
[publish_wind_direction-2] [INFO] [1749223632.493039934] [publish_wind_direction]: Publisher, Neighbourhood size: 3
[publish_wind_direction-2] [INFO] [1749223632.495387338] [publish_wind_direction]: Decision Making Triggered
[publish_wind_direction-2] [INFO] [1749223632.497774010] [publish_wind_direction]: Publisher, Neighbours Opinion: 2
[publish_wind_direction-2] [INFO] [1749223632.500190483] [publish_wind_direction]: Inside Decision Making, neighbours opinion: {'id193': 'W', 'id194': 'N'}
[publish_wind_direction-2] [INFO] [1749223632.502551112] [publish_wind_direction]: Inside Decision Making, social opinions: {'W': 1, 'N': 1}
[publish_wind_direction-2] [INFO] [1749223632.507312674] [publish_wind_direction]: Publishing: "id151:N"
[publish_wind_direction-2] [INFO] [1749223632.511179783] [publish_wind_direction]: Vicon Position= [1043.8572998046875, 384.1812438964844]
[publish_wind_direction-2] [INFO] [1749223632.513804038] [publish_wind_direction]: Neighbourhood size: 2
[publish_wind_direction-2] [INFO] [1749223633.827967881] [publish_wind_direction]: Publishing: "id151:N"
[publish_wind_direction-2] [INFO] [1749223638.828032059] [publish_wind_direction]: Publishing: "id151:N"
[publish_wind_direction-2] [INFO] [1749223639.366762474] [publish_wind_direction]: * Received from id193, wind direction W
[publish_wind_direction-2] [INFO] [1749223639.369831292] [publish_wind_direction]: Publisher, neighbours_by_id={'id193', 'id192'}
[publish_wind_direction-2] [INFO] [1749223643.173400287] [publish_wind_direction]: ***Cam angle= -113.89848567031282, vico ang deg= -68.69502500680947 Ground Truth= 177.4064893228777
[publish_wind_direction-2] [INFO] [1749223643.175849342] [publish_wind_direction]: Publisher, Neighbourhood size: 2
[publish_wind_direction-2] [INFO] [1749223643.828216477] [publish_wind_direction]: Publishing: "id151:N"
[publish_wind_direction-2] [INFO] [1749223648.827988982] [publish_wind_direction]: Publishing: "id151:N"
[publish_wind_direction-2] [INFO] [1749223653.828050495] [publish_wind_direction]: Publishing: "id151:N"
[publish_wind_direction-2] [INFO] [1749223658.828049244] [publish_wind_direction]: Publishing: "id151:N"
[publish_wind_direction-2] [INFO] [1749223663.827951118] [publish_wind_direction]: Publishing: "id151:N"
[publish_wind_direction-2] [INFO] [1749223668.829215130] [publish_wind_direction]: Publishing: "id151:N"
[publish_wind_direction-2] [INFO] [1749223673.339289447] [publish_wind_direction]: * Received from id192, wind direction W
[publish_wind_direction-2] [INFO] [1749223673.342256627] [publish_wind_direction]: Publisher, neighbours_by_id={'id193', 'id192'}
[publish_wind_direction-2] [INFO] [1749223677.054782123] [publish_wind_direction]: ***Cam angle= -93.19617751608904, vico ang deg= -68.69502500680947 Ground Truth= 198.1087974771015
[publish_wind_direction-2] [INFO] [1749223677.057290275] [publish_wind_direction]: Publisher, Neighbourhood size: 2
[publish_wind_direction-2] [INFO] [1749223677.061881806] [publish_wind_direction]: Publishing: "id151:N"
[publish_wind_direction-2] [INFO] [1749223677.065802312] [publish_wind_direction]: Vicon Position= [488.9924621582031, 1126.681396484375]
[publish_wind_direction-2] [INFO] [1749223677.068510228] [publish_wind_direction]: Neighbourhood size: 6
[publish_wind_direction-2] [INFO] [1749223677.737529371] [publish_wind_direction]: * Received from id194, wind direction N
[publish_wind_direction-2] [INFO] [1749223677.740346153] [publish_wind_direction]: Publisher, neighbours_by_id={'id192', 'id152', 'id137', 'id224', 'id236', 'id200'}
[publish_wind_direction-2] [INFO] [1749223681.543931571] [publish_wind_direction]: ***Cam angle= -20.466026362043905, vico ang deg= 98.81042754457535 Ground Truth= 78.34440118253144
[publish_wind_direction-2] [INFO] [1749223681.546329221] [publish_wind_direction]: Publisher, Neighbourhood size: 6
[publish_wind_direction-2] [INFO] [1749223681.548744170] [publish_wind_direction]: Decision Making Triggered
[publish_wind_direction-2] [INFO] [1749223681.551111280] [publish_wind_direction]: Publisher, Neighbours Opinion: 3
[publish_wind_direction-2] [INFO] [1749223681.553541341] [publish_wind_direction]: Inside Decision Making, neighbours opinion: {'id193': 'W', 'id194': 'N', 'id192': 'W'}
[publish_wind_direction-2] [INFO] [1749223681.555939103] [publish_wind_direction]: Inside Decision Making, social opinions: {'W': 2, 'N': 1}
[publish_wind_direction-2] [INFO] [1749223681.560726421] [publish_wind_direction]: Publishing: "id151:W"
[publish_wind_direction-2] [INFO] [1749223681.564613282] [publish_wind_direction]: Vicon Position= [-157.80372619628906, 1467.572265625]
[publish_wind_direction-2] [INFO] [1749223681.567092738] [publish_wind_direction]: Neighbourhood size: 3
[publish_wind_direction-2] [INFO] [1749223683.827744498] [publish_wind_direction]: Publishing: "id151:W"
[publish_wind_direction-2] [INFO] [1749223685.364285882] [publish_wind_direction]: Vicon Position= [-230.80715942382812, 1070.9388427734375]
[publish_wind_direction-2] [INFO] [1749223685.367236219] [publish_wind_direction]: Neighbourhood size: 6
[publish_wind_direction-2] [INFO] [1749223688.827998019] [publish_wind_direction]: Publishing: "id151:W"
[publish_wind_direction-2] [INFO] [1749223693.828011954] [publish_wind_direction]: Publishing: "id151:W"
[publish_wind_direction-2] [INFO] [1749223698.149102619] [publish_wind_direction]: Vicon Position= [-685.9231567382812, 1049.65234375]
[publish_wind_direction-2] [INFO] [1749223698.152068032] [publish_wind_direction]: Neighbourhood size: 4
[publish_wind_direction-2] [INFO] [1749223698.828173842] [publish_wind_direction]: Publishing: "id151:W"
[publish_wind_direction-2] [INFO] [1749223703.008712058] [publish_wind_direction]: Vicon Position= [-633.721435546875, 1115.6300048828125]
[publish_wind_direction-2] [INFO] [1749223703.011783736] [publish_wind_direction]: Neighbourhood size: 4
[publish_wind_direction-2] [INFO] [1749223703.828173821] [publish_wind_direction]: Publishing: "id151:W"
[publish_wind_direction-2] [INFO] [1749223706.948146203] [publish_wind_direction]: Vicon Position= [-263.46453857421875, -571.0779418945312]
[publish_wind_direction-2] [INFO] [1749223706.951078807] [publish_wind_direction]: Neighbourhood size: 4
[publish_wind_direction-2] [INFO] [1749223708.828119692] [publish_wind_direction]: Publishing: "id151:W"
[publish_wind_direction-2] [INFO] [1749223708.921963673] [publish_wind_direction]: Vicon Position= [53.67628860473633, -262.7984924316406]
[publish_wind_direction-2] [INFO] [1749223708.924916834] [publish_wind_direction]: Neighbourhood size: 7
[publish_wind_direction-2] [INFO] [1749223710.084484372] [publish_wind_direction]: * Received from id152, wind direction N
[publish_wind_direction-2] [INFO] [1749223710.087448773] [publish_wind_direction]: Publisher, neighbours_by_id={'id195', 'id152', 'id142', 'id136', 'id194', 'id236', 'id1193'}
[publish_wind_direction-2] [INFO] [1749223713.884147176] [publish_wind_direction]: ***Cam angle= 64.42596544023056, vico ang deg= -15.984812088821696 Ground Truth= 48.44115335140886
[publish_wind_direction-2] [INFO] [1749223713.886533126] [publish_wind_direction]: Publisher, Neighbourhood size: 7
[publish_wind_direction-2] [INFO] [1749223713.888937819] [publish_wind_direction]: Decision Making Triggered
[publish_wind_direction-2] [INFO] [1749223713.891291802] [publish_wind_direction]: Publisher, Neighbours Opinion: 4
[publish_wind_direction-2] [INFO] [1749223713.893721127] [publish_wind_direction]: Inside Decision Making, neighbours opinion: {'id193': 'W', 'id194': 'N', 'id192': 'W', 'id152': 'N'}
[publish_wind_direction-2] [INFO] [1749223713.896131876] [publish_wind_direction]: Inside Decision Making, social opinions: {'W': 2, 'N': 2}
[publish_wind_direction-2] [INFO] [1749223713.900912889] [publish_wind_direction]: Publishing: "id151:W"
[publish_wind_direction-2] [INFO] [1749223714.191269864] [publish_wind_direction]: * Received from id194, wind direction N
[publish_wind_direction-2] [INFO] [1749223714.194253616] [publish_wind_direction]: Publisher, neighbours_by_id={'id195', 'id152', 'id142', 'id136', 'id194', 'id236', 'id1193'}
[publish_wind_direction-2] [INFO] [1749223718.071910115] [publish_wind_direction]: ***Cam angle= 77.45496592188192, vico ang deg= -15.984812088821696 Ground Truth= 61.47015383306022
[publish_wind_direction-2] [INFO] [1749223718.074349179] [publish_wind_direction]: Publisher, Neighbourhood size: 7
[publish_wind_direction-2] [INFO] [1749223718.076781483] [publish_wind_direction]: Decision Making Triggered
[publish_wind_direction-2] [INFO] [1749223718.079133038] [publish_wind_direction]: Publisher, Neighbours Opinion: 4
[publish_wind_direction-2] [INFO] [1749223718.081566546] [publish_wind_direction]: Inside Decision Making, neighbours opinion: {'id193': 'W', 'id194': 'N', 'id192': 'W', 'id152': 'N'}
[publish_wind_direction-2] [INFO] [1749223718.083962235] [publish_wind_direction]: Inside Decision Making, social opinions: {'W': 2, 'N': 2}
[publish_wind_direction-2] [INFO] [1749223718.616672498] [publish_wind_direction]: Vicon Position= [23.835163116455078, -284.7786865234375]
[publish_wind_direction-2] [INFO] [1749223718.619689398] [publish_wind_direction]: Neighbourhood size: 7
[publish_wind_direction-2] [INFO] [1749223718.828091296] [publish_wind_direction]: Publishing: "id151:W"
[publish_wind_direction-2] [INFO] [1749223723.828141842] [publish_wind_direction]: Publishing: "id151:W"
[publish_wind_direction-2] [INFO] [1749223724.857586834] [publish_wind_direction]: * Received from id192, wind direction N
[publish_wind_direction-2] [INFO] [1749223724.860340168] [publish_wind_direction]: Publisher, neighbours_by_id={'id195', 'id152', 'id142', 'id136', 'id194', 'id236', 'id1193'}
[publish_wind_direction-2] [INFO] [1749223728.597738980] [publish_wind_direction]: ***Cam angle= -999.0, vico ang deg= 10.918104281018497 Ground Truth= 91.91810428101849
[publish_wind_direction-2] [INFO] [1749223728.600250843] [publish_wind_direction]: Publisher, Neighbourhood size: 7
[publish_wind_direction-2] [INFO] [1749223728.604137363] [publish_wind_direction]: Decision Making Triggered
[publish_wind_direction-2] [INFO] [1749223728.606562792] [publish_wind_direction]: Publisher, Neighbours Opinion: 4
[publish_wind_direction-2] [INFO] [1749223728.609013612] [publish_wind_direction]: Inside Decision Making, neighbours opinion: {'id193': 'W', 'id194': 'N', 'id192': 'W', 'id152': 'N'}
[publish_wind_direction-2] [INFO] [1749223728.611403944] [publish_wind_direction]: Inside Decision Making, social opinions: {'W': 2, 'N': 2}
[publish_wind_direction-2] [INFO] [1749223728.616118195] [publish_wind_direction]: Vicon Position= [161.54248046875, -33.3978157043457]
[publish_wind_direction-2] [INFO] [1749223728.618637559] [publish_wind_direction]: Neighbourhood size: 8
[publish_wind_direction-2] [INFO] [1749223728.621512996] [publish_wind_direction]: * Received from id223, wind direction N
[publish_wind_direction-2] [INFO] [1749223728.623920497] [publish_wind_direction]: Publisher, neighbours_by_id={'id206', 'id152', 'id247', 'id194', 'id223', 'id236', 'id1193', 'id200'}
[publish_wind_direction-2] [INFO] [1749223732.391015959] [publish_wind_direction]: ***Cam angle= -44.29924033929113, vico ang deg= -23.66544414414201 Ground Truth= 292.03531551656687
[publish_wind_direction-2] [INFO] [1749223732.393572862] [publish_wind_direction]: Publisher, Neighbourhood size: 8
[publish_wind_direction-2] [INFO] [1749223732.395952451] [publish_wind_direction]: Decision Making Triggered
[publish_wind_direction-2] [INFO] [1749223732.398274294] [publish_wind_direction]: Publisher, Neighbours Opinion: 5
[publish_wind_direction-2] [INFO] [1749223732.400679368] [publish_wind_direction]: Inside Decision Making, neighbours opinion: {'id193': 'W', 'id194': 'N', 'id192': 'W', 'id152': 'N', 'id223': 'N'}
[publish_wind_direction-2] [INFO] [1749223732.403043881] [publish_wind_direction]: Inside Decision Making, social opinions: {'W': 2, 'N': 3}
[publish_wind_direction-2] [INFO] [1749223732.408063882] [publish_wind_direction]: Publishing: "id151:E"
[publish_wind_direction-2] [INFO] [1749223732.411916248] [publish_wind_direction]: Vicon Position= [161.96046447753906, -33.462642669677734]
[publish_wind_direction-2] [INFO] [1749223732.414373549] [publish_wind_direction]: Neighbourhood size: 8
[publish_wind_direction-2] [INFO] [1749223733.828044351] [publish_wind_direction]: Publishing: "id151:E"
[publish_wind_direction-2] [INFO] [1749223738.828042692] [publish_wind_direction]: Publishing: "id151:E"
[publish_wind_direction-2] [INFO] [1749223743.828092421] [publish_wind_direction]: Publishing: "id151:E"
[publish_wind_direction-2] [INFO] [1749223748.828101560] [publish_wind_direction]: Publishing: "id151:E"
[publish_wind_direction-2] [INFO] [1749223753.829837642] [publish_wind_direction]: Publishing: "id151:E"
[publish_wind_direction-2] [INFO] [1749223754.241203488] [publish_wind_direction]: Vicon Position= [-39.357322692871094, 546.4923095703125]
[publish_wind_direction-2] [INFO] [1749223754.244029875] [publish_wind_direction]: Neighbourhood size: 5
[publish_wind_direction-2] [INFO] [1749223758.828150992] [publish_wind_direction]: Publishing: "id151:E"
[publish_wind_direction-2] [INFO] [1749223763.828058683] [publish_wind_direction]: Publishing: "id151:E"
[publish_wind_direction-2] [INFO] [1749223768.828031036] [publish_wind_direction]: Publishing: "id151:E"
[publish_wind_direction-2] [INFO] [1749223773.828150629] [publish_wind_direction]: Publishing: "id151:E"
[publish_wind_direction-2] [INFO] [1749223775.679776458] [publish_wind_direction]: Vicon Position= [-48.21261978149414, 570.2985229492188]
[publish_wind_direction-2] [INFO] [1749223775.682810918] [publish_wind_direction]: Neighbourhood size: 4
[publish_wind_direction-2] [INFO] [1749223777.934129265] [publish_wind_direction]: * Received from id223, wind direction N
[publish_wind_direction-2] [INFO] [1749223777.937049566] [publish_wind_direction]: Publisher, neighbours_by_id={'id194', 'id192', 'id1193', 'id137'}
[publish_wind_direction-2] [INFO] [1749223782.143249133] [publish_wind_direction]: ***Cam angle= -221.79255220834804, vico ang deg= -46.67483380625049 Ground Truth= 91.53261398540144
[publish_wind_direction-2] [INFO] [1749223782.146683150] [publish_wind_direction]: Publisher, Neighbourhood size: 4
[publish_wind_direction-2] [INFO] [1749223782.150060346] [publish_wind_direction]: Decision Making Triggered
[publish_wind_direction-2] [INFO] [1749223782.153400909] [publish_wind_direction]: Publisher, Neighbours Opinion: 5
[publish_wind_direction-2] [INFO] [1749223782.156773457] [publish_wind_direction]: Inside Decision Making, neighbours opinion: {'id193': 'W', 'id194': 'N', 'id192': 'W', 'id152': 'N', 'id223': 'N'}
[publish_wind_direction-2] [INFO] [1749223782.160362247] [publish_wind_direction]: Inside Decision Making, social opinions: {'W': 2, 'N': 3}
[publish_wind_direction-2] [INFO] [1749223782.167301565] [publish_wind_direction]: Publishing: "id151:W"
[publish_wind_direction-2] [INFO] [1749223782.171294246] [publish_wind_direction]: * Received from id152, wind direction N
[publish_wind_direction-2] [INFO] [1749223782.174843737] [publish_wind_direction]: Publisher, neighbours_by_id={'id194', 'id192', 'id1193', 'id137'}
[publish_wind_direction-2] [INFO] [1749223785.983179808] [publish_wind_direction]: ***Cam angle= -240.43681225036966, vico ang deg= -46.67483380625049 Ground Truth= 72.88835394337985
[publish_wind_direction-2] [INFO] [1749223785.986621269] [publish_wind_direction]: Publisher, Neighbourhood size: 4
[publish_wind_direction-2] [INFO] [1749223785.990016578] [publish_wind_direction]: Decision Making Triggered
[publish_wind_direction-2] [INFO] [1749223785.993408720] [publish_wind_direction]: Publisher, Neighbours Opinion: 5
[publish_wind_direction-2] [INFO] [1749223785.997044107] [publish_wind_direction]: Inside Decision Making, neighbours opinion: {'id193': 'W', 'id194': 'N', 'id192': 'W', 'id152': 'N', 'id223': 'N'}
[publish_wind_direction-2] [INFO] [1749223786.000445102] [publish_wind_direction]: Inside Decision Making, social opinions: {'W': 2, 'N': 3}
[publish_wind_direction-2] [INFO] [1749223786.007075055] [publish_wind_direction]: Publishing: "id151:W"
[publish_wind_direction-2] [INFO] [1749223788.828114252] [publish_wind_direction]: Publishing: "id151:W"
[publish_wind_direction-2] [INFO] [1749223793.828175206] [publish_wind_direction]: Publishing: "id151:W"
[publish_wind_direction-2] [INFO] [1749223794.606298168] [publish_wind_direction]: Vicon Position= [-48.21261978149414, 570.2985229492188]
[publish_wind_direction-2] [INFO] [1749223794.609205559] [publish_wind_direction]: Neighbourhood size: 4
[publish_wind_direction-2] [INFO] [1749223798.828136360] [publish_wind_direction]: Publishing: "id151:W"
[publish_wind_direction-2] [INFO] [1749223803.828123499] [publish_wind_direction]: Publishing: "id151:W"
[publish_wind_direction-2] [INFO] [1749223806.711752146] [publish_wind_direction]: Vicon Position= [-48.21261978149414, 570.2985229492188]
[publish_wind_direction-2] [INFO] [1749223806.714651109] [publish_wind_direction]: Neighbourhood size: 4
[publish_wind_direction-2] [INFO] [1749223807.765935620] [publish_wind_direction]: Vicon Position= [-48.21261978149414, 570.2985229492188]
[publish_wind_direction-2] [INFO] [1749223807.768887274] [publish_wind_direction]: Neighbourhood size: 4
[publish_wind_direction-2] [INFO] [1749223808.828144963] [publish_wind_direction]: Publishing: "id151:W"
[publish_wind_direction-2] [INFO] [1749223813.828071195] [publish_wind_direction]: Publishing: "id151:W"
[publish_wind_direction-2] [INFO] [1749223815.283653399] [publish_wind_direction]: Vicon Position= [-48.21261978149414, 570.2985229492188]
[publish_wind_direction-2] [INFO] [1749223815.286635129] [publish_wind_direction]: Neighbourhood size: 4
[publish_wind_direction-2] [INFO] [1749223818.828089833] [publish_wind_direction]: Publishing: "id151:W"
[publish_wind_direction-2] [INFO] [1749223823.348391188] [publish_wind_direction]: Vicon Position= [-48.21261978149414, 570.2985229492188]
[publish_wind_direction-2] [INFO] [1749223823.351169232] [publish_wind_direction]: Neighbourhood size: 4
[publish_wind_direction-2] [INFO] [1749223823.828631250] [publish_wind_direction]: Publishing: "id151:W"
[publish_wind_direction-2] [INFO] [1749223825.373471273] [publish_wind_direction]: Vicon Position= [-48.21261978149414, 570.2985229492188]
[publish_wind_direction-2] [INFO] [1749223825.376764773] [publish_wind_direction]: Neighbourhood size: 4
[publish_wind_direction-2] [INFO] [1749223828.828096973] [publish_wind_direction]: Publishing: "id151:W"
[publish_wind_direction-2] [INFO] [1749223828.906598790] [publish_wind_direction]: * Received from id223, wind direction N
[publish_wind_direction-2] [INFO] [1749223828.909411448] [publish_wind_direction]: Publisher, neighbours_by_id={'id194', 'id192', 'id1193', 'id137'}
[publish_wind_direction-2] [INFO] [1749223832.788786143] [publish_wind_direction]: ***Cam angle= -999.0, vico ang deg= -46.67483380625049 Ground Truth= 34.32516619374951
[publish_wind_direction-2] [INFO] [1749223832.792308666] [publish_wind_direction]: Publisher, Neighbourhood size: 4
[publish_wind_direction-2] [INFO] [1749223832.795761682] [publish_wind_direction]: Decision Making Triggered
[publish_wind_direction-2] [INFO] [1749223832.799223809] [publish_wind_direction]: Publisher, Neighbours Opinion: 5
[publish_wind_direction-2] [INFO] [1749223832.802922497] [publish_wind_direction]: Inside Decision Making, neighbours opinion: {'id193': 'W', 'id194': 'N', 'id192': 'W', 'id152': 'N', 'id223': 'N'}
[publish_wind_direction-2] [INFO] [1749223832.806459502] [publish_wind_direction]: Inside Decision Making, social opinions: {'W': 2, 'N': 3}
[publish_wind_direction-2] [INFO] [1749223832.812945698] [publish_wind_direction]: Vicon Position= [-48.21261978149414, 570.2985229492188]
[publish_wind_direction-2] [INFO] [1749223832.816548172] [publish_wind_direction]: Neighbourhood size: 4
[publish_wind_direction-2] [INFO] [1749223832.820717998] [publish_wind_direction]: * Received from id193, wind direction N
[publish_wind_direction-2] [INFO] [1749223832.824356624] [publish_wind_direction]: Publisher, neighbours_by_id={'id194', 'id192', 'id1193', 'id137'}
[publish_wind_direction-2] [INFO] [1749223836.660415606] [publish_wind_direction]: ***Cam angle= 59.82165691400303, vico ang deg= -46.67483380625049 Ground Truth= 13.146823107752539
[publish_wind_direction-2] [INFO] [1749223836.662761404] [publish_wind_direction]: Publisher, Neighbourhood size: 4
[publish_wind_direction-2] [INFO] [1749223836.665104962] [publish_wind_direction]: Decision Making Triggered
[publish_wind_direction-2] [INFO] [1749223836.667402960] [publish_wind_direction]: Publisher, Neighbours Opinion: 5
[publish_wind_direction-2] [INFO] [1749223836.669772668] [publish_wind_direction]: Inside Decision Making, neighbours opinion: {'id193': 'W', 'id194': 'N', 'id192': 'W', 'id152': 'N', 'id223': 'N'}
[publish_wind_direction-2] [INFO] [1749223836.672119060] [publish_wind_direction]: Inside Decision Making, social opinions: {'W': 2, 'N': 3}
[publish_wind_direction-2] [INFO] [1749223836.676860866] [publish_wind_direction]: Publishing: "id151:N"
[publish_wind_direction-2] [INFO] [1749223836.680667489] [publish_wind_direction]: Vicon Position= [-48.21261978149414, 570.2985229492188]
[publish_wind_direction-2] [INFO] [1749223836.683115742] [publish_wind_direction]: Neighbourhood size: 4
[publish_wind_direction-2] [INFO] [1749223838.828181546] [publish_wind_direction]: Publishing: "id151:N"
[publish_wind_direction-2] [INFO] [1749223840.013450586] [publish_wind_direction]: * Received from id194, wind direction N
[publish_wind_direction-2] [INFO] [1749223840.016593701] [publish_wind_direction]: Publisher, neighbours_by_id={'id194', 'id192', 'id1193', 'id137'}
[publish_wind_direction-2] [INFO] [1749223843.814695088] [publish_wind_direction]: ***Cam angle= -999.0, vico ang deg= -46.67483380625049 Ground Truth= 34.32516619374951
[publish_wind_direction-2] [INFO] [1749223843.817156509] [publish_wind_direction]: Publisher, Neighbourhood size: 4
[publish_wind_direction-2] [INFO] [1749223843.819497807] [publish_wind_direction]: Decision Making Triggered
[publish_wind_direction-2] [INFO] [1749223843.821868867] [publish_wind_direction]: Publisher, Neighbours Opinion: 5
[publish_wind_direction-2] [INFO] [1749223843.824271838] [publish_wind_direction]: Inside Decision Making, neighbours opinion: {'id193': 'W', 'id194': 'N', 'id192': 'W', 'id152': 'N', 'id223': 'N'}
[publish_wind_direction-2] [INFO] [1749223843.826631527] [publish_wind_direction]: Inside Decision Making, social opinions: {'W': 2, 'N': 3}
[publish_wind_direction-2] [INFO] [1749223843.831421578] [publish_wind_direction]: Publishing: "id151:N"
[publish_wind_direction-2] [INFO] [1749223847.081145885] [publish_wind_direction]: Vicon Position= [-48.21261978149414, 570.2985229492188]
[publish_wind_direction-2] [INFO] [1749223847.083995676] [publish_wind_direction]: Neighbourhood size: 4
[publish_wind_direction-2] [INFO] [1749223848.829027492] [publish_wind_direction]: Publishing: "id151:N"
[publish_wind_direction-2] [INFO] [1749223852.268073194] [publish_wind_direction]: * Received from id223, wind direction N
[publish_wind_direction-2] [INFO] [1749223852.272486098] [publish_wind_direction]: Publisher, neighbours_by_id={'id194', 'id192', 'id1193', 'id137'}
[publish_wind_direction-2] [INFO] [1749223856.061820987] [publish_wind_direction]: ***Cam angle= 16.919050055762256, vico ang deg= -46.67483380625049 Ground Truth= 330.24421624951174
[publish_wind_direction-2] [INFO] [1749223856.064297835] [publish_wind_direction]: Publisher, Neighbourhood size: 4
[publish_wind_direction-2] [INFO] [1749223856.066678119] [publish_wind_direction]: Decision Making Triggered
[publish_wind_direction-2] [INFO] [1749223856.069117649] [publish_wind_direction]: Publisher, Neighbours Opinion: 5
[publish_wind_direction-2] [INFO] [1749223856.071504025] [publish_wind_direction]: Inside Decision Making, neighbours opinion: {'id193': 'W', 'id194': 'N', 'id192': 'W', 'id152': 'N', 'id223': 'N'}
[publish_wind_direction-2] [INFO] [1749223856.073921460] [publish_wind_direction]: Inside Decision Making, social opinions: {'W': 2, 'N': 3}
[publish_wind_direction-2] [INFO] [1749223856.078728235] [publish_wind_direction]: Publishing: "id151:N"
[publish_wind_direction-2] [INFO] [1749223856.081611288] [publish_wind_direction]: * Received from id223, wind direction N
[publish_wind_direction-2] [INFO] [1749223856.084062301] [publish_wind_direction]: Publisher, neighbours_by_id={'id194', 'id192', 'id1193', 'id137'}
[publish_wind_direction-2] [INFO] [1749223859.888339730] [publish_wind_direction]: ***Cam angle= -60.09991324743699, vico ang deg= -46.67483380625049 Ground Truth= 253.22525294631254
[publish_wind_direction-2] [INFO] [1749223859.890708475] [publish_wind_direction]: Publisher, Neighbourhood size: 4
[publish_wind_direction-2] [INFO] [1749223859.893091536] [publish_wind_direction]: Decision Making Triggered
[publish_wind_direction-2] [INFO] [1749223859.895408665] [publish_wind_direction]: Publisher, Neighbours Opinion: 5
[publish_wind_direction-2] [INFO] [1749223859.897780725] [publish_wind_direction]: Inside Decision Making, neighbours opinion: {'id193': 'W', 'id194': 'N', 'id192': 'W', 'id152': 'N', 'id223': 'N'}
[publish_wind_direction-2] [INFO] [1749223859.900159453] [publish_wind_direction]: Inside Decision Making, social opinions: {'W': 2, 'N': 3}
[publish_wind_direction-2] [INFO] [1749223859.905132484] [publish_wind_direction]: Publishing: "id151:N"
[publish_wind_direction-2] [INFO] [1749223859.908998206] [publish_wind_direction]: Vicon Position= [-48.21261978149414, 570.2985229492188]
[publish_wind_direction-2] [INFO] [1749223859.911446607] [publish_wind_direction]: Neighbourhood size: 4
[publish_wind_direction-2] [INFO] [1749223863.827805410] [publish_wind_direction]: Publishing: "id151:N"
[publish_wind_direction-2] [INFO] [1749223868.828156784] [publish_wind_direction]: Publishing: "id151:N"
[publish_wind_direction-2] [INFO] [1749223873.828332264] [publish_wind_direction]: Publishing: "id151:N"
[publish_wind_direction-2] [INFO] [1749223874.748645256] [publish_wind_direction]: Vicon Position= [-48.21261978149414, 570.2985229492188]
[publish_wind_direction-2] [INFO] [1749223874.751534884] [publish_wind_direction]: Neighbourhood size: 4
[publish_wind_direction-2] [INFO] [1749223875.243753946] [publish_wind_direction]: * Received from id192, wind direction W
[publish_wind_direction-2] [INFO] [1749223875.246660650] [publish_wind_direction]: Publisher, neighbours_by_id={'id194', 'id192', 'id1193', 'id137'}
[publish_wind_direction-2] [INFO] [1749223879.220143961] [publish_wind_direction]: ***Cam angle= -999.0, vico ang deg= -46.67483380625049 Ground Truth= 34.32516619374951
[publish_wind_direction-2] [INFO] [1749223879.222548950] [publish_wind_direction]: Publisher, Neighbourhood size: 4
[publish_wind_direction-2] [INFO] [1749223879.224967552] [publish_wind_direction]: Decision Making Triggered
[publish_wind_direction-2] [INFO] [1749223879.227297089] [publish_wind_direction]: Publisher, Neighbours Opinion: 5
[publish_wind_direction-2] [INFO] [1749223879.229688577] [publish_wind_direction]: Inside Decision Making, neighbours opinion: {'id193': 'W', 'id194': 'N', 'id192': 'W', 'id152': 'N', 'id223': 'N'}
[publish_wind_direction-2] [INFO] [1749223879.232066601] [publish_wind_direction]: Inside Decision Making, social opinions: {'W': 2, 'N': 3}
[publish_wind_direction-2] [INFO] [1749223879.236814203] [publish_wind_direction]: Publishing: "id151:N"
[publish_wind_direction-2] [INFO] [1749223879.239587857] [publish_wind_direction]: * Received from id152, wind direction N
[publish_wind_direction-2] [INFO] [1749223879.242005515] [publish_wind_direction]: Publisher, neighbours_by_id={'id194', 'id192', 'id1193', 'id137'}
[publish_wind_direction-2] [INFO] [1749223883.146696318] [publish_wind_direction]: ***Cam angle= -999.0, vico ang deg= -46.67483380625049 Ground Truth= 34.32516619374951
[publish_wind_direction-2] [INFO] [1749223883.149174722] [publish_wind_direction]: Publisher, Neighbourhood size: 4
[publish_wind_direction-2] [INFO] [1749223883.151527299] [publish_wind_direction]: Decision Making Triggered
[publish_wind_direction-2] [INFO] [1749223883.153780144] [publish_wind_direction]: Publisher, Neighbours Opinion: 5
[publish_wind_direction-2] [INFO] [1749223883.156181003] [publish_wind_direction]: Inside Decision Making, neighbours opinion: {'id193': 'W', 'id194': 'N', 'id192': 'W', 'id152': 'N', 'id223': 'N'}
[publish_wind_direction-2] [INFO] [1749223883.158527116] [publish_wind_direction]: Inside Decision Making, social opinions: {'W': 2, 'N': 3}
[publish_wind_direction-2] [INFO] [1749223883.162169983] [publish_wind_direction]: * Received from id1193, wind direction S
[publish_wind_direction-2] [INFO] [1749223883.164575584] [publish_wind_direction]: Publisher, neighbours_by_id={'id194', 'id192', 'id1193', 'id137'}
[publish_wind_direction-2] [INFO] [1749223887.084149016] [publish_wind_direction]: ***Cam angle= -999.0, vico ang deg= -46.67483380625049 Ground Truth= 34.32516619374951
[publish_wind_direction-2] [INFO] [1749223887.086508390] [publish_wind_direction]: Publisher, Neighbourhood size: 4
[publish_wind_direction-2] [INFO] [1749223887.088856966] [publish_wind_direction]: Decision Making Triggered
[publish_wind_direction-2] [INFO] [1749223887.091167095] [publish_wind_direction]: Publisher, Neighbours Opinion: 6
[publish_wind_direction-2] [INFO] [1749223887.093546896] [publish_wind_direction]: Inside Decision Making, neighbours opinion: {'id193': 'W', 'id194': 'N', 'id192': 'W', 'id152': 'N', 'id223': 'N', 'id1193': 'S'}
[publish_wind_direction-2] [INFO] [1749223887.095902158] [publish_wind_direction]: Inside Decision Making, social opinions: {'W': 2, 'N': 3, 'S': 1}
[publish_wind_direction-2] [INFO] [1749223887.100615072] [publish_wind_direction]: Publishing: "id151:N"
[publish_wind_direction-2] [INFO] [1749223887.103369336] [publish_wind_direction]: * Received from id192, wind direction S
[publish_wind_direction-2] [INFO] [1749223887.105772417] [publish_wind_direction]: Publisher, neighbours_by_id={'id194', 'id192', 'id1193', 'id137'}
[publish_wind_direction-2] [INFO] [1749223891.074530908] [publish_wind_direction]: ***Cam angle= 36.91108104610214, vico ang deg= -46.67483380625049 Ground Truth= 350.23624723985165
[publish_wind_direction-2] [INFO] [1749223891.076970308] [publish_wind_direction]: Publisher, Neighbourhood size: 4
[publish_wind_direction-2] [INFO] [1749223891.079303865] [publish_wind_direction]: Decision Making Triggered
[publish_wind_direction-2] [INFO] [1749223891.081667165] [publish_wind_direction]: Publisher, Neighbours Opinion: 6
[publish_wind_direction-2] [INFO] [1749223891.084151513] [publish_wind_direction]: Inside Decision Making, neighbours opinion: {'id193': 'W', 'id194': 'N', 'id192': 'S', 'id152': 'N', 'id223': 'N', 'id1193': 'S'}
[publish_wind_direction-2] [INFO] [1749223891.086676033] [publish_wind_direction]: Inside Decision Making, social opinions: {'W': 1, 'N': 3, 'S': 2}
[publish_wind_direction-2] [INFO] [1749223891.091510976] [publish_wind_direction]: Publishing: "id151:N"
[publish_wind_direction-2] [INFO] [1749223891.095356492] [publish_wind_direction]: Vicon Position= [-48.21261978149414, 570.2985229492188]
[publish_wind_direction-2] [INFO] [1749223891.097876937] [publish_wind_direction]: Neighbourhood size: 4
[publish_wind_direction-2] [INFO] [1749223892.371256008] [publish_wind_direction]: Vicon Position= [-48.21261978149414, 570.2985229492188]
[publish_wind_direction-2] [INFO] [1749223892.374298206] [publish_wind_direction]: Neighbourhood size: 4
[publish_wind_direction-2] [INFO] [1749223893.827911790] [publish_wind_direction]: Publishing: "id151:N"
[publish_wind_direction-2] [INFO] [1749223893.899779940] [publish_wind_direction]: Vicon Position= [-48.21261978149414, 570.2985229492188]
[publish_wind_direction-2] [INFO] [1749223893.902677421] [publish_wind_direction]: Neighbourhood size: 4
[publish_wind_direction-2] [INFO] [1749223898.827994528] [publish_wind_direction]: Publishing: "id151:N"
[publish_wind_direction-2] [INFO] [1749223902.309875038] [publish_wind_direction]: Vicon Position= [-48.21261978149414, 570.2985229492188]
[publish_wind_direction-2] [INFO] [1749223902.312582204] [publish_wind_direction]: Neighbourhood size: 4
[publish_wind_direction-2] [INFO] [1749223903.828504365] [publish_wind_direction]: Publishing: "id151:N"
[publish_wind_direction-2] [INFO] [1749223908.827925823] [publish_wind_direction]: Publishing: "id151:N"
[publish_wind_direction-2] [INFO] [1749223912.183902645] [publish_wind_direction]: Vicon Position= [-48.21261978149414, 570.2985229492188]
[publish_wind_direction-2] [INFO] [1749223912.186638481] [publish_wind_direction]: Neighbourhood size: 4
[publish_wind_direction-2] [INFO] [1749223913.827971533] [publish_wind_direction]: Publishing: "id151:N"
[publish_wind_direction-2] [INFO] [1749223916.414780340] [publish_wind_direction]: * Received from id192, wind direction E
[publish_wind_direction-2] [INFO] [1749223916.417766014] [publish_wind_direction]: Publisher, neighbours_by_id={'id194', 'id192', 'id1193', 'id137'}
[publish_wind_direction-2] [INFO] [1749223920.347472497] [publish_wind_direction]: ***Cam angle= -999.0, vico ang deg= -46.67483380625049 Ground Truth= 34.32516619374951
[publish_wind_direction-2] [INFO] [1749223920.349924102] [publish_wind_direction]: Publisher, Neighbourhood size: 4
[publish_wind_direction-2] [INFO] [1749223920.352291143] [publish_wind_direction]: Decision Making Triggered
[publish_wind_direction-2] [INFO] [1749223920.354582603] [publish_wind_direction]: Publisher, Neighbours Opinion: 6
[publish_wind_direction-2] [INFO] [1749223920.357006853] [publish_wind_direction]: Inside Decision Making, neighbours opinion: {'id193': 'W', 'id194': 'N', 'id192': 'E', 'id152': 'N', 'id223': 'N', 'id1193': 'S'}
[publish_wind_direction-2] [INFO] [1749223920.359311648] [publish_wind_direction]: Inside Decision Making, social opinions: {'W': 1, 'N': 3, 'E': 1, 'S': 1}
[publish_wind_direction-2] [INFO] [1749223920.364173687] [publish_wind_direction]: Publishing: "id151:N"
[publish_wind_direction-2] [INFO] [1749223922.177007410] [publish_wind_direction]: Vicon Position= [-48.21261978149414, 570.2985229492188]
[publish_wind_direction-2] [INFO] [1749223922.180322505] [publish_wind_direction]: Neighbourhood size: 4
[publish_wind_direction-2] [INFO] [1749223923.828474869] [publish_wind_direction]: Publishing: "id151:N"
[publish_wind_direction-2] [INFO] [1749223928.828167852] [publish_wind_direction]: Publishing: "id151:N"
[publish_wind_direction-2] [INFO] [1749223930.040904082] [publish_wind_direction]: Vicon Position= [-48.21261978149414, 570.2985229492188]
[publish_wind_direction-2] [INFO] [1749223930.044708779] [publish_wind_direction]: Neighbourhood size: 4
[publish_wind_direction-2] [INFO] [1749223933.828143410] [publish_wind_direction]: Publishing: "id151:N"
[publish_wind_direction-2] [INFO] [1749223938.828185728] [publish_wind_direction]: Publishing: "id151:N"
[publish_wind_direction-2] [INFO] [1749223943.828162257] [publish_wind_direction]: Publishing: "id151:N"
[publish_wind_direction-2] [INFO] [1749223948.127225380] [publish_wind_direction]: Vicon Position= [-48.21261978149414, 570.2985229492188]
[publish_wind_direction-2] [INFO] [1749223948.129995071] [publish_wind_direction]: Neighbourhood size: 4
[publish_wind_direction-2] [INFO] [1749223948.829168381] [publish_wind_direction]: Publishing: "id151:N"
[publish_wind_direction-2] [INFO] [1749223951.542929451] [publish_wind_direction]: * Received from id192, wind direction E
[publish_wind_direction-2] [INFO] [1749223951.547461496] [publish_wind_direction]: Publisher, neighbours_by_id={'id194', 'id192', 'id1193', 'id137'}
[publish_wind_direction-2] [INFO] [1749223955.331302188] [publish_wind_direction]: ***Cam angle= -65.56580177377592, vico ang deg= -46.67483380625049 Ground Truth= 247.7593644199736
[publish_wind_direction-2] [INFO] [1749223955.334685437] [publish_wind_direction]: Publisher, Neighbourhood size: 4
[publish_wind_direction-2] [INFO] [1749223955.338031276] [publish_wind_direction]: Decision Making Triggered
[publish_wind_direction-2] [INFO] [1749223955.341306070] [publish_wind_direction]: Publisher, Neighbours Opinion: 6
[publish_wind_direction-2] [INFO] [1749223955.344688394] [publish_wind_direction]: Inside Decision Making, neighbours opinion: {'id193': 'W', 'id194': 'N', 'id192': 'E', 'id152': 'N', 'id223': 'N', 'id1193': 'S'}
[publish_wind_direction-2] [INFO] [1749223955.348167708] [publish_wind_direction]: Inside Decision Making, social opinions: {'W': 1, 'N': 3, 'E': 1, 'S': 1}
[publish_wind_direction-2] [INFO] [1749223955.354937003] [publish_wind_direction]: Publishing: "id151:E"
[publish_wind_direction-2] [INFO] [1749223955.360366171] [publish_wind_direction]: Vicon Position= [-48.21261978149414, 570.2985229492188]
[publish_wind_direction-2] [INFO] [1749223955.364172368] [publish_wind_direction]: Neighbourhood size: 4
[publish_wind_direction-2] [INFO] [1749223955.368260314] [publish_wind_direction]: * Received from id194, wind direction N
[publish_wind_direction-2] [INFO] [1749223955.371553536] [publish_wind_direction]: Publisher, neighbours_by_id={'id194', 'id192', 'id1193', 'id137'}
[publish_wind_direction-2] [INFO] [1749223959.136732239] [publish_wind_direction]: ***Cam angle= -11.64183726609761, vico ang deg= -46.67483380625049 Ground Truth= 301.6833289276519
[publish_wind_direction-2] [INFO] [1749223959.139259555] [publish_wind_direction]: Publisher, Neighbourhood size: 4
[publish_wind_direction-2] [INFO] [1749223959.141707159] [publish_wind_direction]: Decision Making Triggered
[publish_wind_direction-2] [INFO] [1749223959.144074775] [publish_wind_direction]: Publisher, Neighbours Opinion: 6
[publish_wind_direction-2] [INFO] [1749223959.146479745] [publish_wind_direction]: Inside Decision Making, neighbours opinion: {'id193': 'W', 'id194': 'N', 'id192': 'E', 'id152': 'N', 'id223': 'N', 'id1193': 'S'}
[publish_wind_direction-2] [INFO] [1749223959.148864936] [publish_wind_direction]: Inside Decision Making, social opinions: {'W': 1, 'N': 3, 'E': 1, 'S': 1}
[publish_wind_direction-2] [INFO] [1749223959.153593907] [publish_wind_direction]: Publishing: "id151:E"
[publish_wind_direction-2] [INFO] [1749223959.157389974] [publish_wind_direction]: Vicon Position= [-48.21261978149414, 570.2985229492188]
[publish_wind_direction-2] [INFO] [1749223959.159934235] [publish_wind_direction]: Neighbourhood size: 4
[publish_wind_direction-2] [INFO] [1749223959.162696481] [publish_wind_direction]: * Received from id195, wind direction S
[publish_wind_direction-2] [INFO] [1749223959.165074190] [publish_wind_direction]: Publisher, neighbours_by_id={'id194', 'id192', 'id1193', 'id137'}
[publish_wind_direction-2] [INFO] [1749223962.964206322] [publish_wind_direction]: ***Cam angle= -999.0, vico ang deg= -46.67483380625049 Ground Truth= 34.32516619374951
[publish_wind_direction-2] [INFO] [1749223962.966599125] [publish_wind_direction]: Publisher, Neighbourhood size: 4
[publish_wind_direction-2] [INFO] [1749223962.968989280] [publish_wind_direction]: Decision Making Triggered
[publish_wind_direction-2] [INFO] [1749223962.971437384] [publish_wind_direction]: Publisher, Neighbours Opinion: 6
[publish_wind_direction-2] [INFO] [1749223962.973971960] [publish_wind_direction]: Inside Decision Making, neighbours opinion: {'id193': 'W', 'id194': 'N', 'id192': 'E', 'id152': 'N', 'id223': 'N', 'id1193': 'S'}
[publish_wind_direction-2] [INFO] [1749223962.976518129] [publish_wind_direction]: Inside Decision Making, social opinions: {'W': 1, 'N': 3, 'E': 1, 'S': 1}
[publish_wind_direction-2] [INFO] [1749223962.980370479] [publish_wind_direction]: * Received from id152, wind direction N
[publish_wind_direction-2] [INFO] [1749223962.982874552] [publish_wind_direction]: Publisher, neighbours_by_id={'id194', 'id192', 'id1193', 'id137'}
[publish_wind_direction-2] [INFO] [1749223966.718465534] [publish_wind_direction]: ***Cam angle= 9.66516867755152, vico ang deg= -46.67483380625049 Ground Truth= 322.990334871301
[publish_wind_direction-2] [INFO] [1749223966.720949512] [publish_wind_direction]: Publisher, Neighbourhood size: 4
[publish_wind_direction-2] [INFO] [1749223966.723323313] [publish_wind_direction]: Decision Making Triggered
[publish_wind_direction-2] [INFO] [1749223966.725741304] [publish_wind_direction]: Publisher, Neighbours Opinion: 6
[publish_wind_direction-2] [INFO] [1749223966.728184463] [publish_wind_direction]: Inside Decision Making, neighbours opinion: {'id193': 'W', 'id194': 'N', 'id192': 'E', 'id152': 'N', 'id223': 'N', 'id1193': 'S'}
[publish_wind_direction-2] [INFO] [1749223966.730561709] [publish_wind_direction]: Inside Decision Making, social opinions: {'W': 1, 'N': 3, 'E': 1, 'S': 1}
[publish_wind_direction-2] [INFO] [1749223966.735309163] [publish_wind_direction]: Publishing: "id151:N"
[publish_wind_direction-2] [INFO] [1749223968.827909304] [publish_wind_direction]: Publishing: "id151:N"
[publish_wind_direction-2] [INFO] [1749223973.827960675] [publish_wind_direction]: Publishing: "id151:N"
[publish_wind_direction-2] [INFO] [1749223974.748643217] [publish_wind_direction]: Vicon Position= [-48.21261978149414, 570.2985229492188]
[publish_wind_direction-2] [INFO] [1749223974.751545143] [publish_wind_direction]: Neighbourhood size: 4
[publish_wind_direction-2] [INFO] [1749223978.828090108] [publish_wind_direction]: Publishing: "id151:N"
[publish_wind_direction-2] [INFO] [1749223983.828146496] [publish_wind_direction]: Publishing: "id151:N"
[publish_wind_direction-2] [INFO] [1749223984.228211189] [publish_wind_direction]: Vicon Position= [-48.21261978149414, 570.2985229492188]
[publish_wind_direction-2] [INFO] [1749223984.231003696] [publish_wind_direction]: Neighbourhood size: 4
[publish_wind_direction-2] [INFO] [1749223988.828026180] [publish_wind_direction]: Publishing: "id151:N"
[publish_wind_direction-2] [INFO] [1749223993.827892140] [publish_wind_direction]: Publishing: "id151:N"
[publish_wind_direction-2] [INFO] [1749223997.712341533] [publish_wind_direction]: * Received from id195, wind direction W
[publish_wind_direction-2] [INFO] [1749223997.715444033] [publish_wind_direction]: Publisher, neighbours_by_id={'id194', 'id192', 'id1193', 'id137'}
[publish_wind_direction-2] [INFO] [1749224001.689261155] [publish_wind_direction]: ***Cam angle= -159.67598650768798, vico ang deg= -46.67483380625049 Ground Truth= 153.64917968606153
[publish_wind_direction-2] [INFO] [1749224001.691708167] [publish_wind_direction]: Publisher, Neighbourhood size: 4
[publish_wind_direction-2] [INFO] [1749224001.694104822] [publish_wind_direction]: Decision Making Triggered
[publish_wind_direction-2] [INFO] [1749224001.696391707] [publish_wind_direction]: Publisher, Neighbours Opinion: 6
[publish_wind_direction-2] [INFO] [1749224001.698777898] [publish_wind_direction]: Inside Decision Making, neighbours opinion: {'id193': 'W', 'id194': 'N', 'id192': 'E', 'id152': 'N', 'id223': 'N', 'id1193': 'S'}
[publish_wind_direction-2] [INFO] [1749224001.701174424] [publish_wind_direction]: Inside Decision Making, social opinions: {'W': 1, 'N': 3, 'E': 1, 'S': 1}
[publish_wind_direction-2] [INFO] [1749224001.706110488] [publish_wind_direction]: Publishing: "id151:S"
[publish_wind_direction-2] [INFO] [1749224001.710047476] [publish_wind_direction]: Vicon Position= [-48.21261978149414, 570.2985229492188]
[publish_wind_direction-2] [INFO] [1749224001.712597368] [publish_wind_direction]: Neighbourhood size: 4
[publish_wind_direction-2] [INFO] [1749224003.827956718] [publish_wind_direction]: Publishing: "id151:S"
[publish_wind_direction-2] [INFO] [1749224008.827957911] [publish_wind_direction]: Publishing: "id151:S"
[publish_wind_direction-2] [INFO] [1749224009.707269496] [publish_wind_direction]: Vicon Position= [-48.21261978149414, 570.2985229492188]
[publish_wind_direction-2] [INFO] [1749224009.710054948] [publish_wind_direction]: Neighbourhood size: 4
[publish_wind_direction-2] [INFO] [1749224013.828003922] [publish_wind_direction]: Publishing: "id151:S"
[publish_wind_direction-2] [INFO] [1749224018.828218135] [publish_wind_direction]: Publishing: "id151:S"
[publish_wind_direction-2] [INFO] [1749224023.828289444] [publish_wind_direction]: Publishing: "id151:S"
[publish_wind_direction-2] [INFO] [1749224027.837598420] [publish_wind_direction]: Vicon Position= [-48.21261978149414, 570.2985229492188]
[publish_wind_direction-2] [INFO] [1749224027.840830359] [publish_wind_direction]: Neighbourhood size: 4
[publish_wind_direction-2] [INFO] [1749224028.828122452] [publish_wind_direction]: Publishing: "id151:S"
[publish_wind_direction-2] [INFO] [1749224031.500832810] [publish_wind_direction]: Vicon Position= [-48.21261978149414, 570.2985229492188]
[publish_wind_direction-2] [INFO] [1749224031.503867322] [publish_wind_direction]: Neighbourhood size: 4
[publish_wind_direction-2] [INFO] [1749224033.828016614] [publish_wind_direction]: Publishing: "id151:S"
[publish_wind_direction-2] [INFO] [1749224034.118918889] [publish_wind_direction]: * Received from id224, wind direction N
[publish_wind_direction-2] [INFO] [1749224034.121895748] [publish_wind_direction]: Publisher, neighbours_by_id={'id194', 'id192', 'id1193', 'id137'}
[publish_wind_direction-2] [INFO] [1749224038.114034156] [publish_wind_direction]: ***Cam angle= 28.981104411906855, vico ang deg= -46.67483380625049 Ground Truth= 342.3062706056564
[publish_wind_direction-2] [INFO] [1749224038.116453980] [publish_wind_direction]: Publisher, Neighbourhood size: 4
[publish_wind_direction-2] [INFO] [1749224038.118775591] [publish_wind_direction]: Decision Making Triggered
[publish_wind_direction-2] [INFO] [1749224038.121139298] [publish_wind_direction]: Publisher, Neighbours Opinion: 6
[publish_wind_direction-2] [INFO] [1749224038.123492190] [publish_wind_direction]: Inside Decision Making, neighbours opinion: {'id193': 'W', 'id194': 'N', 'id192': 'E', 'id152': 'N', 'id223': 'N', 'id1193': 'S'}
[publish_wind_direction-2] [INFO] [1749224038.125925515] [publish_wind_direction]: Inside Decision Making, social opinions: {'W': 1, 'N': 3, 'E': 1, 'S': 1}
[publish_wind_direction-2] [INFO] [1749224038.129569493] [publish_wind_direction]: * Received from id193, wind direction N
[publish_wind_direction-2] [INFO] [1749224038.131961388] [publish_wind_direction]: Publisher, neighbours_by_id={'id194', 'id192', 'id1193', 'id137'}
[publish_wind_direction-2] [INFO] [1749224042.042060342] [publish_wind_direction]: ***Cam angle= -999.0, vico ang deg= -46.67483380625049 Ground Truth= 34.32516619374951
[publish_wind_direction-2] [INFO] [1749224042.045561695] [publish_wind_direction]: Publisher, Neighbourhood size: 4
[publish_wind_direction-2] [INFO] [1749224042.049055733] [publish_wind_direction]: Decision Making Triggered
[publish_wind_direction-2] [INFO] [1749224042.052471541] [publish_wind_direction]: Publisher, Neighbours Opinion: 6
[publish_wind_direction-2] [INFO] [1749224042.055941465] [publish_wind_direction]: Inside Decision Making, neighbours opinion: {'id193': 'W', 'id194': 'N', 'id192': 'E', 'id152': 'N', 'id223': 'N', 'id1193': 'S'}
[publish_wind_direction-2] [INFO] [1749224042.059546014] [publish_wind_direction]: Inside Decision Making, social opinions: {'W': 1, 'N': 3, 'E': 1, 'S': 1}
[publish_wind_direction-2] [INFO] [1749224042.066908921] [publish_wind_direction]: Publishing: "id151:N"
[publish_wind_direction-2] [INFO] [1749224042.072727922] [publish_wind_direction]: Vicon Position= [-48.21261978149414, 570.2985229492188]
[publish_wind_direction-2] [INFO] [1749224042.076425998] [publish_wind_direction]: Neighbourhood size: 4
[publish_wind_direction-2] [INFO] [1749224042.081264220] [publish_wind_direction]: * Received from id1193, wind direction N
[publish_wind_direction-2] [INFO] [1749224042.084786871] [publish_wind_direction]: Publisher, neighbours_by_id={'id194', 'id192', 'id1193', 'id137'}
[publish_wind_direction-2] [INFO] [1749224045.942761990] [publish_wind_direction]: ***Cam angle= 60.13995867008518, vico ang deg= -46.67483380625049 Ground Truth= 13.465124863834689
[publish_wind_direction-2] [INFO] [1749224045.946142424] [publish_wind_direction]: Publisher, Neighbourhood size: 4
[publish_wind_direction-2] [INFO] [1749224045.949440702] [publish_wind_direction]: Decision Making Triggered
[publish_wind_direction-2] [INFO] [1749224045.952826637] [publish_wind_direction]: Publisher, Neighbours Opinion: 6
[publish_wind_direction-2] [INFO] [1749224045.956329231] [publish_wind_direction]: Inside Decision Making, neighbours opinion: {'id193': 'W', 'id194': 'N', 'id192': 'E', 'id152': 'N', 'id223': 'N', 'id1193': 'N'}
[publish_wind_direction-2] [INFO] [1749224045.959852864] [publish_wind_direction]: Inside Decision Making, social opinions: {'W': 1, 'N': 4, 'E': 1}
[publish_wind_direction-2] [INFO] [1749224045.966841495] [publish_wind_direction]: Publishing: "id151:N"
[publish_wind_direction-2] [INFO] [1749224048.827890599] [publish_wind_direction]: Publishing: "id151:N"
[publish_wind_direction-2] [INFO] [1749224053.788528581] [publish_wind_direction]: Vicon Position= [-48.21261978149414, 570.2985229492188]
[publish_wind_direction-2] [INFO] [1749224053.792083607] [publish_wind_direction]: Neighbourhood size: 4
[publish_wind_direction-2] [INFO] [1749224053.828181817] [publish_wind_direction]: Publishing: "id151:N"
[publish_wind_direction-2] [INFO] [1749224053.948489171] [publish_wind_direction]: * Received from id136, wind direction W
[publish_wind_direction-2] [INFO] [1749224053.951291994] [publish_wind_direction]: Publisher, neighbours_by_id={'id194', 'id192', 'id1193', 'id137'}
[publish_wind_direction-2] [INFO] [1749224057.839940508] [publish_wind_direction]: ***Cam angle= -999.0, vico ang deg= -46.67483380625049 Ground Truth= 34.32516619374951
[publish_wind_direction-2] [INFO] [1749224057.843336055] [publish_wind_direction]: Publisher, Neighbourhood size: 4
[publish_wind_direction-2] [INFO] [1749224057.846387383] [publish_wind_direction]: Decision Making Triggered
[publish_wind_direction-2] [INFO] [1749224057.849789283] [publish_wind_direction]: Publisher, Neighbours Opinion: 6
[publish_wind_direction-2] [INFO] [1749224057.853371551] [publish_wind_direction]: Inside Decision Making, neighbours opinion: {'id193': 'W', 'id194': 'N', 'id192': 'E', 'id152': 'N', 'id223': 'N', 'id1193': 'N'}
[publish_wind_direction-2] [INFO] [1749224057.856828937] [publish_wind_direction]: Inside Decision Making, social opinions: {'W': 1, 'N': 4, 'E': 1}
[publish_wind_direction-2] [INFO] [1749224058.828271849] [publish_wind_direction]: Publishing: "id151:N"
[publish_wind_direction-2] [INFO] [1749224058.865994566] [publish_wind_direction]: * Received from id224, wind direction N
[publish_wind_direction-2] [INFO] [1749224058.868869508] [publish_wind_direction]: Publisher, neighbours_by_id={'id194', 'id192', 'id1193', 'id137'}
[publish_wind_direction-2] [INFO] [1749224062.674938997] [publish_wind_direction]: ***Cam angle= 28.73045649955577, vico ang deg= -46.67483380625049 Ground Truth= 342.0556226933053
[publish_wind_direction-2] [INFO] [1749224062.677390676] [publish_wind_direction]: Publisher, Neighbourhood size: 4
[publish_wind_direction-2] [INFO] [1749224062.679779941] [publish_wind_direction]: Decision Making Triggered
[publish_wind_direction-2] [INFO] [1749224062.682070864] [publish_wind_direction]: Publisher, Neighbours Opinion: 6
[publish_wind_direction-2] [INFO] [1749224062.684415662] [publish_wind_direction]: Inside Decision Making, neighbours opinion: {'id193': 'W', 'id194': 'N', 'id192': 'E', 'id152': 'N', 'id223': 'N', 'id1193': 'N'}
[publish_wind_direction-2] [INFO] [1749224062.686715215] [publish_wind_direction]: Inside Decision Making, social opinions: {'W': 1, 'N': 4, 'E': 1}
[publish_wind_direction-2] [INFO] [1749224062.691543677] [publish_wind_direction]: Vicon Position= [-48.21261978149414, 570.2985229492188]
[publish_wind_direction-2] [INFO] [1749224062.694024210] [publish_wind_direction]: Neighbourhood size: 4
[publish_wind_direction-2] [INFO] [1749224063.827945804] [publish_wind_direction]: Publishing: "id151:N"
[publish_wind_direction-2] [INFO] [1749224068.827924862] [publish_wind_direction]: Publishing: "id151:N"
[publish_wind_direction-2] [INFO] [1749224072.000501286] [publish_wind_direction]: Vicon Position= [-48.21261978149414, 570.2985229492188]
[publish_wind_direction-2] [INFO] [1749224072.003457439] [publish_wind_direction]: Neighbourhood size: 4
[publish_wind_direction-2] [INFO] [1749224073.828196540] [publish_wind_direction]: Publishing: "id151:N"
[publish_wind_direction-2] [INFO] [1749224076.445031573] [publish_wind_direction]: Vicon Position= [-48.21261978149414, 570.2985229492188]
[publish_wind_direction-2] [INFO] [1749224076.448052233] [publish_wind_direction]: Neighbourhood size: 4
[publish_wind_direction-2] [INFO] [1749224077.857591732] [publish_wind_direction]: * Received from id192, wind direction S
[publish_wind_direction-2] [INFO] [1749224077.860432133] [publish_wind_direction]: Publisher, neighbours_by_id={'id194', 'id192', 'id1193', 'id137'}
[publish_wind_direction-2] [INFO] [1749224081.711043769] [publish_wind_direction]: ***Cam angle= -999.0, vico ang deg= -46.67483380625049 Ground Truth= 34.32516619374951
[publish_wind_direction-2] [INFO] [1749224081.714434223] [publish_wind_direction]: Publisher, Neighbourhood size: 4
[publish_wind_direction-2] [INFO] [1749224081.717236379] [publish_wind_direction]: Decision Making Triggered
[publish_wind_direction-2] [INFO] [1749224081.719569566] [publish_wind_direction]: Publisher, Neighbours Opinion: 6
[publish_wind_direction-2] [INFO] [1749224081.721956349] [publish_wind_direction]: Inside Decision Making, neighbours opinion: {'id193': 'W', 'id194': 'N', 'id192': 'S', 'id152': 'N', 'id223': 'N', 'id1193': 'N'}
[publish_wind_direction-2] [INFO] [1749224081.724427548] [publish_wind_direction]: Inside Decision Making, social opinions: {'W': 1, 'N': 4, 'S': 1}
[publish_wind_direction-2] [INFO] [1749224081.729257436] [publish_wind_direction]: Publishing: "id151:N"
[publish_wind_direction-2] [INFO] [1749224081.733424872] [publish_wind_direction]: Vicon Position= [-48.21261978149414, 570.2985229492188]
[publish_wind_direction-2] [INFO] [1749224081.736296183] [publish_wind_direction]: Neighbourhood size: 4
[publish_wind_direction-2] [INFO] [1749224083.828155915] [publish_wind_direction]: Publishing: "id151:N"
[publish_wind_direction-2] [INFO] [1749224088.828284228] [publish_wind_direction]: Publishing: "id151:N"
[publish_wind_direction-2] [INFO] [1749224089.296903030] [publish_wind_direction]: * Received from id194, wind direction N
[publish_wind_direction-2] [INFO] [1749224089.299592769] [publish_wind_direction]: Publisher, neighbours_by_id={'id194', 'id192', 'id1193', 'id137'}
[publish_wind_direction-2] [INFO] [1749224093.119284819] [publish_wind_direction]: ***Cam angle= -0.14888214158266067, vico ang deg= -46.67483380625049 Ground Truth= 313.17628405216686
[publish_wind_direction-2] [INFO] [1749224093.122731649] [publish_wind_direction]: Publisher, Neighbourhood size: 4
[publish_wind_direction-2] [INFO] [1749224093.125904119] [publish_wind_direction]: Decision Making Triggered
[publish_wind_direction-2] [INFO] [1749224093.129266829] [publish_wind_direction]: Publisher, Neighbours Opinion: 6
[publish_wind_direction-2] [INFO] [1749224093.132696842] [publish_wind_direction]: Inside Decision Making, neighbours opinion: {'id193': 'W', 'id194': 'N', 'id192': 'S', 'id152': 'N', 'id223': 'N', 'id1193': 'N'}
[publish_wind_direction-2] [INFO] [1749224093.136251349] [publish_wind_direction]: Inside Decision Making, social opinions: {'W': 1, 'N': 4, 'S': 1}
[publish_wind_direction-2] [INFO] [1749224093.679429649] [publish_wind_direction]: Vicon Position= [-48.21261978149414, 570.2985229492188]
[publish_wind_direction-2] [INFO] [1749224093.682272384] [publish_wind_direction]: Neighbourhood size: 4
[publish_wind_direction-2] [INFO] [1749224093.827935180] [publish_wind_direction]: Publishing: "id151:N"
[publish_wind_direction-2] [INFO] [1749224096.404457896] [publish_wind_direction]: * Received from id223, wind direction N
[publish_wind_direction-2] [INFO] [1749224096.407173378] [publish_wind_direction]: Publisher, neighbours_by_id={'id194', 'id192', 'id1193', 'id137'}
[publish_wind_direction-2] [INFO] [1749224100.171790441] [publish_wind_direction]: ***Cam angle= -11.127602590954538, vico ang deg= -46.67483380625049 Ground Truth= 302.19756360279496
[publish_wind_direction-2] [INFO] [1749224100.174055083] [publish_wind_direction]: Publisher, Neighbourhood size: 4
[publish_wind_direction-2] [INFO] [1749224100.176444127] [publish_wind_direction]: Decision Making Triggered
[publish_wind_direction-2] [INFO] [1749224100.178642337] [publish_wind_direction]: Publisher, Neighbours Opinion: 6
[publish_wind_direction-2] [INFO] [1749224100.181158725] [publish_wind_direction]: Inside Decision Making, neighbours opinion: {'id193': 'W', 'id194': 'N', 'id192': 'S', 'id152': 'N', 'id223': 'N', 'id1193': 'N'}
[publish_wind_direction-2] [INFO] [1749224100.183592699] [publish_wind_direction]: Inside Decision Making, social opinions: {'W': 1, 'N': 4, 'S': 1}
[publish_wind_direction-2] [INFO] [1749224100.188393658] [publish_wind_direction]: Publishing: "id151:N"
[publish_wind_direction-2] [INFO] [1749224102.149180914] [publish_wind_direction]: * Received from id193, wind direction N
[publish_wind_direction-2] [INFO] [1749224102.152231336] [publish_wind_direction]: Publisher, neighbours_by_id={'id194', 'id192', 'id1193', 'id137'}
[publish_wind_direction-2] [INFO] [1749224106.003056270] [publish_wind_direction]: ***Cam angle= -120.59955482043348, vico ang deg= -46.67483380625049 Ground Truth= 192.72561137331604
[publish_wind_direction-2] [INFO] [1749224106.006588996] [publish_wind_direction]: Publisher, Neighbourhood size: 4
[publish_wind_direction-2] [INFO] [1749224106.010048475] [publish_wind_direction]: Decision Making Triggered
[publish_wind_direction-2] [INFO] [1749224106.013483433] [publish_wind_direction]: Publisher, Neighbours Opinion: 6
[publish_wind_direction-2] [INFO] [1749224106.017185806] [publish_wind_direction]: Inside Decision Making, neighbours opinion: {'id193': 'W', 'id194': 'N', 'id192': 'S', 'id152': 'N', 'id223': 'N', 'id1193': 'N'}
[publish_wind_direction-2] [INFO] [1749224106.020652174] [publish_wind_direction]: Inside Decision Making, social opinions: {'W': 1, 'N': 4, 'S': 1}
[publish_wind_direction-2] [INFO] [1749224106.027967911] [publish_wind_direction]: Publishing: "id151:S"
[publish_wind_direction-2] [INFO] [1749224108.828161751] [publish_wind_direction]: Publishing: "id151:S"
[publish_wind_direction-2] [INFO] [1749224112.588174448] [publish_wind_direction]: * Received from id152, wind direction N
[publish_wind_direction-2] [INFO] [1749224112.590945213] [publish_wind_direction]: Publisher, neighbours_by_id={'id194', 'id192', 'id1193', 'id137'}
[publish_wind_direction-2] [INFO] [1749224116.418696422] [publish_wind_direction]: ***Cam angle= -164.49354569396584, vico ang deg= -46.67483380625049 Ground Truth= 148.83162049978367
[publish_wind_direction-2] [INFO] [1749224116.421140767] [publish_wind_direction]: Publisher, Neighbourhood size: 4
[publish_wind_direction-2] [INFO] [1749224116.423456285] [publish_wind_direction]: Decision Making Triggered
[publish_wind_direction-2] [INFO] [1749224116.425806769] [publish_wind_direction]: Publisher, Neighbours Opinion: 6
[publish_wind_direction-2] [INFO] [1749224116.428216388] [publish_wind_direction]: Inside Decision Making, neighbours opinion: {'id193': 'W', 'id194': 'N', 'id192': 'S', 'id152': 'N', 'id223': 'N', 'id1193': 'N'}
[publish_wind_direction-2] [INFO] [1749224116.430562279] [publish_wind_direction]: Inside Decision Making, social opinions: {'W': 1, 'N': 4, 'S': 1}
[publish_wind_direction-2] [INFO] [1749224116.435303992] [publish_wind_direction]: Publishing: "id151:S"
[publish_wind_direction-2] [INFO] [1749224116.439098873] [publish_wind_direction]: Vicon Position= [-48.21261978149414, 570.2985229492188]
[publish_wind_direction-2] [INFO] [1749224116.441593352] [publish_wind_direction]: Neighbourhood size: 4
[publish_wind_direction-2] [INFO] [1749224116.444405028] [publish_wind_direction]: * Received from id223, wind direction N
[publish_wind_direction-2] [INFO] [1749224116.446754012] [publish_wind_direction]: Publisher, neighbours_by_id={'id194', 'id192', 'id1193', 'id137'}
[publish_wind_direction-2] [INFO] [1749224120.597617113] [publish_wind_direction]: ***Cam angle= -119.50598624120023, vico ang deg= -46.67483380625049 Ground Truth= 193.8191799525493
[publish_wind_direction-2] [INFO] [1749224120.600029677] [publish_wind_direction]: Publisher, Neighbourhood size: 4
[publish_wind_direction-2] [INFO] [1749224120.602337564] [publish_wind_direction]: Decision Making Triggered
[publish_wind_direction-2] [INFO] [1749224120.604729052] [publish_wind_direction]: Publisher, Neighbours Opinion: 6
[publish_wind_direction-2] [INFO] [1749224120.607057589] [publish_wind_direction]: Inside Decision Making, neighbours opinion: {'id193': 'W', 'id194': 'N', 'id192': 'S', 'id152': 'N', 'id223': 'N', 'id1193': 'N'}
[publish_wind_direction-2] [INFO] [1749224120.609424593] [publish_wind_direction]: Inside Decision Making, social opinions: {'W': 1, 'N': 4, 'S': 1}
[publish_wind_direction-2] [INFO] [1749224120.614146008] [publish_wind_direction]: Publishing: "id151:S"
[publish_wind_direction-2] [INFO] [1749224120.617921683] [publish_wind_direction]: Vicon Position= [-48.21261978149414, 570.2985229492188]
[publish_wind_direction-2] [INFO] [1749224120.620384197] [publish_wind_direction]: Neighbourhood size: 4
[publish_wind_direction-2] [INFO] [1749224123.498062019] [publish_wind_direction]: Vicon Position= [-48.21261978149414, 570.2985229492188]
[publish_wind_direction-2] [INFO] [1749224123.500884789] [publish_wind_direction]: Neighbourhood size: 4
[publish_wind_direction-2] [INFO] [1749224123.827937150] [publish_wind_direction]: Publishing: "id151:S"
[publish_wind_direction-2] [INFO] [1749224125.420179357] [publish_wind_direction]: * Received from id136, wind direction W
[publish_wind_direction-2] [INFO] [1749224125.423312026] [publish_wind_direction]: Publisher, neighbours_by_id={'id194', 'id192', 'id1193', 'id137'}
[publish_wind_direction-2] [INFO] [1749224129.131934384] [publish_wind_direction]: ***Cam angle= -999.0, vico ang deg= -46.67483380625049 Ground Truth= 34.32516619374951
[publish_wind_direction-2] [INFO] [1749224129.134309592] [publish_wind_direction]: Publisher, Neighbourhood size: 4
[publish_wind_direction-2] [INFO] [1749224129.136803405] [publish_wind_direction]: Decision Making Triggered
[publish_wind_direction-2] [INFO] [1749224129.139121830] [publish_wind_direction]: Publisher, Neighbours Opinion: 6
[publish_wind_direction-2] [INFO] [1749224129.141515170] [publish_wind_direction]: Inside Decision Making, neighbours opinion: {'id193': 'W', 'id194': 'N', 'id192': 'S', 'id152': 'N', 'id223': 'N', 'id1193': 'N'}
[publish_wind_direction-2] [INFO] [1749224129.143901120] [publish_wind_direction]: Inside Decision Making, social opinions: {'W': 1, 'N': 4, 'S': 1}
[publish_wind_direction-2] [INFO] [1749224129.148645833] [publish_wind_direction]: Publishing: "id151:N"
[publish_wind_direction-2] [INFO] [1749224133.827970679] [publish_wind_direction]: Publishing: "id151:N"
[publish_wind_direction-2] [INFO] [1749224138.828084250] [publish_wind_direction]: Publishing: "id151:N"
[publish_wind_direction-2] [INFO] [1749224140.360135461] [publish_wind_direction]: * Received from id195, wind direction S
[publish_wind_direction-2] [INFO] [1749224140.362830756] [publish_wind_direction]: Publisher, neighbours_by_id={'id194', 'id192', 'id1193', 'id137'}
[publish_wind_direction-2] [INFO] [1749224144.068650327] [publish_wind_direction]: ***Cam angle= -999.0, vico ang deg= -46.67483380625049 Ground Truth= 34.32516619374951
[publish_wind_direction-2] [INFO] [1749224144.071078652] [publish_wind_direction]: Publisher, Neighbourhood size: 4
[publish_wind_direction-2] [INFO] [1749224144.073509236] [publish_wind_direction]: Decision Making Triggered
[publish_wind_direction-2] [INFO] [1749224144.075929727] [publish_wind_direction]: Publisher, Neighbours Opinion: 6
[publish_wind_direction-2] [INFO] [1749224144.078338531] [publish_wind_direction]: Inside Decision Making, neighbours opinion: {'id193': 'W', 'id194': 'N', 'id192': 'S', 'id152': 'N', 'id223': 'N', 'id1193': 'N'}
[publish_wind_direction-2] [INFO] [1749224144.080765170] [publish_wind_direction]: Inside Decision Making, social opinions: {'W': 1, 'N': 4, 'S': 1}
[publish_wind_direction-2] [INFO] [1749224144.085553962] [publish_wind_direction]: Publishing: "id151:N"
[publish_wind_direction-2] [INFO] [1749224144.089387180] [publish_wind_direction]: Vicon Position= [-48.21261978149414, 570.2985229492188]
[publish_wind_direction-2] [INFO] [1749224144.091918292] [publish_wind_direction]: Neighbourhood size: 4
[publish_wind_direction-2] [INFO] [1749224145.850573409] [publish_wind_direction]: Vicon Position= [-48.21261978149414, 570.2985229492188]
[publish_wind_direction-2] [INFO] [1749224145.853654815] [publish_wind_direction]: Neighbourhood size: 4
[publish_wind_direction-2] [INFO] [1749224148.827930762] [publish_wind_direction]: Publishing: "id151:N"
[publish_wind_direction-2] [INFO] [1749224153.827887521] [publish_wind_direction]: Publishing: "id151:N"
[publish_wind_direction-2] [INFO] [1749224155.882523379] [publish_wind_direction]: * Received from id194, wind direction N
[publish_wind_direction-2] [INFO] [1749224155.885499812] [publish_wind_direction]: Publisher, neighbours_by_id={'id194', 'id192', 'id1193', 'id137'}
[publish_wind_direction-2] [INFO] [1749224159.688857967] [publish_wind_direction]: ***Cam angle= -269.7338264168508, vico ang deg= -46.67483380625049 Ground Truth= 43.591339776898735
[publish_wind_direction-2] [INFO] [1749224159.691225138] [publish_wind_direction]: Publisher, Neighbourhood size: 4
[publish_wind_direction-2] [INFO] [1749224159.693582789] [publish_wind_direction]: Decision Making Triggered
[publish_wind_direction-2] [INFO] [1749224159.695980555] [publish_wind_direction]: Publisher, Neighbours Opinion: 6
[publish_wind_direction-2] [INFO] [1749224159.698331836] [publish_wind_direction]: Inside Decision Making, neighbours opinion: {'id193': 'W', 'id194': 'N', 'id192': 'S', 'id152': 'N', 'id223': 'N', 'id1193': 'N'}
[publish_wind_direction-2] [INFO] [1749224159.700712193] [publish_wind_direction]: Inside Decision Making, social opinions: {'W': 1, 'N': 4, 'S': 1}
[publish_wind_direction-2] [INFO] [1749224159.705426495] [publish_wind_direction]: Publishing: "id151:N"
[publish_wind_direction-2] [INFO] [1749224161.935575985] [publish_wind_direction]: * Received from id136, wind direction W
[publish_wind_direction-2] [INFO] [1749224161.940274638] [publish_wind_direction]: Publisher, neighbours_by_id={'id194', 'id192', 'id1193', 'id137'}
[publish_wind_direction-2] [INFO] [1749224165.775200775] [publish_wind_direction]: ***Cam angle= -999.0, vico ang deg= -46.67483380625049 Ground Truth= 34.32516619374951
[publish_wind_direction-2] [INFO] [1749224165.777649490] [publish_wind_direction]: Publisher, Neighbourhood size: 4
[publish_wind_direction-2] [INFO] [1749224165.780032533] [publish_wind_direction]: Decision Making Triggered
[publish_wind_direction-2] [INFO] [1749224165.782358533] [publish_wind_direction]: Publisher, Neighbours Opinion: 6
[publish_wind_direction-2] [INFO] [1749224165.784783024] [publish_wind_direction]: Inside Decision Making, neighbours opinion: {'id193': 'W', 'id194': 'N', 'id192': 'S', 'id152': 'N', 'id223': 'N', 'id1193': 'N'}
[publish_wind_direction-2] [INFO] [1749224165.787273503] [publish_wind_direction]: Inside Decision Making, social opinions: {'W': 1, 'N': 4, 'S': 1}
[publish_wind_direction-2] [INFO] [1749224165.792112428] [publish_wind_direction]: Publishing: "id151:N"
[publish_wind_direction-2] [INFO] [1749224165.795977205] [publish_wind_direction]: Vicon Position= [-48.21261978149414, 570.2985229492188]
[publish_wind_direction-2] [INFO] [1749224165.798469888] [publish_wind_direction]: Neighbourhood size: 4
[publish_wind_direction-2] [INFO] [1749224168.827992080] [publish_wind_direction]: Publishing: "id151:N"
[publish_wind_direction-2] [INFO] [1749224173.827934652] [publish_wind_direction]: Publishing: "id151:N"
[publish_wind_direction-2] [INFO] [1749224174.602169969] [publish_wind_direction]: Vicon Position= [-48.21261978149414, 570.2985229492188]
[publish_wind_direction-2] [INFO] [1749224174.605097693] [publish_wind_direction]: Neighbourhood size: 4
[publish_wind_direction-2] [INFO] [1749224178.827967696] [publish_wind_direction]: Publishing: "id151:N"
[publish_wind_direction-2] [INFO] [1749224183.828056061] [publish_wind_direction]: Publishing: "id151:N"
[publish_wind_direction-2] [INFO] [1749224188.828114311] [publish_wind_direction]: Publishing: "id151:N"
[publish_wind_direction-2] [INFO] [1749224193.828066421] [publish_wind_direction]: Publishing: "id151:N"
[publish_wind_direction-2] [INFO] [1749224198.828053646] [publish_wind_direction]: Publishing: "id151:N"
[publish_wind_direction-2] [INFO] [1749224202.493068168] [publish_wind_direction]: Vicon Position= [-48.21261978149414, 570.2985229492188]
[publish_wind_direction-2] [INFO] [1749224202.496555168] [publish_wind_direction]: Neighbourhood size: 4
[publish_wind_direction-2] [INFO] [1749224203.828089320] [publish_wind_direction]: Publishing: "id151:N"
[publish_wind_direction-2] [INFO] [1749224208.828503253] [publish_wind_direction]: Publishing: "id151:N"
[publish_wind_direction-2] [INFO] [1749224211.217172768] [publish_wind_direction]: * Received from id224, wind direction N
[publish_wind_direction-2] [INFO] [1749224211.220361147] [publish_wind_direction]: Publisher, neighbours_by_id={'id194', 'id192', 'id1193', 'id137'}
[publish_wind_direction-2] [INFO] [1749224214.991544838] [publish_wind_direction]: ***Cam angle= -999.0, vico ang deg= -46.67483380625049 Ground Truth= 34.32516619374951
[publish_wind_direction-2] [INFO] [1749224214.994174515] [publish_wind_direction]: Publisher, Neighbourhood size: 4
[publish_wind_direction-2] [INFO] [1749224214.996745057] [publish_wind_direction]: Decision Making Triggered
[publish_wind_direction-2] [INFO] [1749224214.999340750] [publish_wind_direction]: Publisher, Neighbours Opinion: 6
[publish_wind_direction-2] [INFO] [1749224215.001808004] [publish_wind_direction]: Inside Decision Making, neighbours opinion: {'id193': 'W', 'id194': 'N', 'id192': 'S', 'id152': 'N', 'id223': 'N', 'id1193': 'N'}
[publish_wind_direction-2] [INFO] [1749224215.004447312] [publish_wind_direction]: Inside Decision Making, social opinions: {'W': 1, 'N': 4, 'S': 1}
[publish_wind_direction-2] [INFO] [1749224215.009042622] [publish_wind_direction]: Publishing: "id151:N"
[publish_wind_direction-2] [INFO] [1749224215.012893379] [publish_wind_direction]: Vicon Position= [-48.21261978149414, 570.2985229492188]
[publish_wind_direction-2] [INFO] [1749224215.015393507] [publish_wind_direction]: Neighbourhood size: 4
[publish_wind_direction-2] [INFO] [1749224216.021602075] [publish_wind_direction]: * Received from id136, wind direction W
[publish_wind_direction-2] [INFO] [1749224216.024373784] [publish_wind_direction]: Publisher, neighbours_by_id={'id194', 'id192', 'id1193', 'id137'}
[publish_wind_direction-2] [INFO] [1749224219.853715220] [publish_wind_direction]: ***Cam angle= -147.51036294700674, vico ang deg= -46.67483380625049 Ground Truth= 165.81480324674277
[publish_wind_direction-2] [INFO] [1749224219.856129580] [publish_wind_direction]: Publisher, Neighbourhood size: 4
[publish_wind_direction-2] [INFO] [1749224219.858462489] [publish_wind_direction]: Decision Making Triggered
[publish_wind_direction-2] [INFO] [1749224219.860831326] [publish_wind_direction]: Publisher, Neighbours Opinion: 6
[publish_wind_direction-2] [INFO] [1749224219.863196182] [publish_wind_direction]: Inside Decision Making, neighbours opinion: {'id193': 'W', 'id194': 'N', 'id192': 'S', 'id152': 'N', 'id223': 'N', 'id1193': 'N'}
[publish_wind_direction-2] [INFO] [1749224219.865601838] [publish_wind_direction]: Inside Decision Making, social opinions: {'W': 1, 'N': 4, 'S': 1}
[publish_wind_direction-2] [INFO] [1749224219.870338309] [publish_wind_direction]: Publishing: "id151:S"
[publish_wind_direction-2] [INFO] [1749224221.246205052] [publish_wind_direction]: * Received from id223, wind direction N
[publish_wind_direction-2] [INFO] [1749224221.249025210] [publish_wind_direction]: Publisher, neighbours_by_id={'id194', 'id192', 'id1193', 'id137'}
[publish_wind_direction-2] [INFO] [1749224225.125499189] [publish_wind_direction]: ***Cam angle= -999.0, vico ang deg= -46.67483380625049 Ground Truth= 34.32516619374951
[publish_wind_direction-2] [INFO] [1749224225.127894844] [publish_wind_direction]: Publisher, Neighbourhood size: 4
[publish_wind_direction-2] [INFO] [1749224225.130314575] [publish_wind_direction]: Decision Making Triggered
[publish_wind_direction-2] [INFO] [1749224225.132700433] [publish_wind_direction]: Publisher, Neighbours Opinion: 6
[publish_wind_direction-2] [INFO] [1749224225.135055399] [publish_wind_direction]: Inside Decision Making, neighbours opinion: {'id193': 'W', 'id194': 'N', 'id192': 'S', 'id152': 'N', 'id223': 'N', 'id1193': 'N'}
[publish_wind_direction-2] [INFO] [1749224225.137411495] [publish_wind_direction]: Inside Decision Making, social opinions: {'W': 1, 'N': 4, 'S': 1}
[publish_wind_direction-2] [INFO] [1749224225.142124019] [publish_wind_direction]: Publishing: "id151:N"
[publish_wind_direction-2] [INFO] [1749224228.827948530] [publish_wind_direction]: Publishing: "id151:N"
[publish_wind_direction-2] [INFO] [1749224229.381310897] [publish_wind_direction]: Vicon Position= [-48.21261978149414, 570.2985229492188]
[publish_wind_direction-2] [INFO] [1749224229.384222064] [publish_wind_direction]: Neighbourhood size: 4
[publish_wind_direction-2] [INFO] [1749224233.827930366] [publish_wind_direction]: Publishing: "id151:N"
[publish_wind_direction-2] [INFO] [1749224238.828060493] [publish_wind_direction]: Publishing: "id151:N"
[publish_wind_direction-2] [INFO] [1749224243.827967840] [publish_wind_direction]: Publishing: "id151:N"
[publish_wind_direction-2] [INFO] [1749224248.827921284] [publish_wind_direction]: Publishing: "id151:N"
[publish_wind_direction-2] [INFO] [1749224248.881056086] [publish_wind_direction]: Vicon Position= [-48.21261978149414, 570.2985229492188]
[publish_wind_direction-2] [INFO] [1749224248.883922342] [publish_wind_direction]: Neighbourhood size: 4
[publish_wind_direction-2] [INFO] [1749224249.152880685] [publish_wind_direction]: * Received from id193, wind direction N
[publish_wind_direction-2] [INFO] [1749224249.155544236] [publish_wind_direction]: Publisher, neighbours_by_id={'id194', 'id192', 'id1193', 'id137'}
[publish_wind_direction-2] [INFO] [1749224252.912292602] [publish_wind_direction]: ***Cam angle= 28.659977286978787, vico ang deg= -46.67483380625049 Ground Truth= 341.9851434807283
[publish_wind_direction-2] [INFO] [1749224252.914691479] [publish_wind_direction]: Publisher, Neighbourhood size: 4
[publish_wind_direction-2] [INFO] [1749224252.917084301] [publish_wind_direction]: Decision Making Triggered
[publish_wind_direction-2] [INFO] [1749224252.919421895] [publish_wind_direction]: Publisher, Neighbours Opinion: 6
[publish_wind_direction-2] [INFO] [1749224252.921828384] [publish_wind_direction]: Inside Decision Making, neighbours opinion: {'id193': 'W', 'id194': 'N', 'id192': 'S', 'id152': 'N', 'id223': 'N', 'id1193': 'N'}
[publish_wind_direction-2] [INFO] [1749224252.924214538] [publish_wind_direction]: Inside Decision Making, social opinions: {'W': 1, 'N': 4, 'S': 1}
[publish_wind_direction-2] [INFO] [1749224253.828026224] [publish_wind_direction]: Publishing: "id151:N"
[publish_wind_direction-2] [INFO] [1749224257.530544776] [publish_wind_direction]: * Received from id223, wind direction N
[publish_wind_direction-2] [INFO] [1749224257.533230514] [publish_wind_direction]: Publisher, neighbours_by_id={'id194', 'id192', 'id1193', 'id137'}
[publish_wind_direction-2] [INFO] [1749224261.391469583] [publish_wind_direction]: ***Cam angle= 35.606444383702225, vico ang deg= -46.67483380625049 Ground Truth= 348.93161057745175
[publish_wind_direction-2] [INFO] [1749224261.393911001] [publish_wind_direction]: Publisher, Neighbourhood size: 4
[publish_wind_direction-2] [INFO] [1749224261.396278542] [publish_wind_direction]: Decision Making Triggered
[publish_wind_direction-2] [INFO] [1749224261.398583689] [publish_wind_direction]: Publisher, Neighbours Opinion: 6
[publish_wind_direction-2] [INFO] [1749224261.400973565] [publish_wind_direction]: Inside Decision Making, neighbours opinion: {'id193': 'W', 'id194': 'N', 'id192': 'S', 'id152': 'N', 'id223': 'N', 'id1193': 'N'}
[publish_wind_direction-2] [INFO] [1749224261.403284027] [publish_wind_direction]: Inside Decision Making, social opinions: {'W': 1, 'N': 4, 'S': 1}
[publish_wind_direction-2] [INFO] [1749224261.408072874] [publish_wind_direction]: Publishing: "id151:N"
[publish_wind_direction-2] [INFO] [1749224261.740897693] [publish_wind_direction]: * Received from id136, wind direction W
[publish_wind_direction-2] [INFO] [1749224261.743843197] [publish_wind_direction]: Publisher, neighbours_by_id={'id194', 'id192', 'id1193', 'id137'}
[publish_wind_direction-2] [INFO] [1749224265.525138965] [publish_wind_direction]: ***Cam angle= -3.378401317468729, vico ang deg= -46.67483380625049 Ground Truth= 309.9467648762808
[publish_wind_direction-2] [INFO] [1749224265.527496487] [publish_wind_direction]: Publisher, Neighbourhood size: 4
[publish_wind_direction-2] [INFO] [1749224265.529851749] [publish_wind_direction]: Decision Making Triggered
[publish_wind_direction-2] [INFO] [1749224265.532207382] [publish_wind_direction]: Publisher, Neighbours Opinion: 6
[publish_wind_direction-2] [INFO] [1749224265.534526918] [publish_wind_direction]: Inside Decision Making, neighbours opinion: {'id193': 'W', 'id194': 'N', 'id192': 'S', 'id152': 'N', 'id223': 'N', 'id1193': 'N'}
[publish_wind_direction-2] [INFO] [1749224265.537011156] [publish_wind_direction]: Inside Decision Making, social opinions: {'W': 1, 'N': 4, 'S': 1}
[publish_wind_direction-2] [INFO] [1749224265.541560054] [publish_wind_direction]: Publishing: "id151:N"
[publish_wind_direction-2] [INFO] [1749224268.827714503] [publish_wind_direction]: Publishing: "id151:N"
[publish_wind_direction-2] [INFO] [1749224270.410293063] [publish_wind_direction]: Vicon Position= [-48.21261978149414, 570.2985229492188]
[publish_wind_direction-2] [INFO] [1749224270.413380303] [publish_wind_direction]: Neighbourhood size: 4
[publish_wind_direction-2] [INFO] [1749224273.827933194] [publish_wind_direction]: Publishing: "id151:N"
[publish_wind_direction-2] [INFO] [1749224278.827755718] [publish_wind_direction]: Publishing: "id151:N"
[publish_wind_direction-2] [INFO] [1749224279.440932970] [publish_wind_direction]: * Received from id223, wind direction N
[publish_wind_direction-2] [INFO] [1749224279.443648452] [publish_wind_direction]: Publisher, neighbours_by_id={'id194', 'id192', 'id1193', 'id137'}
[publish_wind_direction-2] [INFO] [1749224283.214596675] [publish_wind_direction]: ***Cam angle= -999.0, vico ang deg= -46.67483380625049 Ground Truth= 34.32516619374951
[publish_wind_direction-2] [INFO] [1749224283.217029519] [publish_wind_direction]: Publisher, Neighbourhood size: 4
[publish_wind_direction-2] [INFO] [1749224283.219327757] [publish_wind_direction]: Decision Making Triggered
[publish_wind_direction-2] [INFO] [1749224283.221676908] [publish_wind_direction]: Publisher, Neighbours Opinion: 6
[publish_wind_direction-2] [INFO] [1749224283.224049912] [publish_wind_direction]: Inside Decision Making, neighbours opinion: {'id193': 'W', 'id194': 'N', 'id192': 'S', 'id152': 'N', 'id223': 'N', 'id1193': 'N'}
[publish_wind_direction-2] [INFO] [1749224283.226368967] [publish_wind_direction]: Inside Decision Making, social opinions: {'W': 1, 'N': 4, 'S': 1}
[publish_wind_direction-2] [INFO] [1749224283.827890031] [publish_wind_direction]: Publishing: "id151:N"
[publish_wind_direction-2] [INFO] [1749224283.980221706] [publish_wind_direction]: Vicon Position= [-48.21261978149414, 570.2985229492188]
[publish_wind_direction-2] [INFO] [1749224283.983147319] [publish_wind_direction]: Neighbourhood size: 4
[publish_wind_direction-2] [INFO] [1749224288.828074386] [publish_wind_direction]: Publishing: "id151:N"
[publish_wind_direction-2] [INFO] [1749224292.623393143] [publish_wind_direction]: Vicon Position= [-48.21261978149414, 570.2985229492188]
[publish_wind_direction-2] [INFO] [1749224292.627959172] [publish_wind_direction]: Neighbourhood size: 4
[publish_wind_direction-2] [INFO] [1749224293.828093318] [publish_wind_direction]: Publishing: "id151:N"
[publish_wind_direction-2] [INFO] [1749224298.826755509] [publish_wind_direction]: Raising exception
[publish_wind_direction-2] [INFO] [1749224298.829544497] [publish_wind_direction]: Publisher stopping, exception
[INFO] [publish_wind_direction-2]: process has finished cleanly [pid 845]
[random_robot_move-1] [INFO] [1749224306.605110321] [random_robot_move]: Exception, shutting down
