1749834896.4428759 [INFO] [launch]: All log files can be found below /home/thymio/ros_logs/2025-06-13-17-14-56-439714-thymio-2241
1749834896.4434781 [INFO] [launch]: Default logging verbosity is set to INFO
1749834896.7508578 [INFO] [random_robot_move-1]: process started with pid [2242]
1749834896.7519755 [INFO] [service_vicon_node-2]: process started with pid [2244]
1749834896.7527289 [INFO] [service_neighbours_opinions-3]: process started with pid [2246]
1749834896.7532694 [INFO] [publish_wind_direction-4]: process started with pid [2248]
1749834898.4134338 [service_vicon_node-2] [INFO] [1749834898.412717865] [service_vicon_node]: Physical Ip=192.168.4.75, id=id75
1749834898.4211190 [service_neighbours_opinions-3] [INFO] [1749834898.420150013] [service_neighbours_opinions]: Physical Ip=192.168.4.75, id=id75
1749834898.4239228 [service_neighbours_opinions-3] [INFO] [1749834898.423020439] [service_neighbours_opinions]: Updated ID from mapping: id195
1749834898.4257741 [service_vicon_node-2] [INFO] [1749834898.423020476] [service_vicon_node]: Updated ID from mapping: id195
1749834898.4346130 [service_neighbours_opinions-3] [INFO] [1749834898.433892550] [service_neighbours_opinions]: Subscribed to: wind_direction/id68
1749834898.4365752 [service_vicon_node-2] [INFO] [1749834898.434696365] [service_vicon_node]: Subscribed to: vicon/default/data
1749834898.4393387 [service_neighbours_opinions-3] [INFO] [1749834898.438676383] [service_neighbours_opinions]: Subscribed to: wind_direction/id136
1749834898.4441967 [service_neighbours_opinions-3] [INFO] [1749834898.443397883] [service_neighbours_opinions]: Subscribed to: wind_direction/id137
1749834898.4483988 [service_neighbours_opinions-3] [INFO] [1749834898.447697791] [service_neighbours_opinions]: Subscribed to: wind_direction/id142
1749834898.4522688 [service_neighbours_opinions-3] [INFO] [1749834898.451675031] [service_neighbours_opinions]: Subscribed to: wind_direction/id151
1749834898.4562616 [service_neighbours_opinions-3] [INFO] [1749834898.455584698] [service_neighbours_opinions]: Subscribed to: wind_direction/id152
1749834898.4604545 [service_neighbours_opinions-3] [INFO] [1749834898.459420217] [service_neighbours_opinions]: Subscribed to: wind_direction/id155
1749834898.4636567 [service_neighbours_opinions-3] [INFO] [1749834898.462874976] [service_neighbours_opinions]: Subscribed to: wind_direction/id189
1749834898.4670024 [service_neighbours_opinions-3] [INFO] [1749834898.466292976] [service_neighbours_opinions]: Subscribed to: wind_direction/id192
1749834898.4704723 [service_neighbours_opinions-3] [INFO] [1749834898.469687957] [service_neighbours_opinions]: Subscribed to: wind_direction/id193
1749834898.4737990 [service_neighbours_opinions-3] [INFO] [1749834898.473203994] [service_neighbours_opinions]: Subscribed to: wind_direction/id194
1749834898.4773576 [service_neighbours_opinions-3] [INFO] [1749834898.476698679] [service_neighbours_opinions]: Subscribed to: wind_direction/id200
1749834898.4810719 [service_neighbours_opinions-3] [INFO] [1749834898.480436346] [service_neighbours_opinions]: Subscribed to: wind_direction/id206
1749834898.4850082 [service_neighbours_opinions-3] [INFO] [1749834898.484173772] [service_neighbours_opinions]: Subscribed to: wind_direction/id207
1749834898.4888973 [service_neighbours_opinions-3] [INFO] [1749834898.488213254] [service_neighbours_opinions]: Subscribed to: wind_direction/id223
1749834898.4927025 [service_neighbours_opinions-3] [INFO] [1749834898.492104198] [service_neighbours_opinions]: Subscribed to: wind_direction/id224
1749834898.4964597 [service_neighbours_opinions-3] [INFO] [1749834898.495786754] [service_neighbours_opinions]: Subscribed to: wind_direction/id236
1749834898.4997153 [service_neighbours_opinions-3] [INFO] [1749834898.499129216] [service_neighbours_opinions]: Subscribed to: wind_direction/id247
1749834898.5032213 [service_neighbours_opinions-3] [INFO] [1749834898.502612716] [service_neighbours_opinions]: Subscribed to: wind_direction/id1193
1749834899.1693430 [publish_wind_direction-4] /usr/lib/python3/dist-packages/scipy/__init__.py:146: UserWarning: A NumPy version >=1.17.3 and <1.25.0 is required for this version of SciPy (detected version 1.26.4
1749834899.1700039 [publish_wind_direction-4]   warnings.warn(f"A NumPy version >={np_minversion} and <{np_maxversion}"
1749834900.1684349 [publish_wind_direction-4] [INFO] [1749834900.167828086] [publish_wind_direction]: Physical Ip=192.168.4.75, id=id75
1749834900.1709366 [publish_wind_direction-4] [INFO] [1749834900.170435290] [publish_wind_direction]: Updated ID from mapping: id195
1749834900.1782315 [publish_wind_direction-4] [INFO] [1749834900.177666641] [publish_wind_direction]: Publsihing on: wind_direction/id195
1749834906.4012079 [random_robot_move-1] [INFO] [1749834906.400409582] [random_robot_move]: Robot Control Node started.
1749834913.9225879 [service_vicon_node-2] [INFO] [1749834913.921626133] [service_vicon_node]: Vicon Position= [-316.6013488769531, 508.1308898925781], yaw: -75.32628617232582
1749834913.9256871 [service_vicon_node-2] [INFO] [1749834913.924776170] [service_vicon_node]: Neighbours: {'id236', 'id200', 'id194', 'id151', 'id189', 'id206', 'id142', 'id192', 'id68'}
1749834925.8807118 [service_vicon_node-2] [INFO] [1749834925.879692830] [service_vicon_node]: Vicon Position= [-532.6906127929688, 761.3468627929688], yaw: -81.60783654254729
1749834925.8832808 [service_vicon_node-2] [INFO] [1749834925.882589571] [service_vicon_node]: Neighbours: {'id142', 'id151', 'id194', 'id206'}
1749834932.1903861 [service_neighbours_opinions-3] [INFO] [1749834932.189609104] [service_neighbours_opinions]: * Received from id206, wind direction N
1749834932.1934097 [service_neighbours_opinions-3] [INFO] [1749834932.192768826] [service_neighbours_opinions]: All opinions = {'id206': 'N'}
1749834932.1960914 [service_neighbours_opinions-3] [INFO] [1749834932.195452178] [service_neighbours_opinions]: All opinions size= 1
1749834935.9482126 [service_vicon_node-2] [INFO] [1749834935.946999139] [service_vicon_node]: Vicon Position= [-739.9869995117188, 896.0066528320312], yaw: -59.467450845470424
1749834935.9511061 [service_vicon_node-2] [INFO] [1749834935.950169342] [service_vicon_node]: Neighbours: {'id194', 'id151', 'id137', 'id206', 'id142'}
1749834937.7377553 [service_neighbours_opinions-3] [INFO] [1749834937.737078582] [service_neighbours_opinions]: * Received from id206, wind direction N
1749834937.7458425 [service_neighbours_opinions-3] [INFO] [1749834937.744194156] [service_neighbours_opinions]: Comm. Noise, new received opinion: S
1749834937.7490020 [service_neighbours_opinions-3] [INFO] [1749834937.748429026] [service_neighbours_opinions]: All opinions = {'id206': 'S'}
1749834937.7530146 [service_neighbours_opinions-3] [INFO] [1749834937.752408434] [service_neighbours_opinions]: All opinions size= 1
1749834938.8581786 [service_neighbours_opinions-3] [INFO] [1749834938.857410618] [service_neighbours_opinions]: * Received from id200, wind direction S
1749834938.8629634 [service_neighbours_opinions-3] [INFO] [1749834938.862275211] [service_neighbours_opinions]: All opinions = {'id206': 'S', 'id200': 'S'}
1749834938.8666925 [service_neighbours_opinions-3] [INFO] [1749834938.866059155] [service_neighbours_opinions]: All opinions size= 2
1749834939.5065308 [service_neighbours_opinions-3] [INFO] [1749834939.505798914] [service_neighbours_opinions]: * Received from id207, wind direction W
1749834939.5105700 [service_neighbours_opinions-3] [INFO] [1749834939.509863451] [service_neighbours_opinions]: All opinions = {'id206': 'S', 'id200': 'S', 'id207': 'W'}
1749834939.5148592 [service_neighbours_opinions-3] [INFO] [1749834939.514173340] [service_neighbours_opinions]: All opinions size= 3
1749834940.1781344 [service_neighbours_opinions-3] [INFO] [1749834940.177392821] [service_neighbours_opinions]: * Received from id223, wind direction W
1749834940.1811950 [service_neighbours_opinions-3] [INFO] [1749834940.180535840] [service_neighbours_opinions]: All opinions = {'id206': 'S', 'id200': 'S', 'id207': 'W', 'id223': 'W'}
1749834940.1838379 [service_neighbours_opinions-3] [INFO] [1749834940.183209729] [service_neighbours_opinions]: All opinions size= 4
1749834940.7925100 [service_neighbours_opinions-3] [INFO] [1749834940.791649765] [service_neighbours_opinions]: * Received from id155, wind direction N
1749834940.7955222 [service_neighbours_opinions-3] [INFO] [1749834940.794862099] [service_neighbours_opinions]: Comm. Noise, new received opinion: W
1749834940.7980318 [service_neighbours_opinions-3] [INFO] [1749834940.797470302] [service_neighbours_opinions]: All opinions = {'id206': 'S', 'id200': 'S', 'id207': 'W', 'id223': 'W', 'id155': 'W'}
1749834940.8011725 [service_neighbours_opinions-3] [INFO] [1749834940.799949062] [service_neighbours_opinions]: All opinions size= 5
1749834943.6000979 [service_neighbours_opinions-3] [INFO] [1749834943.598296597] [service_neighbours_opinions]: * Received from id200, wind direction E
1749834943.6049948 [service_neighbours_opinions-3] [INFO] [1749834943.603802171] [service_neighbours_opinions]: All opinions = {'id206': 'S', 'id200': 'E', 'id207': 'W', 'id223': 'W', 'id155': 'W'}
1749834943.6076713 [service_neighbours_opinions-3] [INFO] [1749834943.606752208] [service_neighbours_opinions]: All opinions size= 5
1749834944.2892373 [publish_wind_direction-4] [INFO] [1749834944.288156726] [publish_wind_direction]: Main Pub Node: Requesting Pose Info
1749834944.2935603 [service_vicon_node-2] [INFO] [1749834944.292668189] [service_vicon_node]: Request received. Responding with pos=array('f', [-997.311279296875, 1017.293212890625]), yaw=-8.39210741374468, neigh=['id142', 'id137', 'id194', 'id206']Response to be returned: service_messages.srv.GetPoseData_Response(my_position_xy=[-997.311279296875, 1017.293212890625], my_vicon_yaw=-8.39210741374468, neighbours_by_id=['id142', 'id137', 'id194', 'id206'])
1749834944.3955033 [service_vicon_node-2] /opt/ros/humble/local/lib/python3.10/dist-packages/rclpy/service.py:76: RuntimeWarning: failed to send response (timeout): client will not receive response, at ./src/rmw_response.cpp:154, at ./src/rcl/service.c:314
1749834944.3962810 [service_vicon_node-2]   self.__service.service_send_response(response, header.request_id)
1749834945.1820590 [publish_wind_direction-4] [INFO] [1749834945.180938503] [publish_wind_direction]: Main Pub Node: Requesting Pose Info
1749834945.1860983 [service_vicon_node-2] [INFO] [1749834945.185216503] [service_vicon_node]: Request received. Responding with pos=array('f', [0.0, 0.0]), yaw=75.05747116213784, neigh=['id224', 'id236', 'id200', 'id207', 'id151', 'id152', 'id155', 'id223', 'id206', 'id142', 'id192', 'id68']Response to be returned: service_messages.srv.GetPoseData_Response(my_position_xy=[0.0, 0.0], my_vicon_yaw=75.05747116213784, neighbours_by_id=['id224', 'id236', 'id200', 'id207', 'id151', 'id152', 'id155', 'id223', 'id206', 'id142', 'id192', 'id68'])
1749834945.2312801 [service_neighbours_opinions-3] [INFO] [1749834945.229046078] [service_neighbours_opinions]: * Received from id155, wind direction E
1749834945.2347507 [service_neighbours_opinions-3] [INFO] [1749834945.232762170] [service_neighbours_opinions]: All opinions = {'id206': 'S', 'id200': 'E', 'id207': 'W', 'id223': 'W', 'id155': 'E'}
1749834945.2410703 [service_neighbours_opinions-3] [INFO] [1749834945.235706596] [service_neighbours_opinions]: All opinions size= 5
1749834946.2579477 [service_vicon_node-2] [INFO] [1749834946.257199984] [service_vicon_node]: Vicon Position= [0.0, 0.0], yaw: 75.05747116213784
1749834946.2622583 [service_vicon_node-2] [INFO] [1749834946.260482688] [service_vicon_node]: Neighbours: {'id224', 'id236', 'id200', 'id207', 'id151', 'id152', 'id155', 'id223', 'id206', 'id142', 'id192', 'id68'}
1749834947.0259809 [service_neighbours_opinions-3] [INFO] [1749834947.024966613] [service_neighbours_opinions]: * Received from id151, wind direction N
1749834947.0289292 [service_neighbours_opinions-3] [INFO] [1749834947.028189039] [service_neighbours_opinions]: All opinions = {'id206': 'S', 'id200': 'E', 'id207': 'W', 'id223': 'W', 'id155': 'E', 'id151': 'N'}
1749834947.0337868 [service_neighbours_opinions-3] [INFO] [1749834947.032363039] [service_neighbours_opinions]: All opinions size= 6
1749834949.6734431 [service_neighbours_opinions-3] [INFO] [1749834949.672545612] [service_neighbours_opinions]: * Received from id207, wind direction E
1749834949.6773109 [service_neighbours_opinions-3] [INFO] [1749834949.676521667] [service_neighbours_opinions]: All opinions = {'id206': 'S', 'id200': 'E', 'id207': 'E', 'id223': 'W', 'id155': 'E', 'id151': 'N'}
1749834949.6826153 [service_neighbours_opinions-3] [INFO] [1749834949.681936316] [service_neighbours_opinions]: All opinions size= 6
1749834950.1817760 [publish_wind_direction-4] [INFO] [1749834950.180998926] [publish_wind_direction]: Main Pub Node: Requesting Pose Info
1749834950.1862919 [service_vicon_node-2] [INFO] [1749834950.185600482] [service_vicon_node]: Request received. Responding with pos=array('f', [-1022.7513427734375, 887.6240844726562]), yaw=66.2358728298557, neigh=['id142', 'id137', 'id194', 'id206']Response to be returned: service_messages.srv.GetPoseData_Response(my_position_xy=[-1022.7513427734375, 887.6240844726562], my_vicon_yaw=66.2358728298557, neighbours_by_id=['id142', 'id137', 'id194', 'id206'])
1749834950.3978426 [service_neighbours_opinions-3] [INFO] [1749834950.397201519] [service_neighbours_opinions]: * Received from id223, wind direction W
1749834950.4011822 [service_neighbours_opinions-3] [INFO] [1749834950.400416574] [service_neighbours_opinions]: All opinions = {'id206': 'S', 'id200': 'E', 'id207': 'E', 'id223': 'W', 'id155': 'E', 'id151': 'N'}
1749834950.4038856 [service_neighbours_opinions-3] [INFO] [1749834950.403224574] [service_neighbours_opinions]: All opinions size= 6
1749834951.9546733 [service_neighbours_opinions-3] [INFO] [1749834951.953722111] [service_neighbours_opinions]: * Received from id151, wind direction W
1749834951.9606328 [service_neighbours_opinions-3] [INFO] [1749834951.959984240] [service_neighbours_opinions]: All opinions = {'id206': 'S', 'id200': 'E', 'id207': 'E', 'id223': 'W', 'id155': 'E', 'id151': 'W'}
1749834951.9647295 [service_neighbours_opinions-3] [INFO] [1749834951.964136481] [service_neighbours_opinions]: All opinions size= 6
1749834953.7831874 [service_neighbours_opinions-3] [INFO] [1749834953.782360887] [service_neighbours_opinions]: * Received from id200, wind direction E
1749834953.7871535 [service_neighbours_opinions-3] [INFO] [1749834953.785769776] [service_neighbours_opinions]: Comm. Noise, new received opinion: W
1749834953.7896771 [service_neighbours_opinions-3] [INFO] [1749834953.788770628] [service_neighbours_opinions]: All opinions = {'id206': 'S', 'id200': 'W', 'id207': 'E', 'id223': 'W', 'id155': 'E', 'id151': 'W'}
1749834953.7922640 [service_neighbours_opinions-3] [INFO] [1749834953.791515943] [service_neighbours_opinions]: All opinions size= 6
1749834955.1816652 [publish_wind_direction-4] [INFO] [1749834955.180940516] [publish_wind_direction]: Main Pub Node: Requesting Pose Info
1749834955.1914966 [service_vicon_node-2] [INFO] [1749834955.190655460] [service_vicon_node]: Request received. Responding with pos=array('f', [-1032.7073974609375, 836.5181884765625]), yaw=74.85648768101507, neigh=['id142', 'id137', 'id194', 'id206']Response to be returned: service_messages.srv.GetPoseData_Response(my_position_xy=[-1032.7073974609375, 836.5181884765625], my_vicon_yaw=74.85648768101507, neighbours_by_id=['id142', 'id137', 'id194', 'id206'])
1749834955.1983573 [service_neighbours_opinions-3] [INFO] [1749834955.194546720] [service_neighbours_opinions]: * Received from id155, wind direction E
1749834955.1989136 [service_neighbours_opinions-3] [INFO] [1749834955.197361775] [service_neighbours_opinions]: All opinions = {'id206': 'S', 'id200': 'W', 'id207': 'E', 'id223': 'W', 'id155': 'E', 'id151': 'W'}
1749834955.2032299 [service_neighbours_opinions-3] [INFO] [1749834955.202294831] [service_neighbours_opinions]: All opinions size= 6
1749834957.0636578 [service_vicon_node-2] [INFO] [1749834957.062851256] [service_vicon_node]: Vicon Position= [-1032.7073974609375, 836.5181884765625], yaw: 74.85648768101507
1749834957.0667915 [service_vicon_node-2] [INFO] [1749834957.066120182] [service_vicon_node]: Neighbours: {'id142', 'id137', 'id194', 'id206'}
1749834957.3882651 [service_neighbours_opinions-3] [INFO] [1749834957.387336033] [service_neighbours_opinions]: * Received from id1193, wind direction N
1749834957.3917987 [service_neighbours_opinions-3] [INFO] [1749834957.391068533] [service_neighbours_opinions]: All opinions = {'id206': 'S', 'id200': 'W', 'id207': 'E', 'id223': 'W', 'id155': 'E', 'id151': 'W', 'id1193': 'N'}
1749834957.3962791 [service_neighbours_opinions-3] [INFO] [1749834957.395463163] [service_neighbours_opinions]: All opinions size= 7
1749834960.1367960 [service_neighbours_opinions-3] [INFO] [1749834960.135954106] [service_neighbours_opinions]: * Received from id155, wind direction N
1749834960.1402717 [service_neighbours_opinions-3] [INFO] [1749834960.139544995] [service_neighbours_opinions]: All opinions = {'id206': 'S', 'id200': 'W', 'id207': 'E', 'id223': 'W', 'id155': 'N', 'id151': 'W', 'id1193': 'N'}
1749834960.1431417 [service_neighbours_opinions-3] [INFO] [1749834960.142404939] [service_neighbours_opinions]: All opinions size= 7
1749834960.1789365 [service_neighbours_opinions-3] [INFO] [1749834960.177814217] [service_neighbours_opinions]: * Received from id223, wind direction W
1749834960.1822338 [publish_wind_direction-4] [INFO] [1749834960.181519846] [publish_wind_direction]: Main Pub Node: Requesting Pose Info
1749834960.1881807 [service_vicon_node-2] [INFO] [1749834960.185654050] [service_vicon_node]: Request received. Responding with pos=array('f', [-1095.3450927734375, 719.6369018554688]), yaw=35.18161419663698, neigh=['id236', 'id194', 'id151', 'id137', 'id223', 'id206', 'id142']Response to be returned: service_messages.srv.GetPoseData_Response(my_position_xy=[-1095.3450927734375, 719.6369018554688], my_vicon_yaw=35.18161419663698, neighbours_by_id=['id236', 'id194', 'id151', 'id137', 'id223', 'id206', 'id142'])
1749834960.1893616 [service_neighbours_opinions-3] [INFO] [1749834960.186179291] [service_neighbours_opinions]: All opinions = {'id206': 'S', 'id200': 'W', 'id207': 'E', 'id223': 'W', 'id155': 'N', 'id151': 'W', 'id1193': 'N'}
1749834960.1906247 [service_neighbours_opinions-3] [INFO] [1749834960.188991143] [service_neighbours_opinions]: All opinions size= 7
1749834961.8387892 [service_neighbours_opinions-3] [INFO] [1749834961.838138271] [service_neighbours_opinions]: * Received from id151, wind direction N
1749834961.8416612 [service_neighbours_opinions-3] [INFO] [1749834961.840983049] [service_neighbours_opinions]: All opinions = {'id206': 'S', 'id200': 'W', 'id207': 'E', 'id223': 'W', 'id155': 'N', 'id151': 'N', 'id1193': 'N'}
1749834961.8444185 [service_neighbours_opinions-3] [INFO] [1749834961.843539457] [service_neighbours_opinions]: All opinions size= 7
1749834963.4269128 [service_neighbours_opinions-3] [INFO] [1749834963.426205696] [service_neighbours_opinions]: * Received from id200, wind direction N
1749834963.4302146 [service_neighbours_opinions-3] [INFO] [1749834963.429546141] [service_neighbours_opinions]: All opinions = {'id206': 'S', 'id200': 'N', 'id207': 'E', 'id223': 'W', 'id155': 'N', 'id151': 'N', 'id1193': 'N'}
1749834963.4332702 [service_neighbours_opinions-3] [INFO] [1749834963.432564752] [service_neighbours_opinions]: All opinions size= 7
1749834964.5985548 [service_neighbours_opinions-3] [INFO] [1749834964.597826288] [service_neighbours_opinions]: * Received from id207, wind direction N
1749834964.6018741 [service_neighbours_opinions-3] [INFO] [1749834964.601228584] [service_neighbours_opinions]: Comm. Noise, new received opinion: W
1749834964.6050045 [service_neighbours_opinions-3] [INFO] [1749834964.604400233] [service_neighbours_opinions]: All opinions = {'id206': 'S', 'id200': 'N', 'id207': 'W', 'id223': 'W', 'id155': 'N', 'id151': 'N', 'id1193': 'N'}
1749834964.6077724 [service_neighbours_opinions-3] [INFO] [1749834964.607093510] [service_neighbours_opinions]: All opinions size= 7
1749834964.9740644 [service_neighbours_opinions-3] [INFO] [1749834964.973414455] [service_neighbours_opinions]: * Received from id155, wind direction W
1749834964.9775875 [service_neighbours_opinions-3] [INFO] [1749834964.976934510] [service_neighbours_opinions]: All opinions = {'id206': 'S', 'id200': 'N', 'id207': 'W', 'id223': 'W', 'id155': 'W', 'id151': 'N', 'id1193': 'N'}
1749834964.9819374 [service_neighbours_opinions-3] [INFO] [1749834964.981340066] [service_neighbours_opinions]: All opinions size= 7
1749834965.1817963 [publish_wind_direction-4] [INFO] [1749834965.180917862] [publish_wind_direction]: Main Pub Node: Requesting Pose Info
1749834965.1865854 [service_vicon_node-2] [INFO] [1749834965.185122640] [service_vicon_node]: Request received. Responding with pos=array('f', [-876.1740112304688, 675.1058349609375]), yaw=125.08423109482922, neigh=['id236', 'id194', 'id151', 'id137', 'id223', 'id206', 'id142']Response to be returned: service_messages.srv.GetPoseData_Response(my_position_xy=[-876.1740112304688, 675.1058349609375], my_vicon_yaw=125.08423109482922, neighbours_by_id=['id236', 'id194', 'id151', 'id137', 'id223', 'id206', 'id142'])
1749834967.0137341 [service_neighbours_opinions-3] [INFO] [1749834967.012893861] [service_neighbours_opinions]: * Received from id189, wind direction N
1749834967.0171824 [service_neighbours_opinions-3] [INFO] [1749834967.016644861] [service_neighbours_opinions]: All opinions = {'id206': 'S', 'id200': 'N', 'id207': 'W', 'id223': 'W', 'id155': 'W', 'id151': 'N', 'id1193': 'N', 'id189': 'N'}
1749834967.0203886 [service_neighbours_opinions-3] [INFO] [1749834967.019821527] [service_neighbours_opinions]: All opinions size= 8
1749834967.1530714 [service_neighbours_opinions-3] [INFO] [1749834967.152310472] [service_neighbours_opinions]: * Received from id206, wind direction N
1749834967.1563754 [service_neighbours_opinions-3] [INFO] [1749834967.155745916] [service_neighbours_opinions]: All opinions = {'id206': 'N', 'id200': 'N', 'id207': 'W', 'id223': 'W', 'id155': 'W', 'id151': 'N', 'id1193': 'N', 'id189': 'N'}
1749834967.1593657 [service_neighbours_opinions-3] [INFO] [1749834967.158770657] [service_neighbours_opinions]: All opinions size= 8
1749834967.7266252 [service_vicon_node-2] [INFO] [1749834967.725898731] [service_vicon_node]: Vicon Position= [-866.6688232421875, 789.3760375976562], yaw: 213.27540442119582
1749834967.7307856 [service_vicon_node-2] [INFO] [1749834967.730160712] [service_vicon_node]: Neighbours: {'id236', 'id194', 'id151', 'id137', 'id206', 'id142'}
1749834967.8341691 [publish_wind_direction-4] [INFO] [1749834967.833531564] [publish_wind_direction]: Pose Response: pos=array('f', [-876.1740112304688, 675.1058349609375]) yaw=125.084228515625
1749834967.8367341 [publish_wind_direction-4] [INFO] [1749834967.836193657] [publish_wind_direction]: ***Cam angle= -999.0, vico ang deg= 125.084228515625 Ground Truth= 206.084228515625
1749834967.8392167 [publish_wind_direction-4] [INFO] [1749834967.838643768] [publish_wind_direction]: Neighbour info requested
1749834967.8435931 [service_neighbours_opinions-3] [INFO] [1749834967.842743971] [service_neighbours_opinions]: Requested ['id236', 'id194', 'id151', 'id137', 'id223', 'id206', 'id142'], responding ['N', 'W', 'N']
1749834967.8477571 [publish_wind_direction-4] [INFO] [1749834967.847115305] [publish_wind_direction]: Neighbour Opinion Response: service_messages.srv.GetOpinionData_Response(neighbours_opinions=['N', 'W', 'N'])
1749834967.8503520 [publish_wind_direction-4] [INFO] [1749834967.849807823] [publish_wind_direction]: Inside Decision Making, neighbours opinion: ['N', 'W', 'N']
1749834967.8530133 [publish_wind_direction-4] [INFO] [1749834967.852416546] [publish_wind_direction]: Inside Decision Making, computed social info: {'N': 2, 'W': 1}
1749834967.8558464 [publish_wind_direction-4] [INFO] [1749834967.855230805] [publish_wind_direction]: Inside Decision Making, My Wind Direction: S
1749834967.8586609 [publish_wind_direction-4] [INFO] [1749834967.858070546] [publish_wind_direction]: Inside Decision Making, Decision dict: {'N': 2.0, 'S': 1.7999999999999998, 'E': 0.0, 'W': 1.0}
1749834967.8627307 [publish_wind_direction-4] [INFO] [1749834967.862131620] [publish_wind_direction]: Publishing: id195:N
1749834967.8653729 [publish_wind_direction-4] [INFO] [1749834967.864831731] [publish_wind_direction]: TIME: Decision making completed at: 17:16:07.
1749834967.8678198 [publish_wind_direction-4] [INFO] [1749834967.867236508] [publish_wind_direction]: -----------------------------------------------------
1749834968.2989402 [service_neighbours_opinions-3] [INFO] [1749834968.298190601] [service_neighbours_opinions]: * Received from id200, wind direction N
1749834968.3033178 [service_neighbours_opinions-3] [INFO] [1749834968.302717342] [service_neighbours_opinions]: Comm. Noise, new received opinion: E
1749834968.3072422 [service_neighbours_opinions-3] [INFO] [1749834968.306690027] [service_neighbours_opinions]: All opinions = {'id206': 'N', 'id200': 'E', 'id207': 'W', 'id223': 'W', 'id155': 'W', 'id151': 'N', 'id1193': 'N', 'id189': 'N'}
1749834968.3107669 [service_neighbours_opinions-3] [INFO] [1749834968.310173842] [service_neighbours_opinions]: All opinions size= 8
1749834969.4700756 [service_neighbours_opinions-3] [INFO] [1749834969.469354711] [service_neighbours_opinions]: * Received from id207, wind direction E
1749834969.4738615 [service_neighbours_opinions-3] [INFO] [1749834969.473261489] [service_neighbours_opinions]: All opinions = {'id206': 'N', 'id200': 'E', 'id207': 'E', 'id223': 'W', 'id155': 'W', 'id151': 'N', 'id1193': 'N', 'id189': 'N'}
1749834969.4775043 [service_neighbours_opinions-3] [INFO] [1749834969.476888100] [service_neighbours_opinions]: All opinions size= 8
1749834970.1818624 [publish_wind_direction-4] [INFO] [1749834970.181107914] [publish_wind_direction]: Main Pub Node: Requesting Pose Info
1749834970.1902025 [service_vicon_node-2] [INFO] [1749834970.185513118] [service_vicon_node]: Request received. Responding with pos=array('f', [-854.1764526367188, 898.8479614257812]), yaw=225.50934080485146, neigh=['id236', 'id194', 'id137', 'id206', 'id142']Response to be returned: service_messages.srv.GetPoseData_Response(my_position_xy=[-854.1764526367188, 898.8479614257812], my_vicon_yaw=225.50934080485146, neighbours_by_id=['id236', 'id194', 'id137', 'id206', 'id142'])
1749834972.1695163 [service_neighbours_opinions-3] [INFO] [1749834972.168532061] [service_neighbours_opinions]: * Received from id151, wind direction S
1749834972.1741467 [service_neighbours_opinions-3] [INFO] [1749834972.172473747] [service_neighbours_opinions]: All opinions = {'id206': 'N', 'id200': 'E', 'id207': 'E', 'id223': 'W', 'id155': 'W', 'id151': 'S', 'id1193': 'N', 'id189': 'N'}
1749834972.2102659 [service_neighbours_opinions-3] [INFO] [1749834972.206523487] [service_neighbours_opinions]: All opinions size= 8
1749834972.3144510 [service_neighbours_opinions-3] [INFO] [1749834972.313637987] [service_neighbours_opinions]: * Received from id206, wind direction W
1749834972.3215404 [service_neighbours_opinions-3] [INFO] [1749834972.319674765] [service_neighbours_opinions]: All opinions = {'id206': 'W', 'id200': 'E', 'id207': 'E', 'id223': 'W', 'id155': 'W', 'id151': 'S', 'id1193': 'N', 'id189': 'N'}
1749834972.3330328 [service_neighbours_opinions-3] [INFO] [1749834972.332362135] [service_neighbours_opinions]: All opinions size= 8
1749834972.6771431 [publish_wind_direction-4] [INFO] [1749834972.676521950] [publish_wind_direction]: Pose Response: pos=array('f', [-854.1764526367188, 898.8479614257812]) yaw=225.50933837890625
1749834972.6796789 [publish_wind_direction-4] [INFO] [1749834972.679092376] [publish_wind_direction]: ***Cam angle= -155.80185298609453, vico ang deg= 225.50933837890625 Ground Truth= 69.70748539281172
1749834972.6821749 [publish_wind_direction-4] [INFO] [1749834972.681615043] [publish_wind_direction]: Neighbour info requested
1749834972.6866055 [service_neighbours_opinions-3] [INFO] [1749834972.685774209] [service_neighbours_opinions]: Requested ['id236', 'id194', 'id137', 'id206', 'id142'], responding ['W']
1749834972.6935749 [publish_wind_direction-4] [INFO] [1749834972.690356506] [publish_wind_direction]: Neighbour Opinion Response: service_messages.srv.GetOpinionData_Response(neighbours_opinions=['W'])
1749834972.6953843 [publish_wind_direction-4] [INFO] [1749834972.693176543] [publish_wind_direction]: Inside Decision Making, neighbours opinion: ['W']
1749834972.6976886 [publish_wind_direction-4] [INFO] [1749834972.696002932] [publish_wind_direction]: Inside Decision Making, computed social info: {'W': 1}
1749834972.6993411 [publish_wind_direction-4] [INFO] [1749834972.698766432] [publish_wind_direction]: Inside Decision Making, My Wind Direction: W
1749834972.7020364 [publish_wind_direction-4] [INFO] [1749834972.701458709] [publish_wind_direction]: Inside Decision Making, Decision dict: {'N': 0.0, 'S': 0.0, 'E': 0.0, 'W': 1.6}
1749834972.7055681 [publish_wind_direction-4] [INFO] [1749834972.705016154] [publish_wind_direction]: Publishing: id195:W
1749834972.7080975 [publish_wind_direction-4] [INFO] [1749834972.707498024] [publish_wind_direction]: TIME: Decision making completed at: 17:16:12.
1749834972.7105012 [publish_wind_direction-4] [INFO] [1749834972.709976524] [publish_wind_direction]: -----------------------------------------------------
1749834973.3254609 [service_neighbours_opinions-3] [INFO] [1749834973.324700968] [service_neighbours_opinions]: * Received from id200, wind direction E
1749834973.3300931 [service_neighbours_opinions-3] [INFO] [1749834973.329409283] [service_neighbours_opinions]: All opinions = {'id206': 'W', 'id200': 'E', 'id207': 'E', 'id223': 'W', 'id155': 'W', 'id151': 'S', 'id1193': 'N', 'id189': 'N'}
1749834973.3328407 [service_neighbours_opinions-3] [INFO] [1749834973.332258190] [service_neighbours_opinions]: All opinions size= 8
1749834974.4140019 [service_neighbours_opinions-3] [INFO] [1749834974.413325930] [service_neighbours_opinions]: * Received from id142, wind direction W
1749834974.4175227 [service_neighbours_opinions-3] [INFO] [1749834974.416885653] [service_neighbours_opinions]: All opinions = {'id206': 'W', 'id200': 'E', 'id207': 'E', 'id223': 'W', 'id155': 'W', 'id151': 'S', 'id1193': 'N', 'id189': 'N', 'id142': 'W'}
1749834974.4201524 [service_neighbours_opinions-3] [INFO] [1749834974.419544430] [service_neighbours_opinions]: All opinions size= 9
1749834974.5894427 [service_neighbours_opinions-3] [INFO] [1749834974.588739690] [service_neighbours_opinions]: * Received from id207, wind direction E
1749834974.5928230 [service_neighbours_opinions-3] [INFO] [1749834974.591918912] [service_neighbours_opinions]: All opinions = {'id206': 'W', 'id200': 'E', 'id207': 'E', 'id223': 'W', 'id155': 'W', 'id151': 'S', 'id1193': 'N', 'id189': 'N', 'id142': 'W'}
1749834974.5954795 [service_neighbours_opinions-3] [INFO] [1749834974.594832190] [service_neighbours_opinions]: All opinions size= 9
1749834975.1367042 [service_neighbours_opinions-3] [INFO] [1749834975.136039097] [service_neighbours_opinions]: * Received from id224, wind direction W
1749834975.1394222 [service_neighbours_opinions-3] [INFO] [1749834975.138854597] [service_neighbours_opinions]: All opinions = {'id206': 'W', 'id200': 'E', 'id207': 'E', 'id223': 'W', 'id155': 'W', 'id151': 'S', 'id1193': 'N', 'id189': 'N', 'id142': 'W', 'id224': 'W'}
1749834975.1428015 [service_neighbours_opinions-3] [INFO] [1749834975.142126486] [service_neighbours_opinions]: All opinions size= 10
1749834975.1816380 [publish_wind_direction-4] [INFO] [1749834975.180926541] [publish_wind_direction]: Main Pub Node: Requesting Pose Info
1749834975.1868258 [service_vicon_node-2] [INFO] [1749834975.185256282] [service_vicon_node]: Request received. Responding with pos=array('f', [-830.1165161132812, 1061.7149658203125]), yaw=231.94096634076547, neigh=['id236', 'id194', 'id137', 'id206', 'id142']Response to be returned: service_messages.srv.GetPoseData_Response(my_position_xy=[-830.1165161132812, 1061.7149658203125], my_vicon_yaw=231.94096634076547, neighbours_by_id=['id236', 'id194', 'id137', 'id206', 'id142'])
1749834975.5078039 [service_neighbours_opinions-3] [INFO] [1749834975.506907189] [service_neighbours_opinions]: * Received from id155, wind direction N
1749834975.5115423 [service_neighbours_opinions-3] [INFO] [1749834975.510419985] [service_neighbours_opinions]: All opinions = {'id206': 'W', 'id200': 'E', 'id207': 'E', 'id223': 'W', 'id155': 'N', 'id151': 'S', 'id1193': 'N', 'id189': 'N', 'id142': 'W', 'id224': 'W'}
1749834975.5141563 [service_neighbours_opinions-3] [INFO] [1749834975.513515097] [service_neighbours_opinions]: All opinions size= 10
1749834976.0917568 [service_neighbours_opinions-3] [INFO] [1749834976.090986615] [service_neighbours_opinions]: * Received from id136, wind direction N
1749834976.0959678 [service_neighbours_opinions-3] [INFO] [1749834976.095233355] [service_neighbours_opinions]: All opinions = {'id206': 'W', 'id200': 'E', 'id207': 'E', 'id223': 'W', 'id155': 'N', 'id151': 'S', 'id1193': 'N', 'id189': 'N', 'id142': 'W', 'id224': 'W', 'id136': 'N'}
1749834976.0987973 [service_neighbours_opinions-3] [INFO] [1749834976.098056448] [service_neighbours_opinions]: All opinions size= 11
1749834976.4378278 [service_neighbours_opinions-3] [INFO] [1749834976.436887133] [service_neighbours_opinions]: * Received from id189, wind direction N
1749834976.4431553 [service_neighbours_opinions-3] [INFO] [1749834976.442454966] [service_neighbours_opinions]: All opinions = {'id206': 'W', 'id200': 'E', 'id207': 'E', 'id223': 'W', 'id155': 'N', 'id151': 'S', 'id1193': 'N', 'id189': 'N', 'id142': 'W', 'id224': 'W', 'id136': 'N'}
1749834976.4459999 [service_neighbours_opinions-3] [INFO] [1749834976.445312985] [service_neighbours_opinions]: All opinions size= 11
1749834977.0875473 [service_neighbours_opinions-3] [INFO] [1749834977.086723484] [service_neighbours_opinions]: * Received from id151, wind direction W
1749834977.0921178 [service_neighbours_opinions-3] [INFO] [1749834977.091396947] [service_neighbours_opinions]: All opinions = {'id206': 'W', 'id200': 'E', 'id207': 'E', 'id223': 'W', 'id155': 'N', 'id151': 'W', 'id1193': 'N', 'id189': 'N', 'id142': 'W', 'id224': 'W', 'id136': 'N'}
1749834977.0964820 [service_neighbours_opinions-3] [INFO] [1749834977.095842799] [service_neighbours_opinions]: All opinions size= 11
1749834977.1710782 [service_neighbours_opinions-3] [INFO] [1749834977.170065188] [service_neighbours_opinions]: * Received from id206, wind direction N
1749834977.1736033 [service_neighbours_opinions-3] [INFO] [1749834977.172894540] [service_neighbours_opinions]: All opinions = {'id206': 'N', 'id200': 'E', 'id207': 'E', 'id223': 'W', 'id155': 'N', 'id151': 'W', 'id1193': 'N', 'id189': 'N', 'id142': 'W', 'id224': 'W', 'id136': 'N'}
1749834977.1788166 [service_neighbours_opinions-3] [INFO] [1749834977.175636781] [service_neighbours_opinions]: All opinions size= 11
1749834977.4168501 [publish_wind_direction-4] [INFO] [1749834977.415992132] [publish_wind_direction]: Pose Response: pos=array('f', [-830.1165161132812, 1061.7149658203125]) yaw=231.9409637451172
1749834977.4197533 [publish_wind_direction-4] [INFO] [1749834977.418586225] [publish_wind_direction]: ***Cam angle= -162.63715064804018, vico ang deg= 231.9409637451172 Ground Truth= 69.30381309707701
1749834977.4220200 [publish_wind_direction-4] [INFO] [1749834977.421289114] [publish_wind_direction]: Neighbour info requested
1749834977.4265375 [service_neighbours_opinions-3] [INFO] [1749834977.425814447] [service_neighbours_opinions]: Requested ['id236', 'id194', 'id137', 'id206', 'id142'], responding ['N', 'W']
1749834977.4306147 [publish_wind_direction-4] [INFO] [1749834977.430029781] [publish_wind_direction]: Neighbour Opinion Response: service_messages.srv.GetOpinionData_Response(neighbours_opinions=['N', 'W'])
1749834977.4333296 [publish_wind_direction-4] [INFO] [1749834977.432768984] [publish_wind_direction]: Inside Decision Making, neighbours opinion: ['N', 'W']
1749834977.4359055 [publish_wind_direction-4] [INFO] [1749834977.435339910] [publish_wind_direction]: Inside Decision Making, computed social info: {'N': 1, 'W': 1}
1749834977.4384522 [publish_wind_direction-4] [INFO] [1749834977.437915058] [publish_wind_direction]: Inside Decision Making, My Wind Direction: W
1749834977.4410655 [publish_wind_direction-4] [INFO] [1749834977.440475466] [publish_wind_direction]: Inside Decision Making, Decision dict: {'N': 1.0, 'S': 0.0, 'E': 0.0, 'W': 2.2}
1749834977.4446070 [publish_wind_direction-4] [INFO] [1749834977.444051169] [publish_wind_direction]: Publishing: id195:W
1749834977.4471815 [publish_wind_direction-4] [INFO] [1749834977.446603836] [publish_wind_direction]: TIME: Decision making completed at: 17:16:17.
1749834977.4497516 [publish_wind_direction-4] [INFO] [1749834977.449207095] [publish_wind_direction]: -----------------------------------------------------
1749834977.8086705 [service_vicon_node-2] [INFO] [1749834977.807984706] [service_vicon_node]: Vicon Position= [0.0, 0.0], yaw: 75.05747116213784
1749834977.8134079 [service_vicon_node-2] [INFO] [1749834977.812700243] [service_vicon_node]: Neighbours: {'id224', 'id236', 'id200', 'id207', 'id151', 'id155', 'id137', 'id223', 'id206', 'id142'}
1749834977.9498348 [service_neighbours_opinions-3] [INFO] [1749834977.949081595] [service_neighbours_opinions]: * Received from id137, wind direction S
1749834977.9546468 [service_neighbours_opinions-3] [INFO] [1749834977.953983077] [service_neighbours_opinions]: Comm. Noise, new received opinion: W
1749834977.9575191 [service_neighbours_opinions-3] [INFO] [1749834977.956910947] [service_neighbours_opinions]: All opinions = {'id206': 'N', 'id200': 'E', 'id207': 'E', 'id223': 'W', 'id155': 'N', 'id151': 'W', 'id1193': 'N', 'id189': 'N', 'id142': 'W', 'id224': 'W', 'id136': 'N', 'id137': 'W'}
1749834977.9605739 [service_neighbours_opinions-3] [INFO] [1749834977.959951688] [service_neighbours_opinions]: All opinions size= 12
1749834978.7465820 [service_neighbours_opinions-3] [INFO] [1749834978.745851113] [service_neighbours_opinions]: * Received from id200, wind direction N
1749834978.7501514 [service_neighbours_opinions-3] [INFO] [1749834978.749442483] [service_neighbours_opinions]: All opinions = {'id206': 'N', 'id200': 'N', 'id207': 'E', 'id223': 'W', 'id155': 'N', 'id151': 'W', 'id1193': 'N', 'id189': 'N', 'id142': 'W', 'id224': 'W', 'id136': 'N', 'id137': 'W'}
1749834978.7532539 [service_neighbours_opinions-3] [INFO] [1749834978.752529669] [service_neighbours_opinions]: All opinions size= 12
1749834979.0847900 [service_neighbours_opinions-3] [INFO] [1749834979.083757946] [service_neighbours_opinions]: * Received from id142, wind direction N
1749834979.0877914 [service_neighbours_opinions-3] [INFO] [1749834979.086813354] [service_neighbours_opinions]: All opinions = {'id206': 'N', 'id200': 'N', 'id207': 'E', 'id223': 'W', 'id155': 'N', 'id151': 'W', 'id1193': 'N', 'id189': 'N', 'id142': 'N', 'id224': 'W', 'id136': 'N', 'id137': 'W'}
1749834979.0911987 [service_neighbours_opinions-3] [INFO] [1749834979.090239113] [service_neighbours_opinions]: All opinions size= 12
1749834979.3920417 [service_neighbours_opinions-3] [INFO] [1749834979.391305094] [service_neighbours_opinions]: * Received from id207, wind direction W
1749834979.3957191 [service_neighbours_opinions-3] [INFO] [1749834979.394778668] [service_neighbours_opinions]: All opinions = {'id206': 'N', 'id200': 'N', 'id207': 'W', 'id223': 'W', 'id155': 'N', 'id151': 'W', 'id1193': 'N', 'id189': 'N', 'id142': 'N', 'id224': 'W', 'id136': 'N', 'id137': 'W'}
1749834979.3981426 [service_neighbours_opinions-3] [INFO] [1749834979.397528261] [service_neighbours_opinions]: All opinions size= 12
1749834979.9740043 [service_neighbours_opinions-3] [INFO] [1749834979.973296835] [service_neighbours_opinions]: * Received from id155, wind direction W
1749834979.9772527 [service_neighbours_opinions-3] [INFO] [1749834979.976570261] [service_neighbours_opinions]: All opinions = {'id206': 'N', 'id200': 'N', 'id207': 'W', 'id223': 'W', 'id155': 'W', 'id151': 'W', 'id1193': 'N', 'id189': 'N', 'id142': 'N', 'id224': 'W', 'id136': 'N', 'id137': 'W'}
1749834979.9800677 [service_neighbours_opinions-3] [INFO] [1749834979.979421575] [service_neighbours_opinions]: All opinions size= 12
1749834980.1171720 [service_neighbours_opinions-3] [INFO] [1749834980.116515631] [service_neighbours_opinions]: * Received from id224, wind direction W
1749834980.1199582 [service_neighbours_opinions-3] [INFO] [1749834980.119328483] [service_neighbours_opinions]: All opinions = {'id206': 'N', 'id200': 'N', 'id207': 'W', 'id223': 'W', 'id155': 'W', 'id151': 'W', 'id1193': 'N', 'id189': 'N', 'id142': 'N', 'id224': 'W', 'id136': 'N', 'id137': 'W'}
1749834980.1227090 [service_neighbours_opinions-3] [INFO] [1749834980.122072631] [service_neighbours_opinions]: All opinions size= 12
1749834980.1816423 [publish_wind_direction-4] [INFO] [1749834980.180930575] [publish_wind_direction]: Main Pub Node: Requesting Pose Info
1749834980.1859469 [service_vicon_node-2] [INFO] [1749834980.185129446] [service_vicon_node]: Request received. Responding with pos=array('f', [0.0, 0.0]), yaw=75.05747116213784, neigh=['id224', 'id236', 'id200', 'id207', 'id151', 'id152', 'id155', 'id223', 'id142']Response to be returned: service_messages.srv.GetPoseData_Response(my_position_xy=[0.0, 0.0], my_vicon_yaw=75.05747116213784, neighbours_by_id=['id224', 'id236', 'id200', 'id207', 'id151', 'id152', 'id155', 'id223', 'id142'])
1749834980.9272683 [service_neighbours_opinions-3] [INFO] [1749834980.926169853] [service_neighbours_opinions]: * Received from id189, wind direction N
1749834980.9304965 [service_neighbours_opinions-3] [INFO] [1749834980.929886075] [service_neighbours_opinions]: All opinions = {'id206': 'N', 'id200': 'N', 'id207': 'W', 'id223': 'W', 'id155': 'W', 'id151': 'W', 'id1193': 'N', 'id189': 'N', 'id142': 'N', 'id224': 'W', 'id136': 'N', 'id137': 'W'}
1749834980.9333403 [service_neighbours_opinions-3] [INFO] [1749834980.932720167] [service_neighbours_opinions]: All opinions size= 12
1749834981.0751848 [service_neighbours_opinions-3] [INFO] [1749834981.074227982] [service_neighbours_opinions]: * Received from id136, wind direction S
1749834981.0798244 [service_neighbours_opinions-3] [INFO] [1749834981.078984889] [service_neighbours_opinions]: Comm. Noise, new received opinion: E
1749834981.0830121 [service_neighbours_opinions-3] [INFO] [1749834981.082217315] [service_neighbours_opinions]: All opinions = {'id206': 'N', 'id200': 'N', 'id207': 'W', 'id223': 'W', 'id155': 'W', 'id151': 'W', 'id1193': 'N', 'id189': 'N', 'id142': 'N', 'id224': 'W', 'id136': 'E', 'id137': 'W'}
1749834981.0857251 [service_neighbours_opinions-3] [INFO] [1749834981.085108797] [service_neighbours_opinions]: All opinions size= 12
1749834982.1136599 [service_neighbours_opinions-3] [INFO] [1749834982.112954667] [service_neighbours_opinions]: * Received from id151, wind direction E
1749834982.1166406 [service_neighbours_opinions-3] [INFO] [1749834982.115938000] [service_neighbours_opinions]: All opinions = {'id206': 'N', 'id200': 'N', 'id207': 'W', 'id223': 'W', 'id155': 'W', 'id151': 'E', 'id1193': 'N', 'id189': 'N', 'id142': 'N', 'id224': 'W', 'id136': 'E', 'id137': 'W'}
1749834982.1194284 [service_neighbours_opinions-3] [INFO] [1749834982.118726518] [service_neighbours_opinions]: All opinions size= 12
1749834982.5195603 [service_neighbours_opinions-3] [INFO] [1749834982.518519092] [service_neighbours_opinions]: * Received from id206, wind direction W
1749834982.5233228 [service_neighbours_opinions-3] [INFO] [1749834982.522412352] [service_neighbours_opinions]: Comm. Noise, new received opinion: E
1749834982.5263257 [service_neighbours_opinions-3] [INFO] [1749834982.525471352] [service_neighbours_opinions]: All opinions = {'id206': 'E', 'id200': 'N', 'id207': 'W', 'id223': 'W', 'id155': 'W', 'id151': 'E', 'id1193': 'N', 'id189': 'N', 'id142': 'N', 'id224': 'W', 'id136': 'E', 'id137': 'W'}
1749834982.5293498 [service_neighbours_opinions-3] [INFO] [1749834982.528452389] [service_neighbours_opinions]: All opinions size= 12
1749834982.5686707 [publish_wind_direction-4] [INFO] [1749834982.562967870] [publish_wind_direction]: Pose Response: pos=array('f', [0.0, 0.0]) yaw=75.0574722290039
1749834982.5693610 [publish_wind_direction-4] [INFO] [1749834982.565246889] [publish_wind_direction]: ***Cam angle= -172.46239921999882, vico ang deg= 75.0574722290039 Ground Truth= 262.5950730090051
1749834982.5697103 [publish_wind_direction-4] [INFO] [1749834982.567304963] [publish_wind_direction]: Neighbour info requested
1749834982.5718932 [service_neighbours_opinions-3] [INFO] [1749834982.571260370] [service_neighbours_opinions]: Requested ['id224', 'id236', 'id200', 'id207', 'id151', 'id152', 'id155', 'id223', 'id142'], responding ['W', 'N', 'W', 'E', 'W', 'W', 'N']
1749834982.5775061 [publish_wind_direction-4] [INFO] [1749834982.576262907] [publish_wind_direction]: Neighbour Opinion Response: service_messages.srv.GetOpinionData_Response(neighbours_opinions=['W', 'N', 'W', 'E', 'W', 'W', 'N'])
1749834982.5807652 [publish_wind_direction-4] [INFO] [1749834982.579910833] [publish_wind_direction]: Inside Decision Making, neighbours opinion: ['W', 'N', 'W', 'E', 'W', 'W', 'N']
1749834982.5839474 [service_neighbours_opinions-3] [INFO] [1749834982.581761592] [service_neighbours_opinions]: * Received from id137, wind direction E
1749834982.5868039 [publish_wind_direction-4] [INFO] [1749834982.583123315] [publish_wind_direction]: Inside Decision Making, computed social info: {'W': 4, 'N': 2, 'E': 1}
1749834982.5903108 [service_neighbours_opinions-3] [INFO] [1749834982.585490259] [service_neighbours_opinions]: All opinions = {'id206': 'E', 'id200': 'N', 'id207': 'W', 'id223': 'W', 'id155': 'W', 'id151': 'E', 'id1193': 'N', 'id189': 'N', 'id142': 'N', 'id224': 'W', 'id136': 'E', 'id137': 'E'}
1749834982.5938327 [publish_wind_direction-4] [INFO] [1749834982.586118315] [publish_wind_direction]: Inside Decision Making, My Wind Direction: E
1749834982.5953734 [publish_wind_direction-4] [INFO] [1749834982.588736426] [publish_wind_direction]: Inside Decision Making, Decision dict: {'N': 2.0, 'S': 0.0, 'E': 5.2, 'W': 4.0}
1749834982.5970972 [service_neighbours_opinions-3] [INFO] [1749834982.588796703] [service_neighbours_opinions]: All opinions size= 12
1749834982.5986183 [publish_wind_direction-4] [INFO] [1749834982.592630889] [publish_wind_direction]: Publishing: id195:E
1749834982.6002686 [publish_wind_direction-4] [INFO] [1749834982.595357666] [publish_wind_direction]: TIME: Decision making completed at: 17:16:22.
1749834982.6016054 [publish_wind_direction-4] [INFO] [1749834982.598042833] [publish_wind_direction]: -----------------------------------------------------
1749834983.6008184 [service_neighbours_opinions-3] [INFO] [1749834983.600153906] [service_neighbours_opinions]: * Received from id200, wind direction W
1749834983.6036501 [service_neighbours_opinions-3] [INFO] [1749834983.602950018] [service_neighbours_opinions]: All opinions = {'id206': 'E', 'id200': 'W', 'id207': 'W', 'id223': 'W', 'id155': 'W', 'id151': 'E', 'id1193': 'N', 'id189': 'N', 'id142': 'N', 'id224': 'W', 'id136': 'E', 'id137': 'E'}
1749834983.6075692 [service_neighbours_opinions-3] [INFO] [1749834983.606887981] [service_neighbours_opinions]: All opinions size= 12
1749834984.3700452 [service_neighbours_opinions-3] [INFO] [1749834984.369387850] [service_neighbours_opinions]: * Received from id142, wind direction N
1749834984.3727524 [service_neighbours_opinions-3] [INFO] [1749834984.372196221] [service_neighbours_opinions]: All opinions = {'id206': 'E', 'id200': 'W', 'id207': 'W', 'id223': 'W', 'id155': 'W', 'id151': 'E', 'id1193': 'N', 'id189': 'N', 'id142': 'N', 'id224': 'W', 'id136': 'E', 'id137': 'E'}
1749834984.3753815 [service_neighbours_opinions-3] [INFO] [1749834984.374831758] [service_neighbours_opinions]: All opinions size= 12
1749834984.4185221 [service_neighbours_opinions-3] [INFO] [1749834984.417816147] [service_neighbours_opinions]: * Received from id207, wind direction W
1749834984.4227502 [service_neighbours_opinions-3] [INFO] [1749834984.422116054] [service_neighbours_opinions]: All opinions = {'id206': 'E', 'id200': 'W', 'id207': 'W', 'id223': 'W', 'id155': 'W', 'id151': 'E', 'id1193': 'N', 'id189': 'N', 'id142': 'N', 'id224': 'W', 'id136': 'E', 'id137': 'E'}
1749834984.4267292 [service_neighbours_opinions-3] [INFO] [1749834984.426127036] [service_neighbours_opinions]: All opinions size= 12
1749834985.0090785 [service_neighbours_opinions-3] [INFO] [1749834985.008392202] [service_neighbours_opinions]: * Received from id155, wind direction W
1749834985.0119219 [service_neighbours_opinions-3] [INFO] [1749834985.011279091] [service_neighbours_opinions]: All opinions = {'id206': 'E', 'id200': 'W', 'id207': 'W', 'id223': 'W', 'id155': 'W', 'id151': 'E', 'id1193': 'N', 'id189': 'N', 'id142': 'N', 'id224': 'W', 'id136': 'E', 'id137': 'E'}
1749834985.0148170 [service_neighbours_opinions-3] [INFO] [1749834985.014104665] [service_neighbours_opinions]: All opinions size= 12
1749834985.1816666 [publish_wind_direction-4] [INFO] [1749834985.180957220] [publish_wind_direction]: Main Pub Node: Requesting Pose Info
1749834985.1858711 [service_vicon_node-2] [INFO] [1749834985.185112924] [service_vicon_node]: Request received. Responding with pos=array('f', [-856.013916015625, 1185.9102783203125]), yaw=-81.89407911159701, neigh=['id236', 'id194', 'id137', 'id206', 'id142']Response to be returned: service_messages.srv.GetPoseData_Response(my_position_xy=[-856.013916015625, 1185.9102783203125], my_vicon_yaw=-81.89407911159701, neighbours_by_id=['id236', 'id194', 'id137', 'id206', 'id142'])
1749834985.4940023 [service_neighbours_opinions-3] [INFO] [1749834985.493226072] [service_neighbours_opinions]: * Received from id224, wind direction W
1749834985.4975204 [service_neighbours_opinions-3] [INFO] [1749834985.496825535] [service_neighbours_opinions]: All opinions = {'id206': 'E', 'id200': 'W', 'id207': 'W', 'id223': 'W', 'id155': 'W', 'id151': 'E', 'id1193': 'N', 'id189': 'N', 'id142': 'N', 'id224': 'W', 'id136': 'E', 'id137': 'E'}
1749834985.5026865 [service_neighbours_opinions-3] [INFO] [1749834985.501992850] [service_neighbours_opinions]: All opinions size= 12
1749834985.8700187 [service_neighbours_opinions-3] [INFO] [1749834985.869199313] [service_neighbours_opinions]: * Received from id189, wind direction N
1749834985.8731270 [service_neighbours_opinions-3] [INFO] [1749834985.872465220] [service_neighbours_opinions]: All opinions = {'id206': 'E', 'id200': 'W', 'id207': 'W', 'id223': 'W', 'id155': 'W', 'id151': 'E', 'id1193': 'N', 'id189': 'N', 'id142': 'N', 'id224': 'W', 'id136': 'E', 'id137': 'E'}
1749834985.8760316 [service_neighbours_opinions-3] [INFO] [1749834985.875367683] [service_neighbours_opinions]: All opinions size= 12
1749834991.0738623 [publish_wind_direction-4] [INFO] [1749834991.073272309] [publish_wind_direction]: Pose Response: pos=array('f', [-856.013916015625, 1185.9102783203125]) yaw=-81.89408111572266
1749834991.0766146 [publish_wind_direction-4] [INFO] [1749834991.076112569] [publish_wind_direction]: ***Cam angle= -172.46239921999882, vico ang deg= -81.89408111572266 Ground Truth= 105.64351966427853
1749834991.0788653 [publish_wind_direction-4] [INFO] [1749834991.078377865] [publish_wind_direction]: Neighbour info requested
1749834991.0830710 [publish_wind_direction-4] [INFO] [1749834991.082290439] [publish_wind_direction]: Main Pub Node: Requesting Pose Info
1749834991.0847650 [service_neighbours_opinions-3] [INFO] [1749834991.082549384] [service_neighbours_opinions]: Requested ['id236', 'id194', 'id137', 'id206', 'id142'], responding ['E', 'E', 'N']
1749834991.0873480 [service_vicon_node-2] [INFO] [1749834991.086652550] [service_vicon_node]: Request received. Responding with pos=array('f', [0.0, 0.0]), yaw=75.05747116213784, neigh=['id224', 'id236', 'id200', 'id207', 'id151', 'id155', 'id223', 'id142']Response to be returned: service_messages.srv.GetPoseData_Response(my_position_xy=[0.0, 0.0], my_vicon_yaw=75.05747116213784, neighbours_by_id=['id224', 'id236', 'id200', 'id207', 'id151', 'id155', 'id223', 'id142'])
1749834991.0892348 [publish_wind_direction-4] [INFO] [1749834991.088725458] [publish_wind_direction]: Neighbour Opinion Response: service_messages.srv.GetOpinionData_Response(neighbours_opinions=['E', 'E', 'N'])
1749834991.0914760 [publish_wind_direction-4] [INFO] [1749834991.091003161] [publish_wind_direction]: Inside Decision Making, neighbours opinion: ['E', 'E', 'N']
1749834991.0937552 [publish_wind_direction-4] [INFO] [1749834991.093278661] [publish_wind_direction]: Inside Decision Making, computed social info: {'E': 2, 'N': 1}
1749834991.0959847 [publish_wind_direction-4] [INFO] [1749834991.095469309] [publish_wind_direction]: Inside Decision Making, My Wind Direction: W
1749834991.0982063 [publish_wind_direction-4] [INFO] [1749834991.097726124] [publish_wind_direction]: Inside Decision Making, Decision dict: {'N': 1.0, 'S': 0.0, 'E': 2.0, 'W': 1.7999999999999998}
1749834991.1014276 [publish_wind_direction-4] [INFO] [1749834991.100930309] [publish_wind_direction]: Publishing: id195:E
1749834991.1039634 [publish_wind_direction-4] [INFO] [1749834991.103348550] [publish_wind_direction]: TIME: Decision making completed at: 17:16:31.
1749834991.1061637 [publish_wind_direction-4] [INFO] [1749834991.105662569] [publish_wind_direction]: -----------------------------------------------------
1749834992.1930158 [publish_wind_direction-4] [INFO] [1749834992.192431087] [publish_wind_direction]: Pose Response: pos=array('f', [0.0, 0.0]) yaw=75.0574722290039
1749834992.1952252 [publish_wind_direction-4] [INFO] [1749834992.194739957] [publish_wind_direction]: ***Cam angle= -172.46239921999882, vico ang deg= 75.0574722290039 Ground Truth= 262.5950730090051
1749834992.1975224 [publish_wind_direction-4] [INFO] [1749834992.197007827] [publish_wind_direction]: Neighbour info requested
1749834992.2013161 [service_neighbours_opinions-3] [INFO] [1749834992.200681235] [service_neighbours_opinions]: Requested ['id224', 'id236', 'id200', 'id207', 'id151', 'id155', 'id223', 'id142'], responding ['W', 'W', 'W', 'E', 'W', 'W', 'N']
1749834992.2049351 [publish_wind_direction-4] [INFO] [1749834992.204378827] [publish_wind_direction]: Neighbour Opinion Response: service_messages.srv.GetOpinionData_Response(neighbours_opinions=['W', 'W', 'W', 'E', 'W', 'W', 'N'])
1749834992.2072625 [publish_wind_direction-4] [INFO] [1749834992.206781994] [publish_wind_direction]: Inside Decision Making, neighbours opinion: ['W', 'W', 'W', 'E', 'W', 'W', 'N']
1749834992.2096059 [publish_wind_direction-4] [INFO] [1749834992.209121420] [publish_wind_direction]: Inside Decision Making, computed social info: {'W': 5, 'E': 1, 'N': 1}
1749834992.2118449 [publish_wind_direction-4] [INFO] [1749834992.211326494] [publish_wind_direction]: Inside Decision Making, My Wind Direction: E
1749834992.2140725 [publish_wind_direction-4] [INFO] [1749834992.213590642] [publish_wind_direction]: Inside Decision Making, Decision dict: {'N': 1.0, 'S': 0.0, 'E': 5.2, 'W': 5.0}
1749834992.2173276 [publish_wind_direction-4] [INFO] [1749834992.216820809] [publish_wind_direction]: Publishing: id195:E
1749834992.2195408 [publish_wind_direction-4] [INFO] [1749834992.219068161] [publish_wind_direction]: TIME: Decision making completed at: 17:16:32.
1749834992.2217817 [publish_wind_direction-4] [INFO] [1749834992.221291679] [publish_wind_direction]: -----------------------------------------------------
1749834995.1821110 [publish_wind_direction-4] [INFO] [1749834995.180455974] [publish_wind_direction]: Main Pub Node: Requesting Pose Info
1749834995.1845615 [service_vicon_node-2] [INFO] [1749834995.183950844] [service_vicon_node]: Request received. Responding with pos=array('f', [0.0, 0.0]), yaw=75.05747116213784, neigh=['id224', 'id236', 'id200', 'id207', 'id151', 'id155', 'id223', 'id142']Response to be returned: service_messages.srv.GetPoseData_Response(my_position_xy=[0.0, 0.0], my_vicon_yaw=75.05747116213784, neighbours_by_id=['id224', 'id236', 'id200', 'id207', 'id151', 'id155', 'id223', 'id142'])
1749834996.2588265 [publish_wind_direction-4] [INFO] [1749834996.258229695] [publish_wind_direction]: Pose Response: pos=array('f', [0.0, 0.0]) yaw=75.0574722290039
1749834996.2610724 [publish_wind_direction-4] [INFO] [1749834996.260591973] [publish_wind_direction]: ***Cam angle= -172.46239921999882, vico ang deg= 75.0574722290039 Ground Truth= 262.5950730090051
1749834996.2633348 [publish_wind_direction-4] [INFO] [1749834996.262809899] [publish_wind_direction]: Neighbour info requested
1749834996.2670994 [service_neighbours_opinions-3] [INFO] [1749834996.266465917] [service_neighbours_opinions]: Requested ['id224', 'id236', 'id200', 'id207', 'id151', 'id155', 'id223', 'id142'], responding ['W', 'W', 'W', 'E', 'W', 'W', 'N']
1749834996.2707815 [publish_wind_direction-4] [INFO] [1749834996.270221306] [publish_wind_direction]: Neighbour Opinion Response: service_messages.srv.GetOpinionData_Response(neighbours_opinions=['W', 'W', 'W', 'E', 'W', 'W', 'N'])
1749834996.2731061 [publish_wind_direction-4] [INFO] [1749834996.272621399] [publish_wind_direction]: Inside Decision Making, neighbours opinion: ['W', 'W', 'W', 'E', 'W', 'W', 'N']
1749834996.2753336 [publish_wind_direction-4] [INFO] [1749834996.274859658] [publish_wind_direction]: Inside Decision Making, computed social info: {'W': 5, 'E': 1, 'N': 1}
1749834996.2775495 [publish_wind_direction-4] [INFO] [1749834996.277076066] [publish_wind_direction]: Inside Decision Making, My Wind Direction: E
1749834996.2798252 [publish_wind_direction-4] [INFO] [1749834996.279296510] [publish_wind_direction]: Inside Decision Making, Decision dict: {'N': 1.0, 'S': 0.0, 'E': 5.2, 'W': 5.0}
1749834996.2829745 [publish_wind_direction-4] [INFO] [1749834996.282480899] [publish_wind_direction]: Publishing: id195:E
1749834996.2852507 [publish_wind_direction-4] [INFO] [1749834996.284778732] [publish_wind_direction]: TIME: Decision making completed at: 17:16:36.
1749834996.2874935 [publish_wind_direction-4] [INFO] [1749834996.286976158] [publish_wind_direction]: -----------------------------------------------------
1749835000.1810515 [publish_wind_direction-4] [INFO] [1749835000.180400045] [publish_wind_direction]: Main Pub Node: Requesting Pose Info
1749835000.1845410 [service_vicon_node-2] [INFO] [1749835000.183913100] [service_vicon_node]: Request received. Responding with pos=array('f', [0.0, 0.0]), yaw=75.05747116213784, neigh=['id224', 'id236', 'id200', 'id207', 'id151', 'id155', 'id223', 'id142']Response to be returned: service_messages.srv.GetPoseData_Response(my_position_xy=[0.0, 0.0], my_vicon_yaw=75.05747116213784, neighbours_by_id=['id224', 'id236', 'id200', 'id207', 'id151', 'id155', 'id223', 'id142'])
1749835001.2614989 [publish_wind_direction-4] [INFO] [1749835001.260911322] [publish_wind_direction]: Pose Response: pos=array('f', [0.0, 0.0]) yaw=75.0574722290039
1749835001.2637503 [publish_wind_direction-4] [INFO] [1749835001.263196507] [publish_wind_direction]: ***Cam angle= -172.46239921999882, vico ang deg= 75.0574722290039 Ground Truth= 262.5950730090051
1749835001.2659700 [publish_wind_direction-4] [INFO] [1749835001.265458063] [publish_wind_direction]: Neighbour info requested
1749835001.2697554 [service_neighbours_opinions-3] [INFO] [1749835001.269122377] [service_neighbours_opinions]: Requested ['id224', 'id236', 'id200', 'id207', 'id151', 'id155', 'id223', 'id142'], responding ['W', 'W', 'W', 'E', 'W', 'W', 'N']
1749835001.2733583 [publish_wind_direction-4] [INFO] [1749835001.272814285] [publish_wind_direction]: Neighbour Opinion Response: service_messages.srv.GetOpinionData_Response(neighbours_opinions=['W', 'W', 'W', 'E', 'W', 'W', 'N'])
1749835001.2757871 [publish_wind_direction-4] [INFO] [1749835001.275248155] [publish_wind_direction]: Inside Decision Making, neighbours opinion: ['W', 'W', 'W', 'E', 'W', 'W', 'N']
1749835001.2780166 [publish_wind_direction-4] [INFO] [1749835001.277537359] [publish_wind_direction]: Inside Decision Making, computed social info: {'W': 5, 'E': 1, 'N': 1}
1749835001.2802119 [publish_wind_direction-4] [INFO] [1749835001.279743581] [publish_wind_direction]: Inside Decision Making, My Wind Direction: E
1749835001.2824357 [publish_wind_direction-4] [INFO] [1749835001.281949859] [publish_wind_direction]: Inside Decision Making, Decision dict: {'N': 1.0, 'S': 0.0, 'E': 5.2, 'W': 5.0}
1749835001.2856910 [publish_wind_direction-4] [INFO] [1749835001.285199748] [publish_wind_direction]: Publishing: id195:E
1749835001.2879598 [publish_wind_direction-4] [INFO] [1749835001.287437414] [publish_wind_direction]: TIME: Decision making completed at: 17:16:41.
1749835001.2901270 [publish_wind_direction-4] [INFO] [1749835001.289646526] [publish_wind_direction]: -----------------------------------------------------
1749835005.1810696 [publish_wind_direction-4] [INFO] [1749835005.180422412] [publish_wind_direction]: Main Pub Node: Requesting Pose Info
1749835005.1845222 [service_vicon_node-2] [INFO] [1749835005.183885838] [service_vicon_node]: Request received. Responding with pos=array('f', [0.0, 0.0]), yaw=75.05747116213784, neigh=['id224', 'id236', 'id200', 'id207', 'id151', 'id155', 'id223', 'id142']Response to be returned: service_messages.srv.GetPoseData_Response(my_position_xy=[0.0, 0.0], my_vicon_yaw=75.05747116213784, neighbours_by_id=['id224', 'id236', 'id200', 'id207', 'id151', 'id155', 'id223', 'id142'])
1749835006.2643368 [publish_wind_direction-4] [INFO] [1749835006.263751115] [publish_wind_direction]: Pose Response: pos=array('f', [0.0, 0.0]) yaw=75.0574722290039
1749835006.2665570 [publish_wind_direction-4] [INFO] [1749835006.266049837] [publish_wind_direction]: ***Cam angle= -172.46239921999882, vico ang deg= 75.0574722290039 Ground Truth= 262.5950730090051
1749835006.2689743 [publish_wind_direction-4] [INFO] [1749835006.268450097] [publish_wind_direction]: Neighbour info requested
1749835006.2727931 [service_neighbours_opinions-3] [INFO] [1749835006.272160412] [service_neighbours_opinions]: Requested ['id224', 'id236', 'id200', 'id207', 'id151', 'id155', 'id223', 'id142'], responding ['W', 'W', 'W', 'E', 'W', 'W', 'N']
1749835006.2765050 [publish_wind_direction-4] [INFO] [1749835006.275896041] [publish_wind_direction]: Neighbour Opinion Response: service_messages.srv.GetOpinionData_Response(neighbours_opinions=['W', 'W', 'W', 'E', 'W', 'W', 'N'])
1749835006.2787082 [publish_wind_direction-4] [INFO] [1749835006.278230115] [publish_wind_direction]: Inside Decision Making, neighbours opinion: ['W', 'W', 'W', 'E', 'W', 'W', 'N']
1749835006.2809682 [publish_wind_direction-4] [INFO] [1749835006.280491578] [publish_wind_direction]: Inside Decision Making, computed social info: {'W': 5, 'E': 1, 'N': 1}
1749835006.2831376 [publish_wind_direction-4] [INFO] [1749835006.282667671] [publish_wind_direction]: Inside Decision Making, My Wind Direction: E
1749835006.2854831 [publish_wind_direction-4] [INFO] [1749835006.284984467] [publish_wind_direction]: Inside Decision Making, Decision dict: {'N': 1.0, 'S': 0.0, 'E': 5.2, 'W': 5.0}
1749835006.2887607 [publish_wind_direction-4] [INFO] [1749835006.288268189] [publish_wind_direction]: Publishing: id195:E
1749835006.2910092 [publish_wind_direction-4] [INFO] [1749835006.290528356] [publish_wind_direction]: TIME: Decision making completed at: 17:16:46.
1749835006.2933130 [publish_wind_direction-4] [INFO] [1749835006.292793504] [publish_wind_direction]: -----------------------------------------------------
1749835010.1811023 [publish_wind_direction-4] [INFO] [1749835010.180452724] [publish_wind_direction]: Main Pub Node: Requesting Pose Info
1749835010.1846323 [service_vicon_node-2] [INFO] [1749835010.184016039] [service_vicon_node]: Request received. Responding with pos=array('f', [0.0, 0.0]), yaw=75.05747116213784, neigh=['id224', 'id236', 'id200', 'id207', 'id151', 'id155', 'id223', 'id142']Response to be returned: service_messages.srv.GetPoseData_Response(my_position_xy=[0.0, 0.0], my_vicon_yaw=75.05747116213784, neighbours_by_id=['id224', 'id236', 'id200', 'id207', 'id151', 'id155', 'id223', 'id142'])
1749835011.2600980 [publish_wind_direction-4] [INFO] [1749835011.259463557] [publish_wind_direction]: Pose Response: pos=array('f', [0.0, 0.0]) yaw=75.0574722290039
1749835011.2623329 [publish_wind_direction-4] [INFO] [1749835011.261849057] [publish_wind_direction]: ***Cam angle= -172.46239921999882, vico ang deg= 75.0574722290039 Ground Truth= 262.5950730090051
1749835011.2646244 [publish_wind_direction-4] [INFO] [1749835011.264110816] [publish_wind_direction]: Neighbour info requested
1749835011.2685924 [service_neighbours_opinions-3] [INFO] [1749835011.267948316] [service_neighbours_opinions]: Requested ['id224', 'id236', 'id200', 'id207', 'id151', 'id155', 'id223', 'id142'], responding ['W', 'W', 'W', 'E', 'W', 'W', 'N']
1749835011.2723939 [publish_wind_direction-4] [INFO] [1749835011.271838168] [publish_wind_direction]: Neighbour Opinion Response: service_messages.srv.GetOpinionData_Response(neighbours_opinions=['W', 'W', 'W', 'E', 'W', 'W', 'N'])
1749835011.2746184 [publish_wind_direction-4] [INFO] [1749835011.274148575] [publish_wind_direction]: Inside Decision Making, neighbours opinion: ['W', 'W', 'W', 'E', 'W', 'W', 'N']
1749835011.2770791 [publish_wind_direction-4] [INFO] [1749835011.276586446] [publish_wind_direction]: Inside Decision Making, computed social info: {'W': 5, 'E': 1, 'N': 1}
1749835011.2792470 [publish_wind_direction-4] [INFO] [1749835011.278782279] [publish_wind_direction]: Inside Decision Making, My Wind Direction: E
1749835011.2815721 [publish_wind_direction-4] [INFO] [1749835011.281087631] [publish_wind_direction]: Inside Decision Making, Decision dict: {'N': 1.0, 'S': 0.0, 'E': 5.2, 'W': 5.0}
1749835011.2848639 [publish_wind_direction-4] [INFO] [1749835011.284373279] [publish_wind_direction]: Publishing: id195:E
1749835011.2870989 [publish_wind_direction-4] [INFO] [1749835011.286627353] [publish_wind_direction]: TIME: Decision making completed at: 17:16:51.
1749835011.2893381 [publish_wind_direction-4] [INFO] [1749835011.288860390] [publish_wind_direction]: -----------------------------------------------------
1749835015.1810658 [publish_wind_direction-4] [INFO] [1749835015.180421202] [publish_wind_direction]: Main Pub Node: Requesting Pose Info
1749835015.1845944 [service_vicon_node-2] [INFO] [1749835015.183970240] [service_vicon_node]: Request received. Responding with pos=array('f', [0.0, 0.0]), yaw=75.05747116213784, neigh=['id224', 'id236', 'id200', 'id207', 'id151', 'id155', 'id223', 'id142']Response to be returned: service_messages.srv.GetPoseData_Response(my_position_xy=[0.0, 0.0], my_vicon_yaw=75.05747116213784, neighbours_by_id=['id224', 'id236', 'id200', 'id207', 'id151', 'id155', 'id223', 'id142'])
1749835016.2615132 [publish_wind_direction-4] [INFO] [1749835016.260920406] [publish_wind_direction]: Pose Response: pos=array('f', [0.0, 0.0]) yaw=75.0574722290039
1749835016.2637761 [publish_wind_direction-4] [INFO] [1749835016.263228091] [publish_wind_direction]: ***Cam angle= -172.46239921999882, vico ang deg= 75.0574722290039 Ground Truth= 262.5950730090051
1749835016.2660327 [publish_wind_direction-4] [INFO] [1749835016.265517665] [publish_wind_direction]: Neighbour info requested
1749835016.2698555 [service_neighbours_opinions-3] [INFO] [1749835016.269225017] [service_neighbours_opinions]: Requested ['id224', 'id236', 'id200', 'id207', 'id151', 'id155', 'id223', 'id142'], responding ['W', 'W', 'W', 'E', 'W', 'W', 'N']
1749835016.2736018 [publish_wind_direction-4] [INFO] [1749835016.272990202] [publish_wind_direction]: Neighbour Opinion Response: service_messages.srv.GetOpinionData_Response(neighbours_opinions=['W', 'W', 'W', 'E', 'W', 'W', 'N'])
1749835016.2758400 [publish_wind_direction-4] [INFO] [1749835016.275300480] [publish_wind_direction]: Inside Decision Making, neighbours opinion: ['W', 'W', 'W', 'E', 'W', 'W', 'N']
1749835016.2780695 [publish_wind_direction-4] [INFO] [1749835016.277589480] [publish_wind_direction]: Inside Decision Making, computed social info: {'W': 5, 'E': 1, 'N': 1}
1749835016.2803080 [publish_wind_direction-4] [INFO] [1749835016.279831109] [publish_wind_direction]: Inside Decision Making, My Wind Direction: E
1749835016.2825575 [publish_wind_direction-4] [INFO] [1749835016.282071424] [publish_wind_direction]: Inside Decision Making, Decision dict: {'N': 1.0, 'S': 0.0, 'E': 5.2, 'W': 5.0}
1749835016.2858455 [publish_wind_direction-4] [INFO] [1749835016.285352128] [publish_wind_direction]: Publishing: id195:E
1749835016.2881408 [publish_wind_direction-4] [INFO] [1749835016.287641313] [publish_wind_direction]: TIME: Decision making completed at: 17:16:56.
1749835016.2904460 [publish_wind_direction-4] [INFO] [1749835016.289893572] [publish_wind_direction]: -----------------------------------------------------
1749835020.1810801 [publish_wind_direction-4] [INFO] [1749835020.180430570] [publish_wind_direction]: Main Pub Node: Requesting Pose Info
1749835020.1845431 [service_vicon_node-2] [INFO] [1749835020.183924237] [service_vicon_node]: Request received. Responding with pos=array('f', [0.0, 0.0]), yaw=75.05747116213784, neigh=['id224', 'id236', 'id200', 'id207', 'id151', 'id155', 'id223', 'id142']Response to be returned: service_messages.srv.GetPoseData_Response(my_position_xy=[0.0, 0.0], my_vicon_yaw=75.05747116213784, neighbours_by_id=['id224', 'id236', 'id200', 'id207', 'id151', 'id155', 'id223', 'id142'])
1749835021.2601049 [publish_wind_direction-4] [INFO] [1749835021.259465699] [publish_wind_direction]: Pose Response: pos=array('f', [0.0, 0.0]) yaw=75.0574722290039
1749835021.2624574 [publish_wind_direction-4] [INFO] [1749835021.261971069] [publish_wind_direction]: ***Cam angle= -172.46239921999882, vico ang deg= 75.0574722290039 Ground Truth= 262.5950730090051
1749835021.2647853 [publish_wind_direction-4] [INFO] [1749835021.264269810] [publish_wind_direction]: Neighbour info requested
1749835021.2686081 [service_neighbours_opinions-3] [INFO] [1749835021.267956569] [service_neighbours_opinions]: Requested ['id224', 'id236', 'id200', 'id207', 'id151', 'id155', 'id223', 'id142'], responding ['W', 'W', 'W', 'E', 'W', 'W', 'N']
1749835021.2725148 [publish_wind_direction-4] [INFO] [1749835021.271966328] [publish_wind_direction]: Neighbour Opinion Response: service_messages.srv.GetOpinionData_Response(neighbours_opinions=['W', 'W', 'W', 'E', 'W', 'W', 'N'])
1749835021.2748919 [publish_wind_direction-4] [INFO] [1749835021.274256773] [publish_wind_direction]: Inside Decision Making, neighbours opinion: ['W', 'W', 'W', 'E', 'W', 'W', 'N']
1749835021.2770255 [publish_wind_direction-4] [INFO] [1749835021.276546366] [publish_wind_direction]: Inside Decision Making, computed social info: {'W': 5, 'E': 1, 'N': 1}
1749835021.2792358 [publish_wind_direction-4] [INFO] [1749835021.278763477] [publish_wind_direction]: Inside Decision Making, My Wind Direction: E
1749835021.2815404 [publish_wind_direction-4] [INFO] [1749835021.281058588] [publish_wind_direction]: Inside Decision Making, Decision dict: {'N': 1.0, 'S': 0.0, 'E': 5.2, 'W': 5.0}
1749835021.2848568 [publish_wind_direction-4] [INFO] [1749835021.284347625] [publish_wind_direction]: Publishing: id195:E
1749835021.2870836 [publish_wind_direction-4] [INFO] [1749835021.286612366] [publish_wind_direction]: TIME: Decision making completed at: 17:17:01.
1749835021.2893291 [publish_wind_direction-4] [INFO] [1749835021.288842680] [publish_wind_direction]: -----------------------------------------------------
1749835025.1810310 [publish_wind_direction-4] [INFO] [1749835025.180445437] [publish_wind_direction]: Main Pub Node: Requesting Pose Info
1749835208.5062461 [service_neighbours_opinions-3] [INFO] [1749835208.505642958] [service_neighbours_opinions]: Raising exception at 17:20:08
