[INFO] [launch]: All log files can be found below /home/thymio/.ros/log/2025-06-04-15-19-30-936183-thymio-819
[INFO] [launch]: Default logging verbosity is set to INFO
[INFO] [random_robot_move-1]: process started with pid [841]
[INFO] [publish_wind_direction-2]: process started with pid [843]
[publish_wind_direction-2] /usr/lib/python3/dist-packages/scipy/__init__.py:146: UserWarning: A NumPy version >=1.17.3 and <1.25.0 is required for this version of SciPy (detected version 1.26.4
[publish_wind_direction-2]   warnings.warn(f"A NumPy version >={np_minversion} and <{np_maxversion}"
[random_robot_move-1] [INFO] [1749050377.837015974] [random_robot_move]: Robot Control Node started.
[publish_wind_direction-2] [INFO] [1749050379.888386984] [publish_wind_direction]: Publishing: "id195:E"
[publish_wind_direction-2] [INFO] [1749050384.254099454] [publish_wind_direction]: ***Cam angle= -196.7434951002685, vico ang deg= 0.0 Ground Truth= 163.2565048997315
[publish_wind_direction-2] [INFO] [1749050384.256606170] [publish_wind_direction]: ***Corrected Wind Direction= S
[publish_wind_direction-2] [INFO] [1749050384.261379780] [publish_wind_direction]: w=0.6547 x_rot=-0.2504  y_rot=-0.6623 z_rot=-0.2646
[publish_wind_direction-2] [INFO] [1749050384.264137629] [publish_wind_direction]: Vicon Yaw Rads= -1.1245939247908758
[publish_wind_direction-2] [INFO] [1749050384.266609549] [publish_wind_direction]: ** Vicon Yaw Degrees= -64.43448555656991
[publish_wind_direction-2] [INFO] [1749050384.269129111] [publish_wind_direction]: Vicon Position= [-556.300537109375, 404.9643859863281]
[publish_wind_direction-2] [INFO] [1749050384.272052025] [publish_wind_direction]: Neighbourhood size: 7
[publish_wind_direction-2] [INFO] [1749050388.123392004] [publish_wind_direction]: ***Cam angle= -208.80896271906605, vico ang deg= -64.43448555656991 Ground Truth= 86.75655172436404
[publish_wind_direction-2] [INFO] [1749050388.126278658] [publish_wind_direction]: ***Corrected Wind Direction= W
[publish_wind_direction-2] [INFO] [1749050388.131344361] [publish_wind_direction]: Publishing: "id195:E"
[publish_wind_direction-2] [INFO] [1749050391.977988873] [publish_wind_direction]: ***Cam angle= -202.35276953777856, vico ang deg= -64.43448555656991 Ground Truth= 93.21274490565156
[publish_wind_direction-2] [INFO] [1749050391.980640539] [publish_wind_direction]: ***Corrected Wind Direction= W
[publish_wind_direction-2] [INFO] [1749050391.984972594] [publish_wind_direction]: Publishing: "id195:E"
[publish_wind_direction-2] [INFO] [1749050391.989007736] [publish_wind_direction]: w=0.7154 x_rot=-0.0278  y_rot=-0.6963 z_rot=-0.051
[publish_wind_direction-2] [INFO] [1749050391.992252820] [publish_wind_direction]: Vicon Yaw Rads= 0.37212659738367504
[publish_wind_direction-2] [INFO] [1749050391.994558854] [publish_wind_direction]: ** Vicon Yaw Degrees= 21.321283474648602
[publish_wind_direction-2] [INFO] [1749050391.996798026] [publish_wind_direction]: Vicon Position= [-651.0931396484375, 447.7719421386719]
[publish_wind_direction-2] [INFO] [1749050391.999614809] [publish_wind_direction]: Neighbourhood size: 7
[publish_wind_direction-2] [INFO] [1749050395.909092023] [publish_wind_direction]: ***Cam angle= -183.8560509584296, vico ang deg= 21.321283474648602 Ground Truth= 197.465232516219
[publish_wind_direction-2] [INFO] [1749050395.912736608] [publish_wind_direction]: ***Corrected Wind Direction= S
[publish_wind_direction-2] [INFO] [1749050395.918965530] [publish_wind_direction]: Publishing: "id195:E"
[publish_wind_direction-2] [INFO] [1749050400.369812280] [publish_wind_direction]: ***Cam angle= -165.08694545300438, vico ang deg= 21.321283474648602 Ground Truth= 216.23433802164422
[publish_wind_direction-2] [INFO] [1749050400.372405766] [publish_wind_direction]: ***Corrected Wind Direction= S
[publish_wind_direction-2] [INFO] [1749050400.380780433] [publish_wind_direction]: Publishing: "id195:E"
[publish_wind_direction-2] [INFO] [1749050400.387351518] [publish_wind_direction]: w=0.6502 x_rot=0.3088  y_rot=-0.6402 z_rot=0.2682
[publish_wind_direction-2] [INFO] [1749050400.391789721] [publish_wind_direction]: Vicon Yaw Rads= 0.40245165268918326
[publish_wind_direction-2] [INFO] [1749050400.395912215] [publish_wind_direction]: ** Vicon Yaw Degrees= 23.05878115715503
[publish_wind_direction-2] [INFO] [1749050400.400168258] [publish_wind_direction]: Vicon Position= [-678.5679321289062, 391.26153564453125]
[publish_wind_direction-2] [INFO] [1749050400.403539891] [publish_wind_direction]: Neighbourhood size: 8
[publish_wind_direction-2] [INFO] [1749050404.406379070] [publish_wind_direction]: ***Cam angle= -999.0, vico ang deg= 23.05878115715503 Ground Truth= 104.05878115715507
[publish_wind_direction-2] [INFO] [1749050404.410906217] [publish_wind_direction]: ***Corrected Wind Direction= W
[publish_wind_direction-2] [INFO] [1749050408.161861715] [publish_wind_direction]: ***Cam angle= -127.01104335297134, vico ang deg= 23.05878115715503 Ground Truth= 256.04773780418367
[publish_wind_direction-2] [INFO] [1749050408.164320999] [publish_wind_direction]: ***Corrected Wind Direction= E
[publish_wind_direction-2] [INFO] [1749050408.168423848] [publish_wind_direction]: Publishing: "id195:E"
[publish_wind_direction-2] [INFO] [1749050408.172281265] [publish_wind_direction]: w=0.5969 x_rot=0.4058  y_rot=-0.5729 z_rot=0.3884
[publish_wind_direction-2] [INFO] [1749050408.174815862] [publish_wind_direction]: Vicon Yaw Rads= 1.279105477191048
[publish_wind_direction-2] [INFO] [1749050408.177503713] [publish_wind_direction]: ** Vicon Yaw Degrees= 73.28734539511423
[publish_wind_direction-2] [INFO] [1749050408.180105791] [publish_wind_direction]: Vicon Position= [-706.6131591796875, 285.65753173828125]
[publish_wind_direction-2] [INFO] [1749050408.182682321] [publish_wind_direction]: Neighbourhood size: 7
[publish_wind_direction-2] [INFO] [1749050411.992083002] [publish_wind_direction]: ***Cam angle= -209.4157032697779, vico ang deg= 73.28734539511423 Ground Truth= 223.87164212533634
[publish_wind_direction-2] [INFO] [1749050411.994863267] [publish_wind_direction]: ***Corrected Wind Direction= S
[publish_wind_direction-2] [INFO] [1749050411.999012901] [publish_wind_direction]: Publishing: "id195:E"
[publish_wind_direction-2] [INFO] [1749050415.750877747] [publish_wind_direction]: ***Cam angle= -267.8633992954835, vico ang deg= 73.28734539511423 Ground Truth= 165.42394609963077
[publish_wind_direction-2] [INFO] [1749050415.753326687] [publish_wind_direction]: ***Corrected Wind Direction= S
[publish_wind_direction-2] [INFO] [1749050415.757449825] [publish_wind_direction]: Publishing: "id195:E"
[publish_wind_direction-2] [INFO] [1749050415.761341961] [publish_wind_direction]: w=0.5953 x_rot=0.409  y_rot=-0.5709 z_rot=0.3904
[publish_wind_direction-2] [INFO] [1749050415.764116732] [publish_wind_direction]: Vicon Yaw Rads= 1.2595844000935552
[publish_wind_direction-2] [INFO] [1749050415.766607607] [publish_wind_direction]: ** Vicon Yaw Degrees= 72.16887006587841
[publish_wind_direction-2] [INFO] [1749050415.769061361] [publish_wind_direction]: Vicon Position= [-701.6812133789062, 296.6983337402344]
[publish_wind_direction-2] [INFO] [1749050415.771702330] [publish_wind_direction]: Neighbourhood size: 8
[publish_wind_direction-2] [INFO] [1749050419.940119526] [publish_wind_direction]: ***Cam angle= -999.0, vico ang deg= 72.16887006587841 Ground Truth= 153.16887006587842
[publish_wind_direction-2] [INFO] [1749050419.942691023] [publish_wind_direction]: ***Corrected Wind Direction= S
[publish_wind_direction-2] [INFO] [1749050419.946837827] [publish_wind_direction]: Publishing: "id195:E"
[publish_wind_direction-2] [INFO] [1749050424.114619075] [publish_wind_direction]: ***Cam angle= -999.0, vico ang deg= 72.16887006587841 Ground Truth= 153.16887006587842
[publish_wind_direction-2] [INFO] [1749050424.117038933] [publish_wind_direction]: ***Corrected Wind Direction= S
[publish_wind_direction-2] [INFO] [1749050424.121558843] [publish_wind_direction]: w=0.4875 x_rot=0.5342  y_rot=-0.462 z_rot=0.5133
[publish_wind_direction-2] [INFO] [1749050424.124181772] [publish_wind_direction]: Vicon Yaw Rads= 1.4576813204100387
[publish_wind_direction-2] [INFO] [1749050424.126636068] [publish_wind_direction]: ** Vicon Yaw Degrees= 83.51898753455228
[publish_wind_direction-2] [INFO] [1749050424.129071312] [publish_wind_direction]: Vicon Position= [-680.3829956054688, 280.4477233886719]
[publish_wind_direction-2] [INFO] [1749050424.131752564] [publish_wind_direction]: Neighbourhood size: 8
[publish_wind_direction-2] [INFO] [1749050427.933327617] [publish_wind_direction]: ***Cam angle= 69.00634362624555, vico ang deg= 83.51898753455228 Ground Truth= 152.52533116079783
[publish_wind_direction-2] [INFO] [1749050427.935787605] [publish_wind_direction]: ***Corrected Wind Direction= S
[publish_wind_direction-2] [INFO] [1749050427.939970682] [publish_wind_direction]: Publishing: "id195:E"
[publish_wind_direction-2] [INFO] [1749050432.057746222] [publish_wind_direction]: ***Cam angle= -2.0526312106555054, vico ang deg= 83.51898753455228 Ground Truth= 81.46635632389678
[publish_wind_direction-2] [INFO] [1749050432.060236078] [publish_wind_direction]: ***Corrected Wind Direction= W
[publish_wind_direction-2] [INFO] [1749050432.064480823] [publish_wind_direction]: Publishing: "id195:E"
[publish_wind_direction-2] [INFO] [1749050436.149540755] [publish_wind_direction]: ***Cam angle= -198.04535558313376, vico ang deg= 83.51898753455228 Ground Truth= 245.47363195141853
[publish_wind_direction-2] [INFO] [1749050436.152012568] [publish_wind_direction]: ***Corrected Wind Direction= E
[publish_wind_direction-2] [INFO] [1749050436.156233956] [publish_wind_direction]: Publishing: "id195:E"
[publish_wind_direction-2] [INFO] [1749050440.147059515] [publish_wind_direction]: ***Cam angle= -242.41684791232714, vico ang deg= 83.51898753455228 Ground Truth= 201.10213962222514
[publish_wind_direction-2] [INFO] [1749050440.150447790] [publish_wind_direction]: ***Corrected Wind Direction= S
[publish_wind_direction-2] [INFO] [1749050440.156492004] [publish_wind_direction]: Publishing: "id195:E"
[publish_wind_direction-2] [INFO] [1749050440.162237356] [publish_wind_direction]: w=0.6873 x_rot=-0.137  y_rot=-0.6959 z_rot=-0.1568
[publish_wind_direction-2] [INFO] [1749050440.165741040] [publish_wind_direction]: Vicon Yaw Rads= -0.8802055480593993
[publish_wind_direction-2] [INFO] [1749050440.169455803] [publish_wind_direction]: ** Vicon Yaw Degrees= -50.43206300780313
[publish_wind_direction-2] [INFO] [1749050440.172878314] [publish_wind_direction]: Vicon Position= [413.9040222167969, 469.6037902832031]
[publish_wind_direction-2] [INFO] [1749050440.176688527] [publish_wind_direction]: Neighbourhood size: 7
[publish_wind_direction-2] [INFO] [1749050444.229115062] [publish_wind_direction]: ***Cam angle= -215.23049209463153, vico ang deg= -50.43206300780313 Ground Truth= 94.33744489756532
[publish_wind_direction-2] [INFO] [1749050444.232567209] [publish_wind_direction]: ***Corrected Wind Direction= W
[publish_wind_direction-2] [INFO] [1749050447.919654297] [publish_wind_direction]: ***Cam angle= 49.856853302296, vico ang deg= -50.43206300780313 Ground Truth= 359.4247902944929
[publish_wind_direction-2] [INFO] [1749050447.922055290] [publish_wind_direction]: ***Corrected Wind Direction= N
[publish_wind_direction-2] [INFO] [1749050447.926321274] [publish_wind_direction]: Publishing: "id195:E"
[publish_wind_direction-2] [INFO] [1749050447.930133097] [publish_wind_direction]: w=0.6856 x_rot=-0.1382  y_rot=-0.6972 z_rot=-0.1574
[publish_wind_direction-2] [INFO] [1749050447.932627356] [publish_wind_direction]: Vicon Yaw Rads= -1.0150846979819068
[publish_wind_direction-2] [INFO] [1749050447.935203548] [publish_wind_direction]: ** Vicon Yaw Degrees= -58.16006904267509
[publish_wind_direction-2] [INFO] [1749050447.937603837] [publish_wind_direction]: Vicon Position= [409.36102294921875, 471.8440856933594]
[publish_wind_direction-2] [INFO] [1749050447.940177585] [publish_wind_direction]: Neighbourhood size: 7
[publish_wind_direction-2] [INFO] [1749050451.957697678] [publish_wind_direction]: ***Cam angle= -203.78641272493803, vico ang deg= -58.16006904267509 Ground Truth= 98.05351823238686
[publish_wind_direction-2] [INFO] [1749050451.960166809] [publish_wind_direction]: ***Corrected Wind Direction= W
[publish_wind_direction-2] [INFO] [1749050451.964403974] [publish_wind_direction]: Publishing: "id195:E"
[publish_wind_direction-2] [INFO] [1749050455.780446521] [publish_wind_direction]: ***Cam angle= -190.31299064061773, vico ang deg= -58.16006904267509 Ground Truth= 111.52694031670717
[publish_wind_direction-2] [INFO] [1749050455.783959133] [publish_wind_direction]: ***Corrected Wind Direction= W
[publish_wind_direction-2] [INFO] [1749050455.790380079] [publish_wind_direction]: Publishing: "id195:E"
[publish_wind_direction-2] [INFO] [1749050459.515768430] [publish_wind_direction]: ***Cam angle= -244.70715885509017, vico ang deg= -58.16006904267509 Ground Truth= 57.13277210223475
[publish_wind_direction-2] [INFO] [1749050459.518194113] [publish_wind_direction]: ***Corrected Wind Direction= W
[publish_wind_direction-2] [INFO] [1749050459.756649134] [publish_wind_direction]: Publishing: "id195:E"
[publish_wind_direction-2] [INFO] [1749050463.770185595] [publish_wind_direction]: ***Cam angle= -164.0572720836335, vico ang deg= -58.16006904267509 Ground Truth= 137.7826588736914
[publish_wind_direction-2] [INFO] [1749050463.772588088] [publish_wind_direction]: ***Corrected Wind Direction= S
[publish_wind_direction-2] [INFO] [1749050464.756712305] [publish_wind_direction]: Publishing: "id195:E"
[publish_wind_direction-2] [INFO] [1749050468.790238373] [publish_wind_direction]: ***Cam angle= -189.7023585003848, vico ang deg= -58.16006904267509 Ground Truth= 112.13757245694012
[publish_wind_direction-2] [INFO] [1749050468.792545074] [publish_wind_direction]: ***Corrected Wind Direction= W
[publish_wind_direction-2] [INFO] [1749050469.336421003] [publish_wind_direction]: w=0.6813 x_rot=-0.1969  y_rot=-0.6728 z_rot=-0.2105
[publish_wind_direction-2] [INFO] [1749050469.339256650] [publish_wind_direction]: Vicon Yaw Rads= 0.009404169474111601
[publish_wind_direction-2] [INFO] [1749050469.341809661] [publish_wind_direction]: ** Vicon Yaw Degrees= 0.5388192206923577
[publish_wind_direction-2] [INFO] [1749050469.344628662] [publish_wind_direction]: Vicon Position= [-593.6199951171875, 56.46588897705078]
[publish_wind_direction-2] [INFO] [1749050469.347202207] [publish_wind_direction]: Neighbourhood size: 6
[publish_wind_direction-2] [INFO] [1749050469.756677027] [publish_wind_direction]: Publishing: "id195:E"
[publish_wind_direction-2] [INFO] [1749050473.506516884] [publish_wind_direction]: ***Cam angle= -202.18457215918613, vico ang deg= 0.5388192206923577 Ground Truth= 158.35424706150621
[publish_wind_direction-2] [INFO] [1749050473.510039657] [publish_wind_direction]: ***Corrected Wind Direction= S
[publish_wind_direction-2] [INFO] [1749050474.756761143] [publish_wind_direction]: Publishing: "id195:E"
[publish_wind_direction-2] [INFO] [1749050478.663688262] [publish_wind_direction]: ***Cam angle= -178.5038211275663, vico ang deg= 0.5388192206923577 Ground Truth= 182.03499809312603
[publish_wind_direction-2] [INFO] [1749050478.666212460] [publish_wind_direction]: ***Corrected Wind Direction= S
[publish_wind_direction-2] [INFO] [1749050479.756850814] [publish_wind_direction]: Publishing: "id195:E"
[publish_wind_direction-2] [INFO] [1749050483.453055233] [publish_wind_direction]: ***Cam angle= -155.5259368547982, vico ang deg= 0.5388192206923577 Ground Truth= 205.01288236589414
[publish_wind_direction-2] [INFO] [1749050483.455531018] [publish_wind_direction]: ***Corrected Wind Direction= S
[publish_wind_direction-2] [INFO] [1749050484.756823782] [publish_wind_direction]: Publishing: "id195:E"
[publish_wind_direction-2] [INFO] [1749050488.773298633] [publish_wind_direction]: ***Cam angle= -204.83681208121783, vico ang deg= 0.5388192206923577 Ground Truth= 155.70200713947452
[publish_wind_direction-2] [INFO] [1749050488.776682564] [publish_wind_direction]: ***Corrected Wind Direction= S
[publish_wind_direction-2] [INFO] [1749050488.783318140] [publish_wind_direction]: w=0.6116 x_rot=0.3808  y_rot=-0.5932 z_rot=0.3593
[publish_wind_direction-2] [INFO] [1749050488.787095312] [publish_wind_direction]: Vicon Yaw Rads= 0.9975732478103874
[publish_wind_direction-2] [INFO] [1749050488.790564754] [publish_wind_direction]: ** Vicon Yaw Degrees= 57.156736854693385
[publish_wind_direction-2] [INFO] [1749050488.793969756] [publish_wind_direction]: Vicon Position= [-983.9716796875, 228.24240112304688]
[publish_wind_direction-2] [INFO] [1749050488.797526874] [publish_wind_direction]: Neighbourhood size: 2
[publish_wind_direction-2] [INFO] [1749050489.757075356] [publish_wind_direction]: Publishing: "id195:E"
[publish_wind_direction-2] [INFO] [1749050493.681108954] [publish_wind_direction]: ***Cam angle= -999.0, vico ang deg= 57.156736854693385 Ground Truth= 138.15673685469335
[publish_wind_direction-2] [INFO] [1749050493.683577826] [publish_wind_direction]: ***Corrected Wind Direction= S
[publish_wind_direction-2] [INFO] [1749050494.756679878] [publish_wind_direction]: Publishing: "id195:E"
[publish_wind_direction-2] [INFO] [1749050498.746240266] [publish_wind_direction]: ***Cam angle= -230.74964541075818, vico ang deg= 57.156736854693385 Ground Truth= 186.4070914439352
[publish_wind_direction-2] [INFO] [1749050498.748633334] [publish_wind_direction]: ***Corrected Wind Direction= S
[publish_wind_direction-2] [INFO] [1749050499.756520771] [publish_wind_direction]: Publishing: "id195:E"
[publish_wind_direction-2] [INFO] [1749050503.794667865] [publish_wind_direction]: ***Cam angle= -136.3595081197825, vico ang deg= 57.156736854693385 Ground Truth= 280.79722873491085
[publish_wind_direction-2] [INFO] [1749050503.797114581] [publish_wind_direction]: ***Corrected Wind Direction= E
[publish_wind_direction-2] [INFO] [1749050504.756663617] [publish_wind_direction]: Publishing: "id195:E"
[publish_wind_direction-2] [INFO] [1749050508.699473814] [publish_wind_direction]: ***Cam angle= -227.61903763840374, vico ang deg= 57.156736854693385 Ground Truth= 189.53769921628964
[publish_wind_direction-2] [INFO] [1749050508.701886963] [publish_wind_direction]: ***Corrected Wind Direction= S
[publish_wind_direction-2] [INFO] [1749050509.756861042] [publish_wind_direction]: Publishing: "id195:E"
[publish_wind_direction-2] [INFO] [1749050513.586241876] [publish_wind_direction]: ***Cam angle= -194.45297121543467, vico ang deg= 57.156736854693385 Ground Truth= 222.7037656392587
[publish_wind_direction-2] [INFO] [1749050513.588659546] [publish_wind_direction]: ***Corrected Wind Direction= S
[publish_wind_direction-2] [INFO] [1749050517.284238452] [publish_wind_direction]: ***Cam angle= -137.85950926442538, vico ang deg= 57.156736854693385 Ground Truth= 279.297227590268
[publish_wind_direction-2] [INFO] [1749050517.286676010] [publish_wind_direction]: ***Corrected Wind Direction= E
[publish_wind_direction-2] [INFO] [1749050517.290893516] [publish_wind_direction]: Publishing: "id195:E"
[publish_wind_direction-2] [INFO] [1749050521.006933770] [publish_wind_direction]: ***Cam angle= -145.38499220746715, vico ang deg= 57.156736854693385 Ground Truth= 271.7717446472262
[publish_wind_direction-2] [INFO] [1749050521.010460483] [publish_wind_direction]: ***Corrected Wind Direction= E
[publish_wind_direction-2] [INFO] [1749050521.016840870] [publish_wind_direction]: Publishing: "id195:E"
[publish_wind_direction-2] [INFO] [1749050524.997556629] [publish_wind_direction]: ***Cam angle= -180.40433905427386, vico ang deg= 57.156736854693385 Ground Truth= 236.75239780041952
[publish_wind_direction-2] [INFO] [1749050525.001007516] [publish_wind_direction]: ***Corrected Wind Direction= E
[publish_wind_direction-2] [INFO] [1749050525.007216681] [publish_wind_direction]: Publishing: "id195:E"
[publish_wind_direction-2] [INFO] [1749050529.101248922] [publish_wind_direction]: ***Cam angle= -93.69061217852862, vico ang deg= 57.156736854693385 Ground Truth= 323.4661246761648
[publish_wind_direction-2] [INFO] [1749050529.103707484] [publish_wind_direction]: ***Corrected Wind Direction= N
[publish_wind_direction-2] [INFO] [1749050533.102778850] [publish_wind_direction]: ***Cam angle= -198.1705225945187, vico ang deg= 57.156736854693385 Ground Truth= 218.98621426017468
[publish_wind_direction-2] [INFO] [1749050533.105348849] [publish_wind_direction]: ***Corrected Wind Direction= S
[publish_wind_direction-2] [INFO] [1749050533.109614249] [publish_wind_direction]: Publishing: "id195:E"
[publish_wind_direction-2] [INFO] [1749050537.353266289] [publish_wind_direction]: ***Cam angle= -198.81519517948658, vico ang deg= 57.156736854693385 Ground Truth= 218.3415416752068
[publish_wind_direction-2] [INFO] [1749050537.355759999] [publish_wind_direction]: ***Corrected Wind Direction= S
[publish_wind_direction-2] [INFO] [1749050537.359996293] [publish_wind_direction]: Publishing: "id195:E"
[publish_wind_direction-2] [INFO] [1749050541.493752262] [publish_wind_direction]: ***Cam angle= -209.62754598056455, vico ang deg= 57.156736854693385 Ground Truth= 207.52919087412883
[publish_wind_direction-2] [INFO] [1749050541.496334633] [publish_wind_direction]: ***Corrected Wind Direction= S
[publish_wind_direction-2] [INFO] [1749050541.500557059] [publish_wind_direction]: Publishing: "id195:E"
[publish_wind_direction-2] [INFO] [1749050541.504444826] [publish_wind_direction]: w=0.1937 x_rot=0.6972  y_rot=-0.1598 z_rot=0.6714
[publish_wind_direction-2] [INFO] [1749050541.506984034] [publish_wind_direction]: Vicon Yaw Rads= 1.9766786434441932
[publish_wind_direction-2] [INFO] [1749050541.509601994] [publish_wind_direction]: ** Vicon Yaw Degrees= 113.25534372299717
[publish_wind_direction-2] [INFO] [1749050541.512054356] [publish_wind_direction]: Vicon Position= [-903.5028686523438, 182.55618286132812]
[publish_wind_direction-2] [INFO] [1749050541.514694425] [publish_wind_direction]: Neighbourhood size: 4
[publish_wind_direction-2] [INFO] [1749050545.249349887] [publish_wind_direction]: ***Cam angle= -165.66944796962161, vico ang deg= 113.25534372299717 Ground Truth= 307.58589575337555
[publish_wind_direction-2] [INFO] [1749050545.251829507] [publish_wind_direction]: ***Corrected Wind Direction= E
[publish_wind_direction-2] [INFO] [1749050545.256084451] [publish_wind_direction]: Publishing: "id195:E"
[publish_wind_direction-2] [INFO] [1749050549.064278385] [publish_wind_direction]: ***Cam angle= -193.11652154713445, vico ang deg= 113.25534372299717 Ground Truth= 280.13882217586274
[publish_wind_direction-2] [INFO] [1749050549.066723639] [publish_wind_direction]: ***Corrected Wind Direction= E
[publish_wind_direction-2] [INFO] [1749050553.382653285] [publish_wind_direction]: ***Cam angle= -203.26212719475677, vico ang deg= 113.25534372299717 Ground Truth= 269.9932165282404
[publish_wind_direction-2] [INFO] [1749050553.385151757] [publish_wind_direction]: ***Corrected Wind Direction= E
[publish_wind_direction-2] [INFO] [1749050553.389400426] [publish_wind_direction]: Publishing: "id195:E"
[publish_wind_direction-2] [INFO] [1749050557.568043555] [publish_wind_direction]: ***Cam angle= -217.24953784709894, vico ang deg= 113.25534372299717 Ground Truth= 256.0058058758982
[publish_wind_direction-2] [INFO] [1749050557.570550952] [publish_wind_direction]: ***Corrected Wind Direction= E
[publish_wind_direction-2] [INFO] [1749050557.574809251] [publish_wind_direction]: Publishing: "id195:E"
[publish_wind_direction-2] [INFO] [1749050561.354630448] [publish_wind_direction]: ***Cam angle= -230.1000080835435, vico ang deg= 113.25534372299717 Ground Truth= 243.15533563945365
[publish_wind_direction-2] [INFO] [1749050561.358037184] [publish_wind_direction]: ***Corrected Wind Direction= E
[publish_wind_direction-2] [INFO] [1749050561.364225316] [publish_wind_direction]: Publishing: "id195:E"
[publish_wind_direction-2] [INFO] [1749050565.101580986] [publish_wind_direction]: ***Cam angle= -177.79480629954145, vico ang deg= 113.25534372299717 Ground Truth= 295.4605374234557
[publish_wind_direction-2] [INFO] [1749050565.104047869] [publish_wind_direction]: ***Corrected Wind Direction= E
[publish_wind_direction-2] [INFO] [1749050565.108321372] [publish_wind_direction]: Publishing: "id195:E"
[publish_wind_direction-2] [INFO] [1749050568.787361090] [publish_wind_direction]: ***Cam angle= -176.99541415548498, vico ang deg= 113.25534372299717 Ground Truth= 296.2599295675122
[publish_wind_direction-2] [INFO] [1749050568.789773663] [publish_wind_direction]: ***Corrected Wind Direction= E
[publish_wind_direction-2] [INFO] [1749050572.497410413] [publish_wind_direction]: ***Cam angle= -123.22537753942851, vico ang deg= 113.25534372299717 Ground Truth= 350.02996618356866
[publish_wind_direction-2] [INFO] [1749050572.499883667] [publish_wind_direction]: ***Corrected Wind Direction= N
[publish_wind_direction-2] [INFO] [1749050572.504099157] [publish_wind_direction]: Publishing: "id195:E"
[publish_wind_direction-2] [INFO] [1749050576.628750202] [publish_wind_direction]: ***Cam angle= -202.66760509418114, vico ang deg= 113.25534372299717 Ground Truth= 270.58773862881606
[publish_wind_direction-2] [INFO] [1749050576.631187848] [publish_wind_direction]: ***Corrected Wind Direction= E
[publish_wind_direction-2] [INFO] [1749050576.635438669] [publish_wind_direction]: Publishing: "id195:E"
[publish_wind_direction-2] [INFO] [1749050580.439823680] [publish_wind_direction]: ***Cam angle= -999.0, vico ang deg= 113.25534372299717 Ground Truth= 194.25534372299717
[publish_wind_direction-2] [INFO] [1749050580.442332080] [publish_wind_direction]: ***Corrected Wind Direction= S
[publish_wind_direction-2] [INFO] [1749050580.446559866] [publish_wind_direction]: Publishing: "id195:E"
[publish_wind_direction-2] [INFO] [1749050584.565348880] [publish_wind_direction]: ***Cam angle= -201.70030337481703, vico ang deg= 113.25534372299717 Ground Truth= 271.5550403481801
[publish_wind_direction-2] [INFO] [1749050584.567867539] [publish_wind_direction]: ***Corrected Wind Direction= E
[publish_wind_direction-2] [INFO] [1749050588.414228193] [publish_wind_direction]: ***Cam angle= -999.0, vico ang deg= 113.25534372299717 Ground Truth= 194.25534372299717
[publish_wind_direction-2] [INFO] [1749050588.416739556] [publish_wind_direction]: ***Corrected Wind Direction= S
[publish_wind_direction-2] [INFO] [1749050588.420984361] [publish_wind_direction]: Publishing: "id195:E"
[publish_wind_direction-2] [INFO] [1749050592.139010405] [publish_wind_direction]: ***Cam angle= -191.73997571097752, vico ang deg= 113.25534372299717 Ground Truth= 281.5153680120196
[publish_wind_direction-2] [INFO] [1749050592.141421813] [publish_wind_direction]: ***Corrected Wind Direction= E
[publish_wind_direction-2] [INFO] [1749050592.145722744] [publish_wind_direction]: Publishing: "id195:E"
[publish_wind_direction-2] [INFO] [1749050595.871945607] [publish_wind_direction]: ***Cam angle= -999.0, vico ang deg= 113.25534372299717 Ground Truth= 194.25534372299717
[publish_wind_direction-2] [INFO] [1749050595.874433416] [publish_wind_direction]: ***Corrected Wind Direction= S
[publish_wind_direction-2] [INFO] [1749050595.878685350] [publish_wind_direction]: Publishing: "id195:E"
[publish_wind_direction-2] [INFO] [1749050600.051573523] [publish_wind_direction]: ***Cam angle= -164.8200606828435, vico ang deg= 113.25534372299717 Ground Truth= 308.43528304015365
[publish_wind_direction-2] [INFO] [1749050600.054048056] [publish_wind_direction]: ***Corrected Wind Direction= E
[publish_wind_direction-2] [INFO] [1749050600.058368004] [publish_wind_direction]: Publishing: "id195:E"
[publish_wind_direction-2] [INFO] [1749050604.077027444] [publish_wind_direction]: ***Cam angle= -999.0, vico ang deg= 113.25534372299717 Ground Truth= 194.25534372299717
[publish_wind_direction-2] [INFO] [1749050604.079363821] [publish_wind_direction]: ***Corrected Wind Direction= S
[publish_wind_direction-2] [INFO] [1749050604.083896272] [publish_wind_direction]: w=0.5268 x_rot=-0.4541  y_rot=-0.5405 z_rot=-0.4734
[publish_wind_direction-2] [INFO] [1749050604.086505110] [publish_wind_direction]: Vicon Yaw Rads= -1.5933378242561371
[publish_wind_direction-2] [INFO] [1749050604.088916814] [publish_wind_direction]: ** Vicon Yaw Degrees= -91.29153266843394
[publish_wind_direction-2] [INFO] [1749050604.091380367] [publish_wind_direction]: Vicon Position= [-877.2178955078125, 301.6885681152344]
[publish_wind_direction-2] [INFO] [1749050604.093891490] [publish_wind_direction]: Neighbourhood size: 4
[publish_wind_direction-2] [INFO] [1749050607.776288701] [publish_wind_direction]: ***Cam angle= -999.0, vico ang deg= -91.29153266843394 Ground Truth= 349.708467331566
[publish_wind_direction-2] [INFO] [1749050607.778756087] [publish_wind_direction]: ***Corrected Wind Direction= N
[publish_wind_direction-2] [INFO] [1749050607.783020743] [publish_wind_direction]: Publishing: "id195:E"
[publish_wind_direction-2] [INFO] [1749050611.910811569] [publish_wind_direction]: ***Cam angle= -173.91820785236757, vico ang deg= -91.29153266843394 Ground Truth= 94.79025947919848
[publish_wind_direction-2] [INFO] [1749050611.913195869] [publish_wind_direction]: ***Corrected Wind Direction= W
[publish_wind_direction-2] [INFO] [1749050611.917455637] [publish_wind_direction]: Publishing: "id195:E"
[publish_wind_direction-2] [INFO] [1749050615.631532573] [publish_wind_direction]: ***Cam angle= -999.0, vico ang deg= -91.29153266843394 Ground Truth= 349.708467331566
[publish_wind_direction-2] [INFO] [1749050615.633919928] [publish_wind_direction]: ***Corrected Wind Direction= N
[publish_wind_direction-2] [INFO] [1749050615.638147014] [publish_wind_direction]: Publishing: "id195:E"
[publish_wind_direction-2] [INFO] [1749050619.308596062] [publish_wind_direction]: ***Cam angle= -57.96382363670015, vico ang deg= -91.29153266843394 Ground Truth= 210.7446436948659
[publish_wind_direction-2] [INFO] [1749050619.311053597] [publish_wind_direction]: ***Corrected Wind Direction= S
[publish_wind_direction-2] [INFO] [1749050619.315637137] [publish_wind_direction]: w=0.5268 x_rot=-0.4541  y_rot=-0.5405 z_rot=-0.4734
[publish_wind_direction-2] [INFO] [1749050619.318192054] [publish_wind_direction]: Vicon Yaw Rads= -1.5933378242561371
[publish_wind_direction-2] [INFO] [1749050619.320606592] [publish_wind_direction]: ** Vicon Yaw Degrees= -91.29153266843394
[publish_wind_direction-2] [INFO] [1749050619.323228948] [publish_wind_direction]: Vicon Position= [-877.2178955078125, 301.6885681152344]
[publish_wind_direction-2] [INFO] [1749050619.325765995] [publish_wind_direction]: Neighbourhood size: 4
[publish_wind_direction-2] [INFO] [1749050623.331151180] [publish_wind_direction]: ***Cam angle= -157.95481798163848, vico ang deg= -91.29153266843394 Ground Truth= 110.75364934992757
[publish_wind_direction-2] [INFO] [1749050623.334556791] [publish_wind_direction]: ***Corrected Wind Direction= W
[publish_wind_direction-2] [INFO] [1749050623.340714174] [publish_wind_direction]: Publishing: "id195:E"
[publish_wind_direction-2] [INFO] [1749050627.023930922] [publish_wind_direction]: ***Cam angle= -166.80185149752168, vico ang deg= -91.29153266843394 Ground Truth= 101.90661583404437
[publish_wind_direction-2] [INFO] [1749050627.026362478] [publish_wind_direction]: ***Corrected Wind Direction= W
[publish_wind_direction-2] [INFO] [1749050627.030612302] [publish_wind_direction]: Publishing: "id195:E"
[publish_wind_direction-2] [INFO] [1749050630.784648524] [publish_wind_direction]: ***Cam angle= -196.82356781338996, vico ang deg= -91.29153266843394 Ground Truth= 71.8848995181761
[publish_wind_direction-2] [INFO] [1749050630.787092449] [publish_wind_direction]: ***Corrected Wind Direction= W
[publish_wind_direction-2] [INFO] [1749050630.791320053] [publish_wind_direction]: Publishing: "id195:E"
[publish_wind_direction-2] [INFO] [1749050634.554444345] [publish_wind_direction]: ***Cam angle= -204.3791854279059, vico ang deg= -91.29153266843394 Ground Truth= 64.32928190366016
[publish_wind_direction-2] [INFO] [1749050634.557914951] [publish_wind_direction]: ***Corrected Wind Direction= W
[publish_wind_direction-2] [INFO] [1749050638.230213387] [publish_wind_direction]: ***Cam angle= -999.0, vico ang deg= -91.29153266843394 Ground Truth= 349.708467331566
[publish_wind_direction-2] [INFO] [1749050638.232601465] [publish_wind_direction]: ***Corrected Wind Direction= N
[publish_wind_direction-2] [INFO] [1749050638.236833643] [publish_wind_direction]: Publishing: "id195:E"
[publish_wind_direction-2] [INFO] [1749050642.326351072] [publish_wind_direction]: ***Cam angle= -141.3945462774029, vico ang deg= -91.29153266843394 Ground Truth= 127.31392105416316
[publish_wind_direction-2] [INFO] [1749050642.328773610] [publish_wind_direction]: ***Corrected Wind Direction= W
[publish_wind_direction-2] [INFO] [1749050642.332999474] [publish_wind_direction]: Publishing: "id195:E"
[publish_wind_direction-2] [INFO] [1749050646.143385340] [publish_wind_direction]: ***Cam angle= -183.07836635543754, vico ang deg= -91.29153266843394 Ground Truth= 85.63010097612852
[publish_wind_direction-2] [INFO] [1749050646.145751512] [publish_wind_direction]: ***Corrected Wind Direction= W
[publish_wind_direction-2] [INFO] [1749050646.149982820] [publish_wind_direction]: Publishing: "id195:E"
[publish_wind_direction-2] [INFO] [1749050649.990536330] [publish_wind_direction]: ***Cam angle= -241.3715479597829, vico ang deg= -91.29153266843394 Ground Truth= 27.336919371783154
[publish_wind_direction-2] [INFO] [1749050649.992925019] [publish_wind_direction]: ***Corrected Wind Direction= N
[publish_wind_direction-2] [INFO] [1749050649.997188028] [publish_wind_direction]: Publishing: "id195:E"
[publish_wind_direction-2] [INFO] [1749050653.793202469] [publish_wind_direction]: ***Cam angle= -192.2526068982013, vico ang deg= -91.29153266843394 Ground Truth= 76.45586043336476
[publish_wind_direction-2] [INFO] [1749050653.796208870] [publish_wind_direction]: ***Corrected Wind Direction= W
[publish_wind_direction-2] [INFO] [1749050657.656181765] [publish_wind_direction]: ***Cam angle= 66.39991973017746, vico ang deg= -91.29153266843394 Ground Truth= 335.10838706174354
[publish_wind_direction-2] [INFO] [1749050657.658611728] [publish_wind_direction]: ***Corrected Wind Direction= N
[publish_wind_direction-2] [INFO] [1749050657.662880885] [publish_wind_direction]: Publishing: "id195:E"
[publish_wind_direction-2] [INFO] [1749050661.524421807] [publish_wind_direction]: ***Cam angle= -177.49542300285975, vico ang deg= -91.29153266843394 Ground Truth= 91.2130443287063
[publish_wind_direction-2] [INFO] [1749050661.527809994] [publish_wind_direction]: ***Corrected Wind Direction= W
[publish_wind_direction-2] [INFO] [1749050661.533935028] [publish_wind_direction]: Publishing: "id195:E"
[publish_wind_direction-2] [INFO] [1749050665.668217568] [publish_wind_direction]: ***Cam angle= -188.3632352470355, vico ang deg= -91.29153266843394 Ground Truth= 80.34523208453055
[publish_wind_direction-2] [INFO] [1749050665.670653031] [publish_wind_direction]: ***Corrected Wind Direction= W
[publish_wind_direction-2] [INFO] [1749050665.674935836] [publish_wind_direction]: Publishing: "id195:E"
[publish_wind_direction-2] [INFO] [1749050669.832299486] [publish_wind_direction]: ***Cam angle= -173.301422635807, vico ang deg= -91.29153266843394 Ground Truth= 95.40704469575905
[publish_wind_direction-2] [INFO] [1749050669.834713117] [publish_wind_direction]: ***Corrected Wind Direction= W
[publish_wind_direction-2] [INFO] [1749050669.838965165] [publish_wind_direction]: Publishing: "id195:E"
[publish_wind_direction-2] [INFO] [1749050674.054314233] [publish_wind_direction]: ***Cam angle= -146.5659911700746, vico ang deg= -91.29153266843394 Ground Truth= 122.14247616149146
[publish_wind_direction-2] [INFO] [1749050674.057659997] [publish_wind_direction]: ***Corrected Wind Direction= W
[publish_wind_direction-2] [INFO] [1749050677.896958143] [publish_wind_direction]: ***Cam angle= -230.8312392781065, vico ang deg= -91.29153266843394 Ground Truth= 37.87722805345959
[publish_wind_direction-2] [INFO] [1749050677.899394476] [publish_wind_direction]: ***Corrected Wind Direction= N
[publish_wind_direction-2] [INFO] [1749050677.903083048] [publish_wind_direction]: Raising exception
[publish_wind_direction-2] [INFO] [1749050677.905559860] [publish_wind_direction]: Publisher stopping, exception
[INFO] [publish_wind_direction-2]: process has finished cleanly [pid 843]
[random_robot_move-1] [INFO] [1749050690.379647816] [random_robot_move]: Exception, shutting down
