[INFO] [launch]: All log files can be found below /home/thymio/.ros/log/2025-06-06-14-46-22-169925-thymio-842
[INFO] [launch]: Default logging verbosity is set to INFO
[INFO] [random_robot_move-1]: process started with pid [872]
[INFO] [publish_wind_direction-2]: process started with pid [874]
[publish_wind_direction-2] /usr/lib/python3/dist-packages/scipy/__init__.py:146: UserWarning: A NumPy version >=1.17.3 and <1.25.0 is required for this version of SciPy (detected version 1.26.4
[publish_wind_direction-2]   warnings.warn(f"A NumPy version >={np_minversion} and <{np_maxversion}"
[publish_wind_direction-2] [INFO] [1749221186.160362802] [publish_wind_direction]: Physical Ip=134.34.226.247, id=id247
[publish_wind_direction-2] [INFO] [1749221186.198545092] [publish_wind_direction]: Subscribed to: vicon/default/data
[random_robot_move-1] [INFO] [1749221189.043576843] [random_robot_move]: Robot Control Node started.
[publish_wind_direction-2] [INFO] [1749221191.186436730] [publish_wind_direction]: Publishing: "id247:N"
[publish_wind_direction-2] [INFO] [1749221196.186446802] [publish_wind_direction]: Publishing: "id247:N"
[publish_wind_direction-2] [INFO] [1749221201.186555738] [publish_wind_direction]: Publishing: "id247:N"
[publish_wind_direction-2] [INFO] [1749221206.186539160] [publish_wind_direction]: Publishing: "id247:N"
[publish_wind_direction-2] [INFO] [1749221211.185978897] [publish_wind_direction]: Publishing: "id247:N"
[publish_wind_direction-2] [INFO] [1749221216.186262119] [publish_wind_direction]: Publishing: "id247:N"
[publish_wind_direction-2] [INFO] [1749221221.186420795] [publish_wind_direction]: Publishing: "id247:N"
[publish_wind_direction-2] [INFO] [1749221226.186242916] [publish_wind_direction]: Publishing: "id247:N"
[publish_wind_direction-2] [INFO] [1749221231.186197721] [publish_wind_direction]: Publishing: "id247:N"
[publish_wind_direction-2] [INFO] [1749221236.186200340] [publish_wind_direction]: Publishing: "id247:N"
[publish_wind_direction-2] [INFO] [1749221241.186228963] [publish_wind_direction]: Publishing: "id247:N"
[publish_wind_direction-2] [INFO] [1749221246.186394220] [publish_wind_direction]: Publishing: "id247:N"
[publish_wind_direction-2] [INFO] [1749221251.186513862] [publish_wind_direction]: Publishing: "id247:N"
[publish_wind_direction-2] [INFO] [1749221256.186365359] [publish_wind_direction]: Publishing: "id247:N"
[publish_wind_direction-2] [INFO] [1749221261.186368448] [publish_wind_direction]: Publishing: "id247:N"
[publish_wind_direction-2] [INFO] [1749221266.186049305] [publish_wind_direction]: Publishing: "id247:N"
[publish_wind_direction-2] [INFO] [1749221271.186661337] [publish_wind_direction]: Publishing: "id247:N"
[publish_wind_direction-2] [INFO] [1749221276.186305731] [publish_wind_direction]: Publishing: "id247:N"
[publish_wind_direction-2] [INFO] [1749221281.186579502] [publish_wind_direction]: Publishing: "id247:N"
[publish_wind_direction-2] [INFO] [1749221286.186401180] [publish_wind_direction]: Publishing: "id247:N"
[publish_wind_direction-2] [INFO] [1749221291.186273258] [publish_wind_direction]: Publishing: "id247:N"
[publish_wind_direction-2] [INFO] [1749221296.186626055] [publish_wind_direction]: Publishing: "id247:N"
[publish_wind_direction-2] [INFO] [1749221301.186386481] [publish_wind_direction]: Publishing: "id247:N"
[publish_wind_direction-2] [INFO] [1749221306.186935108] [publish_wind_direction]: Publishing: "id247:N"
[publish_wind_direction-2] [INFO] [1749221311.186279557] [publish_wind_direction]: Publishing: "id247:N"
[publish_wind_direction-2] [INFO] [1749221316.186220147] [publish_wind_direction]: Publishing: "id247:N"
[publish_wind_direction-2] [INFO] [1749221321.186160530] [publish_wind_direction]: Publishing: "id247:N"
[publish_wind_direction-2] [INFO] [1749221326.186343221] [publish_wind_direction]: Publishing: "id247:N"
[publish_wind_direction-2] [INFO] [1749221331.186170326] [publish_wind_direction]: Publishing: "id247:N"
[publish_wind_direction-2] [INFO] [1749221336.186125028] [publish_wind_direction]: Publishing: "id247:N"
[publish_wind_direction-2] [INFO] [1749221341.186164226] [publish_wind_direction]: Publishing: "id247:N"
[publish_wind_direction-2] [INFO] [1749221346.186149523] [publish_wind_direction]: Publishing: "id247:N"
[publish_wind_direction-2] [INFO] [1749221351.186140289] [publish_wind_direction]: Publishing: "id247:N"
[publish_wind_direction-2] [INFO] [1749221356.186148451] [publish_wind_direction]: Publishing: "id247:N"
[publish_wind_direction-2] [INFO] [1749221361.186256212] [publish_wind_direction]: Publishing: "id247:N"
[publish_wind_direction-2] [INFO] [1749221366.186169999] [publish_wind_direction]: Publishing: "id247:N"
[publish_wind_direction-2] [INFO] [1749221371.186377225] [publish_wind_direction]: Publishing: "id247:N"
[publish_wind_direction-2] [INFO] [1749221376.187064076] [publish_wind_direction]: Publishing: "id247:N"
[publish_wind_direction-2] [INFO] [1749221381.186326482] [publish_wind_direction]: Publishing: "id247:N"
[publish_wind_direction-2] [INFO] [1749221386.186392949] [publish_wind_direction]: Publishing: "id247:N"
[publish_wind_direction-2] [INFO] [1749221391.186304989] [publish_wind_direction]: Publishing: "id247:N"
[publish_wind_direction-2] [INFO] [1749221396.186319864] [publish_wind_direction]: Publishing: "id247:N"
[publish_wind_direction-2] [INFO] [1749221401.186341064] [publish_wind_direction]: Publishing: "id247:N"
[publish_wind_direction-2] [INFO] [1749221406.186314290] [publish_wind_direction]: Publishing: "id247:N"
[publish_wind_direction-2] [INFO] [1749221411.186329745] [publish_wind_direction]: Publishing: "id247:N"
[publish_wind_direction-2] [INFO] [1749221416.186492703] [publish_wind_direction]: Publishing: "id247:N"
[publish_wind_direction-2] [INFO] [1749221421.186519528] [publish_wind_direction]: Publishing: "id247:N"
[publish_wind_direction-2] [INFO] [1749221426.186321811] [publish_wind_direction]: Publishing: "id247:N"
[publish_wind_direction-2] [INFO] [1749221431.186405214] [publish_wind_direction]: Publishing: "id247:N"
[publish_wind_direction-2] [INFO] [1749221436.186486614] [publish_wind_direction]: Publishing: "id247:N"
[publish_wind_direction-2] [INFO] [1749221441.186325393] [publish_wind_direction]: Publishing: "id247:N"
[publish_wind_direction-2] [INFO] [1749221446.186299943] [publish_wind_direction]: Publishing: "id247:N"
[publish_wind_direction-2] [INFO] [1749221451.186332263] [publish_wind_direction]: Publishing: "id247:N"
[publish_wind_direction-2] [INFO] [1749221456.186360024] [publish_wind_direction]: Publishing: "id247:N"
[publish_wind_direction-2] [INFO] [1749221461.186305097] [publish_wind_direction]: Publishing: "id247:N"
[publish_wind_direction-2] [INFO] [1749221466.186305233] [publish_wind_direction]: Publishing: "id247:N"
[publish_wind_direction-2] [INFO] [1749221471.186234334] [publish_wind_direction]: Publishing: "id247:N"
[publish_wind_direction-2] [INFO] [1749221476.186208050] [publish_wind_direction]: Publishing: "id247:N"
[publish_wind_direction-2] [INFO] [1749221481.186158014] [publish_wind_direction]: Publishing: "id247:N"
[publish_wind_direction-2] [INFO] [1749221486.186196132] [publish_wind_direction]: Publishing: "id247:N"
[publish_wind_direction-2] [INFO] [1749221491.186187227] [publish_wind_direction]: Publishing: "id247:N"
[publish_wind_direction-2] [INFO] [1749221496.186303292] [publish_wind_direction]: Publishing: "id247:N"
[publish_wind_direction-2] [INFO] [1749221501.186255683] [publish_wind_direction]: Publishing: "id247:N"
[publish_wind_direction-2] [INFO] [1749221506.186221339] [publish_wind_direction]: Publishing: "id247:N"
[publish_wind_direction-2] [INFO] [1749221511.186207376] [publish_wind_direction]: Publishing: "id247:N"
[publish_wind_direction-2] [INFO] [1749221516.186258483] [publish_wind_direction]: Publishing: "id247:N"
[publish_wind_direction-2] [INFO] [1749221521.186248985] [publish_wind_direction]: Publishing: "id247:N"
[publish_wind_direction-2] [INFO] [1749221526.186157195] [publish_wind_direction]: Publishing: "id247:N"
[publish_wind_direction-2] [INFO] [1749221531.186270485] [publish_wind_direction]: Publishing: "id247:N"
[publish_wind_direction-2] [INFO] [1749221536.186164428] [publish_wind_direction]: Publishing: "id247:N"
[publish_wind_direction-2] [INFO] [1749221541.186616435] [publish_wind_direction]: Publishing: "id247:N"
[publish_wind_direction-2] [INFO] [1749221546.186200089] [publish_wind_direction]: Publishing: "id247:N"
[publish_wind_direction-2] [INFO] [1749221551.186195926] [publish_wind_direction]: Publishing: "id247:N"
[publish_wind_direction-2] [INFO] [1749221556.186070006] [publish_wind_direction]: Publishing: "id247:N"
[publish_wind_direction-2] [INFO] [1749221561.186153729] [publish_wind_direction]: Publishing: "id247:N"
[publish_wind_direction-2] [INFO] [1749221566.186262073] [publish_wind_direction]: Publishing: "id247:N"
[publish_wind_direction-2] [INFO] [1749221571.186246836] [publish_wind_direction]: Publishing: "id247:N"
[publish_wind_direction-2] [INFO] [1749221576.186315261] [publish_wind_direction]: Publishing: "id247:N"
[publish_wind_direction-2] [INFO] [1749221581.186205444] [publish_wind_direction]: Publishing: "id247:N"
[publish_wind_direction-2] [INFO] [1749221586.185967772] [publish_wind_direction]: Publishing: "id247:N"
[publish_wind_direction-2] [INFO] [1749221591.186422014] [publish_wind_direction]: Publishing: "id247:N"
[publish_wind_direction-2] [INFO] [1749221596.186275622] [publish_wind_direction]: Publishing: "id247:N"
[publish_wind_direction-2] [INFO] [1749221601.186149676] [publish_wind_direction]: Publishing: "id247:N"
[publish_wind_direction-2] [INFO] [1749221606.186824917] [publish_wind_direction]: Publishing: "id247:N"
[publish_wind_direction-2] [INFO] [1749221611.186141777] [publish_wind_direction]: Publishing: "id247:N"
[publish_wind_direction-2] [INFO] [1749221616.186112642] [publish_wind_direction]: Publishing: "id247:N"
[publish_wind_direction-2] [INFO] [1749221621.186161512] [publish_wind_direction]: Publishing: "id247:N"
[publish_wind_direction-2] [INFO] [1749221626.186148280] [publish_wind_direction]: Publishing: "id247:N"
[publish_wind_direction-2] [INFO] [1749221631.186358704] [publish_wind_direction]: Publishing: "id247:N"
[publish_wind_direction-2] [INFO] [1749221636.186143671] [publish_wind_direction]: Publishing: "id247:N"
[publish_wind_direction-2] [INFO] [1749221641.186210866] [publish_wind_direction]: Publishing: "id247:N"
[publish_wind_direction-2] [INFO] [1749221646.186301706] [publish_wind_direction]: Publishing: "id247:N"
[publish_wind_direction-2] [INFO] [1749221651.186778931] [publish_wind_direction]: Publishing: "id247:N"
[publish_wind_direction-2] [INFO] [1749221656.186403418] [publish_wind_direction]: Publishing: "id247:N"
[publish_wind_direction-2] [INFO] [1749221661.186354669] [publish_wind_direction]: Publishing: "id247:N"
[publish_wind_direction-2] [INFO] [1749221666.186236345] [publish_wind_direction]: Publishing: "id247:N"
[publish_wind_direction-2] [INFO] [1749221671.186227447] [publish_wind_direction]: Publishing: "id247:N"
[publish_wind_direction-2] [INFO] [1749221676.186344875] [publish_wind_direction]: Publishing: "id247:N"
[publish_wind_direction-2] [INFO] [1749221681.186146239] [publish_wind_direction]: Publishing: "id247:N"
[publish_wind_direction-2] [INFO] [1749221686.186195387] [publish_wind_direction]: Publishing: "id247:N"
[publish_wind_direction-2] [INFO] [1749221691.186185860] [publish_wind_direction]: Publishing: "id247:N"
[publish_wind_direction-2] [INFO] [1749221696.186203876] [publish_wind_direction]: Publishing: "id247:N"
[publish_wind_direction-2] [INFO] [1749221701.186217245] [publish_wind_direction]: Publishing: "id247:N"
[publish_wind_direction-2] [INFO] [1749221706.186202739] [publish_wind_direction]: Publishing: "id247:N"
[publish_wind_direction-2] [INFO] [1749221711.186241078] [publish_wind_direction]: Publishing: "id247:N"
[publish_wind_direction-2] [INFO] [1749221716.186430248] [publish_wind_direction]: Publishing: "id247:N"
[publish_wind_direction-2] [INFO] [1749221721.186245217] [publish_wind_direction]: Publishing: "id247:N"
[publish_wind_direction-2] [INFO] [1749221726.186149936] [publish_wind_direction]: Publishing: "id247:N"
[publish_wind_direction-2] [INFO] [1749221731.186221851] [publish_wind_direction]: Publishing: "id247:N"
[publish_wind_direction-2] [INFO] [1749221736.186174084] [publish_wind_direction]: Publishing: "id247:N"
[publish_wind_direction-2] [INFO] [1749221741.186315704] [publish_wind_direction]: Publishing: "id247:N"
[publish_wind_direction-2] [INFO] [1749221746.186288334] [publish_wind_direction]: Publishing: "id247:N"
[publish_wind_direction-2] [INFO] [1749221751.186322286] [publish_wind_direction]: Publishing: "id247:N"
[publish_wind_direction-2] [INFO] [1749221756.186419280] [publish_wind_direction]: Publishing: "id247:N"
[publish_wind_direction-2] [INFO] [1749221761.186410901] [publish_wind_direction]: Publishing: "id247:N"
[publish_wind_direction-2] [INFO] [1749221766.186295576] [publish_wind_direction]: Publishing: "id247:N"
[publish_wind_direction-2] [INFO] [1749221771.186322512] [publish_wind_direction]: Publishing: "id247:N"
[publish_wind_direction-2] [INFO] [1749221776.186344396] [publish_wind_direction]: Publishing: "id247:N"
[publish_wind_direction-2] [INFO] [1749221781.186338145] [publish_wind_direction]: Publishing: "id247:N"
[publish_wind_direction-2] [INFO] [1749221786.186330544] [publish_wind_direction]: Publishing: "id247:N"
[publish_wind_direction-2] [INFO] [1749221791.186258011] [publish_wind_direction]: Publishing: "id247:N"
[publish_wind_direction-2] [INFO] [1749221796.186269863] [publish_wind_direction]: Publishing: "id247:N"
[publish_wind_direction-2] [INFO] [1749221801.186329376] [publish_wind_direction]: Publishing: "id247:N"
[publish_wind_direction-2] [INFO] [1749221806.186310780] [publish_wind_direction]: Publishing: "id247:N"
[publish_wind_direction-2] [INFO] [1749221811.186232547] [publish_wind_direction]: Publishing: "id247:N"
[publish_wind_direction-2] [INFO] [1749221816.186231868] [publish_wind_direction]: Publishing: "id247:N"
[publish_wind_direction-2] [INFO] [1749221821.186307891] [publish_wind_direction]: Publishing: "id247:N"
[publish_wind_direction-2] [INFO] [1749221826.186222661] [publish_wind_direction]: Publishing: "id247:N"
[publish_wind_direction-2] [INFO] [1749221831.186170619] [publish_wind_direction]: Publishing: "id247:N"
[publish_wind_direction-2] [INFO] [1749221836.186192299] [publish_wind_direction]: Publishing: "id247:N"
[publish_wind_direction-2] [INFO] [1749221841.186082896] [publish_wind_direction]: Publishing: "id247:N"
[publish_wind_direction-2] [INFO] [1749221846.186176818] [publish_wind_direction]: Publishing: "id247:N"
[publish_wind_direction-2] [INFO] [1749221851.186237608] [publish_wind_direction]: Publishing: "id247:N"
[publish_wind_direction-2] [INFO] [1749221856.186284238] [publish_wind_direction]: Publishing: "id247:N"
[publish_wind_direction-2] [INFO] [1749221861.186210448] [publish_wind_direction]: Publishing: "id247:N"
[publish_wind_direction-2] [INFO] [1749221866.186292468] [publish_wind_direction]: Publishing: "id247:N"
[publish_wind_direction-2] [INFO] [1749221871.186278518] [publish_wind_direction]: Publishing: "id247:N"
[publish_wind_direction-2] [INFO] [1749221876.186222847] [publish_wind_direction]: Publishing: "id247:N"
[publish_wind_direction-2] [INFO] [1749221881.186224685] [publish_wind_direction]: Publishing: "id247:N"
[publish_wind_direction-2] [INFO] [1749221886.186242997] [publish_wind_direction]: Publishing: "id247:N"
[publish_wind_direction-2] [INFO] [1749221891.186722929] [publish_wind_direction]: Publishing: "id247:N"
[publish_wind_direction-2] [INFO] [1749221896.186205564] [publish_wind_direction]: Publishing: "id247:N"
[publish_wind_direction-2] [INFO] [1749221901.186145877] [publish_wind_direction]: Publishing: "id247:N"
[publish_wind_direction-2] [INFO] [1749221906.186293513] [publish_wind_direction]: Publishing: "id247:N"
[publish_wind_direction-2] [INFO] [1749221911.186172394] [publish_wind_direction]: Publishing: "id247:N"
[publish_wind_direction-2] [INFO] [1749221916.186178618] [publish_wind_direction]: Publishing: "id247:N"
[publish_wind_direction-2] [INFO] [1749221921.186265340] [publish_wind_direction]: Publishing: "id247:N"
[publish_wind_direction-2] [INFO] [1749221926.186194492] [publish_wind_direction]: Publishing: "id247:N"
[publish_wind_direction-2] [INFO] [1749221931.186212748] [publish_wind_direction]: Publishing: "id247:N"
[publish_wind_direction-2] [INFO] [1749221936.186031640] [publish_wind_direction]: Publishing: "id247:N"
[publish_wind_direction-2] [INFO] [1749221941.186183015] [publish_wind_direction]: Publishing: "id247:N"
[publish_wind_direction-2] [INFO] [1749221946.186207508] [publish_wind_direction]: Publishing: "id247:N"
[publish_wind_direction-2] [INFO] [1749221951.186190893] [publish_wind_direction]: Publishing: "id247:N"
[publish_wind_direction-2] [INFO] [1749221956.186570560] [publish_wind_direction]: Publishing: "id247:N"
[publish_wind_direction-2] [INFO] [1749221961.186248301] [publish_wind_direction]: Publishing: "id247:N"
[publish_wind_direction-2] [INFO] [1749221966.186172807] [publish_wind_direction]: Publishing: "id247:N"
[publish_wind_direction-2] [INFO] [1749221971.186189693] [publish_wind_direction]: Publishing: "id247:N"
[publish_wind_direction-2] [INFO] [1749221976.186368980] [publish_wind_direction]: Publishing: "id247:N"
[publish_wind_direction-2] [INFO] [1749221981.186168438] [publish_wind_direction]: Publishing: "id247:N"
[publish_wind_direction-2] [INFO] [1749221986.186414080] [publish_wind_direction]: Publishing: "id247:N"
[publish_wind_direction-2] [INFO] [1749221991.186116753] [publish_wind_direction]: Publishing: "id247:N"
[publish_wind_direction-2] [INFO] [1749221996.186184058] [publish_wind_direction]: Publishing: "id247:N"
[publish_wind_direction-2] [INFO] [1749222001.186201166] [publish_wind_direction]: Publishing: "id247:N"
[publish_wind_direction-2] [INFO] [1749222006.186212703] [publish_wind_direction]: Publishing: "id247:N"
[publish_wind_direction-2] [INFO] [1749222011.186179707] [publish_wind_direction]: Publishing: "id247:N"
[publish_wind_direction-2] [INFO] [1749222016.186212992] [publish_wind_direction]: Publishing: "id247:N"
[publish_wind_direction-2] [INFO] [1749222021.186214589] [publish_wind_direction]: Publishing: "id247:N"
[publish_wind_direction-2] [INFO] [1749222026.186239934] [publish_wind_direction]: Publishing: "id247:N"
[publish_wind_direction-2] [INFO] [1749222031.186374299] [publish_wind_direction]: Publishing: "id247:N"
[publish_wind_direction-2] [INFO] [1749222036.186270689] [publish_wind_direction]: Publishing: "id247:N"
[publish_wind_direction-2] [INFO] [1749222041.186298089] [publish_wind_direction]: Publishing: "id247:N"
[publish_wind_direction-2] [INFO] [1749222046.186294781] [publish_wind_direction]: Publishing: "id247:N"
[publish_wind_direction-2] [INFO] [1749222051.190093627] [publish_wind_direction]: Publishing: "id247:N"
[publish_wind_direction-2] [INFO] [1749222056.186272063] [publish_wind_direction]: Publishing: "id247:N"
[publish_wind_direction-2] [INFO] [1749222061.186244805] [publish_wind_direction]: Publishing: "id247:N"
[publish_wind_direction-2] [INFO] [1749222066.186283199] [publish_wind_direction]: Publishing: "id247:N"
[publish_wind_direction-2] [INFO] [1749222071.186148475] [publish_wind_direction]: Publishing: "id247:N"
[publish_wind_direction-2] [INFO] [1749222076.186475558] [publish_wind_direction]: Publishing: "id247:N"
[publish_wind_direction-2] [INFO] [1749222081.186162387] [publish_wind_direction]: Publishing: "id247:N"
[publish_wind_direction-2] [INFO] [1749222086.186136572] [publish_wind_direction]: Publishing: "id247:N"
[publish_wind_direction-2] [INFO] [1749222091.186115366] [publish_wind_direction]: Raising exception
[publish_wind_direction-2] [INFO] [1749222091.188922073] [publish_wind_direction]: Publisher stopping, exception
[INFO] [publish_wind_direction-2]: process has finished cleanly [pid 874]
[random_robot_move-1] [INFO] [1749222098.057298589] [random_robot_move]: Exception, shutting down
