1749836233.5665600 [INFO] [launch]: All log files can be found below /home/thymio/ros_logs/2025-06-13-17-37-13-562326-thymio-6663
1749836233.5672548 [INFO] [launch]: Default logging verbosity is set to INFO
1749836233.8649702 [INFO] [service_vicon_node-1]: process started with pid [6664]
1749836233.8659000 [INFO] [service_neighbours_opinions-2]: process started with pid [6666]
1749836233.8667104 [INFO] [random_robot_move-3]: process started with pid [6668]
1749836233.8676069 [INFO] [publish_wind_direction-4]: process started with pid [6670]
1749836235.8257637 [publish_wind_direction-4] /usr/lib/python3/dist-packages/scipy/__init__.py:146: UserWarning: A NumPy version >=1.17.3 and <1.25.0 is required for this version of SciPy (detected version 1.26.4
1749836235.8264108 [publish_wind_direction-4]   warnings.warn(f"A NumPy version >={np_minversion} and <{np_maxversion}"
1749836235.9462469 [service_neighbours_opinions-2] [INFO] [1749836235.945379708] [service_neighbours_opinions]: Physical Ip=192.168.3.82, id=id82
1749836235.9513795 [service_neighbours_opinions-2] [INFO] [1749836235.949768819] [service_neighbours_opinions]: Updated ID from mapping: id152
1749836235.9638724 [service_neighbours_opinions-2] [INFO] [1749836235.962879022] [service_neighbours_opinions]: Subscribed to: wind_direction/id68
1749836235.9757535 [service_neighbours_opinions-2] [INFO] [1749836235.973831615] [service_neighbours_opinions]: Subscribed to: wind_direction/id136
1749836235.9852886 [service_neighbours_opinions-2] [INFO] [1749836235.984316782] [service_neighbours_opinions]: Subscribed to: wind_direction/id137
1749836235.9971013 [service_neighbours_opinions-2] [INFO] [1749836235.996133893] [service_neighbours_opinions]: Subscribed to: wind_direction/id142
1749836236.0005236 [service_vicon_node-1] [INFO] [1749836235.999606041] [service_vicon_node]: Physical Ip=192.168.3.82, id=id82
1749836236.0029578 [service_neighbours_opinions-2] [INFO] [1749836236.001964837] [service_neighbours_opinions]: Subscribed to: wind_direction/id151
1749836236.0056250 [service_vicon_node-1] [INFO] [1749836236.004234226] [service_vicon_node]: Updated ID from mapping: id152
1749836236.0093269 [service_neighbours_opinions-2] [INFO] [1749836236.008085911] [service_neighbours_opinions]: Subscribed to: wind_direction/id155
1749836236.0158617 [service_neighbours_opinions-2] [INFO] [1749836236.014876041] [service_neighbours_opinions]: Subscribed to: wind_direction/id189
1749836236.0214710 [service_neighbours_opinions-2] [INFO] [1749836236.020395282] [service_neighbours_opinions]: Subscribed to: wind_direction/id192
1749836236.0239742 [service_vicon_node-1] [INFO] [1749836236.020697041] [service_vicon_node]: Subscribed to: vicon/default/data
1749836236.0277965 [service_neighbours_opinions-2] [INFO] [1749836236.026823022] [service_neighbours_opinions]: Subscribed to: wind_direction/id193
1749836236.0335360 [service_neighbours_opinions-2] [INFO] [1749836236.032641374] [service_neighbours_opinions]: Subscribed to: wind_direction/id194
1749836236.0389955 [service_neighbours_opinions-2] [INFO] [1749836236.038125763] [service_neighbours_opinions]: Subscribed to: wind_direction/id195
1749836236.0444515 [service_neighbours_opinions-2] [INFO] [1749836236.043502837] [service_neighbours_opinions]: Subscribed to: wind_direction/id200
1749836236.0499094 [service_neighbours_opinions-2] [INFO] [1749836236.049120041] [service_neighbours_opinions]: Subscribed to: wind_direction/id206
1749836236.0553193 [service_neighbours_opinions-2] [INFO] [1749836236.054482652] [service_neighbours_opinions]: Subscribed to: wind_direction/id207
1749836236.0611608 [service_neighbours_opinions-2] [INFO] [1749836236.060295930] [service_neighbours_opinions]: Subscribed to: wind_direction/id223
1749836236.0665147 [service_neighbours_opinions-2] [INFO] [1749836236.065690115] [service_neighbours_opinions]: Subscribed to: wind_direction/id224
1749836236.0719078 [service_neighbours_opinions-2] [INFO] [1749836236.071062670] [service_neighbours_opinions]: Subscribed to: wind_direction/id236
1749836236.0777454 [service_neighbours_opinions-2] [INFO] [1749836236.076411244] [service_neighbours_opinions]: Subscribed to: wind_direction/id247
1749836236.0825648 [service_neighbours_opinions-2] [INFO] [1749836236.081781819] [service_neighbours_opinions]: Subscribed to: wind_direction/id1193
1749836236.4880629 [publish_wind_direction-4] [INFO] [1749836236.487332244] [publish_wind_direction]: Physical Ip=192.168.3.82, id=id82
1749836236.4916379 [publish_wind_direction-4] [INFO] [1749836236.491029170] [publish_wind_direction]: Updated ID from mapping: id152
1749836236.5014627 [publish_wind_direction-4] [INFO] [1749836236.500763170] [publish_wind_direction]: Publsihing on: wind_direction/id152
1749836243.8467000 [random_robot_move-3] [INFO] [1749836243.845890518] [random_robot_move]: Robot Control Node started.
1749836256.6293743 [service_vicon_node-1] [INFO] [1749836256.628540177] [service_vicon_node]: Frame_no: 309651
1749836261.5628262 [publish_wind_direction-4] [ERROR] [1749836261.562010266] [publish_wind_direction]: get_pose_data service not available!
1749836267.0444198 [service_vicon_node-1] [INFO] [1749836267.043611467] [service_vicon_node]: Frame_no: 309957
1749836277.5619681 [service_vicon_node-1] [INFO] [1749836277.560418979] [service_vicon_node]: Frame_no: 310324
1749836286.6277149 [publish_wind_direction-4] [ERROR] [1749836286.626965103] [publish_wind_direction]: get_opinions service not available!
1749836287.8376715 [service_vicon_node-1] [INFO] [1749836287.836354251] [service_vicon_node]: Frame_no: 310507
1749836287.9412999 [service_neighbours_opinions-2] [INFO] [1749836287.940416677] [service_neighbours_opinions]: All opinions size= 3
1749836287.9477067 [publish_wind_direction-4] [INFO] [1749836287.946979232] [publish_wind_direction]: ### Informed ###
1749836287.9526694 [publish_wind_direction-4] [INFO] [1749836287.951943121] [publish_wind_direction]: Publishing: id152:E
1749836287.9566543 [publish_wind_direction-4] [INFO] [1749836287.955775565] [publish_wind_direction]: ------------------
1749836293.2594647 [service_neighbours_opinions-2] [INFO] [1749836293.258570155] [service_neighbours_opinions]: All opinions size= 5
1749836293.2672966 [publish_wind_direction-4] [INFO] [1749836293.266564673] [publish_wind_direction]: ### Informed ###
1749836293.2823925 [publish_wind_direction-4] [INFO] [1749836293.277855933] [publish_wind_direction]: Publishing: id152:E
1749836293.2891684 [publish_wind_direction-4] [INFO] [1749836293.288099210] [publish_wind_direction]: ------------------
1749836297.8038180 [service_neighbours_opinions-2] [INFO] [1749836297.802968800] [service_neighbours_opinions]: All opinions size= 7
1749836297.8090873 [publish_wind_direction-4] [INFO] [1749836297.808297708] [publish_wind_direction]: ### Informed ###
1749836297.8180521 [publish_wind_direction-4] [INFO] [1749836297.816974208] [publish_wind_direction]: Publishing: id152:S
1749836297.8273761 [publish_wind_direction-4] [INFO] [1749836297.826289004] [publish_wind_direction]: ------------------
1749836298.5439832 [service_vicon_node-1] [INFO] [1749836298.542793855] [service_vicon_node]: Frame_no: 310720
1749836303.0586247 [service_neighbours_opinions-2] [INFO] [1749836303.057444316] [service_neighbours_opinions]: All opinions size= 11
1749836303.0714221 [publish_wind_direction-4] [INFO] [1749836303.070648038] [publish_wind_direction]: ### Informed ###
1749836303.0794256 [publish_wind_direction-4] [INFO] [1749836303.078670075] [publish_wind_direction]: Publishing: id152:W
1749836303.0842278 [publish_wind_direction-4] [INFO] [1749836303.083522316] [publish_wind_direction]: ------------------
1749836307.8001590 [service_neighbours_opinions-2] [INFO] [1749836307.799324183] [service_neighbours_opinions]: All opinions size= 12
1749836307.8052526 [publish_wind_direction-4] [INFO] [1749836307.804512257] [publish_wind_direction]: ### Informed ###
1749836307.8100967 [publish_wind_direction-4] [INFO] [1749836307.809418091] [publish_wind_direction]: Publishing: id152:W
1749836307.8136210 [publish_wind_direction-4] [INFO] [1749836307.812923442] [publish_wind_direction]: ------------------
1749836310.4145913 [service_vicon_node-1] [INFO] [1749836310.413718515] [service_vicon_node]: Frame_no: 310831
1749836312.7306836 [service_neighbours_opinions-2] [INFO] [1749836312.729863495] [service_neighbours_opinions]: All opinions size= 14
1749836312.7392318 [publish_wind_direction-4] [INFO] [1749836312.738500199] [publish_wind_direction]: ### Informed ###
1749836312.7440028 [publish_wind_direction-4] [INFO] [1749836312.743260736] [publish_wind_direction]: Publishing: id152:W
1749836312.7475760 [publish_wind_direction-4] [INFO] [1749836312.746909477] [publish_wind_direction]: ------------------
1749836318.3952503 [service_neighbours_opinions-2] [INFO] [1749836318.394364362] [service_neighbours_opinions]: All opinions size= 15
1749836318.5028772 [publish_wind_direction-4] [INFO] [1749836318.502081103] [publish_wind_direction]: ### Informed ###
1749836318.5126193 [publish_wind_direction-4] [INFO] [1749836318.511509288] [publish_wind_direction]: Publishing: id152:W
1749836318.5214553 [publish_wind_direction-4] [INFO] [1749836318.518095936] [publish_wind_direction]: ------------------
1749836320.5658214 [service_vicon_node-1] [INFO] [1749836320.564968509] [service_vicon_node]: Frame_no: 311131
1749836323.0711250 [service_neighbours_opinions-2] [INFO] [1749836323.070270563] [service_neighbours_opinions]: All opinions size= 15
1749836323.0789664 [publish_wind_direction-4] [INFO] [1749836323.078278267] [publish_wind_direction]: ### Informed ###
1749836323.0857019 [publish_wind_direction-4] [INFO] [1749836323.085027748] [publish_wind_direction]: Publishing: id152:N
1749836323.0909963 [publish_wind_direction-4] [INFO] [1749836323.090265878] [publish_wind_direction]: ------------------
1749836327.7383428 [service_neighbours_opinions-2] [INFO] [1749836327.737549338] [service_neighbours_opinions]: All opinions size= 17
1749836327.7718530 [publish_wind_direction-4] [INFO] [1749836327.770792579] [publish_wind_direction]: ### Informed ###
1749836327.7816844 [publish_wind_direction-4] [INFO] [1749836327.780649431] [publish_wind_direction]: Publishing: id152:E
1749836327.7881720 [publish_wind_direction-4] [INFO] [1749836327.787430190] [publish_wind_direction]: ------------------
1749836330.8461304 [service_vicon_node-1] [INFO] [1749836330.844957021] [service_vicon_node]: Frame_no: 311754
1749836332.7922466 [service_neighbours_opinions-2] [INFO] [1749836332.791167372] [service_neighbours_opinions]: All opinions size= 17
1749836332.7978065 [publish_wind_direction-4] [INFO] [1749836332.797104835] [publish_wind_direction]: ### Informed ###
1749836332.8026407 [publish_wind_direction-4] [INFO] [1749836332.801957205] [publish_wind_direction]: Publishing: id152:E
1749836332.8061268 [publish_wind_direction-4] [INFO] [1749836332.805470650] [publish_wind_direction]: ------------------
1749836337.8949111 [service_neighbours_opinions-2] [INFO] [1749836337.894040813] [service_neighbours_opinions]: All opinions size= 18
1749836337.9002383 [publish_wind_direction-4] [INFO] [1749836337.899545628] [publish_wind_direction]: ### Informed ###
1749836337.9052465 [publish_wind_direction-4] [INFO] [1749836337.904306536] [publish_wind_direction]: Publishing: id152:N
1749836337.9088571 [publish_wind_direction-4] [INFO] [1749836337.908105332] [publish_wind_direction]: ------------------
1749836348.0013485 [service_neighbours_opinions-2] [INFO] [1749836347.999649270] [service_neighbours_opinions]: All opinions size= 18
1749836349.2086997 [service_neighbours_opinions-2] [INFO] [1749836349.207608899] [service_neighbours_opinions]: All opinions size= 18
1749836349.2101874 [publish_wind_direction-4] [INFO] [1749836349.207747066] [publish_wind_direction]: ### Informed ###
1749836349.2138195 [publish_wind_direction-4] [INFO] [1749836349.212832270] [publish_wind_direction]: Publishing: id152:N
1749836349.2175376 [publish_wind_direction-4] [INFO] [1749836349.216545936] [publish_wind_direction]: ------------------
1749836349.2223685 [publish_wind_direction-4] [INFO] [1749836349.221707788] [publish_wind_direction]: ### Informed ###
1749836349.2273698 [publish_wind_direction-4] [INFO] [1749836349.226344566] [publish_wind_direction]: Publishing: id152:N
1749836349.2308190 [publish_wind_direction-4] [INFO] [1749836349.229899233] [publish_wind_direction]: ------------------
1749836352.7405536 [service_neighbours_opinions-2] [INFO] [1749836352.739602749] [service_neighbours_opinions]: All opinions size= 18
1749836352.7479048 [publish_wind_direction-4] [INFO] [1749836352.747166027] [publish_wind_direction]: ### Informed ###
1749836352.7552488 [publish_wind_direction-4] [INFO] [1749836352.754530693] [publish_wind_direction]: Publishing: id152:N
1749836352.7609591 [publish_wind_direction-4] [INFO] [1749836352.760230582] [publish_wind_direction]: ------------------
1749836357.7071345 [service_neighbours_opinions-2] [INFO] [1749836357.706285876] [service_neighbours_opinions]: All opinions size= 18
1749836357.7128143 [publish_wind_direction-4] [INFO] [1749836357.711415413] [publish_wind_direction]: ### Informed ###
1749836357.7172463 [publish_wind_direction-4] [INFO] [1749836357.716249061] [publish_wind_direction]: Publishing: id152:N
1749836357.7206912 [publish_wind_direction-4] [INFO] [1749836357.719765542] [publish_wind_direction]: ------------------
1749836362.6652238 [service_neighbours_opinions-2] [INFO] [1749836362.664298151] [service_neighbours_opinions]: All opinions size= 18
1749836362.6705589 [publish_wind_direction-4] [INFO] [1749836362.669815539] [publish_wind_direction]: ### Informed ###
1749836362.6758835 [publish_wind_direction-4] [INFO] [1749836362.674855762] [publish_wind_direction]: Publishing: id152:N
1749836362.6793487 [publish_wind_direction-4] [INFO] [1749836362.678413188] [publish_wind_direction]: ------------------
1749836367.7039821 [service_neighbours_opinions-2] [INFO] [1749836367.703127388] [service_neighbours_opinions]: All opinions size= 18
1749836367.7091296 [publish_wind_direction-4] [INFO] [1749836367.708359648] [publish_wind_direction]: ### Informed ###
1749836367.7139978 [publish_wind_direction-4] [INFO] [1749836367.713314222] [publish_wind_direction]: Publishing: id152:N
1749836367.7174962 [publish_wind_direction-4] [INFO] [1749836367.716819370] [publish_wind_direction]: ------------------
1749836372.7049406 [service_neighbours_opinions-2] [INFO] [1749836372.704029885] [service_neighbours_opinions]: All opinions size= 18
1749836372.7372484 [publish_wind_direction-4] [INFO] [1749836372.709249589] [publish_wind_direction]: ### Informed ###
1749836372.7401259 [publish_wind_direction-4] [INFO] [1749836372.739451237] [publish_wind_direction]: Publishing: id152:N
1749836372.7436013 [publish_wind_direction-4] [INFO] [1749836372.742945737] [publish_wind_direction]: ------------------
1749836377.6884067 [service_neighbours_opinions-2] [INFO] [1749836377.687538105] [service_neighbours_opinions]: All opinions size= 18
1749836377.6933656 [publish_wind_direction-4] [INFO] [1749836377.692646345] [publish_wind_direction]: ### Informed ###
1749836377.7001538 [publish_wind_direction-4] [INFO] [1749836377.699484308] [publish_wind_direction]: Publishing: id152:N
1749836377.7053654 [publish_wind_direction-4] [INFO] [1749836377.704704456] [publish_wind_direction]: ------------------
1749836382.6623752 [service_neighbours_opinions-2] [INFO] [1749836382.661555231] [service_neighbours_opinions]: All opinions size= 18
1749836382.6678369 [publish_wind_direction-4] [INFO] [1749836382.667097750] [publish_wind_direction]: ### Informed ###
1749836382.6724455 [publish_wind_direction-4] [INFO] [1749836382.671702139] [publish_wind_direction]: Publishing: id152:N
1749836382.6758800 [publish_wind_direction-4] [INFO] [1749836382.675226953] [publish_wind_direction]: ------------------
1749836387.7197638 [service_neighbours_opinions-2] [INFO] [1749836387.718896450] [service_neighbours_opinions]: All opinions size= 18
1749836387.7270720 [publish_wind_direction-4] [INFO] [1749836387.726332858] [publish_wind_direction]: ### Informed ###
1749836387.7340255 [publish_wind_direction-4] [INFO] [1749836387.733317950] [publish_wind_direction]: Publishing: id152:N
1749836387.7390168 [publish_wind_direction-4] [INFO] [1749836387.738248024] [publish_wind_direction]: ------------------
1749836392.6764069 [service_neighbours_opinions-2] [INFO] [1749836392.675553336] [service_neighbours_opinions]: All opinions size= 18
1749836392.7292235 [publish_wind_direction-4] [INFO] [1749836392.681359559] [publish_wind_direction]: ### Informed ###
1749836392.7319648 [publish_wind_direction-4] [INFO] [1749836392.731351410] [publish_wind_direction]: Publishing: id152:N
1749836392.7352269 [publish_wind_direction-4] [INFO] [1749836392.734621633] [publish_wind_direction]: ------------------
1749836397.8265903 [service_neighbours_opinions-2] [INFO] [1749836397.825355111] [service_neighbours_opinions]: All opinions size= 18
1749836397.8362517 [publish_wind_direction-4] [INFO] [1749836397.835345222] [publish_wind_direction]: ### Informed ###
1749836397.8417149 [publish_wind_direction-4] [INFO] [1749836397.840756296] [publish_wind_direction]: Publishing: id152:N
1749836397.8453736 [publish_wind_direction-4] [INFO] [1749836397.844307278] [publish_wind_direction]: ------------------
1749836402.7539902 [service_neighbours_opinions-2] [INFO] [1749836402.752774775] [service_neighbours_opinions]: All opinions size= 18
1749836402.7592115 [publish_wind_direction-4] [INFO] [1749836402.758078145] [publish_wind_direction]: ### Informed ###
1749836402.7643518 [publish_wind_direction-4] [INFO] [1749836402.763306867] [publish_wind_direction]: Publishing: id152:N
1749836402.7678876 [publish_wind_direction-4] [INFO] [1749836402.766984719] [publish_wind_direction]: ------------------
1749836407.7311020 [service_neighbours_opinions-2] [INFO] [1749836407.729945846] [service_neighbours_opinions]: All opinions size= 18
1749836407.7368615 [publish_wind_direction-4] [INFO] [1749836407.735729364] [publish_wind_direction]: ### Informed ###
1749836407.7413969 [publish_wind_direction-4] [INFO] [1749836407.740454087] [publish_wind_direction]: Publishing: id152:N
1749836407.7449152 [publish_wind_direction-4] [INFO] [1749836407.743954290] [publish_wind_direction]: ------------------
1749836412.7694988 [service_neighbours_opinions-2] [INFO] [1749836412.768631565] [service_neighbours_opinions]: All opinions size= 18
1749836412.7747743 [publish_wind_direction-4] [INFO] [1749836412.773736547] [publish_wind_direction]: ### Informed ###
1749836412.7794123 [publish_wind_direction-4] [INFO] [1749836412.778506306] [publish_wind_direction]: Publishing: id152:N
1749836412.7829356 [publish_wind_direction-4] [INFO] [1749836412.782008917] [publish_wind_direction]: ------------------
1749836417.7682226 [service_neighbours_opinions-2] [INFO] [1749836417.766977692] [service_neighbours_opinions]: All opinions size= 18
1749836417.7744930 [publish_wind_direction-4] [INFO] [1749836417.773026840] [publish_wind_direction]: ### Informed ###
1749836417.7789311 [publish_wind_direction-4] [INFO] [1749836417.777939118] [publish_wind_direction]: Publishing: id152:N
1749836417.7823966 [publish_wind_direction-4] [INFO] [1749836417.781597136] [publish_wind_direction]: ------------------
1749836422.6691151 [service_neighbours_opinions-2] [INFO] [1749836422.667976930] [service_neighbours_opinions]: All opinions size= 18
1749836422.6744163 [publish_wind_direction-4] [INFO] [1749836422.673301893] [publish_wind_direction]: ### Informed ###
1749836422.6789436 [publish_wind_direction-4] [INFO] [1749836422.678222855] [publish_wind_direction]: Publishing: id152:N
1749836422.6824789 [publish_wind_direction-4] [INFO] [1749836422.681746263] [publish_wind_direction]: ------------------
1749837436.0869401 [service_neighbours_opinions-2] [INFO] [1749837436.086156214] [service_neighbours_opinions]: Raising exception at 17:57:16
1749837436.2500753 [service_neighbours_opinions-2] Traceback (most recent call last):
1749837436.2506425 [service_neighbours_opinions-2]   File "/home/thymio/ros2_ws/install/wind_direction_detector/lib/python3.10/site-packages/wind_direction_detector/neighbours_opinion_node.py", line 114, in main
1749837436.2519989 [service_neighbours_opinions-2]     rclpy.spin(neighbours_node)
1749837436.2526405 [service_neighbours_opinions-2]   File "/opt/ros/humble/local/lib/python3.10/dist-packages/rclpy/__init__.py", line 226, in spin
1749837436.2534263 [service_neighbours_opinions-2]     executor.spin_once()
1749837436.2541716 [service_neighbours_opinions-2]   File "/opt/ros/humble/local/lib/python3.10/dist-packages/rclpy/executors.py", line 739, in spin_once
1749837436.2548110 [service_neighbours_opinions-2]     self._spin_once_impl(timeout_sec)
1749837436.2554979 [service_neighbours_opinions-2]   File "/opt/ros/humble/local/lib/python3.10/dist-packages/rclpy/executors.py", line 736, in _spin_once_impl
1749837436.2596054 [service_neighbours_opinions-2]     raise handler.exception()
1749837436.2614818 [service_neighbours_opinions-2]   File "/opt/ros/humble/local/lib/python3.10/dist-packages/rclpy/task.py", line 239, in __call__
1749837436.2631111 [service_neighbours_opinions-2]     self._handler.send(None)
1749837436.2646298 [service_neighbours_opinions-2]   File "/opt/ros/humble/local/lib/python3.10/dist-packages/rclpy/executors.py", line 437, in handler
1749837436.2662499 [service_neighbours_opinions-2]     await call_coroutine(entity, arg)
1749837436.2677450 [service_neighbours_opinions-2]   File "/opt/ros/humble/local/lib/python3.10/dist-packages/rclpy/executors.py", line 351, in _execute_timer
1749837436.2693419 [service_neighbours_opinions-2]     await await_or_execute(tmr.callback)
1749837436.2709157 [service_neighbours_opinions-2]   File "/opt/ros/humble/local/lib/python3.10/dist-packages/rclpy/executors.py", line 107, in await_or_execute
1749837436.2724435 [service_neighbours_opinions-2]     return callback(*args)
1749837436.2741697 [service_neighbours_opinions-2]   File "/home/thymio/ros2_ws/install/wind_direction_detector/lib/python3.10/site-packages/wind_direction_detector/neighbours_opinion_node.py", line 65, in stop_execution
1749837436.2757297 [service_neighbours_opinions-2]     raise Exception
1749837436.2772336 [service_neighbours_opinions-2] Exception
1749837436.2786274 [service_neighbours_opinions-2] 
1749837436.2800956 [service_neighbours_opinions-2] During handling of the above exception, another exception occurred:
1749837436.2818835 [service_neighbours_opinions-2] 
1749837436.2833266 [service_neighbours_opinions-2] Traceback (most recent call last):
1749837436.2849128 [service_neighbours_opinions-2]   File "/home/thymio/ros2_ws/install/wind_direction_detector/lib/wind_direction_detector/service_neighbours_opinions", line 33, in <module>
1749837436.2864554 [service_neighbours_opinions-2]     sys.exit(load_entry_point('wind-direction-detector==0.0.0', 'console_scripts', 'service_neighbours_opinions')())
1749837436.2880347 [service_neighbours_opinions-2]   File "/home/thymio/ros2_ws/install/wind_direction_detector/lib/python3.10/site-packages/wind_direction_detector/neighbours_opinion_node.py", line 120, in main
1749837436.2896242 [service_neighbours_opinions-2]     neighbours_node.get_logger().error(e)
1749837436.2912369 [service_neighbours_opinions-2]   File "/opt/ros/humble/local/lib/python3.10/dist-packages/rclpy/impl/rcutils_logger.py", line 345, in error
1749837436.2927945 [service_neighbours_opinions-2]     return self.log(message, LoggingSeverity.ERROR, **kwargs)
1749837436.2944174 [service_neighbours_opinions-2]   File "/opt/ros/humble/local/lib/python3.10/dist-packages/rclpy/impl/rcutils_logger.py", line 318, in log
1749837436.2959824 [service_neighbours_opinions-2]     _rclpy.rclpy_logging_rcutils_log(
1749837436.2972102 [service_neighbours_opinions-2] TypeError: rclpy_logging_rcutils_log(): incompatible function arguments. The following argument types are supported:
1749837436.2984459 [service_neighbours_opinions-2]     1. (arg0: int, arg1: str, arg2: str, arg3: str, arg4: str, arg5: int) -> None
1749837436.2996387 [service_neighbours_opinions-2] 
1749837436.3013511 [service_neighbours_opinions-2] Invoked with: <LoggingSeverity.ERROR: 40>, 'service_neighbours_opinions', Exception(), 'main', '/home/thymio/ros2_ws/install/wind_direction_detector/lib/python3.10/site-packages/wind_direction_detector/neighbours_opinion_node.py', 120
1749837437.0424905 [ERROR] [service_neighbours_opinions-2]: process has died [pid 6666, exit code 1, cmd '/home/thymio/ros2_ws/install/wind_direction_detector/lib/wind_direction_detector/service_neighbours_opinions --ros-args -r __node:=service_neighbours_opinions'].
1749837441.5058692 [publish_wind_direction-4] [INFO] [1749837441.505081007] [publish_wind_direction]: Raising exception at 17:57:21
1749837441.5097091 [publish_wind_direction-4] CV2 Ver. =  4.11.0
1749837441.5100813 [publish_wind_direction-4] Error capturing image: Command '['libcamera-still', '-o', 'cam_pic.jpg', '--immediate', '--autofocus-mode', 'manual', '--lens-position', '8', '--tuning-file', 'af_jsons/ov5647_af.json']' returned non-zero exit status 255.
1749837441.5103025 [publish_wind_direction-4] Error capturing image: Command '['libcamera-still', '-o', 'cam_pic.jpg', '--immediate', '--autofocus-mode', 'manual', '--lens-position', '8', '--tuning-file', 'af_jsons/ov5647_af.json']' returned non-zero exit status 255.
1749837441.5105209 [publish_wind_direction-4] Error capturing image: Command '['libcamera-still', '-o', 'cam_pic.jpg', '--immediate', '--autofocus-mode', 'manual', '--lens-position', '8', '--tuning-file', 'af_jsons/ov5647_af.json']' returned non-zero exit status 255.
1749837441.5107746 [publish_wind_direction-4] Error capturing image: Command '['libcamera-still', '-o', 'cam_pic.jpg', '--immediate', '--autofocus-mode', 'manual', '--lens-position', '8', '--tuning-file', 'af_jsons/ov5647_af.json']' returned non-zero exit status 255.
1749837441.5110006 [publish_wind_direction-4] Error capturing image: Command '['libcamera-still', '-o', 'cam_pic.jpg', '--immediate', '--autofocus-mode', 'manual', '--lens-position', '8', '--tuning-file', 'af_jsons/ov5647_af.json']' returned non-zero exit status 255.
1749837441.5112050 [publish_wind_direction-4] Error capturing image: Command '['libcamera-still', '-o', 'cam_pic.jpg', '--immediate', '--autofocus-mode', 'manual', '--lens-position', '8', '--tuning-file', 'af_jsons/ov5647_af.json']' returned non-zero exit status 255.
1749837441.5114138 [publish_wind_direction-4] Error capturing image: Command '['libcamera-still', '-o', 'cam_pic.jpg', '--immediate', '--autofocus-mode', 'manual', '--lens-position', '8', '--tuning-file', 'af_jsons/ov5647_af.json']' returned non-zero exit status 255.
1749837441.5116339 [publish_wind_direction-4] Error capturing image: Command '['libcamera-still', '-o', 'cam_pic.jpg', '--immediate', '--autofocus-mode', 'manual', '--lens-position', '8', '--tuning-file', 'af_jsons/ov5647_af.json']' returned non-zero exit status 255.
1749837441.5118320 [publish_wind_direction-4] Error capturing image: Command '['libcamera-still', '-o', 'cam_pic.jpg', '--immediate', '--autofocus-mode', 'manual', '--lens-position', '8', '--tuning-file', 'af_jsons/ov5647_af.json']' returned non-zero exit status 255.
1749837441.5120473 [publish_wind_direction-4] Error capturing image: Command '['libcamera-still', '-o', 'cam_pic.jpg', '--immediate', '--autofocus-mode', 'manual', '--lens-position', '8', '--tuning-file', 'af_jsons/ov5647_af.json']' returned non-zero exit status 255.
1749837441.5122457 [publish_wind_direction-4] Error capturing image: Command '['libcamera-still', '-o', 'cam_pic.jpg', '--immediate', '--autofocus-mode', 'manual', '--lens-position', '8', '--tuning-file', 'af_jsons/ov5647_af.json']' returned non-zero exit status 255.
1749837441.5125558 [publish_wind_direction-4] Error capturing image: Command '['libcamera-still', '-o', 'cam_pic.jpg', '--immediate', '--autofocus-mode', 'manual', '--lens-position', '8', '--tuning-file', 'af_jsons/ov5647_af.json']' returned non-zero exit status 255.
1749837441.5128045 [publish_wind_direction-4] Error capturing image: Command '['libcamera-still', '-o', 'cam_pic.jpg', '--immediate', '--autofocus-mode', 'manual', '--lens-position', '8', '--tuning-file', 'af_jsons/ov5647_af.json']' returned non-zero exit status 255.
1749837441.5130322 [publish_wind_direction-4] Error capturing image: Command '['libcamera-still', '-o', 'cam_pic.jpg', '--immediate', '--autofocus-mode', 'manual', '--lens-position', '8', '--tuning-file', 'af_jsons/ov5647_af.json']' returned non-zero exit status 255.
1749837441.5134397 [publish_wind_direction-4] Error capturing image: Command '['libcamera-still', '-o', 'cam_pic.jpg', '--immediate', '--autofocus-mode', 'manual', '--lens-position', '8', '--tuning-file', 'af_jsons/ov5647_af.json']' returned non-zero exit status 255.
1749837441.5137212 [publish_wind_direction-4] Error capturing image: Command '['libcamera-still', '-o', 'cam_pic.jpg', '--immediate', '--autofocus-mode', 'manual', '--lens-position', '8', '--tuning-file', 'af_jsons/ov5647_af.json']' returned non-zero exit status 255.
1749837441.5139480 [publish_wind_direction-4] Error capturing image: Command '['libcamera-still', '-o', 'cam_pic.jpg', '--immediate', '--autofocus-mode', 'manual', '--lens-position', '8', '--tuning-file', 'af_jsons/ov5647_af.json']' returned non-zero exit status 255.
1749837441.5141528 [publish_wind_direction-4] Error capturing image: Command '['libcamera-still', '-o', 'cam_pic.jpg', '--immediate', '--autofocus-mode', 'manual', '--lens-position', '8', '--tuning-file', 'af_jsons/ov5647_af.json']' returned non-zero exit status 255.
1749837441.5143700 [publish_wind_direction-4] Error capturing image: Command '['libcamera-still', '-o', 'cam_pic.jpg', '--immediate', '--autofocus-mode', 'manual', '--lens-position', '8', '--tuning-file', 'af_jsons/ov5647_af.json']' returned non-zero exit status 255.
1749837441.5145738 [publish_wind_direction-4] Error capturing image: Command '['libcamera-still', '-o', 'cam_pic.jpg', '--immediate', '--autofocus-mode', 'manual', '--lens-position', '8', '--tuning-file', 'af_jsons/ov5647_af.json']' returned non-zero exit status 255.
1749837441.5147831 [publish_wind_direction-4] Error capturing image: Command '['libcamera-still', '-o', 'cam_pic.jpg', '--immediate', '--autofocus-mode', 'manual', '--lens-position', '8', '--tuning-file', 'af_jsons/ov5647_af.json']' returned non-zero exit status 255.
1749837441.5149958 [publish_wind_direction-4] Error capturing image: Command '['libcamera-still', '-o', 'cam_pic.jpg', '--immediate', '--autofocus-mode', 'manual', '--lens-position', '8', '--tuning-file', 'af_jsons/ov5647_af.json']' returned non-zero exit status 255.
1749837441.5151994 [publish_wind_direction-4] Error capturing image: Command '['libcamera-still', '-o', 'cam_pic.jpg', '--immediate', '--autofocus-mode', 'manual', '--lens-position', '8', '--tuning-file', 'af_jsons/ov5647_af.json']' returned non-zero exit status 255.
1749837441.5154126 [publish_wind_direction-4] Error capturing image: Command '['libcamera-still', '-o', 'cam_pic.jpg', '--immediate', '--autofocus-mode', 'manual', '--lens-position', '8', '--tuning-file', 'af_jsons/ov5647_af.json']' returned non-zero exit status 255.
1749837441.5156345 [publish_wind_direction-4] Error capturing image: Command '['libcamera-still', '-o', 'cam_pic.jpg', '--immediate', '--autofocus-mode', 'manual', '--lens-position', '8', '--tuning-file', 'af_jsons/ov5647_af.json']' returned non-zero exit status 255.
1749837441.5158575 [publish_wind_direction-4] Error capturing image: Command '['libcamera-still', '-o', 'cam_pic.jpg', '--immediate', '--autofocus-mode', 'manual', '--lens-position', '8', '--tuning-file', 'af_jsons/ov5647_af.json']' returned non-zero exit status 255.
1749837441.5160799 [publish_wind_direction-4] Error capturing image: Command '['libcamera-still', '-o', 'cam_pic.jpg', '--immediate', '--autofocus-mode', 'manual', '--lens-position', '8', '--tuning-file', 'af_jsons/ov5647_af.json']' returned non-zero exit status 255.
1749837441.5162873 [publish_wind_direction-4] Error capturing image: Command '['libcamera-still', '-o', 'cam_pic.jpg', '--immediate', '--autofocus-mode', 'manual', '--lens-position', '8', '--tuning-file', 'af_jsons/ov5647_af.json']' returned non-zero exit status 255.
1749837441.7485762 [publish_wind_direction-4] Traceback (most recent call last):
1749837441.7492650 [publish_wind_direction-4]   File "/home/thymio/ros2_ws/install/wind_direction_detector/lib/wind_direction_detector/publish_wind_direction", line 33, in <module>
1749837441.7498598 [publish_wind_direction-4]     sys.exit(load_entry_point('wind-direction-detector==0.0.0', 'console_scripts', 'publish_wind_direction')())
1749837441.7503998 [publish_wind_direction-4]   File "/home/thymio/ros2_ws/install/wind_direction_detector/lib/python3.10/site-packages/wind_direction_detector/publish_direction.py", line 353, in main
1749837441.7524269 [publish_wind_direction-4]     rclpy.spin(wind_direction_sensor)
1749837441.7554140 [publish_wind_direction-4]   File "/opt/ros/humble/local/lib/python3.10/dist-packages/rclpy/__init__.py", line 226, in spin
1749837441.7571955 [publish_wind_direction-4]     executor.spin_once()
1749837441.7589648 [publish_wind_direction-4]   File "/opt/ros/humble/local/lib/python3.10/dist-packages/rclpy/executors.py", line 739, in spin_once
1749837441.7604995 [publish_wind_direction-4]     self._spin_once_impl(timeout_sec)
1749837441.7624161 [publish_wind_direction-4]   File "/opt/ros/humble/local/lib/python3.10/dist-packages/rclpy/executors.py", line 736, in _spin_once_impl
1749837441.7642276 [publish_wind_direction-4]     raise handler.exception()
1749837441.7660222 [publish_wind_direction-4]   File "/opt/ros/humble/local/lib/python3.10/dist-packages/rclpy/task.py", line 239, in __call__
1749837441.7677650 [publish_wind_direction-4]     self._handler.send(None)
1749837441.7700827 [publish_wind_direction-4]   File "/opt/ros/humble/local/lib/python3.10/dist-packages/rclpy/executors.py", line 437, in handler
1749837441.7741513 [publish_wind_direction-4]     await call_coroutine(entity, arg)
1749837441.7761030 [publish_wind_direction-4]   File "/opt/ros/humble/local/lib/python3.10/dist-packages/rclpy/executors.py", line 351, in _execute_timer
1749837441.7781119 [publish_wind_direction-4]     await await_or_execute(tmr.callback)
1749837441.7805092 [publish_wind_direction-4]   File "/opt/ros/humble/local/lib/python3.10/dist-packages/rclpy/executors.py", line 107, in await_or_execute
1749837441.7831028 [publish_wind_direction-4]     return callback(*args)
1749837441.7848713 [publish_wind_direction-4]   File "/home/thymio/ros2_ws/install/wind_direction_detector/lib/python3.10/site-packages/wind_direction_detector/publish_direction.py", line 188, in make_wind_direction_opinion
1749837441.7866473 [publish_wind_direction-4]     raise Exception
1749837441.7883306 [publish_wind_direction-4] Exception
1749837442.2658272 [ERROR] [publish_wind_direction-4]: process has died [pid 6670, exit code 1, cmd '/home/thymio/ros2_ws/install/wind_direction_detector/lib/wind_direction_detector/publish_wind_direction --ros-args -r __node:=publish_wind_direction'].
1749837447.3941438 [random_robot_move-3] [INFO] [1749837447.393405874] [random_robot_move]: robot move: excetion raised at 17:57:27
1749837447.3974874 [random_robot_move-3] [INFO] [1749837447.396826282] [random_robot_move]: Exception, shutting down
1749837447.4247150 [random_robot_move-3] Initializing Thymio Robot
1749837447.4250987 [random_robot_move-3] Thymio 59274 is connected
1749837447.4253018 [random_robot_move-3] ['_id', 'event.source', 'event.args', '_fwversion', '_productId', 'buttons._raw', 'button.backward', 'button.left', 'button.center', 'button.forward', 'button.right', 'buttons._mean', 'buttons._noise', 'prox.horizontal', 'prox.comm.rx._payloads', 'prox.comm.rx._intensities', 'prox.comm.rx', 'prox.comm.tx', 'prox.ground.ambiant', 'prox.ground.reflected', 'prox.ground.delta', 'motor.left.target', 'motor.right.target', '_vbat', '_imot', 'motor.left.speed', 'motor.right.speed', 'motor.left.pwm', 'motor.right.pwm', '_integrator', 'acc', 'leds.top', 'leds.bottom.left', 'leds.bottom.right', 'leds.circle', 'temperature', 'rc5.address', 'rc5.command', 'mic.intensity', 'mic.threshold', 'mic._mean', 'timer.period', 'acc._tap', 'sd.present']
1749837447.4254968 [random_robot_move-3] Robot connected
