[INFO] [launch]: All log files can be found below /home/thymio/.ros/log/2025-06-13-15-43-16-430048-thymio-818
[INFO] [launch]: Default logging verbosity is set to INFO
[INFO] [random_robot_move-1]: process started with pid [840]
[INFO] [service_vicon_node-2]: process started with pid [842]
[INFO] [service_neighbours_opinions-3]: process started with pid [844]
[INFO] [publish_wind_direction-4]: process started with pid [846]
[service_vicon_node-2] [INFO] [1749829399.270356944] [service_vicon_node]: Physical Ip=192.168.3.79, id=id79
[service_vicon_node-2] [INFO] [1749829399.274692944] [service_vicon_node]: Updated ID from mapping: id207
[service_neighbours_opinions-3] [INFO] [1749829399.276827870] [service_neighbours_opinions]: Physical Ip=192.168.3.79, id=id79
[service_neighbours_opinions-3] [INFO] [1749829399.280385926] [service_neighbours_opinions]: Updated ID from mapping: id207
[service_neighbours_opinions-3] [INFO] [1749829399.350817204] [service_neighbours_opinions]: Subscribed to: wind_direction/id68
[service_vicon_node-2] [INFO] [1749829399.352391481] [service_vicon_node]: Subscribed to: vicon/default/data
[service_neighbours_opinions-3] [INFO] [1749829399.357101944] [service_neighbours_opinions]: Subscribed to: wind_direction/id136
[service_neighbours_opinions-3] [INFO] [1749829399.362185148] [service_neighbours_opinions]: Subscribed to: wind_direction/id137
[service_neighbours_opinions-3] [INFO] [1749829399.366514555] [service_neighbours_opinions]: Subscribed to: wind_direction/id142
[service_neighbours_opinions-3] [INFO] [1749829399.370132759] [service_neighbours_opinions]: Subscribed to: wind_direction/id151
[service_neighbours_opinions-3] [INFO] [1749829399.373734759] [service_neighbours_opinions]: Subscribed to: wind_direction/id152
[service_neighbours_opinions-3] [INFO] [1749829399.377545148] [service_neighbours_opinions]: Subscribed to: wind_direction/id155
[service_neighbours_opinions-3] [INFO] [1749829399.381044222] [service_neighbours_opinions]: Subscribed to: wind_direction/id189
[service_neighbours_opinions-3] [INFO] [1749829399.384441370] [service_neighbours_opinions]: Subscribed to: wind_direction/id192
[service_neighbours_opinions-3] [INFO] [1749829399.388287018] [service_neighbours_opinions]: Subscribed to: wind_direction/id193
[service_neighbours_opinions-3] [INFO] [1749829399.392328833] [service_neighbours_opinions]: Subscribed to: wind_direction/id194
[service_neighbours_opinions-3] [INFO] [1749829399.396605203] [service_neighbours_opinions]: Subscribed to: wind_direction/id195
[service_neighbours_opinions-3] [INFO] [1749829399.400778111] [service_neighbours_opinions]: Subscribed to: wind_direction/id200
[service_neighbours_opinions-3] [INFO] [1749829399.404617537] [service_neighbours_opinions]: Subscribed to: wind_direction/id206
[service_neighbours_opinions-3] [INFO] [1749829399.408437944] [service_neighbours_opinions]: Subscribed to: wind_direction/id223
[service_neighbours_opinions-3] [INFO] [1749829399.413337907] [service_neighbours_opinions]: Subscribed to: wind_direction/id224
[service_neighbours_opinions-3] [INFO] [1749829399.418235555] [service_neighbours_opinions]: Subscribed to: wind_direction/id236
[service_neighbours_opinions-3] [INFO] [1749829399.422727203] [service_neighbours_opinions]: Subscribed to: wind_direction/id247
[service_neighbours_opinions-3] [INFO] [1749829399.426281870] [service_neighbours_opinions]: Subscribed to: wind_direction/id1193
[publish_wind_direction-4] /usr/lib/python3/dist-packages/scipy/__init__.py:146: UserWarning: A NumPy version >=1.17.3 and <1.25.0 is required for this version of SciPy (detected version 1.26.4
[publish_wind_direction-4]   warnings.warn(f"A NumPy version >={np_minversion} and <{np_maxversion}"
[publish_wind_direction-4] [INFO] [1749829401.188324814] [publish_wind_direction]: Physical Ip=192.168.3.79, id=id79
[publish_wind_direction-4] [INFO] [1749829401.191128814] [publish_wind_direction]: Updated ID from mapping: id207
[publish_wind_direction-4] [INFO] [1749829401.200186054] [publish_wind_direction]: Publsihing on: wind_direction/id207
[random_robot_move-1] [INFO] [1749829403.900471479] [random_robot_move]: Robot Control Node started.
[service_vicon_node-2] [INFO] [1749829409.496356531] [service_vicon_node]: Vicon Position= [1074.6314697265625, 624.5477905273438], yaw: -201.75465985664434
[service_vicon_node-2] [INFO] [1749829409.500690457] [service_vicon_node]: Neighbours: {'id223', 'id152', 'id68', 'id136', 'id247', 'id151', 'id1193', 'id192', 'id189', 'id193', 'id155', 'id142'}
[service_vicon_node-2] [INFO] [1749829419.516551266] [service_vicon_node]: Vicon Position= [1132.531005859375, 989.334228515625], yaw: -179.6523484707864
[service_vicon_node-2] [INFO] [1749829419.519164784] [service_vicon_node]: Neighbours: {'id223', 'id152', 'id68', 'id136', 'id247', 'id151', 'id1193', 'id206', 'id192', 'id189', 'id193', 'id155', 'id142'}
[publish_wind_direction-4] [ERROR] [1749829428.784951186] [publish_wind_direction]: get_opinions service not available!
[service_vicon_node-2] [INFO] [1749829429.628870778] [service_vicon_node]: Vicon Position= [1017.3892822265625, 997.151123046875], yaw: -112.04987655953225
[service_vicon_node-2] [INFO] [1749829429.632091982] [service_vicon_node]: Neighbours: {'id223', 'id152', 'id68', 'id136', 'id247', 'id151', 'id1193', 'id192', 'id236', 'id193', 'id137', 'id189', 'id206', 'id155', 'id142'}
[publish_wind_direction-4] [INFO] [1749829433.083627498] [publish_wind_direction]: Pose info requested
[publish_wind_direction-4] [INFO] [1749829436.925545829] [publish_wind_direction]: Pose info requested
[service_vicon_node-2] [INFO] [1749829439.762006050] [service_vicon_node]: Vicon Position= [895.9146728515625, 1140.7174072265625], yaw: -1.264186749369405
[service_vicon_node-2] [INFO] [1749829439.764928031] [service_vicon_node]: Neighbours: {'id223', 'id152', 'id68', 'id136', 'id247', 'id151', 'id1193', 'id192', 'id236', 'id200', 'id195', 'id193', 'id137', 'id189', 'id206', 'id155', 'id142'}
[publish_wind_direction-4] [INFO] [1749829440.835223068] [publish_wind_direction]: Pose info requested
[publish_wind_direction-4] [INFO] [1749829445.160739824] [publish_wind_direction]: Pose info requested
[service_vicon_node-2] [INFO] [1749829449.823193988] [service_vicon_node]: Vicon Position= [1083.822509765625, 1086.3507080078125], yaw: -202.4150450212832
[service_vicon_node-2] [INFO] [1749829449.841126414] [service_vicon_node]: Neighbours: {'id223', 'id152', 'id68', 'id142', 'id136', 'id247', 'id151', 'id1193', 'id192', 'id236', 'id137', 'id155', 'id224'}
[publish_wind_direction-4] [INFO] [1749829450.087742266] [publish_wind_direction]: Pose info requested
[publish_wind_direction-4] [INFO] [1749829455.033174263] [publish_wind_direction]: Pose info requested
[service_vicon_node-2] [INFO] [1749829455.922102429] [service_vicon_node]: Request received. Responding with pos=array('f', [1055.43603515625, 1055.0606689453125]), yaw=-293.2959220808561, neigh=['id223', 'id152', 'id68', 'id142', 'id136', 'id247', 'id151', 'id1193', 'id192', 'id236', 'id137', 'id189', 'id155', 'id224']Response to be returned: service_messages.srv.GetPoseData_Response(my_position_xy=[1055.43603515625, 1055.0606689453125], my_vicon_yaw=-293.2959220808561, neighbours_by_id=['id223', 'id152', 'id68', 'id142', 'id136', 'id247', 'id151', 'id1193', 'id192', 'id236', 'id137', 'id189', 'id155', 'id224'])
[service_vicon_node-2] /opt/ros/humble/local/lib/python3.10/dist-packages/rclpy/service.py:76: RuntimeWarning: failed to send response (timeout): client will not receive response, at ./src/rmw_response.cpp:154, at ./src/rcl/service.c:314
[service_vicon_node-2]   self.__service.service_send_response(response, header.request_id)
[service_vicon_node-2] [INFO] [1749829456.029767651] [service_vicon_node]: Request received. Responding with pos=array('f', [1058.1444091796875, 1049.733154296875]), yaw=-266.8298122336138, neigh=['id223', 'id152', 'id68', 'id142', 'id136', 'id247', 'id151', 'id1193', 'id192', 'id236', 'id137', 'id189', 'id155', 'id224']Response to be returned: service_messages.srv.GetPoseData_Response(my_position_xy=[1058.1444091796875, 1049.733154296875], my_vicon_yaw=-266.8298122336138, neighbours_by_id=['id223', 'id152', 'id68', 'id142', 'id136', 'id247', 'id151', 'id1193', 'id192', 'id236', 'id137', 'id189', 'id155', 'id224'])
[service_vicon_node-2] [INFO] [1749829456.135442447] [service_vicon_node]: Request received. Responding with pos=array('f', [1058.614990234375, 1048.7467041015625]), yaw=-292.60721137915004, neigh=['id223', 'id152', 'id68', 'id142', 'id136', 'id247', 'id151', 'id1193', 'id192', 'id236', 'id137', 'id189', 'id155', 'id224']Response to be returned: service_messages.srv.GetPoseData_Response(my_position_xy=[1058.614990234375, 1048.7467041015625], my_vicon_yaw=-292.60721137915004, neighbours_by_id=['id223', 'id152', 'id68', 'id142', 'id136', 'id247', 'id151', 'id1193', 'id192', 'id236', 'id137', 'id189', 'id155', 'id224'])
[service_vicon_node-2] [INFO] [1749829456.245985929] [service_vicon_node]: Request received. Responding with pos=array('f', [1060.7674560546875, 1044.6922607421875]), yaw=-292.115912526075, neigh=['id223', 'id152', 'id68', 'id142', 'id136', 'id247', 'id151', 'id1193', 'id192', 'id236', 'id137', 'id189', 'id155', 'id224']Response to be returned: service_messages.srv.GetPoseData_Response(my_position_xy=[1060.7674560546875, 1044.6922607421875], my_vicon_yaw=-292.115912526075, neighbours_by_id=['id223', 'id152', 'id68', 'id142', 'id136', 'id247', 'id151', 'id1193', 'id192', 'id236', 'id137', 'id189', 'id155', 'id224'])
[service_vicon_node-2] [INFO] [1749829456.353877595] [service_vicon_node]: Request received. Responding with pos=array('f', [1061.5855712890625, 1042.8089599609375]), yaw=-278.1271743869815, neigh=['id223', 'id152', 'id68', 'id142', 'id136', 'id247', 'id151', 'id1193', 'id192', 'id236', 'id137', 'id189', 'id155', 'id224']Response to be returned: service_messages.srv.GetPoseData_Response(my_position_xy=[1061.5855712890625, 1042.8089599609375], my_vicon_yaw=-278.1271743869815, neighbours_by_id=['id223', 'id152', 'id68', 'id142', 'id136', 'id247', 'id151', 'id1193', 'id192', 'id236', 'id137', 'id189', 'id155', 'id224'])
[service_vicon_node-2] [INFO] [1749829456.365681707] [service_vicon_node]: Request received. Responding with pos=array('f', [1061.5855712890625, 1042.8089599609375]), yaw=-278.1271743869815, neigh=['id223', 'id152', 'id68', 'id142', 'id136', 'id247', 'id151', 'id1193', 'id192', 'id236', 'id137', 'id189', 'id155', 'id224']Response to be returned: service_messages.srv.GetPoseData_Response(my_position_xy=[1061.5855712890625, 1042.8089599609375], my_vicon_yaw=-278.1271743869815, neighbours_by_id=['id223', 'id152', 'id68', 'id142', 'id136', 'id247', 'id151', 'id1193', 'id192', 'id236', 'id137', 'id189', 'id155', 'id224'])
[service_vicon_node-2] [INFO] [1749829459.946838297] [service_vicon_node]: Vicon Position= [1090.468505859375, 1095.4237060546875], yaw: -150.4380630454495
[service_vicon_node-2] [INFO] [1749829459.953544797] [service_vicon_node]: Neighbours: {'id223', 'id152', 'id68', 'id142', 'id136', 'id247', 'id151', 'id1193', 'id192', 'id236', 'id137', 'id189', 'id206', 'id155', 'id224'}
[publish_wind_direction-4] [INFO] [1749829460.125954815] [publish_wind_direction]: Pose info requested
[service_vicon_node-2] [INFO] [1749829460.130141723] [service_vicon_node]: Request received. Responding with pos=array('f', [1090.468505859375, 1095.4237060546875]), yaw=-150.4380630454495, neigh=['id223', 'id152', 'id68', 'id142', 'id136', 'id247', 'id151', 'id1193', 'id192', 'id236', 'id137', 'id189', 'id206', 'id155', 'id224']Response to be returned: service_messages.srv.GetPoseData_Response(my_position_xy=[1090.468505859375, 1095.4237060546875], my_vicon_yaw=-150.4380630454495, neighbours_by_id=['id223', 'id152', 'id68', 'id142', 'id136', 'id247', 'id151', 'id1193', 'id192', 'id236', 'id137', 'id189', 'id206', 'id155', 'id224'])
[publish_wind_direction-4] [INFO] [1749829460.134500130] [publish_wind_direction]: Pose Response: pos=array('f', [1061.5855712890625, 1042.8089599609375]) yaw=-278.1271667480469
[publish_wind_direction-4] [INFO] [1749829460.138195667] [publish_wind_direction]: ***Cam angle= -58.140574582750276, vico ang deg= -278.1271667480469 Ground Truth= 23.73225866920285
[publish_wind_direction-4] [INFO] [1749829460.141778908] [publish_wind_direction]: Neighbour info requested
[publish_wind_direction-4] [INFO] [1749829460.148149797] [publish_wind_direction]: Pose Response: pos=array('f', [1061.5855712890625, 1042.8089599609375]) yaw=-278.1271667480469
[publish_wind_direction-4] [INFO] [1749829460.151911019] [publish_wind_direction]: ***Cam angle= -58.140574582750276, vico ang deg= -278.1271667480469 Ground Truth= 23.73225866920285
[publish_wind_direction-4] [INFO] [1749829460.155447927] [publish_wind_direction]: Neighbour info requested
[publish_wind_direction-4] [INFO] [1749829460.161331575] [publish_wind_direction]: Pose Response: pos=array('f', [1090.468505859375, 1095.4237060546875]) yaw=-150.4380645751953
[publish_wind_direction-4] [INFO] [1749829460.164856741] [publish_wind_direction]: ***Cam angle= -58.140574582750276, vico ang deg= -150.4380645751953 Ground Truth= 151.4213608420544
[publish_wind_direction-4] [INFO] [1749829460.167358167] [publish_wind_direction]: Neighbour info requested
[publish_wind_direction-4] [INFO] [1749829465.122909572] [publish_wind_direction]: Pose info requested
[service_vicon_node-2] [INFO] [1749829465.127048349] [service_vicon_node]: Request received. Responding with pos=array('f', [998.7691040039062, 986.4235229492188]), yaw=-320.7184485314612, neigh=['id223', 'id152', 'id68', 'id142', 'id136', 'id247', 'id151', 'id194', 'id192', 'id236', 'id1193', 'id137', 'id189', 'id206', 'id155', 'id224']Response to be returned: service_messages.srv.GetPoseData_Response(my_position_xy=[998.7691040039062, 986.4235229492188], my_vicon_yaw=-320.7184485314612, neighbours_by_id=['id223', 'id152', 'id68', 'id142', 'id136', 'id247', 'id151', 'id194', 'id192', 'id236', 'id1193', 'id137', 'id189', 'id206', 'id155', 'id224'])
[publish_wind_direction-4] [INFO] [1749829465.131921553] [publish_wind_direction]: Pose Response: pos=array('f', [998.7691040039062, 986.4235229492188]) yaw=-320.71844482421875
[publish_wind_direction-4] [INFO] [1749829465.134510238] [publish_wind_direction]: ***Cam angle= -233.18843272105363, vico ang deg= -320.71844482421875 Ground Truth= 166.09312245472756
[publish_wind_direction-4] [INFO] [1749829465.136996368] [publish_wind_direction]: Neighbour info requested
[service_vicon_node-2] [INFO] [1749829470.121265143] [service_vicon_node]: Vicon Position= [987.9998779296875, 819.9959716796875], yaw: -306.3450436116015
[service_vicon_node-2] [INFO] [1749829470.125456884] [service_vicon_node]: Neighbours: {'id223', 'id152', 'id68', 'id142', 'id136', 'id247', 'id151', 'id194', 'id192', 'id236', 'id1193', 'id195', 'id137', 'id189', 'id206', 'id155', 'id224'}
[publish_wind_direction-4] [INFO] [1749829470.316506698] [publish_wind_direction]: Pose info requested
[service_vicon_node-2] [INFO] [1749829470.322789513] [service_vicon_node]: Request received. Responding with pos=array('f', [987.4551391601562, 815.6514282226562]), yaw=-303.1598122713666, neigh=['id223', 'id152', 'id68', 'id142', 'id136', 'id247', 'id151', 'id194', 'id192', 'id236', 'id1193', 'id195', 'id137', 'id189', 'id206', 'id155', 'id224']Response to be returned: service_messages.srv.GetPoseData_Response(my_position_xy=[987.4551391601562, 815.6514282226562], my_vicon_yaw=-303.1598122713666, neighbours_by_id=['id223', 'id152', 'id68', 'id142', 'id136', 'id247', 'id151', 'id194', 'id192', 'id236', 'id1193', 'id195', 'id137', 'id189', 'id206', 'id155', 'id224'])
[publish_wind_direction-4] [INFO] [1749829470.329834920] [publish_wind_direction]: Pose Response: pos=array('f', [987.4551391601562, 815.6514282226562]) yaw=-303.1598205566406
[publish_wind_direction-4] [INFO] [1749829470.336944032] [publish_wind_direction]: ***Cam angle= -13.384547506697132, vico ang deg= -303.1598205566406 Ground Truth= 43.45563193666226
[publish_wind_direction-4] [INFO] [1749829470.342799735] [publish_wind_direction]: Neighbour info requested
[publish_wind_direction-4] [INFO] [1749829475.186195492] [publish_wind_direction]: Pose info requested
[service_vicon_node-2] [INFO] [1749829475.190521473] [service_vicon_node]: Request received. Responding with pos=array('f', [0.0, 0.0]), yaw=-160.42818263663048, neigh=['id192', 'id142', 'id223', 'id151', 'id236', 'id200', 'id137', 'id193', 'id206', 'id224', 'id152', 'id136', 'id247', 'id195', 'id189', 'id155', 'id68', 'id194', 'id1193']Response to be returned: service_messages.srv.GetPoseData_Response(my_position_xy=[0.0, 0.0], my_vicon_yaw=-160.42818263663048, neighbours_by_id=['id192', 'id142', 'id223', 'id151', 'id236', 'id200', 'id137', 'id193', 'id206', 'id224', 'id152', 'id136', 'id247', 'id195', 'id189', 'id155', 'id68', 'id194', 'id1193'])
[publish_wind_direction-4] [INFO] [1749829475.197193436] [publish_wind_direction]: Pose Response: pos=array('f', [0.0, 0.0]) yaw=-160.4281768798828
[publish_wind_direction-4] [INFO] [1749829475.200339806] [publish_wind_direction]: ***Cam angle= -12.21684416402752, vico ang deg= -160.4281768798828 Ground Truth= 187.35497895608967
[publish_wind_direction-4] [INFO] [1749829475.203034232] [publish_wind_direction]: Neighbour info requested
[publish_wind_direction-4] [INFO] [1749829480.084653174] [publish_wind_direction]: Pose info requested
[service_vicon_node-2] [INFO] [1749829480.090690470] [service_vicon_node]: Request received. Responding with pos=array('f', [961.3856201171875, 673.5868530273438]), yaw=-314.79057209993675, neigh=['id223', 'id152', 'id68', 'id142', 'id136', 'id247', 'id194', 'id192', 'id236', 'id1193', 'id195', 'id137', 'id189', 'id206', 'id155', 'id224']Response to be returned: service_messages.srv.GetPoseData_Response(my_position_xy=[961.3856201171875, 673.5868530273438], my_vicon_yaw=-314.79057209993675, neighbours_by_id=['id223', 'id152', 'id68', 'id142', 'id136', 'id247', 'id194', 'id192', 'id236', 'id1193', 'id195', 'id137', 'id189', 'id206', 'id155', 'id224'])
[publish_wind_direction-4] [INFO] [1749829480.097708155] [publish_wind_direction]: Pose Response: pos=array('f', [961.3856201171875, 673.5868530273438]) yaw=-314.7905578613281
[publish_wind_direction-4] [INFO] [1749829480.100178100] [publish_wind_direction]: ***Cam angle= -999.0, vico ang deg= -314.7905578613281 Ground Truth= 126.20944213867188
[publish_wind_direction-4] [INFO] [1749829480.102285526] [publish_wind_direction]: Neighbour info requested
[service_vicon_node-2] [INFO] [1749829480.198576415] [service_vicon_node]: Vicon Position= [0.0, 0.0], yaw: -160.42818263663048
[service_vicon_node-2] [INFO] [1749829480.201504100] [service_vicon_node]: Neighbours: {'id192', 'id142', 'id223', 'id151', 'id236', 'id200', 'id137', 'id193', 'id206', 'id224', 'id152', 'id136', 'id247', 'id195', 'id189', 'id155', 'id68', 'id194', 'id1193'}
[publish_wind_direction-4] [INFO] [1749829485.198991615] [publish_wind_direction]: Pose info requested
[service_vicon_node-2] [INFO] [1749829485.202876060] [service_vicon_node]: Request received. Responding with pos=array('f', [1050.46533203125, 619.1358642578125]), yaw=-252.10813761485656, neigh=['id223', 'id152', 'id68', 'id142', 'id136', 'id247', 'id194', 'id192', 'id236', 'id1193', 'id195', 'id137', 'id189', 'id206', 'id155', 'id224']Response to be returned: service_messages.srv.GetPoseData_Response(my_position_xy=[1050.46533203125, 619.1358642578125], my_vicon_yaw=-252.10813761485656, neighbours_by_id=['id223', 'id152', 'id68', 'id142', 'id136', 'id247', 'id194', 'id192', 'id236', 'id1193', 'id195', 'id137', 'id189', 'id206', 'id155', 'id224'])
[publish_wind_direction-4] [INFO] [1749829485.206904023] [publish_wind_direction]: Pose Response: pos=array('f', [1050.46533203125, 619.1358642578125]) yaw=-252.10813903808594
[publish_wind_direction-4] [INFO] [1749829485.209770134] [publish_wind_direction]: ***Cam angle= -24.74527167649103, vico ang deg= -252.10813903808594 Ground Truth= 83.14658928542303
[publish_wind_direction-4] [INFO] [1749829485.212994541] [publish_wind_direction]: Neighbour info requested
[publish_wind_direction-4] [INFO] [1749829489.989442501] [publish_wind_direction]: Pose info requested
[service_vicon_node-2] [INFO] [1749829489.997153057] [service_vicon_node]: Request received. Responding with pos=array('f', [1021.9661254882812, 758.964599609375]), yaw=-101.11290792640617, neigh=['id223', 'id152', 'id68', 'id142', 'id136', 'id247', 'id194', 'id192', 'id236', 'id1193', 'id195', 'id137', 'id189', 'id206', 'id155', 'id224']Response to be returned: service_messages.srv.GetPoseData_Response(my_position_xy=[1021.9661254882812, 758.964599609375], my_vicon_yaw=-101.11290792640617, neighbours_by_id=['id223', 'id152', 'id68', 'id142', 'id136', 'id247', 'id194', 'id192', 'id236', 'id1193', 'id195', 'id137', 'id189', 'id206', 'id155', 'id224'])
[publish_wind_direction-4] [INFO] [1749829490.002226983] [publish_wind_direction]: Pose Response: pos=array('f', [1021.9661254882812, 758.964599609375]) yaw=-101.11290740966797
[publish_wind_direction-4] [INFO] [1749829490.004900335] [publish_wind_direction]: ***Cam angle= -79.24874691002151, vico ang deg= -101.11290740966797 Ground Truth= 179.63834568031052
[publish_wind_direction-4] [INFO] [1749829490.007441909] [publish_wind_direction]: Neighbour info requested
[service_vicon_node-2] [INFO] [1749829490.495406834] [service_vicon_node]: Vicon Position= [1019.58203125, 776.2979125976562], yaw: -137.88100960482427
[service_vicon_node-2] [INFO] [1749829490.498921520] [service_vicon_node]: Neighbours: {'id223', 'id152', 'id68', 'id142', 'id136', 'id247', 'id194', 'id192', 'id236', 'id1193', 'id195', 'id137', 'id189', 'id206', 'id155', 'id224'}
[publish_wind_direction-4] [INFO] [1749829495.263082146] [publish_wind_direction]: Pose info requested
[service_vicon_node-2] [INFO] [1749829495.267216646] [service_vicon_node]: Request received. Responding with pos=array('f', [873.5595703125, 681.2699584960938]), yaw=5.132803545984272, neigh=['id223', 'id152', 'id68', 'id142', 'id136', 'id247', 'id194', 'id192', 'id236', 'id1193', 'id200', 'id195', 'id137', 'id189', 'id206', 'id155', 'id224']Response to be returned: service_messages.srv.GetPoseData_Response(my_position_xy=[873.5595703125, 681.2699584960938], my_vicon_yaw=5.132803545984272, neighbours_by_id=['id223', 'id152', 'id68', 'id142', 'id136', 'id247', 'id194', 'id192', 'id236', 'id1193', 'id200', 'id195', 'id137', 'id189', 'id206', 'id155', 'id224'])
[publish_wind_direction-4] [INFO] [1749829495.273155035] [publish_wind_direction]: Pose Response: pos=array('f', [873.5595703125, 681.2699584960938]) yaw=5.132803440093994
[publish_wind_direction-4] [INFO] [1749829495.277119776] [publish_wind_direction]: ***Cam angle= -213.14292066342176, vico ang deg= 5.132803440093994 Ground Truth= 151.98988277667223
[publish_wind_direction-4] [INFO] [1749829495.280992406] [publish_wind_direction]: Neighbour info requested
[publish_wind_direction-4] [INFO] [1749829500.068379384] [publish_wind_direction]: Pose info requested
[service_vicon_node-2] [INFO] [1749829500.073110532] [service_vicon_node]: Request received. Responding with pos=array('f', [793.38623046875, 669.8555908203125]), yaw=-33.619740371986516, neigh=['id223', 'id152', 'id68', 'id142', 'id136', 'id247', 'id194', 'id192', 'id236', 'id1193', 'id200', 'id195', 'id193', 'id137', 'id189', 'id206', 'id155', 'id224']Response to be returned: service_messages.srv.GetPoseData_Response(my_position_xy=[793.38623046875, 669.8555908203125], my_vicon_yaw=-33.619740371986516, neighbours_by_id=['id223', 'id152', 'id68', 'id142', 'id136', 'id247', 'id194', 'id192', 'id236', 'id1193', 'id200', 'id195', 'id193', 'id137', 'id189', 'id206', 'id155', 'id224'])
[publish_wind_direction-4] [INFO] [1749829500.077313736] [publish_wind_direction]: Pose Response: pos=array('f', [793.38623046875, 669.8555908203125]) yaw=-33.6197395324707
[publish_wind_direction-4] [INFO] [1749829500.080095106] [publish_wind_direction]: ***Cam angle= 42.99454505831628, vico ang deg= -33.6197395324707 Ground Truth= 9.374805525845574
[publish_wind_direction-4] [INFO] [1749829500.082620366] [publish_wind_direction]: Neighbour info requested
[service_vicon_node-2] [INFO] [1749829500.941222569] [service_vicon_node]: Vicon Position= [810.5302734375, 671.185546875], yaw: -58.038719729046036
[service_vicon_node-2] [INFO] [1749829500.944109124] [service_vicon_node]: Neighbours: {'id223', 'id152', 'id68', 'id142', 'id136', 'id247', 'id194', 'id192', 'id236', 'id1193', 'id200', 'id195', 'id193', 'id137', 'id189', 'id206', 'id155', 'id224'}
[publish_wind_direction-4] [INFO] [1749829505.086937381] [publish_wind_direction]: Pose info requested
[service_vicon_node-2] [INFO] [1749829505.090717881] [service_vicon_node]: Request received. Responding with pos=array('f', [729.7552490234375, 645.3750610351562]), yaw=5.256091085718485, neigh=['id223', 'id152', 'id68', 'id142', 'id136', 'id247', 'id194', 'id192', 'id236', 'id1193', 'id200', 'id195', 'id193', 'id137', 'id189', 'id206', 'id155', 'id224']Response to be returned: service_messages.srv.GetPoseData_Response(my_position_xy=[729.7552490234375, 645.3750610351562], my_vicon_yaw=5.256091085718485, neighbours_by_id=['id223', 'id152', 'id68', 'id142', 'id136', 'id247', 'id194', 'id192', 'id236', 'id1193', 'id200', 'id195', 'id193', 'id137', 'id189', 'id206', 'id155', 'id224'])
[publish_wind_direction-4] [INFO] [1749829505.097862881] [publish_wind_direction]: Pose Response: pos=array('f', [729.7552490234375, 645.3750610351562]) yaw=5.256091117858887
[publish_wind_direction-4] [INFO] [1749829505.102701252] [publish_wind_direction]: ***Cam angle= -81.24665284136466, vico ang deg= 5.256091117858887 Ground Truth= 284.0094382764942
[publish_wind_direction-4] [INFO] [1749829505.105527696] [publish_wind_direction]: Neighbour info requested
[publish_wind_direction-4] [INFO] [1749829510.114045434] [publish_wind_direction]: Pose info requested
[service_vicon_node-2] [INFO] [1749829510.117995082] [service_vicon_node]: Request received. Responding with pos=array('f', [555.299072265625, 642.4845581054688]), yaw=-14.109846795241353, neigh=['id223', 'id152', 'id68', 'id142', 'id136', 'id247', 'id194', 'id192', 'id236', 'id1193', 'id195', 'id193', 'id137', 'id189', 'id206', 'id155', 'id224']Response to be returned: service_messages.srv.GetPoseData_Response(my_position_xy=[555.299072265625, 642.4845581054688], my_vicon_yaw=-14.109846795241353, neighbours_by_id=['id223', 'id152', 'id68', 'id142', 'id136', 'id247', 'id194', 'id192', 'id236', 'id1193', 'id195', 'id193', 'id137', 'id189', 'id206', 'id155', 'id224'])
[publish_wind_direction-4] [INFO] [1749829510.122353897] [publish_wind_direction]: Pose Response: pos=array('f', [555.299072265625, 642.4845581054688]) yaw=-14.109847068786621
[publish_wind_direction-4] [INFO] [1749829510.126447360] [publish_wind_direction]: ***Cam angle= 81.15235202548078, vico ang deg= -14.109847068786621 Ground Truth= 67.04250495669416
[publish_wind_direction-4] [INFO] [1749829510.129371860] [publish_wind_direction]: Neighbour info requested
[service_vicon_node-2] [INFO] [1749829511.088145229] [service_vicon_node]: Vicon Position= [524.2604370117188, 642.2012329101562], yaw: -8.984682329142567
[service_vicon_node-2] [INFO] [1749829511.091028600] [service_vicon_node]: Neighbours: {'id223', 'id152', 'id68', 'id142', 'id136', 'id247', 'id194', 'id192', 'id236', 'id1193', 'id200', 'id195', 'id193', 'id137', 'id189', 'id206', 'id224'}
[publish_wind_direction-4] [INFO] [1749829515.119925857] [publish_wind_direction]: Pose info requested
[service_vicon_node-2] [INFO] [1749829515.123535394] [service_vicon_node]: Request received. Responding with pos=array('f', [393.299560546875, 641.33642578125]), yaw=-6.493936320176841, neigh=['id192', 'id142', 'id223', 'id151', 'id236', 'id200', 'id137', 'id193', 'id206', 'id224', 'id152', 'id136', 'id247', 'id195', 'id189', 'id155', 'id68', 'id194', 'id1193']Response to be returned: service_messages.srv.GetPoseData_Response(my_position_xy=[393.299560546875, 641.33642578125], my_vicon_yaw=-6.493936320176841, neighbours_by_id=['id192', 'id142', 'id223', 'id151', 'id236', 'id200', 'id137', 'id193', 'id206', 'id224', 'id152', 'id136', 'id247', 'id195', 'id189', 'id155', 'id68', 'id194', 'id1193'])
[publish_wind_direction-4] [INFO] [1749829515.135125931] [publish_wind_direction]: Pose Response: pos=array('f', [393.299560546875, 641.33642578125]) yaw=-6.493936538696289
[publish_wind_direction-4] [INFO] [1749829515.140554116] [publish_wind_direction]: ***Cam angle= 74.99103174829418, vico ang deg= -6.493936538696289 Ground Truth= 68.49709520959789
[publish_wind_direction-4] [INFO] [1749829515.143050986] [publish_wind_direction]: Neighbour info requested
[publish_wind_direction-4] [INFO] [1749829519.998387817] [publish_wind_direction]: Pose info requested
[publish_wind_direction-4] [INFO] [1749829525.215119610] [publish_wind_direction]: Pose info requested
[publish_wind_direction-4] [INFO] [1749829530.002638552] [publish_wind_direction]: Pose info requested
[publish_wind_direction-4] [INFO] [1749829534.969493308] [publish_wind_direction]: Pose info requested
[publish_wind_direction-4] [INFO] [1749829539.993273749] [publish_wind_direction]: Pose info requested
[publish_wind_direction-4] [INFO] [1749829545.030202635] [publish_wind_direction]: Pose info requested
[publish_wind_direction-4] [INFO] [1749829550.091263243] [publish_wind_direction]: Pose info requested
[service_vicon_node-2] [INFO] [1749829550.198351725] [service_vicon_node]: Vicon Position= [-536.3670654296875, 891.813720703125], yaw: 18.140019346250668
[service_vicon_node-2] [INFO] [1749829550.200910873] [service_vicon_node]: Neighbours: {'id223', 'id152', 'id68', 'id136', 'id151', 'id194', 'id192', 'id236', 'id1193', 'id200', 'id195', 'id193', 'id137', 'id206', 'id155', 'id142'}
[publish_wind_direction-4] [INFO] [1749829555.048062833] [publish_wind_direction]: Pose info requested
[publish_wind_direction-4] [INFO] [1749829560.085422700] [publish_wind_direction]: Pose info requested
[service_vicon_node-2] [INFO] [1749829560.226054089] [service_vicon_node]: Vicon Position= [-731.1307373046875, 992.9384155273438], yaw: -18.555092785400777
[service_vicon_node-2] [INFO] [1749829560.230057515] [service_vicon_node]: Neighbours: {'id223', 'id152', 'id68', 'id136', 'id151', 'id194', 'id1193', 'id236', 'id200', 'id195', 'id193', 'id137', 'id206', 'id155', 'id142'}
[publish_wind_direction-4] [INFO] [1749829565.004475234] [publish_wind_direction]: Pose info requested
[publish_wind_direction-4] [INFO] [1749829570.054578250] [publish_wind_direction]: Pose info requested
[service_vicon_node-2] [INFO] [1749829570.281986787] [service_vicon_node]: Vicon Position= [-1076.6353759765625, 1054.2069091796875], yaw: -27.711904113180374
[service_vicon_node-2] [INFO] [1749829570.285105713] [service_vicon_node]: Neighbours: {'id223', 'id152', 'id68', 'id151', 'id194', 'id1193', 'id236', 'id195', 'id193', 'id137', 'id206', 'id142'}
[publish_wind_direction-4] [INFO] [1749829574.932603562] [publish_wind_direction]: Pose info requested
[publish_wind_direction-4] [INFO] [1749829579.968900374] [publish_wind_direction]: Pose info requested
[service_vicon_node-2] [INFO] [1749829580.294379448] [service_vicon_node]: Vicon Position= [0.0, 0.0], yaw: -160.42818263663048
[service_vicon_node-2] [INFO] [1749829580.297647781] [service_vicon_node]: Neighbours: {'id192', 'id142', 'id223', 'id151', 'id236', 'id200', 'id137', 'id193', 'id206', 'id224', 'id152', 'id136', 'id247', 'id195', 'id189', 'id155', 'id68', 'id194', 'id1193'}
[publish_wind_direction-4] [INFO] [1749829585.077363815] [publish_wind_direction]: Pose info requested
[publish_wind_direction-4] [INFO] [1749829590.066660756] [publish_wind_direction]: Pose info requested
[service_vicon_node-2] [INFO] [1749829590.353848608] [service_vicon_node]: Vicon Position= [-881.5032348632812, 1200.1668701171875], yaw: -12.449275950066005
[service_vicon_node-2] [INFO] [1749829590.356761053] [service_vicon_node]: Neighbours: {'id223', 'id152', 'id68', 'id136', 'id247', 'id194', 'id1193', 'id236', 'id195', 'id193', 'id137', 'id206'}
[publish_wind_direction-4] [INFO] [1749829595.211915161] [publish_wind_direction]: Pose info requested
[publish_wind_direction-4] [INFO] [1749829600.108510380] [publish_wind_direction]: Pose info requested
[publish_wind_direction-4] [INFO] [1749829605.061766285] [publish_wind_direction]: Pose info requested
[publish_wind_direction-4] [INFO] [1749829610.048288930] [publish_wind_direction]: Pose info requested
[service_neighbours_opinions-3] [INFO] [1749829611.142549929] [service_neighbours_opinions]: * Received from id136, wind direction W
[service_neighbours_opinions-3] [INFO] [1749829611.146096929] [service_neighbours_opinions]: All opinions = {'id136': 'W'}
[publish_wind_direction-4] [INFO] [1749829615.076534871] [publish_wind_direction]: Pose info requested
[service_neighbours_opinions-3] [INFO] [1749829616.395391204] [service_neighbours_opinions]: * Received from id136, wind direction W
[service_neighbours_opinions-3] [INFO] [1749829616.398889315] [service_neighbours_opinions]: All opinions = {'id136': 'W'}
[publish_wind_direction-4] [INFO] [1749829620.087696831] [publish_wind_direction]: Pose info requested
[service_neighbours_opinions-3] [INFO] [1749829621.193330053] [service_neighbours_opinions]: * Received from id136, wind direction W
[service_neighbours_opinions-3] [INFO] [1749829621.196286793] [service_neighbours_opinions]: All opinions = {'id136': 'W'}
[publish_wind_direction-4] [INFO] [1749829624.995732365] [publish_wind_direction]: Pose info requested
[service_neighbours_opinions-3] [INFO] [1749829626.219676976] [service_neighbours_opinions]: * Received from id136, wind direction E
[service_neighbours_opinions-3] [INFO] [1749829626.222536013] [service_neighbours_opinions]: All opinions = {'id136': 'E'}
[publish_wind_direction-4] [INFO] [1749829630.096801362] [publish_wind_direction]: Pose info requested
[service_neighbours_opinions-3] [INFO] [1749829631.122402158] [service_neighbours_opinions]: * Received from id136, wind direction E
[service_neighbours_opinions-3] [INFO] [1749829631.126632658] [service_neighbours_opinions]: Comm. Noise, new received opinion: W
[service_neighbours_opinions-3] [INFO] [1749829631.129409158] [service_neighbours_opinions]: All opinions = {'id136': 'W'}
[publish_wind_direction-4] [INFO] [1749829634.979731193] [publish_wind_direction]: Pose info requested
[service_neighbours_opinions-3] [INFO] [1749829636.590218340] [service_neighbours_opinions]: * Received from id136, wind direction W
[service_neighbours_opinions-3] [INFO] [1749829636.593597840] [service_neighbours_opinions]: Comm. Noise, new received opinion: S
[service_neighbours_opinions-3] [INFO] [1749829636.596737988] [service_neighbours_opinions]: All opinions = {'id136': 'S'}
[publish_wind_direction-4] [INFO] [1749829640.261321875] [publish_wind_direction]: Pose info requested
[service_neighbours_opinions-3] [INFO] [1749829641.286245393] [service_neighbours_opinions]: * Received from id136, wind direction W
[service_neighbours_opinions-3] [INFO] [1749829641.290904004] [service_neighbours_opinions]: All opinions = {'id136': 'W'}
[publish_wind_direction-4] [INFO] [1749829645.361790761] [publish_wind_direction]: Pose info requested
[service_neighbours_opinions-3] [INFO] [1749829646.121145982] [service_neighbours_opinions]: * Received from id136, wind direction W
[service_neighbours_opinions-3] [INFO] [1749829646.124075075] [service_neighbours_opinions]: All opinions = {'id136': 'W'}
[publish_wind_direction-4] [INFO] [1749829650.161206258] [publish_wind_direction]: Pose info requested
[service_neighbours_opinions-3] [INFO] [1749829651.295041442] [service_neighbours_opinions]: * Received from id136, wind direction W
[service_neighbours_opinions-3] [INFO] [1749829651.299315164] [service_neighbours_opinions]: Comm. Noise, new received opinion: S
[service_neighbours_opinions-3] [INFO] [1749829651.302577961] [service_neighbours_opinions]: All opinions = {'id136': 'S'}
[publish_wind_direction-4] [INFO] [1749829655.051121199] [publish_wind_direction]: Pose info requested
[service_neighbours_opinions-3] [INFO] [1749829656.121784421] [service_neighbours_opinions]: * Received from id136, wind direction W
[service_neighbours_opinions-3] [INFO] [1749829656.125176069] [service_neighbours_opinions]: Comm. Noise, new received opinion: S
[service_neighbours_opinions-3] [INFO] [1749829656.128052328] [service_neighbours_opinions]: All opinions = {'id136': 'S'}
[publish_wind_direction-4] [INFO] [1749829659.968159011] [publish_wind_direction]: Pose info requested
[service_neighbours_opinions-3] [INFO] [1749829661.317861955] [service_neighbours_opinions]: * Received from id136, wind direction W
[service_neighbours_opinions-3] [INFO] [1749829661.321122455] [service_neighbours_opinions]: All opinions = {'id136': 'W'}
[publish_wind_direction-4] [INFO] [1749829665.017311508] [publish_wind_direction]: Pose info requested
[service_neighbours_opinions-3] [INFO] [1749829666.795228766] [service_neighbours_opinions]: * Received from id136, wind direction W
[service_neighbours_opinions-3] [INFO] [1749829666.798563137] [service_neighbours_opinions]: Comm. Noise, new received opinion: E
[service_neighbours_opinions-3] [INFO] [1749829666.801445285] [service_neighbours_opinions]: All opinions = {'id136': 'E'}
[publish_wind_direction-4] [INFO] [1749829670.025412746] [publish_wind_direction]: Pose info requested
[service_neighbours_opinions-3] [INFO] [1749829671.565231745] [service_neighbours_opinions]: * Received from id136, wind direction W
[service_neighbours_opinions-3] [INFO] [1749829671.568908449] [service_neighbours_opinions]: All opinions = {'id136': 'W'}
[publish_wind_direction-4] [INFO] [1749829674.976004391] [publish_wind_direction]: Pose info requested
[service_neighbours_opinions-3] [INFO] [1749829676.195918224] [service_neighbours_opinions]: * Received from id136, wind direction W
[service_neighbours_opinions-3] [INFO] [1749829676.198801150] [service_neighbours_opinions]: All opinions = {'id136': 'W'}
[publish_wind_direction-4] [INFO] [1749829679.970430351] [publish_wind_direction]: Pose info requested
[service_neighbours_opinions-3] [INFO] [1749829681.216035887] [service_neighbours_opinions]: * Received from id136, wind direction E
[service_neighbours_opinions-3] [INFO] [1749829681.219293869] [service_neighbours_opinions]: All opinions = {'id136': 'E'}
[publish_wind_direction-4] [INFO] [1749829684.933529237] [publish_wind_direction]: Pose info requested
[service_neighbours_opinions-3] [INFO] [1749829686.433529236] [service_neighbours_opinions]: * Received from id136, wind direction W
[service_neighbours_opinions-3] [INFO] [1749829686.436371310] [service_neighbours_opinions]: All opinions = {'id136': 'W'}
[publish_wind_direction-4] [INFO] [1749829690.038932938] [publish_wind_direction]: Pose info requested
[service_neighbours_opinions-3] [INFO] [1749829691.527602603] [service_neighbours_opinions]: * Received from id136, wind direction W
[service_neighbours_opinions-3] [INFO] [1749829691.531116011] [service_neighbours_opinions]: Comm. Noise, new received opinion: N
[service_neighbours_opinions-3] [INFO] [1749829691.534077011] [service_neighbours_opinions]: All opinions = {'id136': 'N'}
[publish_wind_direction-4] [INFO] [1749829694.972030805] [publish_wind_direction]: Pose info requested
[publish_wind_direction-4] [INFO] [1749829699.913111580] [publish_wind_direction]: Pose info requested
[publish_wind_direction-4] [INFO] [1749829705.030550521] [publish_wind_direction]: Pose info requested
[publish_wind_direction-4] [INFO] [1749829710.051357222] [publish_wind_direction]: Pose info requested
[publish_wind_direction-4] [INFO] [1749829715.014935849] [publish_wind_direction]: Pose info requested
[publish_wind_direction-4] [INFO] [1749829720.118472642] [publish_wind_direction]: Pose info requested
[publish_wind_direction-4] [INFO] [1749829724.928959176] [publish_wind_direction]: Pose info requested
[publish_wind_direction-4] [INFO] [1749829729.982572118] [publish_wind_direction]: Pose info requested
[publish_wind_direction-4] [INFO] [1749829734.978456096] [publish_wind_direction]: Pose info requested
[publish_wind_direction-4] [INFO] [1749829739.985066630] [publish_wind_direction]: Pose info requested
[publish_wind_direction-4] [INFO] [1749829744.885895794] [publish_wind_direction]: Pose info requested
[publish_wind_direction-4] [INFO] [1749829749.917217661] [publish_wind_direction]: Pose info requested
[publish_wind_direction-4] [INFO] [1749829754.895721751] [publish_wind_direction]: Pose info requested
[publish_wind_direction-4] [INFO] [1749829759.970363711] [publish_wind_direction]: Pose info requested
[publish_wind_direction-4] [INFO] [1749829764.981763837] [publish_wind_direction]: Pose info requested
[publish_wind_direction-4] [INFO] [1749829769.930377760] [publish_wind_direction]: Pose info requested
[publish_wind_direction-4] [INFO] [1749829775.047406868] [publish_wind_direction]: Pose info requested
[publish_wind_direction-4] [INFO] [1749829779.957879662] [publish_wind_direction]: Pose info requested
[publish_wind_direction-4] [INFO] [1749829784.958497288] [publish_wind_direction]: Pose info requested
[publish_wind_direction-4] [INFO] [1749829790.008186119] [publish_wind_direction]: Pose info requested
[publish_wind_direction-4] [INFO] [1749829795.006369079] [publish_wind_direction]: Pose info requested
[publish_wind_direction-4] [INFO] [1749829799.915716261] [publish_wind_direction]: Pose info requested
[publish_wind_direction-4] [INFO] [1749829804.923036332] [publish_wind_direction]: Pose info requested
[publish_wind_direction-4] [INFO] [1749829810.119079014] [publish_wind_direction]: Pose info requested
[publish_wind_direction-4] [INFO] [1749829815.047933530] [publish_wind_direction]: Pose info requested
[publish_wind_direction-4] [INFO] [1749829819.913454934] [publish_wind_direction]: Pose info requested
[publish_wind_direction-4] [INFO] [1749829824.973124672] [publish_wind_direction]: Pose info requested
[publish_wind_direction-4] [INFO] [1749829829.898642669] [publish_wind_direction]: Pose info requested
[publish_wind_direction-4] [INFO] [1749829834.945461999] [publish_wind_direction]: Pose info requested
[publish_wind_direction-4] [INFO] [1749829839.913167737] [publish_wind_direction]: Pose info requested
[publish_wind_direction-4] [INFO] [1749829845.067035179] [publish_wind_direction]: Pose info requested
[publish_wind_direction-4] [INFO] [1749829849.906942713] [publish_wind_direction]: Pose info requested
[publish_wind_direction-4] [INFO] [1749829854.919702969] [publish_wind_direction]: Pose info requested
[publish_wind_direction-4] [INFO] [1749829859.911691614] [publish_wind_direction]: Pose info requested
[publish_wind_direction-4] [INFO] [1749829864.913930222] [publish_wind_direction]: Pose info requested
[publish_wind_direction-4] [INFO] [1749829869.919902812] [publish_wind_direction]: Pose info requested
[publish_wind_direction-4] [INFO] [1749829874.967104864] [publish_wind_direction]: Pose info requested
[publish_wind_direction-4] [INFO] [1749829879.963726510] [publish_wind_direction]: Pose info requested
[publish_wind_direction-4] [INFO] [1749829885.007751025] [publish_wind_direction]: Pose info requested
[publish_wind_direction-4] [INFO] [1749829889.963309522] [publish_wind_direction]: Pose info requested
[publish_wind_direction-4] [INFO] [1749829894.942678871] [publish_wind_direction]: Pose info requested
[publish_wind_direction-4] [INFO] [1749829899.938900035] [publish_wind_direction]: Pose info requested
[publish_wind_direction-4] [INFO] [1749829904.924768995] [publish_wind_direction]: Pose info requested
[publish_wind_direction-4] [INFO] [1749829909.914198270] [publish_wind_direction]: Pose info requested
[publish_wind_direction-4] [INFO] [1749829914.930202655] [publish_wind_direction]: Pose info requested
[publish_wind_direction-4] [INFO] [1749829919.946821338] [publish_wind_direction]: Pose info requested
[publish_wind_direction-4] [INFO] [1749829924.957735112] [publish_wind_direction]: Pose info requested
[publish_wind_direction-4] [INFO] [1749829930.105197406] [publish_wind_direction]: Pose info requested
[publish_wind_direction-4] [INFO] [1749829934.999488384] [publish_wind_direction]: Pose info requested
[publish_wind_direction-4] [INFO] [1749829939.971235103] [publish_wind_direction]: Pose info requested
[publish_wind_direction-4] [INFO] [1749829945.004727582] [publish_wind_direction]: Pose info requested
[publish_wind_direction-4] [INFO] [1749829949.929616486] [publish_wind_direction]: Pose info requested
[publish_wind_direction-4] [INFO] [1749829954.988320095] [publish_wind_direction]: Pose info requested
[publish_wind_direction-4] [INFO] [1749829959.981688221] [publish_wind_direction]: Pose info requested
[publish_wind_direction-4] [INFO] [1749829964.925176348] [publish_wind_direction]: Pose info requested
[publish_wind_direction-4] [INFO] [1749829969.974822345] [publish_wind_direction]: Pose info requested
[publish_wind_direction-4] [INFO] [1749829974.918637694] [publish_wind_direction]: Pose info requested
[publish_wind_direction-4] [INFO] [1749829980.165370913] [publish_wind_direction]: Pose info requested
[publish_wind_direction-4] [INFO] [1749829984.982704206] [publish_wind_direction]: Pose info requested
[publish_wind_direction-4] [INFO] [1749829989.997806981] [publish_wind_direction]: Pose info requested
[publish_wind_direction-4] [INFO] [1749829994.974899700] [publish_wind_direction]: Pose info requested
[publish_wind_direction-4] [INFO] [1749829999.970473012] [publish_wind_direction]: Pose info requested
[publish_wind_direction-4] [INFO] [1749830004.966744676] [publish_wind_direction]: Pose info requested
[publish_wind_direction-4] [INFO] [1749830010.206391969] [publish_wind_direction]: Pose info requested
[publish_wind_direction-4] [INFO] [1749830014.979598077] [publish_wind_direction]: Pose info requested
[publish_wind_direction-4] [INFO] [1749830019.952201537] [publish_wind_direction]: Pose info requested
[publish_wind_direction-4] [INFO] [1749830025.010469757] [publish_wind_direction]: Pose info requested
[publish_wind_direction-4] [INFO] [1749830030.060160550] [publish_wind_direction]: Pose info requested
[publish_wind_direction-4] [INFO] [1749830035.006727751] [publish_wind_direction]: Pose info requested
[publish_wind_direction-4] [INFO] [1749830039.928460655] [publish_wind_direction]: Pose info requested
[publish_wind_direction-4] [INFO] [1749830044.960056226] [publish_wind_direction]: Pose info requested
[publish_wind_direction-4] [INFO] [1749830049.930504038] [publish_wind_direction]: Pose info requested
[publish_wind_direction-4] [INFO] [1749830055.008487350] [publish_wind_direction]: Pose info requested
[publish_wind_direction-4] [INFO] [1749830060.021548939] [publish_wind_direction]: Pose info requested
[publish_wind_direction-4] [INFO] [1749830064.944320788] [publish_wind_direction]: Pose info requested
[publish_wind_direction-4] [INFO] [1749830069.932578008] [publish_wind_direction]: Pose info requested
[publish_wind_direction-4] [INFO] [1749830074.923981986] [publish_wind_direction]: Pose info requested
[publish_wind_direction-4] [INFO] [1749830080.022045835] [publish_wind_direction]: Pose info requested
[publish_wind_direction-4] [INFO] [1749830084.931248517] [publish_wind_direction]: Pose info requested
[publish_wind_direction-4] [INFO] [1749830089.976765551] [publish_wind_direction]: Pose info requested
[publish_wind_direction-4] [INFO] [1749830094.960186604] [publish_wind_direction]: Pose info requested
[service_neighbours_opinions-3] [INFO] [1749830099.430359120] [service_neighbours_opinions]: Raising exception at 15:54:59
[service_neighbours_opinions-3] Traceback (most recent call last):
[service_neighbours_opinions-3]   File "/home/thymio/ros2_ws/install/wind_direction_detector/lib/python3.10/site-packages/wind_direction_detector/neighbours_opinion_node.py", line 111, in main
[service_neighbours_opinions-3]     rclpy.spin(neighbours_node)
[service_neighbours_opinions-3]   File "/opt/ros/humble/local/lib/python3.10/dist-packages/rclpy/__init__.py", line 226, in spin
[service_neighbours_opinions-3]     executor.spin_once()
[service_neighbours_opinions-3]   File "/opt/ros/humble/local/lib/python3.10/dist-packages/rclpy/executors.py", line 739, in spin_once
[service_neighbours_opinions-3]     self._spin_once_impl(timeout_sec)
[service_neighbours_opinions-3]   File "/opt/ros/humble/local/lib/python3.10/dist-packages/rclpy/executors.py", line 736, in _spin_once_impl
[service_neighbours_opinions-3]     raise handler.exception()
[service_neighbours_opinions-3]   File "/opt/ros/humble/local/lib/python3.10/dist-packages/rclpy/task.py", line 239, in __call__
[service_neighbours_opinions-3]     self._handler.send(None)
[service_neighbours_opinions-3]   File "/opt/ros/humble/local/lib/python3.10/dist-packages/rclpy/executors.py", line 437, in handler
[service_neighbours_opinions-3]     await call_coroutine(entity, arg)
[service_neighbours_opinions-3]   File "/opt/ros/humble/local/lib/python3.10/dist-packages/rclpy/executors.py", line 351, in _execute_timer
[service_neighbours_opinions-3]     await await_or_execute(tmr.callback)
[service_neighbours_opinions-3]   File "/opt/ros/humble/local/lib/python3.10/dist-packages/rclpy/executors.py", line 107, in await_or_execute
[service_neighbours_opinions-3]     return callback(*args)
[service_neighbours_opinions-3]   File "/home/thymio/ros2_ws/install/wind_direction_detector/lib/python3.10/site-packages/wind_direction_detector/neighbours_opinion_node.py", line 64, in stop_execution
[service_neighbours_opinions-3]     raise Exception
[service_neighbours_opinions-3] Exception
[service_neighbours_opinions-3] 
[service_neighbours_opinions-3] During handling of the above exception, another exception occurred:
[service_neighbours_opinions-3] 
[service_neighbours_opinions-3] Traceback (most recent call last):
[service_neighbours_opinions-3]   File "/home/thymio/ros2_ws/install/wind_direction_detector/lib/wind_direction_detector/service_neighbours_opinions", line 33, in <module>
[service_neighbours_opinions-3]     sys.exit(load_entry_point('wind-direction-detector==0.0.0', 'console_scripts', 'service_neighbours_opinions')())
[service_neighbours_opinions-3]   File "/home/thymio/ros2_ws/install/wind_direction_detector/lib/python3.10/site-packages/wind_direction_detector/neighbours_opinion_node.py", line 117, in main
[service_neighbours_opinions-3]     neighbours_node.get_logger().error(e)
[service_neighbours_opinions-3]   File "/opt/ros/humble/local/lib/python3.10/dist-packages/rclpy/impl/rcutils_logger.py", line 345, in error
[service_neighbours_opinions-3]     return self.log(message, LoggingSeverity.ERROR, **kwargs)
[service_neighbours_opinions-3]   File "/opt/ros/humble/local/lib/python3.10/dist-packages/rclpy/impl/rcutils_logger.py", line 318, in log
[service_neighbours_opinions-3]     _rclpy.rclpy_logging_rcutils_log(
[service_neighbours_opinions-3] TypeError: rclpy_logging_rcutils_log(): incompatible function arguments. The following argument types are supported:
[service_neighbours_opinions-3]     1. (arg0: int, arg1: str, arg2: str, arg3: str, arg4: str, arg5: int) -> None
[service_neighbours_opinions-3] 
[service_neighbours_opinions-3] Invoked with: <LoggingSeverity.ERROR: 40>, 'service_neighbours_opinions', Exception(), 'main', '/home/thymio/ros2_ws/install/wind_direction_detector/lib/python3.10/site-packages/wind_direction_detector/neighbours_opinion_node.py', 117
[publish_wind_direction-4] [INFO] [1749830100.046059971] [publish_wind_direction]: Pose info requested
[ERROR] [service_neighbours_opinions-3]: process has died [pid 844, exit code 1, cmd '/home/thymio/ros2_ws/install/wind_direction_detector/lib/wind_direction_detector/service_neighbours_opinions --ros-args -r __node:=service_neighbours_opinions'].
[publish_wind_direction-4] [INFO] [1749830104.942798894] [publish_wind_direction]: Pose info requested
[publish_wind_direction-4] [INFO] [1749830104.945510894] [publish_wind_direction]: Raising exception at 15:55:04
[publish_wind_direction-4] Traceback (most recent call last):
[publish_wind_direction-4]   File "/home/thymio/ros2_ws/install/wind_direction_detector/lib/wind_direction_detector/publish_wind_direction", line 33, in <module>
[publish_wind_direction-4]     sys.exit(load_entry_point('wind-direction-detector==0.0.0', 'console_scripts', 'publish_wind_direction')())
[publish_wind_direction-4]   File "/home/thymio/ros2_ws/install/wind_direction_detector/lib/python3.10/site-packages/wind_direction_detector/publish_direction.py", line 331, in main
[publish_wind_direction-4]     rclpy.spin(wind_direction_sensor)
[publish_wind_direction-4]   File "/opt/ros/humble/local/lib/python3.10/dist-packages/rclpy/__init__.py", line 226, in spin
[publish_wind_direction-4]     executor.spin_once()
[publish_wind_direction-4]   File "/opt/ros/humble/local/lib/python3.10/dist-packages/rclpy/executors.py", line 739, in spin_once
[publish_wind_direction-4]     self._spin_once_impl(timeout_sec)
[publish_wind_direction-4]   File "/opt/ros/humble/local/lib/python3.10/dist-packages/rclpy/executors.py", line 736, in _spin_once_impl
[publish_wind_direction-4]     raise handler.exception()
[publish_wind_direction-4]   File "/opt/ros/humble/local/lib/python3.10/dist-packages/rclpy/task.py", line 239, in __call__
[publish_wind_direction-4]     self._handler.send(None)
[publish_wind_direction-4]   File "/opt/ros/humble/local/lib/python3.10/dist-packages/rclpy/executors.py", line 437, in handler
[publish_wind_direction-4]     await call_coroutine(entity, arg)
[publish_wind_direction-4]   File "/opt/ros/humble/local/lib/python3.10/dist-packages/rclpy/executors.py", line 351, in _execute_timer
[publish_wind_direction-4]     await await_or_execute(tmr.callback)
[publish_wind_direction-4]   File "/opt/ros/humble/local/lib/python3.10/dist-packages/rclpy/executors.py", line 107, in await_or_execute
[publish_wind_direction-4]     return callback(*args)
[publish_wind_direction-4]   File "/home/thymio/ros2_ws/install/wind_direction_detector/lib/python3.10/site-packages/wind_direction_detector/publish_direction.py", line 169, in make_wind_direction_opinion
[publish_wind_direction-4]     raise Exception
[publish_wind_direction-4] Exception
[ERROR] [publish_wind_direction-4]: process has died [pid 846, exit code 1, cmd '/home/thymio/ros2_ws/install/wind_direction_detector/lib/wind_direction_detector/publish_wind_direction --ros-args -r __node:=publish_wind_direction'].
[random_robot_move-1] [INFO] [1749830107.270149022] [random_robot_move]: robot move: excetion raised at 15:55:07
[random_robot_move-1] [INFO] [1749830107.273828911] [random_robot_move]: Exception, shutting down
