[INFO] [launch]: All log files can be found below /home/thymio/.ros/log/2025-06-05-12-24-50-969183-thymio-820
[INFO] [launch]: Default logging verbosity is set to INFO
[INFO] [random_robot_move-1]: process started with pid [842]
[INFO] [publish_wind_direction-2]: process started with pid [844]
[publish_wind_direction-2] /usr/lib/python3/dist-packages/scipy/__init__.py:146: UserWarning: A NumPy version >=1.17.3 and <1.25.0 is required for this version of SciPy (detected version 1.26.4
[publish_wind_direction-2]   warnings.warn(f"A NumPy version >={np_minversion} and <{np_maxversion}"
[publish_wind_direction-2] [INFO] [1749126295.028804844] [publish_wind_direction]: Physical Ip=134.34.225.206, id=id206
[random_robot_move-1] [INFO] [1749126297.887919760] [random_robot_move]: Robot Control Node started.
[publish_wind_direction-2] [INFO] [1749126300.056871520] [publish_wind_direction]: Publishing: "id206:E"
[publish_wind_direction-2] [INFO] [1749126300.062471021] [publish_wind_direction]: * Received from id206, wind direction E
[publish_wind_direction-2] [INFO] [1749126300.066400206] [publish_wind_direction]: Publisher, neighbours_by_id=set()
[publish_wind_direction-2] [INFO] [1749126305.100555202] [publish_wind_direction]: ***Cam angle= 3.674339335268755, vico ang deg= 0.0 Ground Truth= 3.674339335268755
[publish_wind_direction-2] [INFO] [1749126305.103343258] [publish_wind_direction]: Publisher, Neighbourhood size: 0
[publish_wind_direction-2] [INFO] [1749126305.107502814] [publish_wind_direction]: Publishing: "id206:E"
[publish_wind_direction-2] [INFO] [1749126305.111121906] [publish_wind_direction]: * Received from id206, wind direction E
[publish_wind_direction-2] [INFO] [1749126305.113610925] [publish_wind_direction]: Publisher, neighbours_by_id=set()
[publish_wind_direction-2] [INFO] [1749126309.097369457] [publish_wind_direction]: ***Cam angle= -999.0, vico ang deg= 0.0 Ground Truth= 81.0
[publish_wind_direction-2] [INFO] [1749126309.099848327] [publish_wind_direction]: Publisher, Neighbourhood size: 0
[publish_wind_direction-2] [INFO] [1749126310.055734915] [publish_wind_direction]: Publishing: "id206:E"
[publish_wind_direction-2] [INFO] [1749126310.060004064] [publish_wind_direction]: * Received from id206, wind direction E
[publish_wind_direction-2] [INFO] [1749126310.063381453] [publish_wind_direction]: Publisher, neighbours_by_id=set()
[publish_wind_direction-2] [INFO] [1749126314.083761181] [publish_wind_direction]: ***Cam angle= 53.288780664575086, vico ang deg= 0.0 Ground Truth= 53.288780664575086
[publish_wind_direction-2] [INFO] [1749126314.087640459] [publish_wind_direction]: Publisher, Neighbourhood size: 0
[publish_wind_direction-2] [INFO] [1749126315.055514038] [publish_wind_direction]: Publishing: "id206:E"
[publish_wind_direction-2] [INFO] [1749126315.059915039] [publish_wind_direction]: * Received from id206, wind direction E
[publish_wind_direction-2] [INFO] [1749126315.062930779] [publish_wind_direction]: Publisher, neighbours_by_id=set()
[publish_wind_direction-2] [INFO] [1749126319.024486418] [publish_wind_direction]: ***Cam angle= -999.0, vico ang deg= 0.0 Ground Truth= 81.0
[publish_wind_direction-2] [INFO] [1749126319.027808585] [publish_wind_direction]: Publisher, Neighbourhood size: 0
[publish_wind_direction-2] [INFO] [1749126320.055732085] [publish_wind_direction]: Publishing: "id206:E"
[publish_wind_direction-2] [INFO] [1749126320.060546714] [publish_wind_direction]: * Received from id206, wind direction E
[publish_wind_direction-2] [INFO] [1749126320.063279233] [publish_wind_direction]: Publisher, neighbours_by_id=set()
[publish_wind_direction-2] [INFO] [1749126324.023115441] [publish_wind_direction]: ***Cam angle= -67.6719363152626, vico ang deg= 0.0 Ground Truth= 292.3280636847374
[publish_wind_direction-2] [INFO] [1749126324.026151404] [publish_wind_direction]: Publisher, Neighbourhood size: 0
[publish_wind_direction-2] [INFO] [1749126325.055949435] [publish_wind_direction]: Publishing: "id206:E"
[publish_wind_direction-2] [INFO] [1749126325.060685250] [publish_wind_direction]: * Received from id206, wind direction E
[publish_wind_direction-2] [INFO] [1749126325.063975991] [publish_wind_direction]: Publisher, neighbours_by_id=set()
[publish_wind_direction-2] [INFO] [1749126328.799410513] [publish_wind_direction]: ***Cam angle= -81.59001222961531, vico ang deg= 0.0 Ground Truth= 278.4099877703847
[publish_wind_direction-2] [INFO] [1749126328.803033420] [publish_wind_direction]: Publisher, Neighbourhood size: 0
[publish_wind_direction-2] [INFO] [1749126330.055549728] [publish_wind_direction]: Publishing: "id206:E"
[publish_wind_direction-2] [INFO] [1749126330.059541654] [publish_wind_direction]: * Received from id206, wind direction E
[publish_wind_direction-2] [INFO] [1749126330.062402228] [publish_wind_direction]: Publisher, neighbours_by_id=set()
[publish_wind_direction-2] [INFO] [1749126333.851395627] [publish_wind_direction]: ***Cam angle= -17.99961202866865, vico ang deg= 0.0 Ground Truth= 342.00038797133135
[publish_wind_direction-2] [INFO] [1749126333.853929813] [publish_wind_direction]: Publisher, Neighbourhood size: 0
[publish_wind_direction-2] [INFO] [1749126335.055552765] [publish_wind_direction]: Publishing: "id206:E"
[publish_wind_direction-2] [INFO] [1749126335.060139617] [publish_wind_direction]: * Received from id206, wind direction E
[publish_wind_direction-2] [INFO] [1749126335.063108524] [publish_wind_direction]: Publisher, neighbours_by_id=set()
[publish_wind_direction-2] [INFO] [1749126338.764473174] [publish_wind_direction]: ***Cam angle= -131.1874128614514, vico ang deg= 0.0 Ground Truth= 228.8125871385486
[publish_wind_direction-2] [INFO] [1749126338.767045507] [publish_wind_direction]: Publisher, Neighbourhood size: 0
[publish_wind_direction-2] [INFO] [1749126340.055561661] [publish_wind_direction]: Publishing: "id206:E"
[publish_wind_direction-2] [INFO] [1749126340.059466939] [publish_wind_direction]: * Received from id206, wind direction E
[publish_wind_direction-2] [INFO] [1749126340.062516568] [publish_wind_direction]: Publisher, neighbours_by_id=set()
[publish_wind_direction-2] [INFO] [1749126343.803241897] [publish_wind_direction]: ***Cam angle= -170.55795919705284, vico ang deg= 0.0 Ground Truth= 189.44204080294716
[publish_wind_direction-2] [INFO] [1749126343.805820953] [publish_wind_direction]: Publisher, Neighbourhood size: 0
[publish_wind_direction-2] [INFO] [1749126345.055593253] [publish_wind_direction]: Publishing: "id206:E"
[publish_wind_direction-2] [INFO] [1749126345.059499716] [publish_wind_direction]: * Received from id206, wind direction E
[publish_wind_direction-2] [INFO] [1749126345.062236457] [publish_wind_direction]: Publisher, neighbours_by_id=set()
[publish_wind_direction-2] [INFO] [1749126348.797178829] [publish_wind_direction]: ***Cam angle= -105.09590371104818, vico ang deg= 0.0 Ground Truth= 254.90409628895182
[publish_wind_direction-2] [INFO] [1749126348.799751786] [publish_wind_direction]: Publisher, Neighbourhood size: 0
[publish_wind_direction-2] [INFO] [1749126350.055482059] [publish_wind_direction]: Publishing: "id206:E"
[publish_wind_direction-2] [INFO] [1749126350.059277663] [publish_wind_direction]: * Received from id206, wind direction E
[publish_wind_direction-2] [INFO] [1749126350.062065325] [publish_wind_direction]: Publisher, neighbours_by_id=set()
[publish_wind_direction-2] [INFO] [1749126353.824942125] [publish_wind_direction]: ***Cam angle= -71.76708105442935, vico ang deg= 0.0 Ground Truth= 288.23291894557065
[publish_wind_direction-2] [INFO] [1749126353.827481420] [publish_wind_direction]: Publisher, Neighbourhood size: 0
[publish_wind_direction-2] [INFO] [1749126355.055512204] [publish_wind_direction]: Publishing: "id206:E"
[publish_wind_direction-2] [INFO] [1749126355.059445618] [publish_wind_direction]: * Received from id206, wind direction E
[publish_wind_direction-2] [INFO] [1749126355.062553827] [publish_wind_direction]: Publisher, neighbours_by_id=set()
[publish_wind_direction-2] [INFO] [1749126358.778875125] [publish_wind_direction]: ***Cam angle= -999.0, vico ang deg= 0.0 Ground Truth= 81.0
[publish_wind_direction-2] [INFO] [1749126358.781458601] [publish_wind_direction]: Publisher, Neighbourhood size: 0
[publish_wind_direction-2] [INFO] [1749126360.055700400] [publish_wind_direction]: Publishing: "id206:E"
[publish_wind_direction-2] [INFO] [1749126360.059602356] [publish_wind_direction]: * Received from id206, wind direction E
[publish_wind_direction-2] [INFO] [1749126360.062330906] [publish_wind_direction]: Publisher, neighbours_by_id=set()
[publish_wind_direction-2] [INFO] [1749126363.923354154] [publish_wind_direction]: ***Cam angle= -10.601491535017132, vico ang deg= 0.0 Ground Truth= 349.39850846498285
[publish_wind_direction-2] [INFO] [1749126363.925902003] [publish_wind_direction]: Publisher, Neighbourhood size: 0
[publish_wind_direction-2] [INFO] [1749126365.055531689] [publish_wind_direction]: Publishing: "id206:E"
[publish_wind_direction-2] [INFO] [1749126365.059432065] [publish_wind_direction]: * Received from id206, wind direction E
[publish_wind_direction-2] [INFO] [1749126365.062191250] [publish_wind_direction]: Publisher, neighbours_by_id=set()
[publish_wind_direction-2] [INFO] [1749126369.233956863] [publish_wind_direction]: ***Cam angle= -59.00648554047276, vico ang deg= 0.0 Ground Truth= 300.99351445952726
[publish_wind_direction-2] [INFO] [1749126369.236440719] [publish_wind_direction]: Publisher, Neighbourhood size: 0
[publish_wind_direction-2] [INFO] [1749126370.055485621] [publish_wind_direction]: Publishing: "id206:E"
[publish_wind_direction-2] [INFO] [1749126370.059484194] [publish_wind_direction]: * Received from id206, wind direction E
[publish_wind_direction-2] [INFO] [1749126370.062345563] [publish_wind_direction]: Publisher, neighbours_by_id=set()
[publish_wind_direction-2] [INFO] [1749126373.814619924] [publish_wind_direction]: ***Cam angle= -44.38372102060823, vico ang deg= 0.0 Ground Truth= 315.6162789793918
[publish_wind_direction-2] [INFO] [1749126373.817144172] [publish_wind_direction]: Publisher, Neighbourhood size: 0
[publish_wind_direction-2] [INFO] [1749126375.055606026] [publish_wind_direction]: Publishing: "id206:E"
[publish_wind_direction-2] [INFO] [1749126375.059368750] [publish_wind_direction]: * Received from id206, wind direction E
[publish_wind_direction-2] [INFO] [1749126375.061979413] [publish_wind_direction]: Publisher, neighbours_by_id=set()
[publish_wind_direction-2] [INFO] [1749126379.305256648] [publish_wind_direction]: ***Cam angle= -110.13411102048369, vico ang deg= 0.0 Ground Truth= 249.8658889795163
[publish_wind_direction-2] [INFO] [1749126379.307898699] [publish_wind_direction]: Publisher, Neighbourhood size: 0
[publish_wind_direction-2] [INFO] [1749126380.055623809] [publish_wind_direction]: Publishing: "id206:E"
[publish_wind_direction-2] [INFO] [1749126380.059699985] [publish_wind_direction]: * Received from id206, wind direction E
[publish_wind_direction-2] [INFO] [1749126380.062437494] [publish_wind_direction]: Publisher, neighbours_by_id=set()
[publish_wind_direction-2] [INFO] [1749126383.820366834] [publish_wind_direction]: ***Cam angle= -192.9283034003322, vico ang deg= 0.0 Ground Truth= 167.0716965996678
[publish_wind_direction-2] [INFO] [1749126383.823066840] [publish_wind_direction]: Publisher, Neighbourhood size: 0
[publish_wind_direction-2] [INFO] [1749126385.055540975] [publish_wind_direction]: Publishing: "id206:E"
[publish_wind_direction-2] [INFO] [1749126385.059425801] [publish_wind_direction]: * Received from id206, wind direction E
[publish_wind_direction-2] [INFO] [1749126385.062199814] [publish_wind_direction]: Publisher, neighbours_by_id=set()
[publish_wind_direction-2] [INFO] [1749126388.850466773] [publish_wind_direction]: ***Cam angle= -999.0, vico ang deg= 0.0 Ground Truth= 81.0
[publish_wind_direction-2] [INFO] [1749126388.852944404] [publish_wind_direction]: Publisher, Neighbourhood size: 0
[publish_wind_direction-2] [INFO] [1749126390.055521326] [publish_wind_direction]: Publishing: "id206:E"
[publish_wind_direction-2] [INFO] [1749126390.059526175] [publish_wind_direction]: * Received from id206, wind direction E
[publish_wind_direction-2] [INFO] [1749126390.062393735] [publish_wind_direction]: Publisher, neighbours_by_id=set()
[publish_wind_direction-2] [INFO] [1749126393.935422917] [publish_wind_direction]: ***Cam angle= 71.29197923873656, vico ang deg= 0.0 Ground Truth= 71.29197923873656
[publish_wind_direction-2] [INFO] [1749126393.937929299] [publish_wind_direction]: Publisher, Neighbourhood size: 0
[publish_wind_direction-2] [INFO] [1749126395.055546384] [publish_wind_direction]: Publishing: "id206:E"
[publish_wind_direction-2] [INFO] [1749126395.059426665] [publish_wind_direction]: * Received from id206, wind direction E
[publish_wind_direction-2] [INFO] [1749126395.062172496] [publish_wind_direction]: Publisher, neighbours_by_id=set()
[publish_wind_direction-2] [INFO] [1749126398.809222178] [publish_wind_direction]: ***Cam angle= -114.11504595640213, vico ang deg= 0.0 Ground Truth= 245.88495404359787
[publish_wind_direction-2] [INFO] [1749126398.811746679] [publish_wind_direction]: Publisher, Neighbourhood size: 0
[publish_wind_direction-2] [INFO] [1749126400.055543585] [publish_wind_direction]: Publishing: "id206:E"
[publish_wind_direction-2] [INFO] [1749126400.059453292] [publish_wind_direction]: * Received from id206, wind direction E
[publish_wind_direction-2] [INFO] [1749126400.062202836] [publish_wind_direction]: Publisher, neighbours_by_id=set()
[publish_wind_direction-2] [INFO] [1749126403.869586293] [publish_wind_direction]: ***Cam angle= 11.732500327072799, vico ang deg= 0.0 Ground Truth= 11.732500327072799
[publish_wind_direction-2] [INFO] [1749126403.873095837] [publish_wind_direction]: Publisher, Neighbourhood size: 0
[publish_wind_direction-2] [INFO] [1749126405.055465383] [publish_wind_direction]: Publishing: "id206:E"
[publish_wind_direction-2] [INFO] [1749126405.060380127] [publish_wind_direction]: * Received from id206, wind direction E
[publish_wind_direction-2] [INFO] [1749126405.064718701] [publish_wind_direction]: Publisher, neighbours_by_id=set()
[publish_wind_direction-2] [INFO] [1749126409.430949420] [publish_wind_direction]: ***Cam angle= 89.17702751007846, vico ang deg= 0.0 Ground Truth= 89.17702751007846
[publish_wind_direction-2] [INFO] [1749126409.433432564] [publish_wind_direction]: Publisher, Neighbourhood size: 0
[publish_wind_direction-2] [INFO] [1749126410.055496545] [publish_wind_direction]: Publishing: "id206:E"
[publish_wind_direction-2] [INFO] [1749126410.059889128] [publish_wind_direction]: * Received from id206, wind direction E
[publish_wind_direction-2] [INFO] [1749126410.063346752] [publish_wind_direction]: Publisher, neighbours_by_id=set()
[publish_wind_direction-2] [INFO] [1749126413.862331194] [publish_wind_direction]: ***Cam angle= -999.0, vico ang deg= 0.0 Ground Truth= 81.0
[publish_wind_direction-2] [INFO] [1749126413.864760782] [publish_wind_direction]: Publisher, Neighbourhood size: 0
[publish_wind_direction-2] [INFO] [1749126415.055631708] [publish_wind_direction]: Publishing: "id206:E"
[publish_wind_direction-2] [INFO] [1749126415.059701049] [publish_wind_direction]: * Received from id206, wind direction E
[publish_wind_direction-2] [INFO] [1749126415.062562314] [publish_wind_direction]: Publisher, neighbours_by_id=set()
[publish_wind_direction-2] [INFO] [1749126418.939348641] [publish_wind_direction]: ***Cam angle= -999.0, vico ang deg= 0.0 Ground Truth= 81.0
[publish_wind_direction-2] [INFO] [1749126418.941807093] [publish_wind_direction]: Publisher, Neighbourhood size: 0
[publish_wind_direction-2] [INFO] [1749126420.055690755] [publish_wind_direction]: Publishing: "id206:E"
[publish_wind_direction-2] [INFO] [1749126420.059778987] [publish_wind_direction]: * Received from id206, wind direction E
[publish_wind_direction-2] [INFO] [1749126420.063010798] [publish_wind_direction]: Publisher, neighbours_by_id=set()
[publish_wind_direction-2] [INFO] [1749126423.904411450] [publish_wind_direction]: ***Cam angle= 1.5673191230193453, vico ang deg= 0.0 Ground Truth= 1.5673191230193453
[publish_wind_direction-2] [INFO] [1749126423.906933077] [publish_wind_direction]: Publisher, Neighbourhood size: 0
[publish_wind_direction-2] [INFO] [1749126425.055698800] [publish_wind_direction]: Publishing: "id206:E"
[publish_wind_direction-2] [INFO] [1749126425.059982112] [publish_wind_direction]: * Received from id206, wind direction E
[publish_wind_direction-2] [INFO] [1749126425.063001044] [publish_wind_direction]: Publisher, neighbours_by_id=set()
[publish_wind_direction-2] [INFO] [1749126428.795338940] [publish_wind_direction]: ***Cam angle= -999.0, vico ang deg= 0.0 Ground Truth= 81.0
[publish_wind_direction-2] [INFO] [1749126428.797834542] [publish_wind_direction]: Publisher, Neighbourhood size: 0
[publish_wind_direction-2] [INFO] [1749126430.055684714] [publish_wind_direction]: Publishing: "id206:E"
[publish_wind_direction-2] [INFO] [1749126430.059695949] [publish_wind_direction]: * Received from id206, wind direction E
[publish_wind_direction-2] [INFO] [1749126430.062654527] [publish_wind_direction]: Publisher, neighbours_by_id=set()
[publish_wind_direction-2] [INFO] [1749126433.796053588] [publish_wind_direction]: ***Cam angle= -70.3162606696327, vico ang deg= 0.0 Ground Truth= 289.6837393303673
[publish_wind_direction-2] [INFO] [1749126433.798577476] [publish_wind_direction]: Publisher, Neighbourhood size: 0
[publish_wind_direction-2] [INFO] [1749126435.055753888] [publish_wind_direction]: Publishing: "id206:E"
[publish_wind_direction-2] [INFO] [1749126435.059901370] [publish_wind_direction]: * Received from id206, wind direction E
[publish_wind_direction-2] [INFO] [1749126435.062745038] [publish_wind_direction]: Publisher, neighbours_by_id=set()
[publish_wind_direction-2] [INFO] [1749126438.852161548] [publish_wind_direction]: ***Cam angle= -999.0, vico ang deg= 0.0 Ground Truth= 81.0
[publish_wind_direction-2] [INFO] [1749126438.855658370] [publish_wind_direction]: Publisher, Neighbourhood size: 0
[publish_wind_direction-2] [INFO] [1749126440.055747867] [publish_wind_direction]: Publishing: "id206:E"
[publish_wind_direction-2] [INFO] [1749126440.059784033] [publish_wind_direction]: * Received from id206, wind direction E
[publish_wind_direction-2] [INFO] [1749126440.062674893] [publish_wind_direction]: Publisher, neighbours_by_id=set()
[publish_wind_direction-2] [INFO] [1749126443.804921843] [publish_wind_direction]: ***Cam angle= -169.5158534311222, vico ang deg= 0.0 Ground Truth= 190.4841465688778
[publish_wind_direction-2] [INFO] [1749126443.808422063] [publish_wind_direction]: Publisher, Neighbourhood size: 0
[publish_wind_direction-2] [INFO] [1749126445.055707238] [publish_wind_direction]: Publishing: "id206:E"
[publish_wind_direction-2] [INFO] [1749126445.059683862] [publish_wind_direction]: * Received from id206, wind direction E
[publish_wind_direction-2] [INFO] [1749126445.062490103] [publish_wind_direction]: Publisher, neighbours_by_id=set()
[publish_wind_direction-2] [INFO] [1749126448.836050669] [publish_wind_direction]: ***Cam angle= -103.44729154774885, vico ang deg= 0.0 Ground Truth= 256.5527084522512
[publish_wind_direction-2] [INFO] [1749126448.838473823] [publish_wind_direction]: Publisher, Neighbourhood size: 0
[publish_wind_direction-2] [INFO] [1749126450.055619955] [publish_wind_direction]: Publishing: "id206:E"
[publish_wind_direction-2] [INFO] [1749126450.059706526] [publish_wind_direction]: * Received from id206, wind direction E
[publish_wind_direction-2] [INFO] [1749126450.062628953] [publish_wind_direction]: Publisher, neighbours_by_id=set()
[publish_wind_direction-2] [INFO] [1749126453.972501322] [publish_wind_direction]: ***Cam angle= -154.87097192861893, vico ang deg= 0.0 Ground Truth= 205.12902807138107
[publish_wind_direction-2] [INFO] [1749126453.975093713] [publish_wind_direction]: Publisher, Neighbourhood size: 0
[publish_wind_direction-2] [INFO] [1749126455.055702367] [publish_wind_direction]: Publishing: "id206:E"
[publish_wind_direction-2] [INFO] [1749126455.059847277] [publish_wind_direction]: * Received from id206, wind direction E
[publish_wind_direction-2] [INFO] [1749126455.063428065] [publish_wind_direction]: Publisher, neighbours_by_id=set()
[publish_wind_direction-2] [INFO] [1749126458.983431360] [publish_wind_direction]: ***Cam angle= -999.0, vico ang deg= 0.0 Ground Truth= 81.0
[publish_wind_direction-2] [INFO] [1749126458.986926138] [publish_wind_direction]: Publisher, Neighbourhood size: 0
[publish_wind_direction-2] [INFO] [1749126460.055467613] [publish_wind_direction]: Publishing: "id206:E"
[publish_wind_direction-2] [INFO] [1749126460.059832130] [publish_wind_direction]: * Received from id206, wind direction E
[publish_wind_direction-2] [INFO] [1749126460.063907567] [publish_wind_direction]: Publisher, neighbours_by_id=set()
[publish_wind_direction-2] [INFO] [1749126463.977573811] [publish_wind_direction]: ***Cam angle= -999.0, vico ang deg= 0.0 Ground Truth= 81.0
[publish_wind_direction-2] [INFO] [1749126463.980047512] [publish_wind_direction]: Publisher, Neighbourhood size: 0
[publish_wind_direction-2] [INFO] [1749126465.055530415] [publish_wind_direction]: Publishing: "id206:E"
[publish_wind_direction-2] [INFO] [1749126465.059472513] [publish_wind_direction]: * Received from id206, wind direction E
[publish_wind_direction-2] [INFO] [1749126465.062368824] [publish_wind_direction]: Publisher, neighbours_by_id=set()
[publish_wind_direction-2] [INFO] [1749126468.985380219] [publish_wind_direction]: ***Cam angle= -999.0, vico ang deg= 0.0 Ground Truth= 81.0
[publish_wind_direction-2] [INFO] [1749126468.987816794] [publish_wind_direction]: Publisher, Neighbourhood size: 0
[publish_wind_direction-2] [INFO] [1749126470.055581295] [publish_wind_direction]: Publishing: "id206:E"
[publish_wind_direction-2] [INFO] [1749126470.059344293] [publish_wind_direction]: * Received from id206, wind direction E
[publish_wind_direction-2] [INFO] [1749126470.061957917] [publish_wind_direction]: Publisher, neighbours_by_id=set()
[publish_wind_direction-2] [INFO] [1749126473.854914366] [publish_wind_direction]: ***Cam angle= -999.0, vico ang deg= 0.0 Ground Truth= 81.0
[publish_wind_direction-2] [INFO] [1749126473.857436440] [publish_wind_direction]: Publisher, Neighbourhood size: 0
[publish_wind_direction-2] [INFO] [1749126475.055539662] [publish_wind_direction]: Publishing: "id206:E"
[publish_wind_direction-2] [INFO] [1749126475.059461824] [publish_wind_direction]: * Received from id206, wind direction E
[publish_wind_direction-2] [INFO] [1749126475.062233406] [publish_wind_direction]: Publisher, neighbours_by_id=set()
[publish_wind_direction-2] [INFO] [1749126478.748815393] [publish_wind_direction]: ***Cam angle= -6.279182381130539, vico ang deg= 0.0 Ground Truth= 353.72081761886943
[publish_wind_direction-2] [INFO] [1749126478.751544145] [publish_wind_direction]: Publisher, Neighbourhood size: 0
[publish_wind_direction-2] [INFO] [1749126480.055531142] [publish_wind_direction]: Publishing: "id206:E"
[publish_wind_direction-2] [INFO] [1749126480.059435975] [publish_wind_direction]: * Received from id206, wind direction E
[publish_wind_direction-2] [INFO] [1749126480.062155895] [publish_wind_direction]: Publisher, neighbours_by_id=set()
[publish_wind_direction-2] [INFO] [1749126483.831706361] [publish_wind_direction]: ***Cam angle= -86.94367119895408, vico ang deg= 0.0 Ground Truth= 273.05632880104594
[publish_wind_direction-2] [INFO] [1749126483.834193755] [publish_wind_direction]: Publisher, Neighbourhood size: 0
[publish_wind_direction-2] [INFO] [1749126485.055503245] [publish_wind_direction]: Publishing: "id206:E"
[publish_wind_direction-2] [INFO] [1749126485.059460967] [publish_wind_direction]: * Received from id206, wind direction E
[publish_wind_direction-2] [INFO] [1749126485.062377159] [publish_wind_direction]: Publisher, neighbours_by_id=set()
[publish_wind_direction-2] [INFO] [1749126488.828181668] [publish_wind_direction]: ***Cam angle= -116.83807070541141, vico ang deg= 0.0 Ground Truth= 243.1619292945886
[publish_wind_direction-2] [INFO] [1749126488.830696433] [publish_wind_direction]: Publisher, Neighbourhood size: 0
[publish_wind_direction-2] [INFO] [1749126490.055537585] [publish_wind_direction]: Publishing: "id206:E"
[publish_wind_direction-2] [INFO] [1749126490.059508253] [publish_wind_direction]: * Received from id206, wind direction E
[publish_wind_direction-2] [INFO] [1749126490.062455742] [publish_wind_direction]: Publisher, neighbours_by_id=set()
[publish_wind_direction-2] [INFO] [1749126493.774112559] [publish_wind_direction]: ***Cam angle= -77.97496898799436, vico ang deg= 0.0 Ground Truth= 282.0250310120056
[publish_wind_direction-2] [INFO] [1749126493.776594771] [publish_wind_direction]: Publisher, Neighbourhood size: 0
[publish_wind_direction-2] [INFO] [1749126495.055528354] [publish_wind_direction]: Publishing: "id206:E"
[publish_wind_direction-2] [INFO] [1749126495.059455859] [publish_wind_direction]: * Received from id206, wind direction E
[publish_wind_direction-2] [INFO] [1749126495.062339945] [publish_wind_direction]: Publisher, neighbours_by_id=set()
[publish_wind_direction-2] [INFO] [1749126498.987667515] [publish_wind_direction]: ***Cam angle= -999.0, vico ang deg= 0.0 Ground Truth= 81.0
[publish_wind_direction-2] [INFO] [1749126498.990138951] [publish_wind_direction]: Publisher, Neighbourhood size: 0
[publish_wind_direction-2] [INFO] [1749126500.055570472] [publish_wind_direction]: Publishing: "id206:E"
[publish_wind_direction-2] [INFO] [1749126500.059571957] [publish_wind_direction]: * Received from id206, wind direction E
[publish_wind_direction-2] [INFO] [1749126500.062415434] [publish_wind_direction]: Publisher, neighbours_by_id=set()
[publish_wind_direction-2] [INFO] [1749126503.979056037] [publish_wind_direction]: ***Cam angle= -999.0, vico ang deg= 0.0 Ground Truth= 81.0
[publish_wind_direction-2] [INFO] [1749126503.981545826] [publish_wind_direction]: Publisher, Neighbourhood size: 0
[publish_wind_direction-2] [INFO] [1749126505.055531981] [publish_wind_direction]: Publishing: "id206:E"
[publish_wind_direction-2] [INFO] [1749126505.059460675] [publish_wind_direction]: * Received from id206, wind direction E
[publish_wind_direction-2] [INFO] [1749126505.062330874] [publish_wind_direction]: Publisher, neighbours_by_id=set()
[publish_wind_direction-2] [INFO] [1749126508.872897817] [publish_wind_direction]: ***Cam angle= -269.2588395359759, vico ang deg= 0.0 Ground Truth= 90.74116046402412
[publish_wind_direction-2] [INFO] [1749126508.875477287] [publish_wind_direction]: Publisher, Neighbourhood size: 0
[publish_wind_direction-2] [INFO] [1749126510.055522691] [publish_wind_direction]: Publishing: "id206:E"
[publish_wind_direction-2] [INFO] [1749126510.059470700] [publish_wind_direction]: * Received from id206, wind direction E
[publish_wind_direction-2] [INFO] [1749126510.062204202] [publish_wind_direction]: Publisher, neighbours_by_id=set()
[publish_wind_direction-2] [INFO] [1749126513.988436470] [publish_wind_direction]: ***Cam angle= -239.80609540058987, vico ang deg= 0.0 Ground Truth= 120.19390459941013
[publish_wind_direction-2] [INFO] [1749126513.991836187] [publish_wind_direction]: Publisher, Neighbourhood size: 0
[publish_wind_direction-2] [INFO] [1749126515.055515364] [publish_wind_direction]: Publishing: "id206:E"
[publish_wind_direction-2] [INFO] [1749126515.059392951] [publish_wind_direction]: * Received from id206, wind direction E
[publish_wind_direction-2] [INFO] [1749126515.062456237] [publish_wind_direction]: Publisher, neighbours_by_id=set()
[publish_wind_direction-2] [INFO] [1749126518.927129469] [publish_wind_direction]: ***Cam angle= -4.8573910263422135, vico ang deg= 0.0 Ground Truth= 355.1426089736578
[publish_wind_direction-2] [INFO] [1749126518.929625518] [publish_wind_direction]: Publisher, Neighbourhood size: 0
[publish_wind_direction-2] [INFO] [1749126520.055890436] [publish_wind_direction]: Publishing: "id206:E"
[publish_wind_direction-2] [INFO] [1749126520.062261092] [publish_wind_direction]: * Received from id206, wind direction E
[publish_wind_direction-2] [INFO] [1749126520.067289172] [publish_wind_direction]: Publisher, neighbours_by_id=set()
[publish_wind_direction-2] [INFO] [1749126523.926640703] [publish_wind_direction]: ***Cam angle= 24.11896978451834, vico ang deg= 0.0 Ground Truth= 24.11896978451834
[publish_wind_direction-2] [INFO] [1749126523.930064216] [publish_wind_direction]: Publisher, Neighbourhood size: 0
[publish_wind_direction-2] [INFO] [1749126525.055664704] [publish_wind_direction]: Publishing: "id206:E"
[publish_wind_direction-2] [INFO] [1749126525.059751895] [publish_wind_direction]: * Received from id206, wind direction E
[publish_wind_direction-2] [INFO] [1749126525.062651189] [publish_wind_direction]: Publisher, neighbours_by_id=set()
[publish_wind_direction-2] [INFO] [1749126528.891699592] [publish_wind_direction]: ***Cam angle= -58.8926614686378, vico ang deg= 0.0 Ground Truth= 301.1073385313622
[publish_wind_direction-2] [INFO] [1749126528.895160901] [publish_wind_direction]: Publisher, Neighbourhood size: 0
[publish_wind_direction-2] [INFO] [1749126530.055438541] [publish_wind_direction]: Publishing: "id206:E"
[publish_wind_direction-2] [INFO] [1749126530.059256984] [publish_wind_direction]: * Received from id206, wind direction E
[publish_wind_direction-2] [INFO] [1749126530.064284862] [publish_wind_direction]: Publisher, neighbours_by_id=set()
[publish_wind_direction-2] [INFO] [1749126533.808815804] [publish_wind_direction]: ***Cam angle= -999.0, vico ang deg= 0.0 Ground Truth= 81.0
[publish_wind_direction-2] [INFO] [1749126533.811354446] [publish_wind_direction]: Publisher, Neighbourhood size: 0
[publish_wind_direction-2] [INFO] [1749126535.055523651] [publish_wind_direction]: Publishing: "id206:E"
[publish_wind_direction-2] [INFO] [1749126535.059582030] [publish_wind_direction]: * Received from id206, wind direction E
[publish_wind_direction-2] [INFO] [1749126535.062487010] [publish_wind_direction]: Publisher, neighbours_by_id=set()
[publish_wind_direction-2] [INFO] [1749126538.781557139] [publish_wind_direction]: ***Cam angle= -999.0, vico ang deg= 0.0 Ground Truth= 81.0
[publish_wind_direction-2] [INFO] [1749126538.783944731] [publish_wind_direction]: Publisher, Neighbourhood size: 0
[publish_wind_direction-2] [INFO] [1749126540.055528454] [publish_wind_direction]: Publishing: "id206:E"
[publish_wind_direction-2] [INFO] [1749126540.059605388] [publish_wind_direction]: * Received from id206, wind direction E
[publish_wind_direction-2] [INFO] [1749126540.062487351] [publish_wind_direction]: Publisher, neighbours_by_id=set()
[publish_wind_direction-2] [INFO] [1749126543.752677125] [publish_wind_direction]: ***Cam angle= -999.0, vico ang deg= 0.0 Ground Truth= 81.0
[publish_wind_direction-2] [INFO] [1749126543.755154400] [publish_wind_direction]: Publisher, Neighbourhood size: 0
[publish_wind_direction-2] [INFO] [1749126545.055657657] [publish_wind_direction]: Publishing: "id206:E"
[publish_wind_direction-2] [INFO] [1749126545.059541674] [publish_wind_direction]: * Received from id206, wind direction E
[publish_wind_direction-2] [INFO] [1749126545.062507781] [publish_wind_direction]: Publisher, neighbours_by_id=set()
[publish_wind_direction-2] [INFO] [1749126548.787212755] [publish_wind_direction]: ***Cam angle= -83.31163894093164, vico ang deg= 0.0 Ground Truth= 276.68836105906837
[publish_wind_direction-2] [INFO] [1749126548.789707881] [publish_wind_direction]: Publisher, Neighbourhood size: 0
[publish_wind_direction-2] [INFO] [1749126550.055529266] [publish_wind_direction]: Publishing: "id206:E"
[publish_wind_direction-2] [INFO] [1749126550.059666551] [publish_wind_direction]: * Received from id206, wind direction E
[publish_wind_direction-2] [INFO] [1749126550.062605493] [publish_wind_direction]: Publisher, neighbours_by_id=set()
[publish_wind_direction-2] [INFO] [1749126553.815232761] [publish_wind_direction]: ***Cam angle= -999.0, vico ang deg= 0.0 Ground Truth= 81.0
[publish_wind_direction-2] [INFO] [1749126553.817722961] [publish_wind_direction]: Publisher, Neighbourhood size: 0
[publish_wind_direction-2] [INFO] [1749126555.055528175] [publish_wind_direction]: Publishing: "id206:E"
[publish_wind_direction-2] [INFO] [1749126555.059422636] [publish_wind_direction]: * Received from id206, wind direction E
[publish_wind_direction-2] [INFO] [1749126555.062429520] [publish_wind_direction]: Publisher, neighbours_by_id=set()
[publish_wind_direction-2] [INFO] [1749126558.812600822] [publish_wind_direction]: ***Cam angle= -999.0, vico ang deg= 0.0 Ground Truth= 81.0
[publish_wind_direction-2] [INFO] [1749126558.815086837] [publish_wind_direction]: Publisher, Neighbourhood size: 0
[publish_wind_direction-2] [INFO] [1749126560.055362150] [publish_wind_direction]: Publishing: "id206:E"
[publish_wind_direction-2] [INFO] [1749126560.059501824] [publish_wind_direction]: * Received from id206, wind direction E
[publish_wind_direction-2] [INFO] [1749126560.062419989] [publish_wind_direction]: Publisher, neighbours_by_id=set()
[publish_wind_direction-2] [INFO] [1749126563.895585479] [publish_wind_direction]: ***Cam angle= -90.88950246261008, vico ang deg= 0.0 Ground Truth= 269.1104975373899
[publish_wind_direction-2] [INFO] [1749126563.899068197] [publish_wind_direction]: Publisher, Neighbourhood size: 0
[publish_wind_direction-2] [INFO] [1749126565.055443363] [publish_wind_direction]: Publishing: "id206:E"
[publish_wind_direction-2] [INFO] [1749126565.059639887] [publish_wind_direction]: * Received from id206, wind direction E
[publish_wind_direction-2] [INFO] [1749126565.064200860] [publish_wind_direction]: Publisher, neighbours_by_id=set()
[publish_wind_direction-2] [INFO] [1749126568.850192659] [publish_wind_direction]: ***Cam angle= -66.78600179841999, vico ang deg= 0.0 Ground Truth= 293.21399820158
[publish_wind_direction-2] [INFO] [1749126568.852644509] [publish_wind_direction]: Publisher, Neighbourhood size: 0
[publish_wind_direction-2] [INFO] [1749126570.055435671] [publish_wind_direction]: Publishing: "id206:E"
[publish_wind_direction-2] [INFO] [1749126570.061177043] [publish_wind_direction]: * Received from id206, wind direction E
[publish_wind_direction-2] [INFO] [1749126570.066213035] [publish_wind_direction]: Publisher, neighbours_by_id=set()
[publish_wind_direction-2] [INFO] [1749126573.858512078] [publish_wind_direction]: ***Cam angle= -999.0, vico ang deg= 0.0 Ground Truth= 81.0
[publish_wind_direction-2] [INFO] [1749126573.860974465] [publish_wind_direction]: Publisher, Neighbourhood size: 0
[publish_wind_direction-2] [INFO] [1749126575.055508697] [publish_wind_direction]: Publishing: "id206:E"
[publish_wind_direction-2] [INFO] [1749126575.059590281] [publish_wind_direction]: * Received from id206, wind direction E
[publish_wind_direction-2] [INFO] [1749126575.062498021] [publish_wind_direction]: Publisher, neighbours_by_id=set()
[publish_wind_direction-2] [INFO] [1749126578.865770863] [publish_wind_direction]: ***Cam angle= -93.10017085244445, vico ang deg= 0.0 Ground Truth= 266.8998291475556
[publish_wind_direction-2] [INFO] [1749126578.869241915] [publish_wind_direction]: Publisher, Neighbourhood size: 0
[publish_wind_direction-2] [INFO] [1749126580.055422269] [publish_wind_direction]: Publishing: "id206:E"
[publish_wind_direction-2] [INFO] [1749126580.060182124] [publish_wind_direction]: * Received from id206, wind direction E
[publish_wind_direction-2] [INFO] [1749126580.064782114] [publish_wind_direction]: Publisher, neighbours_by_id=set()
[publish_wind_direction-2] [INFO] [1749126583.953027955] [publish_wind_direction]: ***Cam angle= -999.0, vico ang deg= 0.0 Ground Truth= 81.0
[publish_wind_direction-2] [INFO] [1749126583.955552099] [publish_wind_direction]: Publisher, Neighbourhood size: 0
[publish_wind_direction-2] [INFO] [1749126585.055342909] [publish_wind_direction]: Publishing: "id206:E"
[publish_wind_direction-2] [INFO] [1749126585.059308109] [publish_wind_direction]: * Received from id206, wind direction E
[publish_wind_direction-2] [INFO] [1749126585.062026801] [publish_wind_direction]: Publisher, neighbours_by_id=set()
[publish_wind_direction-2] [INFO] [1749126588.977140277] [publish_wind_direction]: ***Cam angle= -999.0, vico ang deg= 0.0 Ground Truth= 81.0
[publish_wind_direction-2] [INFO] [1749126588.979632089] [publish_wind_direction]: Publisher, Neighbourhood size: 0
[publish_wind_direction-2] [INFO] [1749126590.055484825] [publish_wind_direction]: Publishing: "id206:E"
[publish_wind_direction-2] [INFO] [1749126590.059542929] [publish_wind_direction]: * Received from id206, wind direction E
[publish_wind_direction-2] [INFO] [1749126590.062497687] [publish_wind_direction]: Publisher, neighbours_by_id=set()
[publish_wind_direction-2] [INFO] [1749126593.938504678] [publish_wind_direction]: ***Cam angle= -999.0, vico ang deg= 0.0 Ground Truth= 81.0
[publish_wind_direction-2] [INFO] [1749126593.941934232] [publish_wind_direction]: Publisher, Neighbourhood size: 0
[publish_wind_direction-2] [INFO] [1749126595.055459698] [publish_wind_direction]: Publishing: "id206:E"
[publish_wind_direction-2] [INFO] [1749126595.063395747] [publish_wind_direction]: * Received from id206, wind direction E
[publish_wind_direction-2] [INFO] [1749126595.066648382] [publish_wind_direction]: Publisher, neighbours_by_id=set()
[publish_wind_direction-2] [INFO] [1749126599.044216180] [publish_wind_direction]: ***Cam angle= -173.33328200083963, vico ang deg= 0.0 Ground Truth= 186.66671799916037
[publish_wind_direction-2] [INFO] [1749126599.046699326] [publish_wind_direction]: Publisher, Neighbourhood size: 0
[publish_wind_direction-2] [INFO] [1749126600.055320454] [publish_wind_direction]: Raising exception
[publish_wind_direction-2] [INFO] [1749126600.058216158] [publish_wind_direction]: Publisher stopping, exception
[INFO] [publish_wind_direction-2]: process has finished cleanly [pid 844]
[random_robot_move-1] [INFO] [1749126616.073832719] [random_robot_move]: Exception, shutting down
