[INFO] [launch]: All log files can be found below /home/thymio/.ros/log/2025-06-04-14-38-00-426622-thymio-825
[INFO] [launch]: Default logging verbosity is set to INFO
[INFO] [random_robot_move-1]: process started with pid [847]
[INFO] [publish_wind_direction-2]: process started with pid [849]
[publish_wind_direction-2] /usr/lib/python3/dist-packages/scipy/__init__.py:146: UserWarning: A NumPy version >=1.17.3 and <1.25.0 is required for this version of SciPy (detected version 1.26.4
[publish_wind_direction-2]   warnings.warn(f"A NumPy version >={np_minversion} and <{np_maxversion}"
[random_robot_move-1] [INFO] [1749047887.312011330] [random_robot_move]: Robot Control Node started.
[publish_wind_direction-2] [INFO] [1749047978.479674716] [publish_wind_direction]: Publishing: "id155:E"
[publish_wind_direction-2] [INFO] [1749047978.483671340] [publish_wind_direction]: Neighbourhood size: 0
[publish_wind_direction-2] [INFO] [1749047982.700574532] [publish_wind_direction]: ***Cam angle= -124.91468092958253, vico ang deg= 0.0 Ground Truth= 235.08531907041748
[publish_wind_direction-2] [INFO] [1749047982.702961481] [publish_wind_direction]: ***Corrected Wind Direction= E
[publish_wind_direction-2] [INFO] [1749047982.706896594] [publish_wind_direction]: Publishing: "id155:E"
[publish_wind_direction-2] [INFO] [1749047986.462763961] [publish_wind_direction]: ***Cam angle= -128.81556129825248, vico ang deg= 0.0 Ground Truth= 231.18443870174752
[publish_wind_direction-2] [INFO] [1749047986.465118271] [publish_wind_direction]: ***Corrected Wind Direction= E
[publish_wind_direction-2] [INFO] [1749047986.468961082] [publish_wind_direction]: Publishing: "id155:E"
[publish_wind_direction-2] [INFO] [1749047986.472292376] [publish_wind_direction]: Neighbourhood size: 0
[publish_wind_direction-2] [INFO] [1749047990.279182156] [publish_wind_direction]: ***Cam angle= -73.39215885284695, vico ang deg= 0.0 Ground Truth= 286.60784114715307
[publish_wind_direction-2] [INFO] [1749047990.281628397] [publish_wind_direction]: ***Corrected Wind Direction= E
[publish_wind_direction-2] [INFO] [1749047990.285557034] [publish_wind_direction]: Publishing: "id155:E"
[publish_wind_direction-2] [INFO] [1749047994.066386203] [publish_wind_direction]: ***Cam angle= -242.83671735922076, vico ang deg= 0.0 Ground Truth= 117.16328264077924
[publish_wind_direction-2] [INFO] [1749047994.068697384] [publish_wind_direction]: ***Corrected Wind Direction= W
[publish_wind_direction-2] [INFO] [1749047994.072558140] [publish_wind_direction]: Neighbourhood size: 0
[publish_wind_direction-2] [INFO] [1749047994.240898690] [publish_wind_direction]: Publishing: "id155:E"
[publish_wind_direction-2] [INFO] [1749047998.047362864] [publish_wind_direction]: ***Cam angle= 63.10644476246864, vico ang deg= 0.0 Ground Truth= 63.10644476246864
[publish_wind_direction-2] [INFO] [1749047998.050875519] [publish_wind_direction]: ***Corrected Wind Direction= W
[publish_wind_direction-2] [INFO] [1749047999.240797982] [publish_wind_direction]: Publishing: "id155:E"
[publish_wind_direction-2] [INFO] [1749048002.946959230] [publish_wind_direction]: ***Cam angle= 41.627364006355265, vico ang deg= 0.0 Ground Truth= 41.627364006355265
[publish_wind_direction-2] [INFO] [1749048002.949346661] [publish_wind_direction]: ***Corrected Wind Direction= N
[publish_wind_direction-2] [INFO] [1749048004.240892903] [publish_wind_direction]: Publishing: "id155:E"
[publish_wind_direction-2] [INFO] [1749048008.026781870] [publish_wind_direction]: ***Cam angle= 45.76691189570104, vico ang deg= 0.0 Ground Truth= 45.76691189570104
[publish_wind_direction-2] [INFO] [1749048008.029248623] [publish_wind_direction]: ***Corrected Wind Direction= W
[publish_wind_direction-2] [INFO] [1749048009.240852556] [publish_wind_direction]: Publishing: "id155:E"
[publish_wind_direction-2] [INFO] [1749048012.963378562] [publish_wind_direction]: ***Cam angle= -11.176747508908505, vico ang deg= 0.0 Ground Truth= 348.82325249109147
[publish_wind_direction-2] [INFO] [1749048012.965830353] [publish_wind_direction]: ***Corrected Wind Direction= N
[publish_wind_direction-2] [INFO] [1749048014.241029406] [publish_wind_direction]: Publishing: "id155:E"
[publish_wind_direction-2] [INFO] [1749048018.017684125] [publish_wind_direction]: ***Cam angle= -7.749853633091831, vico ang deg= 0.0 Ground Truth= 352.25014636690815
[publish_wind_direction-2] [INFO] [1749048018.021163737] [publish_wind_direction]: ***Corrected Wind Direction= N
[publish_wind_direction-2] [INFO] [1749048019.240846222] [publish_wind_direction]: Publishing: "id155:E"
[publish_wind_direction-2] [INFO] [1749048022.960983176] [publish_wind_direction]: ***Cam angle= -46.28390404265699, vico ang deg= 0.0 Ground Truth= 313.716095957343
[publish_wind_direction-2] [INFO] [1749048022.963447586] [publish_wind_direction]: ***Corrected Wind Direction= E
[publish_wind_direction-2] [INFO] [1749048024.240921013] [publish_wind_direction]: Publishing: "id155:E"
[publish_wind_direction-2] [INFO] [1749048027.940607477] [publish_wind_direction]: ***Cam angle= 11.15946139193052, vico ang deg= 0.0 Ground Truth= 11.15946139193052
[publish_wind_direction-2] [INFO] [1749048027.943080516] [publish_wind_direction]: ***Corrected Wind Direction= N
[publish_wind_direction-2] [INFO] [1749048029.241052209] [publish_wind_direction]: Publishing: "id155:E"
[publish_wind_direction-2] [INFO] [1749048032.991365647] [publish_wind_direction]: ***Cam angle= 45.493899048717736, vico ang deg= 0.0 Ground Truth= 45.493899048717736
[publish_wind_direction-2] [INFO] [1749048032.993860454] [publish_wind_direction]: ***Corrected Wind Direction= W
[publish_wind_direction-2] [INFO] [1749048034.240992533] [publish_wind_direction]: Publishing: "id155:E"
[publish_wind_direction-2] [INFO] [1749048038.011748098] [publish_wind_direction]: ***Cam angle= 28.475324081810626, vico ang deg= 0.0 Ground Truth= 28.475324081810626
[publish_wind_direction-2] [INFO] [1749048038.014561719] [publish_wind_direction]: ***Corrected Wind Direction= N
[publish_wind_direction-2] [INFO] [1749048039.240941093] [publish_wind_direction]: Publishing: "id155:E"
[publish_wind_direction-2] [INFO] [1749048043.000814727] [publish_wind_direction]: ***Cam angle= 48.7865650467821, vico ang deg= 0.0 Ground Truth= 48.7865650467821
[publish_wind_direction-2] [INFO] [1749048043.004437824] [publish_wind_direction]: ***Corrected Wind Direction= W
[publish_wind_direction-2] [INFO] [1749048044.240845854] [publish_wind_direction]: Publishing: "id155:E"
[publish_wind_direction-2] [INFO] [1749048048.011681652] [publish_wind_direction]: ***Cam angle= 46.457620022331724, vico ang deg= 0.0 Ground Truth= 46.457620022331724
[publish_wind_direction-2] [INFO] [1749048048.014210548] [publish_wind_direction]: ***Corrected Wind Direction= W
[publish_wind_direction-2] [INFO] [1749048049.240913701] [publish_wind_direction]: Publishing: "id155:E"
[publish_wind_direction-2] [INFO] [1749048053.038044779] [publish_wind_direction]: ***Cam angle= -254.85654096810694, vico ang deg= 0.0 Ground Truth= 105.14345903189306
[publish_wind_direction-2] [INFO] [1749048053.040572266] [publish_wind_direction]: ***Corrected Wind Direction= W
[publish_wind_direction-2] [INFO] [1749048054.240805954] [publish_wind_direction]: Publishing: "id155:E"
[publish_wind_direction-2] [INFO] [1749048057.948916757] [publish_wind_direction]: ***Cam angle= 83.75860474438895, vico ang deg= 0.0 Ground Truth= 83.75860474438895
[publish_wind_direction-2] [INFO] [1749048057.951384325] [publish_wind_direction]: ***Corrected Wind Direction= W
[publish_wind_direction-2] [INFO] [1749048059.240956370] [publish_wind_direction]: Publishing: "id155:E"
[publish_wind_direction-2] [INFO] [1749048063.017054240] [publish_wind_direction]: ***Cam angle= -999.0, vico ang deg= 0.0 Ground Truth= 81.0
[publish_wind_direction-2] [INFO] [1749048063.019509449] [publish_wind_direction]: ***Corrected Wind Direction= W
[publish_wind_direction-2] [INFO] [1749048064.240979830] [publish_wind_direction]: Publishing: "id155:E"
[publish_wind_direction-2] [INFO] [1749048068.037567030] [publish_wind_direction]: ***Cam angle= -103.16545190483716, vico ang deg= 0.0 Ground Truth= 256.83454809516286
[publish_wind_direction-2] [INFO] [1749048068.040060443] [publish_wind_direction]: ***Corrected Wind Direction= E
[publish_wind_direction-2] [INFO] [1749048069.241029103] [publish_wind_direction]: Publishing: "id155:E"
[publish_wind_direction-2] [INFO] [1749048073.033135817] [publish_wind_direction]: ***Cam angle= -108.42228238364845, vico ang deg= 0.0 Ground Truth= 251.57771761635155
[publish_wind_direction-2] [INFO] [1749048073.035646590] [publish_wind_direction]: ***Corrected Wind Direction= E
[publish_wind_direction-2] [INFO] [1749048074.241030247] [publish_wind_direction]: Publishing: "id155:E"
[publish_wind_direction-2] [INFO] [1749048077.989106227] [publish_wind_direction]: ***Cam angle= -87.14672539953908, vico ang deg= 0.0 Ground Truth= 272.8532746004609
[publish_wind_direction-2] [INFO] [1749048077.991610442] [publish_wind_direction]: ***Corrected Wind Direction= E
[publish_wind_direction-2] [INFO] [1749048079.241022989] [publish_wind_direction]: Publishing: "id155:E"
[publish_wind_direction-2] [INFO] [1749048083.058558150] [publish_wind_direction]: ***Cam angle= -87.15062855146444, vico ang deg= 0.0 Ground Truth= 272.8493714485356
[publish_wind_direction-2] [INFO] [1749048083.061017527] [publish_wind_direction]: ***Corrected Wind Direction= E
[publish_wind_direction-2] [INFO] [1749048084.241423038] [publish_wind_direction]: Publishing: "id155:E"
[publish_wind_direction-2] [INFO] [1749048088.112024972] [publish_wind_direction]: ***Cam angle= -127.60444133047895, vico ang deg= 0.0 Ground Truth= 232.39555866952105
[publish_wind_direction-2] [INFO] [1749048088.115618397] [publish_wind_direction]: ***Corrected Wind Direction= E
[publish_wind_direction-2] [INFO] [1749048089.241135620] [publish_wind_direction]: Publishing: "id155:E"
[publish_wind_direction-2] [INFO] [1749048093.073172125] [publish_wind_direction]: ***Cam angle= -149.3687023710458, vico ang deg= 0.0 Ground Truth= 210.6312976289542
[publish_wind_direction-2] [INFO] [1749048093.076656378] [publish_wind_direction]: ***Corrected Wind Direction= S
[publish_wind_direction-2] [INFO] [1749048094.241216944] [publish_wind_direction]: Publishing: "id155:E"
[publish_wind_direction-2] [INFO] [1749048098.013452656] [publish_wind_direction]: ***Cam angle= -187.6554798722467, vico ang deg= 0.0 Ground Truth= 172.3445201277533
[publish_wind_direction-2] [INFO] [1749048098.015971334] [publish_wind_direction]: ***Corrected Wind Direction= S
[publish_wind_direction-2] [INFO] [1749048099.241305286] [publish_wind_direction]: Publishing: "id155:E"
[publish_wind_direction-2] [INFO] [1749048103.060080490] [publish_wind_direction]: ***Cam angle= -217.3202308503495, vico ang deg= 0.0 Ground Truth= 142.6797691496505
[publish_wind_direction-2] [INFO] [1749048103.062562877] [publish_wind_direction]: ***Corrected Wind Direction= S
[publish_wind_direction-2] [INFO] [1749048104.241244212] [publish_wind_direction]: Publishing: "id155:E"
[publish_wind_direction-2] [INFO] [1749048108.066322995] [publish_wind_direction]: ***Cam angle= -242.74455332118785, vico ang deg= 0.0 Ground Truth= 117.25544667881215
[publish_wind_direction-2] [INFO] [1749048108.068791012] [publish_wind_direction]: ***Corrected Wind Direction= W
[publish_wind_direction-2] [INFO] [1749048109.241478368] [publish_wind_direction]: Publishing: "id155:E"
[publish_wind_direction-2] [INFO] [1749048113.058747356] [publish_wind_direction]: ***Cam angle= -999.0, vico ang deg= 0.0 Ground Truth= 81.0
[publish_wind_direction-2] [INFO] [1749048113.061190069] [publish_wind_direction]: ***Corrected Wind Direction= W
[publish_wind_direction-2] [INFO] [1749048114.241224648] [publish_wind_direction]: Publishing: "id155:E"
[publish_wind_direction-2] [INFO] [1749048117.984501188] [publish_wind_direction]: ***Cam angle= -999.0, vico ang deg= 0.0 Ground Truth= 81.0
[publish_wind_direction-2] [INFO] [1749048117.986941672] [publish_wind_direction]: ***Corrected Wind Direction= W
[publish_wind_direction-2] [INFO] [1749048119.241122280] [publish_wind_direction]: Publishing: "id155:E"
[publish_wind_direction-2] [INFO] [1749048123.069914152] [publish_wind_direction]: ***Cam angle= -999.0, vico ang deg= 0.0 Ground Truth= 81.0
[publish_wind_direction-2] [INFO] [1749048123.072457453] [publish_wind_direction]: ***Corrected Wind Direction= W
[publish_wind_direction-2] [INFO] [1749048124.241260019] [publish_wind_direction]: Publishing: "id155:E"
[publish_wind_direction-2] [INFO] [1749048128.015627275] [publish_wind_direction]: ***Cam angle= 30.514393952679256, vico ang deg= 0.0 Ground Truth= 30.514393952679256
[publish_wind_direction-2] [INFO] [1749048128.018068050] [publish_wind_direction]: ***Corrected Wind Direction= N
[publish_wind_direction-2] [INFO] [1749048129.241213686] [publish_wind_direction]: Publishing: "id155:E"
[publish_wind_direction-2] [INFO] [1749048133.022054107] [publish_wind_direction]: ***Cam angle= -241.90056276755448, vico ang deg= 0.0 Ground Truth= 118.09943723244552
[publish_wind_direction-2] [INFO] [1749048133.024533989] [publish_wind_direction]: ***Corrected Wind Direction= W
[publish_wind_direction-2] [INFO] [1749048134.241274609] [publish_wind_direction]: Publishing: "id155:E"
[publish_wind_direction-2] [INFO] [1749048138.088539527] [publish_wind_direction]: ***Cam angle= -999.0, vico ang deg= 0.0 Ground Truth= 81.0
[publish_wind_direction-2] [INFO] [1749048138.091994231] [publish_wind_direction]: ***Corrected Wind Direction= W
[publish_wind_direction-2] [INFO] [1749048139.241353109] [publish_wind_direction]: Publishing: "id155:E"
[publish_wind_direction-2] [INFO] [1749048142.988910422] [publish_wind_direction]: ***Cam angle= -113.40416734396955, vico ang deg= 0.0 Ground Truth= 246.59583265603044
[publish_wind_direction-2] [INFO] [1749048142.992430827] [publish_wind_direction]: ***Corrected Wind Direction= E
[publish_wind_direction-2] [INFO] [1749048144.241320806] [publish_wind_direction]: Publishing: "id155:E"
[publish_wind_direction-2] [INFO] [1749048148.062636155] [publish_wind_direction]: ***Cam angle= -999.0, vico ang deg= 0.0 Ground Truth= 81.0
[publish_wind_direction-2] [INFO] [1749048148.065077760] [publish_wind_direction]: ***Corrected Wind Direction= W
[publish_wind_direction-2] [INFO] [1749048149.241330790] [publish_wind_direction]: Publishing: "id155:E"
[publish_wind_direction-2] [INFO] [1749048153.008596185] [publish_wind_direction]: ***Cam angle= -7.553763406863709, vico ang deg= 0.0 Ground Truth= 352.4462365931363
[publish_wind_direction-2] [INFO] [1749048153.011103919] [publish_wind_direction]: ***Corrected Wind Direction= N
[publish_wind_direction-2] [INFO] [1749048154.241319714] [publish_wind_direction]: Publishing: "id155:E"
[publish_wind_direction-2] [INFO] [1749048157.992890829] [publish_wind_direction]: ***Cam angle= -261.57802187933163, vico ang deg= 0.0 Ground Truth= 98.42197812066837
[publish_wind_direction-2] [INFO] [1749048157.995359450] [publish_wind_direction]: ***Corrected Wind Direction= W
[publish_wind_direction-2] [INFO] [1749048159.241250213] [publish_wind_direction]: Publishing: "id155:E"
[publish_wind_direction-2] [INFO] [1749048163.043807033] [publish_wind_direction]: ***Cam angle= -999.0, vico ang deg= 0.0 Ground Truth= 81.0
[publish_wind_direction-2] [INFO] [1749048163.046224710] [publish_wind_direction]: ***Corrected Wind Direction= W
[publish_wind_direction-2] [INFO] [1749048164.241194461] [publish_wind_direction]: Publishing: "id155:E"
[publish_wind_direction-2] [INFO] [1749048168.041896784] [publish_wind_direction]: ***Cam angle= 48.653550510584466, vico ang deg= 0.0 Ground Truth= 48.653550510584466
[publish_wind_direction-2] [INFO] [1749048168.044357021] [publish_wind_direction]: ***Corrected Wind Direction= W
[publish_wind_direction-2] [INFO] [1749048169.241252272] [publish_wind_direction]: Publishing: "id155:E"
[publish_wind_direction-2] [INFO] [1749048172.984237082] [publish_wind_direction]: ***Cam angle= 46.83161627855685, vico ang deg= 0.0 Ground Truth= 46.83161627855685
[publish_wind_direction-2] [INFO] [1749048172.986745061] [publish_wind_direction]: ***Corrected Wind Direction= W
[publish_wind_direction-2] [INFO] [1749048174.241336953] [publish_wind_direction]: Publishing: "id155:E"
[publish_wind_direction-2] [INFO] [1749048177.966758257] [publish_wind_direction]: ***Cam angle= -999.0, vico ang deg= 0.0 Ground Truth= 81.0
[publish_wind_direction-2] [INFO] [1749048177.969220438] [publish_wind_direction]: ***Corrected Wind Direction= W
[publish_wind_direction-2] [INFO] [1749048179.241172080] [publish_wind_direction]: Publishing: "id155:E"
[publish_wind_direction-2] [INFO] [1749048182.981144284] [publish_wind_direction]: ***Cam angle= -232.75519856627898, vico ang deg= 0.0 Ground Truth= 127.24480143372102
[publish_wind_direction-2] [INFO] [1749048182.983624126] [publish_wind_direction]: ***Corrected Wind Direction= W
[publish_wind_direction-2] [INFO] [1749048184.241264356] [publish_wind_direction]: Publishing: "id155:E"
[publish_wind_direction-2] [INFO] [1749048187.949552199] [publish_wind_direction]: ***Cam angle= 46.692599305563476, vico ang deg= 0.0 Ground Truth= 46.692599305563476
[publish_wind_direction-2] [INFO] [1749048187.952012732] [publish_wind_direction]: ***Corrected Wind Direction= W
[publish_wind_direction-2] [INFO] [1749048189.240704977] [publish_wind_direction]: Raising exception
[publish_wind_direction-2] [INFO] [1749048189.243629568] [publish_wind_direction]: Publisher stopping, exception
[INFO] [publish_wind_direction-2]: process has finished cleanly [pid 849]
[random_robot_move-1] [INFO] [1749048207.488526432] [random_robot_move]: Exception, shutting down
