[INFO] [launch]: All log files can be found below /home/thymio/.ros/log/2025-06-06-14-46-11-589100-thymio-819
[INFO] [launch]: Default logging verbosity is set to INFO
[INFO] [random_robot_move-1]: process started with pid [841]
[INFO] [publish_wind_direction-2]: process started with pid [843]
[publish_wind_direction-2] /usr/lib/python3/dist-packages/scipy/__init__.py:146: UserWarning: A NumPy version >=1.17.3 and <1.25.0 is required for this version of SciPy (detected version 1.26.4
[publish_wind_direction-2]   warnings.warn(f"A NumPy version >={np_minversion} and <{np_maxversion}"
[publish_wind_direction-2] [INFO] [1749221175.521463175] [publish_wind_direction]: Physical Ip=134.34.225.236, id=id236
[publish_wind_direction-2] [INFO] [1749221175.558389818] [publish_wind_direction]: Subscribed to: vicon/default/data
[random_robot_move-1] [INFO] [1749221178.491897190] [random_robot_move]: Robot Control Node started.
[publish_wind_direction-2] [INFO] [1749221180.546840561] [publish_wind_direction]: Publishing: "id236:W"
[publish_wind_direction-2] [INFO] [1749221185.546523729] [publish_wind_direction]: Publishing: "id236:W"
[publish_wind_direction-2] [INFO] [1749221190.552326065] [publish_wind_direction]: Publishing: "id236:W"
[publish_wind_direction-2] [INFO] [1749221195.546688778] [publish_wind_direction]: Publishing: "id236:W"
[publish_wind_direction-2] [INFO] [1749221200.546635732] [publish_wind_direction]: Publishing: "id236:W"
[publish_wind_direction-2] [INFO] [1749221205.546669893] [publish_wind_direction]: Publishing: "id236:W"
[publish_wind_direction-2] [INFO] [1749221210.546128594] [publish_wind_direction]: Publishing: "id236:W"
[publish_wind_direction-2] [INFO] [1749221215.546451604] [publish_wind_direction]: Publishing: "id236:W"
[publish_wind_direction-2] [INFO] [1749221220.546166315] [publish_wind_direction]: Publishing: "id236:W"
[publish_wind_direction-2] [INFO] [1749221225.546641820] [publish_wind_direction]: Publishing: "id236:W"
[publish_wind_direction-2] [INFO] [1749221230.546410337] [publish_wind_direction]: Publishing: "id236:W"
[publish_wind_direction-2] [INFO] [1749221235.546462482] [publish_wind_direction]: Publishing: "id236:W"
[publish_wind_direction-2] [INFO] [1749221240.546457523] [publish_wind_direction]: Publishing: "id236:W"
[publish_wind_direction-2] [INFO] [1749221245.547213195] [publish_wind_direction]: Publishing: "id236:W"
[publish_wind_direction-2] [INFO] [1749221250.546626258] [publish_wind_direction]: Publishing: "id236:W"
[publish_wind_direction-2] [INFO] [1749221255.546832459] [publish_wind_direction]: Publishing: "id236:W"
[publish_wind_direction-2] [INFO] [1749221260.546340813] [publish_wind_direction]: Publishing: "id236:W"
[publish_wind_direction-2] [INFO] [1749221265.546307936] [publish_wind_direction]: Publishing: "id236:W"
[publish_wind_direction-2] [INFO] [1749221270.546476273] [publish_wind_direction]: Publishing: "id236:W"
[publish_wind_direction-2] [INFO] [1749221275.546339998] [publish_wind_direction]: Publishing: "id236:W"
[publish_wind_direction-2] [INFO] [1749221280.546354259] [publish_wind_direction]: Publishing: "id236:W"
[publish_wind_direction-2] [INFO] [1749221285.546330904] [publish_wind_direction]: Publishing: "id236:W"
[publish_wind_direction-2] [INFO] [1749221290.546392424] [publish_wind_direction]: Publishing: "id236:W"
[publish_wind_direction-2] [INFO] [1749221295.546342366] [publish_wind_direction]: Publishing: "id236:W"
[publish_wind_direction-2] [INFO] [1749221300.546316003] [publish_wind_direction]: Publishing: "id236:W"
[publish_wind_direction-2] [INFO] [1749221305.546349519] [publish_wind_direction]: Publishing: "id236:W"
[publish_wind_direction-2] [INFO] [1749221310.546361857] [publish_wind_direction]: Publishing: "id236:W"
[publish_wind_direction-2] [INFO] [1749221315.546374913] [publish_wind_direction]: Publishing: "id236:W"
[publish_wind_direction-2] [INFO] [1749221320.546315542] [publish_wind_direction]: Publishing: "id236:W"
[publish_wind_direction-2] [INFO] [1749221325.546311869] [publish_wind_direction]: Publishing: "id236:W"
[publish_wind_direction-2] [INFO] [1749221330.546346242] [publish_wind_direction]: Publishing: "id236:W"
[publish_wind_direction-2] [INFO] [1749221335.546347563] [publish_wind_direction]: Publishing: "id236:W"
[publish_wind_direction-2] [INFO] [1749221340.546322644] [publish_wind_direction]: Publishing: "id236:W"
[publish_wind_direction-2] [INFO] [1749221345.546359422] [publish_wind_direction]: Publishing: "id236:W"
[publish_wind_direction-2] [INFO] [1749221350.546517145] [publish_wind_direction]: Publishing: "id236:W"
[publish_wind_direction-2] [INFO] [1749221355.546526252] [publish_wind_direction]: Publishing: "id236:W"
[publish_wind_direction-2] [INFO] [1749221360.546438071] [publish_wind_direction]: Publishing: "id236:W"
[publish_wind_direction-2] [INFO] [1749221365.546440759] [publish_wind_direction]: Publishing: "id236:W"
[publish_wind_direction-2] [INFO] [1749221370.546406252] [publish_wind_direction]: Publishing: "id236:W"
[publish_wind_direction-2] [INFO] [1749221375.546512049] [publish_wind_direction]: Publishing: "id236:W"
[publish_wind_direction-2] [INFO] [1749221380.546403359] [publish_wind_direction]: Publishing: "id236:W"
[publish_wind_direction-2] [INFO] [1749221385.546574157] [publish_wind_direction]: Publishing: "id236:W"
[publish_wind_direction-2] [INFO] [1749221390.547467870] [publish_wind_direction]: Publishing: "id236:W"
[publish_wind_direction-2] [INFO] [1749221395.546426224] [publish_wind_direction]: Publishing: "id236:W"
[publish_wind_direction-2] [INFO] [1749221400.546568349] [publish_wind_direction]: Publishing: "id236:W"
[publish_wind_direction-2] [INFO] [1749221405.546471882] [publish_wind_direction]: Publishing: "id236:W"
[publish_wind_direction-2] [INFO] [1749221410.546396217] [publish_wind_direction]: Publishing: "id236:W"
[publish_wind_direction-2] [INFO] [1749221415.546405995] [publish_wind_direction]: Publishing: "id236:W"
[publish_wind_direction-2] [INFO] [1749221420.546549920] [publish_wind_direction]: Publishing: "id236:W"
[publish_wind_direction-2] [INFO] [1749221425.546470618] [publish_wind_direction]: Publishing: "id236:W"
[publish_wind_direction-2] [INFO] [1749221430.546398608] [publish_wind_direction]: Publishing: "id236:W"
[publish_wind_direction-2] [INFO] [1749221435.546261266] [publish_wind_direction]: Publishing: "id236:W"
[publish_wind_direction-2] [INFO] [1749221440.546401298] [publish_wind_direction]: Publishing: "id236:W"
[publish_wind_direction-2] [INFO] [1749221445.546440798] [publish_wind_direction]: Publishing: "id236:W"
[publish_wind_direction-2] [INFO] [1749221450.546446006] [publish_wind_direction]: Publishing: "id236:W"
[publish_wind_direction-2] [INFO] [1749221455.546472541] [publish_wind_direction]: Publishing: "id236:W"
[publish_wind_direction-2] [INFO] [1749221460.546418518] [publish_wind_direction]: Publishing: "id236:W"
[publish_wind_direction-2] [INFO] [1749221465.546394768] [publish_wind_direction]: Publishing: "id236:W"
[publish_wind_direction-2] [INFO] [1749221470.547171779] [publish_wind_direction]: Publishing: "id236:W"
[publish_wind_direction-2] [INFO] [1749221475.546443185] [publish_wind_direction]: Publishing: "id236:W"
[publish_wind_direction-2] [INFO] [1749221480.546463428] [publish_wind_direction]: Publishing: "id236:W"
[publish_wind_direction-2] [INFO] [1749221485.546381379] [publish_wind_direction]: Publishing: "id236:W"
[publish_wind_direction-2] [INFO] [1749221490.546445007] [publish_wind_direction]: Publishing: "id236:W"
[publish_wind_direction-2] [INFO] [1749221495.546567127] [publish_wind_direction]: Publishing: "id236:W"
[publish_wind_direction-2] [INFO] [1749221500.546486437] [publish_wind_direction]: Publishing: "id236:W"
[publish_wind_direction-2] [INFO] [1749221505.546408831] [publish_wind_direction]: Publishing: "id236:W"
[publish_wind_direction-2] [INFO] [1749221510.546464882] [publish_wind_direction]: Publishing: "id236:W"
[publish_wind_direction-2] [INFO] [1749221515.546498454] [publish_wind_direction]: Publishing: "id236:W"
[publish_wind_direction-2] [INFO] [1749221520.546381328] [publish_wind_direction]: Publishing: "id236:W"
[publish_wind_direction-2] [INFO] [1749221525.546503409] [publish_wind_direction]: Publishing: "id236:W"
[publish_wind_direction-2] [INFO] [1749221530.546284624] [publish_wind_direction]: Publishing: "id236:W"
[publish_wind_direction-2] [INFO] [1749221535.546443883] [publish_wind_direction]: Publishing: "id236:W"
[publish_wind_direction-2] [INFO] [1749221540.546405171] [publish_wind_direction]: Publishing: "id236:W"
[publish_wind_direction-2] [INFO] [1749221545.546603581] [publish_wind_direction]: Publishing: "id236:W"
[publish_wind_direction-2] [INFO] [1749221550.546466116] [publish_wind_direction]: Publishing: "id236:W"
[publish_wind_direction-2] [INFO] [1749221555.546433999] [publish_wind_direction]: Publishing: "id236:W"
[publish_wind_direction-2] [INFO] [1749221560.546461527] [publish_wind_direction]: Publishing: "id236:W"
[publish_wind_direction-2] [INFO] [1749221565.546350792] [publish_wind_direction]: Publishing: "id236:W"
[publish_wind_direction-2] [INFO] [1749221570.546311080] [publish_wind_direction]: Publishing: "id236:W"
[publish_wind_direction-2] [INFO] [1749221575.546129719] [publish_wind_direction]: Publishing: "id236:W"
[publish_wind_direction-2] [INFO] [1749221580.546307588] [publish_wind_direction]: Publishing: "id236:W"
[publish_wind_direction-2] [INFO] [1749221585.546549448] [publish_wind_direction]: Publishing: "id236:W"
[publish_wind_direction-2] [INFO] [1749221590.546282726] [publish_wind_direction]: Publishing: "id236:W"
[publish_wind_direction-2] [INFO] [1749221595.546133310] [publish_wind_direction]: Publishing: "id236:W"
[publish_wind_direction-2] [INFO] [1749221600.546312910] [publish_wind_direction]: Publishing: "id236:W"
[publish_wind_direction-2] [INFO] [1749221605.546309222] [publish_wind_direction]: Publishing: "id236:W"
[publish_wind_direction-2] [INFO] [1749221610.546371554] [publish_wind_direction]: Publishing: "id236:W"
[publish_wind_direction-2] [INFO] [1749221615.546386352] [publish_wind_direction]: Publishing: "id236:W"
[publish_wind_direction-2] [INFO] [1749221620.546342644] [publish_wind_direction]: Publishing: "id236:W"
[publish_wind_direction-2] [INFO] [1749221625.546328811] [publish_wind_direction]: Publishing: "id236:W"
[publish_wind_direction-2] [INFO] [1749221630.546817576] [publish_wind_direction]: Publishing: "id236:W"
[publish_wind_direction-2] [INFO] [1749221635.546313242] [publish_wind_direction]: Publishing: "id236:W"
[publish_wind_direction-2] [INFO] [1749221640.546318187] [publish_wind_direction]: Publishing: "id236:W"
[publish_wind_direction-2] [INFO] [1749221645.546370782] [publish_wind_direction]: Publishing: "id236:W"
[publish_wind_direction-2] [INFO] [1749221650.546195555] [publish_wind_direction]: Publishing: "id236:W"
[publish_wind_direction-2] [INFO] [1749221655.546466729] [publish_wind_direction]: Publishing: "id236:W"
[publish_wind_direction-2] [INFO] [1749221660.546503506] [publish_wind_direction]: Publishing: "id236:W"
[publish_wind_direction-2] [INFO] [1749221665.546490402] [publish_wind_direction]: Publishing: "id236:W"
[publish_wind_direction-2] [INFO] [1749221670.546518229] [publish_wind_direction]: Publishing: "id236:W"
[publish_wind_direction-2] [INFO] [1749221675.546290060] [publish_wind_direction]: Publishing: "id236:W"
[publish_wind_direction-2] [INFO] [1749221680.546979685] [publish_wind_direction]: Publishing: "id236:W"
[publish_wind_direction-2] [INFO] [1749221685.546337651] [publish_wind_direction]: Publishing: "id236:W"
[publish_wind_direction-2] [INFO] [1749221690.546226347] [publish_wind_direction]: Publishing: "id236:W"
[publish_wind_direction-2] [INFO] [1749221695.546497117] [publish_wind_direction]: Publishing: "id236:W"
[publish_wind_direction-2] [INFO] [1749221700.546351854] [publish_wind_direction]: Publishing: "id236:W"
[publish_wind_direction-2] [INFO] [1749221705.546260482] [publish_wind_direction]: Publishing: "id236:W"
[publish_wind_direction-2] [INFO] [1749221710.546223614] [publish_wind_direction]: Publishing: "id236:W"
[publish_wind_direction-2] [INFO] [1749221715.546374059] [publish_wind_direction]: Publishing: "id236:W"
[publish_wind_direction-2] [INFO] [1749221720.546212750] [publish_wind_direction]: Publishing: "id236:W"
[publish_wind_direction-2] [INFO] [1749221725.546400288] [publish_wind_direction]: Publishing: "id236:W"
[publish_wind_direction-2] [INFO] [1749221730.546214982] [publish_wind_direction]: Publishing: "id236:W"
[publish_wind_direction-2] [INFO] [1749221735.546303033] [publish_wind_direction]: Publishing: "id236:W"
[publish_wind_direction-2] [INFO] [1749221740.546338006] [publish_wind_direction]: Publishing: "id236:W"
[publish_wind_direction-2] [INFO] [1749221745.546313422] [publish_wind_direction]: Publishing: "id236:W"
[publish_wind_direction-2] [INFO] [1749221750.546373708] [publish_wind_direction]: Publishing: "id236:W"
[publish_wind_direction-2] [INFO] [1749221755.546225069] [publish_wind_direction]: Publishing: "id236:W"
[publish_wind_direction-2] [INFO] [1749221760.546204561] [publish_wind_direction]: Publishing: "id236:W"
[publish_wind_direction-2] [INFO] [1749221765.546223255] [publish_wind_direction]: Publishing: "id236:W"
[publish_wind_direction-2] [INFO] [1749221770.546238187] [publish_wind_direction]: Publishing: "id236:W"
[publish_wind_direction-2] [INFO] [1749221775.546041778] [publish_wind_direction]: Publishing: "id236:W"
[publish_wind_direction-2] [INFO] [1749221780.546230033] [publish_wind_direction]: Publishing: "id236:W"
[publish_wind_direction-2] [INFO] [1749221785.546213071] [publish_wind_direction]: Publishing: "id236:W"
[publish_wind_direction-2] [INFO] [1749221790.546391750] [publish_wind_direction]: Publishing: "id236:W"
[publish_wind_direction-2] [INFO] [1749221795.546304849] [publish_wind_direction]: Publishing: "id236:W"
[publish_wind_direction-2] [INFO] [1749221800.546272334] [publish_wind_direction]: Publishing: "id236:W"
[publish_wind_direction-2] [INFO] [1749221805.546668890] [publish_wind_direction]: Publishing: "id236:W"
[publish_wind_direction-2] [INFO] [1749221810.546302534] [publish_wind_direction]: Publishing: "id236:W"
[publish_wind_direction-2] [INFO] [1749221815.546336070] [publish_wind_direction]: Publishing: "id236:W"
[publish_wind_direction-2] [INFO] [1749221820.546377747] [publish_wind_direction]: Publishing: "id236:W"
[publish_wind_direction-2] [INFO] [1749221825.546407874] [publish_wind_direction]: Publishing: "id236:W"
[publish_wind_direction-2] [INFO] [1749221830.546483246] [publish_wind_direction]: Publishing: "id236:W"
[publish_wind_direction-2] [INFO] [1749221835.546437425] [publish_wind_direction]: Publishing: "id236:W"
[publish_wind_direction-2] [INFO] [1749221840.546670938] [publish_wind_direction]: Publishing: "id236:W"
[publish_wind_direction-2] [INFO] [1749221845.546528654] [publish_wind_direction]: Publishing: "id236:W"
[publish_wind_direction-2] [INFO] [1749221850.546365902] [publish_wind_direction]: Publishing: "id236:W"
[publish_wind_direction-2] [INFO] [1749221855.546568810] [publish_wind_direction]: Publishing: "id236:W"
[publish_wind_direction-2] [INFO] [1749221860.546423069] [publish_wind_direction]: Publishing: "id236:W"
[publish_wind_direction-2] [INFO] [1749221865.546308383] [publish_wind_direction]: Publishing: "id236:W"
[publish_wind_direction-2] [INFO] [1749221870.546394322] [publish_wind_direction]: Publishing: "id236:W"
[publish_wind_direction-2] [INFO] [1749221875.546336958] [publish_wind_direction]: Publishing: "id236:W"
[publish_wind_direction-2] [INFO] [1749221880.546134499] [publish_wind_direction]: Publishing: "id236:W"
[publish_wind_direction-2] [INFO] [1749221885.546492860] [publish_wind_direction]: Publishing: "id236:W"
[publish_wind_direction-2] [INFO] [1749221890.546306760] [publish_wind_direction]: Publishing: "id236:W"
[publish_wind_direction-2] [INFO] [1749221895.546289603] [publish_wind_direction]: Publishing: "id236:W"
[publish_wind_direction-2] [INFO] [1749221900.546808908] [publish_wind_direction]: Publishing: "id236:W"
[publish_wind_direction-2] [INFO] [1749221905.546305910] [publish_wind_direction]: Publishing: "id236:W"
[publish_wind_direction-2] [INFO] [1749221910.546280569] [publish_wind_direction]: Publishing: "id236:W"
[publish_wind_direction-2] [INFO] [1749221915.546410131] [publish_wind_direction]: Publishing: "id236:W"
[publish_wind_direction-2] [INFO] [1749221920.546443207] [publish_wind_direction]: Publishing: "id236:W"
[publish_wind_direction-2] [INFO] [1749221925.546325286] [publish_wind_direction]: Publishing: "id236:W"
[publish_wind_direction-2] [INFO] [1749221930.546505158] [publish_wind_direction]: Publishing: "id236:W"
[publish_wind_direction-2] [INFO] [1749221935.546451021] [publish_wind_direction]: Publishing: "id236:W"
[publish_wind_direction-2] [INFO] [1749221940.546290850] [publish_wind_direction]: Publishing: "id236:W"
[publish_wind_direction-2] [INFO] [1749221945.546391480] [publish_wind_direction]: Publishing: "id236:W"
[publish_wind_direction-2] [INFO] [1749221950.546364276] [publish_wind_direction]: Publishing: "id236:W"
[publish_wind_direction-2] [INFO] [1749221955.546352327] [publish_wind_direction]: Publishing: "id236:W"
[publish_wind_direction-2] [INFO] [1749221960.547152816] [publish_wind_direction]: Publishing: "id236:W"
[publish_wind_direction-2] [INFO] [1749221965.546204544] [publish_wind_direction]: Publishing: "id236:W"
[publish_wind_direction-2] [INFO] [1749221970.546183766] [publish_wind_direction]: Publishing: "id236:W"
[publish_wind_direction-2] [INFO] [1749221975.546217650] [publish_wind_direction]: Publishing: "id236:W"
[publish_wind_direction-2] [INFO] [1749221980.546219141] [publish_wind_direction]: Publishing: "id236:W"
[publish_wind_direction-2] [INFO] [1749221985.546260544] [publish_wind_direction]: Publishing: "id236:W"
[publish_wind_direction-2] [INFO] [1749221990.546278101] [publish_wind_direction]: Publishing: "id236:W"
[publish_wind_direction-2] [INFO] [1749221995.546376191] [publish_wind_direction]: Publishing: "id236:W"
[publish_wind_direction-2] [INFO] [1749222000.546729333] [publish_wind_direction]: Publishing: "id236:W"
[publish_wind_direction-2] [INFO] [1749222005.546215873] [publish_wind_direction]: Publishing: "id236:W"
[publish_wind_direction-2] [INFO] [1749222010.546428470] [publish_wind_direction]: Publishing: "id236:W"
[publish_wind_direction-2] [INFO] [1749222015.546231763] [publish_wind_direction]: Publishing: "id236:W"
[publish_wind_direction-2] [INFO] [1749222020.546180469] [publish_wind_direction]: Publishing: "id236:W"
[publish_wind_direction-2] [INFO] [1749222025.546247443] [publish_wind_direction]: Publishing: "id236:W"
[publish_wind_direction-2] [INFO] [1749222030.546227026] [publish_wind_direction]: Publishing: "id236:W"
[publish_wind_direction-2] [INFO] [1749222035.546211182] [publish_wind_direction]: Publishing: "id236:W"
[publish_wind_direction-2] [INFO] [1749222040.546914804] [publish_wind_direction]: Publishing: "id236:W"
[publish_wind_direction-2] [INFO] [1749222045.547013030] [publish_wind_direction]: Publishing: "id236:W"
[publish_wind_direction-2] [INFO] [1749222050.546155502] [publish_wind_direction]: Publishing: "id236:W"
[publish_wind_direction-2] [INFO] [1749222055.546638550] [publish_wind_direction]: Publishing: "id236:W"
[publish_wind_direction-2] [INFO] [1749222060.546486101] [publish_wind_direction]: Publishing: "id236:W"
[publish_wind_direction-2] [INFO] [1749222065.546203410] [publish_wind_direction]: Publishing: "id236:W"
[publish_wind_direction-2] [INFO] [1749222070.546306633] [publish_wind_direction]: Publishing: "id236:W"
[publish_wind_direction-2] [INFO] [1749222075.546198345] [publish_wind_direction]: Publishing: "id236:W"
[publish_wind_direction-2] [INFO] [1749222080.546261745] [publish_wind_direction]: Raising exception
[publish_wind_direction-2] [INFO] [1749222080.549226032] [publish_wind_direction]: Publisher stopping, exception
[INFO] [publish_wind_direction-2]: process has finished cleanly [pid 843]
[random_robot_move-1] [INFO] [1749222091.040742112] [random_robot_move]: Exception, shutting down
