[INFO] [launch]: All log files can be found below /home/thymio/.ros/log/2025-06-04-14-38-26-111234-thymio-820
[INFO] [launch]: Default logging verbosity is set to INFO
[INFO] [random_robot_move-1]: process started with pid [842]
[INFO] [publish_wind_direction-2]: process started with pid [844]
[publish_wind_direction-2] /usr/lib/python3/dist-packages/scipy/__init__.py:146: UserWarning: A NumPy version >=1.17.3 and <1.25.0 is required for this version of SciPy (detected version 1.26.4
[publish_wind_direction-2]   warnings.warn(f"A NumPy version >={np_minversion} and <{np_maxversion}"
[random_robot_move-1] [INFO] [1749047912.962834710] [random_robot_move]: Robot Control Node started.
[publish_wind_direction-2] [INFO] [1749047915.079981855] [publish_wind_direction]: Publishing: "id207:W"
[publish_wind_direction-2] [INFO] [1749047919.984333688] [publish_wind_direction]: ***Cam angle= -106.88949257995156, vico ang deg= 0.0 Ground Truth= 253.11050742004844
[publish_wind_direction-2] [INFO] [1749047919.987643730] [publish_wind_direction]: ***Corrected Wind Direction= E
[publish_wind_direction-2] [INFO] [1749047919.991935191] [publish_wind_direction]: Publishing: "id207:W"
[publish_wind_direction-2] [INFO] [1749047923.844958362] [publish_wind_direction]: ***Cam angle= -118.0184193855689, vico ang deg= 0.0 Ground Truth= 241.9815806144311
[publish_wind_direction-2] [INFO] [1749047923.847550337] [publish_wind_direction]: ***Corrected Wind Direction= E
[publish_wind_direction-2] [INFO] [1749047924.949117128] [publish_wind_direction]: Publishing: "id207:W"
[publish_wind_direction-2] [INFO] [1749047928.904646010] [publish_wind_direction]: ***Cam angle= -152.7526035952511, vico ang deg= 0.0 Ground Truth= 207.2473964047489
[publish_wind_direction-2] [INFO] [1749047928.907043584] [publish_wind_direction]: ***Corrected Wind Direction= S
[publish_wind_direction-2] [INFO] [1749047929.949000405] [publish_wind_direction]: Publishing: "id207:W"
[publish_wind_direction-2] [INFO] [1749047933.923597265] [publish_wind_direction]: ***Cam angle= -194.08906614890248, vico ang deg= 0.0 Ground Truth= 165.91093385109752
[publish_wind_direction-2] [INFO] [1749047933.926158091] [publish_wind_direction]: ***Corrected Wind Direction= S
[publish_wind_direction-2] [INFO] [1749047934.948968564] [publish_wind_direction]: Publishing: "id207:W"
[publish_wind_direction-2] [INFO] [1749047939.057509110] [publish_wind_direction]: ***Cam angle= -999.0, vico ang deg= 0.0 Ground Truth= 81.0
[publish_wind_direction-2] [INFO] [1749047939.060306559] [publish_wind_direction]: ***Corrected Wind Direction= W
[publish_wind_direction-2] [INFO] [1749047939.949128231] [publish_wind_direction]: Publishing: "id207:W"
[publish_wind_direction-2] [INFO] [1749047943.933585183] [publish_wind_direction]: ***Cam angle= -174.5603724589949, vico ang deg= 0.0 Ground Truth= 185.4396275410051
[publish_wind_direction-2] [INFO] [1749047943.936035941] [publish_wind_direction]: ***Corrected Wind Direction= S
[publish_wind_direction-2] [INFO] [1749047944.948627552] [publish_wind_direction]: Publishing: "id207:W"
[publish_wind_direction-2] [INFO] [1749047948.810320462] [publish_wind_direction]: ***Cam angle= -244.43945037854292, vico ang deg= 0.0 Ground Truth= 115.56054962145708
[publish_wind_direction-2] [INFO] [1749047948.812807786] [publish_wind_direction]: ***Corrected Wind Direction= W
[publish_wind_direction-2] [INFO] [1749047949.948714420] [publish_wind_direction]: Publishing: "id207:W"
[publish_wind_direction-2] [INFO] [1749047953.846062439] [publish_wind_direction]: ***Cam angle= -228.64666965223685, vico ang deg= 0.0 Ground Truth= 131.35333034776315
[publish_wind_direction-2] [INFO] [1749047953.848589663] [publish_wind_direction]: ***Corrected Wind Direction= W
[publish_wind_direction-2] [INFO] [1749047954.948749316] [publish_wind_direction]: Publishing: "id207:W"
[publish_wind_direction-2] [INFO] [1749047959.261164587] [publish_wind_direction]: ***Cam angle= -233.77310272965073, vico ang deg= 0.0 Ground Truth= 126.22689727034927
[publish_wind_direction-2] [INFO] [1749047959.263604355] [publish_wind_direction]: ***Corrected Wind Direction= W
[publish_wind_direction-2] [INFO] [1749047959.948667892] [publish_wind_direction]: Publishing: "id207:W"
[publish_wind_direction-2] [INFO] [1749047963.771757566] [publish_wind_direction]: ***Cam angle= -172.58017380402674, vico ang deg= 0.0 Ground Truth= 187.41982619597326
[publish_wind_direction-2] [INFO] [1749047963.774277220] [publish_wind_direction]: ***Corrected Wind Direction= S
[publish_wind_direction-2] [INFO] [1749047964.948620127] [publish_wind_direction]: Publishing: "id207:W"
[publish_wind_direction-2] [INFO] [1749047968.832638500] [publish_wind_direction]: ***Cam angle= -90.79454110821692, vico ang deg= 0.0 Ground Truth= 269.2054588917831
[publish_wind_direction-2] [INFO] [1749047968.836224396] [publish_wind_direction]: ***Corrected Wind Direction= E
[publish_wind_direction-2] [INFO] [1749047969.948514834] [publish_wind_direction]: Publishing: "id207:W"
[publish_wind_direction-2] [INFO] [1749047974.326218887] [publish_wind_direction]: ***Cam angle= -999.0, vico ang deg= 0.0 Ground Truth= 81.0
[publish_wind_direction-2] [INFO] [1749047974.328714771] [publish_wind_direction]: ***Corrected Wind Direction= W
[publish_wind_direction-2] [INFO] [1749047974.948508205] [publish_wind_direction]: Publishing: "id207:W"
[publish_wind_direction-2] [INFO] [1749047979.155301950] [publish_wind_direction]: ***Cam angle= -245.5738588199422, vico ang deg= 0.0 Ground Truth= 114.42614118005781
[publish_wind_direction-2] [INFO] [1749047979.157819960] [publish_wind_direction]: ***Corrected Wind Direction= W
[publish_wind_direction-2] [INFO] [1749047979.948928326] [publish_wind_direction]: Publishing: "id207:W"
[publish_wind_direction-2] [INFO] [1749047983.815616253] [publish_wind_direction]: ***Cam angle= -248.52410291821337, vico ang deg= 0.0 Ground Truth= 111.47589708178663
[publish_wind_direction-2] [INFO] [1749047983.818288985] [publish_wind_direction]: ***Corrected Wind Direction= W
[publish_wind_direction-2] [INFO] [1749047984.948624866] [publish_wind_direction]: Publishing: "id207:W"
[publish_wind_direction-2] [INFO] [1749047988.784495756] [publish_wind_direction]: ***Cam angle= -120.53850434459679, vico ang deg= 0.0 Ground Truth= 239.4614956554032
[publish_wind_direction-2] [INFO] [1749047988.786962686] [publish_wind_direction]: ***Corrected Wind Direction= E
[publish_wind_direction-2] [INFO] [1749047989.948611310] [publish_wind_direction]: Publishing: "id207:W"
[publish_wind_direction-2] [INFO] [1749047993.818668818] [publish_wind_direction]: ***Cam angle= -146.67296627259208, vico ang deg= 0.0 Ground Truth= 213.32703372740792
[publish_wind_direction-2] [INFO] [1749047993.821177894] [publish_wind_direction]: ***Corrected Wind Direction= S
[publish_wind_direction-2] [INFO] [1749047994.948594841] [publish_wind_direction]: Publishing: "id207:W"
[publish_wind_direction-2] [INFO] [1749047998.775663689] [publish_wind_direction]: ***Cam angle= -195.6076593164057, vico ang deg= 0.0 Ground Truth= 164.3923406835943
[publish_wind_direction-2] [INFO] [1749047998.778165818] [publish_wind_direction]: ***Corrected Wind Direction= S
[publish_wind_direction-2] [INFO] [1749047999.948608762] [publish_wind_direction]: Publishing: "id207:W"
[publish_wind_direction-2] [INFO] [1749048003.752257277] [publish_wind_direction]: ***Cam angle= -999.0, vico ang deg= 0.0 Ground Truth= 81.0
[publish_wind_direction-2] [INFO] [1749048003.754841165] [publish_wind_direction]: ***Corrected Wind Direction= W
[publish_wind_direction-2] [INFO] [1749048004.948619085] [publish_wind_direction]: Publishing: "id207:W"
[publish_wind_direction-2] [INFO] [1749048008.781277230] [publish_wind_direction]: ***Cam angle= -999.0, vico ang deg= 0.0 Ground Truth= 81.0
[publish_wind_direction-2] [INFO] [1749048008.783683041] [publish_wind_direction]: ***Corrected Wind Direction= W
[publish_wind_direction-2] [INFO] [1749048009.948657303] [publish_wind_direction]: Publishing: "id207:W"
[publish_wind_direction-2] [INFO] [1749048013.757731403] [publish_wind_direction]: ***Cam angle= -999.0, vico ang deg= 0.0 Ground Truth= 81.0
[publish_wind_direction-2] [INFO] [1749048013.760185508] [publish_wind_direction]: ***Corrected Wind Direction= W
[publish_wind_direction-2] [INFO] [1749048014.948773667] [publish_wind_direction]: Publishing: "id207:W"
[publish_wind_direction-2] [INFO] [1749048019.151960149] [publish_wind_direction]: ***Cam angle= -999.0, vico ang deg= 0.0 Ground Truth= 81.0
[publish_wind_direction-2] [INFO] [1749048019.154466199] [publish_wind_direction]: ***Corrected Wind Direction= W
[publish_wind_direction-2] [INFO] [1749048019.948609854] [publish_wind_direction]: Publishing: "id207:W"
[publish_wind_direction-2] [INFO] [1749048023.802350732] [publish_wind_direction]: ***Cam angle= -202.63873945823187, vico ang deg= 0.0 Ground Truth= 157.36126054176813
[publish_wind_direction-2] [INFO] [1749048023.804827855] [publish_wind_direction]: ***Corrected Wind Direction= S
[publish_wind_direction-2] [INFO] [1749048024.948642053] [publish_wind_direction]: Publishing: "id207:W"
[publish_wind_direction-2] [INFO] [1749048028.690936640] [publish_wind_direction]: ***Cam angle= 63.11837217873514, vico ang deg= 0.0 Ground Truth= 63.11837217873514
[publish_wind_direction-2] [INFO] [1749048028.693443503] [publish_wind_direction]: ***Corrected Wind Direction= W
[publish_wind_direction-2] [INFO] [1749048029.948678765] [publish_wind_direction]: Publishing: "id207:W"
[publish_wind_direction-2] [INFO] [1749048033.723212587] [publish_wind_direction]: ***Cam angle= 33.81756055967911, vico ang deg= 0.0 Ground Truth= 33.81756055967911
[publish_wind_direction-2] [INFO] [1749048033.726650830] [publish_wind_direction]: ***Corrected Wind Direction= N
[publish_wind_direction-2] [INFO] [1749048034.948484004] [publish_wind_direction]: Publishing: "id207:W"
[publish_wind_direction-2] [INFO] [1749048038.711231053] [publish_wind_direction]: ***Cam angle= -999.0, vico ang deg= 0.0 Ground Truth= 81.0
[publish_wind_direction-2] [INFO] [1749048038.713729193] [publish_wind_direction]: ***Corrected Wind Direction= W
[publish_wind_direction-2] [INFO] [1749048039.948595796] [publish_wind_direction]: Publishing: "id207:W"
[publish_wind_direction-2] [INFO] [1749048043.662394834] [publish_wind_direction]: ***Cam angle= -185.78164063464294, vico ang deg= 0.0 Ground Truth= 174.21835936535706
[publish_wind_direction-2] [INFO] [1749048043.664870992] [publish_wind_direction]: ***Corrected Wind Direction= S
[publish_wind_direction-2] [INFO] [1749048044.948536478] [publish_wind_direction]: Publishing: "id207:W"
[publish_wind_direction-2] [INFO] [1749048048.747541799] [publish_wind_direction]: ***Cam angle= -160.11775365765465, vico ang deg= 0.0 Ground Truth= 199.88224634234535
[publish_wind_direction-2] [INFO] [1749048048.750064345] [publish_wind_direction]: ***Corrected Wind Direction= S
[publish_wind_direction-2] [INFO] [1749048049.948605314] [publish_wind_direction]: Publishing: "id207:W"
[publish_wind_direction-2] [INFO] [1749048053.696115428] [publish_wind_direction]: ***Cam angle= -999.0, vico ang deg= 0.0 Ground Truth= 81.0
[publish_wind_direction-2] [INFO] [1749048053.698693030] [publish_wind_direction]: ***Corrected Wind Direction= W
[publish_wind_direction-2] [INFO] [1749048054.948610613] [publish_wind_direction]: Publishing: "id207:W"
[publish_wind_direction-2] [INFO] [1749048058.739842882] [publish_wind_direction]: ***Cam angle= -999.0, vico ang deg= 0.0 Ground Truth= 81.0
[publish_wind_direction-2] [INFO] [1749048058.742313539] [publish_wind_direction]: ***Corrected Wind Direction= W
[publish_wind_direction-2] [INFO] [1749048059.948608336] [publish_wind_direction]: Publishing: "id207:W"
[publish_wind_direction-2] [INFO] [1749048063.725565075] [publish_wind_direction]: ***Cam angle= -179.86579345294297, vico ang deg= 0.0 Ground Truth= 180.13420654705703
[publish_wind_direction-2] [INFO] [1749048063.727955453] [publish_wind_direction]: ***Corrected Wind Direction= S
[publish_wind_direction-2] [INFO] [1749048064.948595948] [publish_wind_direction]: Publishing: "id207:W"
[publish_wind_direction-2] [INFO] [1749048068.704368072] [publish_wind_direction]: ***Cam angle= -178.06958980049154, vico ang deg= 0.0 Ground Truth= 181.93041019950846
[publish_wind_direction-2] [INFO] [1749048068.706812302] [publish_wind_direction]: ***Corrected Wind Direction= S
[publish_wind_direction-2] [INFO] [1749048069.948615285] [publish_wind_direction]: Publishing: "id207:W"
[publish_wind_direction-2] [INFO] [1749048073.687773880] [publish_wind_direction]: ***Cam angle= -999.0, vico ang deg= 0.0 Ground Truth= 81.0
[publish_wind_direction-2] [INFO] [1749048073.690241054] [publish_wind_direction]: ***Corrected Wind Direction= W
[publish_wind_direction-2] [INFO] [1749048074.948593526] [publish_wind_direction]: Publishing: "id207:W"
[publish_wind_direction-2] [INFO] [1749048078.668230145] [publish_wind_direction]: ***Cam angle= -165.42086444060592, vico ang deg= 0.0 Ground Truth= 194.57913555939408
[publish_wind_direction-2] [INFO] [1749048078.670641818] [publish_wind_direction]: ***Corrected Wind Direction= S
[publish_wind_direction-2] [INFO] [1749048079.948725083] [publish_wind_direction]: Publishing: "id207:W"
[publish_wind_direction-2] [INFO] [1749048083.685755869] [publish_wind_direction]: ***Cam angle= -999.0, vico ang deg= 0.0 Ground Truth= 81.0
[publish_wind_direction-2] [INFO] [1749048083.688207450] [publish_wind_direction]: ***Corrected Wind Direction= W
[publish_wind_direction-2] [INFO] [1749048084.948637852] [publish_wind_direction]: Publishing: "id207:W"
[publish_wind_direction-2] [INFO] [1749048088.721791158] [publish_wind_direction]: ***Cam angle= -153.40589815230913, vico ang deg= 0.0 Ground Truth= 206.59410184769087
[publish_wind_direction-2] [INFO] [1749048088.725317843] [publish_wind_direction]: ***Corrected Wind Direction= S
[publish_wind_direction-2] [INFO] [1749048089.948525322] [publish_wind_direction]: Publishing: "id207:W"
[publish_wind_direction-2] [INFO] [1749048093.669664823] [publish_wind_direction]: ***Cam angle= -177.49229787794718, vico ang deg= 0.0 Ground Truth= 182.50770212205282
[publish_wind_direction-2] [INFO] [1749048093.672099237] [publish_wind_direction]: ***Corrected Wind Direction= S
[publish_wind_direction-2] [INFO] [1749048094.948623993] [publish_wind_direction]: Publishing: "id207:W"
[publish_wind_direction-2] [INFO] [1749048098.754751731] [publish_wind_direction]: ***Cam angle= -173.6834873076128, vico ang deg= 0.0 Ground Truth= 186.3165126923872
[publish_wind_direction-2] [INFO] [1749048098.757259349] [publish_wind_direction]: ***Corrected Wind Direction= S
[publish_wind_direction-2] [INFO] [1749048099.948636598] [publish_wind_direction]: Publishing: "id207:W"
[publish_wind_direction-2] [INFO] [1749048103.667522549] [publish_wind_direction]: ***Cam angle= -164.08220892703773, vico ang deg= 0.0 Ground Truth= 195.91779107296227
[publish_wind_direction-2] [INFO] [1749048103.670180169] [publish_wind_direction]: ***Corrected Wind Direction= S
[publish_wind_direction-2] [INFO] [1749048104.949126482] [publish_wind_direction]: Publishing: "id207:W"
[publish_wind_direction-2] [INFO] [1749048108.766279411] [publish_wind_direction]: ***Cam angle= -163.11875602006626, vico ang deg= 0.0 Ground Truth= 196.88124397993374
[publish_wind_direction-2] [INFO] [1749048108.768766418] [publish_wind_direction]: ***Corrected Wind Direction= S
[publish_wind_direction-2] [INFO] [1749048109.948612042] [publish_wind_direction]: Publishing: "id207:W"
[publish_wind_direction-2] [INFO] [1749048113.716492662] [publish_wind_direction]: ***Cam angle= -175.4804617708436, vico ang deg= 0.0 Ground Truth= 184.5195382291564
[publish_wind_direction-2] [INFO] [1749048113.718941150] [publish_wind_direction]: ***Corrected Wind Direction= S
[publish_wind_direction-2] [INFO] [1749048114.948684127] [publish_wind_direction]: Publishing: "id207:W"
[publish_wind_direction-2] [INFO] [1749048119.066137537] [publish_wind_direction]: ***Cam angle= -160.09776236386347, vico ang deg= 0.0 Ground Truth= 199.90223763613653
[publish_wind_direction-2] [INFO] [1749048119.068598636] [publish_wind_direction]: ***Corrected Wind Direction= S
[publish_wind_direction-2] [INFO] [1749048119.948744119] [publish_wind_direction]: Publishing: "id207:W"
[publish_wind_direction-2] [INFO] [1749048123.741589914] [publish_wind_direction]: ***Cam angle= -172.4750678095433, vico ang deg= 0.0 Ground Truth= 187.5249321904567
[publish_wind_direction-2] [INFO] [1749048123.744005235] [publish_wind_direction]: ***Corrected Wind Direction= S
[publish_wind_direction-2] [INFO] [1749048124.948628269] [publish_wind_direction]: Publishing: "id207:W"
[publish_wind_direction-2] [INFO] [1749048128.674047533] [publish_wind_direction]: ***Cam angle= -168.03169353485424, vico ang deg= 0.0 Ground Truth= 191.96830646514576
[publish_wind_direction-2] [INFO] [1749048128.676515095] [publish_wind_direction]: ***Corrected Wind Direction= S
[publish_wind_direction-2] [INFO] [1749048129.948749020] [publish_wind_direction]: Publishing: "id207:W"
[publish_wind_direction-2] [INFO] [1749048133.663853709] [publish_wind_direction]: ***Cam angle= -999.0, vico ang deg= 0.0 Ground Truth= 81.0
[publish_wind_direction-2] [INFO] [1749048133.666336067] [publish_wind_direction]: ***Corrected Wind Direction= W
[publish_wind_direction-2] [INFO] [1749048134.948737767] [publish_wind_direction]: Publishing: "id207:W"
[publish_wind_direction-2] [INFO] [1749048138.665567065] [publish_wind_direction]: ***Cam angle= -173.51322918290896, vico ang deg= 0.0 Ground Truth= 186.48677081709104
[publish_wind_direction-2] [INFO] [1749048138.668013738] [publish_wind_direction]: ***Corrected Wind Direction= S
[publish_wind_direction-2] [INFO] [1749048139.948782520] [publish_wind_direction]: Publishing: "id207:W"
[publish_wind_direction-2] [INFO] [1749048143.701677354] [publish_wind_direction]: ***Cam angle= -169.02110944204094, vico ang deg= 0.0 Ground Truth= 190.97889055795906
[publish_wind_direction-2] [INFO] [1749048143.705102314] [publish_wind_direction]: ***Corrected Wind Direction= S
[publish_wind_direction-2] [INFO] [1749048144.948731378] [publish_wind_direction]: Publishing: "id207:W"
[publish_wind_direction-2] [INFO] [1749048148.748606231] [publish_wind_direction]: ***Cam angle= -151.77589513507246, vico ang deg= 0.0 Ground Truth= 208.22410486492754
[publish_wind_direction-2] [INFO] [1749048148.751066904] [publish_wind_direction]: ***Corrected Wind Direction= S
[publish_wind_direction-2] [INFO] [1749048149.948653069] [publish_wind_direction]: Publishing: "id207:W"
[publish_wind_direction-2] [INFO] [1749048153.673442050] [publish_wind_direction]: ***Cam angle= -189.8462325631864, vico ang deg= 0.0 Ground Truth= 170.1537674368136
[publish_wind_direction-2] [INFO] [1749048153.675882982] [publish_wind_direction]: ***Corrected Wind Direction= S
[publish_wind_direction-2] [INFO] [1749048154.948573045] [publish_wind_direction]: Publishing: "id207:W"
[publish_wind_direction-2] [INFO] [1749048159.118379061] [publish_wind_direction]: ***Cam angle= -999.0, vico ang deg= 0.0 Ground Truth= 81.0
[publish_wind_direction-2] [INFO] [1749048159.120814160] [publish_wind_direction]: ***Corrected Wind Direction= W
[publish_wind_direction-2] [INFO] [1749048159.948597588] [publish_wind_direction]: Publishing: "id207:W"
[publish_wind_direction-2] [INFO] [1749048163.678880883] [publish_wind_direction]: ***Cam angle= -214.91888673483078, vico ang deg= 0.0 Ground Truth= 145.08111326516922
[publish_wind_direction-2] [INFO] [1749048163.681411409] [publish_wind_direction]: ***Corrected Wind Direction= S
[publish_wind_direction-2] [INFO] [1749048164.948621812] [publish_wind_direction]: Publishing: "id207:W"
[publish_wind_direction-2] [INFO] [1749048168.664684838] [publish_wind_direction]: ***Cam angle= -91.73032504260584, vico ang deg= 0.0 Ground Truth= 268.26967495739416
[publish_wind_direction-2] [INFO] [1749048168.667135307] [publish_wind_direction]: ***Corrected Wind Direction= E
[publish_wind_direction-2] [INFO] [1749048169.948612850] [publish_wind_direction]: Publishing: "id207:W"
[publish_wind_direction-2] [INFO] [1749048173.647130613] [publish_wind_direction]: ***Cam angle= 38.62316072324444, vico ang deg= 0.0 Ground Truth= 38.62316072324444
[publish_wind_direction-2] [INFO] [1749048173.649620990] [publish_wind_direction]: ***Corrected Wind Direction= N
[publish_wind_direction-2] [INFO] [1749048174.948639612] [publish_wind_direction]: Publishing: "id207:W"
[publish_wind_direction-2] [INFO] [1749048178.679090038] [publish_wind_direction]: ***Cam angle= 55.86657332134817, vico ang deg= 0.0 Ground Truth= 55.86657332134817
[publish_wind_direction-2] [INFO] [1749048178.681568026] [publish_wind_direction]: ***Corrected Wind Direction= W
[publish_wind_direction-2] [INFO] [1749048179.948594897] [publish_wind_direction]: Publishing: "id207:W"
[publish_wind_direction-2] [INFO] [1749048183.655622597] [publish_wind_direction]: ***Cam angle= -239.1633012441645, vico ang deg= 0.0 Ground Truth= 120.8366987558355
[publish_wind_direction-2] [INFO] [1749048183.659089076] [publish_wind_direction]: ***Corrected Wind Direction= W
[publish_wind_direction-2] [INFO] [1749048184.948637615] [publish_wind_direction]: Publishing: "id207:W"
[publish_wind_direction-2] [INFO] [1749048188.794906856] [publish_wind_direction]: ***Cam angle= -189.4797687965206, vico ang deg= 0.0 Ground Truth= 170.5202312034794
[publish_wind_direction-2] [INFO] [1749048188.797520826] [publish_wind_direction]: ***Corrected Wind Direction= S
[publish_wind_direction-2] [INFO] [1749048189.948643601] [publish_wind_direction]: Publishing: "id207:W"
[publish_wind_direction-2] [INFO] [1749048193.680752594] [publish_wind_direction]: ***Cam angle= -152.97317731121814, vico ang deg= 0.0 Ground Truth= 207.02682268878186
[publish_wind_direction-2] [INFO] [1749048193.683167211] [publish_wind_direction]: ***Corrected Wind Direction= S
[publish_wind_direction-2] [INFO] [1749048194.948626244] [publish_wind_direction]: Publishing: "id207:W"
[publish_wind_direction-2] [INFO] [1749048198.681494425] [publish_wind_direction]: ***Cam angle= -999.0, vico ang deg= 0.0 Ground Truth= 81.0
[publish_wind_direction-2] [INFO] [1749048198.683909856] [publish_wind_direction]: ***Corrected Wind Direction= W
[publish_wind_direction-2] [INFO] [1749048199.948588287] [publish_wind_direction]: Publishing: "id207:W"
[publish_wind_direction-2] [INFO] [1749048204.087913714] [publish_wind_direction]: ***Cam angle= -120.93745983864903, vico ang deg= 0.0 Ground Truth= 239.06254016135097
[publish_wind_direction-2] [INFO] [1749048204.090419535] [publish_wind_direction]: ***Corrected Wind Direction= E
[publish_wind_direction-2] [INFO] [1749048204.948600843] [publish_wind_direction]: Publishing: "id207:W"
[publish_wind_direction-2] [INFO] [1749048208.747615420] [publish_wind_direction]: ***Cam angle= -154.68158311436287, vico ang deg= 0.0 Ground Truth= 205.31841688563713
[publish_wind_direction-2] [INFO] [1749048208.751127863] [publish_wind_direction]: ***Corrected Wind Direction= S
[publish_wind_direction-2] [INFO] [1749048209.948526096] [publish_wind_direction]: Publishing: "id207:W"
[publish_wind_direction-2] [INFO] [1749048213.672535638] [publish_wind_direction]: ***Cam angle= -6.977865724916882, vico ang deg= 0.0 Ground Truth= 353.0221342750831
[publish_wind_direction-2] [INFO] [1749048213.674940403] [publish_wind_direction]: ***Corrected Wind Direction= N
[publish_wind_direction-2] [INFO] [1749048214.948374141] [publish_wind_direction]: Raising exception
[publish_wind_direction-2] [INFO] [1749048214.951255021] [publish_wind_direction]: Publisher stopping, exception
[INFO] [publish_wind_direction-2]: process has finished cleanly [pid 844]
[random_robot_move-1] [INFO] [1749048217.898160384] [random_robot_move]: Exception, shutting down
