[INFO] [launch]: All log files can be found below /home/thymio/.ros/log/2025-06-06-15-22-32-791029-thymio-820
[INFO] [launch]: Default logging verbosity is set to INFO
[INFO] [random_robot_move-1]: process started with pid [842]
[INFO] [publish_wind_direction-2]: process started with pid [844]
[publish_wind_direction-2] /usr/lib/python3/dist-packages/scipy/__init__.py:146: UserWarning: A NumPy version >=1.17.3 and <1.25.0 is required for this version of SciPy (detected version 1.26.4
[publish_wind_direction-2]   warnings.warn(f"A NumPy version >={np_minversion} and <{np_maxversion}"
[publish_wind_direction-2] [INFO] [1749223356.841716233] [publish_wind_direction]: Physical Ip=134.34.225.136, id=id136
[publish_wind_direction-2] [INFO] [1749223356.880610856] [publish_wind_direction]: Subscribed to: vicon/default/data
[publish_wind_direction-2] [INFO] [1749223357.896974712] [publish_wind_direction]: Vicon Position= [-932.3447265625, 22.601831436157227]
[publish_wind_direction-2] [INFO] [1749223357.899862808] [publish_wind_direction]: Neighbourhood size: 3
[publish_wind_direction-2] [INFO] [1749223358.929554044] [publish_wind_direction]: Vicon Position= [-932.3995361328125, 22.551090240478516]
[publish_wind_direction-2] [INFO] [1749223358.932475905] [publish_wind_direction]: Neighbourhood size: 3
[random_robot_move-1] [INFO] [1749223359.687217667] [random_robot_move]: Robot Control Node started.
[publish_wind_direction-2] [INFO] [1749223359.933992106] [publish_wind_direction]: Vicon Position= [-927.626220703125, 7.776025295257568]
[publish_wind_direction-2] [INFO] [1749223359.938198700] [publish_wind_direction]: Neighbourhood size: 3
[publish_wind_direction-2] [INFO] [1749223360.937066721] [publish_wind_direction]: Vicon Position= [-907.3558959960938, -106.23807525634766]
[publish_wind_direction-2] [INFO] [1749223360.940285031] [publish_wind_direction]: Neighbourhood size: 2
[publish_wind_direction-2] [INFO] [1749223361.868569316] [publish_wind_direction]: Publishing: "id136:E"
[publish_wind_direction-2] [INFO] [1749223361.949456867] [publish_wind_direction]: Vicon Position= [-887.7160034179688, -216.95652770996094]
[publish_wind_direction-2] [INFO] [1749223361.953406756] [publish_wind_direction]: Neighbourhood size: 2
[publish_wind_direction-2] [INFO] [1749223362.982407813] [publish_wind_direction]: Vicon Position= [-870.4890747070312, -287.4494323730469]
[publish_wind_direction-2] [INFO] [1749223362.986355380] [publish_wind_direction]: Neighbourhood size: 3
[publish_wind_direction-2] [INFO] [1749223364.001220404] [publish_wind_direction]: Vicon Position= [-846.3250732421875, -374.087158203125]
[publish_wind_direction-2] [INFO] [1749223364.004344717] [publish_wind_direction]: Neighbourhood size: 3
[publish_wind_direction-2] [INFO] [1749223365.009527250] [publish_wind_direction]: Vicon Position= [-828.7811279296875, -436.8101806640625]
[publish_wind_direction-2] [INFO] [1749223365.012643226] [publish_wind_direction]: Neighbourhood size: 3
[publish_wind_direction-2] [INFO] [1749223366.016371212] [publish_wind_direction]: Vicon Position= [-794.8619995117188, -560.7512817382812]
[publish_wind_direction-2] [INFO] [1749223366.019607574] [publish_wind_direction]: Neighbourhood size: 2
[publish_wind_direction-2] [INFO] [1749223366.620862700] [publish_wind_direction]: * Received from id195, wind direction S
[publish_wind_direction-2] [INFO] [1749223366.624829864] [publish_wind_direction]: Publisher, neighbours_by_id={'id137', 'id206'}
[publish_wind_direction-2] [INFO] [1749223371.509969911] [publish_wind_direction]: ***Cam angle= -999.0, vico ang deg= 110.72373597829366 Ground Truth= 191.7237359782937
[publish_wind_direction-2] [INFO] [1749223371.512684446] [publish_wind_direction]: Publisher, Neighbourhood size: 2
[publish_wind_direction-2] [INFO] [1749223371.517493568] [publish_wind_direction]: Publishing: "id136:E"
[publish_wind_direction-2] [INFO] [1749223371.522131796] [publish_wind_direction]: Vicon Position= [-658.2754516601562, -593.615966796875]
[publish_wind_direction-2] [INFO] [1749223371.524666513] [publish_wind_direction]: Neighbourhood size: 2
[publish_wind_direction-2] [INFO] [1749223371.527739111] [publish_wind_direction]: * Received from id192, wind direction W
[publish_wind_direction-2] [INFO] [1749223371.530242349] [publish_wind_direction]: Publisher, neighbours_by_id={'id137', 'id206'}
[publish_wind_direction-2] [INFO] [1749223375.772728668] [publish_wind_direction]: ***Cam angle= -999.0, vico ang deg= 200.11624019421512 Ground Truth= 281.11624019421515
[publish_wind_direction-2] [INFO] [1749223375.775206687] [publish_wind_direction]: Publisher, Neighbourhood size: 2
[publish_wind_direction-2] [INFO] [1749223375.779689224] [publish_wind_direction]: Publishing: "id136:E"
[publish_wind_direction-2] [INFO] [1749223375.785307510] [publish_wind_direction]: Vicon Position= [-654.5338745117188, -593.5368041992188]
[publish_wind_direction-2] [INFO] [1749223375.787628356] [publish_wind_direction]: Neighbourhood size: 2
[publish_wind_direction-2] [INFO] [1749223375.790397613] [publish_wind_direction]: * Received from id195, wind direction W
[publish_wind_direction-2] [INFO] [1749223375.795080783] [publish_wind_direction]: Publisher, neighbours_by_id={'id137', 'id206'}
[publish_wind_direction-2] [INFO] [1749223379.908563776] [publish_wind_direction]: ***Cam angle= 7.054579185892564, vico ang deg= 200.16281497688124 Ground Truth= 207.21739416277381
[publish_wind_direction-2] [INFO] [1749223379.911169545] [publish_wind_direction]: Publisher, Neighbourhood size: 2
[publish_wind_direction-2] [INFO] [1749223379.916032070] [publish_wind_direction]: Publishing: "id136:E"
[publish_wind_direction-2] [INFO] [1749223379.919925845] [publish_wind_direction]: Vicon Position= [-650.4022216796875, -591.1062622070312]
[publish_wind_direction-2] [INFO] [1749223379.922435324] [publish_wind_direction]: Neighbourhood size: 2
[publish_wind_direction-2] [INFO] [1749223379.928111461] [publish_wind_direction]: * Received from id155, wind direction W
[publish_wind_direction-2] [INFO] [1749223379.930671492] [publish_wind_direction]: Publisher, neighbours_by_id={'id137', 'id206'}
[publish_wind_direction-2] [INFO] [1749223383.979035415] [publish_wind_direction]: ***Cam angle= -999.0, vico ang deg= 200.16811100906114 Ground Truth= 281.16811100906114
[publish_wind_direction-2] [INFO] [1749223383.981524782] [publish_wind_direction]: Publisher, Neighbourhood size: 2
[publish_wind_direction-2] [INFO] [1749223384.026203775] [publish_wind_direction]: Publishing: "id136:E"
[publish_wind_direction-2] [INFO] [1749223384.030098858] [publish_wind_direction]: Vicon Position= [-643.6718139648438, -589.1871948242188]
[publish_wind_direction-2] [INFO] [1749223384.032716925] [publish_wind_direction]: Neighbourhood size: 2
[publish_wind_direction-2] [INFO] [1749223384.035826702] [publish_wind_direction]: * Received from id195, wind direction S
[publish_wind_direction-2] [INFO] [1749223384.039206835] [publish_wind_direction]: Publisher, neighbours_by_id={'id137', 'id206'}
[publish_wind_direction-2] [INFO] [1749223388.237753412] [publish_wind_direction]: ***Cam angle= -2.3908737412872654, vico ang deg= 200.66243901993025 Ground Truth= 198.27156527864298
[publish_wind_direction-2] [INFO] [1749223388.240299774] [publish_wind_direction]: Publisher, Neighbourhood size: 2
[publish_wind_direction-2] [INFO] [1749223388.244551765] [publish_wind_direction]: Publishing: "id136:E"
[publish_wind_direction-2] [INFO] [1749223388.248612138] [publish_wind_direction]: Vicon Position= [-519.8043212890625, -544.5947875976562]
[publish_wind_direction-2] [INFO] [1749223388.251114280] [publish_wind_direction]: Neighbourhood size: 4
[publish_wind_direction-2] [INFO] [1749223388.253986828] [publish_wind_direction]: * Received from id192, wind direction S
[publish_wind_direction-2] [INFO] [1749223388.256441047] [publish_wind_direction]: Publisher, neighbours_by_id={'id224', 'id192', 'id206', 'id137'}
[publish_wind_direction-2] [INFO] [1749223392.259609357] [publish_wind_direction]: ***Cam angle= -999.0, vico ang deg= 200.50321376130213 Ground Truth= 281.50321376130216
[publish_wind_direction-2] [INFO] [1749223392.262131380] [publish_wind_direction]: Publisher, Neighbourhood size: 4
[publish_wind_direction-2] [INFO] [1749223392.264614165] [publish_wind_direction]: Decision Making Triggered
[publish_wind_direction-2] [INFO] [1749223392.267036786] [publish_wind_direction]: Publisher, Neighbours Opinion: 1
[publish_wind_direction-2] [INFO] [1749223392.269551310] [publish_wind_direction]: Inside Decision Making, neighbours opinion: {'id192': 'S'}
[publish_wind_direction-2] [INFO] [1749223392.272011225] [publish_wind_direction]: Inside Decision Making, social opinions: {'S': 1}
[publish_wind_direction-2] [INFO] [1749223392.276555297] [publish_wind_direction]: Publishing: "id136:S"
[publish_wind_direction-2] [INFO] [1749223392.280445197] [publish_wind_direction]: Vicon Position= [-415.2066955566406, -499.8857116699219]
[publish_wind_direction-2] [INFO] [1749223392.282998145] [publish_wind_direction]: Neighbourhood size: 6
[publish_wind_direction-2] [INFO] [1749223392.285892613] [publish_wind_direction]: * Received from id195, wind direction S
[publish_wind_direction-2] [INFO] [1749223392.288517150] [publish_wind_direction]: Publisher, neighbours_by_id={'id192', 'id206', 'id137', 'id142', 'id224', 'id155'}
[publish_wind_direction-2] [INFO] [1749223396.131185663] [publish_wind_direction]: ***Cam angle= 86.44027990751161, vico ang deg= 250.0729383422374 Ground Truth= 336.513218249749
[publish_wind_direction-2] [INFO] [1749223396.134704281] [publish_wind_direction]: Publisher, Neighbourhood size: 6
[publish_wind_direction-2] [INFO] [1749223396.138143218] [publish_wind_direction]: Decision Making Triggered
[publish_wind_direction-2] [INFO] [1749223396.141553934] [publish_wind_direction]: Publisher, Neighbours Opinion: 1
[publish_wind_direction-2] [INFO] [1749223396.145118699] [publish_wind_direction]: Inside Decision Making, neighbours opinion: {'id192': 'S'}
[publish_wind_direction-2] [INFO] [1749223396.148673667] [publish_wind_direction]: Inside Decision Making, social opinions: {'S': 1}
[publish_wind_direction-2] [INFO] [1749223396.155117227] [publish_wind_direction]: Vicon Position= [-477.7847595214844, -401.71832275390625]
[publish_wind_direction-2] [INFO] [1749223396.158675733] [publish_wind_direction]: Neighbourhood size: 6
[publish_wind_direction-2] [INFO] [1749223396.162827675] [publish_wind_direction]: * Received from id142, wind direction E
[publish_wind_direction-2] [INFO] [1749223396.166326127] [publish_wind_direction]: Publisher, neighbours_by_id={'id192', 'id206', 'id137', 'id142', 'id224', 'id155'}
[publish_wind_direction-2] [INFO] [1749223400.291584939] [publish_wind_direction]: ***Cam angle= 51.75115068117739, vico ang deg= -65.92996476740835 Ground Truth= 345.82118591376906
[publish_wind_direction-2] [INFO] [1749223400.294096057] [publish_wind_direction]: Publisher, Neighbourhood size: 6
[publish_wind_direction-2] [INFO] [1749223400.296545437] [publish_wind_direction]: Decision Making Triggered
[publish_wind_direction-2] [INFO] [1749223400.299057258] [publish_wind_direction]: Publisher, Neighbours Opinion: 2
[publish_wind_direction-2] [INFO] [1749223400.301518841] [publish_wind_direction]: Inside Decision Making, neighbours opinion: {'id192': 'S', 'id142': 'E'}
[publish_wind_direction-2] [INFO] [1749223400.303962295] [publish_wind_direction]: Inside Decision Making, social opinions: {'S': 1, 'E': 1}
[publish_wind_direction-2] [INFO] [1749223400.308496810] [publish_wind_direction]: Publishing: "id136:N"
[publish_wind_direction-2] [INFO] [1749223400.312426942] [publish_wind_direction]: Vicon Position= [-454.5295104980469, -435.8819580078125]
[publish_wind_direction-2] [INFO] [1749223400.314949874] [publish_wind_direction]: Neighbourhood size: 5
[publish_wind_direction-2] [INFO] [1749223400.317837032] [publish_wind_direction]: * Received from id200, wind direction N
[publish_wind_direction-2] [INFO] [1749223400.320304429] [publish_wind_direction]: Publisher, neighbours_by_id={'id206', 'id137', 'id142', 'id224', 'id155'}
[publish_wind_direction-2] [INFO] [1749223404.133192916] [publish_wind_direction]: ***Cam angle= -999.0, vico ang deg= 26.70605391159338 Ground Truth= 107.70605391159336
[publish_wind_direction-2] [INFO] [1749223404.135680135] [publish_wind_direction]: Publisher, Neighbourhood size: 5
[publish_wind_direction-2] [INFO] [1749223404.138104746] [publish_wind_direction]: Decision Making Triggered
[publish_wind_direction-2] [INFO] [1749223404.140551670] [publish_wind_direction]: Publisher, Neighbours Opinion: 2
[publish_wind_direction-2] [INFO] [1749223404.142960356] [publish_wind_direction]: Inside Decision Making, neighbours opinion: {'id192': 'S', 'id142': 'E'}
[publish_wind_direction-2] [INFO] [1749223404.145404206] [publish_wind_direction]: Inside Decision Making, social opinions: {'S': 1, 'E': 1}
[publish_wind_direction-2] [INFO] [1749223404.149908256] [publish_wind_direction]: Publishing: "id136:W"
[publish_wind_direction-2] [INFO] [1749223404.153778089] [publish_wind_direction]: Vicon Position= [-343.8395080566406, -465.987548828125]
[publish_wind_direction-2] [INFO] [1749223404.156375267] [publish_wind_direction]: Neighbourhood size: 6
[publish_wind_direction-2] [INFO] [1749223406.868482316] [publish_wind_direction]: Publishing: "id136:W"
[publish_wind_direction-2] [INFO] [1749223407.561788622] [publish_wind_direction]: Vicon Position= [-303.29351806640625, 237.000732421875]
[publish_wind_direction-2] [INFO] [1749223407.564699572] [publish_wind_direction]: Neighbourhood size: 8
[publish_wind_direction-2] [INFO] [1749223410.445276904] [publish_wind_direction]: Vicon Position= [-333.4713134765625, 1001.2420043945312]
[publish_wind_direction-2] [INFO] [1749223410.448470146] [publish_wind_direction]: Neighbourhood size: 4
[publish_wind_direction-2] [INFO] [1749223411.868652685] [publish_wind_direction]: Publishing: "id136:W"
[publish_wind_direction-2] [INFO] [1749223416.868498501] [publish_wind_direction]: Publishing: "id136:W"
[publish_wind_direction-2] [INFO] [1749223421.869484084] [publish_wind_direction]: Publishing: "id136:W"
[publish_wind_direction-2] [INFO] [1749223424.981679805] [publish_wind_direction]: Vicon Position= [-390.97283935546875, 1339.64306640625]
[publish_wind_direction-2] [INFO] [1749223424.984749444] [publish_wind_direction]: Neighbourhood size: 4
[publish_wind_direction-2] [INFO] [1749223425.068274624] [publish_wind_direction]: * Received from id192, wind direction E
[publish_wind_direction-2] [INFO] [1749223425.071183157] [publish_wind_direction]: Publisher, neighbours_by_id={'id223', 'id152', 'id236', 'id193'}
[publish_wind_direction-2] [INFO] [1749223428.873639390] [publish_wind_direction]: ***Cam angle= -999.0, vico ang deg= -70.93580527808264 Ground Truth= 10.064194721917374
[publish_wind_direction-2] [INFO] [1749223428.877185429] [publish_wind_direction]: Publisher, Neighbourhood size: 4
[publish_wind_direction-2] [INFO] [1749223428.880598804] [publish_wind_direction]: Decision Making Triggered
[publish_wind_direction-2] [INFO] [1749223428.884028216] [publish_wind_direction]: Publisher, Neighbours Opinion: 2
[publish_wind_direction-2] [INFO] [1749223428.887573162] [publish_wind_direction]: Inside Decision Making, neighbours opinion: {'id192': 'S', 'id142': 'E'}
[publish_wind_direction-2] [INFO] [1749223428.891014852] [publish_wind_direction]: Inside Decision Making, social opinions: {'S': 1, 'E': 1}
[publish_wind_direction-2] [INFO] [1749223428.897380244] [publish_wind_direction]: Publishing: "id136:N"
[publish_wind_direction-2] [INFO] [1749223431.869830126] [publish_wind_direction]: Publishing: "id136:N"
[publish_wind_direction-2] [INFO] [1749223436.868697369] [publish_wind_direction]: Publishing: "id136:N"
[publish_wind_direction-2] [INFO] [1749223441.868740106] [publish_wind_direction]: Publishing: "id136:N"
[publish_wind_direction-2] [INFO] [1749223442.959198933] [publish_wind_direction]: Vicon Position= [-830.1005859375, 702.4625854492188]
[publish_wind_direction-2] [INFO] [1749223442.962103462] [publish_wind_direction]: Neighbourhood size: 5
[publish_wind_direction-2] [INFO] [1749223445.050960979] [publish_wind_direction]: * Received from id155, wind direction W
[publish_wind_direction-2] [INFO] [1749223445.054191837] [publish_wind_direction]: Publisher, neighbours_by_id={'id236', 'id193', 'id247', 'id142', 'id152'}
[publish_wind_direction-2] [INFO] [1749223449.077580003] [publish_wind_direction]: ***Cam angle= -999.0, vico ang deg= 146.49715318947202 Ground Truth= 227.497153189472
[publish_wind_direction-2] [INFO] [1749223449.081002304] [publish_wind_direction]: Publisher, Neighbourhood size: 5
[publish_wind_direction-2] [INFO] [1749223449.084456808] [publish_wind_direction]: Decision Making Triggered
[publish_wind_direction-2] [INFO] [1749223449.087860461] [publish_wind_direction]: Publisher, Neighbours Opinion: 2
[publish_wind_direction-2] [INFO] [1749223449.091235467] [publish_wind_direction]: Inside Decision Making, neighbours opinion: {'id192': 'S', 'id142': 'E'}
[publish_wind_direction-2] [INFO] [1749223449.094691823] [publish_wind_direction]: Inside Decision Making, social opinions: {'S': 1, 'E': 1}
[publish_wind_direction-2] [INFO] [1749223449.101264671] [publish_wind_direction]: Publishing: "id136:E"
[publish_wind_direction-2] [INFO] [1749223451.868662891] [publish_wind_direction]: Publishing: "id136:E"
[publish_wind_direction-2] [INFO] [1749223454.801905885] [publish_wind_direction]: Vicon Position= [-546.6027221679688, 977.370361328125]
[publish_wind_direction-2] [INFO] [1749223454.804816717] [publish_wind_direction]: Neighbourhood size: 5
[publish_wind_direction-2] [INFO] [1749223456.868679102] [publish_wind_direction]: Publishing: "id136:E"
[publish_wind_direction-2] [INFO] [1749223459.723072009] [publish_wind_direction]: * Received from id155, wind direction N
[publish_wind_direction-2] [INFO] [1749223459.726433928] [publish_wind_direction]: Publisher, neighbours_by_id={'id236', 'id193', 'id247', 'id152', 'id200'}
[publish_wind_direction-2] [INFO] [1749223463.834950342] [publish_wind_direction]: ***Cam angle= -231.75016711481163, vico ang deg= 57.92228587907471 Ground Truth= 186.17211876426308
[publish_wind_direction-2] [INFO] [1749223463.837629608] [publish_wind_direction]: Publisher, Neighbourhood size: 5
[publish_wind_direction-2] [INFO] [1749223463.840168173] [publish_wind_direction]: Decision Making Triggered
[publish_wind_direction-2] [INFO] [1749223463.842593722] [publish_wind_direction]: Publisher, Neighbours Opinion: 2
[publish_wind_direction-2] [INFO] [1749223463.845068454] [publish_wind_direction]: Inside Decision Making, neighbours opinion: {'id192': 'S', 'id142': 'E'}
[publish_wind_direction-2] [INFO] [1749223463.847499595] [publish_wind_direction]: Inside Decision Making, social opinions: {'S': 1, 'E': 1}
[publish_wind_direction-2] [INFO] [1749223463.852042512] [publish_wind_direction]: Publishing: "id136:S"
[publish_wind_direction-2] [INFO] [1749223465.668597701] [publish_wind_direction]: Vicon Position= [-524.9336547851562, 1016.6478271484375]
[publish_wind_direction-2] [INFO] [1749223465.671811254] [publish_wind_direction]: Neighbourhood size: 5
[publish_wind_direction-2] [INFO] [1749223466.868622153] [publish_wind_direction]: Publishing: "id136:S"
[publish_wind_direction-2] [INFO] [1749223467.580282255] [publish_wind_direction]: Vicon Position= [-456.55255126953125, 1317.4798583984375]
[publish_wind_direction-2] [INFO] [1749223467.583050428] [publish_wind_direction]: Neighbourhood size: 6
[publish_wind_direction-2] [INFO] [1749223470.302403396] [publish_wind_direction]: Vicon Position= [-739.2665405273438, 681.3984985351562]
[publish_wind_direction-2] [INFO] [1749223470.305329234] [publish_wind_direction]: Neighbourhood size: 5
[publish_wind_direction-2] [INFO] [1749223471.868630939] [publish_wind_direction]: Publishing: "id136:S"
[publish_wind_direction-2] [INFO] [1749223476.868630031] [publish_wind_direction]: Publishing: "id136:S"
[publish_wind_direction-2] [INFO] [1749223481.868860062] [publish_wind_direction]: Publishing: "id136:S"
[publish_wind_direction-2] [INFO] [1749223486.868775160] [publish_wind_direction]: Publishing: "id136:S"
[publish_wind_direction-2] [INFO] [1749223491.868739741] [publish_wind_direction]: Publishing: "id136:S"
[publish_wind_direction-2] [INFO] [1749223493.246989048] [publish_wind_direction]: Vicon Position= [-775.5636596679688, 715.1248168945312]
[publish_wind_direction-2] [INFO] [1749223493.249916528] [publish_wind_direction]: Neighbourhood size: 6
[publish_wind_direction-2] [INFO] [1749223496.868821835] [publish_wind_direction]: Publishing: "id136:S"
[publish_wind_direction-2] [INFO] [1749223501.868609484] [publish_wind_direction]: Publishing: "id136:S"
[publish_wind_direction-2] [INFO] [1749223503.260923294] [publish_wind_direction]: * Received from id192, wind direction S
[publish_wind_direction-2] [INFO] [1749223503.263888088] [publish_wind_direction]: Publisher, neighbours_by_id={'id193', 'id247', 'id142', 'id152', 'id151', 'id155'}
[publish_wind_direction-2] [INFO] [1749223507.433412811] [publish_wind_direction]: ***Cam angle= -999.0, vico ang deg= -73.04310251932779 Ground Truth= 7.956897480672296
[publish_wind_direction-2] [INFO] [1749223507.435860222] [publish_wind_direction]: Publisher, Neighbourhood size: 6
[publish_wind_direction-2] [INFO] [1749223507.438229431] [publish_wind_direction]: Decision Making Triggered
[publish_wind_direction-2] [INFO] [1749223507.440767582] [publish_wind_direction]: Publisher, Neighbours Opinion: 2
[publish_wind_direction-2] [INFO] [1749223507.443135421] [publish_wind_direction]: Inside Decision Making, neighbours opinion: {'id192': 'S', 'id142': 'E'}
[publish_wind_direction-2] [INFO] [1749223507.445523666] [publish_wind_direction]: Inside Decision Making, social opinions: {'S': 1, 'E': 1}
[publish_wind_direction-2] [INFO] [1749223507.450000550] [publish_wind_direction]: Publishing: "id136:N"
[publish_wind_direction-2] [INFO] [1749223510.968690397] [publish_wind_direction]: Vicon Position= [-842.1004638671875, 559.9918823242188]
[publish_wind_direction-2] [INFO] [1749223510.971678227] [publish_wind_direction]: Neighbourhood size: 6
[publish_wind_direction-2] [INFO] [1749223511.868496411] [publish_wind_direction]: Publishing: "id136:N"
[publish_wind_direction-2] [INFO] [1749223513.023968247] [publish_wind_direction]: Vicon Position= [-924.2437133789062, 423.8721618652344]
[publish_wind_direction-2] [INFO] [1749223513.026948540] [publish_wind_direction]: Neighbourhood size: 2
[publish_wind_direction-2] [INFO] [1749223516.869356384] [publish_wind_direction]: Publishing: "id136:N"
[publish_wind_direction-2] [INFO] [1749223521.868448566] [publish_wind_direction]: Publishing: "id136:N"
[publish_wind_direction-2] [INFO] [1749223523.383800003] [publish_wind_direction]: * Received from id192, wind direction E
[publish_wind_direction-2] [INFO] [1749223523.386683000] [publish_wind_direction]: Publisher, neighbours_by_id={'id193', 'id151'}
[publish_wind_direction-2] [INFO] [1749223527.346174467] [publish_wind_direction]: ***Cam angle= -999.0, vico ang deg= 71.44323665590146 Ground Truth= 152.4432366559015
[publish_wind_direction-2] [INFO] [1749223527.348687654] [publish_wind_direction]: Publisher, Neighbourhood size: 2
[publish_wind_direction-2] [INFO] [1749223527.353019169] [publish_wind_direction]: Publishing: "id136:N"
[publish_wind_direction-2] [INFO] [1749223527.356906023] [publish_wind_direction]: Vicon Position= [-848.6693115234375, 102.29259490966797]
[publish_wind_direction-2] [INFO] [1749223527.359405618] [publish_wind_direction]: Neighbourhood size: 1
[publish_wind_direction-2] [INFO] [1749223527.362475761] [publish_wind_direction]: * Received from id192, wind direction E
[publish_wind_direction-2] [INFO] [1749223527.364985301] [publish_wind_direction]: Publisher, neighbours_by_id={'id142'}
[publish_wind_direction-2] [INFO] [1749223531.403906969] [publish_wind_direction]: ***Cam angle= -999.0, vico ang deg= 170.30407632207059 Ground Truth= 251.3040763220706
[publish_wind_direction-2] [INFO] [1749223531.406304955] [publish_wind_direction]: Publisher, Neighbourhood size: 1
[publish_wind_direction-2] [INFO] [1749223531.410964076] [publish_wind_direction]: Vicon Position= [-828.1372680664062, 98.44850158691406]
[publish_wind_direction-2] [INFO] [1749223531.413514411] [publish_wind_direction]: Neighbourhood size: 1
[publish_wind_direction-2] [INFO] [1749223531.868641647] [publish_wind_direction]: Publishing: "id136:N"
[publish_wind_direction-2] [INFO] [1749223532.652405799] [publish_wind_direction]: * Received from id155, wind direction E
[publish_wind_direction-2] [INFO] [1749223532.655328518] [publish_wind_direction]: Publisher, neighbours_by_id={'id142'}
[publish_wind_direction-2] [INFO] [1749223536.646976813] [publish_wind_direction]: ***Cam angle= -999.0, vico ang deg= 169.86904406930842 Ground Truth= 250.86904406930842
[publish_wind_direction-2] [INFO] [1749223536.649496296] [publish_wind_direction]: Publisher, Neighbourhood size: 1
[publish_wind_direction-2] [INFO] [1749223536.652995137] [publish_wind_direction]: * Received from id206, wind direction S
[publish_wind_direction-2] [INFO] [1749223536.655407826] [publish_wind_direction]: Publisher, neighbours_by_id={'id142'}
[publish_wind_direction-2] [INFO] [1749223540.652576730] [publish_wind_direction]: ***Cam angle= -999.0, vico ang deg= 169.86904406930842 Ground Truth= 250.86904406930842
[publish_wind_direction-2] [INFO] [1749223540.654985808] [publish_wind_direction]: Publisher, Neighbourhood size: 1
[publish_wind_direction-2] [INFO] [1749223540.659315433] [publish_wind_direction]: Publishing: "id136:N"
[publish_wind_direction-2] [INFO] [1749223540.663165862] [publish_wind_direction]: Vicon Position= [501.0023498535156, 1003.4962768554688]
[publish_wind_direction-2] [INFO] [1749223540.665683086] [publish_wind_direction]: Neighbourhood size: 4
[publish_wind_direction-2] [INFO] [1749223541.868713162] [publish_wind_direction]: Publishing: "id136:N"
[publish_wind_direction-2] [INFO] [1749223545.800108764] [publish_wind_direction]: Vicon Position= [807.4434814453125, 1356.115234375]
[publish_wind_direction-2] [INFO] [1749223545.802726802] [publish_wind_direction]: Neighbourhood size: 2
[publish_wind_direction-2] [INFO] [1749223546.868517864] [publish_wind_direction]: Publishing: "id136:N"
[publish_wind_direction-2] [INFO] [1749223549.148256140] [publish_wind_direction]: Vicon Position= [840.2194213867188, 1454.11279296875]
[publish_wind_direction-2] [INFO] [1749223549.151012472] [publish_wind_direction]: Neighbourhood size: 3
[publish_wind_direction-2] [INFO] [1749223551.869679814] [publish_wind_direction]: Publishing: "id136:N"
[publish_wind_direction-2] [INFO] [1749223552.358044081] [publish_wind_direction]: Vicon Position= [840.8751220703125, 1454.097900390625]
[publish_wind_direction-2] [INFO] [1749223552.360944577] [publish_wind_direction]: Neighbourhood size: 2
[publish_wind_direction-2] [INFO] [1749223556.869553731] [publish_wind_direction]: Publishing: "id136:N"
[publish_wind_direction-2] [INFO] [1749223561.868714101] [publish_wind_direction]: Publishing: "id136:N"
[publish_wind_direction-2] [INFO] [1749223566.868633899] [publish_wind_direction]: Publishing: "id136:N"
[publish_wind_direction-2] [INFO] [1749223569.647344716] [publish_wind_direction]: * Received from id142, wind direction E
[publish_wind_direction-2] [INFO] [1749223569.650057233] [publish_wind_direction]: Publisher, neighbours_by_id={'id236', 'id1193'}
[publish_wind_direction-2] [INFO] [1749223573.519050524] [publish_wind_direction]: ***Cam angle= -999.0, vico ang deg= 240.21816339278996 Ground Truth= 321.21816339278996
[publish_wind_direction-2] [INFO] [1749223573.521532119] [publish_wind_direction]: Publisher, Neighbourhood size: 2
[publish_wind_direction-2] [INFO] [1749223573.525757967] [publish_wind_direction]: Publishing: "id136:N"
[publish_wind_direction-2] [INFO] [1749223573.529640227] [publish_wind_direction]: Vicon Position= [801.9692993164062, 1391.2237548828125]
[publish_wind_direction-2] [INFO] [1749223573.532360726] [publish_wind_direction]: Neighbourhood size: 2
[publish_wind_direction-2] [INFO] [1749223573.535245685] [publish_wind_direction]: * Received from id192, wind direction N
[publish_wind_direction-2] [INFO] [1749223573.537713409] [publish_wind_direction]: Publisher, neighbours_by_id={'id236', 'id1193'}
[publish_wind_direction-2] [INFO] [1749223577.428198061] [publish_wind_direction]: ***Cam angle= -999.0, vico ang deg= -21.653333983537046 Ground Truth= 59.346666016462905
[publish_wind_direction-2] [INFO] [1749223577.431575809] [publish_wind_direction]: Publisher, Neighbourhood size: 2
[publish_wind_direction-2] [INFO] [1749223577.438260326] [publish_wind_direction]: Publishing: "id136:N"
[publish_wind_direction-2] [INFO] [1749223577.443999153] [publish_wind_direction]: Vicon Position= [753.4767456054688, 1383.232177734375]
[publish_wind_direction-2] [INFO] [1749223577.447530936] [publish_wind_direction]: Neighbourhood size: 1
[publish_wind_direction-2] [INFO] [1749223581.868561825] [publish_wind_direction]: Publishing: "id136:N"
[publish_wind_direction-2] [INFO] [1749223583.358369540] [publish_wind_direction]: Vicon Position= [0.0, 0.0]
[publish_wind_direction-2] [INFO] [1749223583.361199223] [publish_wind_direction]: Neighbourhood size: 3
[publish_wind_direction-2] [INFO] [1749223586.868565185] [publish_wind_direction]: Publishing: "id136:N"
[publish_wind_direction-2] [INFO] [1749223591.868561849] [publish_wind_direction]: Publishing: "id136:N"
[publish_wind_direction-2] [INFO] [1749223596.868750894] [publish_wind_direction]: Publishing: "id136:N"
[publish_wind_direction-2] [INFO] [1749223601.868537430] [publish_wind_direction]: Publishing: "id136:N"
[publish_wind_direction-2] [INFO] [1749223601.941483414] [publish_wind_direction]: Vicon Position= [-578.880859375, 1294.6041259765625]
[publish_wind_direction-2] [INFO] [1749223601.944496760] [publish_wind_direction]: Neighbourhood size: 4
[publish_wind_direction-2] [INFO] [1749223603.002482175] [publish_wind_direction]: Vicon Position= [63.016563415527344, 963.0110473632812]
[publish_wind_direction-2] [INFO] [1749223603.005281542] [publish_wind_direction]: Neighbourhood size: 8
[publish_wind_direction-2] [INFO] [1749223603.877914787] [publish_wind_direction]: * Received from id195, wind direction E
[publish_wind_direction-2] [INFO] [1749223603.880789895] [publish_wind_direction]: Publisher, neighbours_by_id={'id223', 'id236', 'id206', 'id193', 'id152', 'id1193', 'id200', 'id155'}
[publish_wind_direction-2] [INFO] [1749223608.029552982] [publish_wind_direction]: ***Cam angle= -33.748076237473526, vico ang deg= 155.97878706112894 Ground Truth= 122.23071082365541
[publish_wind_direction-2] [INFO] [1749223608.032003058] [publish_wind_direction]: Publisher, Neighbourhood size: 8
[publish_wind_direction-2] [INFO] [1749223608.034372895] [publish_wind_direction]: Decision Making Triggered
[publish_wind_direction-2] [INFO] [1749223608.036764287] [publish_wind_direction]: Publisher, Neighbours Opinion: 2
[publish_wind_direction-2] [INFO] [1749223608.039135179] [publish_wind_direction]: Inside Decision Making, neighbours opinion: {'id192': 'S', 'id142': 'E'}
[publish_wind_direction-2] [INFO] [1749223608.041570071] [publish_wind_direction]: Inside Decision Making, social opinions: {'S': 1, 'E': 1}
[publish_wind_direction-2] [INFO] [1749223608.046055025] [publish_wind_direction]: Publishing: "id136:W"
[publish_wind_direction-2] [INFO] [1749223611.868521330] [publish_wind_direction]: Publishing: "id136:W"
[publish_wind_direction-2] [INFO] [1749223616.868520801] [publish_wind_direction]: Publishing: "id136:W"
[publish_wind_direction-2] [INFO] [1749223621.868560336] [publish_wind_direction]: Publishing: "id136:W"
[publish_wind_direction-2] [INFO] [1749223626.008556218] [publish_wind_direction]: * Received from id142, wind direction E
[publish_wind_direction-2] [INFO] [1749223626.011554953] [publish_wind_direction]: Publisher, neighbours_by_id={'id223', 'id236', 'id206', 'id193', 'id152', 'id1193', 'id200', 'id155'}
[publish_wind_direction-2] [INFO] [1749223629.905397973] [publish_wind_direction]: ***Cam angle= 31.5164835510691, vico ang deg= 155.97878706112894 Ground Truth= 187.49527061219806
[publish_wind_direction-2] [INFO] [1749223629.907862642] [publish_wind_direction]: Publisher, Neighbourhood size: 8
[publish_wind_direction-2] [INFO] [1749223629.910245756] [publish_wind_direction]: Decision Making Triggered
[publish_wind_direction-2] [INFO] [1749223629.912656870] [publish_wind_direction]: Publisher, Neighbours Opinion: 2
[publish_wind_direction-2] [INFO] [1749223629.915075113] [publish_wind_direction]: Inside Decision Making, neighbours opinion: {'id192': 'S', 'id142': 'E'}
[publish_wind_direction-2] [INFO] [1749223629.917503226] [publish_wind_direction]: Inside Decision Making, social opinions: {'S': 1, 'E': 1}
[publish_wind_direction-2] [INFO] [1749223629.921917256] [publish_wind_direction]: Publishing: "id136:S"
[publish_wind_direction-2] [INFO] [1749223629.925856922] [publish_wind_direction]: Vicon Position= [97.57904815673828, 1164.548583984375]
[publish_wind_direction-2] [INFO] [1749223629.928462200] [publish_wind_direction]: Neighbourhood size: 4
[publish_wind_direction-2] [INFO] [1749223631.868591563] [publish_wind_direction]: Publishing: "id136:S"
[publish_wind_direction-2] [INFO] [1749223635.517666733] [publish_wind_direction]: Vicon Position= [677.93359375, 206.06802368164062]
[publish_wind_direction-2] [INFO] [1749223635.521618862] [publish_wind_direction]: Neighbourhood size: 8
[publish_wind_direction-2] [INFO] [1749223636.868472452] [publish_wind_direction]: Publishing: "id136:S"
[publish_wind_direction-2] [INFO] [1749223638.653556595] [publish_wind_direction]: Vicon Position= [450.807861328125, 91.52934265136719]
[publish_wind_direction-2] [INFO] [1749223638.656519904] [publish_wind_direction]: Neighbourhood size: 10
[publish_wind_direction-2] [INFO] [1749223639.736040026] [publish_wind_direction]: Vicon Position= [481.2100524902344, 94.18791198730469]
[publish_wind_direction-2] [INFO] [1749223639.739278017] [publish_wind_direction]: Neighbourhood size: 10
[publish_wind_direction-2] [INFO] [1749223641.868555419] [publish_wind_direction]: Publishing: "id136:S"
[publish_wind_direction-2] [INFO] [1749223643.344801848] [publish_wind_direction]: Vicon Position= [531.3621215820312, 61.90768814086914]
[publish_wind_direction-2] [INFO] [1749223643.347798287] [publish_wind_direction]: Neighbourhood size: 10
[publish_wind_direction-2] [INFO] [1749223646.868613510] [publish_wind_direction]: Publishing: "id136:S"
[publish_wind_direction-2] [INFO] [1749223651.868519100] [publish_wind_direction]: Publishing: "id136:S"
[publish_wind_direction-2] [INFO] [1749223656.868514391] [publish_wind_direction]: Publishing: "id136:S"
[publish_wind_direction-2] [INFO] [1749223661.868435001] [publish_wind_direction]: Publishing: "id136:S"
[publish_wind_direction-2] [INFO] [1749223666.868688148] [publish_wind_direction]: Publishing: "id136:S"
[publish_wind_direction-2] [INFO] [1749223671.868455642] [publish_wind_direction]: Publishing: "id136:S"
[publish_wind_direction-2] [INFO] [1749223672.464095145] [publish_wind_direction]: Vicon Position= [558.2147827148438, -52.13594436645508]
[publish_wind_direction-2] [INFO] [1749223672.466933845] [publish_wind_direction]: Neighbourhood size: 9
[publish_wind_direction-2] [INFO] [1749223674.438965811] [publish_wind_direction]: * Received from id142, wind direction N
[publish_wind_direction-2] [INFO] [1749223674.441752772] [publish_wind_direction]: Publisher, neighbours_by_id={'id223', 'id236', 'id193', 'id195', 'id247', 'id142', 'id1193', 'id189', 'id155'}
[publish_wind_direction-2] [INFO] [1749223678.150784968] [publish_wind_direction]: ***Cam angle= -999.0, vico ang deg= 104.08721499438133 Ground Truth= 185.08721499438138
[publish_wind_direction-2] [INFO] [1749223678.154210382] [publish_wind_direction]: Publisher, Neighbourhood size: 9
[publish_wind_direction-2] [INFO] [1749223678.157586333] [publish_wind_direction]: Decision Making Triggered
[publish_wind_direction-2] [INFO] [1749223678.160943304] [publish_wind_direction]: Publisher, Neighbours Opinion: 2
[publish_wind_direction-2] [INFO] [1749223678.164571178] [publish_wind_direction]: Inside Decision Making, neighbours opinion: {'id192': 'S', 'id142': 'N'}
[publish_wind_direction-2] [INFO] [1749223678.167955110] [publish_wind_direction]: Inside Decision Making, social opinions: {'S': 1, 'N': 1}
[publish_wind_direction-2] [INFO] [1749223678.174307649] [publish_wind_direction]: Publishing: "id136:S"
[publish_wind_direction-2] [INFO] [1749223678.178321295] [publish_wind_direction]: * Received from id192, wind direction N
[publish_wind_direction-2] [INFO] [1749223678.181809671] [publish_wind_direction]: Publisher, neighbours_by_id={'id223', 'id236', 'id193', 'id195', 'id247', 'id142', 'id1193', 'id189', 'id155'}
[publish_wind_direction-2] [INFO] [1749223682.102823148] [publish_wind_direction]: ***Cam angle= 46.576436632442665, vico ang deg= 104.08721499438133 Ground Truth= 150.663651626824
[publish_wind_direction-2] [INFO] [1749223682.105503906] [publish_wind_direction]: Publisher, Neighbourhood size: 9
[publish_wind_direction-2] [INFO] [1749223682.107962481] [publish_wind_direction]: Decision Making Triggered
[publish_wind_direction-2] [INFO] [1749223682.110368502] [publish_wind_direction]: Publisher, Neighbours Opinion: 2
[publish_wind_direction-2] [INFO] [1749223682.112834912] [publish_wind_direction]: Inside Decision Making, neighbours opinion: {'id192': 'S', 'id142': 'N'}
[publish_wind_direction-2] [INFO] [1749223682.115080583] [publish_wind_direction]: Inside Decision Making, social opinions: {'S': 1, 'N': 1}
[publish_wind_direction-2] [INFO] [1749223682.119526316] [publish_wind_direction]: Publishing: "id136:S"
[publish_wind_direction-2] [INFO] [1749223686.869479760] [publish_wind_direction]: Publishing: "id136:S"
[publish_wind_direction-2] [INFO] [1749223691.868538686] [publish_wind_direction]: Publishing: "id136:S"
[publish_wind_direction-2] [INFO] [1749223693.162955523] [publish_wind_direction]: * Received from id200, wind direction W
[publish_wind_direction-2] [INFO] [1749223693.165946721] [publish_wind_direction]: Publisher, neighbours_by_id={'id223', 'id236', 'id193', 'id195', 'id247', 'id142', 'id1193', 'id189', 'id155'}
[publish_wind_direction-2] [INFO] [1749223696.853825919] [publish_wind_direction]: ***Cam angle= -7.958737238112008, vico ang deg= 104.08721499438133 Ground Truth= 96.12847775626932
[publish_wind_direction-2] [INFO] [1749223696.856261643] [publish_wind_direction]: Publisher, Neighbourhood size: 9
[publish_wind_direction-2] [INFO] [1749223696.858605850] [publish_wind_direction]: Decision Making Triggered
[publish_wind_direction-2] [INFO] [1749223696.861003760] [publish_wind_direction]: Publisher, Neighbours Opinion: 2
[publish_wind_direction-2] [INFO] [1749223696.863365949] [publish_wind_direction]: Inside Decision Making, neighbours opinion: {'id192': 'S', 'id142': 'N'}
[publish_wind_direction-2] [INFO] [1749223696.865750581] [publish_wind_direction]: Inside Decision Making, social opinions: {'S': 1, 'N': 1}
[publish_wind_direction-2] [INFO] [1749223696.870234313] [publish_wind_direction]: Publishing: "id136:W"
[publish_wind_direction-2] [INFO] [1749223696.874102146] [publish_wind_direction]: Vicon Position= [665.66259765625, -455.8546142578125]
[publish_wind_direction-2] [INFO] [1749223696.876638591] [publish_wind_direction]: Neighbourhood size: 4
[publish_wind_direction-2] [INFO] [1749223698.657021191] [publish_wind_direction]: * Received from id142, wind direction W
[publish_wind_direction-2] [INFO] [1749223698.660176961] [publish_wind_direction]: Publisher, neighbours_by_id={'id223', 'id189', 'id1193', 'id142'}
[publish_wind_direction-2] [INFO] [1749223702.516189600] [publish_wind_direction]: ***Cam angle= 41.12529609241602, vico ang deg= 105.90855263845751 Ground Truth= 147.03384873087353
[publish_wind_direction-2] [INFO] [1749223702.518599529] [publish_wind_direction]: Publisher, Neighbourhood size: 4
[publish_wind_direction-2] [INFO] [1749223702.521009809] [publish_wind_direction]: Decision Making Triggered
[publish_wind_direction-2] [INFO] [1749223702.523362423] [publish_wind_direction]: Publisher, Neighbours Opinion: 2
[publish_wind_direction-2] [INFO] [1749223702.525778092] [publish_wind_direction]: Inside Decision Making, neighbours opinion: {'id192': 'S', 'id142': 'W'}
[publish_wind_direction-2] [INFO] [1749223702.528186780] [publish_wind_direction]: Inside Decision Making, social opinions: {'S': 1, 'W': 1}
[publish_wind_direction-2] [INFO] [1749223702.532688789] [publish_wind_direction]: Publishing: "id136:S"
[publish_wind_direction-2] [INFO] [1749223702.536566808] [publish_wind_direction]: Vicon Position= [-129.19813537597656, -624.45751953125]
[publish_wind_direction-2] [INFO] [1749223702.539039643] [publish_wind_direction]: Neighbourhood size: 4
[publish_wind_direction-2] [INFO] [1749223704.193335267] [publish_wind_direction]: Vicon Position= [-146.47494506835938, -610.6720581054688]
[publish_wind_direction-2] [INFO] [1749223704.196067302] [publish_wind_direction]: Neighbourhood size: 4
[publish_wind_direction-2] [INFO] [1749223706.868521920] [publish_wind_direction]: Publishing: "id136:S"
[publish_wind_direction-2] [INFO] [1749223708.199194908] [publish_wind_direction]: * Received from id200, wind direction W
[publish_wind_direction-2] [INFO] [1749223708.202095774] [publish_wind_direction]: Publisher, neighbours_by_id={'id194', 'id152', 'id155', 'id142'}
[publish_wind_direction-2] [INFO] [1749223712.211793369] [publish_wind_direction]: ***Cam angle= 32.41347588771751, vico ang deg= 214.18767335278037 Ground Truth= 246.60114924049788
[publish_wind_direction-2] [INFO] [1749223712.215207690] [publish_wind_direction]: Publisher, Neighbourhood size: 4
[publish_wind_direction-2] [INFO] [1749223712.218603382] [publish_wind_direction]: Decision Making Triggered
[publish_wind_direction-2] [INFO] [1749223712.221978074] [publish_wind_direction]: Publisher, Neighbours Opinion: 2
[publish_wind_direction-2] [INFO] [1749223712.225636392] [publish_wind_direction]: Inside Decision Making, neighbours opinion: {'id192': 'S', 'id142': 'W'}
[publish_wind_direction-2] [INFO] [1749223712.255887328] [publish_wind_direction]: Inside Decision Making, social opinions: {'S': 1, 'W': 1}
[publish_wind_direction-2] [INFO] [1749223712.260659167] [publish_wind_direction]: Publishing: "id136:E"
[publish_wind_direction-2] [INFO] [1749223712.264836459] [publish_wind_direction]: Vicon Position= [16.260622024536133, -302.7742919921875]
[publish_wind_direction-2] [INFO] [1749223712.267538735] [publish_wind_direction]: Neighbourhood size: 10
[publish_wind_direction-2] [INFO] [1749223712.270626135] [publish_wind_direction]: * Received from id192, wind direction E
[publish_wind_direction-2] [INFO] [1749223712.273198283] [publish_wind_direction]: Publisher, neighbours_by_id={'id223', 'id236', 'id206', 'id192', 'id137', 'id247', 'id142', 'id194', 'id152', 'id155'}
[publish_wind_direction-2] [INFO] [1749223716.028173971] [publish_wind_direction]: ***Cam angle= 53.29819315536486, vico ang deg= 241.9888667271458 Ground Truth= 295.2870598825107
[publish_wind_direction-2] [INFO] [1749223716.030584955] [publish_wind_direction]: Publisher, Neighbourhood size: 10
[publish_wind_direction-2] [INFO] [1749223716.032992290] [publish_wind_direction]: Decision Making Triggered
[publish_wind_direction-2] [INFO] [1749223716.035346923] [publish_wind_direction]: Publisher, Neighbours Opinion: 2
[publish_wind_direction-2] [INFO] [1749223716.037771018] [publish_wind_direction]: Inside Decision Making, neighbours opinion: {'id192': 'E', 'id142': 'W'}
[publish_wind_direction-2] [INFO] [1749223716.040171354] [publish_wind_direction]: Inside Decision Making, social opinions: {'E': 1, 'W': 1}
[publish_wind_direction-2] [INFO] [1749223716.044876898] [publish_wind_direction]: Vicon Position= [32.782875061035156, -639.0916748046875]
[publish_wind_direction-2] [INFO] [1749223716.047362954] [publish_wind_direction]: Neighbourhood size: 3
[publish_wind_direction-2] [INFO] [1749223716.050214951] [publish_wind_direction]: * Received from id142, wind direction W
[publish_wind_direction-2] [INFO] [1749223716.052629360] [publish_wind_direction]: Publisher, neighbours_by_id={'id152', 'id236', 'id151'}
[publish_wind_direction-2] [INFO] [1749223720.167290651] [publish_wind_direction]: ***Cam angle= 60.241645920575365, vico ang deg= -8.570384193097128 Ground Truth= 51.67126172747824
[publish_wind_direction-2] [INFO] [1749223720.170790249] [publish_wind_direction]: Publisher, Neighbourhood size: 3
[publish_wind_direction-2] [INFO] [1749223720.174240737] [publish_wind_direction]: Decision Making Triggered
[publish_wind_direction-2] [INFO] [1749223720.177756427] [publish_wind_direction]: Publisher, Neighbours Opinion: 2
[publish_wind_direction-2] [INFO] [1749223720.181421597] [publish_wind_direction]: Inside Decision Making, neighbours opinion: {'id192': 'E', 'id142': 'W'}
[publish_wind_direction-2] [INFO] [1749223720.184890251] [publish_wind_direction]: Inside Decision Making, social opinions: {'E': 1, 'W': 1}
[publish_wind_direction-2] [INFO] [1749223720.191286029] [publish_wind_direction]: Publishing: "id136:W"
[publish_wind_direction-2] [INFO] [1749223720.197107186] [publish_wind_direction]: Vicon Position= [28.03224754333496, -637.8684692382812]
[publish_wind_direction-2] [INFO] [1749223720.200745282] [publish_wind_direction]: Neighbourhood size: 3
[publish_wind_direction-2] [INFO] [1749223721.869204520] [publish_wind_direction]: Publishing: "id136:W"
[publish_wind_direction-2] [INFO] [1749223722.552852181] [publish_wind_direction]: Vicon Position= [-252.5760955810547, -601.6539306640625]
[publish_wind_direction-2] [INFO] [1749223722.555875563] [publish_wind_direction]: Neighbourhood size: 2
[publish_wind_direction-2] [INFO] [1749223724.228443851] [publish_wind_direction]: * Received from id142, wind direction W
[publish_wind_direction-2] [INFO] [1749223724.231391679] [publish_wind_direction]: Publisher, neighbours_by_id={'id152', 'id151'}
[publish_wind_direction-2] [INFO] [1749223728.205688618] [publish_wind_direction]: ***Cam angle= 62.64668989097751, vico ang deg= -5.56932334706759 Ground Truth= 57.077366543909925
[publish_wind_direction-2] [INFO] [1749223728.209163087] [publish_wind_direction]: Publisher, Neighbourhood size: 2
[publish_wind_direction-2] [INFO] [1749223728.215143871] [publish_wind_direction]: Publishing: "id136:W"
[publish_wind_direction-2] [INFO] [1749223728.219433680] [publish_wind_direction]: * Received from id142, wind direction W
[publish_wind_direction-2] [INFO] [1749223728.222929982] [publish_wind_direction]: Publisher, neighbours_by_id={'id152', 'id151'}
[publish_wind_direction-2] [INFO] [1749223732.313147804] [publish_wind_direction]: ***Cam angle= 67.64196937567286, vico ang deg= -5.56932334706759 Ground Truth= 62.07264602860527
[publish_wind_direction-2] [INFO] [1749223732.315564306] [publish_wind_direction]: Publisher, Neighbourhood size: 2
[publish_wind_direction-2] [INFO] [1749223732.319847633] [publish_wind_direction]: Publishing: "id136:W"
[publish_wind_direction-2] [INFO] [1749223732.323705430] [publish_wind_direction]: Vicon Position= [-783.0783081054688, -550.3448486328125]
[publish_wind_direction-2] [INFO] [1749223732.326532000] [publish_wind_direction]: Neighbourhood size: 2
[publish_wind_direction-2] [INFO] [1749223736.868395899] [publish_wind_direction]: Publishing: "id136:W"
[publish_wind_direction-2] [INFO] [1749223738.164264738] [publish_wind_direction]: * Received from id192, wind direction N
[publish_wind_direction-2] [INFO] [1749223738.167044013] [publish_wind_direction]: Publisher, neighbours_by_id={'id223', 'id152'}
[publish_wind_direction-2] [INFO] [1749223742.045500918] [publish_wind_direction]: ***Cam angle= -16.264467501917864, vico ang deg= 178.56307358854536 Ground Truth= 162.2986060866275
[publish_wind_direction-2] [INFO] [1749223742.047997067] [publish_wind_direction]: Publisher, Neighbourhood size: 2
[publish_wind_direction-2] [INFO] [1749223742.052271284] [publish_wind_direction]: Publishing: "id136:W"
[publish_wind_direction-2] [INFO] [1749223745.719331407] [publish_wind_direction]: Vicon Position= [-783.815185546875, -560.1104125976562]
[publish_wind_direction-2] [INFO] [1749223745.722328771] [publish_wind_direction]: Neighbourhood size: 2
[publish_wind_direction-2] [INFO] [1749223746.868354223] [publish_wind_direction]: Publishing: "id136:W"
[publish_wind_direction-2] [INFO] [1749223751.868556749] [publish_wind_direction]: Publishing: "id136:W"
[publish_wind_direction-2] [INFO] [1749223754.198783192] [publish_wind_direction]: * Received from id192, wind direction E
[publish_wind_direction-2] [INFO] [1749223754.201785816] [publish_wind_direction]: Publisher, neighbours_by_id={'id223', 'id152'}
[publish_wind_direction-2] [INFO] [1749223757.954495915] [publish_wind_direction]: ***Cam angle= 24.931847829984832, vico ang deg= 157.17092193485493 Ground Truth= 182.10276976483976
[publish_wind_direction-2] [INFO] [1749223757.957043453] [publish_wind_direction]: Publisher, Neighbourhood size: 2
[publish_wind_direction-2] [INFO] [1749223757.961334558] [publish_wind_direction]: Publishing: "id136:W"
[publish_wind_direction-2] [INFO] [1749223761.868520766] [publish_wind_direction]: Publishing: "id136:W"
[publish_wind_direction-2] [INFO] [1749223762.799161124] [publish_wind_direction]: Vicon Position= [-783.5848999023438, -566.6337890625]
[publish_wind_direction-2] [INFO] [1749223762.802109934] [publish_wind_direction]: Neighbourhood size: 2
[publish_wind_direction-2] [INFO] [1749223766.066793228] [publish_wind_direction]: Vicon Position= [-783.5848999023438, -566.6337890625]
[publish_wind_direction-2] [INFO] [1749223766.069717094] [publish_wind_direction]: Neighbourhood size: 2
[publish_wind_direction-2] [INFO] [1749223766.868571624] [publish_wind_direction]: Publishing: "id136:W"
[publish_wind_direction-2] [INFO] [1749223771.868602439] [publish_wind_direction]: Publishing: "id136:W"
[publish_wind_direction-2] [INFO] [1749223776.868402512] [publish_wind_direction]: Publishing: "id136:W"
[publish_wind_direction-2] [INFO] [1749223777.305949107] [publish_wind_direction]: Vicon Position= [-783.5848999023438, -566.6337890625]
[publish_wind_direction-2] [INFO] [1749223777.308673013] [publish_wind_direction]: Neighbourhood size: 2
[publish_wind_direction-2] [INFO] [1749223779.107445381] [publish_wind_direction]: * Received from id192, wind direction S
[publish_wind_direction-2] [INFO] [1749223779.110395746] [publish_wind_direction]: Publisher, neighbours_by_id={'id223', 'id152'}
[publish_wind_direction-2] [INFO] [1749223782.749762750] [publish_wind_direction]: ***Cam angle= 16.437748064359937, vico ang deg= 140.27164541770836 Ground Truth= 156.7093934820683
[publish_wind_direction-2] [INFO] [1749223782.752205474] [publish_wind_direction]: Publisher, Neighbourhood size: 2
[publish_wind_direction-2] [INFO] [1749223782.756485598] [publish_wind_direction]: Publishing: "id136:W"
[publish_wind_direction-2] [INFO] [1749223782.759307354] [publish_wind_direction]: * Received from id192, wind direction S
[publish_wind_direction-2] [INFO] [1749223782.761736652] [publish_wind_direction]: Publisher, neighbours_by_id={'id223', 'id152'}
[publish_wind_direction-2] [INFO] [1749223786.862635903] [publish_wind_direction]: ***Cam angle= -999.0, vico ang deg= 140.27164541770836 Ground Truth= 221.27164541770833
[publish_wind_direction-2] [INFO] [1749223786.865121775] [publish_wind_direction]: Publisher, Neighbourhood size: 2
[publish_wind_direction-2] [INFO] [1749223786.869402010] [publish_wind_direction]: Publishing: "id136:W"
[publish_wind_direction-2] [INFO] [1749223789.628799889] [publish_wind_direction]: Vicon Position= [-783.5848999023438, -566.6337890625]
[publish_wind_direction-2] [INFO] [1749223789.631747143] [publish_wind_direction]: Neighbourhood size: 2
[publish_wind_direction-2] [INFO] [1749223791.868582298] [publish_wind_direction]: Publishing: "id136:W"
[publish_wind_direction-2] [INFO] [1749223795.949335204] [publish_wind_direction]: Vicon Position= [-783.5848999023438, -566.6337890625]
[publish_wind_direction-2] [INFO] [1749223795.952215662] [publish_wind_direction]: Neighbourhood size: 2
[publish_wind_direction-2] [INFO] [1749223795.955228397] [publish_wind_direction]: * Received from id155, wind direction W
[publish_wind_direction-2] [INFO] [1749223795.959270412] [publish_wind_direction]: Publisher, neighbours_by_id={'id223', 'id152'}
[publish_wind_direction-2] [INFO] [1749223799.806147050] [publish_wind_direction]: ***Cam angle= 38.70719991562302, vico ang deg= 140.27164541770836 Ground Truth= 178.97884533333138
[publish_wind_direction-2] [INFO] [1749223799.808582274] [publish_wind_direction]: Publisher, Neighbourhood size: 2
[publish_wind_direction-2] [INFO] [1749223799.812891786] [publish_wind_direction]: Publishing: "id136:W"
[publish_wind_direction-2] [INFO] [1749223801.868588766] [publish_wind_direction]: Publishing: "id136:W"
[publish_wind_direction-2] [INFO] [1749223802.478305864] [publish_wind_direction]: Vicon Position= [-783.5848999023438, -566.6337890625]
[publish_wind_direction-2] [INFO] [1749223802.482324770] [publish_wind_direction]: Neighbourhood size: 2
[publish_wind_direction-2] [INFO] [1749223806.868587125] [publish_wind_direction]: Publishing: "id136:W"
[publish_wind_direction-2] [INFO] [1749223811.012537686] [publish_wind_direction]: * Received from id142, wind direction N
[publish_wind_direction-2] [INFO] [1749223811.015187759] [publish_wind_direction]: Publisher, neighbours_by_id={'id223', 'id152'}
[publish_wind_direction-2] [INFO] [1749223814.757047474] [publish_wind_direction]: ***Cam angle= 19.779060065721183, vico ang deg= 140.27164541770836 Ground Truth= 160.05070548342954
[publish_wind_direction-2] [INFO] [1749223814.760446184] [publish_wind_direction]: Publisher, Neighbourhood size: 2
[publish_wind_direction-2] [INFO] [1749223814.766580059] [publish_wind_direction]: Publishing: "id136:W"
[publish_wind_direction-2] [INFO] [1749223814.772308235] [publish_wind_direction]: Vicon Position= [-783.5848999023438, -566.6337890625]
[publish_wind_direction-2] [INFO] [1749223814.775858981] [publish_wind_direction]: Neighbourhood size: 2
[publish_wind_direction-2] [INFO] [1749223814.779911108] [publish_wind_direction]: * Received from id155, wind direction S
[publish_wind_direction-2] [INFO] [1749223814.783315151] [publish_wind_direction]: Publisher, neighbours_by_id={'id223', 'id152'}
[publish_wind_direction-2] [INFO] [1749223818.809856620] [publish_wind_direction]: ***Cam angle= 46.23533754284446, vico ang deg= 140.27164541770836 Ground Truth= 186.50698296055282
[publish_wind_direction-2] [INFO] [1749223818.812303511] [publish_wind_direction]: Publisher, Neighbourhood size: 2
[publish_wind_direction-2] [INFO] [1749223818.816569746] [publish_wind_direction]: Publishing: "id136:W"
[publish_wind_direction-2] [INFO] [1749223818.819390612] [publish_wind_direction]: * Received from id155, wind direction S
[publish_wind_direction-2] [INFO] [1749223818.821826892] [publish_wind_direction]: Publisher, neighbours_by_id={'id223', 'id152'}
[publish_wind_direction-2] [INFO] [1749223822.915922350] [publish_wind_direction]: ***Cam angle= 39.61758371568601, vico ang deg= 140.27164541770836 Ground Truth= 179.88922913339437
[publish_wind_direction-2] [INFO] [1749223822.919330634] [publish_wind_direction]: Publisher, Neighbourhood size: 2
[publish_wind_direction-2] [INFO] [1749223822.925530545] [publish_wind_direction]: Publishing: "id136:W"
[publish_wind_direction-2] [INFO] [1749223826.869991340] [publish_wind_direction]: Publishing: "id136:W"
[publish_wind_direction-2] [INFO] [1749223831.868529668] [publish_wind_direction]: Publishing: "id136:W"
[publish_wind_direction-2] [INFO] [1749223836.868858598] [publish_wind_direction]: Publishing: "id136:W"
[publish_wind_direction-2] [INFO] [1749223841.868871419] [publish_wind_direction]: Publishing: "id136:W"
[publish_wind_direction-2] [INFO] [1749223846.868668630] [publish_wind_direction]: Publishing: "id136:W"
[publish_wind_direction-2] [INFO] [1749223851.698031645] [publish_wind_direction]: Vicon Position= [-783.5848999023438, -566.6337890625]
[publish_wind_direction-2] [INFO] [1749223851.700830530] [publish_wind_direction]: Neighbourhood size: 2
[publish_wind_direction-2] [INFO] [1749223851.868485951] [publish_wind_direction]: Publishing: "id136:W"
[publish_wind_direction-2] [INFO] [1749223853.099873191] [publish_wind_direction]: * Received from id195, wind direction W
[publish_wind_direction-2] [INFO] [1749223853.102805760] [publish_wind_direction]: Publisher, neighbours_by_id={'id223', 'id152'}
[publish_wind_direction-2] [INFO] [1749223856.777370652] [publish_wind_direction]: ***Cam angle= 14.51141566055162, vico ang deg= 140.27164541770836 Ground Truth= 154.78306107825998
[publish_wind_direction-2] [INFO] [1749223856.779839432] [publish_wind_direction]: Publisher, Neighbourhood size: 2
[publish_wind_direction-2] [INFO] [1749223856.784359330] [publish_wind_direction]: Vicon Position= [-783.5848999023438, -566.6337890625]
[publish_wind_direction-2] [INFO] [1749223856.786812868] [publish_wind_direction]: Neighbourhood size: 2
[publish_wind_direction-2] [INFO] [1749223856.789672827] [publish_wind_direction]: * Received from id200, wind direction W
[publish_wind_direction-2] [INFO] [1749223856.792108311] [publish_wind_direction]: Publisher, neighbours_by_id={'id223', 'id152'}
[publish_wind_direction-2] [INFO] [1749223860.808553985] [publish_wind_direction]: ***Cam angle= -999.0, vico ang deg= 140.27164541770836 Ground Truth= 221.27164541770833
[publish_wind_direction-2] [INFO] [1749223860.811259316] [publish_wind_direction]: Publisher, Neighbourhood size: 2
[publish_wind_direction-2] [INFO] [1749223860.815547292] [publish_wind_direction]: Publishing: "id136:W"
[publish_wind_direction-2] [INFO] [1749223861.868701430] [publish_wind_direction]: Publishing: "id136:W"
[publish_wind_direction-2] [INFO] [1749223866.868607356] [publish_wind_direction]: Publishing: "id136:W"
[publish_wind_direction-2] [INFO] [1749223870.243118194] [publish_wind_direction]: * Received from id142, wind direction E
[publish_wind_direction-2] [INFO] [1749223870.245893469] [publish_wind_direction]: Publisher, neighbours_by_id={'id223', 'id152'}
[publish_wind_direction-2] [INFO] [1749223874.477359916] [publish_wind_direction]: ***Cam angle= -999.0, vico ang deg= 140.27164541770836 Ground Truth= 221.27164541770833
[publish_wind_direction-2] [INFO] [1749223874.479796918] [publish_wind_direction]: Publisher, Neighbourhood size: 2
[publish_wind_direction-2] [INFO] [1749223874.484057393] [publish_wind_direction]: Publishing: "id136:W"
[publish_wind_direction-2] [INFO] [1749223874.486855242] [publish_wind_direction]: * Received from id142, wind direction E
[publish_wind_direction-2] [INFO] [1749223874.489284263] [publish_wind_direction]: Publisher, neighbours_by_id={'id223', 'id152'}
[publish_wind_direction-2] [INFO] [1749223878.233819199] [publish_wind_direction]: ***Cam angle= -999.0, vico ang deg= 140.27164541770836 Ground Truth= 221.27164541770833
[publish_wind_direction-2] [INFO] [1749223878.236276386] [publish_wind_direction]: Publisher, Neighbourhood size: 2
[publish_wind_direction-2] [INFO] [1749223878.240537695] [publish_wind_direction]: Publishing: "id136:W"
[publish_wind_direction-2] [INFO] [1749223878.244380788] [publish_wind_direction]: Vicon Position= [-783.5848999023438, -566.6337890625]
[publish_wind_direction-2] [INFO] [1749223878.246837049] [publish_wind_direction]: Neighbourhood size: 2
[publish_wind_direction-2] [INFO] [1749223881.868349940] [publish_wind_direction]: Publishing: "id136:W"
[publish_wind_direction-2] [INFO] [1749223885.319937092] [publish_wind_direction]: Vicon Position= [-783.5848999023438, -566.6337890625]
[publish_wind_direction-2] [INFO] [1749223885.322930216] [publish_wind_direction]: Neighbourhood size: 2
[publish_wind_direction-2] [INFO] [1749223886.427381282] [publish_wind_direction]: * Received from id142, wind direction W
[publish_wind_direction-2] [INFO] [1749223886.430902805] [publish_wind_direction]: Publisher, neighbours_by_id={'id223', 'id152'}
[publish_wind_direction-2] [INFO] [1749223890.371070276] [publish_wind_direction]: ***Cam angle= -999.0, vico ang deg= 140.27164541770836 Ground Truth= 221.27164541770833
[publish_wind_direction-2] [INFO] [1749223890.373539296] [publish_wind_direction]: Publisher, Neighbourhood size: 2
[publish_wind_direction-2] [INFO] [1749223890.377772438] [publish_wind_direction]: Publishing: "id136:W"
[publish_wind_direction-2] [INFO] [1749223891.546678891] [publish_wind_direction]: * Received from id195, wind direction E
[publish_wind_direction-2] [INFO] [1749223891.549466814] [publish_wind_direction]: Publisher, neighbours_by_id={'id223', 'id152'}
[publish_wind_direction-2] [INFO] [1749223895.401789770] [publish_wind_direction]: ***Cam angle= -999.0, vico ang deg= 140.27164541770836 Ground Truth= 221.27164541770833
[publish_wind_direction-2] [INFO] [1749223895.404354789] [publish_wind_direction]: Publisher, Neighbourhood size: 2
[publish_wind_direction-2] [INFO] [1749223895.408752133] [publish_wind_direction]: Publishing: "id136:W"
[publish_wind_direction-2] [INFO] [1749223895.412634281] [publish_wind_direction]: Vicon Position= [-783.5848999023438, -566.6337890625]
[publish_wind_direction-2] [INFO] [1749223895.415166596] [publish_wind_direction]: Neighbourhood size: 2
[publish_wind_direction-2] [INFO] [1749223896.868505251] [publish_wind_direction]: Publishing: "id136:W"
[publish_wind_direction-2] [INFO] [1749223901.868308560] [publish_wind_direction]: Publishing: "id136:W"
[publish_wind_direction-2] [INFO] [1749223903.538353243] [publish_wind_direction]: * Received from id155, wind direction N
[publish_wind_direction-2] [INFO] [1749223903.541234979] [publish_wind_direction]: Publisher, neighbours_by_id={'id223', 'id152'}
[publish_wind_direction-2] [INFO] [1749223907.582858728] [publish_wind_direction]: ***Cam angle= 43.39868589269656, vico ang deg= 140.27164541770836 Ground Truth= 183.67033131040492
[publish_wind_direction-2] [INFO] [1749223907.585258378] [publish_wind_direction]: Publisher, Neighbourhood size: 2
[publish_wind_direction-2] [INFO] [1749223907.589436855] [publish_wind_direction]: Publishing: "id136:W"
[publish_wind_direction-2] [INFO] [1749223907.593682720] [publish_wind_direction]: Vicon Position= [-783.5848999023438, -566.6337890625]
[publish_wind_direction-2] [INFO] [1749223907.597991436] [publish_wind_direction]: Neighbourhood size: 2
[publish_wind_direction-2] [INFO] [1749223911.868544611] [publish_wind_direction]: Publishing: "id136:W"
[publish_wind_direction-2] [INFO] [1749223912.609162487] [publish_wind_direction]: Vicon Position= [-783.5848999023438, -566.6337890625]
[publish_wind_direction-2] [INFO] [1749223912.612123407] [publish_wind_direction]: Neighbourhood size: 2
[publish_wind_direction-2] [INFO] [1749223916.869267053] [publish_wind_direction]: Publishing: "id136:W"
[publish_wind_direction-2] [INFO] [1749223921.868506701] [publish_wind_direction]: Publishing: "id136:W"
[publish_wind_direction-2] [INFO] [1749223924.798768909] [publish_wind_direction]: Vicon Position= [-783.5848999023438, -566.6337890625]
[publish_wind_direction-2] [INFO] [1749223924.801886901] [publish_wind_direction]: Neighbourhood size: 2
[publish_wind_direction-2] [INFO] [1749223926.868694390] [publish_wind_direction]: Publishing: "id136:W"
[publish_wind_direction-2] [INFO] [1749223928.729775988] [publish_wind_direction]: Vicon Position= [-783.5848999023438, -566.6337890625]
[publish_wind_direction-2] [INFO] [1749223928.733081682] [publish_wind_direction]: Neighbourhood size: 2
[publish_wind_direction-2] [INFO] [1749223931.868661656] [publish_wind_direction]: Publishing: "id136:W"
[publish_wind_direction-2] [INFO] [1749223932.802159588] [publish_wind_direction]: * Received from id192, wind direction E
[publish_wind_direction-2] [INFO] [1749223932.805753963] [publish_wind_direction]: Publisher, neighbours_by_id={'id223', 'id152'}
[publish_wind_direction-2] [INFO] [1749223936.666292223] [publish_wind_direction]: ***Cam angle= -999.0, vico ang deg= 140.27164541770836 Ground Truth= 221.27164541770833
[publish_wind_direction-2] [INFO] [1749223936.668765465] [publish_wind_direction]: Publisher, Neighbourhood size: 2
[publish_wind_direction-2] [INFO] [1749223936.673269974] [publish_wind_direction]: Vicon Position= [-783.5848999023438, -566.6337890625]
[publish_wind_direction-2] [INFO] [1749223936.675771735] [publish_wind_direction]: Neighbourhood size: 2
[publish_wind_direction-2] [INFO] [1749223936.678587787] [publish_wind_direction]: * Received from id192, wind direction E
[publish_wind_direction-2] [INFO] [1749223936.681196434] [publish_wind_direction]: Publisher, neighbours_by_id={'id223', 'id152'}
[publish_wind_direction-2] [INFO] [1749223940.423640005] [publish_wind_direction]: ***Cam angle= 11.146600746860855, vico ang deg= 140.27164541770836 Ground Truth= 151.4182461645692
[publish_wind_direction-2] [INFO] [1749223940.426149432] [publish_wind_direction]: Publisher, Neighbourhood size: 2
[publish_wind_direction-2] [INFO] [1749223940.430486740] [publish_wind_direction]: Publishing: "id136:W"
[publish_wind_direction-2] [INFO] [1749223940.434548552] [publish_wind_direction]: Vicon Position= [-783.5848999023438, -566.6337890625]
[publish_wind_direction-2] [INFO] [1749223940.437228440] [publish_wind_direction]: Neighbourhood size: 2
[publish_wind_direction-2] [INFO] [1749223941.868511373] [publish_wind_direction]: Publishing: "id136:W"
[publish_wind_direction-2] [INFO] [1749223943.626071961] [publish_wind_direction]: Vicon Position= [-783.5848999023438, -566.6337890625]
[publish_wind_direction-2] [INFO] [1749223943.629007530] [publish_wind_direction]: Neighbourhood size: 2
[publish_wind_direction-2] [INFO] [1749223944.270489518] [publish_wind_direction]: * Received from id200, wind direction S
[publish_wind_direction-2] [INFO] [1749223944.273410587] [publish_wind_direction]: Publisher, neighbours_by_id={'id223', 'id152'}
[publish_wind_direction-2] [INFO] [1749223948.373894855] [publish_wind_direction]: ***Cam angle= 35.44513406553355, vico ang deg= 140.27164541770836 Ground Truth= 175.7167794832419
[publish_wind_direction-2] [INFO] [1749223948.376327820] [publish_wind_direction]: Publisher, Neighbourhood size: 2
[publish_wind_direction-2] [INFO] [1749223948.380588537] [publish_wind_direction]: Publishing: "id136:W"
[publish_wind_direction-2] [INFO] [1749223948.751805878] [publish_wind_direction]: * Received from id142, wind direction N
[publish_wind_direction-2] [INFO] [1749223948.754733281] [publish_wind_direction]: Publisher, neighbours_by_id={'id223', 'id152'}
[publish_wind_direction-2] [INFO] [1749223952.519887524] [publish_wind_direction]: ***Cam angle= -999.0, vico ang deg= 140.27164541770836 Ground Truth= 221.27164541770833
[publish_wind_direction-2] [INFO] [1749223952.522162547] [publish_wind_direction]: Publisher, Neighbourhood size: 2
[publish_wind_direction-2] [INFO] [1749223952.526405023] [publish_wind_direction]: Publishing: "id136:W"
[publish_wind_direction-2] [INFO] [1749223956.868476609] [publish_wind_direction]: Publishing: "id136:W"
[publish_wind_direction-2] [INFO] [1749223961.868498909] [publish_wind_direction]: Publishing: "id136:W"
[publish_wind_direction-2] [INFO] [1749223963.150133497] [publish_wind_direction]: Vicon Position= [-783.5848999023438, -566.6337890625]
[publish_wind_direction-2] [INFO] [1749223963.153844647] [publish_wind_direction]: Neighbourhood size: 2
[publish_wind_direction-2] [INFO] [1749223963.159139756] [publish_wind_direction]: * Received from id155, wind direction S
[publish_wind_direction-2] [INFO] [1749223963.161695663] [publish_wind_direction]: Publisher, neighbours_by_id={'id223', 'id152'}
[publish_wind_direction-2] [INFO] [1749223967.045482976] [publish_wind_direction]: ***Cam angle= -999.0, vico ang deg= 140.27164541770836 Ground Truth= 221.27164541770833
[publish_wind_direction-2] [INFO] [1749223967.048900983] [publish_wind_direction]: Publisher, Neighbourhood size: 2
[publish_wind_direction-2] [INFO] [1749223967.055228873] [publish_wind_direction]: Publishing: "id136:W"
[publish_wind_direction-2] [INFO] [1749223967.060981624] [publish_wind_direction]: Vicon Position= [-783.5848999023438, -566.6337890625]
[publish_wind_direction-2] [INFO] [1749223967.064488592] [publish_wind_direction]: Neighbourhood size: 2
[publish_wind_direction-2] [INFO] [1749223971.868958577] [publish_wind_direction]: Publishing: "id136:W"
[publish_wind_direction-2] [INFO] [1749223972.348133493] [publish_wind_direction]: * Received from id142, wind direction W
[publish_wind_direction-2] [INFO] [1749223972.350947342] [publish_wind_direction]: Publisher, neighbours_by_id={'id223', 'id152'}
[publish_wind_direction-2] [INFO] [1749223976.268249227] [publish_wind_direction]: ***Cam angle= -999.0, vico ang deg= 140.27164541770836 Ground Truth= 221.27164541770833
[publish_wind_direction-2] [INFO] [1749223976.270616304] [publish_wind_direction]: Publisher, Neighbourhood size: 2
[publish_wind_direction-2] [INFO] [1749223976.868599326] [publish_wind_direction]: Publishing: "id136:W"
[publish_wind_direction-2] [INFO] [1749223981.868647235] [publish_wind_direction]: Publishing: "id136:W"
[publish_wind_direction-2] [INFO] [1749223986.868620757] [publish_wind_direction]: Publishing: "id136:W"
[publish_wind_direction-2] [INFO] [1749223991.868712740] [publish_wind_direction]: Publishing: "id136:W"
[publish_wind_direction-2] [INFO] [1749223996.868665169] [publish_wind_direction]: Publishing: "id136:W"
[publish_wind_direction-2] [INFO] [1749223999.967082675] [publish_wind_direction]: * Received from id192, wind direction S
[publish_wind_direction-2] [INFO] [1749223999.970009967] [publish_wind_direction]: Publisher, neighbours_by_id={'id223', 'id152'}
[publish_wind_direction-2] [INFO] [1749224004.058319186] [publish_wind_direction]: ***Cam angle= -999.0, vico ang deg= 140.27164541770836 Ground Truth= 221.27164541770833
[publish_wind_direction-2] [INFO] [1749224004.060786317] [publish_wind_direction]: Publisher, Neighbourhood size: 2
[publish_wind_direction-2] [INFO] [1749224004.065031404] [publish_wind_direction]: Publishing: "id136:W"
[publish_wind_direction-2] [INFO] [1749224004.067882993] [publish_wind_direction]: * Received from id142, wind direction E
[publish_wind_direction-2] [INFO] [1749224004.070242755] [publish_wind_direction]: Publisher, neighbours_by_id={'id223', 'id152'}
[publish_wind_direction-2] [INFO] [1749224008.032405031] [publish_wind_direction]: ***Cam angle= -999.0, vico ang deg= 140.27164541770836 Ground Truth= 221.27164541770833
[publish_wind_direction-2] [INFO] [1749224008.034836496] [publish_wind_direction]: Publisher, Neighbourhood size: 2
[publish_wind_direction-2] [INFO] [1749224008.039073194] [publish_wind_direction]: Publishing: "id136:W"
[publish_wind_direction-2] [INFO] [1749224011.868516992] [publish_wind_direction]: Publishing: "id136:W"
[publish_wind_direction-2] [INFO] [1749224016.868518457] [publish_wind_direction]: Publishing: "id136:W"
[publish_wind_direction-2] [INFO] [1749224020.634310281] [publish_wind_direction]: * Received from id142, wind direction W
[publish_wind_direction-2] [INFO] [1749224020.637219314] [publish_wind_direction]: Publisher, neighbours_by_id={'id223', 'id152'}
[publish_wind_direction-2] [INFO] [1749224024.730772346] [publish_wind_direction]: ***Cam angle= 41.73648778506049, vico ang deg= 140.27164541770836 Ground Truth= 182.00813320276885
[publish_wind_direction-2] [INFO] [1749224024.733229218] [publish_wind_direction]: Publisher, Neighbourhood size: 2
[publish_wind_direction-2] [INFO] [1749224024.737487342] [publish_wind_direction]: Publishing: "id136:W"
[publish_wind_direction-2] [INFO] [1749224024.741338786] [publish_wind_direction]: Vicon Position= [-783.5848999023438, -566.6337890625]
[publish_wind_direction-2] [INFO] [1749224024.743851361] [publish_wind_direction]: Neighbourhood size: 2
[publish_wind_direction-2] [INFO] [1749224026.868502164] [publish_wind_direction]: Publishing: "id136:W"
[publish_wind_direction-2] [INFO] [1749224031.869134712] [publish_wind_direction]: Publishing: "id136:W"
[publish_wind_direction-2] [INFO] [1749224036.868322669] [publish_wind_direction]: Publishing: "id136:W"
[publish_wind_direction-2] [INFO] [1749224041.869338989] [publish_wind_direction]: Publishing: "id136:W"
[publish_wind_direction-2] [INFO] [1749224046.868818720] [publish_wind_direction]: Publishing: "id136:W"
[publish_wind_direction-2] [INFO] [1749224050.757864881] [publish_wind_direction]: Vicon Position= [-783.5848999023438, -566.6337890625]
[publish_wind_direction-2] [INFO] [1749224050.760809635] [publish_wind_direction]: Neighbourhood size: 2
[publish_wind_direction-2] [INFO] [1749224051.869040533] [publish_wind_direction]: Publishing: "id136:W"
[publish_wind_direction-2] [INFO] [1749224053.077770650] [publish_wind_direction]: * Received from id142, wind direction W
[publish_wind_direction-2] [INFO] [1749224053.080543166] [publish_wind_direction]: Publisher, neighbours_by_id={'id223', 'id152'}
[publish_wind_direction-2] [INFO] [1749224057.214577578] [publish_wind_direction]: ***Cam angle= -999.0, vico ang deg= 140.27164541770836 Ground Truth= 221.27164541770833
[publish_wind_direction-2] [INFO] [1749224057.217047617] [publish_wind_direction]: Publisher, Neighbourhood size: 2
[publish_wind_direction-2] [INFO] [1749224057.221579088] [publish_wind_direction]: Publishing: "id136:W"
[publish_wind_direction-2] [INFO] [1749224057.224424436] [publish_wind_direction]: * Received from id142, wind direction W
[publish_wind_direction-2] [INFO] [1749224057.226767773] [publish_wind_direction]: Publisher, neighbours_by_id={'id223', 'id152'}
[publish_wind_direction-2] [INFO] [1749224061.174241352] [publish_wind_direction]: ***Cam angle= 30.597449519156825, vico ang deg= 140.27164541770836 Ground Truth= 170.86909493686517
[publish_wind_direction-2] [INFO] [1749224061.176708113] [publish_wind_direction]: Publisher, Neighbourhood size: 2
[publish_wind_direction-2] [INFO] [1749224061.869342142] [publish_wind_direction]: Publishing: "id136:W"
[publish_wind_direction-2] [INFO] [1749224066.868947519] [publish_wind_direction]: Publishing: "id136:W"
[publish_wind_direction-2] [INFO] [1749224069.800091673] [publish_wind_direction]: * Received from id151, wind direction N
[publish_wind_direction-2] [INFO] [1749224069.802959873] [publish_wind_direction]: Publisher, neighbours_by_id={'id223', 'id152'}
[publish_wind_direction-2] [INFO] [1749224073.697174367] [publish_wind_direction]: ***Cam angle= 36.19843176256698, vico ang deg= 140.27164541770836 Ground Truth= 176.47007718027533
[publish_wind_direction-2] [INFO] [1749224073.699587369] [publish_wind_direction]: Publisher, Neighbourhood size: 2
[publish_wind_direction-2] [INFO] [1749224073.704151952] [publish_wind_direction]: Publishing: "id136:W"
[publish_wind_direction-2] [INFO] [1749224073.708001118] [publish_wind_direction]: Vicon Position= [-783.5848999023438, -566.6337890625]
[publish_wind_direction-2] [INFO] [1749224073.710467083] [publish_wind_direction]: Neighbourhood size: 2
[publish_wind_direction-2] [INFO] [1749224076.868809282] [publish_wind_direction]: Publishing: "id136:W"
[publish_wind_direction-2] [INFO] [1749224081.868602341] [publish_wind_direction]: Publishing: "id136:W"
[publish_wind_direction-2] [INFO] [1749224082.161218980] [publish_wind_direction]: Vicon Position= [-783.5848999023438, -566.6337890625]
[publish_wind_direction-2] [INFO] [1749224082.164075921] [publish_wind_direction]: Neighbourhood size: 2
[publish_wind_direction-2] [INFO] [1749224086.868811691] [publish_wind_direction]: Publishing: "id136:W"
[publish_wind_direction-2] [INFO] [1749224091.868823321] [publish_wind_direction]: Publishing: "id136:W"
[publish_wind_direction-2] [INFO] [1749224096.868879784] [publish_wind_direction]: Publishing: "id136:W"
[publish_wind_direction-2] [INFO] [1749224101.868891025] [publish_wind_direction]: Publishing: "id136:W"
[publish_wind_direction-2] [INFO] [1749224102.721631304] [publish_wind_direction]: Vicon Position= [-783.5848999023438, -566.6337890625]
[publish_wind_direction-2] [INFO] [1749224102.724925923] [publish_wind_direction]: Neighbourhood size: 2
[publish_wind_direction-2] [INFO] [1749224106.869130540] [publish_wind_direction]: Publishing: "id136:W"
[publish_wind_direction-2] [INFO] [1749224111.869008728] [publish_wind_direction]: Publishing: "id136:W"
[publish_wind_direction-2] [INFO] [1749224116.869046395] [publish_wind_direction]: Publishing: "id136:W"
[publish_wind_direction-2] [INFO] [1749224121.868953156] [publish_wind_direction]: Publishing: "id136:W"
[publish_wind_direction-2] [INFO] [1749224126.868840954] [publish_wind_direction]: Publishing: "id136:W"
[publish_wind_direction-2] [INFO] [1749224131.868832473] [publish_wind_direction]: Publishing: "id136:W"
[publish_wind_direction-2] [INFO] [1749224136.868985897] [publish_wind_direction]: Publishing: "id136:W"
[publish_wind_direction-2] [INFO] [1749224141.868935936] [publish_wind_direction]: Publishing: "id136:W"
[publish_wind_direction-2] [INFO] [1749224145.946976857] [publish_wind_direction]: * Received from id142, wind direction E
[publish_wind_direction-2] [INFO] [1749224145.949923814] [publish_wind_direction]: Publisher, neighbours_by_id={'id223', 'id152'}
[publish_wind_direction-2] [INFO] [1749224150.004068895] [publish_wind_direction]: ***Cam angle= -999.0, vico ang deg= 140.27164541770836 Ground Truth= 221.27164541770833
[publish_wind_direction-2] [INFO] [1749224150.006497786] [publish_wind_direction]: Publisher, Neighbourhood size: 2
[publish_wind_direction-2] [INFO] [1749224150.011002202] [publish_wind_direction]: Publishing: "id136:W"
[publish_wind_direction-2] [INFO] [1749224150.013917494] [publish_wind_direction]: * Received from id142, wind direction E
[publish_wind_direction-2] [INFO] [1749224150.016394513] [publish_wind_direction]: Publisher, neighbours_by_id={'id223', 'id152'}
[publish_wind_direction-2] [INFO] [1749224153.730124253] [publish_wind_direction]: ***Cam angle= -0.06604792045369834, vico ang deg= 140.27164541770836 Ground Truth= 140.20559749725464
[publish_wind_direction-2] [INFO] [1749224153.732601162] [publish_wind_direction]: Publisher, Neighbourhood size: 2
[publish_wind_direction-2] [INFO] [1749224153.737094209] [publish_wind_direction]: Publishing: "id136:W"
[publish_wind_direction-2] [INFO] [1749224156.298597240] [publish_wind_direction]: * Received from id151, wind direction N
[publish_wind_direction-2] [INFO] [1749224156.301722399] [publish_wind_direction]: Publisher, neighbours_by_id={'id223', 'id152'}
[publish_wind_direction-2] [INFO] [1749224160.497285276] [publish_wind_direction]: ***Cam angle= -999.0, vico ang deg= 140.27164541770836 Ground Truth= 221.27164541770833
[publish_wind_direction-2] [INFO] [1749224160.499710945] [publish_wind_direction]: Publisher, Neighbourhood size: 2
[publish_wind_direction-2] [INFO] [1749224160.504197918] [publish_wind_direction]: Publishing: "id136:W"
[publish_wind_direction-2] [INFO] [1749224160.508031936] [publish_wind_direction]: Vicon Position= [-783.5848999023438, -566.6337890625]
[publish_wind_direction-2] [INFO] [1749224160.510716176] [publish_wind_direction]: Neighbourhood size: 2
[publish_wind_direction-2] [INFO] [1749224161.869044602] [publish_wind_direction]: Publishing: "id136:W"
[publish_wind_direction-2] [INFO] [1749224166.868914234] [publish_wind_direction]: Publishing: "id136:W"
[publish_wind_direction-2] [INFO] [1749224171.868601387] [publish_wind_direction]: Publishing: "id136:W"
[publish_wind_direction-2] [INFO] [1749224174.682403861] [publish_wind_direction]: * Received from id192, wind direction N
[publish_wind_direction-2] [INFO] [1749224174.685340929] [publish_wind_direction]: Publisher, neighbours_by_id={'id223', 'id152'}
[publish_wind_direction-2] [INFO] [1749224178.583027391] [publish_wind_direction]: ***Cam angle= 51.92385199679083, vico ang deg= 140.27164541770836 Ground Truth= 192.1954974144992
[publish_wind_direction-2] [INFO] [1749224178.586477620] [publish_wind_direction]: Publisher, Neighbourhood size: 2
[publish_wind_direction-2] [INFO] [1749224178.593511944] [publish_wind_direction]: Publishing: "id136:W"
[publish_wind_direction-2] [INFO] [1749224178.597691699] [publish_wind_direction]: * Received from id152, wind direction N
[publish_wind_direction-2] [INFO] [1749224178.601100131] [publish_wind_direction]: Publisher, neighbours_by_id={'id223', 'id152'}
[publish_wind_direction-2] [INFO] [1749224182.484698444] [publish_wind_direction]: ***Cam angle= -999.0, vico ang deg= 140.27164541770836 Ground Truth= 221.27164541770833
[publish_wind_direction-2] [INFO] [1749224182.487085077] [publish_wind_direction]: Publisher, Neighbourhood size: 2
[publish_wind_direction-2] [INFO] [1749224182.491694529] [publish_wind_direction]: Publishing: "id136:W"
[publish_wind_direction-2] [INFO] [1749224186.868800608] [publish_wind_direction]: Publishing: "id136:W"
[publish_wind_direction-2] [INFO] [1749224191.868815089] [publish_wind_direction]: Publishing: "id136:W"
[publish_wind_direction-2] [INFO] [1749224196.868998328] [publish_wind_direction]: Publishing: "id136:W"
[publish_wind_direction-2] [INFO] [1749224201.868970958] [publish_wind_direction]: Publishing: "id136:W"
[publish_wind_direction-2] [INFO] [1749224206.868952718] [publish_wind_direction]: Publishing: "id136:W"
[publish_wind_direction-2] [INFO] [1749224211.868968329] [publish_wind_direction]: Publishing: "id136:W"
[publish_wind_direction-2] [INFO] [1749224216.869005143] [publish_wind_direction]: Publishing: "id136:W"
[publish_wind_direction-2] [INFO] [1749224221.868977255] [publish_wind_direction]: Publishing: "id136:W"
[publish_wind_direction-2] [INFO] [1749224226.868883053] [publish_wind_direction]: Publishing: "id136:W"
[publish_wind_direction-2] [INFO] [1749224229.951557859] [publish_wind_direction]: * Received from id151, wind direction N
[publish_wind_direction-2] [INFO] [1749224229.954434170] [publish_wind_direction]: Publisher, neighbours_by_id={'id223', 'id152'}
[publish_wind_direction-2] [INFO] [1749224234.194777088] [publish_wind_direction]: ***Cam angle= 39.355131214948074, vico ang deg= 140.27164541770836 Ground Truth= 179.62677663265643
[publish_wind_direction-2] [INFO] [1749224234.197238608] [publish_wind_direction]: Publisher, Neighbourhood size: 2
[publish_wind_direction-2] [INFO] [1749224234.201759710] [publish_wind_direction]: Publishing: "id136:W"
[publish_wind_direction-2] [INFO] [1749224236.868842017] [publish_wind_direction]: Publishing: "id136:W"
[publish_wind_direction-2] [INFO] [1749224241.377563275] [publish_wind_direction]: * Received from id192, wind direction S
[publish_wind_direction-2] [INFO] [1749224241.381207241] [publish_wind_direction]: Publisher, neighbours_by_id={'id223', 'id152'}
[publish_wind_direction-2] [INFO] [1749224245.209158689] [publish_wind_direction]: ***Cam angle= 59.93259956842002, vico ang deg= 140.27164541770836 Ground Truth= 200.20424498612837
[publish_wind_direction-2] [INFO] [1749224245.212606324] [publish_wind_direction]: Publisher, Neighbourhood size: 2
[publish_wind_direction-2] [INFO] [1749224245.219344079] [publish_wind_direction]: Publishing: "id136:W"
[publish_wind_direction-2] [INFO] [1749224246.869482620] [publish_wind_direction]: Publishing: "id136:W"
[publish_wind_direction-2] [INFO] [1749224251.868990312] [publish_wind_direction]: Publishing: "id136:W"
[publish_wind_direction-2] [INFO] [1749224256.868982720] [publish_wind_direction]: Publishing: "id136:W"
[publish_wind_direction-2] [INFO] [1749224261.867782700] [publish_wind_direction]: Raising exception
[publish_wind_direction-2] [INFO] [1749224261.870535753] [publish_wind_direction]: Publisher stopping, exception
[INFO] [publish_wind_direction-2]: process has finished cleanly [pid 844]
[random_robot_move-1] [INFO] [1749224276.472596187] [random_robot_move]: Exception, shutting down
