[INFO] [launch]: All log files can be found below /home/thymio/.ros/log/2025-06-13-15-43-33-083156-thymio-822
[INFO] [launch]: Default logging verbosity is set to INFO
[INFO] [random_robot_move-1]: process started with pid [844]
[INFO] [publish_wind_direction-2]: process started with pid [846]
[publish_wind_direction-2] /usr/lib/python3/dist-packages/scipy/__init__.py:146: UserWarning: A NumPy version >=1.17.3 and <1.25.0 is required for this version of SciPy (detected version 1.26.4
[publish_wind_direction-2]   warnings.warn(f"A NumPy version >={np_minversion} and <{np_maxversion}"
[publish_wind_direction-2] [INFO] [1749829417.026969536] [publish_wind_direction]: Physical Ip=192.168.3.85, id=id85
[publish_wind_direction-2] [INFO] [1749829417.030417314] [publish_wind_direction]: Updated ID from mapping: id189
[publish_wind_direction-2] [INFO] [1749829417.055561907] [publish_wind_direction]: Publsihing on: wind_direction/id189
[publish_wind_direction-2] [INFO] [1749829417.071213962] [publish_wind_direction]: Subscribed to: vicon/default/data
[publish_wind_direction-2] [INFO] [1749829417.075631462] [publish_wind_direction]: Subscribed to: wind_direction/id68
[publish_wind_direction-2] [INFO] [1749829417.079898203] [publish_wind_direction]: Subscribed to: wind_direction/id136
[publish_wind_direction-2] [INFO] [1749829417.083554425] [publish_wind_direction]: Subscribed to: wind_direction/id137
[publish_wind_direction-2] [INFO] [1749829417.087036758] [publish_wind_direction]: Subscribed to: wind_direction/id142
[publish_wind_direction-2] [INFO] [1749829417.090399073] [publish_wind_direction]: Subscribed to: wind_direction/id151
[publish_wind_direction-2] [INFO] [1749829417.093861758] [publish_wind_direction]: Subscribed to: wind_direction/id152
[publish_wind_direction-2] [INFO] [1749829417.097225758] [publish_wind_direction]: Subscribed to: wind_direction/id155
[publish_wind_direction-2] [INFO] [1749829417.100705795] [publish_wind_direction]: Subscribed to: wind_direction/id192
[publish_wind_direction-2] [INFO] [1749829417.104013240] [publish_wind_direction]: Subscribed to: wind_direction/id193
[publish_wind_direction-2] [INFO] [1749829417.107497073] [publish_wind_direction]: Subscribed to: wind_direction/id194
[publish_wind_direction-2] [INFO] [1749829417.110868777] [publish_wind_direction]: Subscribed to: wind_direction/id195
[publish_wind_direction-2] [INFO] [1749829417.114425425] [publish_wind_direction]: Subscribed to: wind_direction/id200
[publish_wind_direction-2] [INFO] [1749829417.117794536] [publish_wind_direction]: Subscribed to: wind_direction/id206
[publish_wind_direction-2] [INFO] [1749829417.121459684] [publish_wind_direction]: Subscribed to: wind_direction/id207
[publish_wind_direction-2] [INFO] [1749829417.124949536] [publish_wind_direction]: Subscribed to: wind_direction/id223
[publish_wind_direction-2] [INFO] [1749829417.128273018] [publish_wind_direction]: Subscribed to: wind_direction/id224
[publish_wind_direction-2] [INFO] [1749829417.131828314] [publish_wind_direction]: Subscribed to: wind_direction/id236
[publish_wind_direction-2] [INFO] [1749829417.135224721] [publish_wind_direction]: Subscribed to: wind_direction/id247
[publish_wind_direction-2] [INFO] [1749829417.138748481] [publish_wind_direction]: Subscribed to: wind_direction/id1193
[publish_wind_direction-2] [INFO] [1749829418.097753721] [publish_wind_direction]: * Received from id247, wind direction W
[publish_wind_direction-2] [INFO] [1749829418.100309999] [publish_wind_direction]: All opinions = {'id247': 'W'}
[publish_wind_direction-2] [INFO] [1749829418.102734406] [publish_wind_direction]: Publisher, neighbours_by_id=set()
[random_robot_move-1] [INFO] [1749829419.909652998] [random_robot_move]: Robot Control Node started.
[publish_wind_direction-2] [INFO] [1749829422.397571274] [publish_wind_direction]: ***Cam angle= -41.37566482024655, vico ang deg= 0.0 Ground Truth= 318.6243351797535
[publish_wind_direction-2] [INFO] [1749829422.400093015] [publish_wind_direction]: Publisher, Neighbourhood size: 0
[publish_wind_direction-2] [INFO] [1749829422.402666107] [publish_wind_direction]: Time taken for picture and decision making: 4.3047826290130615
[publish_wind_direction-2] [INFO] [1749829422.408326070] [publish_wind_direction]: Vicon Position= [-1007.717529296875, -546.265380859375]
[publish_wind_direction-2] [INFO] [1749829422.410626033] [publish_wind_direction]: Neighbourhood size: 1
[publish_wind_direction-2] [INFO] [1749829422.414474089] [publish_wind_direction]: * Received from id68, wind direction E
[publish_wind_direction-2] [INFO] [1749829422.417094515] [publish_wind_direction]: All opinions = {'id247': 'W', 'id68': 'E'}
[publish_wind_direction-2] [INFO] [1749829422.419563903] [publish_wind_direction]: Publisher, neighbours_by_id={'id193'}
[publish_wind_direction-2] [INFO] [1749829426.566183660] [publish_wind_direction]: ***Cam angle= -88.78031274358541, vico ang deg= 46.859964480542956 Ground Truth= 318.07965173695754
[publish_wind_direction-2] [INFO] [1749829426.568625290] [publish_wind_direction]: Publisher, Neighbourhood size: 1
[publish_wind_direction-2] [INFO] [1749829426.570974364] [publish_wind_direction]: Time taken for picture and decision making: 4.157014608383179
[publish_wind_direction-2] [INFO] [1749829426.573871808] [publish_wind_direction]: * Received from id136, wind direction W
[publish_wind_direction-2] [INFO] [1749829426.576580308] [publish_wind_direction]: Comm. Noise, new received opinion: N
[publish_wind_direction-2] [INFO] [1749829426.579558327] [publish_wind_direction]: All opinions = {'id247': 'W', 'id68': 'E', 'id136': 'N'}
[publish_wind_direction-2] [INFO] [1749829426.583078697] [publish_wind_direction]: Publisher, neighbours_by_id={'id193'}
[publish_wind_direction-2] [INFO] [1749829430.405973213] [publish_wind_direction]: ***Cam angle= -139.8732726757549, vico ang deg= 46.859964480542956 Ground Truth= 266.98669180478805
[publish_wind_direction-2] [INFO] [1749829430.408575917] [publish_wind_direction]: Publisher, Neighbourhood size: 1
[publish_wind_direction-2] [INFO] [1749829430.410919102] [publish_wind_direction]: Time taken for picture and decision making: 3.8371829986572266
[publish_wind_direction-2] [INFO] [1749829430.413827251] [publish_wind_direction]: * Received from id137, wind direction E
[publish_wind_direction-2] [INFO] [1749829430.416325195] [publish_wind_direction]: All opinions = {'id247': 'W', 'id68': 'E', 'id136': 'N', 'id137': 'E'}
[publish_wind_direction-2] [INFO] [1749829430.418777547] [publish_wind_direction]: Publisher, neighbours_by_id={'id193'}
[publish_wind_direction-2] [INFO] [1749829434.898069192] [publish_wind_direction]: ***Cam angle= -148.80531783819626, vico ang deg= 46.859964480542956 Ground Truth= 258.0546466423467
[publish_wind_direction-2] [INFO] [1749829434.900570729] [publish_wind_direction]: Publisher, Neighbourhood size: 1
[publish_wind_direction-2] [INFO] [1749829434.902987674] [publish_wind_direction]: Time taken for picture and decision making: 4.489239454269409
[publish_wind_direction-2] [INFO] [1749829434.905846748] [publish_wind_direction]: * Received from id142, wind direction N
[publish_wind_direction-2] [INFO] [1749829434.908387007] [publish_wind_direction]: All opinions = {'id247': 'W', 'id68': 'E', 'id136': 'N', 'id137': 'E', 'id142': 'N'}
[publish_wind_direction-2] [INFO] [1749829434.910577618] [publish_wind_direction]: Publisher, neighbours_by_id={'id193'}
[publish_wind_direction-2] [INFO] [1749829439.032372986] [publish_wind_direction]: ***Cam angle= -132.94210047256917, vico ang deg= 46.859964480542956 Ground Truth= 273.9178640079738
[publish_wind_direction-2] [INFO] [1749829439.038376282] [publish_wind_direction]: Publisher, Neighbourhood size: 1
[publish_wind_direction-2] [INFO] [1749829439.042968245] [publish_wind_direction]: Time taken for picture and decision making: 4.136888742446899
[publish_wind_direction-2] [INFO] [1749829439.047555431] [publish_wind_direction]: * Received from id151, wind direction W
[publish_wind_direction-2] [INFO] [1749829439.053349319] [publish_wind_direction]: Comm. Noise, new received opinion: N
[publish_wind_direction-2] [INFO] [1749829439.057699431] [publish_wind_direction]: All opinions = {'id247': 'W', 'id68': 'E', 'id136': 'N', 'id137': 'E', 'id142': 'N', 'id151': 'N'}
[publish_wind_direction-2] [INFO] [1749829439.062667875] [publish_wind_direction]: Publisher, neighbours_by_id={'id193'}
[publish_wind_direction-2] [INFO] [1749829442.965863373] [publish_wind_direction]: ***Cam angle= -200.6813280700767, vico ang deg= 46.859964480542956 Ground Truth= 206.17863641046625
[publish_wind_direction-2] [INFO] [1749829442.969807891] [publish_wind_direction]: Publisher, Neighbourhood size: 1
[publish_wind_direction-2] [INFO] [1749829442.973464725] [publish_wind_direction]: Time taken for picture and decision making: 3.92484188079834
[publish_wind_direction-2] [INFO] [1749829442.978244002] [publish_wind_direction]: * Received from id152, wind direction W
[publish_wind_direction-2] [INFO] [1749829442.982639743] [publish_wind_direction]: All opinions = {'id247': 'W', 'id68': 'E', 'id136': 'N', 'id137': 'E', 'id142': 'N', 'id151': 'N', 'id152': 'W'}
[publish_wind_direction-2] [INFO] [1749829442.986452558] [publish_wind_direction]: Publisher, neighbours_by_id={'id193'}
[publish_wind_direction-2] [INFO] [1749829446.737363204] [publish_wind_direction]: ***Cam angle= 87.29255138104736, vico ang deg= 46.859964480542956 Ground Truth= 134.1525158615903
[publish_wind_direction-2] [INFO] [1749829446.739751759] [publish_wind_direction]: Publisher, Neighbourhood size: 1
[publish_wind_direction-2] [INFO] [1749829446.742171870] [publish_wind_direction]: Time taken for picture and decision making: 3.7655062675476074
[publish_wind_direction-2] [INFO] [1749829446.744987222] [publish_wind_direction]: * Received from id192, wind direction N
[publish_wind_direction-2] [INFO] [1749829446.747373130] [publish_wind_direction]: All opinions = {'id247': 'W', 'id68': 'E', 'id136': 'N', 'id137': 'E', 'id142': 'N', 'id151': 'N', 'id152': 'W', 'id192': 'N'}
[publish_wind_direction-2] [INFO] [1749829446.749774241] [publish_wind_direction]: Publisher, neighbours_by_id={'id193'}
[publish_wind_direction-2] [INFO] [1749829450.755823331] [publish_wind_direction]: ***Cam angle= -227.07360346529276, vico ang deg= 46.859964480542956 Ground Truth= 179.78636101525018
[publish_wind_direction-2] [INFO] [1749829450.758344294] [publish_wind_direction]: Publisher, Neighbourhood size: 1
[publish_wind_direction-2] [INFO] [1749829450.760770109] [publish_wind_direction]: Time taken for picture and decision making: 4.015734910964966
[publish_wind_direction-2] [INFO] [1749829450.763514368] [publish_wind_direction]: * Received from id193, wind direction N
[publish_wind_direction-2] [INFO] [1749829450.765961368] [publish_wind_direction]: All opinions = {'id247': 'W', 'id68': 'E', 'id136': 'N', 'id137': 'E', 'id142': 'N', 'id151': 'N', 'id152': 'W', 'id192': 'N', 'id193': 'N'}
[publish_wind_direction-2] [INFO] [1749829450.768449164] [publish_wind_direction]: Publisher, neighbours_by_id={'id193'}
[publish_wind_direction-2] [INFO] [1749829454.925438088] [publish_wind_direction]: ***Cam angle= -224.14936642168414, vico ang deg= 46.859964480542956 Ground Truth= 182.7105980588588
[publish_wind_direction-2] [INFO] [1749829454.928822643] [publish_wind_direction]: Publisher, Neighbourhood size: 1
[publish_wind_direction-2] [INFO] [1749829454.932206143] [publish_wind_direction]: Time taken for picture and decision making: 4.167710065841675
[publish_wind_direction-2] [INFO] [1749829454.936585754] [publish_wind_direction]: * Received from id194, wind direction W
[publish_wind_direction-2] [INFO] [1749829454.940033421] [publish_wind_direction]: All opinions = {'id247': 'W', 'id68': 'E', 'id136': 'N', 'id137': 'E', 'id142': 'N', 'id151': 'N', 'id152': 'W', 'id192': 'N', 'id193': 'N', 'id194': 'W'}
[publish_wind_direction-2] [INFO] [1749829454.943621643] [publish_wind_direction]: Publisher, neighbours_by_id={'id193'}
[publish_wind_direction-2] [INFO] [1749829458.994418308] [publish_wind_direction]: ***Cam angle= -220.75934111942155, vico ang deg= 46.859964480542956 Ground Truth= 186.1006233611214
[publish_wind_direction-2] [INFO] [1749829458.996873622] [publish_wind_direction]: Publisher, Neighbourhood size: 1
[publish_wind_direction-2] [INFO] [1749829458.999284141] [publish_wind_direction]: Time taken for picture and decision making: 4.06386661529541
[publish_wind_direction-2] [INFO] [1749829459.002126993] [publish_wind_direction]: * Received from id195, wind direction N
[publish_wind_direction-2] [INFO] [1749829459.004831048] [publish_wind_direction]: Comm. Noise, new received opinion: E
[publish_wind_direction-2] [INFO] [1749829459.007232937] [publish_wind_direction]: All opinions = {'id247': 'W', 'id68': 'E', 'id136': 'N', 'id137': 'E', 'id142': 'N', 'id151': 'N', 'id152': 'W', 'id192': 'N', 'id193': 'N', 'id194': 'W', 'id195': 'E'}
[publish_wind_direction-2] [INFO] [1749829459.009668863] [publish_wind_direction]: Publisher, neighbours_by_id={'id193'}
[publish_wind_direction-2] [INFO] [1749829463.042883472] [publish_wind_direction]: ***Cam angle= -225.74899915852623, vico ang deg= 46.859964480542956 Ground Truth= 181.11096532201674
[publish_wind_direction-2] [INFO] [1749829463.045362842] [publish_wind_direction]: Publisher, Neighbourhood size: 1
[publish_wind_direction-2] [INFO] [1749829463.047757324] [publish_wind_direction]: Time taken for picture and decision making: 4.045668125152588
[publish_wind_direction-2] [INFO] [1749829463.050647657] [publish_wind_direction]: * Received from id200, wind direction S
[publish_wind_direction-2] [INFO] [1749829463.053394027] [publish_wind_direction]: Comm. Noise, new received opinion: E
[publish_wind_direction-2] [INFO] [1749829463.055796194] [publish_wind_direction]: All opinions = {'id247': 'W', 'id68': 'E', 'id136': 'N', 'id137': 'E', 'id142': 'N', 'id151': 'N', 'id152': 'W', 'id192': 'N', 'id193': 'N', 'id194': 'W', 'id195': 'E', 'id200': 'E'}
[publish_wind_direction-2] [INFO] [1749829463.058223472] [publish_wind_direction]: Publisher, neighbours_by_id={'id193'}
[publish_wind_direction-2] [INFO] [1749829466.731951210] [publish_wind_direction]: ***Cam angle= -207.76460791024007, vico ang deg= 46.859964480542956 Ground Truth= 199.0953565703029
[publish_wind_direction-2] [INFO] [1749829466.734462821] [publish_wind_direction]: Publisher, Neighbourhood size: 1
[publish_wind_direction-2] [INFO] [1749829466.736909877] [publish_wind_direction]: Time taken for picture and decision making: 3.6862411499023438
[publish_wind_direction-2] [INFO] [1749829466.739722340] [publish_wind_direction]: * Received from id207, wind direction N
[publish_wind_direction-2] [INFO] [1749829466.742213951] [publish_wind_direction]: All opinions = {'id247': 'W', 'id68': 'E', 'id136': 'N', 'id137': 'E', 'id142': 'N', 'id151': 'N', 'id152': 'W', 'id192': 'N', 'id193': 'N', 'id194': 'W', 'id195': 'E', 'id200': 'E', 'id207': 'N'}
[publish_wind_direction-2] [INFO] [1749829466.744646044] [publish_wind_direction]: Publisher, neighbours_by_id={'id193'}
[publish_wind_direction-2] [INFO] [1749829470.784690763] [publish_wind_direction]: ***Cam angle= -97.20514958185545, vico ang deg= 46.859964480542956 Ground Truth= 309.6548148986875
[publish_wind_direction-2] [INFO] [1749829470.787102763] [publish_wind_direction]: Publisher, Neighbourhood size: 1
[publish_wind_direction-2] [INFO] [1749829470.789623652] [publish_wind_direction]: Time taken for picture and decision making: 4.049762964248657
[publish_wind_direction-2] [INFO] [1749829470.792464245] [publish_wind_direction]: * Received from id223, wind direction E
[publish_wind_direction-2] [INFO] [1749829470.795034245] [publish_wind_direction]: All opinions = {'id247': 'W', 'id68': 'E', 'id136': 'N', 'id137': 'E', 'id142': 'N', 'id151': 'N', 'id152': 'W', 'id192': 'N', 'id193': 'N', 'id194': 'W', 'id195': 'E', 'id200': 'E', 'id207': 'N', 'id223': 'E'}
[publish_wind_direction-2] [INFO] [1749829470.797608801] [publish_wind_direction]: Publisher, neighbours_by_id={'id193'}
[publish_wind_direction-2] [INFO] [1749829474.858733650] [publish_wind_direction]: ***Cam angle= 79.80126615460702, vico ang deg= 46.859964480542956 Ground Truth= 126.66123063514998
[publish_wind_direction-2] [INFO] [1749829474.861186446] [publish_wind_direction]: Publisher, Neighbourhood size: 1
[publish_wind_direction-2] [INFO] [1749829474.863584502] [publish_wind_direction]: Time taken for picture and decision making: 4.071137189865112
[publish_wind_direction-2] [INFO] [1749829474.866408724] [publish_wind_direction]: * Received from id236, wind direction E
[publish_wind_direction-2] [INFO] [1749829474.870035280] [publish_wind_direction]: All opinions = {'id247': 'W', 'id68': 'E', 'id136': 'N', 'id137': 'E', 'id142': 'N', 'id151': 'N', 'id152': 'W', 'id192': 'N', 'id193': 'N', 'id194': 'W', 'id195': 'E', 'id200': 'E', 'id207': 'N', 'id223': 'E', 'id236': 'E'}
[publish_wind_direction-2] [INFO] [1749829474.872509835] [publish_wind_direction]: Publisher, neighbours_by_id={'id193'}
[publish_wind_direction-2] [INFO] [1749829478.517808500] [publish_wind_direction]: ***Cam angle= 68.69872557832284, vico ang deg= 46.859964480542956 Ground Truth= 115.55869005886579
[publish_wind_direction-2] [INFO] [1749829478.520247018] [publish_wind_direction]: Publisher, Neighbourhood size: 1
[publish_wind_direction-2] [INFO] [1749829478.522739889] [publish_wind_direction]: Time taken for picture and decision making: 3.656238317489624
[publish_wind_direction-2] [INFO] [1749829478.525624092] [publish_wind_direction]: * Received from id247, wind direction N
[publish_wind_direction-2] [INFO] [1749829478.528033537] [publish_wind_direction]: All opinions = {'id247': 'N', 'id68': 'E', 'id136': 'N', 'id137': 'E', 'id142': 'N', 'id151': 'N', 'id152': 'W', 'id192': 'N', 'id193': 'N', 'id194': 'W', 'id195': 'E', 'id200': 'E', 'id207': 'N', 'id223': 'E', 'id236': 'E'}
[publish_wind_direction-2] [INFO] [1749829478.530412018] [publish_wind_direction]: Publisher, neighbours_by_id={'id193'}
[publish_wind_direction-2] [INFO] [1749829482.612690553] [publish_wind_direction]: ***Cam angle= 59.33435996939235, vico ang deg= 46.859964480542956 Ground Truth= 106.19432444993531
[publish_wind_direction-2] [INFO] [1749829482.616085053] [publish_wind_direction]: Publisher, Neighbourhood size: 1
[publish_wind_direction-2] [INFO] [1749829482.619507479] [publish_wind_direction]: Time taken for picture and decision making: 4.093014717102051
[publish_wind_direction-2] [INFO] [1749829482.627592942] [publish_wind_direction]: Vicon Position= [-601.0372924804688, 11.841315269470215]
[publish_wind_direction-2] [INFO] [1749829482.631361571] [publish_wind_direction]: Neighbourhood size: 9
[publish_wind_direction-2] [INFO] [1749829482.636398701] [publish_wind_direction]: * Received from id68, wind direction E
[publish_wind_direction-2] [INFO] [1749829482.639802386] [publish_wind_direction]: All opinions = {'id247': 'N', 'id68': 'E', 'id136': 'N', 'id137': 'E', 'id142': 'N', 'id151': 'N', 'id152': 'W', 'id192': 'N', 'id193': 'N', 'id194': 'W', 'id195': 'E', 'id200': 'E', 'id207': 'N', 'id223': 'E', 'id236': 'E'}
[publish_wind_direction-2] [INFO] [1749829482.643167645] [publish_wind_direction]: Publisher, neighbours_by_id={'id223', 'id155', 'id1193', 'id195', 'id247', 'id192', 'id206', 'id193', 'id68'}
[publish_wind_direction-2] [INFO] [1749829486.297772754] [publish_wind_direction]: ***Cam angle= 60.063960074285944, vico ang deg= 331.43229686190915 Ground Truth= 31.496256936195095
[publish_wind_direction-2] [INFO] [1749829486.300156513] [publish_wind_direction]: Publisher, Neighbourhood size: 9
[publish_wind_direction-2] [INFO] [1749829486.302535773] [publish_wind_direction]: Decision Making Triggered
[publish_wind_direction-2] [INFO] [1749829486.304910680] [publish_wind_direction]: Publisher, Neighbours Opinion: 2
[publish_wind_direction-2] [INFO] [1749829486.307289551] [publish_wind_direction]: Inside Decision Making, neighbours opinion: {'id193': 'N', 'id68': 'E'}
[publish_wind_direction-2] [INFO] [1749829486.309717254] [publish_wind_direction]: Inside Decision Making, social opinions: {'N': 1, 'E': 1}
[publish_wind_direction-2] [INFO] [1749829486.312040180] [publish_wind_direction]: Inside Decision Making, My Wind Direction: N
[publish_wind_direction-2] [INFO] [1749829486.314439606] [publish_wind_direction]: Inside Decision Making, Decision dict: {'N': 2.2, 'S': 0.0, 'E': 1.0, 'W': 0.0}
[publish_wind_direction-2] [INFO] [1749829486.317912328] [publish_wind_direction]: Publishing: id189:N
[publish_wind_direction-2] [INFO] [1749829486.320451791] [publish_wind_direction]: -----------------------------------------------------
[publish_wind_direction-2] [INFO] [1749829486.323017902] [publish_wind_direction]: Time taken for picture and decision making: 3.6871440410614014
[publish_wind_direction-2] [INFO] [1749829486.325934217] [publish_wind_direction]: * Received from id136, wind direction E
[publish_wind_direction-2] [INFO] [1749829486.328371106] [publish_wind_direction]: All opinions = {'id247': 'N', 'id68': 'E', 'id136': 'E', 'id137': 'E', 'id142': 'N', 'id151': 'N', 'id152': 'W', 'id192': 'N', 'id193': 'N', 'id194': 'W', 'id195': 'E', 'id200': 'E', 'id207': 'N', 'id223': 'E', 'id236': 'E'}
[publish_wind_direction-2] [INFO] [1749829486.330723162] [publish_wind_direction]: Publisher, neighbours_by_id={'id223', 'id155', 'id1193', 'id195', 'id247', 'id192', 'id206', 'id193', 'id68'}
[publish_wind_direction-2] [INFO] [1749829490.415167011] [publish_wind_direction]: ***Cam angle= 61.01771715010665, vico ang deg= 331.43229686190915 Ground Truth= 32.4500140120158
[publish_wind_direction-2] [INFO] [1749829490.417563011] [publish_wind_direction]: Publisher, Neighbourhood size: 9
[publish_wind_direction-2] [INFO] [1749829490.419928696] [publish_wind_direction]: Decision Making Triggered
[publish_wind_direction-2] [INFO] [1749829490.422327678] [publish_wind_direction]: Publisher, Neighbours Opinion: 2
[publish_wind_direction-2] [INFO] [1749829490.424735955] [publish_wind_direction]: Inside Decision Making, neighbours opinion: {'id193': 'N', 'id68': 'E'}
[publish_wind_direction-2] [INFO] [1749829490.427107493] [publish_wind_direction]: Inside Decision Making, social opinions: {'N': 1, 'E': 1}
[publish_wind_direction-2] [INFO] [1749829490.429523307] [publish_wind_direction]: Inside Decision Making, My Wind Direction: N
[publish_wind_direction-2] [INFO] [1749829490.431912641] [publish_wind_direction]: Inside Decision Making, Decision dict: {'N': 2.2, 'S': 0.0, 'E': 1.0, 'W': 0.0}
[publish_wind_direction-2] [INFO] [1749829490.435404215] [publish_wind_direction]: Publishing: id189:N
[publish_wind_direction-2] [INFO] [1749829490.437810659] [publish_wind_direction]: -----------------------------------------------------
[publish_wind_direction-2] [INFO] [1749829490.440242085] [publish_wind_direction]: Time taken for picture and decision making: 4.114243745803833
[publish_wind_direction-2] [INFO] [1749829490.443053215] [publish_wind_direction]: * Received from id137, wind direction S
[publish_wind_direction-2] [INFO] [1749829490.445556715] [publish_wind_direction]: All opinions = {'id247': 'N', 'id68': 'E', 'id136': 'E', 'id137': 'S', 'id142': 'N', 'id151': 'N', 'id152': 'W', 'id192': 'N', 'id193': 'N', 'id194': 'W', 'id195': 'E', 'id200': 'E', 'id207': 'N', 'id223': 'E', 'id236': 'E'}
[publish_wind_direction-2] [INFO] [1749829490.447956307] [publish_wind_direction]: Publisher, neighbours_by_id={'id223', 'id155', 'id1193', 'id195', 'id247', 'id192', 'id206', 'id193', 'id68'}
[publish_wind_direction-2] [INFO] [1749829494.191820879] [publish_wind_direction]: ***Cam angle= -20.404608483755496, vico ang deg= 331.43229686190915 Ground Truth= 311.02768837815364
[publish_wind_direction-2] [INFO] [1749829494.194273990] [publish_wind_direction]: Publisher, Neighbourhood size: 9
[publish_wind_direction-2] [INFO] [1749829494.196677731] [publish_wind_direction]: Decision Making Triggered
[publish_wind_direction-2] [INFO] [1749829494.199051620] [publish_wind_direction]: Publisher, Neighbours Opinion: 2
[publish_wind_direction-2] [INFO] [1749829494.201609842] [publish_wind_direction]: Inside Decision Making, neighbours opinion: {'id193': 'N', 'id68': 'E'}
[publish_wind_direction-2] [INFO] [1749829494.204092620] [publish_wind_direction]: Inside Decision Making, social opinions: {'N': 1, 'E': 1}
[publish_wind_direction-2] [INFO] [1749829494.206515046] [publish_wind_direction]: Inside Decision Making, My Wind Direction: E
[publish_wind_direction-2] [INFO] [1749829494.208932805] [publish_wind_direction]: Inside Decision Making, Decision dict: {'N': 1.0, 'S': 0.0, 'E': 2.2, 'W': 0.0}
[publish_wind_direction-2] [INFO] [1749829494.212378157] [publish_wind_direction]: Publishing: id189:E
[publish_wind_direction-2] [INFO] [1749829494.214706138] [publish_wind_direction]: -----------------------------------------------------
[publish_wind_direction-2] [INFO] [1749829494.217122305] [publish_wind_direction]: Time taken for picture and decision making: 3.7740612030029297
[publish_wind_direction-2] [INFO] [1749829494.219935712] [publish_wind_direction]: * Received from id142, wind direction N
[publish_wind_direction-2] [INFO] [1749829494.222399694] [publish_wind_direction]: All opinions = {'id247': 'N', 'id68': 'E', 'id136': 'E', 'id137': 'S', 'id142': 'N', 'id151': 'N', 'id152': 'W', 'id192': 'N', 'id193': 'N', 'id194': 'W', 'id195': 'E', 'id200': 'E', 'id207': 'N', 'id223': 'E', 'id236': 'E'}
[publish_wind_direction-2] [INFO] [1749829494.224805546] [publish_wind_direction]: Publisher, neighbours_by_id={'id223', 'id155', 'id1193', 'id195', 'id247', 'id192', 'id206', 'id193', 'id68'}
