[INFO] [launch]: All log files can be found below /home/thymio/.ros/log/2025-06-05-15-42-48-623536-thymio-821
[INFO] [launch]: Default logging verbosity is set to INFO
[INFO] [random_robot_move-1]: process started with pid [843]
[INFO] [publish_wind_direction-2]: process started with pid [845]
[publish_wind_direction-2] /usr/lib/python3/dist-packages/scipy/__init__.py:146: UserWarning: A NumPy version >=1.17.3 and <1.25.0 is required for this version of SciPy (detected version 1.26.4
[publish_wind_direction-2]   warnings.warn(f"A NumPy version >={np_minversion} and <{np_maxversion}"
[publish_wind_direction-2] [INFO] [1749138171.852743971] [publish_wind_direction]: Physical Ip=134.34.231.193, id=id1193
[publish_wind_direction-2] [INFO] [1749138171.892004526] [publish_wind_direction]: Subscribed to: wind_direction/id68
[publish_wind_direction-2] [INFO] [1749138171.896760286] [publish_wind_direction]: Subscribed to: wind_direction/id136
[publish_wind_direction-2] [INFO] [1749138171.900460137] [publish_wind_direction]: Subscribed to: wind_direction/id137
[publish_wind_direction-2] [INFO] [1749138171.904156341] [publish_wind_direction]: Subscribed to: wind_direction/id142
[publish_wind_direction-2] [INFO] [1749138171.907820026] [publish_wind_direction]: Subscribed to: wind_direction/id151
[publish_wind_direction-2] [INFO] [1749138171.911334508] [publish_wind_direction]: Subscribed to: wind_direction/id152
[publish_wind_direction-2] [INFO] [1749138171.914836656] [publish_wind_direction]: Subscribed to: wind_direction/id155
[publish_wind_direction-2] [INFO] [1749138171.918583915] [publish_wind_direction]: Subscribed to: wind_direction/id189
[publish_wind_direction-2] [INFO] [1749138171.922083230] [publish_wind_direction]: Subscribed to: wind_direction/id192
[publish_wind_direction-2] [INFO] [1749138171.925621323] [publish_wind_direction]: Subscribed to: wind_direction/id193
[publish_wind_direction-2] [INFO] [1749138171.929355082] [publish_wind_direction]: Subscribed to: wind_direction/id194
[publish_wind_direction-2] [INFO] [1749138171.932813952] [publish_wind_direction]: Subscribed to: wind_direction/id195
[publish_wind_direction-2] [INFO] [1749138171.936384934] [publish_wind_direction]: Subscribed to: wind_direction/id200
[publish_wind_direction-2] [INFO] [1749138171.939937211] [publish_wind_direction]: Subscribed to: wind_direction/id206
[publish_wind_direction-2] [INFO] [1749138171.943441878] [publish_wind_direction]: Subscribed to: wind_direction/id207
[publish_wind_direction-2] [INFO] [1749138171.947107563] [publish_wind_direction]: Subscribed to: wind_direction/id223
[publish_wind_direction-2] [INFO] [1749138171.950648119] [publish_wind_direction]: Subscribed to: wind_direction/id224
[publish_wind_direction-2] [INFO] [1749138171.954284730] [publish_wind_direction]: Subscribed to: wind_direction/id236
[publish_wind_direction-2] [INFO] [1749138171.957805026] [publish_wind_direction]: Subscribed to: wind_direction/id247
[random_robot_move-1] [INFO] [1749138174.639527358] [random_robot_move]: Robot Control Node started.
[publish_wind_direction-2] [INFO] [1749138176.879294171] [publish_wind_direction]: Publishing: "id1193:E"
[publish_wind_direction-2] [INFO] [1749138181.878857076] [publish_wind_direction]: Publishing: "id1193:E"
[publish_wind_direction-2] [INFO] [1749138186.880818462] [publish_wind_direction]: Publishing: "id1193:E"
[publish_wind_direction-2] [INFO] [1749138191.878755051] [publish_wind_direction]: Publishing: "id1193:E"
[publish_wind_direction-2] [INFO] [1749138196.880969937] [publish_wind_direction]: Publishing: "id1193:E"
[publish_wind_direction-2] [INFO] [1749138201.880990194] [publish_wind_direction]: Publishing: "id1193:E"
[publish_wind_direction-2] [INFO] [1749138206.883203045] [publish_wind_direction]: Publishing: "id1193:E"
[publish_wind_direction-2] [INFO] [1749138211.878610983] [publish_wind_direction]: Publishing: "id1193:E"
[publish_wind_direction-2] [INFO] [1749138216.878595139] [publish_wind_direction]: Publishing: "id1193:E"
[publish_wind_direction-2] [INFO] [1749138221.878613885] [publish_wind_direction]: Publishing: "id1193:E"
[publish_wind_direction-2] [INFO] [1749138226.878662051] [publish_wind_direction]: Publishing: "id1193:E"
[publish_wind_direction-2] [INFO] [1749138231.878589726] [publish_wind_direction]: Publishing: "id1193:E"
[publish_wind_direction-2] [INFO] [1749138236.878569991] [publish_wind_direction]: Publishing: "id1193:E"
[publish_wind_direction-2] [INFO] [1749138241.878465750] [publish_wind_direction]: Publishing: "id1193:E"
[publish_wind_direction-2] [INFO] [1749138246.878588153] [publish_wind_direction]: Publishing: "id1193:E"
[publish_wind_direction-2] [INFO] [1749138251.878554516] [publish_wind_direction]: Publishing: "id1193:E"
[publish_wind_direction-2] [INFO] [1749138256.878627300] [publish_wind_direction]: Publishing: "id1193:E"
[publish_wind_direction-2] [INFO] [1749138261.878796414] [publish_wind_direction]: Publishing: "id1193:E"
[publish_wind_direction-2] [INFO] [1749138266.878709128] [publish_wind_direction]: Publishing: "id1193:E"
[publish_wind_direction-2] [INFO] [1749138271.878995748] [publish_wind_direction]: Publishing: "id1193:E"
[publish_wind_direction-2] [INFO] [1749138276.878480089] [publish_wind_direction]: Publishing: "id1193:E"
[publish_wind_direction-2] [INFO] [1749138281.878453796] [publish_wind_direction]: Publishing: "id1193:E"
[publish_wind_direction-2] [INFO] [1749138286.878277684] [publish_wind_direction]: Publishing: "id1193:E"
[publish_wind_direction-2] [INFO] [1749138291.878561953] [publish_wind_direction]: Publishing: "id1193:E"
[publish_wind_direction-2] [INFO] [1749138296.878462463] [publish_wind_direction]: Publishing: "id1193:E"
[publish_wind_direction-2] [INFO] [1749138301.878522542] [publish_wind_direction]: Publishing: "id1193:E"
[publish_wind_direction-2] [INFO] [1749138306.878504061] [publish_wind_direction]: Publishing: "id1193:E"
[publish_wind_direction-2] [INFO] [1749138311.878366554] [publish_wind_direction]: Publishing: "id1193:E"
[publish_wind_direction-2] [INFO] [1749138316.878470581] [publish_wind_direction]: Publishing: "id1193:E"
[publish_wind_direction-2] [INFO] [1749138321.878443831] [publish_wind_direction]: Publishing: "id1193:E"
[publish_wind_direction-2] [INFO] [1749138326.878472081] [publish_wind_direction]: Publishing: "id1193:E"
[publish_wind_direction-2] [INFO] [1749138331.878447491] [publish_wind_direction]: Publishing: "id1193:E"
[publish_wind_direction-2] [INFO] [1749138336.878456861] [publish_wind_direction]: Publishing: "id1193:E"
[publish_wind_direction-2] [INFO] [1749138341.879025211] [publish_wind_direction]: Publishing: "id1193:E"
[publish_wind_direction-2] [INFO] [1749138346.878684030] [publish_wind_direction]: Publishing: "id1193:E"
[publish_wind_direction-2] [INFO] [1749138351.878764864] [publish_wind_direction]: Publishing: "id1193:E"
[publish_wind_direction-2] [INFO] [1749138356.879087234] [publish_wind_direction]: Publishing: "id1193:E"
[publish_wind_direction-2] [INFO] [1749138361.878843965] [publish_wind_direction]: Publishing: "id1193:E"
[publish_wind_direction-2] [INFO] [1749138366.878708393] [publish_wind_direction]: Publishing: "id1193:E"
[publish_wind_direction-2] [INFO] [1749138371.878885688] [publish_wind_direction]: Publishing: "id1193:E"
[publish_wind_direction-2] [INFO] [1749138376.878830490] [publish_wind_direction]: Publishing: "id1193:E"
[publish_wind_direction-2] [INFO] [1749138381.878471662] [publish_wind_direction]: Publishing: "id1193:E"
[publish_wind_direction-2] [INFO] [1749138386.878463624] [publish_wind_direction]: Publishing: "id1193:E"
[publish_wind_direction-2] [INFO] [1749138391.878267744] [publish_wind_direction]: Publishing: "id1193:E"
[publish_wind_direction-2] [INFO] [1749138396.878450001] [publish_wind_direction]: Publishing: "id1193:E"
[publish_wind_direction-2] [INFO] [1749138401.878370226] [publish_wind_direction]: Publishing: "id1193:E"
[publish_wind_direction-2] [INFO] [1749138406.878575005] [publish_wind_direction]: Publishing: "id1193:E"
[publish_wind_direction-2] [INFO] [1749138411.878460650] [publish_wind_direction]: Publishing: "id1193:E"
[publish_wind_direction-2] [INFO] [1749138416.878415629] [publish_wind_direction]: Publishing: "id1193:E"
[publish_wind_direction-2] [INFO] [1749138421.878288756] [publish_wind_direction]: Publishing: "id1193:E"
[publish_wind_direction-2] [INFO] [1749138426.878524456] [publish_wind_direction]: Publishing: "id1193:E"
[publish_wind_direction-2] [INFO] [1749138431.878539916] [publish_wind_direction]: Publishing: "id1193:E"
[publish_wind_direction-2] [INFO] [1749138436.878914889] [publish_wind_direction]: Publishing: "id1193:E"
[publish_wind_direction-2] [INFO] [1749138441.878570337] [publish_wind_direction]: Publishing: "id1193:E"
[publish_wind_direction-2] [INFO] [1749138446.878524047] [publish_wind_direction]: Publishing: "id1193:E"
[publish_wind_direction-2] [INFO] [1749138451.878695980] [publish_wind_direction]: Publishing: "id1193:E"
[publish_wind_direction-2] [INFO] [1749138456.878606901] [publish_wind_direction]: Publishing: "id1193:E"
[publish_wind_direction-2] [INFO] [1749138461.878641179] [publish_wind_direction]: Publishing: "id1193:E"
[publish_wind_direction-2] [INFO] [1749138466.878532000] [publish_wind_direction]: Publishing: "id1193:E"
[publish_wind_direction-2] [INFO] [1749138471.878653293] [publish_wind_direction]: Publishing: "id1193:E"
[publish_wind_direction-2] [INFO] [1749138476.878564389] [publish_wind_direction]: Publishing: "id1193:E"
[publish_wind_direction-2] [INFO] [1749138481.878547959] [publish_wind_direction]: Publishing: "id1193:E"
[publish_wind_direction-2] [INFO] [1749138486.878571505] [publish_wind_direction]: Publishing: "id1193:E"
[publish_wind_direction-2] [INFO] [1749138491.878513622] [publish_wind_direction]: Publishing: "id1193:E"
[publish_wind_direction-2] [INFO] [1749138496.878460019] [publish_wind_direction]: Publishing: "id1193:E"
[publish_wind_direction-2] [INFO] [1749138501.878465689] [publish_wind_direction]: Publishing: "id1193:E"
[publish_wind_direction-2] [INFO] [1749138506.878494395] [publish_wind_direction]: Publishing: "id1193:E"
[publish_wind_direction-2] [INFO] [1749138511.878741705] [publish_wind_direction]: Publishing: "id1193:E"
[publish_wind_direction-2] [INFO] [1749138516.878532081] [publish_wind_direction]: Publishing: "id1193:E"
[publish_wind_direction-2] [INFO] [1749138521.878449322] [publish_wind_direction]: Publishing: "id1193:E"
[publish_wind_direction-2] [INFO] [1749138526.878455336] [publish_wind_direction]: Publishing: "id1193:E"
[publish_wind_direction-2] [INFO] [1749138531.878662992] [publish_wind_direction]: Publishing: "id1193:E"
[publish_wind_direction-2] [INFO] [1749138536.878575610] [publish_wind_direction]: Publishing: "id1193:E"
[publish_wind_direction-2] [INFO] [1749138541.878442679] [publish_wind_direction]: Publishing: "id1193:E"
[publish_wind_direction-2] [INFO] [1749138546.878367238] [publish_wind_direction]: Publishing: "id1193:E"
[publish_wind_direction-2] [INFO] [1749138551.878490192] [publish_wind_direction]: Publishing: "id1193:E"
[publish_wind_direction-2] [INFO] [1749138556.878655868] [publish_wind_direction]: Publishing: "id1193:E"
[publish_wind_direction-2] [INFO] [1749138561.878432578] [publish_wind_direction]: Publishing: "id1193:E"
[publish_wind_direction-2] [INFO] [1749138566.878446757] [publish_wind_direction]: Publishing: "id1193:E"
[publish_wind_direction-2] [INFO] [1749138571.878437516] [publish_wind_direction]: Publishing: "id1193:E"
[publish_wind_direction-2] [INFO] [1749138576.878535276] [publish_wind_direction]: Publishing: "id1193:E"
[publish_wind_direction-2] [INFO] [1749138581.878407950] [publish_wind_direction]: Publishing: "id1193:E"
[publish_wind_direction-2] [INFO] [1749138586.878357223] [publish_wind_direction]: Publishing: "id1193:E"
[publish_wind_direction-2] [INFO] [1749138591.878966787] [publish_wind_direction]: Publishing: "id1193:E"
[publish_wind_direction-2] [INFO] [1749138596.878552318] [publish_wind_direction]: Publishing: "id1193:E"
[publish_wind_direction-2] [INFO] [1749138601.878516128] [publish_wind_direction]: Publishing: "id1193:E"
[publish_wind_direction-2] [INFO] [1749138606.878488601] [publish_wind_direction]: Publishing: "id1193:E"
[publish_wind_direction-2] [INFO] [1749138611.878536874] [publish_wind_direction]: Publishing: "id1193:E"
[publish_wind_direction-2] [INFO] [1749138616.878467904] [publish_wind_direction]: Publishing: "id1193:E"
[publish_wind_direction-2] [INFO] [1749138621.878564091] [publish_wind_direction]: Publishing: "id1193:E"
[publish_wind_direction-2] [INFO] [1749138626.878574540] [publish_wind_direction]: Publishing: "id1193:E"
[publish_wind_direction-2] [INFO] [1749138631.878589140] [publish_wind_direction]: Publishing: "id1193:E"
[publish_wind_direction-2] [INFO] [1749138636.878458275] [publish_wind_direction]: Publishing: "id1193:E"
[publish_wind_direction-2] [INFO] [1749138641.878654206] [publish_wind_direction]: Publishing: "id1193:E"
[publish_wind_direction-2] [INFO] [1749138646.878558555] [publish_wind_direction]: Publishing: "id1193:E"
[publish_wind_direction-2] [INFO] [1749138651.878646743] [publish_wind_direction]: Publishing: "id1193:E"
[publish_wind_direction-2] [INFO] [1749138656.878574466] [publish_wind_direction]: Publishing: "id1193:E"
[publish_wind_direction-2] [INFO] [1749138661.878511062] [publish_wind_direction]: Publishing: "id1193:E"
[publish_wind_direction-2] [INFO] [1749138666.878265633] [publish_wind_direction]: Publishing: "id1193:E"
[publish_wind_direction-2] [INFO] [1749138671.878444023] [publish_wind_direction]: Publishing: "id1193:E"
[publish_wind_direction-2] [INFO] [1749138676.878500529] [publish_wind_direction]: Publishing: "id1193:E"
[publish_wind_direction-2] [INFO] [1749138681.878472005] [publish_wind_direction]: Publishing: "id1193:E"
[publish_wind_direction-2] [INFO] [1749138686.878474741] [publish_wind_direction]: Publishing: "id1193:E"
[publish_wind_direction-2] [INFO] [1749138691.878470807] [publish_wind_direction]: Publishing: "id1193:E"
[publish_wind_direction-2] [INFO] [1749138696.878585685] [publish_wind_direction]: Publishing: "id1193:E"
[publish_wind_direction-2] [INFO] [1749138701.878464387] [publish_wind_direction]: Publishing: "id1193:E"
[publish_wind_direction-2] [INFO] [1749138706.878500739] [publish_wind_direction]: Publishing: "id1193:E"
[publish_wind_direction-2] [INFO] [1749138711.878569593] [publish_wind_direction]: Publishing: "id1193:E"
[publish_wind_direction-2] [INFO] [1749138716.879223607] [publish_wind_direction]: Publishing: "id1193:E"
[publish_wind_direction-2] [INFO] [1749138721.878739307] [publish_wind_direction]: Publishing: "id1193:E"
[publish_wind_direction-2] [INFO] [1749138726.878467295] [publish_wind_direction]: Publishing: "id1193:E"
[publish_wind_direction-2] [INFO] [1749138731.878256282] [publish_wind_direction]: Publishing: "id1193:E"
[publish_wind_direction-2] [INFO] [1749138736.878436204] [publish_wind_direction]: Publishing: "id1193:E"
[publish_wind_direction-2] [INFO] [1749138741.878626094] [publish_wind_direction]: Publishing: "id1193:E"
[publish_wind_direction-2] [INFO] [1749138746.878417197] [publish_wind_direction]: Publishing: "id1193:E"
[publish_wind_direction-2] [INFO] [1749138751.878858999] [publish_wind_direction]: Publishing: "id1193:E"
[publish_wind_direction-2] [INFO] [1749138756.878464637] [publish_wind_direction]: Publishing: "id1193:E"
[publish_wind_direction-2] [INFO] [1749138761.878867707] [publish_wind_direction]: Publishing: "id1193:E"
[publish_wind_direction-2] [INFO] [1749138766.878577732] [publish_wind_direction]: Publishing: "id1193:E"
[publish_wind_direction-2] [INFO] [1749138771.878539252] [publish_wind_direction]: Publishing: "id1193:E"
[publish_wind_direction-2] [INFO] [1749138776.878534456] [publish_wind_direction]: Publishing: "id1193:E"
[publish_wind_direction-2] [INFO] [1749138781.878542747] [publish_wind_direction]: Publishing: "id1193:E"
[publish_wind_direction-2] [INFO] [1749138786.878454309] [publish_wind_direction]: Publishing: "id1193:E"
[publish_wind_direction-2] [INFO] [1749138791.878589896] [publish_wind_direction]: Publishing: "id1193:E"
[publish_wind_direction-2] [INFO] [1749138796.878552629] [publish_wind_direction]: Publishing: "id1193:E"
[publish_wind_direction-2] [INFO] [1749138801.878531360] [publish_wind_direction]: Publishing: "id1193:E"
[publish_wind_direction-2] [INFO] [1749138806.878837148] [publish_wind_direction]: Publishing: "id1193:E"
[publish_wind_direction-2] [INFO] [1749138811.878508927] [publish_wind_direction]: Publishing: "id1193:E"
[publish_wind_direction-2] [INFO] [1749138816.878508269] [publish_wind_direction]: Publishing: "id1193:E"
[publish_wind_direction-2] [INFO] [1749138821.878565622] [publish_wind_direction]: Publishing: "id1193:E"
[publish_wind_direction-2] [INFO] [1749138826.878548805] [publish_wind_direction]: Publishing: "id1193:E"
[publish_wind_direction-2] [INFO] [1749138831.878551071] [publish_wind_direction]: Publishing: "id1193:E"
[publish_wind_direction-2] [INFO] [1749138836.878528487] [publish_wind_direction]: Publishing: "id1193:E"
[publish_wind_direction-2] [INFO] [1749138841.878542254] [publish_wind_direction]: Publishing: "id1193:E"
[publish_wind_direction-2] [INFO] [1749138846.878614345] [publish_wind_direction]: Publishing: "id1193:E"
[publish_wind_direction-2] [INFO] [1749138851.878533301] [publish_wind_direction]: Publishing: "id1193:E"
[publish_wind_direction-2] [INFO] [1749138856.878545966] [publish_wind_direction]: Publishing: "id1193:E"
[publish_wind_direction-2] [INFO] [1749138861.878516678] [publish_wind_direction]: Publishing: "id1193:E"
[publish_wind_direction-2] [INFO] [1749138866.878723263] [publish_wind_direction]: Publishing: "id1193:E"
[publish_wind_direction-2] [INFO] [1749138871.878507593] [publish_wind_direction]: Publishing: "id1193:E"
[publish_wind_direction-2] [INFO] [1749138876.878421693] [publish_wind_direction]: Publishing: "id1193:E"
[publish_wind_direction-2] [INFO] [1749138881.878480798] [publish_wind_direction]: Publishing: "id1193:E"
[publish_wind_direction-2] [INFO] [1749138886.878522347] [publish_wind_direction]: Publishing: "id1193:E"
[publish_wind_direction-2] [INFO] [1749138891.878430554] [publish_wind_direction]: Publishing: "id1193:E"
[publish_wind_direction-2] [INFO] [1749138896.878572374] [publish_wind_direction]: Publishing: "id1193:E"
[publish_wind_direction-2] [INFO] [1749138901.878537445] [publish_wind_direction]: Publishing: "id1193:E"
[publish_wind_direction-2] [INFO] [1749138906.878522134] [publish_wind_direction]: Publishing: "id1193:E"
[publish_wind_direction-2] [INFO] [1749138911.878584603] [publish_wind_direction]: Publishing: "id1193:E"
[publish_wind_direction-2] [INFO] [1749138916.878347704] [publish_wind_direction]: Publishing: "id1193:E"
[publish_wind_direction-2] [INFO] [1749138921.878511946] [publish_wind_direction]: Publishing: "id1193:E"
[publish_wind_direction-2] [INFO] [1749138926.878560331] [publish_wind_direction]: Publishing: "id1193:E"
[publish_wind_direction-2] [INFO] [1749138931.878503095] [publish_wind_direction]: Publishing: "id1193:E"
[publish_wind_direction-2] [INFO] [1749138936.878542688] [publish_wind_direction]: Publishing: "id1193:E"
[publish_wind_direction-2] [INFO] [1749138941.878711222] [publish_wind_direction]: Publishing: "id1193:E"
[publish_wind_direction-2] [INFO] [1749138946.878438900] [publish_wind_direction]: Publishing: "id1193:E"
[publish_wind_direction-2] [INFO] [1749138951.878604590] [publish_wind_direction]: Publishing: "id1193:E"
[publish_wind_direction-2] [INFO] [1749138956.878529314] [publish_wind_direction]: Publishing: "id1193:E"
[publish_wind_direction-2] [INFO] [1749138961.878525169] [publish_wind_direction]: Publishing: "id1193:E"
[publish_wind_direction-2] [INFO] [1749138966.879280957] [publish_wind_direction]: Publishing: "id1193:E"
[publish_wind_direction-2] [INFO] [1749138971.878641459] [publish_wind_direction]: Publishing: "id1193:E"
[publish_wind_direction-2] [INFO] [1749138976.878363842] [publish_wind_direction]: Publishing: "id1193:E"
[publish_wind_direction-2] [INFO] [1749138981.878646913] [publish_wind_direction]: Publishing: "id1193:E"
[publish_wind_direction-2] [INFO] [1749138986.878513938] [publish_wind_direction]: Publishing: "id1193:E"
[publish_wind_direction-2] [INFO] [1749138991.878660018] [publish_wind_direction]: Publishing: "id1193:E"
[publish_wind_direction-2] [INFO] [1749138996.878610600] [publish_wind_direction]: Publishing: "id1193:E"
[publish_wind_direction-2] [INFO] [1749139001.878434163] [publish_wind_direction]: Publishing: "id1193:E"
[publish_wind_direction-2] [INFO] [1749139006.878818260] [publish_wind_direction]: Publishing: "id1193:E"
[publish_wind_direction-2] [INFO] [1749139011.878699720] [publish_wind_direction]: Publishing: "id1193:E"
[publish_wind_direction-2] [INFO] [1749139016.878527232] [publish_wind_direction]: Publishing: "id1193:E"
[publish_wind_direction-2] [INFO] [1749139021.878523340] [publish_wind_direction]: Publishing: "id1193:E"
[publish_wind_direction-2] [INFO] [1749139026.879041915] [publish_wind_direction]: Publishing: "id1193:E"
[publish_wind_direction-2] [INFO] [1749139031.878888993] [publish_wind_direction]: Publishing: "id1193:E"
[publish_wind_direction-2] [INFO] [1749139036.878543054] [publish_wind_direction]: Publishing: "id1193:E"
[publish_wind_direction-2] [INFO] [1749139041.878547002] [publish_wind_direction]: Publishing: "id1193:E"
[publish_wind_direction-2] [INFO] [1749139046.878536339] [publish_wind_direction]: Publishing: "id1193:E"
[publish_wind_direction-2] [INFO] [1749139051.878699434] [publish_wind_direction]: Publishing: "id1193:E"
[publish_wind_direction-2] [INFO] [1749139056.878534632] [publish_wind_direction]: Publishing: "id1193:E"
[publish_wind_direction-2] [INFO] [1749139061.878908510] [publish_wind_direction]: Publishing: "id1193:E"
[publish_wind_direction-2] [INFO] [1749139066.878536791] [publish_wind_direction]: Publishing: "id1193:E"
[publish_wind_direction-2] [INFO] [1749139071.878526044] [publish_wind_direction]: Publishing: "id1193:E"
[publish_wind_direction-2] [INFO] [1749139076.878948008] [publish_wind_direction]: Raising exception
[publish_wind_direction-2] [INFO] [1749139076.882351565] [publish_wind_direction]: Publisher stopping, exception
[INFO] [publish_wind_direction-2]: process has finished cleanly [pid 845]
[random_robot_move-1] [INFO] [1749139092.037644444] [random_robot_move]: Exception, shutting down
