1749838328.3436325 [INFO] [launch]: All log files can be found below /home/thymio/ros_logs/2025-06-13-18-12-08-340334-thymio-5807
1749838328.3442600 [INFO] [launch]: Default logging verbosity is set to INFO
1749838328.5939438 [INFO] [service_vicon_node-1]: process started with pid [5808]
1749838328.5951447 [INFO] [service_neighbours_opinions-2]: process started with pid [5810]
1749838328.5961604 [INFO] [random_robot_move-3]: process started with pid [5812]
1749838328.5970147 [INFO] [publish_wind_direction-4]: process started with pid [5814]
1749838330.6382408 [service_neighbours_opinions-2] [INFO] [1749838330.637240054] [service_neighbours_opinions]: Physical Ip=192.168.4.72, id=id72
1749838330.6440907 [service_neighbours_opinions-2] [INFO] [1749838330.643121499] [service_neighbours_opinions]: Updated ID from mapping: id136
1749838330.6608388 [service_neighbours_opinions-2] [INFO] [1749838330.660114629] [service_neighbours_opinions]: Subscribed to: wind_direction/id68
1749838330.6677094 [service_neighbours_opinions-2] [INFO] [1749838330.667006240] [service_neighbours_opinions]: Subscribed to: wind_direction/id137
1749838330.6744654 [service_neighbours_opinions-2] [INFO] [1749838330.673789369] [service_neighbours_opinions]: Subscribed to: wind_direction/id142
1749838330.6812494 [service_neighbours_opinions-2] [INFO] [1749838330.680536721] [service_neighbours_opinions]: Subscribed to: wind_direction/id151
1749838330.6881351 [service_neighbours_opinions-2] [INFO] [1749838330.687438925] [service_neighbours_opinions]: Subscribed to: wind_direction/id152
1749838330.7106621 [service_neighbours_opinions-2] [INFO] [1749838330.696070110] [service_neighbours_opinions]: Subscribed to: wind_direction/id155
1749838330.7113543 [service_neighbours_opinions-2] [INFO] [1749838330.702385517] [service_neighbours_opinions]: Subscribed to: wind_direction/id189
1749838330.7122629 [service_neighbours_opinions-2] [INFO] [1749838330.708419832] [service_neighbours_opinions]: Subscribed to: wind_direction/id192
1749838330.7138751 [service_vicon_node-1] [INFO] [1749838330.712524666] [service_vicon_node]: Physical Ip=192.168.4.72, id=id72
1749838330.7164884 [service_vicon_node-1] [INFO] [1749838330.715754851] [service_vicon_node]: Updated ID from mapping: id136
1749838330.7272654 [service_vicon_node-1] [INFO] [1749838330.726515554] [service_vicon_node]: Subscribed to: vicon/default/data
1749838330.7766354 [service_neighbours_opinions-2] [INFO] [1749838330.776021073] [service_neighbours_opinions]: Subscribed to: wind_direction/id193
1749838330.7852497 [service_neighbours_opinions-2] [INFO] [1749838330.784504740] [service_neighbours_opinions]: Subscribed to: wind_direction/id194
1749838330.7901020 [publish_wind_direction-4] /usr/lib/python3/dist-packages/scipy/__init__.py:146: UserWarning: A NumPy version >=1.17.3 and <1.25.0 is required for this version of SciPy (detected version 1.26.4
1749838330.7931068 [publish_wind_direction-4]   warnings.warn(f"A NumPy version >={np_minversion} and <{np_maxversion}"
1749838330.7947340 [service_neighbours_opinions-2] [INFO] [1749838330.790717536] [service_neighbours_opinions]: Subscribed to: wind_direction/id195
1749838330.7992055 [service_neighbours_opinions-2] [INFO] [1749838330.798502128] [service_neighbours_opinions]: Subscribed to: wind_direction/id200
1749838330.8088105 [service_neighbours_opinions-2] [INFO] [1749838330.808054073] [service_neighbours_opinions]: Subscribed to: wind_direction/id206
1749838330.8166707 [service_neighbours_opinions-2] [INFO] [1749838330.815921240] [service_neighbours_opinions]: Subscribed to: wind_direction/id207
1749838330.8232419 [service_neighbours_opinions-2] [INFO] [1749838330.822511702] [service_neighbours_opinions]: Subscribed to: wind_direction/id223
1749838330.8293467 [service_neighbours_opinions-2] [INFO] [1749838330.828652480] [service_neighbours_opinions]: Subscribed to: wind_direction/id224
1749838330.8356235 [service_neighbours_opinions-2] [INFO] [1749838330.834754647] [service_neighbours_opinions]: Subscribed to: wind_direction/id236
1749838330.8521037 [service_neighbours_opinions-2] [INFO] [1749838330.851348906] [service_neighbours_opinions]: Subscribed to: wind_direction/id247
1749838330.8594384 [service_neighbours_opinions-2] [INFO] [1749838330.858724165] [service_neighbours_opinions]: Subscribed to: wind_direction/id1193
1749838331.3587978 [publish_wind_direction-4] [INFO] [1749838331.358162813] [publish_wind_direction]: Physical Ip=192.168.4.72, id=id72
1749838331.3632841 [publish_wind_direction-4] [INFO] [1749838331.362678906] [publish_wind_direction]: Updated ID from mapping: id136
1749838331.3725586 [publish_wind_direction-4] [INFO] [1749838331.372000313] [publish_wind_direction]: Publsihing on: wind_direction/id136
1749838338.4298236 [random_robot_move-3] [INFO] [1749838338.429130902] [random_robot_move]: Robot Control Node started.
1749838356.4362328 [publish_wind_direction-4] [ERROR] [1749838356.435293261] [publish_wind_direction]: get_pose_data service not available!
1749838365.5954437 [service_vicon_node-1] [INFO] [1749838365.594667534] [service_vicon_node]: Frame_no: 374031
1749838376.1631665 [service_vicon_node-1] [INFO] [1749838376.161622805] [service_vicon_node]: Frame_no: 374315
1749838384.2023847 [service_neighbours_opinions-2] [INFO] [1749838384.201627430] [service_neighbours_opinions]: All opinions size= 6
1749838384.2070053 [publish_wind_direction-4] [INFO] [1749838384.206119837] [publish_wind_direction]: ### Informed ###
1749838384.2107975 [publish_wind_direction-4] [INFO] [1749838384.209991874] [publish_wind_direction]: Publishing: id136:W
1749838384.2134399 [publish_wind_direction-4] [INFO] [1749838384.212834745] [publish_wind_direction]: ------------------
1749838387.9561391 [service_vicon_node-1] [INFO] [1749838387.955399965] [service_vicon_node]: Frame_no: 374581
1749838389.3686454 [service_neighbours_opinions-2] [INFO] [1749838389.368024964] [service_neighbours_opinions]: All opinions size= 7
1749838389.3740537 [publish_wind_direction-4] [INFO] [1749838389.373429075] [publish_wind_direction]: ### Informed ###
1749838389.3777211 [publish_wind_direction-4] [INFO] [1749838389.377121242] [publish_wind_direction]: Publishing: id136:E
1749838389.3812490 [publish_wind_direction-4] [INFO] [1749838389.380088686] [publish_wind_direction]: ------------------
1749838393.7579489 [service_neighbours_opinions-2] [INFO] [1749838393.757181980] [service_neighbours_opinions]: All opinions size= 7
1749838393.7671206 [publish_wind_direction-4] [INFO] [1749838393.766410758] [publish_wind_direction]: ### Informed ###
1749838393.7718458 [publish_wind_direction-4] [INFO] [1749838393.770455665] [publish_wind_direction]: Publishing: id136:N
1749838393.7743139 [publish_wind_direction-4] [INFO] [1749838393.773540332] [publish_wind_direction]: ------------------
1749838398.7338490 [service_neighbours_opinions-2] [INFO] [1749838398.733101903] [service_neighbours_opinions]: All opinions size= 7
1749838398.7382638 [publish_wind_direction-4] [INFO] [1749838398.737673551] [publish_wind_direction]: ### Informed ###
1749838398.7417336 [publish_wind_direction-4] [INFO] [1749838398.741186384] [publish_wind_direction]: Publishing: id136:W
1749838398.7443762 [publish_wind_direction-4] [INFO] [1749838398.743795403] [publish_wind_direction]: ------------------
1749838400.5974281 [service_vicon_node-1] [INFO] [1749838400.596730179] [service_vicon_node]: Frame_no: 374754
1749838403.6947060 [service_neighbours_opinions-2] [INFO] [1749838403.691217678] [service_neighbours_opinions]: All opinions size= 10
1749838403.6976080 [publish_wind_direction-4] [INFO] [1749838403.697034178] [publish_wind_direction]: ### Informed ###
1749838403.7041745 [publish_wind_direction-4] [INFO] [1749838403.701094455] [publish_wind_direction]: Publishing: id136:W
1749838403.7060485 [publish_wind_direction-4] [INFO] [1749838403.704587900] [publish_wind_direction]: ------------------
1749838408.7072282 [service_neighbours_opinions-2] [INFO] [1749838408.706452119] [service_neighbours_opinions]: All opinions size= 12
1749838408.7179029 [publish_wind_direction-4] [INFO] [1749838408.716789341] [publish_wind_direction]: ### Informed ###
1749838408.7260072 [publish_wind_direction-4] [INFO] [1749838408.725114619] [publish_wind_direction]: Publishing: id136:S
1749838408.7301080 [publish_wind_direction-4] [INFO] [1749838408.729405026] [publish_wind_direction]: ------------------
1749838411.4244919 [service_vicon_node-1] [INFO] [1749838411.423700451] [service_vicon_node]: Frame_no: 375329
1749838420.4704885 [service_neighbours_opinions-2] [INFO] [1749838420.469794538] [service_neighbours_opinions]: All opinions size= 16
1749838422.3983579 [service_vicon_node-1] [INFO] [1749838422.397620111] [service_vicon_node]: Frame_no: 375730
1749838423.0309100 [service_neighbours_opinions-2] [INFO] [1749838423.030220425] [service_neighbours_opinions]: All opinions size= 16
1749838423.0330453 [publish_wind_direction-4] [INFO] [1749838423.032372314] [publish_wind_direction]: ### Informed ###
1749838423.0366812 [publish_wind_direction-4] [INFO] [1749838423.036097759] [publish_wind_direction]: Publishing: id136:W
1749838423.0394080 [publish_wind_direction-4] [INFO] [1749838423.038801481] [publish_wind_direction]: ------------------
1749838423.0436954 [publish_wind_direction-4] [INFO] [1749838423.043127073] [publish_wind_direction]: ### Informed ###
1749838423.0471220 [publish_wind_direction-4] [INFO] [1749838423.046531888] [publish_wind_direction]: Publishing: id136:W
1749838423.0496254 [publish_wind_direction-4] [INFO] [1749838423.049072296] [publish_wind_direction]: ------------------
1749838425.4101553 [service_neighbours_opinions-2] [INFO] [1749838425.409442331] [service_neighbours_opinions]: All opinions size= 17
1749838425.4155457 [publish_wind_direction-4] [INFO] [1749838425.414778905] [publish_wind_direction]: ### Informed ###
1749838425.4218833 [publish_wind_direction-4] [INFO] [1749838425.420818646] [publish_wind_direction]: Publishing: id136:W
1749838425.4267435 [publish_wind_direction-4] [INFO] [1749838425.426062461] [publish_wind_direction]: ------------------
1749838428.8221583 [service_neighbours_opinions-2] [INFO] [1749838428.821454459] [service_neighbours_opinions]: All opinions size= 17
1749838428.8265228 [publish_wind_direction-4] [INFO] [1749838428.825896144] [publish_wind_direction]: ### Informed ###
1749838428.8300474 [publish_wind_direction-4] [INFO] [1749838428.829455255] [publish_wind_direction]: Publishing: id136:S
1749838428.8328903 [publish_wind_direction-4] [INFO] [1749838428.832337107] [publish_wind_direction]: ------------------
1749838433.2727926 [service_vicon_node-1] [INFO] [1749838433.272059845] [service_vicon_node]: Frame_no: 376058
1749838433.8607895 [service_neighbours_opinions-2] [INFO] [1749838433.860094845] [service_neighbours_opinions]: All opinions size= 19
1749838433.8650715 [publish_wind_direction-4] [INFO] [1749838433.864380937] [publish_wind_direction]: ### Informed ###
1749838433.8685989 [publish_wind_direction-4] [INFO] [1749838433.868023400] [publish_wind_direction]: Publishing: id136:E
1749838433.8712428 [publish_wind_direction-4] [INFO] [1749838433.870643715] [publish_wind_direction]: ------------------
1749838438.9053588 [service_neighbours_opinions-2] [INFO] [1749838438.904641657] [service_neighbours_opinions]: All opinions size= 19
1749838438.9094789 [publish_wind_direction-4] [INFO] [1749838438.908870027] [publish_wind_direction]: ### Informed ###
1749838438.9129875 [publish_wind_direction-4] [INFO] [1749838438.912434027] [publish_wind_direction]: Publishing: id136:W
1749838438.9159639 [publish_wind_direction-4] [INFO] [1749838438.915324768] [publish_wind_direction]: ------------------
1749838443.5570285 [service_vicon_node-1] [INFO] [1749838443.555160691] [service_vicon_node]: Frame_no: 376370
1749838443.6651289 [service_neighbours_opinions-2] [INFO] [1749838443.664381228] [service_neighbours_opinions]: All opinions size= 19
1749838443.6706941 [publish_wind_direction-4] [INFO] [1749838443.669714246] [publish_wind_direction]: ### Informed ###
1749838443.6741924 [publish_wind_direction-4] [INFO] [1749838443.673435950] [publish_wind_direction]: Publishing: id136:N
1749838443.6767724 [publish_wind_direction-4] [INFO] [1749838443.676046987] [publish_wind_direction]: ------------------
1749838448.6890693 [service_neighbours_opinions-2] [INFO] [1749838448.688414373] [service_neighbours_opinions]: All opinions size= 19
1749838448.6935456 [publish_wind_direction-4] [INFO] [1749838448.692896780] [publish_wind_direction]: ### Informed ###
1749838448.6974154 [publish_wind_direction-4] [INFO] [1749838448.696575873] [publish_wind_direction]: Publishing: id136:N
1749838448.7002099 [publish_wind_direction-4] [INFO] [1749838448.699359188] [publish_wind_direction]: ------------------
1749838453.7496364 [service_vicon_node-1] [INFO] [1749838453.748821611] [service_vicon_node]: Frame_no: 376675
1749838453.8414111 [service_neighbours_opinions-2] [INFO] [1749838453.840682277] [service_neighbours_opinions]: All opinions size= 19
1749838453.8460281 [publish_wind_direction-4] [INFO] [1749838453.845397500] [publish_wind_direction]: ### Informed ###
1749838453.8524272 [publish_wind_direction-4] [INFO] [1749838453.851489481] [publish_wind_direction]: Publishing: id136:S
1749838453.8552783 [publish_wind_direction-4] [INFO] [1749838453.854579907] [publish_wind_direction]: ------------------
1749838458.7767951 [service_neighbours_opinions-2] [INFO] [1749838458.776087256] [service_neighbours_opinions]: All opinions size= 19
1749838458.7810175 [publish_wind_direction-4] [INFO] [1749838458.780353237] [publish_wind_direction]: ### Informed ###
1749838458.7844617 [publish_wind_direction-4] [INFO] [1749838458.783906923] [publish_wind_direction]: Publishing: id136:S
1749838458.7872207 [publish_wind_direction-4] [INFO] [1749838458.786587404] [publish_wind_direction]: ------------------
1749838463.7620008 [service_neighbours_opinions-2] [INFO] [1749838463.761278679] [service_neighbours_opinions]: All opinions size= 19
1749838463.7668016 [publish_wind_direction-4] [INFO] [1749838463.766166012] [publish_wind_direction]: ### Informed ###
1749838463.7704799 [publish_wind_direction-4] [INFO] [1749838463.769886660] [publish_wind_direction]: Publishing: id136:N
1749838463.7730515 [publish_wind_direction-4] [INFO] [1749838463.772495364] [publish_wind_direction]: ------------------
1749838463.8903477 [service_vicon_node-1] [INFO] [1749838463.889567012] [service_vicon_node]: Frame_no: 376980
1749838468.7953501 [service_neighbours_opinions-2] [INFO] [1749838468.794541509] [service_neighbours_opinions]: All opinions size= 19
1749838468.7996352 [publish_wind_direction-4] [INFO] [1749838468.798982250] [publish_wind_direction]: ### Informed ###
1749838468.8034055 [publish_wind_direction-4] [INFO] [1749838468.802757009] [publish_wind_direction]: Publishing: id136:N
1749838468.8062806 [publish_wind_direction-4] [INFO] [1749838468.805722898] [publish_wind_direction]: ------------------
1749838473.6565049 [service_neighbours_opinions-2] [INFO] [1749838473.655779117] [service_neighbours_opinions]: All opinions size= 19
1749838473.6605647 [publish_wind_direction-4] [INFO] [1749838473.659940099] [publish_wind_direction]: ### Informed ###
1749838473.6641076 [publish_wind_direction-4] [INFO] [1749838473.663480673] [publish_wind_direction]: Publishing: id136:N
1749838473.6669261 [publish_wind_direction-4] [INFO] [1749838473.666334099] [publish_wind_direction]: ------------------
1749838474.0237777 [service_vicon_node-1] [INFO] [1749838474.023033191] [service_vicon_node]: Frame_no: 377284
1749838478.7461350 [service_neighbours_opinions-2] [INFO] [1749838478.745402392] [service_neighbours_opinions]: All opinions size= 19
1749838478.7506266 [publish_wind_direction-4] [INFO] [1749838478.749922855] [publish_wind_direction]: ### Informed ###
1749838478.7541897 [publish_wind_direction-4] [INFO] [1749838478.753635762] [publish_wind_direction]: Publishing: id136:S
1749838478.7568161 [publish_wind_direction-4] [INFO] [1749838478.756253707] [publish_wind_direction]: ------------------
1749838483.6845315 [service_neighbours_opinions-2] [INFO] [1749838483.683445445] [service_neighbours_opinions]: All opinions size= 19
1749838483.6913025 [publish_wind_direction-4] [INFO] [1749838483.690319093] [publish_wind_direction]: ### Informed ###
1749838483.6950986 [publish_wind_direction-4] [INFO] [1749838483.694213537] [publish_wind_direction]: Publishing: id136:N
1749838483.6980622 [publish_wind_direction-4] [INFO] [1749838483.697248371] [publish_wind_direction]: ------------------
1749838484.1575651 [service_vicon_node-1] [INFO] [1749838484.156840389] [service_vicon_node]: Frame_no: 377588
1749838488.7852249 [service_neighbours_opinions-2] [INFO] [1749838488.784491460] [service_neighbours_opinions]: All opinions size= 19
1749838488.7917583 [publish_wind_direction-4] [INFO] [1749838488.790262812] [publish_wind_direction]: ### Informed ###
1749838488.7947843 [publish_wind_direction-4] [INFO] [1749838488.794029756] [publish_wind_direction]: Publishing: id136:S
1749838488.7977054 [publish_wind_direction-4] [INFO] [1749838488.796673868] [publish_wind_direction]: ------------------
1749838493.6748819 [service_neighbours_opinions-2] [INFO] [1749838493.674164994] [service_neighbours_opinions]: All opinions size= 19
1749838493.6787760 [publish_wind_direction-4] [INFO] [1749838493.678094902] [publish_wind_direction]: ### Informed ###
1749838493.6826031 [publish_wind_direction-4] [INFO] [1749838493.681994698] [publish_wind_direction]: Publishing: id136:S
1749838493.6856403 [publish_wind_direction-4] [INFO] [1749838493.685031735] [publish_wind_direction]: ------------------
1749838494.2882664 [service_vicon_node-1] [INFO] [1749838494.287549587] [service_vicon_node]: Frame_no: 377892
1749838498.7646356 [service_neighbours_opinions-2] [INFO] [1749838498.763964139] [service_neighbours_opinions]: All opinions size= 19
1749838498.7692056 [publish_wind_direction-4] [INFO] [1749838498.768527139] [publish_wind_direction]: ### Informed ###
1749838498.7729208 [publish_wind_direction-4] [INFO] [1749838498.772324510] [publish_wind_direction]: Publishing: id136:S
1749838498.7754719 [publish_wind_direction-4] [INFO] [1749838498.774865325] [publish_wind_direction]: ------------------
1749838503.7103868 [service_neighbours_opinions-2] [INFO] [1749838503.709668081] [service_neighbours_opinions]: All opinions size= 19
1749838503.7156875 [publish_wind_direction-4] [INFO] [1749838503.714993859] [publish_wind_direction]: ### Informed ###
1749838503.7219090 [publish_wind_direction-4] [INFO] [1749838503.721243340] [publish_wind_direction]: Publishing: id136:W
1749838503.7248647 [publish_wind_direction-4] [INFO] [1749838503.724279174] [publish_wind_direction]: ------------------
1749838504.5540857 [service_vicon_node-1] [INFO] [1749838504.553329599] [service_vicon_node]: Frame_no: 378200
1749838508.7087061 [service_neighbours_opinions-2] [INFO] [1749838508.707982374] [service_neighbours_opinions]: All opinions size= 19
1749838508.7157142 [publish_wind_direction-4] [INFO] [1749838508.715031133] [publish_wind_direction]: ### Informed ###
1749838508.7216291 [publish_wind_direction-4] [INFO] [1749838508.721045522] [publish_wind_direction]: Publishing: id136:N
1749838508.7254765 [publish_wind_direction-4] [INFO] [1749838508.724902485] [publish_wind_direction]: ------------------
1749838513.7417228 [service_neighbours_opinions-2] [INFO] [1749838513.740980316] [service_neighbours_opinions]: All opinions size= 19
1749838513.7469120 [publish_wind_direction-4] [INFO] [1749838513.746317964] [publish_wind_direction]: ### Informed ###
1749838513.7523539 [publish_wind_direction-4] [INFO] [1749838513.751759001] [publish_wind_direction]: Publishing: id136:N
1749838513.7569654 [publish_wind_direction-4] [INFO] [1749838513.756187871] [publish_wind_direction]: ------------------
1749838514.7261338 [service_vicon_node-1] [INFO] [1749838514.725391037] [service_vicon_node]: Frame_no: 378505
1749838518.7039506 [service_neighbours_opinions-2] [INFO] [1749838518.703165053] [service_neighbours_opinions]: All opinions size= 19
1749838518.7094433 [publish_wind_direction-4] [INFO] [1749838518.708748146] [publish_wind_direction]: ### Informed ###
1749838518.7132580 [publish_wind_direction-4] [INFO] [1749838518.712642794] [publish_wind_direction]: Publishing: id136:N
1749838518.7160776 [publish_wind_direction-4] [INFO] [1749838518.715498646] [publish_wind_direction]: ------------------
1749838523.8603733 [service_neighbours_opinions-2] [INFO] [1749838523.859649162] [service_neighbours_opinions]: All opinions size= 19
1749838523.8646040 [publish_wind_direction-4] [INFO] [1749838523.863883328] [publish_wind_direction]: ### Informed ###
1749838523.8681014 [publish_wind_direction-4] [INFO] [1749838523.867522513] [publish_wind_direction]: Publishing: id136:N
1749838523.8707192 [publish_wind_direction-4] [INFO] [1749838523.870162310] [publish_wind_direction]: ------------------
1749838524.8548567 [service_vicon_node-1] [INFO] [1749838524.854109087] [service_vicon_node]: Frame_no: 378809
1749838535.0629067 [service_vicon_node-1] [INFO] [1749838535.062008710] [service_vicon_node]: Frame_no: 379115
1749838535.4060163 [service_neighbours_opinions-2] [INFO] [1749838535.405271432] [service_neighbours_opinions]: All opinions size= 19
1749838544.6638484 [publish_wind_direction-4] [INFO] [1749838544.663137149] [publish_wind_direction]: ### Informed ###
1749838544.6657584 [service_neighbours_opinions-2] [INFO] [1749838544.664103186] [service_neighbours_opinions]: All opinions size= 19
1749838544.6678526 [publish_wind_direction-4] [INFO] [1749838544.667216260] [publish_wind_direction]: Publishing: id136:E
1749838544.6704521 [publish_wind_direction-4] [INFO] [1749838544.669913760] [publish_wind_direction]: ------------------
1749838544.6750152 [publish_wind_direction-4] [INFO] [1749838544.674418594] [publish_wind_direction]: ### Informed ###
1749838544.6819406 [publish_wind_direction-4] [INFO] [1749838544.678071538] [publish_wind_direction]: Publishing: id136:E
1749838544.6824498 [publish_wind_direction-4] [INFO] [1749838544.680615353] [publish_wind_direction]: ------------------
1749838545.2219443 [service_vicon_node-1] [INFO] [1749838545.221185001] [service_vicon_node]: Frame_no: 379420
1749838547.0148489 [service_neighbours_opinions-2] [INFO] [1749838547.014109703] [service_neighbours_opinions]: All opinions size= 19
1749838549.4115276 [service_neighbours_opinions-2] [INFO] [1749838549.410852868] [service_neighbours_opinions]: All opinions size= 19
1749838549.4140790 [publish_wind_direction-4] [INFO] [1749838549.413431424] [publish_wind_direction]: ### Informed ###
1749838549.4205883 [publish_wind_direction-4] [INFO] [1749838549.419944498] [publish_wind_direction]: Publishing: id136:E
1749838549.4243193 [publish_wind_direction-4] [INFO] [1749838549.423738609] [publish_wind_direction]: ------------------
1749838549.4297829 [publish_wind_direction-4] [INFO] [1749838549.429198591] [publish_wind_direction]: ### Informed ###
1749838549.4351881 [publish_wind_direction-4] [INFO] [1749838549.434567572] [publish_wind_direction]: Publishing: id136:N
1749838549.4388723 [publish_wind_direction-4] [INFO] [1749838549.438077017] [publish_wind_direction]: ------------------
1749838553.7077916 [service_neighbours_opinions-2] [INFO] [1749838553.706668292] [service_neighbours_opinions]: All opinions size= 19
1749838553.7120798 [publish_wind_direction-4] [INFO] [1749838553.711353514] [publish_wind_direction]: ### Informed ###
1749838553.7161608 [publish_wind_direction-4] [INFO] [1749838553.715507903] [publish_wind_direction]: Publishing: id136:S
1749838553.7191622 [publish_wind_direction-4] [INFO] [1749838553.718559459] [publish_wind_direction]: ------------------
1749838555.4169977 [service_vicon_node-1] [INFO] [1749838555.416265180] [service_vicon_node]: Frame_no: 379726
1749838558.7136104 [service_neighbours_opinions-2] [INFO] [1749838558.712888863] [service_neighbours_opinions]: All opinions size= 19
1749838558.7190871 [publish_wind_direction-4] [INFO] [1749838558.718392900] [publish_wind_direction]: ### Informed ###
1749838558.7227249 [publish_wind_direction-4] [INFO] [1749838558.722154807] [publish_wind_direction]: Publishing: id136:S
1749838558.7257535 [publish_wind_direction-4] [INFO] [1749838558.725163141] [publish_wind_direction]: ------------------
1749838563.6894629 [service_neighbours_opinions-2] [INFO] [1749838563.688726619] [service_neighbours_opinions]: All opinions size= 19
1749838563.6935291 [publish_wind_direction-4] [INFO] [1749838563.692929286] [publish_wind_direction]: ### Informed ###
1749838563.6972768 [publish_wind_direction-4] [INFO] [1749838563.696711823] [publish_wind_direction]: Publishing: id136:S
1749838563.7001326 [publish_wind_direction-4] [INFO] [1749838563.699549341] [publish_wind_direction]: ------------------
1749838565.5213163 [service_vicon_node-1] [INFO] [1749838565.520581544] [service_vicon_node]: Frame_no: 380029
1749838568.7417057 [service_neighbours_opinions-2] [INFO] [1749838568.741012320] [service_neighbours_opinions]: All opinions size= 19
1749838568.7462838 [publish_wind_direction-4] [INFO] [1749838568.745614190] [publish_wind_direction]: ### Informed ###
1749838568.7503009 [publish_wind_direction-4] [INFO] [1749838568.749687561] [publish_wind_direction]: Publishing: id136:W
1749838568.7532544 [publish_wind_direction-4] [INFO] [1749838568.752703450] [publish_wind_direction]: ------------------
1749838573.7077243 [service_neighbours_opinions-2] [INFO] [1749838573.707029021] [service_neighbours_opinions]: All opinions size= 19
1749838573.7119026 [publish_wind_direction-4] [INFO] [1749838573.711269798] [publish_wind_direction]: ### Informed ###
1749838573.7156322 [publish_wind_direction-4] [INFO] [1749838573.714922373] [publish_wind_direction]: Publishing: id136:N
1749838573.7184880 [publish_wind_direction-4] [INFO] [1749838573.717848613] [publish_wind_direction]: ------------------
1749838575.6897030 [service_vicon_node-1] [INFO] [1749838575.688966538] [service_vicon_node]: Frame_no: 380334
1749838578.6694281 [service_neighbours_opinions-2] [INFO] [1749838578.668709721] [service_neighbours_opinions]: All opinions size= 19
1749838578.6733942 [publish_wind_direction-4] [INFO] [1749838578.672782481] [publish_wind_direction]: ### Informed ###
1749838578.6770072 [publish_wind_direction-4] [INFO] [1749838578.676442092] [publish_wind_direction]: Publishing: id136:N
1749838578.6797578 [publish_wind_direction-4] [INFO] [1749838578.679131962] [publish_wind_direction]: ------------------
1749838583.7072949 [service_neighbours_opinions-2] [INFO] [1749838583.706319867] [service_neighbours_opinions]: All opinions size= 19
1749838583.7118075 [publish_wind_direction-4] [INFO] [1749838583.711155570] [publish_wind_direction]: ### Informed ###
1749838583.7177923 [publish_wind_direction-4] [INFO] [1749838583.716898885] [publish_wind_direction]: Publishing: id136:N
1749838583.7207155 [publish_wind_direction-4] [INFO] [1749838583.719959515] [publish_wind_direction]: ------------------
1749838585.8522589 [service_vicon_node-1] [INFO] [1749838585.851457939] [service_vicon_node]: Frame_no: 380639
1749838588.7657185 [service_neighbours_opinions-2] [INFO] [1749838588.764928104] [service_neighbours_opinions]: All opinions size= 19
1749838588.7705147 [publish_wind_direction-4] [INFO] [1749838588.769845789] [publish_wind_direction]: ### Informed ###
1749838588.7759919 [publish_wind_direction-4] [INFO] [1749838588.775415734] [publish_wind_direction]: Publishing: id136:N
1749838588.7797704 [publish_wind_direction-4] [INFO] [1749838588.779228438] [publish_wind_direction]: ------------------
1749838593.6026201 [service_neighbours_opinions-2] [INFO] [1749838593.601909472] [service_neighbours_opinions]: All opinions size= 19
1749838593.6075237 [publish_wind_direction-4] [INFO] [1749838593.606848305] [publish_wind_direction]: ### Informed ###
1749838593.6113882 [publish_wind_direction-4] [INFO] [1749838593.610775713] [publish_wind_direction]: Publishing: id136:N
1749838593.6144731 [publish_wind_direction-4] [INFO] [1749838593.613873138] [publish_wind_direction]: ------------------
1749838596.0512121 [service_vicon_node-1] [INFO] [1749838596.050450804] [service_vicon_node]: Frame_no: 380945
1749838598.8451345 [service_neighbours_opinions-2] [INFO] [1749838598.844398283] [service_neighbours_opinions]: All opinions size= 19
1749838598.8497241 [publish_wind_direction-4] [INFO] [1749838598.849001617] [publish_wind_direction]: ### Informed ###
1749838598.8534129 [publish_wind_direction-4] [INFO] [1749838598.852859654] [publish_wind_direction]: Publishing: id136:N
1749838598.8562615 [publish_wind_direction-4] [INFO] [1749838598.855712598] [publish_wind_direction]: ------------------
1749838603.6938365 [service_neighbours_opinions-2] [INFO] [1749838603.693162058] [service_neighbours_opinions]: All opinions size= 19
1749838603.6983202 [publish_wind_direction-4] [INFO] [1749838603.697389910] [publish_wind_direction]: ### Informed ###
1749838603.7015982 [publish_wind_direction-4] [INFO] [1749838603.701068818] [publish_wind_direction]: Publishing: id136:W
1749838603.7043266 [publish_wind_direction-4] [INFO] [1749838603.703783577] [publish_wind_direction]: ------------------
1749838606.2163320 [service_vicon_node-1] [INFO] [1749838606.215616409] [service_vicon_node]: Frame_no: 381250
1749838608.7027736 [service_neighbours_opinions-2] [INFO] [1749838608.701753648] [service_neighbours_opinions]: All opinions size= 19
1749838608.7068107 [publish_wind_direction-4] [INFO] [1749838608.705969037] [publish_wind_direction]: ### Informed ###
1749838608.7104661 [publish_wind_direction-4] [INFO] [1749838608.709685463] [publish_wind_direction]: Publishing: id136:W
1749838608.7132878 [publish_wind_direction-4] [INFO] [1749838608.712519352] [publish_wind_direction]: ------------------
1749838615.7064583 [service_neighbours_opinions-2] [INFO] [1749838615.705443607] [service_neighbours_opinions]: All opinions size= 19
1749838615.7101274 [publish_wind_direction-4] [INFO] [1749838615.709483551] [publish_wind_direction]: ### Informed ###
1749838615.7139137 [publish_wind_direction-4] [INFO] [1749838615.713316366] [publish_wind_direction]: Publishing: id136:W
1749838615.7181959 [publish_wind_direction-4] [INFO] [1749838615.716320070] [publish_wind_direction]: ------------------
1749838616.4290445 [service_vicon_node-1] [INFO] [1749838616.427935347] [service_vicon_node]: Frame_no: 381556
1749838618.6930113 [service_neighbours_opinions-2] [INFO] [1749838618.691942420] [service_neighbours_opinions]: All opinions size= 19
1749838618.6971166 [publish_wind_direction-4] [INFO] [1749838618.696150346] [publish_wind_direction]: ### Informed ###
1749838618.7010634 [publish_wind_direction-4] [INFO] [1749838618.700233753] [publish_wind_direction]: Publishing: id136:W
1749838618.7044487 [publish_wind_direction-4] [INFO] [1749838618.703601864] [publish_wind_direction]: ------------------
1749838623.6568742 [service_neighbours_opinions-2] [INFO] [1749838623.655945009] [service_neighbours_opinions]: All opinions size= 19
1749838623.6611948 [publish_wind_direction-4] [INFO] [1749838623.660272287] [publish_wind_direction]: ### Informed ###
1749838623.6650405 [publish_wind_direction-4] [INFO] [1749838623.664290935] [publish_wind_direction]: Publishing: id136:W
1749838623.6680610 [publish_wind_direction-4] [INFO] [1749838623.667224398] [publish_wind_direction]: ------------------
1749838626.5510480 [service_vicon_node-1] [INFO] [1749838626.550232100] [service_vicon_node]: Frame_no: 381860
1749838628.6969495 [service_neighbours_opinions-2] [INFO] [1749838628.695702321] [service_neighbours_opinions]: All opinions size= 19
1749838628.7009873 [publish_wind_direction-4] [INFO] [1749838628.699965747] [publish_wind_direction]: ### Informed ###
1749838628.7048538 [publish_wind_direction-4] [INFO] [1749838628.704015747] [publish_wind_direction]: Publishing: id136:W
1749838628.7079468 [publish_wind_direction-4] [INFO] [1749838628.707119562] [publish_wind_direction]: ------------------
1749838633.7218840 [service_neighbours_opinions-2] [INFO] [1749838633.720886170] [service_neighbours_opinions]: All opinions size= 19
1749838633.7264154 [publish_wind_direction-4] [INFO] [1749838633.725290077] [publish_wind_direction]: ### Informed ###
1749838633.7297392 [publish_wind_direction-4] [INFO] [1749838633.729057355] [publish_wind_direction]: Publishing: id136:S
1749838633.7327406 [publish_wind_direction-4] [INFO] [1749838633.732135226] [publish_wind_direction]: ------------------
1749838636.6578190 [service_vicon_node-1] [INFO] [1749838636.656746446] [service_vicon_node]: Frame_no: 382163
1749838638.6884503 [service_neighbours_opinions-2] [INFO] [1749838638.687795519] [service_neighbours_opinions]: All opinions size= 19
1749838638.6928732 [publish_wind_direction-4] [INFO] [1749838638.692186834] [publish_wind_direction]: ### Informed ###
1749838638.6966751 [publish_wind_direction-4] [INFO] [1749838638.696092204] [publish_wind_direction]: Publishing: id136:S
1749838638.6995802 [publish_wind_direction-4] [INFO] [1749838638.699000630] [publish_wind_direction]: ------------------
1749838646.7913055 [service_vicon_node-1] [INFO] [1749838646.790561810] [service_vicon_node]: Frame_no: 382467
1749838656.9898534 [service_vicon_node-1] [INFO] [1749838656.989139693] [service_vicon_node]: Frame_no: 382773
1749838667.1550901 [service_vicon_node-1] [INFO] [1749838667.154336743] [service_vicon_node]: Frame_no: 383078
1749838677.2886691 [service_vicon_node-1] [INFO] [1749838677.287965977] [service_vicon_node]: Frame_no: 383382
1749838687.5200222 [service_vicon_node-1] [INFO] [1749838687.519300731] [service_vicon_node]: Frame_no: 383689
1749838697.6855700 [service_vicon_node-1] [INFO] [1749838697.684848780] [service_vicon_node]: Frame_no: 383994
1749838707.8236518 [service_vicon_node-1] [INFO] [1749838707.822668941] [service_vicon_node]: Frame_no: 384298
1749838717.9247437 [service_vicon_node-1] [INFO] [1749838717.924028953] [service_vicon_node]: Frame_no: 384601
1749838728.0858312 [service_vicon_node-1] [INFO] [1749838728.085121521] [service_vicon_node]: Frame_no: 384906
1749838738.1864924 [service_vicon_node-1] [INFO] [1749838738.185779830] [service_vicon_node]: Frame_no: 385209
1749838748.3205497 [service_vicon_node-1] [INFO] [1749838748.319823102] [service_vicon_node]: Frame_no: 385513
1749838758.4868085 [service_vicon_node-1] [INFO] [1749838758.486071688] [service_vicon_node]: Frame_no: 385818
1749838768.5911741 [service_vicon_node-1] [INFO] [1749838768.590427219] [service_vicon_node]: Frame_no: 386121
1749838778.7531021 [service_vicon_node-1] [INFO] [1749838778.752378435] [service_vicon_node]: Frame_no: 386426
1749838788.9594061 [service_vicon_node-1] [INFO] [1749838788.958664707] [service_vicon_node]: Frame_no: 386732
1749838799.1578743 [service_vicon_node-1] [INFO] [1749838799.157160683] [service_vicon_node]: Frame_no: 387038
1749838809.3511744 [service_vicon_node-1] [INFO] [1749838809.350416602] [service_vicon_node]: Frame_no: 387344
1749838819.5233388 [service_vicon_node-1] [INFO] [1749838819.522569707] [service_vicon_node]: Frame_no: 387649
1749838829.7602935 [service_vicon_node-1] [INFO] [1749838829.759576331] [service_vicon_node]: Frame_no: 387956
1749838839.9885743 [service_vicon_node-1] [INFO] [1749838839.987849510] [service_vicon_node]: Frame_no: 388263
1749838850.1555014 [service_vicon_node-1] [INFO] [1749838850.154748374] [service_vicon_node]: Frame_no: 388568
1749838860.3624506 [service_vicon_node-1] [INFO] [1749838860.361741165] [service_vicon_node]: Frame_no: 388874
1749838870.5230649 [service_vicon_node-1] [INFO] [1749838870.522310677] [service_vicon_node]: Frame_no: 389179
1749838880.7272792 [service_vicon_node-1] [INFO] [1749838880.726522967] [service_vicon_node]: Frame_no: 389485
1749838890.9570510 [service_vicon_node-1] [INFO] [1749838890.956332572] [service_vicon_node]: Frame_no: 389792
1749838901.1276159 [service_vicon_node-1] [INFO] [1749838901.126864270] [service_vicon_node]: Frame_no: 390097
1749838911.2234864 [service_vicon_node-1] [INFO] [1749838911.222726857] [service_vicon_node]: Frame_no: 390400
1749838921.3636494 [service_vicon_node-1] [INFO] [1749838921.362899628] [service_vicon_node]: Frame_no: 390704
1749838931.5279741 [service_vicon_node-1] [INFO] [1749838931.527235030] [service_vicon_node]: Frame_no: 391009
1749838941.7227571 [service_vicon_node-1] [INFO] [1749838941.722025227] [service_vicon_node]: Frame_no: 391315
1749838951.9256082 [service_vicon_node-1] [INFO] [1749838951.924890314] [service_vicon_node]: Frame_no: 391621
1749838962.0924709 [service_vicon_node-1] [INFO] [1749838962.091754974] [service_vicon_node]: Frame_no: 391926
1749838972.2601123 [service_vicon_node-1] [INFO] [1749838972.259383746] [service_vicon_node]: Frame_no: 392231
1749838982.4239342 [service_vicon_node-1] [INFO] [1749838982.423231240] [service_vicon_node]: Frame_no: 392536
1749838992.6262660 [service_vicon_node-1] [INFO] [1749838992.625529364] [service_vicon_node]: Frame_no: 392842
1749839002.8635345 [service_vicon_node-1] [INFO] [1749839002.862769413] [service_vicon_node]: Frame_no: 393149
1749839013.1595929 [service_vicon_node-1] [INFO] [1749839013.158867870] [service_vicon_node]: Frame_no: 393458
1749839023.3619330 [service_vicon_node-1] [INFO] [1749839023.361208308] [service_vicon_node]: Frame_no: 393764
1749839033.5560722 [service_vicon_node-1] [INFO] [1749839033.555372024] [service_vicon_node]: Frame_no: 394070
1749839043.7250299 [service_vicon_node-1] [INFO] [1749839043.724300148] [service_vicon_node]: Frame_no: 394375
1749839053.9288118 [service_vicon_node-1] [INFO] [1749839053.928086494] [service_vicon_node]: Frame_no: 394681
1749839064.0658462 [service_vicon_node-1] [INFO] [1749839064.065131765] [service_vicon_node]: Frame_no: 394985
1749839074.2913840 [service_vicon_node-1] [INFO] [1749839074.290630370] [service_vicon_node]: Frame_no: 395292
1749839084.4940577 [service_vicon_node-1] [INFO] [1749839084.493339809] [service_vicon_node]: Frame_no: 395598
1749839094.6237407 [service_vicon_node-1] [INFO] [1749839094.623012747] [service_vicon_node]: Frame_no: 395902
1749839104.7625027 [service_vicon_node-1] [INFO] [1749839104.761779204] [service_vicon_node]: Frame_no: 396206
1749839114.9644086 [service_vicon_node-1] [INFO] [1749839114.963662309] [service_vicon_node]: Frame_no: 396512
1749839125.1619816 [service_vicon_node-1] [INFO] [1749839125.161255081] [service_vicon_node]: Frame_no: 396818
1749839135.3299558 [service_vicon_node-1] [INFO] [1749839135.329237371] [service_vicon_node]: Frame_no: 397123
1749839145.5587852 [service_vicon_node-1] [INFO] [1749839145.558062828] [service_vicon_node]: Frame_no: 397430
1749839155.7313929 [service_vicon_node-1] [INFO] [1749839155.730627600] [service_vicon_node]: Frame_no: 397735
1749839165.9654739 [service_vicon_node-1] [INFO] [1749839165.964752371] [service_vicon_node]: Frame_no: 398042
1749839176.2592561 [service_vicon_node-1] [INFO] [1749839176.258490958] [service_vicon_node]: Frame_no: 398351
1749839186.3930717 [service_vicon_node-1] [INFO] [1749839186.392305507] [service_vicon_node]: Frame_no: 398655
1749839196.5612495 [service_vicon_node-1] [INFO] [1749839196.560524335] [service_vicon_node]: Frame_no: 398960
1749839206.6974368 [service_vicon_node-1] [INFO] [1749839206.696738606] [service_vicon_node]: Frame_no: 399264
1749839216.8295825 [service_vicon_node-1] [INFO] [1749839216.828848304] [service_vicon_node]: Frame_no: 399568
1749839226.9921782 [service_vicon_node-1] [INFO] [1749839226.991469150] [service_vicon_node]: Frame_no: 399873
1749839237.1923432 [service_vicon_node-1] [INFO] [1749839237.191646847] [service_vicon_node]: Frame_no: 400179
1749839247.3373756 [service_vicon_node-1] [INFO] [1749839247.336662990] [service_vicon_node]: Frame_no: 400483
1749839257.4959686 [service_vicon_node-1] [INFO] [1749839257.495240835] [service_vicon_node]: Frame_no: 400788
1749839267.6599131 [service_vicon_node-1] [INFO] [1749839267.659212977] [service_vicon_node]: Frame_no: 401093
1749839277.8310673 [service_vicon_node-1] [INFO] [1749839277.830277397] [service_vicon_node]: Frame_no: 401398
1749839287.9997458 [service_vicon_node-1] [INFO] [1749839287.999013150] [service_vicon_node]: Frame_no: 401703
1749839298.2009077 [service_vicon_node-1] [INFO] [1749839298.200187348] [service_vicon_node]: Frame_no: 402009
1749839308.3272715 [service_vicon_node-1] [INFO] [1749839308.326504990] [service_vicon_node]: Frame_no: 402313
1749839318.4317694 [service_vicon_node-1] [INFO] [1749839318.431048058] [service_vicon_node]: Frame_no: 402616
1749839328.6601832 [service_vicon_node-1] [INFO] [1749839328.659469015] [service_vicon_node]: Frame_no: 402923
1749839338.8622439 [service_vicon_node-1] [INFO] [1749839338.861529268] [service_vicon_node]: Frame_no: 403229
1749839349.0648177 [service_vicon_node-1] [INFO] [1749839349.064088133] [service_vicon_node]: Frame_no: 403535
1749839359.2323909 [service_vicon_node-1] [INFO] [1749839359.231649793] [service_vicon_node]: Frame_no: 403840
1749839369.4607241 [service_vicon_node-1] [INFO] [1749839369.460002213] [service_vicon_node]: Frame_no: 404147
1749839379.6612084 [service_vicon_node-1] [INFO] [1749839379.660472429] [service_vicon_node]: Frame_no: 404453
1749839389.7994473 [service_vicon_node-1] [INFO] [1749839389.798674071] [service_vicon_node]: Frame_no: 404757
1749839399.9646962 [service_vicon_node-1] [INFO] [1749839399.963961565] [service_vicon_node]: Frame_no: 405062
1749839410.1316326 [service_vicon_node-1] [INFO] [1749839410.130861504] [service_vicon_node]: Frame_no: 405367
1749839420.3636858 [service_vicon_node-1] [INFO] [1749839420.362868849] [service_vicon_node]: Frame_no: 405674
1749839430.5332670 [service_vicon_node-1] [INFO] [1749839430.532539195] [service_vicon_node]: Frame_no: 405979
1749839440.6635263 [service_vicon_node-1] [INFO] [1749839440.662786948] [service_vicon_node]: Frame_no: 406283
1749839450.8345125 [service_vicon_node-1] [INFO] [1749839450.833788628] [service_vicon_node]: Frame_no: 406588
1749839461.0359628 [service_vicon_node-1] [INFO] [1749839461.035245195] [service_vicon_node]: Frame_no: 406894
1749839471.1708381 [service_vicon_node-1] [INFO] [1749839471.170108393] [service_vicon_node]: Frame_no: 407198
1749839481.3680596 [service_vicon_node-1] [INFO] [1749839481.367334646] [service_vicon_node]: Frame_no: 407504
1749839491.5359988 [service_vicon_node-1] [INFO] [1749839491.535273918] [service_vicon_node]: Frame_no: 407809
1749839501.6992564 [service_vicon_node-1] [INFO] [1749839501.698482393] [service_vicon_node]: Frame_no: 408114
1749839511.8980970 [service_vicon_node-1] [INFO] [1749839511.897322554] [service_vicon_node]: Frame_no: 408420
1749839522.0664916 [service_vicon_node-1] [INFO] [1749839522.065722289] [service_vicon_node]: Frame_no: 408725
1749839530.8631890 [service_neighbours_opinions-2] [INFO] [1749839530.862453987] [service_neighbours_opinions]: Raising exception at 18:32:10
1749839530.9922204 [service_neighbours_opinions-2] Traceback (most recent call last):
1749839530.9930272 [service_neighbours_opinions-2]   File "/home/thymio/ros2_ws/install/wind_direction_detector/lib/python3.10/site-packages/wind_direction_detector/neighbours_opinion_node.py", line 114, in main
1749839530.9949274 [service_neighbours_opinions-2]     rclpy.spin(neighbours_node)
1749839530.9957478 [service_neighbours_opinions-2]   File "/opt/ros/humble/local/lib/python3.10/dist-packages/rclpy/__init__.py", line 226, in spin
1749839530.9964209 [service_neighbours_opinions-2]     executor.spin_once()
1749839530.9986553 [service_neighbours_opinions-2]   File "/opt/ros/humble/local/lib/python3.10/dist-packages/rclpy/executors.py", line 739, in spin_once
1749839531.0015991 [service_neighbours_opinions-2]     self._spin_once_impl(timeout_sec)
1749839531.0035770 [service_neighbours_opinions-2]   File "/opt/ros/humble/local/lib/python3.10/dist-packages/rclpy/executors.py", line 736, in _spin_once_impl
1749839531.0064430 [service_neighbours_opinions-2]     raise handler.exception()
1749839531.0088923 [service_neighbours_opinions-2]   File "/opt/ros/humble/local/lib/python3.10/dist-packages/rclpy/task.py", line 239, in __call__
1749839531.0109162 [service_neighbours_opinions-2]     self._handler.send(None)
1749839531.0130739 [service_neighbours_opinions-2]   File "/opt/ros/humble/local/lib/python3.10/dist-packages/rclpy/executors.py", line 437, in handler
1749839531.0178864 [service_neighbours_opinions-2]     await call_coroutine(entity, arg)
1749839531.0196657 [service_neighbours_opinions-2]   File "/opt/ros/humble/local/lib/python3.10/dist-packages/rclpy/executors.py", line 351, in _execute_timer
1749839531.0217371 [service_neighbours_opinions-2]     await await_or_execute(tmr.callback)
1749839531.0236783 [service_neighbours_opinions-2]   File "/opt/ros/humble/local/lib/python3.10/dist-packages/rclpy/executors.py", line 107, in await_or_execute
1749839531.0275669 [service_neighbours_opinions-2]     return callback(*args)
1749839531.0288966 [service_neighbours_opinions-2]   File "/home/thymio/ros2_ws/install/wind_direction_detector/lib/python3.10/site-packages/wind_direction_detector/neighbours_opinion_node.py", line 65, in stop_execution
1749839531.0303128 [service_neighbours_opinions-2]     raise Exception
1749839531.0316265 [service_neighbours_opinions-2] Exception
1749839531.0329986 [service_neighbours_opinions-2] 
1749839531.0344262 [service_neighbours_opinions-2] During handling of the above exception, another exception occurred:
1749839531.0354855 [service_neighbours_opinions-2] 
1749839531.0363989 [service_neighbours_opinions-2] Traceback (most recent call last):
1749839531.0374062 [service_neighbours_opinions-2]   File "/home/thymio/ros2_ws/install/wind_direction_detector/lib/wind_direction_detector/service_neighbours_opinions", line 33, in <module>
1749839531.0382819 [service_neighbours_opinions-2]     sys.exit(load_entry_point('wind-direction-detector==0.0.0', 'console_scripts', 'service_neighbours_opinions')())
1749839531.0397511 [service_neighbours_opinions-2]   File "/home/thymio/ros2_ws/install/wind_direction_detector/lib/python3.10/site-packages/wind_direction_detector/neighbours_opinion_node.py", line 120, in main
1749839531.0410812 [service_neighbours_opinions-2]     neighbours_node.get_logger().error(e)
1749839531.0426095 [service_neighbours_opinions-2]   File "/opt/ros/humble/local/lib/python3.10/dist-packages/rclpy/impl/rcutils_logger.py", line 345, in error
1749839531.0441918 [service_neighbours_opinions-2]     return self.log(message, LoggingSeverity.ERROR, **kwargs)
1749839531.0457001 [service_neighbours_opinions-2]   File "/opt/ros/humble/local/lib/python3.10/dist-packages/rclpy/impl/rcutils_logger.py", line 318, in log
1749839531.0471733 [service_neighbours_opinions-2]     _rclpy.rclpy_logging_rcutils_log(
1749839531.0486202 [service_neighbours_opinions-2] TypeError: rclpy_logging_rcutils_log(): incompatible function arguments. The following argument types are supported:
1749839531.0501759 [service_neighbours_opinions-2]     1. (arg0: int, arg1: str, arg2: str, arg3: str, arg4: str, arg5: int) -> None
1749839531.0627143 [service_neighbours_opinions-2] 
1749839531.0642579 [service_neighbours_opinions-2] Invoked with: <LoggingSeverity.ERROR: 40>, 'service_neighbours_opinions', Exception(), 'main', '/home/thymio/ros2_ws/install/wind_direction_detector/lib/python3.10/site-packages/wind_direction_detector/neighbours_opinion_node.py', 120
1749839531.2396369 [service_vicon_node-1] [INFO] [1749839531.238813857] [service_vicon_node]: Vicon node, runtime finished, raising exception
1749839531.2445533 [service_vicon_node-1] [INFO] [1749839531.243868413] [service_vicon_node]: Vicon Node Stopping, Times up
1749839532.0947812 [ERROR] [service_neighbours_opinions-2]: process has died [pid 5810, exit code 1, cmd '/home/thymio/ros2_ws/install/wind_direction_detector/lib/wind_direction_detector/service_neighbours_opinions --ros-args -r __node:=service_neighbours_opinions'].
1749839532.1013663 [INFO] [service_vicon_node-1]: process has finished cleanly [pid 5808]
1749839543.2861049 [random_robot_move-3] [INFO] [1749839543.285447980] [random_robot_move]: robot move: excetion raised at 18:32:23
1749839543.2888770 [random_robot_move-3] [INFO] [1749839543.288308406] [random_robot_move]: Exception, shutting down
1749839543.3128307 [random_robot_move-3] Initializing Thymio Robot
1749839543.3131557 [random_robot_move-3] Thymio 1 is connected
1749839543.3133109 [random_robot_move-3] ['_id', 'event.source', 'event.args', '_fwversion', '_productId', 'buttons._raw', 'button.backward', 'button.left', 'button.center', 'button.forward', 'button.right', 'buttons._mean', 'buttons._noise', 'prox.horizontal', 'prox.comm.rx._payloads', 'prox.comm.rx._intensities', 'prox.comm.rx', 'prox.comm.tx', 'prox.ground.ambiant', 'prox.ground.reflected', 'prox.ground.delta', 'motor.left.target', 'motor.right.target', '_vbat', '_imot', 'motor.left.speed', 'motor.right.speed', 'motor.left.pwm', 'motor.right.pwm', '_integrator', 'acc', 'leds.top', 'leds.bottom.left', 'leds.bottom.right', 'leds.circle', 'temperature', 'rc5.address', 'rc5.command', 'mic.intensity', 'mic.threshold', 'mic._mean', 'timer.period', 'acc._tap', 'sd.present']
1749839543.3135197 [random_robot_move-3] Robot connected
