[INFO] [launch]: All log files can be found below /home/thymio/.ros/log/2025-06-04-14-38-37-660744-thymio-818
[INFO] [launch]: Default logging verbosity is set to INFO
[INFO] [random_robot_move-1]: process started with pid [840]
[INFO] [publish_wind_direction-2]: process started with pid [842]
[publish_wind_direction-2] /usr/lib/python3/dist-packages/scipy/__init__.py:146: UserWarning: A NumPy version >=1.17.3 and <1.25.0 is required for this version of SciPy (detected version 1.26.4
[publish_wind_direction-2]   warnings.warn(f"A NumPy version >={np_minversion} and <{np_maxversion}"
[random_robot_move-1] [INFO] [1749047924.492843405] [random_robot_move]: Robot Control Node started.
[publish_wind_direction-2] [INFO] [1749047926.565002915] [publish_wind_direction]: Publishing: "id189:N"
[publish_wind_direction-2] [INFO] [1749047931.197675470] [publish_wind_direction]: ***Cam angle= -223.14376800584415, vico ang deg= 0.0 Ground Truth= 136.85623199415585
[publish_wind_direction-2] [INFO] [1749047931.200020023] [publish_wind_direction]: ***Corrected Wind Direction= S
[publish_wind_direction-2] [INFO] [1749047931.438251834] [publish_wind_direction]: Publishing: "id189:N"
[publish_wind_direction-2] [INFO] [1749047935.539203849] [publish_wind_direction]: ***Cam angle= -225.16262875538692, vico ang deg= 0.0 Ground Truth= 134.83737124461308
[publish_wind_direction-2] [INFO] [1749047935.541962331] [publish_wind_direction]: ***Corrected Wind Direction= W
[publish_wind_direction-2] [INFO] [1749047936.437839731] [publish_wind_direction]: Publishing: "id189:N"
[publish_wind_direction-2] [INFO] [1749047940.423441602] [publish_wind_direction]: ***Cam angle= -226.05158766178167, vico ang deg= 0.0 Ground Truth= 133.94841233821833
[publish_wind_direction-2] [INFO] [1749047940.425870813] [publish_wind_direction]: ***Corrected Wind Direction= W
[publish_wind_direction-2] [INFO] [1749047941.438116436] [publish_wind_direction]: Publishing: "id189:N"
[publish_wind_direction-2] [INFO] [1749047941.871323553] [publish_wind_direction]: ***Cam angle= -222.359126976166, vico ang deg= 0.0 Ground Truth= 137.640873023834
[publish_wind_direction-2] [INFO] [1749047941.875311757] [publish_wind_direction]: ***Corrected Wind Direction= S
[publish_wind_direction-2] [INFO] [1749047946.437895291] [publish_wind_direction]: Publishing: "id189:N"
[publish_wind_direction-2] [INFO] [1749047950.557810863] [publish_wind_direction]: ***Cam angle= -229.00421309791847, vico ang deg= 0.0 Ground Truth= 130.99578690208153
[publish_wind_direction-2] [INFO] [1749047950.561346196] [publish_wind_direction]: ***Corrected Wind Direction= W
[publish_wind_direction-2] [INFO] [1749047951.437897288] [publish_wind_direction]: Publishing: "id189:N"
[publish_wind_direction-2] [INFO] [1749047955.340993156] [publish_wind_direction]: ***Cam angle= -234.2223926214249, vico ang deg= 0.0 Ground Truth= 125.77760737857511
[publish_wind_direction-2] [INFO] [1749047955.344426379] [publish_wind_direction]: ***Corrected Wind Direction= W
