[5.207s] Invoking command in '/home/thymio/ros2_ws/src/py_pubsub': PYTHONPATH=/home/thymio/ros2_ws/build/py_pubsub/prefix_override:/usr/lib/python3/dist-packages/colcon_core/task/python/colcon_distutils_commands:/home/thymio/ros2_ws/install/py_pubsub/lib/python3.10/site-packages:${PYTHONPATH} /usr/bin/python3 -W ignore:setup.py install is deprecated -W ignore:easy_install command is deprecated setup.py egg_info --egg-base ../../build/py_pubsub build --build-base /home/thymio/ros2_ws/build/py_pubsub/build install --record /home/thymio/ros2_ws/build/py_pubsub/install.log --single-version-externally-managed install_data
[6.466s] running egg_info
[6.470s] writing ../../build/py_pubsub/py_pubsub.egg-info/PKG-INFO
[6.473s] writing dependency_links to ../../build/py_pubsub/py_pubsub.egg-info/dependency_links.txt
[6.475s] writing entry points to ../../build/py_pubsub/py_pubsub.egg-info/entry_points.txt
[6.476s] writing requirements to ../../build/py_pubsub/py_pubsub.egg-info/requires.txt
[6.476s] writing top-level names to ../../build/py_pubsub/py_pubsub.egg-info/top_level.txt
[6.486s] reading manifest file '../../build/py_pubsub/py_pubsub.egg-info/SOURCES.txt'
[6.487s] adding license file 'LICENSE'
[6.489s] writing manifest file '../../build/py_pubsub/py_pubsub.egg-info/SOURCES.txt'
[6.490s] running build
[6.490s] running build_py
[6.492s] running install
[6.494s] running install_lib
[6.500s] running install_data
[6.501s] running install_egg_info
[6.511s] removing '/home/thymio/ros2_ws/install/py_pubsub/lib/python3.10/site-packages/py_pubsub-0.0.0-py3.10.egg-info' (and everything under it)
[6.513s] Copying ../../build/py_pubsub/py_pubsub.egg-info to /home/thymio/ros2_ws/install/py_pubsub/lib/python3.10/site-packages/py_pubsub-0.0.0-py3.10.egg-info
[6.522s] running install_scripts
[6.618s] Installing listener script to /home/thymio/ros2_ws/install/py_pubsub/lib/py_pubsub
[6.621s] Installing talker script to /home/thymio/ros2_ws/install/py_pubsub/lib/py_pubsub
[6.624s] writing list of installed files to '/home/thymio/ros2_ws/build/py_pubsub/install.log'
[6.838s] Invoked command in '/home/thymio/ros2_ws/src/py_pubsub' returned '0': PYTHONPATH=/home/thymio/ros2_ws/build/py_pubsub/prefix_override:/usr/lib/python3/dist-packages/colcon_core/task/python/colcon_distutils_commands:/home/thymio/ros2_ws/install/py_pubsub/lib/python3.10/site-packages:${PYTHONPATH} /usr/bin/python3 -W ignore:setup.py install is deprecated -W ignore:easy_install command is deprecated setup.py egg_info --egg-base ../../build/py_pubsub build --build-base /home/thymio/ros2_ws/build/py_pubsub/build install --record /home/thymio/ros2_ws/build/py_pubsub/install.log --single-version-externally-managed install_data
