[INFO] [launch]: All log files can be found below /home/thymio/.ros/log/2025-06-13-15-45-06-241104-thymio-819
[INFO] [launch]: Default logging verbosity is set to INFO
[INFO] [random_robot_move-1]: process started with pid [841]
[INFO] [publish_wind_direction-2]: process started with pid [843]
[publish_wind_direction-2] /usr/lib/python3/dist-packages/scipy/__init__.py:146: UserWarning: A NumPy version >=1.17.3 and <1.25.0 is required for this version of SciPy (detected version 1.26.4
[publish_wind_direction-2]   warnings.warn(f"A NumPy version >={np_minversion} and <{np_maxversion}"
[publish_wind_direction-2] [INFO] [1749829510.264636863] [publish_wind_direction]: Physical Ip=Error: [Errno 101] Network is unreachable, id=idError: [Errno 101] Network is unreachable
[publish_wind_direction-2] [INFO] [1749829510.268249900] [publish_wind_direction]: Updated ID from mapping: None
[publish_wind_direction-2] [INFO] [1749829510.292579233] [publish_wind_direction]: Publsihing on: wind_direction/None
[publish_wind_direction-2] [INFO] [1749829510.308241270] [publish_wind_direction]: Subscribed to: vicon/default/data
[publish_wind_direction-2] [INFO] [1749829510.312237011] [publish_wind_direction]: Subscribed to: wind_direction/id68
[publish_wind_direction-2] [INFO] [1749829510.316066159] [publish_wind_direction]: Subscribed to: wind_direction/id136
[publish_wind_direction-2] [INFO] [1749829510.319553270] [publish_wind_direction]: Subscribed to: wind_direction/id137
[publish_wind_direction-2] [INFO] [1749829510.323077455] [publish_wind_direction]: Subscribed to: wind_direction/id142
[publish_wind_direction-2] [INFO] [1749829510.326613011] [publish_wind_direction]: Subscribed to: wind_direction/id151
[publish_wind_direction-2] [INFO] [1749829510.330104641] [publish_wind_direction]: Subscribed to: wind_direction/id152
[publish_wind_direction-2] [INFO] [1749829510.333454974] [publish_wind_direction]: Subscribed to: wind_direction/id155
[publish_wind_direction-2] [INFO] [1749829510.336790659] [publish_wind_direction]: Subscribed to: wind_direction/id189
[publish_wind_direction-2] [INFO] [1749829510.340194844] [publish_wind_direction]: Subscribed to: wind_direction/id192
[publish_wind_direction-2] [INFO] [1749829510.343543159] [publish_wind_direction]: Subscribed to: wind_direction/id193
[publish_wind_direction-2] [INFO] [1749829510.346967678] [publish_wind_direction]: Subscribed to: wind_direction/id194
[publish_wind_direction-2] [INFO] [1749829510.350348270] [publish_wind_direction]: Subscribed to: wind_direction/id195
[publish_wind_direction-2] [INFO] [1749829510.353684289] [publish_wind_direction]: Subscribed to: wind_direction/id200
[publish_wind_direction-2] [INFO] [1749829510.357082993] [publish_wind_direction]: Subscribed to: wind_direction/id206
[publish_wind_direction-2] [INFO] [1749829510.360453270] [publish_wind_direction]: Subscribed to: wind_direction/id207
[publish_wind_direction-2] [INFO] [1749829510.363818733] [publish_wind_direction]: Subscribed to: wind_direction/id223
[publish_wind_direction-2] [INFO] [1749829510.367215178] [publish_wind_direction]: Subscribed to: wind_direction/id224
[publish_wind_direction-2] [INFO] [1749829510.370570641] [publish_wind_direction]: Subscribed to: wind_direction/id236
[publish_wind_direction-2] [INFO] [1749829510.374077807] [publish_wind_direction]: Subscribed to: wind_direction/id247
[publish_wind_direction-2] [INFO] [1749829510.377457289] [publish_wind_direction]: Subscribed to: wind_direction/id1193
[random_robot_move-1] [INFO] [1749829513.160441398] [random_robot_move]: Robot Control Node started.
[random_robot_move-1] [INFO] [1749830720.714730197] [random_robot_move]: Exception, shutting down
