[INFO] [launch]: All log files can be found below /home/thymio/.ros/log/2025-06-04-14-38-42-155258-thymio-819
[INFO] [launch]: Default logging verbosity is set to INFO
[INFO] [random_robot_move-1]: process started with pid [841]
[INFO] [publish_wind_direction-2]: process started with pid [843]
[publish_wind_direction-2] /usr/lib/python3/dist-packages/scipy/__init__.py:146: UserWarning: A NumPy version >=1.17.3 and <1.25.0 is required for this version of SciPy (detected version 1.26.4
[publish_wind_direction-2]   warnings.warn(f"A NumPy version >={np_minversion} and <{np_maxversion}"
[random_robot_move-1] [INFO] [1749047929.038833916] [random_robot_move]: Robot Control Node started.
[publish_wind_direction-2] [INFO] [1749047931.109339695] [publish_wind_direction]: Publishing: "id194:W"
[publish_wind_direction-2] [INFO] [1749047935.584877213] [publish_wind_direction]: ***Cam angle= -154.9787934745044, vico ang deg= 0.0 Ground Truth= 205.0212065254956
[publish_wind_direction-2] [INFO] [1749047935.588746152] [publish_wind_direction]: ***Corrected Wind Direction= S
[publish_wind_direction-2] [INFO] [1749047935.976438308] [publish_wind_direction]: Publishing: "id194:W"
[publish_wind_direction-2] [INFO] [1749047940.177898395] [publish_wind_direction]: ***Cam angle= -999.0, vico ang deg= 0.0 Ground Truth= 81.0
[publish_wind_direction-2] [INFO] [1749047940.181664218] [publish_wind_direction]: ***Corrected Wind Direction= W
[publish_wind_direction-2] [INFO] [1749047940.978164963] [publish_wind_direction]: Publishing: "id194:W"
[publish_wind_direction-2] [INFO] [1749047945.141227840] [publish_wind_direction]: ***Cam angle= -115.55530336658424, vico ang deg= 0.0 Ground Truth= 244.44469663341576
[publish_wind_direction-2] [INFO] [1749047945.143904875] [publish_wind_direction]: ***Corrected Wind Direction= E
[publish_wind_direction-2] [INFO] [1749047945.976324356] [publish_wind_direction]: Publishing: "id194:W"
[publish_wind_direction-2] [INFO] [1749047949.955137852] [publish_wind_direction]: ***Cam angle= -142.80199670972831, vico ang deg= 0.0 Ground Truth= 217.19800329027169
[publish_wind_direction-2] [INFO] [1749047949.958120424] [publish_wind_direction]: ***Corrected Wind Direction= S
[publish_wind_direction-2] [INFO] [1749047950.977204007] [publish_wind_direction]: Publishing: "id194:W"
[publish_wind_direction-2] [INFO] [1749047955.451923229] [publish_wind_direction]: ***Cam angle= -147.42844931652823, vico ang deg= 0.0 Ground Truth= 212.57155068347177
[publish_wind_direction-2] [INFO] [1749047955.458500039] [publish_wind_direction]: ***Corrected Wind Direction= S
[publish_wind_direction-2] [INFO] [1749047955.976305619] [publish_wind_direction]: Publishing: "id194:W"
[publish_wind_direction-2] [INFO] [1749047960.054953802] [publish_wind_direction]: ***Cam angle= -96.00395386224079, vico ang deg= 0.0 Ground Truth= 263.9960461377592
[publish_wind_direction-2] [INFO] [1749047960.057479516] [publish_wind_direction]: ***Corrected Wind Direction= E
[publish_wind_direction-2] [INFO] [1749047960.977006761] [publish_wind_direction]: Publishing: "id194:W"
[publish_wind_direction-2] [INFO] [1749047964.951167961] [publish_wind_direction]: ***Cam angle= -142.4094868112216, vico ang deg= 0.0 Ground Truth= 217.5905131887784
[publish_wind_direction-2] [INFO] [1749047964.953714823] [publish_wind_direction]: ***Corrected Wind Direction= S
[publish_wind_direction-2] [INFO] [1749047965.976199916] [publish_wind_direction]: Publishing: "id194:W"
[publish_wind_direction-2] [INFO] [1749047970.043510175] [publish_wind_direction]: ***Cam angle= -155.0232479449719, vico ang deg= 0.0 Ground Truth= 204.9767520550281
[publish_wind_direction-2] [INFO] [1749047970.046032683] [publish_wind_direction]: ***Corrected Wind Direction= S
[publish_wind_direction-2] [INFO] [1749047970.978347390] [publish_wind_direction]: Publishing: "id194:W"
[publish_wind_direction-2] [INFO] [1749047974.868753475] [publish_wind_direction]: ***Cam angle= -187.5051079997428, vico ang deg= 0.0 Ground Truth= 172.4948920002572
[publish_wind_direction-2] [INFO] [1749047974.871237446] [publish_wind_direction]: ***Corrected Wind Direction= S
[publish_wind_direction-2] [INFO] [1749047975.977581969] [publish_wind_direction]: Publishing: "id194:W"
[publish_wind_direction-2] [INFO] [1749047979.988445824] [publish_wind_direction]: ***Cam angle= -171.4168214148486, vico ang deg= 0.0 Ground Truth= 188.5831785851514
[publish_wind_direction-2] [INFO] [1749047979.992811837] [publish_wind_direction]: ***Corrected Wind Direction= S
[publish_wind_direction-2] [INFO] [1749047980.976210018] [publish_wind_direction]: Publishing: "id194:W"
[publish_wind_direction-2] [INFO] [1749047985.049406641] [publish_wind_direction]: ***Cam angle= -150.81796846856463, vico ang deg= 0.0 Ground Truth= 209.18203153143537
[publish_wind_direction-2] [INFO] [1749047985.052819557] [publish_wind_direction]: ***Corrected Wind Direction= S
[publish_wind_direction-2] [INFO] [1749047985.978216975] [publish_wind_direction]: Publishing: "id194:W"
[publish_wind_direction-2] [INFO] [1749047989.738751212] [publish_wind_direction]: ***Cam angle= -117.95168803588585, vico ang deg= 0.0 Ground Truth= 242.04831196411413
[publish_wind_direction-2] [INFO] [1749047989.741375552] [publish_wind_direction]: ***Corrected Wind Direction= E
[publish_wind_direction-2] [INFO] [1749047990.976196587] [publish_wind_direction]: Publishing: "id194:W"
[publish_wind_direction-2] [INFO] [1749047994.741878756] [publish_wind_direction]: ***Cam angle= -123.30588021465803, vico ang deg= 0.0 Ground Truth= 236.69411978534197
[publish_wind_direction-2] [INFO] [1749047994.744468003] [publish_wind_direction]: ***Corrected Wind Direction= E
[publish_wind_direction-2] [INFO] [1749047995.980099614] [publish_wind_direction]: Publishing: "id194:W"
[publish_wind_direction-2] [INFO] [1749047999.831864824] [publish_wind_direction]: ***Cam angle= -144.52362317493174, vico ang deg= 0.0 Ground Truth= 215.47637682506826
[publish_wind_direction-2] [INFO] [1749047999.834591404] [publish_wind_direction]: ***Corrected Wind Direction= S
[publish_wind_direction-2] [INFO] [1749048000.977317317] [publish_wind_direction]: Publishing: "id194:W"
[publish_wind_direction-2] [INFO] [1749048004.852651254] [publish_wind_direction]: ***Cam angle= -139.29998120724235, vico ang deg= 0.0 Ground Truth= 220.70001879275765
[publish_wind_direction-2] [INFO] [1749048004.855321093] [publish_wind_direction]: ***Corrected Wind Direction= S
[publish_wind_direction-2] [INFO] [1749048005.978394522] [publish_wind_direction]: Publishing: "id194:W"
[publish_wind_direction-2] [INFO] [1749048009.778533076] [publish_wind_direction]: ***Cam angle= -123.91958811242623, vico ang deg= 0.0 Ground Truth= 236.08041188757377
[publish_wind_direction-2] [INFO] [1749048009.781015581] [publish_wind_direction]: ***Corrected Wind Direction= E
[publish_wind_direction-2] [INFO] [1749048010.976497464] [publish_wind_direction]: Publishing: "id194:W"
[publish_wind_direction-2] [INFO] [1749048015.158857299] [publish_wind_direction]: ***Cam angle= -141.8083757704127, vico ang deg= 0.0 Ground Truth= 218.1916242295873
[publish_wind_direction-2] [INFO] [1749048015.161356618] [publish_wind_direction]: ***Corrected Wind Direction= S
[publish_wind_direction-2] [INFO] [1749048015.979157041] [publish_wind_direction]: Publishing: "id194:W"
[publish_wind_direction-2] [INFO] [1749048020.202438525] [publish_wind_direction]: ***Cam angle= -250.90113052361716, vico ang deg= 0.0 Ground Truth= 109.09886947638284
[publish_wind_direction-2] [INFO] [1749048020.205199918] [publish_wind_direction]: ***Corrected Wind Direction= W
[publish_wind_direction-2] [INFO] [1749048020.983201673] [publish_wind_direction]: Publishing: "id194:W"
[publish_wind_direction-2] [INFO] [1749048025.243192605] [publish_wind_direction]: ***Cam angle= -248.0205483693731, vico ang deg= 0.0 Ground Truth= 111.9794516306269
[publish_wind_direction-2] [INFO] [1749048025.245864831] [publish_wind_direction]: ***Corrected Wind Direction= W
[publish_wind_direction-2] [INFO] [1749048025.976692994] [publish_wind_direction]: Publishing: "id194:W"
[publish_wind_direction-2] [INFO] [1749048030.243790465] [publish_wind_direction]: ***Cam angle= -194.99656207225513, vico ang deg= 0.0 Ground Truth= 165.00343792774487
[publish_wind_direction-2] [INFO] [1749048030.246314561] [publish_wind_direction]: ***Corrected Wind Direction= S
[publish_wind_direction-2] [INFO] [1749048030.976805644] [publish_wind_direction]: Publishing: "id194:W"
[publish_wind_direction-2] [INFO] [1749048034.886661335] [publish_wind_direction]: ***Cam angle= -999.0, vico ang deg= 0.0 Ground Truth= 81.0
[publish_wind_direction-2] [INFO] [1749048034.889316005] [publish_wind_direction]: ***Corrected Wind Direction= W
[publish_wind_direction-2] [INFO] [1749048035.976890712] [publish_wind_direction]: Publishing: "id194:W"
[publish_wind_direction-2] [INFO] [1749048039.863466244] [publish_wind_direction]: ***Cam angle= -61.16106610864925, vico ang deg= 0.0 Ground Truth= 298.83893389135073
[publish_wind_direction-2] [INFO] [1749048039.867538953] [publish_wind_direction]: ***Corrected Wind Direction= E
[publish_wind_direction-2] [INFO] [1749048135.410394462] [publish_wind_direction]: Publishing: "id194:W"
[publish_wind_direction-2] [INFO] [1749048135.416160210] [publish_wind_direction]: Neighbourhood size: 0
[publish_wind_direction-2] [INFO] [1749048139.217391249] [publish_wind_direction]: ***Cam angle= -136.09062861678484, vico ang deg= 0.0 Ground Truth= 223.90937138321516
[publish_wind_direction-2] [INFO] [1749048139.219918141] [publish_wind_direction]: ***Corrected Wind Direction= S
[publish_wind_direction-2] [INFO] [1749048139.224060164] [publish_wind_direction]: Publishing: "id194:W"
[publish_wind_direction-2] [INFO] [1749048143.238081695] [publish_wind_direction]: ***Cam angle= -159.4100050391154, vico ang deg= 0.0 Ground Truth= 200.5899949608846
[publish_wind_direction-2] [INFO] [1749048143.240627198] [publish_wind_direction]: ***Corrected Wind Direction= S
[publish_wind_direction-2] [INFO] [1749048143.244720073] [publish_wind_direction]: Publishing: "id194:W"
[publish_wind_direction-2] [INFO] [1749048143.247622021] [publish_wind_direction]: Neighbourhood size: 0
[publish_wind_direction-2] [INFO] [1749048147.008798040] [publish_wind_direction]: ***Cam angle= -127.64794481264812, vico ang deg= 0.0 Ground Truth= 232.35205518735188
[publish_wind_direction-2] [INFO] [1749048147.011321747] [publish_wind_direction]: ***Corrected Wind Direction= E
[publish_wind_direction-2] [INFO] [1749048147.015688696] [publish_wind_direction]: Publishing: "id194:W"
[publish_wind_direction-2] [INFO] [1749048151.042711382] [publish_wind_direction]: ***Cam angle= -134.35742183670865, vico ang deg= 0.0 Ground Truth= 225.64257816329135
[publish_wind_direction-2] [INFO] [1749048151.045230292] [publish_wind_direction]: ***Corrected Wind Direction= E
[publish_wind_direction-2] [INFO] [1749048151.049554261] [publish_wind_direction]: Publishing: "id194:W"
[publish_wind_direction-2] [INFO] [1749048151.052738579] [publish_wind_direction]: Neighbourhood size: 0
[publish_wind_direction-2] [INFO] [1749048154.772487856] [publish_wind_direction]: ***Cam angle= -127.93118160099328, vico ang deg= 0.0 Ground Truth= 232.06881839900672
[publish_wind_direction-2] [INFO] [1749048154.774928766] [publish_wind_direction]: ***Corrected Wind Direction= E
[publish_wind_direction-2] [INFO] [1749048155.976096613] [publish_wind_direction]: Publishing: "id194:W"
[publish_wind_direction-2] [INFO] [1749048159.745160130] [publish_wind_direction]: ***Cam angle= -145.04638843331855, vico ang deg= 0.0 Ground Truth= 214.95361156668145
[publish_wind_direction-2] [INFO] [1749048159.747642133] [publish_wind_direction]: ***Corrected Wind Direction= S
[publish_wind_direction-2] [INFO] [1749048160.976267253] [publish_wind_direction]: Publishing: "id194:W"
[publish_wind_direction-2] [INFO] [1749048164.761210452] [publish_wind_direction]: ***Cam angle= -144.44047395597963, vico ang deg= 0.0 Ground Truth= 215.55952604402037
[publish_wind_direction-2] [INFO] [1749048164.763698733] [publish_wind_direction]: ***Corrected Wind Direction= S
[publish_wind_direction-2] [INFO] [1749048165.976223648] [publish_wind_direction]: Publishing: "id194:W"
[publish_wind_direction-2] [INFO] [1749048170.102386512] [publish_wind_direction]: ***Cam angle= -151.09679199798455, vico ang deg= 0.0 Ground Truth= 208.90320800201545
[publish_wind_direction-2] [INFO] [1749048170.104905626] [publish_wind_direction]: ***Corrected Wind Direction= S
[publish_wind_direction-2] [INFO] [1749048170.976169409] [publish_wind_direction]: Publishing: "id194:W"
[publish_wind_direction-2] [INFO] [1749048174.668245992] [publish_wind_direction]: ***Cam angle= -193.8113192624304, vico ang deg= 0.0 Ground Truth= 166.1886807375696
[publish_wind_direction-2] [INFO] [1749048174.670738143] [publish_wind_direction]: ***Corrected Wind Direction= S
[publish_wind_direction-2] [INFO] [1749048175.976107093] [publish_wind_direction]: Publishing: "id194:W"
[publish_wind_direction-2] [INFO] [1749048180.080418796] [publish_wind_direction]: ***Cam angle= -249.15243425974228, vico ang deg= 0.0 Ground Truth= 110.84756574025772
[publish_wind_direction-2] [INFO] [1749048180.082865040] [publish_wind_direction]: ***Corrected Wind Direction= W
[publish_wind_direction-2] [INFO] [1749048180.975920515] [publish_wind_direction]: Publishing: "id194:W"
[publish_wind_direction-2] [INFO] [1749048185.085891186] [publish_wind_direction]: ***Cam angle= -206.51347678339545, vico ang deg= 0.0 Ground Truth= 153.48652321660455
[publish_wind_direction-2] [INFO] [1749048185.088333374] [publish_wind_direction]: ***Corrected Wind Direction= S
[publish_wind_direction-2] [INFO] [1749048185.976030953] [publish_wind_direction]: Publishing: "id194:W"
[publish_wind_direction-2] [INFO] [1749048189.740059265] [publish_wind_direction]: ***Cam angle= -12.485923750084112, vico ang deg= 0.0 Ground Truth= 347.5140762499159
[publish_wind_direction-2] [INFO] [1749048189.743538899] [publish_wind_direction]: ***Corrected Wind Direction= N
[publish_wind_direction-2] [INFO] [1749048190.975968982] [publish_wind_direction]: Publishing: "id194:W"
[publish_wind_direction-2] [INFO] [1749048194.789987260] [publish_wind_direction]: ***Cam angle= -32.65871661829501, vico ang deg= 0.0 Ground Truth= 327.341283381705
[publish_wind_direction-2] [INFO] [1749048194.792499578] [publish_wind_direction]: ***Corrected Wind Direction= N
[publish_wind_direction-2] [INFO] [1749048195.976196639] [publish_wind_direction]: Publishing: "id194:W"
[publish_wind_direction-2] [INFO] [1749048199.960813360] [publish_wind_direction]: ***Cam angle= -126.62196466094682, vico ang deg= 0.0 Ground Truth= 233.37803533905318
[publish_wind_direction-2] [INFO] [1749048199.963230937] [publish_wind_direction]: ***Corrected Wind Direction= E
[publish_wind_direction-2] [INFO] [1749048200.978439409] [publish_wind_direction]: Publishing: "id194:W"
[publish_wind_direction-2] [INFO] [1749048205.032048859] [publish_wind_direction]: ***Cam angle= -110.77613410633768, vico ang deg= 0.0 Ground Truth= 249.22386589366232
[publish_wind_direction-2] [INFO] [1749048205.034570899] [publish_wind_direction]: ***Corrected Wind Direction= E
[publish_wind_direction-2] [INFO] [1749048205.976448709] [publish_wind_direction]: Publishing: "id194:W"
[publish_wind_direction-2] [INFO] [1749048210.057654802] [publish_wind_direction]: ***Cam angle= -204.19588233593913, vico ang deg= 0.0 Ground Truth= 155.80411766406087
[publish_wind_direction-2] [INFO] [1749048210.060127787] [publish_wind_direction]: ***Corrected Wind Direction= S
[publish_wind_direction-2] [INFO] [1749048210.976312825] [publish_wind_direction]: Publishing: "id194:W"
[publish_wind_direction-2] [INFO] [1749048214.814751184] [publish_wind_direction]: ***Cam angle= -999.0, vico ang deg= 0.0 Ground Truth= 81.0
[publish_wind_direction-2] [INFO] [1749048214.817423094] [publish_wind_direction]: ***Corrected Wind Direction= W
[publish_wind_direction-2] [INFO] [1749048215.976034921] [publish_wind_direction]: Publishing: "id194:W"
[publish_wind_direction-2] [INFO] [1749048219.719327425] [publish_wind_direction]: ***Cam angle= 18.888820154928155, vico ang deg= 0.0 Ground Truth= 18.888820154928155
[publish_wind_direction-2] [INFO] [1749048219.721936040] [publish_wind_direction]: ***Corrected Wind Direction= N
[publish_wind_direction-2] [INFO] [1749048220.976049629] [publish_wind_direction]: Publishing: "id194:W"
[publish_wind_direction-2] [INFO] [1749048224.701992463] [publish_wind_direction]: ***Cam angle= -57.149409778395416, vico ang deg= 0.0 Ground Truth= 302.8505902216046
[publish_wind_direction-2] [INFO] [1749048224.704488077] [publish_wind_direction]: ***Corrected Wind Direction= E
[publish_wind_direction-2] [INFO] [1749048225.976003317] [publish_wind_direction]: Publishing: "id194:W"
[publish_wind_direction-2] [INFO] [1749048229.938381637] [publish_wind_direction]: ***Cam angle= 50.62848099850197, vico ang deg= 0.0 Ground Truth= 50.62848099850197
[publish_wind_direction-2] [INFO] [1749048229.941225288] [publish_wind_direction]: ***Corrected Wind Direction= W
[publish_wind_direction-2] [INFO] [1749048230.975604930] [publish_wind_direction]: Raising exception
[publish_wind_direction-2] [INFO] [1749048230.978688952] [publish_wind_direction]: Publisher stopping, exception
[INFO] [publish_wind_direction-2]: process has finished cleanly [pid 843]
[random_robot_move-1] [INFO] [1749048248.757292826] [random_robot_move]: Exception, shutting down
