[INFO] [launch]: All log files can be found below /home/thymio/.ros/log/2025-06-06-15-52-18-756182-thymio-817
[INFO] [launch]: Default logging verbosity is set to INFO
[INFO] [random_robot_move-1]: process started with pid [847]
[INFO] [publish_wind_direction-2]: process started with pid [849]
[publish_wind_direction-2] /usr/lib/python3/dist-packages/scipy/__init__.py:146: UserWarning: A NumPy version >=1.17.3 and <1.25.0 is required for this version of SciPy (detected version 1.26.4
[publish_wind_direction-2]   warnings.warn(f"A NumPy version >={np_minversion} and <{np_maxversion}"
[publish_wind_direction-2] [INFO] [1749225142.691352678] [publish_wind_direction]: Physical Ip=134.34.225.142, id=id142
[publish_wind_direction-2] [INFO] [1749225142.728519447] [publish_wind_direction]: Subscribed to: vicon/default/data
[publish_wind_direction-2] [INFO] [1749225144.767435326] [publish_wind_direction]: Vicon Position= [844.701416015625, 493.5125427246094]
[publish_wind_direction-2] [INFO] [1749225144.770434802] [publish_wind_direction]: Neighbourhood size: 3
[random_robot_move-1] [INFO] [1749225145.664176775] [random_robot_move]: Robot Control Node started.
[publish_wind_direction-2] [INFO] [1749225146.130520127] [publish_wind_direction]: Vicon Position= [844.8015747070312, 493.607666015625]
[publish_wind_direction-2] [INFO] [1749225146.133346690] [publish_wind_direction]: Neighbourhood size: 3
[publish_wind_direction-2] [INFO] [1749225147.132981255] [publish_wind_direction]: Vicon Position= [748.8318481445312, 543.4814453125]
[publish_wind_direction-2] [INFO] [1749225147.136073004] [publish_wind_direction]: Neighbourhood size: 3
[publish_wind_direction-2] [INFO] [1749225147.717718703] [publish_wind_direction]: Publishing: "id142:E"
[publish_wind_direction-2] [INFO] [1749225147.785257582] [publish_wind_direction]: * Received from id155, wind direction N
[publish_wind_direction-2] [INFO] [1749225147.788586767] [publish_wind_direction]: All opinions = {'id155': 'N'}
[publish_wind_direction-2] [INFO] [1749225147.791438470] [publish_wind_direction]: Publisher, neighbours_by_id={'id206', 'id200', 'id223'}
[publish_wind_direction-2] [INFO] [1749225152.350907377] [publish_wind_direction]: ***Cam angle= 30.17383818688033, vico ang deg= -28.292018250779243 Ground Truth= 1.8818199361010883
[publish_wind_direction-2] [INFO] [1749225152.353669852] [publish_wind_direction]: Publisher, Neighbourhood size: 3
[publish_wind_direction-2] [INFO] [1749225152.356333658] [publish_wind_direction]: Decision Making Triggered
[publish_wind_direction-2] [INFO] [1749225152.358815718] [publish_wind_direction]: Publisher, Neighbours Opinion: 0
[publish_wind_direction-2] [INFO] [1749225152.361496743] [publish_wind_direction]: Inside Decision Making, neighbours opinion: {}
[publish_wind_direction-2] [INFO] [1749225152.364299119] [publish_wind_direction]: Inside Decision Making, social opinions: {}
[publish_wind_direction-2] [INFO] [1749225152.369634397] [publish_wind_direction]: Vicon Position= [553.1188354492188, 637.7730102539062]
[publish_wind_direction-2] [INFO] [1749225152.372307276] [publish_wind_direction]: Neighbourhood size: 4
[publish_wind_direction-2] [INFO] [1749225152.375311821] [publish_wind_direction]: * Received from id136, wind direction N
[publish_wind_direction-2] [INFO] [1749225152.377875811] [publish_wind_direction]: All opinions = {'id155': 'N', 'id136': 'N'}
[publish_wind_direction-2] [INFO] [1749225152.380580555] [publish_wind_direction]: Publisher, neighbours_by_id={'id206', 'id192', 'id200', 'id223'}
[publish_wind_direction-2] [INFO] [1749225156.514780217] [publish_wind_direction]: ***Cam angle= -999.0, vico ang deg= -60.83968084384056 Ground Truth= 20.160319156159403
[publish_wind_direction-2] [INFO] [1749225156.518049273] [publish_wind_direction]: Publisher, Neighbourhood size: 4
[publish_wind_direction-2] [INFO] [1749225156.520591829] [publish_wind_direction]: Decision Making Triggered
[publish_wind_direction-2] [INFO] [1749225156.523161492] [publish_wind_direction]: Publisher, Neighbours Opinion: 0
[publish_wind_direction-2] [INFO] [1749225156.525759632] [publish_wind_direction]: Inside Decision Making, neighbours opinion: {}
[publish_wind_direction-2] [INFO] [1749225156.528056392] [publish_wind_direction]: Inside Decision Making, social opinions: {}
[publish_wind_direction-2] [INFO] [1749225156.553807403] [publish_wind_direction]: Publishing: "id142:N"
[publish_wind_direction-2] [INFO] [1749225156.557780074] [publish_wind_direction]: Vicon Position= [187.07672119140625, 783.9766845703125]
[publish_wind_direction-2] [INFO] [1749225156.560627565] [publish_wind_direction]: Neighbourhood size: 3
[publish_wind_direction-2] [INFO] [1749225156.563755384] [publish_wind_direction]: * Received from id195, wind direction S
[publish_wind_direction-2] [INFO] [1749225156.565993949] [publish_wind_direction]: All opinions = {'id155': 'N', 'id136': 'N', 'id195': 'S'}
[publish_wind_direction-2] [INFO] [1749225156.568369383] [publish_wind_direction]: Publisher, neighbours_by_id={'id192', 'id136', 'id194'}
[publish_wind_direction-2] [INFO] [1749225160.568663657] [publish_wind_direction]: ***Cam angle= -40.34565622123178, vico ang deg= -11.296595264472733 Ground Truth= 308.3577485142955
[publish_wind_direction-2] [INFO] [1749225160.571253800] [publish_wind_direction]: Publisher, Neighbourhood size: 3
[publish_wind_direction-2] [INFO] [1749225160.573712721] [publish_wind_direction]: Decision Making Triggered
[publish_wind_direction-2] [INFO] [1749225160.576090190] [publish_wind_direction]: Publisher, Neighbours Opinion: 0
[publish_wind_direction-2] [INFO] [1749225160.578754268] [publish_wind_direction]: Inside Decision Making, neighbours opinion: {}
[publish_wind_direction-2] [INFO] [1749225160.581296696] [publish_wind_direction]: Inside Decision Making, social opinions: {}
[publish_wind_direction-2] [INFO] [1749225160.585865012] [publish_wind_direction]: Publishing: "id142:W"
[publish_wind_direction-2] [INFO] [1749225160.589995425] [publish_wind_direction]: Vicon Position= [44.787193298339844, 828.0888061523438]
[publish_wind_direction-2] [INFO] [1749225160.592726068] [publish_wind_direction]: Neighbourhood size: 3
[publish_wind_direction-2] [INFO] [1749225160.595768261] [publish_wind_direction]: * Received from id200, wind direction S
[publish_wind_direction-2] [INFO] [1749225160.598060667] [publish_wind_direction]: All opinions = {'id155': 'N', 'id136': 'N', 'id195': 'S', 'id200': 'S'}
[publish_wind_direction-2] [INFO] [1749225160.600718431] [publish_wind_direction]: Publisher, neighbours_by_id={'id192', 'id136', 'id194'}
[publish_wind_direction-2] [INFO] [1749225164.662185295] [publish_wind_direction]: ***Cam angle= -39.52620796843682, vico ang deg= -11.301004830558469 Ground Truth= 309.1727872010047
[publish_wind_direction-2] [INFO] [1749225164.664824301] [publish_wind_direction]: Publisher, Neighbourhood size: 3
[publish_wind_direction-2] [INFO] [1749225164.667296327] [publish_wind_direction]: Decision Making Triggered
[publish_wind_direction-2] [INFO] [1749225164.669861786] [publish_wind_direction]: Publisher, Neighbours Opinion: 0
[publish_wind_direction-2] [INFO] [1749225164.672684676] [publish_wind_direction]: Inside Decision Making, neighbours opinion: {}
[publish_wind_direction-2] [INFO] [1749225164.675179996] [publish_wind_direction]: Inside Decision Making, social opinions: {}
[publish_wind_direction-2] [INFO] [1749225164.680182467] [publish_wind_direction]: Publishing: "id142:S"
[publish_wind_direction-2] [INFO] [1749225164.686139949] [publish_wind_direction]: Vicon Position= [60.4807243347168, 633.345458984375]
[publish_wind_direction-2] [INFO] [1749225164.688996224] [publish_wind_direction]: Neighbourhood size: 3
[publish_wind_direction-2] [INFO] [1749225164.692170089] [publish_wind_direction]: * Received from id136, wind direction N
[publish_wind_direction-2] [INFO] [1749225164.694756897] [publish_wind_direction]: All opinions = {'id155': 'N', 'id136': 'N', 'id195': 'S', 'id200': 'S'}
[publish_wind_direction-2] [INFO] [1749225164.697438471] [publish_wind_direction]: Publisher, neighbours_by_id={'id192', 'id195', 'id136'}
[publish_wind_direction-2] [INFO] [1749225168.833019095] [publish_wind_direction]: ***Cam angle= -175.54935135438456, vico ang deg= -244.61677473757874 Ground Truth= 299.8338739080367
[publish_wind_direction-2] [INFO] [1749225168.835482336] [publish_wind_direction]: Publisher, Neighbourhood size: 3
[publish_wind_direction-2] [INFO] [1749225168.838289039] [publish_wind_direction]: Decision Making Triggered
[publish_wind_direction-2] [INFO] [1749225168.840779092] [publish_wind_direction]: Publisher, Neighbours Opinion: 1
[publish_wind_direction-2] [INFO] [1749225168.843255851] [publish_wind_direction]: Inside Decision Making, neighbours opinion: {'id136': 'N'}
[publish_wind_direction-2] [INFO] [1749225168.845622474] [publish_wind_direction]: Inside Decision Making, social opinions: {'N': 1}
[publish_wind_direction-2] [INFO] [1749225168.918529218] [publish_wind_direction]: Publishing: "id142:N"
[publish_wind_direction-2] [INFO] [1749225168.925698671] [publish_wind_direction]: Vicon Position= [59.41063690185547, 603.624755859375]
[publish_wind_direction-2] [INFO] [1749225168.930054718] [publish_wind_direction]: Neighbourhood size: 3
[publish_wind_direction-2] [INFO] [1749225168.935926391] [publish_wind_direction]: * Received from id136, wind direction N
[publish_wind_direction-2] [INFO] [1749225168.938301791] [publish_wind_direction]: All opinions = {'id155': 'N', 'id136': 'N', 'id195': 'S', 'id200': 'S'}
[publish_wind_direction-2] [INFO] [1749225168.940795307] [publish_wind_direction]: Publisher, neighbours_by_id={'id192', 'id195', 'id136'}
[publish_wind_direction-2] [INFO] [1749225172.861324907] [publish_wind_direction]: ***Cam angle= 28.910212128640694, vico ang deg= 79.3966078625274 Ground Truth= 108.3068199911681
[publish_wind_direction-2] [INFO] [1749225172.864896932] [publish_wind_direction]: Publisher, Neighbourhood size: 3
[publish_wind_direction-2] [INFO] [1749225172.868284993] [publish_wind_direction]: Decision Making Triggered
[publish_wind_direction-2] [INFO] [1749225172.871858554] [publish_wind_direction]: Publisher, Neighbours Opinion: 1
[publish_wind_direction-2] [INFO] [1749225172.875299462] [publish_wind_direction]: Inside Decision Making, neighbours opinion: {'id136': 'N'}
[publish_wind_direction-2] [INFO] [1749225172.878692245] [publish_wind_direction]: Inside Decision Making, social opinions: {'N': 1}
[publish_wind_direction-2] [INFO] [1749225172.885155956] [publish_wind_direction]: Publishing: "id142:N"
[publish_wind_direction-2] [INFO] [1749225172.890910461] [publish_wind_direction]: Vicon Position= [60.01739501953125, 497.7515869140625]
[publish_wind_direction-2] [INFO] [1749225172.894468968] [publish_wind_direction]: Neighbourhood size: 5
[publish_wind_direction-2] [INFO] [1749225177.717084029] [publish_wind_direction]: Publishing: "id142:N"
[publish_wind_direction-2] [INFO] [1749225182.717071183] [publish_wind_direction]: Publishing: "id142:N"
[publish_wind_direction-2] [INFO] [1749225187.717155695] [publish_wind_direction]: Publishing: "id142:N"
[publish_wind_direction-2] [INFO] [1749225192.717236295] [publish_wind_direction]: Publishing: "id142:N"
[publish_wind_direction-2] [INFO] [1749225197.717364540] [publish_wind_direction]: Publishing: "id142:N"
[publish_wind_direction-2] [INFO] [1749225202.717458991] [publish_wind_direction]: Publishing: "id142:N"
[publish_wind_direction-2] [INFO] [1749225207.717100473] [publish_wind_direction]: Publishing: "id142:N"
[publish_wind_direction-2] [INFO] [1749225212.716767700] [publish_wind_direction]: Publishing: "id142:N"
[publish_wind_direction-2] [INFO] [1749225217.717211887] [publish_wind_direction]: Publishing: "id142:N"
[publish_wind_direction-2] [INFO] [1749225222.717080806] [publish_wind_direction]: Publishing: "id142:N"
[publish_wind_direction-2] [INFO] [1749225227.717273424] [publish_wind_direction]: Publishing: "id142:N"
[publish_wind_direction-2] [INFO] [1749225228.190764788] [publish_wind_direction]: * Received from id155, wind direction W
[publish_wind_direction-2] [INFO] [1749225228.193669676] [publish_wind_direction]: All opinions = {'id155': 'W', 'id136': 'N', 'id195': 'S', 'id200': 'S'}
[publish_wind_direction-2] [INFO] [1749225228.196548288] [publish_wind_direction]: Publisher, neighbours_by_id={'id136', 'id206', 'id192', 'id1193', 'id195'}
[publish_wind_direction-2] [INFO] [1749225232.238674753] [publish_wind_direction]: ***Cam angle= -60.11680330743352, vico ang deg= 92.72145804438851 Ground Truth= 32.60465473695499
[publish_wind_direction-2] [INFO] [1749225232.241189253] [publish_wind_direction]: Publisher, Neighbourhood size: 5
[publish_wind_direction-2] [INFO] [1749225232.243610867] [publish_wind_direction]: Decision Making Triggered
[publish_wind_direction-2] [INFO] [1749225232.246050925] [publish_wind_direction]: Publisher, Neighbours Opinion: 1
[publish_wind_direction-2] [INFO] [1749225232.248902653] [publish_wind_direction]: Inside Decision Making, neighbours opinion: {'id136': 'N'}
[publish_wind_direction-2] [INFO] [1749225232.251364321] [publish_wind_direction]: Inside Decision Making, social opinions: {'N': 1}
[publish_wind_direction-2] [INFO] [1749225232.602501670] [publish_wind_direction]: Vicon Position= [75.1624526977539, -15.038139343261719]
[publish_wind_direction-2] [INFO] [1749225232.605203293] [publish_wind_direction]: Neighbourhood size: 5
[publish_wind_direction-2] [INFO] [1749225232.717115284] [publish_wind_direction]: Publishing: "id142:N"
[publish_wind_direction-2] [INFO] [1749225233.043979675] [publish_wind_direction]: * Received from id200, wind direction E
[publish_wind_direction-2] [INFO] [1749225233.047113042] [publish_wind_direction]: All opinions = {'id155': 'W', 'id136': 'N', 'id195': 'S', 'id200': 'E'}
[publish_wind_direction-2] [INFO] [1749225233.050282611] [publish_wind_direction]: Publisher, neighbours_by_id={'id247', 'id155', 'id206', 'id1193', 'id200'}
[publish_wind_direction-2] [INFO] [1749225237.298215462] [publish_wind_direction]: ***Cam angle= -228.0192505126559, vico ang deg= 99.0170854479632 Ground Truth= 230.9978349353073
[publish_wind_direction-2] [INFO] [1749225237.301823427] [publish_wind_direction]: Publisher, Neighbourhood size: 5
[publish_wind_direction-2] [INFO] [1749225237.305479187] [publish_wind_direction]: Decision Making Triggered
[publish_wind_direction-2] [INFO] [1749225237.308900085] [publish_wind_direction]: Publisher, Neighbours Opinion: 2
[publish_wind_direction-2] [INFO] [1749225237.312378554] [publish_wind_direction]: Inside Decision Making, neighbours opinion: {'id136': 'N', 'id200': 'E'}
[publish_wind_direction-2] [INFO] [1749225237.315820248] [publish_wind_direction]: Inside Decision Making, social opinions: {'N': 1, 'E': 1}
[publish_wind_direction-2] [INFO] [1749225237.717138616] [publish_wind_direction]: Publishing: "id142:E"
[publish_wind_direction-2] [INFO] [1749225242.717097312] [publish_wind_direction]: Publishing: "id142:E"
[publish_wind_direction-2] [INFO] [1749225247.717118462] [publish_wind_direction]: Publishing: "id142:E"
[publish_wind_direction-2] [INFO] [1749225252.717290806] [publish_wind_direction]: Publishing: "id142:E"
[publish_wind_direction-2] [INFO] [1749225255.576655939] [publish_wind_direction]: Vicon Position= [6.699615955352783, -529.9019165039062]
[publish_wind_direction-2] [INFO] [1749225255.579742695] [publish_wind_direction]: Neighbourhood size: 5
[publish_wind_direction-2] [INFO] [1749225257.717136870] [publish_wind_direction]: Publishing: "id142:E"
[publish_wind_direction-2] [INFO] [1749225262.717145627] [publish_wind_direction]: Publishing: "id142:E"
[publish_wind_direction-2] [INFO] [1749225266.571036698] [publish_wind_direction]: Vicon Position= [6.699615955352783, -529.9019165039062]
[publish_wind_direction-2] [INFO] [1749225266.574151199] [publish_wind_direction]: Neighbourhood size: 5
[publish_wind_direction-2] [INFO] [1749225267.717163188] [publish_wind_direction]: Publishing: "id142:E"
[publish_wind_direction-2] [INFO] [1749225271.011371679] [publish_wind_direction]: * Received from id200, wind direction N
[publish_wind_direction-2] [INFO] [1749225271.014023917] [publish_wind_direction]: All opinions = {'id155': 'W', 'id136': 'N', 'id195': 'S', 'id200': 'N'}
[publish_wind_direction-2] [INFO] [1749225271.016710636] [publish_wind_direction]: Publisher, neighbours_by_id={'id247', 'id224', 'id193', 'id206', 'id1193'}
[publish_wind_direction-2] [INFO] [1749225274.977633042] [publish_wind_direction]: ***Cam angle= 41.911911676712066, vico ang deg= -91.5573660863889 Ground Truth= 310.35454559032314
[publish_wind_direction-2] [INFO] [1749225274.980150840] [publish_wind_direction]: Publisher, Neighbourhood size: 5
[publish_wind_direction-2] [INFO] [1749225274.982543660] [publish_wind_direction]: Decision Making Triggered
[publish_wind_direction-2] [INFO] [1749225274.985002905] [publish_wind_direction]: Publisher, Neighbours Opinion: 2
[publish_wind_direction-2] [INFO] [1749225274.987430132] [publish_wind_direction]: Inside Decision Making, neighbours opinion: {'id136': 'N', 'id200': 'E'}
[publish_wind_direction-2] [INFO] [1749225274.989890599] [publish_wind_direction]: Inside Decision Making, social opinions: {'N': 1, 'E': 1}
[publish_wind_direction-2] [INFO] [1749225274.994353175] [publish_wind_direction]: Publishing: "id142:E"
[publish_wind_direction-2] [INFO] [1749225277.717026471] [publish_wind_direction]: Publishing: "id142:E"
[publish_wind_direction-2] [INFO] [1749225282.717905728] [publish_wind_direction]: Publishing: "id142:E"
[publish_wind_direction-2] [INFO] [1749225284.444135265] [publish_wind_direction]: * Received from id192, wind direction N
[publish_wind_direction-2] [INFO] [1749225284.446897855] [publish_wind_direction]: All opinions = {'id155': 'W', 'id136': 'N', 'id195': 'S', 'id200': 'N', 'id192': 'N'}
[publish_wind_direction-2] [INFO] [1749225284.449570021] [publish_wind_direction]: Publisher, neighbours_by_id={'id247', 'id224', 'id193', 'id206', 'id1193'}
[publish_wind_direction-2] [INFO] [1749225288.386763096] [publish_wind_direction]: ***Cam angle= -185.15489983734994, vico ang deg= -91.5573660863889 Ground Truth= 83.28773407626113
[publish_wind_direction-2] [INFO] [1749225288.389267009] [publish_wind_direction]: Publisher, Neighbourhood size: 5
[publish_wind_direction-2] [INFO] [1749225288.391672294] [publish_wind_direction]: Decision Making Triggered
[publish_wind_direction-2] [INFO] [1749225288.394047840] [publish_wind_direction]: Publisher, Neighbours Opinion: 2
[publish_wind_direction-2] [INFO] [1749225288.396474070] [publish_wind_direction]: Inside Decision Making, neighbours opinion: {'id136': 'N', 'id200': 'E'}
[publish_wind_direction-2] [INFO] [1749225288.399008796] [publish_wind_direction]: Inside Decision Making, social opinions: {'N': 1, 'E': 1}
[publish_wind_direction-2] [INFO] [1749225288.403329177] [publish_wind_direction]: Publishing: "id142:W"
[publish_wind_direction-2] [INFO] [1749225292.431178586] [publish_wind_direction]: Vicon Position= [6.699615955352783, -529.9019165039062]
[publish_wind_direction-2] [INFO] [1749225292.434125616] [publish_wind_direction]: Neighbourhood size: 5
[publish_wind_direction-2] [INFO] [1749225292.717152265] [publish_wind_direction]: Publishing: "id142:W"
[publish_wind_direction-2] [INFO] [1749225297.717268309] [publish_wind_direction]: Publishing: "id142:W"
[publish_wind_direction-2] [INFO] [1749225302.717079764] [publish_wind_direction]: Publishing: "id142:W"
[publish_wind_direction-2] [INFO] [1749225303.606786071] [publish_wind_direction]: Vicon Position= [6.699615955352783, -529.9019165039062]
[publish_wind_direction-2] [INFO] [1749225303.609544793] [publish_wind_direction]: Neighbourhood size: 5
[publish_wind_direction-2] [INFO] [1749225307.717083670] [publish_wind_direction]: Publishing: "id142:W"
[publish_wind_direction-2] [INFO] [1749225309.039448419] [publish_wind_direction]: * Received from id192, wind direction N
[publish_wind_direction-2] [INFO] [1749225309.042585151] [publish_wind_direction]: All opinions = {'id155': 'W', 'id136': 'N', 'id195': 'S', 'id200': 'N', 'id192': 'N'}
[publish_wind_direction-2] [INFO] [1749225309.045546183] [publish_wind_direction]: Publisher, neighbours_by_id={'id247', 'id224', 'id193', 'id206', 'id1193'}
[publish_wind_direction-2] [INFO] [1749225312.921856372] [publish_wind_direction]: ***Cam angle= -6.974126073956157, vico ang deg= -91.5573660863889 Ground Truth= 261.46850783965493
[publish_wind_direction-2] [INFO] [1749225312.924398676] [publish_wind_direction]: Publisher, Neighbourhood size: 5
[publish_wind_direction-2] [INFO] [1749225312.926809945] [publish_wind_direction]: Decision Making Triggered
[publish_wind_direction-2] [INFO] [1749225312.929276454] [publish_wind_direction]: Publisher, Neighbours Opinion: 2
[publish_wind_direction-2] [INFO] [1749225312.931748296] [publish_wind_direction]: Inside Decision Making, neighbours opinion: {'id136': 'N', 'id200': 'E'}
[publish_wind_direction-2] [INFO] [1749225312.934334264] [publish_wind_direction]: Inside Decision Making, social opinions: {'N': 1, 'E': 1}
[publish_wind_direction-2] [INFO] [1749225312.938652909] [publish_wind_direction]: Publishing: "id142:E"
[publish_wind_direction-2] [INFO] [1749225317.717074040] [publish_wind_direction]: Publishing: "id142:E"
[publish_wind_direction-2] [INFO] [1749225322.717100203] [publish_wind_direction]: Publishing: "id142:E"
[publish_wind_direction-2] [INFO] [1749225323.922270150] [publish_wind_direction]: Vicon Position= [6.699615955352783, -529.9019165039062]
[publish_wind_direction-2] [INFO] [1749225323.925365976] [publish_wind_direction]: Neighbourhood size: 5
[publish_wind_direction-2] [INFO] [1749225327.717079125] [publish_wind_direction]: Publishing: "id142:E"
[publish_wind_direction-2] [INFO] [1749225332.717113263] [publish_wind_direction]: Publishing: "id142:E"
[publish_wind_direction-2] [INFO] [1749225337.717378513] [publish_wind_direction]: Publishing: "id142:E"
[publish_wind_direction-2] [INFO] [1749225342.717201317] [publish_wind_direction]: Publishing: "id142:E"
[publish_wind_direction-2] [INFO] [1749225347.717281184] [publish_wind_direction]: Publishing: "id142:E"
[publish_wind_direction-2] [INFO] [1749225352.717207419] [publish_wind_direction]: Publishing: "id142:E"
[publish_wind_direction-2] [INFO] [1749225357.717047318] [publish_wind_direction]: Publishing: "id142:E"
[publish_wind_direction-2] [INFO] [1749225362.717120436] [publish_wind_direction]: Publishing: "id142:E"
[publish_wind_direction-2] [INFO] [1749225367.717115350] [publish_wind_direction]: Publishing: "id142:E"
[publish_wind_direction-2] [INFO] [1749225372.717151609] [publish_wind_direction]: Publishing: "id142:E"
[publish_wind_direction-2] [INFO] [1749225377.717107402] [publish_wind_direction]: Publishing: "id142:E"
[publish_wind_direction-2] [INFO] [1749225382.717628510] [publish_wind_direction]: Publishing: "id142:E"
[publish_wind_direction-2] [INFO] [1749225384.400713116] [publish_wind_direction]: Vicon Position= [6.699615955352783, -529.9019165039062]
[publish_wind_direction-2] [INFO] [1749225384.403662763] [publish_wind_direction]: Neighbourhood size: 5
[publish_wind_direction-2] [INFO] [1749225387.717113482] [publish_wind_direction]: Publishing: "id142:E"
[publish_wind_direction-2] [INFO] [1749225392.717057822] [publish_wind_direction]: Publishing: "id142:E"
[publish_wind_direction-2] [INFO] [1749225397.717093642] [publish_wind_direction]: Publishing: "id142:E"
[publish_wind_direction-2] [INFO] [1749225400.836582971] [publish_wind_direction]: Vicon Position= [6.699615955352783, -529.9019165039062]
[publish_wind_direction-2] [INFO] [1749225400.839448268] [publish_wind_direction]: Neighbourhood size: 5
[publish_wind_direction-2] [INFO] [1749225402.717117731] [publish_wind_direction]: Publishing: "id142:E"
[publish_wind_direction-2] [INFO] [1749225407.717073901] [publish_wind_direction]: Publishing: "id142:E"
[publish_wind_direction-2] [INFO] [1749225412.711353251] [publish_wind_direction]: Vicon Position= [6.699615955352783, -529.9019165039062]
[publish_wind_direction-2] [INFO] [1749225412.714235806] [publish_wind_direction]: Neighbourhood size: 5
[publish_wind_direction-2] [INFO] [1749225412.719297695] [publish_wind_direction]: Publishing: "id142:E"
[publish_wind_direction-2] [INFO] [1749225417.717116150] [publish_wind_direction]: Publishing: "id142:E"
[publish_wind_direction-2] [INFO] [1749225418.188932488] [publish_wind_direction]: * Received from id155, wind direction W
[publish_wind_direction-2] [INFO] [1749225418.191841599] [publish_wind_direction]: All opinions = {'id155': 'W', 'id136': 'N', 'id195': 'S', 'id200': 'N', 'id192': 'N'}
[publish_wind_direction-2] [INFO] [1749225418.194584158] [publish_wind_direction]: Publisher, neighbours_by_id={'id247', 'id224', 'id193', 'id206', 'id1193'}
[publish_wind_direction-2] [INFO] [1749225422.543393840] [publish_wind_direction]: ***Cam angle= 30.148254913816587, vico ang deg= -91.5573660863889 Ground Truth= 298.5908888274277
[publish_wind_direction-2] [INFO] [1749225422.545856555] [publish_wind_direction]: Publisher, Neighbourhood size: 5
[publish_wind_direction-2] [INFO] [1749225422.548238975] [publish_wind_direction]: Decision Making Triggered
[publish_wind_direction-2] [INFO] [1749225422.550581397] [publish_wind_direction]: Publisher, Neighbours Opinion: 2
[publish_wind_direction-2] [INFO] [1749225422.553026223] [publish_wind_direction]: Inside Decision Making, neighbours opinion: {'id136': 'N', 'id200': 'E'}
[publish_wind_direction-2] [INFO] [1749225422.555382385] [publish_wind_direction]: Inside Decision Making, social opinions: {'N': 1, 'E': 1}
[publish_wind_direction-2] [INFO] [1749225422.717222961] [publish_wind_direction]: Publishing: "id142:E"
[publish_wind_direction-2] [INFO] [1749225427.716887694] [publish_wind_direction]: Publishing: "id142:E"
[publish_wind_direction-2] [INFO] [1749225432.717118801] [publish_wind_direction]: Publishing: "id142:E"
[publish_wind_direction-2] [INFO] [1749225437.717184317] [publish_wind_direction]: Publishing: "id142:E"
[publish_wind_direction-2] [INFO] [1749225442.635472995] [publish_wind_direction]: Vicon Position= [6.699615955352783, -529.9019165039062]
[publish_wind_direction-2] [INFO] [1749225442.638586730] [publish_wind_direction]: Neighbourhood size: 5
[publish_wind_direction-2] [INFO] [1749225442.717025407] [publish_wind_direction]: Publishing: "id142:E"
[publish_wind_direction-2] [INFO] [1749225447.717045986] [publish_wind_direction]: Publishing: "id142:E"
[publish_wind_direction-2] [INFO] [1749225452.717064853] [publish_wind_direction]: Publishing: "id142:E"
[publish_wind_direction-2] [INFO] [1749225457.717061506] [publish_wind_direction]: Publishing: "id142:E"
[publish_wind_direction-2] [INFO] [1749225462.717058296] [publish_wind_direction]: Publishing: "id142:E"
[publish_wind_direction-2] [INFO] [1749225464.794675597] [publish_wind_direction]: Vicon Position= [6.699615955352783, -529.9019165039062]
[publish_wind_direction-2] [INFO] [1749225464.797748333] [publish_wind_direction]: Neighbourhood size: 5
[publish_wind_direction-2] [INFO] [1749225467.717278641] [publish_wind_direction]: Publishing: "id142:E"
[publish_wind_direction-2] [INFO] [1749225472.717124520] [publish_wind_direction]: Publishing: "id142:E"
[publish_wind_direction-2] [INFO] [1749225477.146200512] [publish_wind_direction]: * Received from id155, wind direction W
[publish_wind_direction-2] [INFO] [1749225477.149098549] [publish_wind_direction]: All opinions = {'id155': 'W', 'id136': 'N', 'id195': 'S', 'id200': 'N', 'id192': 'N'}
[publish_wind_direction-2] [INFO] [1749225477.151863923] [publish_wind_direction]: Publisher, neighbours_by_id={'id247', 'id224', 'id193', 'id206', 'id1193'}
[publish_wind_direction-2] [INFO] [1749225481.210333014] [publish_wind_direction]: ***Cam angle= -999.0, vico ang deg= -91.5573660863889 Ground Truth= 349.4426339136112
[publish_wind_direction-2] [INFO] [1749225481.213775537] [publish_wind_direction]: Publisher, Neighbourhood size: 5
[publish_wind_direction-2] [INFO] [1749225481.217171876] [publish_wind_direction]: Decision Making Triggered
[publish_wind_direction-2] [INFO] [1749225481.220605140] [publish_wind_direction]: Publisher, Neighbours Opinion: 2
[publish_wind_direction-2] [INFO] [1749225481.224204011] [publish_wind_direction]: Inside Decision Making, neighbours opinion: {'id136': 'N', 'id200': 'E'}
[publish_wind_direction-2] [INFO] [1749225481.227548758] [publish_wind_direction]: Inside Decision Making, social opinions: {'N': 1, 'E': 1}
[publish_wind_direction-2] [INFO] [1749225481.233717027] [publish_wind_direction]: Publishing: "id142:N"
[publish_wind_direction-2] [INFO] [1749225481.239219552] [publish_wind_direction]: Vicon Position= [6.699615955352783, -529.9019165039062]
[publish_wind_direction-2] [INFO] [1749225481.242795146] [publish_wind_direction]: Neighbourhood size: 5
[publish_wind_direction-2] [INFO] [1749225482.717275594] [publish_wind_direction]: Publishing: "id142:N"
[publish_wind_direction-2] [INFO] [1749225484.418500351] [publish_wind_direction]: * Received from id192, wind direction N
[publish_wind_direction-2] [INFO] [1749225484.421236077] [publish_wind_direction]: All opinions = {'id155': 'W', 'id136': 'N', 'id195': 'S', 'id200': 'N', 'id192': 'N'}
[publish_wind_direction-2] [INFO] [1749225484.423927656] [publish_wind_direction]: Publisher, neighbours_by_id={'id247', 'id224', 'id193', 'id206', 'id1193'}
[publish_wind_direction-2] [INFO] [1749225488.368326467] [publish_wind_direction]: ***Cam angle= 3.516188270149655, vico ang deg= -91.5573660863889 Ground Truth= 271.95882218376073
[publish_wind_direction-2] [INFO] [1749225488.370732942] [publish_wind_direction]: Publisher, Neighbourhood size: 5
[publish_wind_direction-2] [INFO] [1749225488.373149214] [publish_wind_direction]: Decision Making Triggered
[publish_wind_direction-2] [INFO] [1749225488.375520616] [publish_wind_direction]: Publisher, Neighbours Opinion: 2
[publish_wind_direction-2] [INFO] [1749225488.378026404] [publish_wind_direction]: Inside Decision Making, neighbours opinion: {'id136': 'N', 'id200': 'E'}
[publish_wind_direction-2] [INFO] [1749225488.380533339] [publish_wind_direction]: Inside Decision Making, social opinions: {'N': 1, 'E': 1}
[publish_wind_direction-2] [INFO] [1749225488.385073445] [publish_wind_direction]: Publishing: "id142:E"
[publish_wind_direction-2] [INFO] [1749225492.717037783] [publish_wind_direction]: Publishing: "id142:E"
[publish_wind_direction-2] [INFO] [1749225494.089804670] [publish_wind_direction]: Vicon Position= [6.699615955352783, -529.9019165039062]
[publish_wind_direction-2] [INFO] [1749225494.092765853] [publish_wind_direction]: Neighbourhood size: 5
[publish_wind_direction-2] [INFO] [1749225497.717137580] [publish_wind_direction]: Publishing: "id142:E"
[publish_wind_direction-2] [INFO] [1749225502.717267970] [publish_wind_direction]: Publishing: "id142:E"
[publish_wind_direction-2] [INFO] [1749225507.182587382] [publish_wind_direction]: Vicon Position= [6.699615955352783, -529.9019165039062]
[publish_wind_direction-2] [INFO] [1749225507.185415587] [publish_wind_direction]: Neighbourhood size: 5
[publish_wind_direction-2] [INFO] [1749225507.717350215] [publish_wind_direction]: Publishing: "id142:E"
[publish_wind_direction-2] [INFO] [1749225512.717178524] [publish_wind_direction]: Publishing: "id142:E"
[publish_wind_direction-2] [INFO] [1749225517.717160329] [publish_wind_direction]: Publishing: "id142:E"
[publish_wind_direction-2] [INFO] [1749225522.717357612] [publish_wind_direction]: Publishing: "id142:E"
[publish_wind_direction-2] [INFO] [1749225527.717261422] [publish_wind_direction]: Publishing: "id142:E"
[publish_wind_direction-2] [INFO] [1749225528.817356807] [publish_wind_direction]: * Received from id200, wind direction N
[publish_wind_direction-2] [INFO] [1749225528.820103681] [publish_wind_direction]: All opinions = {'id155': 'W', 'id136': 'N', 'id195': 'S', 'id200': 'N', 'id192': 'N'}
[publish_wind_direction-2] [INFO] [1749225528.822899351] [publish_wind_direction]: Publisher, neighbours_by_id={'id247', 'id224', 'id193', 'id206', 'id1193'}
[publish_wind_direction-2] [INFO] [1749225532.674108612] [publish_wind_direction]: ***Cam angle= 81.24488294818309, vico ang deg= -91.5573660863889 Ground Truth= 349.68751686179417
[publish_wind_direction-2] [INFO] [1749225532.676537772] [publish_wind_direction]: Publisher, Neighbourhood size: 5
[publish_wind_direction-2] [INFO] [1749225532.678987358] [publish_wind_direction]: Decision Making Triggered
[publish_wind_direction-2] [INFO] [1749225532.681474313] [publish_wind_direction]: Publisher, Neighbours Opinion: 2
[publish_wind_direction-2] [INFO] [1749225532.683981119] [publish_wind_direction]: Inside Decision Making, neighbours opinion: {'id136': 'N', 'id200': 'E'}
[publish_wind_direction-2] [INFO] [1749225532.686437593] [publish_wind_direction]: Inside Decision Making, social opinions: {'N': 1, 'E': 1}
[publish_wind_direction-2] [INFO] [1749225532.689968984] [publish_wind_direction]: * Received from id200, wind direction N
[publish_wind_direction-2] [INFO] [1749225532.692368404] [publish_wind_direction]: All opinions = {'id155': 'W', 'id136': 'N', 'id195': 'S', 'id200': 'N', 'id192': 'N'}
[publish_wind_direction-2] [INFO] [1749225532.694771843] [publish_wind_direction]: Publisher, neighbours_by_id={'id247', 'id224', 'id193', 'id206', 'id1193'}
[publish_wind_direction-2] [INFO] [1749225536.835333589] [publish_wind_direction]: ***Cam angle= 11.791482909368511, vico ang deg= -91.5573660863889 Ground Truth= 280.2341168229796
[publish_wind_direction-2] [INFO] [1749225536.837784045] [publish_wind_direction]: Publisher, Neighbourhood size: 5
[publish_wind_direction-2] [INFO] [1749225536.840158632] [publish_wind_direction]: Decision Making Triggered
[publish_wind_direction-2] [INFO] [1749225536.842482702] [publish_wind_direction]: Publisher, Neighbours Opinion: 2
[publish_wind_direction-2] [INFO] [1749225536.844894752] [publish_wind_direction]: Inside Decision Making, neighbours opinion: {'id136': 'N', 'id200': 'E'}
[publish_wind_direction-2] [INFO] [1749225536.847240377] [publish_wind_direction]: Inside Decision Making, social opinions: {'N': 1, 'E': 1}
[publish_wind_direction-2] [INFO] [1749225536.851490713] [publish_wind_direction]: Publishing: "id142:E"
[publish_wind_direction-2] [INFO] [1749225537.717009934] [publish_wind_direction]: Publishing: "id142:E"
[publish_wind_direction-2] [INFO] [1749225542.717020391] [publish_wind_direction]: Publishing: "id142:E"
[publish_wind_direction-2] [INFO] [1749225543.720259830] [publish_wind_direction]: * Received from id192, wind direction N
[publish_wind_direction-2] [INFO] [1749225543.722954020] [publish_wind_direction]: All opinions = {'id155': 'W', 'id136': 'N', 'id195': 'S', 'id200': 'N', 'id192': 'N'}
[publish_wind_direction-2] [INFO] [1749225543.725631822] [publish_wind_direction]: Publisher, neighbours_by_id={'id247', 'id224', 'id193', 'id206', 'id1193'}
[publish_wind_direction-2] [INFO] [1749225547.532591439] [publish_wind_direction]: ***Cam angle= -999.0, vico ang deg= -91.5573660863889 Ground Truth= 349.4426339136112
[publish_wind_direction-2] [INFO] [1749225547.534991304] [publish_wind_direction]: Publisher, Neighbourhood size: 5
[publish_wind_direction-2] [INFO] [1749225547.537384835] [publish_wind_direction]: Decision Making Triggered
[publish_wind_direction-2] [INFO] [1749225547.539756608] [publish_wind_direction]: Publisher, Neighbours Opinion: 2
[publish_wind_direction-2] [INFO] [1749225547.542104937] [publish_wind_direction]: Inside Decision Making, neighbours opinion: {'id136': 'N', 'id200': 'E'}
[publish_wind_direction-2] [INFO] [1749225547.544514690] [publish_wind_direction]: Inside Decision Making, social opinions: {'N': 1, 'E': 1}
[publish_wind_direction-2] [INFO] [1749225547.717064959] [publish_wind_direction]: Publishing: "id142:N"
[publish_wind_direction-2] [INFO] [1749225550.061681720] [publish_wind_direction]: Vicon Position= [6.699615955352783, -529.9019165039062]
[publish_wind_direction-2] [INFO] [1749225550.064576035] [publish_wind_direction]: Neighbourhood size: 5
[publish_wind_direction-2] [INFO] [1749225552.717096843] [publish_wind_direction]: Publishing: "id142:N"
[publish_wind_direction-2] [INFO] [1749225557.717158096] [publish_wind_direction]: Publishing: "id142:N"
[publish_wind_direction-2] [INFO] [1749225559.667985046] [publish_wind_direction]: Vicon Position= [6.699615955352783, -529.9019165039062]
[publish_wind_direction-2] [INFO] [1749225559.670819769] [publish_wind_direction]: Neighbourhood size: 5
[publish_wind_direction-2] [INFO] [1749225562.717371828] [publish_wind_direction]: Publishing: "id142:N"
[publish_wind_direction-2] [INFO] [1749225567.717293807] [publish_wind_direction]: Publishing: "id142:N"
[publish_wind_direction-2] [INFO] [1749225572.717204676] [publish_wind_direction]: Publishing: "id142:N"
[publish_wind_direction-2] [INFO] [1749225576.675449294] [publish_wind_direction]: * Received from id192, wind direction N
[publish_wind_direction-2] [INFO] [1749225576.678240038] [publish_wind_direction]: All opinions = {'id155': 'W', 'id136': 'N', 'id195': 'S', 'id200': 'N', 'id192': 'N'}
[publish_wind_direction-2] [INFO] [1749225576.681152648] [publish_wind_direction]: Publisher, neighbours_by_id={'id247', 'id224', 'id193', 'id206', 'id1193'}
[publish_wind_direction-2] [INFO] [1749225580.543743899] [publish_wind_direction]: ***Cam angle= -999.0, vico ang deg= -91.5573660863889 Ground Truth= 349.4426339136112
[publish_wind_direction-2] [INFO] [1749225580.546132153] [publish_wind_direction]: Publisher, Neighbourhood size: 5
[publish_wind_direction-2] [INFO] [1749225580.548656773] [publish_wind_direction]: Decision Making Triggered
[publish_wind_direction-2] [INFO] [1749225580.551140117] [publish_wind_direction]: Publisher, Neighbours Opinion: 2
[publish_wind_direction-2] [INFO] [1749225580.553562888] [publish_wind_direction]: Inside Decision Making, neighbours opinion: {'id136': 'N', 'id200': 'E'}
[publish_wind_direction-2] [INFO] [1749225580.556082287] [publish_wind_direction]: Inside Decision Making, social opinions: {'N': 1, 'E': 1}
[publish_wind_direction-2] [INFO] [1749225580.560382195] [publish_wind_direction]: Publishing: "id142:N"
[publish_wind_direction-2] [INFO] [1749225580.563157384] [publish_wind_direction]: * Received from id192, wind direction N
[publish_wind_direction-2] [INFO] [1749225580.565561489] [publish_wind_direction]: All opinions = {'id155': 'W', 'id136': 'N', 'id195': 'S', 'id200': 'N', 'id192': 'N'}
[publish_wind_direction-2] [INFO] [1749225580.567961020] [publish_wind_direction]: Publisher, neighbours_by_id={'id247', 'id224', 'id193', 'id206', 'id1193'}
[publish_wind_direction-2] [INFO] [1749225584.383809134] [publish_wind_direction]: ***Cam angle= -999.0, vico ang deg= -91.5573660863889 Ground Truth= 349.4426339136112
[publish_wind_direction-2] [INFO] [1749225584.386185054] [publish_wind_direction]: Publisher, Neighbourhood size: 5
[publish_wind_direction-2] [INFO] [1749225584.388623103] [publish_wind_direction]: Decision Making Triggered
[publish_wind_direction-2] [INFO] [1749225584.391029301] [publish_wind_direction]: Publisher, Neighbours Opinion: 2
[publish_wind_direction-2] [INFO] [1749225584.393446220] [publish_wind_direction]: Inside Decision Making, neighbours opinion: {'id136': 'N', 'id200': 'E'}
[publish_wind_direction-2] [INFO] [1749225584.395830789] [publish_wind_direction]: Inside Decision Making, social opinions: {'N': 1, 'E': 1}
[publish_wind_direction-2] [INFO] [1749225584.400291675] [publish_wind_direction]: Publishing: "id142:N"
[publish_wind_direction-2] [INFO] [1749225584.404187871] [publish_wind_direction]: Vicon Position= [6.699615955352783, -529.9019165039062]
[publish_wind_direction-2] [INFO] [1749225584.406666252] [publish_wind_direction]: Neighbourhood size: 5
[publish_wind_direction-2] [INFO] [1749225587.717070874] [publish_wind_direction]: Publishing: "id142:N"
[publish_wind_direction-2] [INFO] [1749225592.717485768] [publish_wind_direction]: Publishing: "id142:N"
[publish_wind_direction-2] [INFO] [1749225597.717052017] [publish_wind_direction]: Publishing: "id142:N"
[publish_wind_direction-2] [INFO] [1749225602.717418468] [publish_wind_direction]: Publishing: "id142:N"
[publish_wind_direction-2] [INFO] [1749225607.256973420] [publish_wind_direction]: * Received from id200, wind direction N
[publish_wind_direction-2] [INFO] [1749225607.259747922] [publish_wind_direction]: All opinions = {'id155': 'W', 'id136': 'N', 'id195': 'S', 'id200': 'N', 'id192': 'N'}
[publish_wind_direction-2] [INFO] [1749225607.262395811] [publish_wind_direction]: Publisher, neighbours_by_id={'id247', 'id224', 'id193', 'id206', 'id1193'}
[publish_wind_direction-2] [INFO] [1749225611.348041380] [publish_wind_direction]: ***Cam angle= 17.283318672259398, vico ang deg= -91.5573660863889 Ground Truth= 285.7259525858705
[publish_wind_direction-2] [INFO] [1749225611.350454890] [publish_wind_direction]: Publisher, Neighbourhood size: 5
[publish_wind_direction-2] [INFO] [1749225611.352872604] [publish_wind_direction]: Decision Making Triggered
[publish_wind_direction-2] [INFO] [1749225611.355245410] [publish_wind_direction]: Publisher, Neighbours Opinion: 2
[publish_wind_direction-2] [INFO] [1749225611.357709069] [publish_wind_direction]: Inside Decision Making, neighbours opinion: {'id136': 'N', 'id200': 'E'}
[publish_wind_direction-2] [INFO] [1749225611.360090338] [publish_wind_direction]: Inside Decision Making, social opinions: {'N': 1, 'E': 1}
[publish_wind_direction-2] [INFO] [1749225611.364500295] [publish_wind_direction]: Publishing: "id142:E"
[publish_wind_direction-2] [INFO] [1749225612.463597281] [publish_wind_direction]: Vicon Position= [6.699615955352783, -529.9019165039062]
[publish_wind_direction-2] [INFO] [1749225612.466374094] [publish_wind_direction]: Neighbourhood size: 5
[publish_wind_direction-2] [INFO] [1749225612.548393676] [publish_wind_direction]: * Received from id155, wind direction W
[publish_wind_direction-2] [INFO] [1749225612.551228434] [publish_wind_direction]: All opinions = {'id155': 'W', 'id136': 'N', 'id195': 'S', 'id200': 'N', 'id192': 'N'}
[publish_wind_direction-2] [INFO] [1749225612.554006950] [publish_wind_direction]: Publisher, neighbours_by_id={'id247', 'id224', 'id193', 'id206', 'id1193'}
[publish_wind_direction-2] [INFO] [1749225616.580153919] [publish_wind_direction]: ***Cam angle= 26.867800202767754, vico ang deg= -91.5573660863889 Ground Truth= 295.3104341163789
[publish_wind_direction-2] [INFO] [1749225616.583517127] [publish_wind_direction]: Publisher, Neighbourhood size: 5
[publish_wind_direction-2] [INFO] [1749225616.586853910] [publish_wind_direction]: Decision Making Triggered
[publish_wind_direction-2] [INFO] [1749225616.590195267] [publish_wind_direction]: Publisher, Neighbours Opinion: 2
[publish_wind_direction-2] [INFO] [1749225616.593731534] [publish_wind_direction]: Inside Decision Making, neighbours opinion: {'id136': 'N', 'id200': 'E'}
[publish_wind_direction-2] [INFO] [1749225616.597101817] [publish_wind_direction]: Inside Decision Making, social opinions: {'N': 1, 'E': 1}
[publish_wind_direction-2] [INFO] [1749225616.603283003] [publish_wind_direction]: Publishing: "id142:E"
[publish_wind_direction-2] [INFO] [1749225617.716849304] [publish_wind_direction]: Publishing: "id142:E"
[publish_wind_direction-2] [INFO] [1749225622.717064609] [publish_wind_direction]: Publishing: "id142:E"
[publish_wind_direction-2] [INFO] [1749225627.717151026] [publish_wind_direction]: Publishing: "id142:E"
[publish_wind_direction-2] [INFO] [1749225632.717101111] [publish_wind_direction]: Publishing: "id142:E"
[publish_wind_direction-2] [INFO] [1749225637.717122038] [publish_wind_direction]: Publishing: "id142:E"
[publish_wind_direction-2] [INFO] [1749225642.717077396] [publish_wind_direction]: Publishing: "id142:E"
[publish_wind_direction-2] [INFO] [1749225647.717099245] [publish_wind_direction]: Publishing: "id142:E"
[publish_wind_direction-2] [INFO] [1749225652.558190603] [publish_wind_direction]: * Received from id192, wind direction N
[publish_wind_direction-2] [INFO] [1749225652.561109943] [publish_wind_direction]: All opinions = {'id155': 'W', 'id136': 'N', 'id195': 'S', 'id200': 'N', 'id192': 'N'}
[publish_wind_direction-2] [INFO] [1749225652.563906319] [publish_wind_direction]: Publisher, neighbours_by_id={'id247', 'id224', 'id193', 'id206', 'id1193'}
[publish_wind_direction-2] [INFO] [1749225656.313100136] [publish_wind_direction]: ***Cam angle= 17.931210929068044, vico ang deg= -91.5573660863889 Ground Truth= 286.37384484267915
[publish_wind_direction-2] [INFO] [1749225656.315563988] [publish_wind_direction]: Publisher, Neighbourhood size: 5
[publish_wind_direction-2] [INFO] [1749225656.317962284] [publish_wind_direction]: Decision Making Triggered
[publish_wind_direction-2] [INFO] [1749225656.320378044] [publish_wind_direction]: Publisher, Neighbours Opinion: 2
[publish_wind_direction-2] [INFO] [1749225656.322781081] [publish_wind_direction]: Inside Decision Making, neighbours opinion: {'id136': 'N', 'id200': 'E'}
[publish_wind_direction-2] [INFO] [1749225656.325203359] [publish_wind_direction]: Inside Decision Making, social opinions: {'N': 1, 'E': 1}
[publish_wind_direction-2] [INFO] [1749225656.329593244] [publish_wind_direction]: Publishing: "id142:E"
[publish_wind_direction-2] [INFO] [1749225657.717027944] [publish_wind_direction]: Publishing: "id142:E"
[publish_wind_direction-2] [INFO] [1749225662.717042779] [publish_wind_direction]: Publishing: "id142:E"
[publish_wind_direction-2] [INFO] [1749225667.717049239] [publish_wind_direction]: Publishing: "id142:E"
[publish_wind_direction-2] [INFO] [1749225672.717163690] [publish_wind_direction]: Publishing: "id142:E"
[publish_wind_direction-2] [INFO] [1749225677.717182159] [publish_wind_direction]: Publishing: "id142:E"
[publish_wind_direction-2] [INFO] [1749225678.512888115] [publish_wind_direction]: * Received from id192, wind direction N
[publish_wind_direction-2] [INFO] [1749225678.515616717] [publish_wind_direction]: All opinions = {'id155': 'W', 'id136': 'N', 'id195': 'S', 'id200': 'N', 'id192': 'N'}
[publish_wind_direction-2] [INFO] [1749225678.518252355] [publish_wind_direction]: Publisher, neighbours_by_id={'id247', 'id224', 'id193', 'id206', 'id1193'}
[publish_wind_direction-2] [INFO] [1749225682.597977718] [publish_wind_direction]: ***Cam angle= 67.18014358342688, vico ang deg= -91.5573660863889 Ground Truth= 335.622777497038
[publish_wind_direction-2] [INFO] [1749225682.600467298] [publish_wind_direction]: Publisher, Neighbourhood size: 5
[publish_wind_direction-2] [INFO] [1749225682.602822471] [publish_wind_direction]: Decision Making Triggered
[publish_wind_direction-2] [INFO] [1749225682.605226551] [publish_wind_direction]: Publisher, Neighbours Opinion: 2
[publish_wind_direction-2] [INFO] [1749225682.607768779] [publish_wind_direction]: Inside Decision Making, neighbours opinion: {'id136': 'N', 'id200': 'E'}
[publish_wind_direction-2] [INFO] [1749225682.610227082] [publish_wind_direction]: Inside Decision Making, social opinions: {'N': 1, 'E': 1}
[publish_wind_direction-2] [INFO] [1749225682.614801242] [publish_wind_direction]: Vicon Position= [6.699615955352783, -529.9019165039062]
[publish_wind_direction-2] [INFO] [1749225682.617341618] [publish_wind_direction]: Neighbourhood size: 5
[publish_wind_direction-2] [INFO] [1749225682.717046925] [publish_wind_direction]: Publishing: "id142:N"
[publish_wind_direction-2] [INFO] [1749225687.717147725] [publish_wind_direction]: Publishing: "id142:N"
[publish_wind_direction-2] [INFO] [1749225692.682635999] [publish_wind_direction]: * Received from id155, wind direction W
[publish_wind_direction-2] [INFO] [1749225692.685508520] [publish_wind_direction]: All opinions = {'id155': 'W', 'id136': 'N', 'id195': 'S', 'id200': 'N', 'id192': 'N'}
[publish_wind_direction-2] [INFO] [1749225692.688291096] [publish_wind_direction]: Publisher, neighbours_by_id={'id247', 'id224', 'id193', 'id206', 'id1193'}
[publish_wind_direction-2] [INFO] [1749225696.830387800] [publish_wind_direction]: ***Cam angle= -57.60292577236835, vico ang deg= -91.5573660863889 Ground Truth= 210.83970814124274
[publish_wind_direction-2] [INFO] [1749225696.832845337] [publish_wind_direction]: Publisher, Neighbourhood size: 5
[publish_wind_direction-2] [INFO] [1749225696.835190375] [publish_wind_direction]: Decision Making Triggered
[publish_wind_direction-2] [INFO] [1749225696.837592931] [publish_wind_direction]: Publisher, Neighbours Opinion: 2
[publish_wind_direction-2] [INFO] [1749225696.839992394] [publish_wind_direction]: Inside Decision Making, neighbours opinion: {'id136': 'N', 'id200': 'E'}
[publish_wind_direction-2] [INFO] [1749225696.842346413] [publish_wind_direction]: Inside Decision Making, social opinions: {'N': 1, 'E': 1}
[publish_wind_direction-2] [INFO] [1749225696.846890395] [publish_wind_direction]: Publishing: "id142:S"
[publish_wind_direction-2] [INFO] [1749225697.717017624] [publish_wind_direction]: Publishing: "id142:S"
[publish_wind_direction-2] [INFO] [1749225702.717066679] [publish_wind_direction]: Publishing: "id142:S"
[publish_wind_direction-2] [INFO] [1749225707.717085714] [publish_wind_direction]: Publishing: "id142:S"
[publish_wind_direction-2] [INFO] [1749225712.717270802] [publish_wind_direction]: Publishing: "id142:S"
[publish_wind_direction-2] [INFO] [1749225717.717125808] [publish_wind_direction]: Publishing: "id142:S"
[publish_wind_direction-2] [INFO] [1749225722.717125202] [publish_wind_direction]: Publishing: "id142:S"
[publish_wind_direction-2] [INFO] [1749225724.053347517] [publish_wind_direction]: * Received from id195, wind direction E
[publish_wind_direction-2] [INFO] [1749225724.056913929] [publish_wind_direction]: All opinions = {'id155': 'W', 'id136': 'N', 'id195': 'E', 'id200': 'N', 'id192': 'N'}
[publish_wind_direction-2] [INFO] [1749225724.060511008] [publish_wind_direction]: Publisher, neighbours_by_id={'id247', 'id224', 'id193', 'id206', 'id1193'}
[publish_wind_direction-2] [INFO] [1749225727.920565111] [publish_wind_direction]: ***Cam angle= 9.713119119721767, vico ang deg= -91.5573660863889 Ground Truth= 278.15575303333287
[publish_wind_direction-2] [INFO] [1749225727.922974730] [publish_wind_direction]: Publisher, Neighbourhood size: 5
[publish_wind_direction-2] [INFO] [1749225727.925377701] [publish_wind_direction]: Decision Making Triggered
[publish_wind_direction-2] [INFO] [1749225727.927660173] [publish_wind_direction]: Publisher, Neighbours Opinion: 2
[publish_wind_direction-2] [INFO] [1749225727.930056199] [publish_wind_direction]: Inside Decision Making, neighbours opinion: {'id136': 'N', 'id200': 'E'}
[publish_wind_direction-2] [INFO] [1749225727.932336393] [publish_wind_direction]: Inside Decision Making, social opinions: {'N': 1, 'E': 1}
[publish_wind_direction-2] [INFO] [1749225727.936766615] [publish_wind_direction]: Publishing: "id142:E"
[publish_wind_direction-2] [INFO] [1749225732.717114540] [publish_wind_direction]: Publishing: "id142:E"
[publish_wind_direction-2] [INFO] [1749225737.717119121] [publish_wind_direction]: Publishing: "id142:E"
[publish_wind_direction-2] [INFO] [1749225742.717142602] [publish_wind_direction]: Publishing: "id142:E"
[publish_wind_direction-2] [INFO] [1749225747.717199798] [publish_wind_direction]: Publishing: "id142:E"
[publish_wind_direction-2] [INFO] [1749225752.717185300] [publish_wind_direction]: Publishing: "id142:E"
[publish_wind_direction-2] [INFO] [1749225753.703102466] [publish_wind_direction]: Vicon Position= [6.699615955352783, -529.9019165039062]
[publish_wind_direction-2] [INFO] [1749225753.706162018] [publish_wind_direction]: Neighbourhood size: 5
[publish_wind_direction-2] [INFO] [1749225757.717327877] [publish_wind_direction]: Publishing: "id142:E"
[publish_wind_direction-2] [INFO] [1749225762.717240817] [publish_wind_direction]: Publishing: "id142:E"
[publish_wind_direction-2] [INFO] [1749225767.717224194] [publish_wind_direction]: Publishing: "id142:E"
[publish_wind_direction-2] [INFO] [1749225772.717200379] [publish_wind_direction]: Publishing: "id142:E"
[publish_wind_direction-2] [INFO] [1749225774.100851229] [publish_wind_direction]: * Received from id192, wind direction N
[publish_wind_direction-2] [INFO] [1749225774.103546556] [publish_wind_direction]: All opinions = {'id155': 'W', 'id136': 'N', 'id195': 'E', 'id200': 'N', 'id192': 'N'}
[publish_wind_direction-2] [INFO] [1749225774.106176347] [publish_wind_direction]: Publisher, neighbours_by_id={'id247', 'id224', 'id193', 'id206', 'id1193'}
[publish_wind_direction-2] [INFO] [1749225777.921404537] [publish_wind_direction]: ***Cam angle= 39.696671029540425, vico ang deg= -91.5573660863889 Ground Truth= 308.1393049431515
[publish_wind_direction-2] [INFO] [1749225777.923974994] [publish_wind_direction]: Publisher, Neighbourhood size: 5
[publish_wind_direction-2] [INFO] [1749225777.926320101] [publish_wind_direction]: Decision Making Triggered
[publish_wind_direction-2] [INFO] [1749225777.928737208] [publish_wind_direction]: Publisher, Neighbours Opinion: 2
[publish_wind_direction-2] [INFO] [1749225777.931148759] [publish_wind_direction]: Inside Decision Making, neighbours opinion: {'id136': 'N', 'id200': 'E'}
[publish_wind_direction-2] [INFO] [1749225777.933578569] [publish_wind_direction]: Inside Decision Making, social opinions: {'N': 1, 'E': 1}
[publish_wind_direction-2] [INFO] [1749225777.937995657] [publish_wind_direction]: Publishing: "id142:E"
[publish_wind_direction-2] [INFO] [1749225777.940842463] [publish_wind_direction]: * Received from id192, wind direction N
[publish_wind_direction-2] [INFO] [1749225777.943180144] [publish_wind_direction]: All opinions = {'id155': 'W', 'id136': 'N', 'id195': 'E', 'id200': 'N', 'id192': 'N'}
[publish_wind_direction-2] [INFO] [1749225777.945600992] [publish_wind_direction]: Publisher, neighbours_by_id={'id247', 'id224', 'id193', 'id206', 'id1193'}
[publish_wind_direction-2] [INFO] [1749225782.013209480] [publish_wind_direction]: ***Cam angle= -999.0, vico ang deg= -91.5573660863889 Ground Truth= 349.4426339136112
[publish_wind_direction-2] [INFO] [1749225782.015666974] [publish_wind_direction]: Publisher, Neighbourhood size: 5
[publish_wind_direction-2] [INFO] [1749225782.018010562] [publish_wind_direction]: Decision Making Triggered
[publish_wind_direction-2] [INFO] [1749225782.020384779] [publish_wind_direction]: Publisher, Neighbours Opinion: 2
[publish_wind_direction-2] [INFO] [1749225782.022737849] [publish_wind_direction]: Inside Decision Making, neighbours opinion: {'id136': 'N', 'id200': 'E'}
[publish_wind_direction-2] [INFO] [1749225782.025106769] [publish_wind_direction]: Inside Decision Making, social opinions: {'N': 1, 'E': 1}
[publish_wind_direction-2] [INFO] [1749225782.717063026] [publish_wind_direction]: Publishing: "id142:N"
[publish_wind_direction-2] [INFO] [1749225783.868212503] [publish_wind_direction]: * Received from id155, wind direction W
[publish_wind_direction-2] [INFO] [1749225783.870771514] [publish_wind_direction]: All opinions = {'id155': 'W', 'id136': 'N', 'id195': 'E', 'id200': 'N', 'id192': 'N'}
[publish_wind_direction-2] [INFO] [1749225783.873723744] [publish_wind_direction]: Publisher, neighbours_by_id={'id247', 'id224', 'id193', 'id206', 'id1193'}
[publish_wind_direction-2] [INFO] [1749225787.914868405] [publish_wind_direction]: ***Cam angle= -44.77921873096172, vico ang deg= -91.5573660863889 Ground Truth= 223.66341518264937
[publish_wind_direction-2] [INFO] [1749225787.918291777] [publish_wind_direction]: Publisher, Neighbourhood size: 5
[publish_wind_direction-2] [INFO] [1749225787.921618743] [publish_wind_direction]: Decision Making Triggered
[publish_wind_direction-2] [INFO] [1749225787.924965579] [publish_wind_direction]: Publisher, Neighbours Opinion: 2
[publish_wind_direction-2] [INFO] [1749225787.928549560] [publish_wind_direction]: Inside Decision Making, neighbours opinion: {'id136': 'N', 'id200': 'E'}
[publish_wind_direction-2] [INFO] [1749225787.931991284] [publish_wind_direction]: Inside Decision Making, social opinions: {'N': 1, 'E': 1}
[publish_wind_direction-2] [INFO] [1749225787.938167942] [publish_wind_direction]: Publishing: "id142:S"
[publish_wind_direction-2] [INFO] [1749225792.717105238] [publish_wind_direction]: Publishing: "id142:S"
[publish_wind_direction-2] [INFO] [1749225794.931400559] [publish_wind_direction]: Vicon Position= [6.699615955352783, -529.9019165039062]
[publish_wind_direction-2] [INFO] [1749225794.934295268] [publish_wind_direction]: Neighbourhood size: 5
[publish_wind_direction-2] [INFO] [1749225797.717428796] [publish_wind_direction]: Publishing: "id142:S"
[publish_wind_direction-2] [INFO] [1749225802.717078319] [publish_wind_direction]: Publishing: "id142:S"
[publish_wind_direction-2] [INFO] [1749225807.717381863] [publish_wind_direction]: Publishing: "id142:S"
[publish_wind_direction-2] [INFO] [1749225812.717058897] [publish_wind_direction]: Publishing: "id142:S"
[publish_wind_direction-2] [INFO] [1749225817.717096254] [publish_wind_direction]: Publishing: "id142:S"
[publish_wind_direction-2] [INFO] [1749225822.717081592] [publish_wind_direction]: Publishing: "id142:S"
[publish_wind_direction-2] [INFO] [1749225827.717152378] [publish_wind_direction]: Publishing: "id142:S"
[publish_wind_direction-2] [INFO] [1749225829.078499593] [publish_wind_direction]: * Received from id155, wind direction W
[publish_wind_direction-2] [INFO] [1749225829.081712681] [publish_wind_direction]: All opinions = {'id155': 'W', 'id136': 'N', 'id195': 'E', 'id200': 'N', 'id192': 'N'}
[publish_wind_direction-2] [INFO] [1749225829.085171654] [publish_wind_direction]: Publisher, neighbours_by_id={'id247', 'id224', 'id193', 'id206', 'id1193'}
[publish_wind_direction-2] [INFO] [1749225833.133023066] [publish_wind_direction]: ***Cam angle= -145.5071532042912, vico ang deg= -91.5573660863889 Ground Truth= 122.9354807093199
[publish_wind_direction-2] [INFO] [1749225833.135554384] [publish_wind_direction]: Publisher, Neighbourhood size: 5
[publish_wind_direction-2] [INFO] [1749225833.137893390] [publish_wind_direction]: Decision Making Triggered
[publish_wind_direction-2] [INFO] [1749225833.140277950] [publish_wind_direction]: Publisher, Neighbours Opinion: 2
[publish_wind_direction-2] [INFO] [1749225833.142611919] [publish_wind_direction]: Inside Decision Making, neighbours opinion: {'id136': 'N', 'id200': 'E'}
[publish_wind_direction-2] [INFO] [1749225833.145004943] [publish_wind_direction]: Inside Decision Making, social opinions: {'N': 1, 'E': 1}
[publish_wind_direction-2] [INFO] [1749225833.149398902] [publish_wind_direction]: Publishing: "id142:W"
[publish_wind_direction-2] [INFO] [1749225837.717058118] [publish_wind_direction]: Publishing: "id142:W"
[publish_wind_direction-2] [INFO] [1749225842.716911236] [publish_wind_direction]: Publishing: "id142:W"
[publish_wind_direction-2] [INFO] [1749225847.717123329] [publish_wind_direction]: Publishing: "id142:W"
[publish_wind_direction-2] [INFO] [1749225851.851314707] [publish_wind_direction]: Vicon Position= [6.699615955352783, -529.9019165039062]
[publish_wind_direction-2] [INFO] [1749225851.854134556] [publish_wind_direction]: Neighbourhood size: 5
[publish_wind_direction-2] [INFO] [1749225852.717150381] [publish_wind_direction]: Publishing: "id142:W"
[publish_wind_direction-2] [INFO] [1749225852.731277438] [publish_wind_direction]: * Received from id136, wind direction N
[publish_wind_direction-2] [INFO] [1749225852.734163470] [publish_wind_direction]: All opinions = {'id155': 'W', 'id136': 'N', 'id195': 'E', 'id200': 'N', 'id192': 'N'}
[publish_wind_direction-2] [INFO] [1749225852.736917597] [publish_wind_direction]: Publisher, neighbours_by_id={'id247', 'id224', 'id193', 'id206', 'id1193'}
[publish_wind_direction-2] [INFO] [1749225856.445362994] [publish_wind_direction]: ***Cam angle= -197.15885713942225, vico ang deg= -91.5573660863889 Ground Truth= 71.28377677418882
[publish_wind_direction-2] [INFO] [1749225856.447794551] [publish_wind_direction]: Publisher, Neighbourhood size: 5
[publish_wind_direction-2] [INFO] [1749225856.450136591] [publish_wind_direction]: Decision Making Triggered
[publish_wind_direction-2] [INFO] [1749225856.452535057] [publish_wind_direction]: Publisher, Neighbours Opinion: 2
[publish_wind_direction-2] [INFO] [1749225856.454911374] [publish_wind_direction]: Inside Decision Making, neighbours opinion: {'id136': 'N', 'id200': 'E'}
[publish_wind_direction-2] [INFO] [1749225856.457309858] [publish_wind_direction]: Inside Decision Making, social opinions: {'N': 1, 'E': 1}
[publish_wind_direction-2] [INFO] [1749225857.717105955] [publish_wind_direction]: Publishing: "id142:W"
[publish_wind_direction-2] [INFO] [1749225862.717127743] [publish_wind_direction]: Publishing: "id142:W"
[publish_wind_direction-2] [INFO] [1749225867.717257473] [publish_wind_direction]: Publishing: "id142:W"
[publish_wind_direction-2] [INFO] [1749225872.717414243] [publish_wind_direction]: Publishing: "id142:W"
[publish_wind_direction-2] [INFO] [1749225876.134403263] [publish_wind_direction]: * Received from id155, wind direction W
[publish_wind_direction-2] [INFO] [1749225876.137431068] [publish_wind_direction]: All opinions = {'id155': 'W', 'id136': 'N', 'id195': 'E', 'id200': 'N', 'id192': 'N'}
[publish_wind_direction-2] [INFO] [1749225876.140469706] [publish_wind_direction]: Publisher, neighbours_by_id={'id247', 'id224', 'id193', 'id206', 'id1193'}
[publish_wind_direction-2] [INFO] [1749225880.040383698] [publish_wind_direction]: ***Cam angle= -999.0, vico ang deg= -91.5573660863889 Ground Truth= 349.4426339136112
[publish_wind_direction-2] [INFO] [1749225880.042825975] [publish_wind_direction]: Publisher, Neighbourhood size: 5
[publish_wind_direction-2] [INFO] [1749225880.045840632] [publish_wind_direction]: Decision Making Triggered
[publish_wind_direction-2] [INFO] [1749225880.048280742] [publish_wind_direction]: Publisher, Neighbours Opinion: 2
[publish_wind_direction-2] [INFO] [1749225880.051913093] [publish_wind_direction]: Inside Decision Making, neighbours opinion: {'id136': 'N', 'id200': 'E'}
[publish_wind_direction-2] [INFO] [1749225880.055940975] [publish_wind_direction]: Inside Decision Making, social opinions: {'N': 1, 'E': 1}
[publish_wind_direction-2] [INFO] [1749225880.062994995] [publish_wind_direction]: Publishing: "id142:N"
[publish_wind_direction-2] [INFO] [1749225880.066963563] [publish_wind_direction]: * Received from id200, wind direction N
[publish_wind_direction-2] [INFO] [1749225880.070343158] [publish_wind_direction]: All opinions = {'id155': 'W', 'id136': 'N', 'id195': 'E', 'id200': 'N', 'id192': 'N'}
[publish_wind_direction-2] [INFO] [1749225880.073613922] [publish_wind_direction]: Publisher, neighbours_by_id={'id247', 'id224', 'id193', 'id206', 'id1193'}
[publish_wind_direction-2] [INFO] [1749225883.898993680] [publish_wind_direction]: ***Cam angle= -10.38502378831788, vico ang deg= -91.5573660863889 Ground Truth= 258.0576101252932
[publish_wind_direction-2] [INFO] [1749225883.901566825] [publish_wind_direction]: Publisher, Neighbourhood size: 5
[publish_wind_direction-2] [INFO] [1749225883.903938010] [publish_wind_direction]: Decision Making Triggered
[publish_wind_direction-2] [INFO] [1749225883.906258677] [publish_wind_direction]: Publisher, Neighbours Opinion: 2
[publish_wind_direction-2] [INFO] [1749225883.908678936] [publish_wind_direction]: Inside Decision Making, neighbours opinion: {'id136': 'N', 'id200': 'E'}
[publish_wind_direction-2] [INFO] [1749225883.911011233] [publish_wind_direction]: Inside Decision Making, social opinions: {'N': 1, 'E': 1}
[publish_wind_direction-2] [INFO] [1749225883.915399108] [publish_wind_direction]: Publishing: "id142:E"
[publish_wind_direction-2] [INFO] [1749225887.717079621] [publish_wind_direction]: Publishing: "id142:E"
[publish_wind_direction-2] [INFO] [1749225892.717059078] [publish_wind_direction]: Publishing: "id142:E"
[publish_wind_direction-2] [INFO] [1749225897.717031265] [publish_wind_direction]: Publishing: "id142:E"
[publish_wind_direction-2] [INFO] [1749225902.461041036] [publish_wind_direction]: Vicon Position= [6.699615955352783, -529.9019165039062]
[publish_wind_direction-2] [INFO] [1749225902.463852101] [publish_wind_direction]: Neighbourhood size: 5
[publish_wind_direction-2] [INFO] [1749225902.717238246] [publish_wind_direction]: Publishing: "id142:E"
[publish_wind_direction-2] [INFO] [1749225907.717644296] [publish_wind_direction]: Publishing: "id142:E"
[publish_wind_direction-2] [INFO] [1749225908.654615032] [publish_wind_direction]: * Received from id192, wind direction N
[publish_wind_direction-2] [INFO] [1749225908.657593705] [publish_wind_direction]: All opinions = {'id155': 'W', 'id136': 'N', 'id195': 'E', 'id200': 'N', 'id192': 'N'}
[publish_wind_direction-2] [INFO] [1749225908.660496435] [publish_wind_direction]: Publisher, neighbours_by_id={'id247', 'id224', 'id193', 'id206', 'id1193'}
[publish_wind_direction-2] [INFO] [1749225912.560749580] [publish_wind_direction]: ***Cam angle= -999.0, vico ang deg= -91.5573660863889 Ground Truth= 349.4426339136112
[publish_wind_direction-2] [INFO] [1749225912.563135652] [publish_wind_direction]: Publisher, Neighbourhood size: 5
[publish_wind_direction-2] [INFO] [1749225912.565526594] [publish_wind_direction]: Decision Making Triggered
[publish_wind_direction-2] [INFO] [1749225912.567940109] [publish_wind_direction]: Publisher, Neighbours Opinion: 2
[publish_wind_direction-2] [INFO] [1749225912.570305199] [publish_wind_direction]: Inside Decision Making, neighbours opinion: {'id136': 'N', 'id200': 'E'}
[publish_wind_direction-2] [INFO] [1749225912.572702252] [publish_wind_direction]: Inside Decision Making, social opinions: {'N': 1, 'E': 1}
[publish_wind_direction-2] [INFO] [1749225912.577365804] [publish_wind_direction]: Vicon Position= [6.699615955352783, -529.9019165039062]
[publish_wind_direction-2] [INFO] [1749225912.579913540] [publish_wind_direction]: Neighbourhood size: 5
[publish_wind_direction-2] [INFO] [1749225912.716694618] [publish_wind_direction]: Publishing: "id142:N"
[publish_wind_direction-2] [INFO] [1749225917.717058347] [publish_wind_direction]: Publishing: "id142:N"
[publish_wind_direction-2] [INFO] [1749225922.717080890] [publish_wind_direction]: Publishing: "id142:N"
[publish_wind_direction-2] [INFO] [1749225926.325800769] [publish_wind_direction]: * Received from id195, wind direction S
[publish_wind_direction-2] [INFO] [1749225926.328554555] [publish_wind_direction]: All opinions = {'id155': 'W', 'id136': 'N', 'id195': 'S', 'id200': 'N', 'id192': 'N'}
[publish_wind_direction-2] [INFO] [1749225926.331351323] [publish_wind_direction]: Publisher, neighbours_by_id={'id247', 'id224', 'id193', 'id206', 'id1193'}
[publish_wind_direction-2] [INFO] [1749225930.322829253] [publish_wind_direction]: ***Cam angle= -999.0, vico ang deg= -91.5573660863889 Ground Truth= 349.4426339136112
[publish_wind_direction-2] [INFO] [1749225930.326217306] [publish_wind_direction]: Publisher, Neighbourhood size: 5
[publish_wind_direction-2] [INFO] [1749225930.329630822] [publish_wind_direction]: Decision Making Triggered
[publish_wind_direction-2] [INFO] [1749225930.332988190] [publish_wind_direction]: Publisher, Neighbours Opinion: 2
[publish_wind_direction-2] [INFO] [1749225930.336588888] [publish_wind_direction]: Inside Decision Making, neighbours opinion: {'id136': 'N', 'id200': 'E'}
[publish_wind_direction-2] [INFO] [1749225930.339961793] [publish_wind_direction]: Inside Decision Making, social opinions: {'N': 1, 'E': 1}
[publish_wind_direction-2] [INFO] [1749225930.346095466] [publish_wind_direction]: Publishing: "id142:N"
[publish_wind_direction-2] [INFO] [1749225932.717455244] [publish_wind_direction]: Publishing: "id142:N"
[publish_wind_direction-2] [INFO] [1749225937.717081804] [publish_wind_direction]: Publishing: "id142:N"
[publish_wind_direction-2] [INFO] [1749225942.717098676] [publish_wind_direction]: Publishing: "id142:N"
[publish_wind_direction-2] [INFO] [1749225947.717076799] [publish_wind_direction]: Publishing: "id142:N"
[publish_wind_direction-2] [INFO] [1749225950.535882596] [publish_wind_direction]: Vicon Position= [6.699615955352783, -529.9019165039062]
[publish_wind_direction-2] [INFO] [1749225950.538809822] [publish_wind_direction]: Neighbourhood size: 5
[publish_wind_direction-2] [INFO] [1749225952.717135340] [publish_wind_direction]: Publishing: "id142:N"
[publish_wind_direction-2] [INFO] [1749225957.717137084] [publish_wind_direction]: Publishing: "id142:N"
[publish_wind_direction-2] [INFO] [1749225962.717020347] [publish_wind_direction]: Publishing: "id142:N"
[publish_wind_direction-2] [INFO] [1749225965.327691874] [publish_wind_direction]: Vicon Position= [6.699615955352783, -529.9019165039062]
[publish_wind_direction-2] [INFO] [1749225965.330683802] [publish_wind_direction]: Neighbourhood size: 5
[publish_wind_direction-2] [INFO] [1749225967.717097201] [publish_wind_direction]: Publishing: "id142:N"
[publish_wind_direction-2] [INFO] [1749225970.970841549] [publish_wind_direction]: * Received from id155, wind direction W
[publish_wind_direction-2] [INFO] [1749225970.973834625] [publish_wind_direction]: All opinions = {'id155': 'W', 'id136': 'N', 'id195': 'S', 'id200': 'N', 'id192': 'N'}
[publish_wind_direction-2] [INFO] [1749225970.976642408] [publish_wind_direction]: Publisher, neighbours_by_id={'id247', 'id224', 'id193', 'id206', 'id1193'}
[publish_wind_direction-2] [INFO] [1749225975.024211709] [publish_wind_direction]: ***Cam angle= -255.20979203183592, vico ang deg= -91.5573660863889 Ground Truth= 13.232841881775187
[publish_wind_direction-2] [INFO] [1749225975.026606092] [publish_wind_direction]: Publisher, Neighbourhood size: 5
[publish_wind_direction-2] [INFO] [1749225975.029001308] [publish_wind_direction]: Decision Making Triggered
[publish_wind_direction-2] [INFO] [1749225975.031365857] [publish_wind_direction]: Publisher, Neighbours Opinion: 2
[publish_wind_direction-2] [INFO] [1749225975.033776610] [publish_wind_direction]: Inside Decision Making, neighbours opinion: {'id136': 'N', 'id200': 'E'}
[publish_wind_direction-2] [INFO] [1749225975.036186807] [publish_wind_direction]: Inside Decision Making, social opinions: {'N': 1, 'E': 1}
[publish_wind_direction-2] [INFO] [1749225975.040634116] [publish_wind_direction]: Publishing: "id142:N"
[publish_wind_direction-2] [INFO] [1749225977.286729958] [publish_wind_direction]: * Received from id136, wind direction N
[publish_wind_direction-2] [INFO] [1749225977.289588535] [publish_wind_direction]: All opinions = {'id155': 'W', 'id136': 'N', 'id195': 'S', 'id200': 'N', 'id192': 'N'}
[publish_wind_direction-2] [INFO] [1749225977.292363041] [publish_wind_direction]: Publisher, neighbours_by_id={'id247', 'id224', 'id193', 'id206', 'id1193'}
[publish_wind_direction-2] [INFO] [1749225981.297911999] [publish_wind_direction]: ***Cam angle= -204.64394536481484, vico ang deg= -91.5573660863889 Ground Truth= 63.798688548796235
[publish_wind_direction-2] [INFO] [1749225981.300311011] [publish_wind_direction]: Publisher, Neighbourhood size: 5
[publish_wind_direction-2] [INFO] [1749225981.302624246] [publish_wind_direction]: Decision Making Triggered
[publish_wind_direction-2] [INFO] [1749225981.304999259] [publish_wind_direction]: Publisher, Neighbours Opinion: 2
[publish_wind_direction-2] [INFO] [1749225981.307345716] [publish_wind_direction]: Inside Decision Making, neighbours opinion: {'id136': 'N', 'id200': 'E'}
[publish_wind_direction-2] [INFO] [1749225981.309774209] [publish_wind_direction]: Inside Decision Making, social opinions: {'N': 1, 'E': 1}
[publish_wind_direction-2] [INFO] [1749225981.314322885] [publish_wind_direction]: Publishing: "id142:W"
[publish_wind_direction-2] [INFO] [1749225982.717032092] [publish_wind_direction]: Publishing: "id142:W"
[publish_wind_direction-2] [INFO] [1749225987.717020654] [publish_wind_direction]: Publishing: "id142:W"
[publish_wind_direction-2] [INFO] [1749225992.717046158] [publish_wind_direction]: Publishing: "id142:W"
[publish_wind_direction-2] [INFO] [1749225997.717192358] [publish_wind_direction]: Publishing: "id142:W"
[publish_wind_direction-2] [INFO] [1749226000.686712334] [publish_wind_direction]: Vicon Position= [6.699615955352783, -529.9019165039062]
[publish_wind_direction-2] [INFO] [1749226000.689540245] [publish_wind_direction]: Neighbourhood size: 5
[publish_wind_direction-2] [INFO] [1749226002.717141682] [publish_wind_direction]: Publishing: "id142:W"
[publish_wind_direction-2] [INFO] [1749226007.717071401] [publish_wind_direction]: Publishing: "id142:W"
[publish_wind_direction-2] [INFO] [1749226012.717032677] [publish_wind_direction]: Publishing: "id142:W"
[publish_wind_direction-2] [INFO] [1749226017.717035596] [publish_wind_direction]: Publishing: "id142:W"
[publish_wind_direction-2] [INFO] [1749226022.717070986] [publish_wind_direction]: Publishing: "id142:W"
[publish_wind_direction-2] [INFO] [1749226026.222898348] [publish_wind_direction]: Vicon Position= [6.699615955352783, -529.9019165039062]
[publish_wind_direction-2] [INFO] [1749226026.225900865] [publish_wind_direction]: Neighbourhood size: 5
[publish_wind_direction-2] [INFO] [1749226027.717216748] [publish_wind_direction]: Publishing: "id142:W"
[publish_wind_direction-2] [INFO] [1749226032.472897650] [publish_wind_direction]: * Received from id192, wind direction N
[publish_wind_direction-2] [INFO] [1749226032.475783873] [publish_wind_direction]: All opinions = {'id155': 'W', 'id136': 'N', 'id195': 'S', 'id200': 'N', 'id192': 'N'}
[publish_wind_direction-2] [INFO] [1749226032.478429619] [publish_wind_direction]: Publisher, neighbours_by_id={'id247', 'id224', 'id193', 'id206', 'id1193'}
[publish_wind_direction-2] [INFO] [1749226036.278021746] [publish_wind_direction]: ***Cam angle= -999.0, vico ang deg= -91.5573660863889 Ground Truth= 349.4426339136112
[publish_wind_direction-2] [INFO] [1749226036.280451737] [publish_wind_direction]: Publisher, Neighbourhood size: 5
[publish_wind_direction-2] [INFO] [1749226036.282785693] [publish_wind_direction]: Decision Making Triggered
[publish_wind_direction-2] [INFO] [1749226036.285165815] [publish_wind_direction]: Publisher, Neighbours Opinion: 2
[publish_wind_direction-2] [INFO] [1749226036.287516363] [publish_wind_direction]: Inside Decision Making, neighbours opinion: {'id136': 'N', 'id200': 'E'}
[publish_wind_direction-2] [INFO] [1749226036.289890336] [publish_wind_direction]: Inside Decision Making, social opinions: {'N': 1, 'E': 1}
[publish_wind_direction-2] [INFO] [1749226036.294263883] [publish_wind_direction]: Publishing: "id142:N"
[publish_wind_direction-2] [INFO] [1749226037.717022356] [publish_wind_direction]: Publishing: "id142:N"
[publish_wind_direction-2] [INFO] [1749226042.717043774] [publish_wind_direction]: Publishing: "id142:N"
[publish_wind_direction-2] [INFO] [1749226044.013145635] [publish_wind_direction]: * Received from id136, wind direction N
[publish_wind_direction-2] [INFO] [1749226044.016088561] [publish_wind_direction]: All opinions = {'id155': 'W', 'id136': 'N', 'id195': 'S', 'id200': 'N', 'id192': 'N'}
[publish_wind_direction-2] [INFO] [1749226044.018969135] [publish_wind_direction]: Publisher, neighbours_by_id={'id247', 'id224', 'id193', 'id206', 'id1193'}
[publish_wind_direction-2] [INFO] [1749226047.933449370] [publish_wind_direction]: ***Cam angle= -189.208861341565, vico ang deg= -91.5573660863889 Ground Truth= 79.23377257204606
[publish_wind_direction-2] [INFO] [1749226047.935896638] [publish_wind_direction]: Publisher, Neighbourhood size: 5
[publish_wind_direction-2] [INFO] [1749226047.938260556] [publish_wind_direction]: Decision Making Triggered
[publish_wind_direction-2] [INFO] [1749226047.940681787] [publish_wind_direction]: Publisher, Neighbours Opinion: 2
[publish_wind_direction-2] [INFO] [1749226047.943198017] [publish_wind_direction]: Inside Decision Making, neighbours opinion: {'id136': 'N', 'id200': 'E'}
[publish_wind_direction-2] [INFO] [1749226047.945628175] [publish_wind_direction]: Inside Decision Making, social opinions: {'N': 1, 'E': 1}
[publish_wind_direction-2] [INFO] [1749226047.949444731] [publish_wind_direction]: Raising exception
[publish_wind_direction-2] [INFO] [1749226047.952126865] [publish_wind_direction]: Publisher stopping, exception
[INFO] [publish_wind_direction-2]: process has finished cleanly [pid 849]
[random_robot_move-1] [INFO] [1749226054.772692262] [random_robot_move]: Exception, shutting down
