1749830419.6571579 [INFO] [launch]: All log files can be found below /home/thymio/ros_logs/2025-06-13-16-00-19-653890-thymio-2215
1749830419.6577089 [INFO] [launch]: Default logging verbosity is set to INFO
1749830419.9637511 [INFO] [random_robot_move-1]: process started with pid [2216]
1749830419.9648306 [INFO] [service_vicon_node-2]: process started with pid [2218]
1749830419.9655764 [INFO] [service_neighbours_opinions-3]: process started with pid [2220]
1749830419.9663286 [INFO] [publish_wind_direction-4]: process started with pid [2222]
1749830421.9216280 [service_vicon_node-2] [INFO] [1749830421.920870168] [service_vicon_node]: Physical Ip=192.168.3.79, id=id79
1749830421.9296546 [service_vicon_node-2] [INFO] [1749830421.929003261] [service_vicon_node]: Updated ID from mapping: id207
1749830421.9519553 [service_vicon_node-2] [INFO] [1749830421.951054446] [service_vicon_node]: Subscribed to: vicon/default/data
1749830421.9553509 [service_neighbours_opinions-3] [INFO] [1749830421.954549853] [service_neighbours_opinions]: Physical Ip=192.168.3.79, id=id79
1749830421.9581010 [service_neighbours_opinions-3] [INFO] [1749830421.957506409] [service_neighbours_opinions]: Updated ID from mapping: id207
1749830421.9676173 [service_neighbours_opinions-3] [INFO] [1749830421.966851298] [service_neighbours_opinions]: Subscribed to: wind_direction/id68
1749830421.9721868 [service_neighbours_opinions-3] [INFO] [1749830421.971408687] [service_neighbours_opinions]: Subscribed to: wind_direction/id136
1749830421.9791789 [service_neighbours_opinions-3] [INFO] [1749830421.977971612] [service_neighbours_opinions]: Subscribed to: wind_direction/id137
1749830421.9828584 [service_neighbours_opinions-3] [INFO] [1749830421.982230001] [service_neighbours_opinions]: Subscribed to: wind_direction/id142
1749830421.9863122 [service_neighbours_opinions-3] [INFO] [1749830421.985718335] [service_neighbours_opinions]: Subscribed to: wind_direction/id151
1749830421.9899247 [service_neighbours_opinions-3] [INFO] [1749830421.989301020] [service_neighbours_opinions]: Subscribed to: wind_direction/id152
1749830421.9936249 [service_neighbours_opinions-3] [INFO] [1749830421.992927557] [service_neighbours_opinions]: Subscribed to: wind_direction/id155
1749830421.9973361 [service_neighbours_opinions-3] [INFO] [1749830421.996646742] [service_neighbours_opinions]: Subscribed to: wind_direction/id189
1749830422.0007434 [service_neighbours_opinions-3] [INFO] [1749830422.000182594] [service_neighbours_opinions]: Subscribed to: wind_direction/id192
1749830422.0043035 [service_neighbours_opinions-3] [INFO] [1749830422.003667687] [service_neighbours_opinions]: Subscribed to: wind_direction/id193
1749830422.0076389 [service_neighbours_opinions-3] [INFO] [1749830422.007086446] [service_neighbours_opinions]: Subscribed to: wind_direction/id194
1749830422.0113912 [service_neighbours_opinions-3] [INFO] [1749830422.010540946] [service_neighbours_opinions]: Subscribed to: wind_direction/id195
1749830422.0149028 [service_neighbours_opinions-3] [INFO] [1749830422.014214983] [service_neighbours_opinions]: Subscribed to: wind_direction/id200
1749830422.0184295 [service_neighbours_opinions-3] [INFO] [1749830422.017773612] [service_neighbours_opinions]: Subscribed to: wind_direction/id206
1749830422.0219765 [service_neighbours_opinions-3] [INFO] [1749830422.021251853] [service_neighbours_opinions]: Subscribed to: wind_direction/id223
1749830422.0273790 [service_neighbours_opinions-3] [INFO] [1749830422.025142872] [service_neighbours_opinions]: Subscribed to: wind_direction/id224
1749830422.0316525 [service_neighbours_opinions-3] [INFO] [1749830422.028930927] [service_neighbours_opinions]: Subscribed to: wind_direction/id236
1749830422.0354974 [service_neighbours_opinions-3] [INFO] [1749830422.033283538] [service_neighbours_opinions]: Subscribed to: wind_direction/id247
1749830422.0386584 [service_neighbours_opinions-3] [INFO] [1749830422.037686224] [service_neighbours_opinions]: Subscribed to: wind_direction/id1193
1749830422.7762663 [publish_wind_direction-4] /usr/lib/python3/dist-packages/scipy/__init__.py:146: UserWarning: A NumPy version >=1.17.3 and <1.25.0 is required for this version of SciPy (detected version 1.26.4
1749830422.7768948 [publish_wind_direction-4]   warnings.warn(f"A NumPy version >={np_minversion} and <{np_maxversion}"
1749830423.7156579 [publish_wind_direction-4] [INFO] [1749830423.715053445] [publish_wind_direction]: Physical Ip=192.168.3.79, id=id79
1749830423.7184701 [publish_wind_direction-4] [INFO] [1749830423.717757871] [publish_wind_direction]: Updated ID from mapping: id207
1749830423.7257080 [publish_wind_direction-4] [INFO] [1749830423.725151334] [publish_wind_direction]: Publsihing on: wind_direction/id207
1749830429.5689116 [random_robot_move-1] [INFO] [1749830429.568196997] [random_robot_move]: Robot Control Node started.
1749830448.1852605 [service_neighbours_opinions-3] [INFO] [1749830448.184102523] [service_neighbours_opinions]: * Received from id68, wind direction E
1749830448.1891837 [service_neighbours_opinions-3] [INFO] [1749830448.188392041] [service_neighbours_opinions]: All opinions = {'id68': 'E'}
1749830448.1917496 [service_neighbours_opinions-3] [INFO] [1749830448.191086041] [service_neighbours_opinions]: All opinions size= 1
1749830448.7854156 [publish_wind_direction-4] [ERROR] [1749830448.784703763] [publish_wind_direction]: get_pose_data service not available!
1749830449.2210569 [service_vicon_node-2] [INFO] [1749830449.220304652] [service_vicon_node]: Vicon Position= [0.0, 0.0], yaw: -160.42818263663048
1749830449.2264183 [service_vicon_node-2] [INFO] [1749830449.225681430] [service_vicon_node]: Neighbours: {'id136', 'id223', 'id224', 'id1193', 'id236', 'id192', 'id193', 'id152', 'id194'}
1749830451.0504074 [service_neighbours_opinions-3] [INFO] [1749830451.049666058] [service_neighbours_opinions]: * Received from id142, wind direction E
1749830451.0534174 [service_neighbours_opinions-3] [INFO] [1749830451.052782854] [service_neighbours_opinions]: All opinions = {'id68': 'E', 'id142': 'E'}
1749830451.0567412 [service_neighbours_opinions-3] [INFO] [1749830451.055781614] [service_neighbours_opinions]: All opinions size= 2
1749830451.8436034 [service_neighbours_opinions-3] [INFO] [1749830451.842360558] [service_neighbours_opinions]: * Received from id200, wind direction E
1749830451.8462663 [service_neighbours_opinions-3] [INFO] [1749830451.845402780] [service_neighbours_opinions]: All opinions = {'id68': 'E', 'id142': 'E', 'id200': 'E'}
1749830451.8492224 [service_neighbours_opinions-3] [INFO] [1749830451.848555447] [service_neighbours_opinions]: All opinions size= 3
1749830453.8121819 [service_neighbours_opinions-3] [INFO] [1749830453.811475853] [service_neighbours_opinions]: * Received from id151, wind direction N
1749830453.8188434 [service_neighbours_opinions-3] [INFO] [1749830453.818089019] [service_neighbours_opinions]: Comm. Noise, new received opinion: W
1749830453.8222084 [service_neighbours_opinions-3] [INFO] [1749830453.821584519] [service_neighbours_opinions]: All opinions = {'id68': 'E', 'id142': 'E', 'id200': 'E', 'id151': 'W'}
1749830453.8264668 [service_neighbours_opinions-3] [INFO] [1749830453.825875723] [service_neighbours_opinions]: All opinions size= 4
1749830456.2377913 [service_neighbours_opinions-3] [INFO] [1749830456.236784277] [service_neighbours_opinions]: * Received from id206, wind direction N
1749830456.2432961 [service_neighbours_opinions-3] [INFO] [1749830456.242586314] [service_neighbours_opinions]: All opinions = {'id68': 'E', 'id142': 'E', 'id200': 'E', 'id151': 'W', 'id206': 'N'}
1749830456.2494204 [service_neighbours_opinions-3] [INFO] [1749830456.248616666] [service_neighbours_opinions]: All opinions size= 5
1749830456.6217988 [service_neighbours_opinions-3] [INFO] [1749830456.621049481] [service_neighbours_opinions]: * Received from id155, wind direction S
1749830456.6265006 [service_neighbours_opinions-3] [INFO] [1749830456.625886481] [service_neighbours_opinions]: Comm. Noise, new received opinion: W
1749830456.6304665 [service_neighbours_opinions-3] [INFO] [1749830456.629803721] [service_neighbours_opinions]: All opinions = {'id68': 'E', 'id142': 'E', 'id200': 'E', 'id151': 'W', 'id206': 'N', 'id155': 'W'}
1749830456.6341596 [service_neighbours_opinions-3] [INFO] [1749830456.633596444] [service_neighbours_opinions]: All opinions size= 6
1749830457.5635324 [service_neighbours_opinions-3] [INFO] [1749830457.562761128] [service_neighbours_opinions]: * Received from id236, wind direction W
1749830457.5706580 [service_neighbours_opinions-3] [INFO] [1749830457.569875628] [service_neighbours_opinions]: Comm. Noise, new received opinion: E
1749830457.5749631 [service_neighbours_opinions-3] [INFO] [1749830457.574363443] [service_neighbours_opinions]: All opinions = {'id68': 'E', 'id142': 'E', 'id200': 'E', 'id151': 'W', 'id206': 'N', 'id155': 'W', 'id236': 'E'}
1749830457.5788345 [service_neighbours_opinions-3] [INFO] [1749830457.578217295] [service_neighbours_opinions]: All opinions size= 7
1749830458.5458326 [service_neighbours_opinions-3] [INFO] [1749830458.545077702] [service_neighbours_opinions]: * Received from id194, wind direction W
1749830458.5490162 [service_neighbours_opinions-3] [INFO] [1749830458.548360424] [service_neighbours_opinions]: All opinions = {'id68': 'E', 'id142': 'E', 'id200': 'E', 'id151': 'W', 'id206': 'N', 'id155': 'W', 'id236': 'E', 'id194': 'W'}
1749830458.5518410 [service_neighbours_opinions-3] [INFO] [1749830458.551213461] [service_neighbours_opinions]: All opinions size= 8
1749830459.2663286 [service_vicon_node-2] [INFO] [1749830459.265629072] [service_vicon_node]: Vicon Position= [0.0, 0.0], yaw: -160.42818263663048
1749830459.2697546 [service_vicon_node-2] [INFO] [1749830459.269009609] [service_vicon_node]: Neighbours: {'id136', 'id223', 'id68', 'id142', 'id1193', 'id236', 'id137', 'id193', 'id152', 'id194'}
1749830466.5140250 [service_neighbours_opinions-3] [INFO] [1749830466.513342790] [service_neighbours_opinions]: * Received from id155, wind direction N
1749830466.5173626 [service_neighbours_opinions-3] [INFO] [1749830466.516700993] [service_neighbours_opinions]: All opinions = {'id68': 'E', 'id142': 'E', 'id200': 'E', 'id151': 'W', 'id206': 'N', 'id155': 'N', 'id236': 'E', 'id194': 'W'}
1749830466.5201988 [service_neighbours_opinions-3] [INFO] [1749830466.519563141] [service_neighbours_opinions]: All opinions size= 8
1749830468.6847603 [service_neighbours_opinions-3] [INFO] [1749830468.683574159] [service_neighbours_opinions]: * Received from id247, wind direction N
1749830468.6936438 [service_neighbours_opinions-3] [INFO] [1749830468.692992937] [service_neighbours_opinions]: Comm. Noise, new received opinion: E
1749830468.6972058 [service_neighbours_opinions-3] [INFO] [1749830468.696572862] [service_neighbours_opinions]: All opinions = {'id68': 'E', 'id142': 'E', 'id200': 'E', 'id151': 'W', 'id206': 'N', 'id155': 'N', 'id236': 'E', 'id194': 'W', 'id247': 'E'}
1749830468.7006903 [service_neighbours_opinions-3] [INFO] [1749830468.700127974] [service_neighbours_opinions]: All opinions size= 9
1749830468.7174199 [service_neighbours_opinions-3] [INFO] [1749830468.716711455] [service_neighbours_opinions]: * Received from id194, wind direction N
1749830468.7218986 [service_neighbours_opinions-3] [INFO] [1749830468.721018214] [service_neighbours_opinions]: All opinions = {'id68': 'E', 'id142': 'E', 'id200': 'E', 'id151': 'W', 'id206': 'N', 'id155': 'N', 'id236': 'E', 'id194': 'N', 'id247': 'E'}
1749830468.7259934 [service_neighbours_opinions-3] [INFO] [1749830468.725369381] [service_neighbours_opinions]: All opinions size= 9
1749830469.5976303 [service_vicon_node-2] [INFO] [1749830469.596896214] [service_vicon_node]: Vicon Position= [0.0, 0.0], yaw: -160.42818263663048
1749830469.6032972 [service_vicon_node-2] [INFO] [1749830469.601802195] [service_vicon_node]: Neighbours: {'id136', 'id223', 'id68', 'id137', 'id151', 'id1193', 'id206', 'id193', 'id152'}
1749830471.0680470 [service_neighbours_opinions-3] [INFO] [1749830471.067257602] [service_neighbours_opinions]: * Received from id152, wind direction W
1749830471.0714056 [service_neighbours_opinions-3] [INFO] [1749830471.070771324] [service_neighbours_opinions]: Comm. Noise, new received opinion: N
1749830471.0751746 [service_neighbours_opinions-3] [INFO] [1749830471.074488176] [service_neighbours_opinions]: All opinions = {'id68': 'E', 'id142': 'E', 'id200': 'E', 'id151': 'W', 'id206': 'N', 'id155': 'N', 'id236': 'E', 'id194': 'N', 'id247': 'E', 'id152': 'N'}
1749830471.0778458 [service_neighbours_opinions-3] [INFO] [1749830471.077222639] [service_neighbours_opinions]: All opinions size= 10
1749830471.6091838 [publish_wind_direction-4] [INFO] [1749830471.608504342] [publish_wind_direction]: Main Pub Node: Requesting Pose Info
1749830472.3053374 [service_neighbours_opinions-3] [INFO] [1749830472.304534194] [service_neighbours_opinions]: * Received from id200, wind direction N
1749830472.3107538 [service_neighbours_opinions-3] [INFO] [1749830472.310039694] [service_neighbours_opinions]: All opinions = {'id68': 'E', 'id142': 'E', 'id200': 'N', 'id151': 'W', 'id206': 'N', 'id155': 'N', 'id236': 'E', 'id194': 'N', 'id247': 'E', 'id152': 'N'}
1749830472.3138082 [service_neighbours_opinions-3] [INFO] [1749830472.313217175] [service_neighbours_opinions]: All opinions size= 10
1749830473.7292771 [publish_wind_direction-4] [INFO] [1749830473.728534396] [publish_wind_direction]: Main Pub Node: Requesting Pose Info
1749830473.7408497 [service_neighbours_opinions-3] [INFO] [1749830473.739675193] [service_neighbours_opinions]: * Received from id151, wind direction W
1749830473.7440333 [service_neighbours_opinions-3] [INFO] [1749830473.743435545] [service_neighbours_opinions]: All opinions = {'id68': 'E', 'id142': 'E', 'id200': 'N', 'id151': 'W', 'id206': 'N', 'id155': 'N', 'id236': 'E', 'id194': 'N', 'id247': 'E', 'id152': 'N'}
1749830473.7467475 [service_neighbours_opinions-3] [INFO] [1749830473.746137082] [service_neighbours_opinions]: All opinions size= 10
1749830473.8248661 [service_neighbours_opinions-3] [INFO] [1749830473.819744174] [service_neighbours_opinions]: * Received from id236, wind direction N
1749830473.8262181 [service_neighbours_opinions-3] [INFO] [1749830473.822754841] [service_neighbours_opinions]: All opinions = {'id68': 'E', 'id142': 'E', 'id200': 'N', 'id151': 'W', 'id206': 'N', 'id155': 'N', 'id236': 'N', 'id194': 'N', 'id247': 'E', 'id152': 'N'}
1749830473.8278770 [service_neighbours_opinions-3] [INFO] [1749830473.827014063] [service_neighbours_opinions]: All opinions size= 10
1749830475.9875460 [service_neighbours_opinions-3] [INFO] [1749830475.986865173] [service_neighbours_opinions]: * Received from id142, wind direction N
1749830475.9907873 [service_neighbours_opinions-3] [INFO] [1749830475.989984043] [service_neighbours_opinions]: All opinions = {'id68': 'E', 'id142': 'N', 'id200': 'N', 'id151': 'W', 'id206': 'N', 'id155': 'N', 'id236': 'N', 'id194': 'N', 'id247': 'E', 'id152': 'N'}
1749830475.9933264 [service_neighbours_opinions-3] [INFO] [1749830475.992734821] [service_neighbours_opinions]: All opinions size= 10
1749830477.5549657 [service_neighbours_opinions-3] [INFO] [1749830477.554280802] [service_neighbours_opinions]: * Received from id189, wind direction N
1749830477.5599327 [service_neighbours_opinions-3] [INFO] [1749830477.559253487] [service_neighbours_opinions]: All opinions = {'id68': 'E', 'id142': 'N', 'id200': 'N', 'id151': 'W', 'id206': 'N', 'id155': 'N', 'id236': 'N', 'id194': 'N', 'id247': 'E', 'id152': 'N', 'id189': 'N'}
1749830477.5629430 [service_neighbours_opinions-3] [INFO] [1749830477.562284765] [service_neighbours_opinions]: All opinions size= 11
1749830477.5683520 [service_neighbours_opinions-3] [INFO] [1749830477.567671246] [service_neighbours_opinions]: * Received from id68, wind direction W
1749830477.5724435 [service_neighbours_opinions-3] [INFO] [1749830477.571785802] [service_neighbours_opinions]: Comm. Noise, new received opinion: N
1749830477.5759907 [service_neighbours_opinions-3] [INFO] [1749830477.575443061] [service_neighbours_opinions]: All opinions = {'id68': 'N', 'id142': 'N', 'id200': 'N', 'id151': 'W', 'id206': 'N', 'id155': 'N', 'id236': 'N', 'id194': 'N', 'id247': 'E', 'id152': 'N', 'id189': 'N'}
1749830477.5794890 [service_neighbours_opinions-3] [INFO] [1749830477.578935005] [service_neighbours_opinions]: All opinions size= 11
1749830477.6543071 [service_neighbours_opinions-3] [INFO] [1749830477.653616635] [service_neighbours_opinions]: * Received from id236, wind direction E
1749830477.6595247 [service_neighbours_opinions-3] [INFO] [1749830477.656762690] [service_neighbours_opinions]: Comm. Noise, new received opinion: S
1749830477.6618123 [service_neighbours_opinions-3] [INFO] [1749830477.661212302] [service_neighbours_opinions]: All opinions = {'id68': 'N', 'id142': 'N', 'id200': 'N', 'id151': 'W', 'id206': 'N', 'id155': 'N', 'id236': 'S', 'id194': 'N', 'id247': 'E', 'id152': 'N', 'id189': 'N'}
1749830477.6646464 [service_neighbours_opinions-3] [INFO] [1749830477.663902135] [service_neighbours_opinions]: All opinions size= 11
1749830478.7299302 [publish_wind_direction-4] [INFO] [1749830478.728857134] [publish_wind_direction]: Main Pub Node: Requesting Pose Info
1749830478.7437003 [service_vicon_node-2] [INFO] [1749830478.733904579] [service_vicon_node]: Request received. Responding with pos=array('f', [-721.1939086914062, -390.4062194824219]), yaw=-263.1067808471753, neigh=['id136', 'id68', 'id200', 'id236']Response to be returned: service_messages.srv.GetPoseData_Response(my_position_xy=[-721.1939086914062, -390.4062194824219], my_vicon_yaw=-263.1067808471753, neighbours_by_id=['id136', 'id68', 'id200', 'id236'])
1749830478.9598269 [service_neighbours_opinions-3] [INFO] [1749830478.959161541] [service_neighbours_opinions]: * Received from id195, wind direction E
1749830478.9627039 [service_neighbours_opinions-3] [INFO] [1749830478.962113245] [service_neighbours_opinions]: All opinions = {'id68': 'N', 'id142': 'N', 'id200': 'N', 'id151': 'W', 'id206': 'N', 'id155': 'N', 'id236': 'S', 'id194': 'N', 'id247': 'E', 'id152': 'N', 'id189': 'N', 'id195': 'E'}
1749830478.9669287 [service_neighbours_opinions-3] [INFO] [1749830478.966213782] [service_neighbours_opinions]: All opinions size= 12
1749830479.6199989 [service_vicon_node-2] [INFO] [1749830479.619073337] [service_vicon_node]: Vicon Position= [-783.5671997070312, -443.0945129394531], yaw: -264.77814549685576
1749830479.6245635 [service_vicon_node-2] [INFO] [1749830479.623727837] [service_vicon_node]: Neighbours: {'id142', 'id136', 'id200'}
1749830480.2424905 [service_neighbours_opinions-3] [INFO] [1749830480.241740041] [service_neighbours_opinions]: * Received from id193, wind direction N
1749830480.2460082 [service_neighbours_opinions-3] [INFO] [1749830480.245291522] [service_neighbours_opinions]: All opinions = {'id68': 'N', 'id142': 'N', 'id200': 'N', 'id151': 'W', 'id206': 'N', 'id155': 'N', 'id236': 'S', 'id194': 'N', 'id247': 'E', 'id152': 'N', 'id189': 'N', 'id195': 'E', 'id193': 'N'}
1749830480.2491560 [service_neighbours_opinions-3] [INFO] [1749830480.248521707] [service_neighbours_opinions]: All opinions size= 13
1749830481.0818863 [service_neighbours_opinions-3] [INFO] [1749830481.081097670] [service_neighbours_opinions]: * Received from id206, wind direction N
1749830481.0876110 [service_neighbours_opinions-3] [INFO] [1749830481.086883688] [service_neighbours_opinions]: All opinions = {'id68': 'N', 'id142': 'N', 'id200': 'N', 'id151': 'W', 'id206': 'N', 'id155': 'N', 'id236': 'S', 'id194': 'N', 'id247': 'E', 'id152': 'N', 'id189': 'N', 'id195': 'E', 'id193': 'N'}
1749830481.0933340 [service_neighbours_opinions-3] [INFO] [1749830481.092553744] [service_neighbours_opinions]: All opinions size= 13
1749830481.2555382 [service_neighbours_opinions-3] [INFO] [1749830481.254768281] [service_neighbours_opinions]: * Received from id152, wind direction W
1749830481.2621911 [service_neighbours_opinions-3] [INFO] [1749830481.261141966] [service_neighbours_opinions]: Comm. Noise, new received opinion: E
1749830481.2731714 [service_neighbours_opinions-3] [INFO] [1749830481.269517318] [service_neighbours_opinions]: All opinions = {'id68': 'N', 'id142': 'N', 'id200': 'N', 'id151': 'W', 'id206': 'N', 'id155': 'N', 'id236': 'S', 'id194': 'N', 'id247': 'E', 'id152': 'E', 'id189': 'N', 'id195': 'E', 'id193': 'N'}
1749830481.2804170 [service_neighbours_opinions-3] [INFO] [1749830481.279357503] [service_neighbours_opinions]: All opinions size= 13
1749830481.5838518 [publish_wind_direction-4] [INFO] [1749830481.583214670] [publish_wind_direction]: Pose Response: pos=array('f', [-721.1939086914062, -390.4062194824219]) yaw=-263.1067810058594
1749830481.5864668 [publish_wind_direction-4] [INFO] [1749830481.585928095] [publish_wind_direction]: ***Cam angle= -999.0, vico ang deg= -263.1067810058594 Ground Truth= 177.89321899414062
1749830481.5892556 [publish_wind_direction-4] [INFO] [1749830481.588467003] [publish_wind_direction]: Neighbour info requested
1749830481.5933805 [service_neighbours_opinions-3] [INFO] [1749830481.592733392] [service_neighbours_opinions]: Requested ['id136', 'id68', 'id200', 'id236'], responding ['N', 'N', 'S']
1749830481.5978589 [publish_wind_direction-4] [INFO] [1749830481.596923318] [publish_wind_direction]: Neighbour Opinion Response: service_messages.srv.GetOpinionData_Response(neighbours_opinions=['N', 'N', 'S'])
1749830481.6071849 [publish_wind_direction-4] [INFO] [1749830481.600713633] [publish_wind_direction]: Inside Decision Making, neighbours opinion: ['N', 'N', 'S']
1749830481.6081364 [publish_wind_direction-4] [INFO] [1749830481.603962984] [publish_wind_direction]: Inside Decision Making, computed social info: {'N': 2, 'S': 1}
1749830481.6097581 [publish_wind_direction-4] [INFO] [1749830481.607464707] [publish_wind_direction]: Inside Decision Making, My Wind Direction: S
1749830481.6114221 [publish_wind_direction-4] [INFO] [1749830481.610448151] [publish_wind_direction]: Inside Decision Making, Decision dict: {'N': 2.0, 'S': 2.8, 'E': 0.0, 'W': 0.0}
1749830481.6148291 [publish_wind_direction-4] [INFO] [1749830481.614292688] [publish_wind_direction]: Publishing: id207:S
1749830481.6173644 [publish_wind_direction-4] [INFO] [1749830481.616840855] [publish_wind_direction]: TIME: Decision making completed at: 16:01:21.
1749830481.6197996 [publish_wind_direction-4] [INFO] [1749830481.619264262] [publish_wind_direction]: -----------------------------------------------------
1749830482.7073188 [service_neighbours_opinions-3] [INFO] [1749830482.706415113] [service_neighbours_opinions]: * Received from id137, wind direction E
1749830482.7127597 [service_neighbours_opinions-3] [INFO] [1749830482.711904891] [service_neighbours_opinions]: All opinions = {'id68': 'N', 'id142': 'N', 'id200': 'N', 'id151': 'W', 'id206': 'N', 'id155': 'N', 'id236': 'S', 'id194': 'N', 'id247': 'E', 'id152': 'E', 'id189': 'N', 'id195': 'E', 'id193': 'N', 'id137': 'E'}
1749830482.7183030 [service_neighbours_opinions-3] [INFO] [1749830482.717403595] [service_neighbours_opinions]: All opinions size= 14
1749830483.7292557 [publish_wind_direction-4] [INFO] [1749830483.728532409] [publish_wind_direction]: Main Pub Node: Requesting Pose Info
1749830483.7336712 [service_vicon_node-2] [INFO] [1749830483.732943965] [service_vicon_node]: Request received. Responding with pos=array('f', [0.0, 0.0]), yaw=-160.42818263663048, neigh=['id136', 'id68', 'id142', 'id224', 'id1193', 'id193', 'id152', 'id194']Response to be returned: service_messages.srv.GetPoseData_Response(my_position_xy=[0.0, 0.0], my_vicon_yaw=-160.42818263663048, neighbours_by_id=['id136', 'id68', 'id142', 'id224', 'id1193', 'id193', 'id152', 'id194'])
1749830486.0082333 [publish_wind_direction-4] [INFO] [1749830486.007588593] [publish_wind_direction]: Pose Response: pos=array('f', [0.0, 0.0]) yaw=-160.4281768798828
1749830486.0108693 [publish_wind_direction-4] [INFO] [1749830486.010337519] [publish_wind_direction]: ***Cam angle= -999.0, vico ang deg= -160.4281768798828 Ground Truth= 280.5718231201172
1749830486.0134053 [publish_wind_direction-4] [INFO] [1749830486.012858352] [publish_wind_direction]: Neighbour info requested
1749830486.0194314 [service_neighbours_opinions-3] [INFO] [1749830486.017163445] [service_neighbours_opinions]: Requested ['id136', 'id68', 'id142', 'id224', 'id1193', 'id193', 'id152', 'id194'], responding ['N', 'N', 'N', 'E', 'N']
1749830486.0312972 [publish_wind_direction-4] [INFO] [1749830486.026722074] [publish_wind_direction]: Neighbour Opinion Response: service_messages.srv.GetOpinionData_Response(neighbours_opinions=['N', 'N', 'N', 'E', 'N'])
1749830486.0319309 [publish_wind_direction-4] [INFO] [1749830486.029825852] [publish_wind_direction]: Inside Decision Making, neighbours opinion: ['N', 'N', 'N', 'E', 'N']
1749830486.0338621 [publish_wind_direction-4] [INFO] [1749830486.032931482] [publish_wind_direction]: Inside Decision Making, computed social info: {'N': 4, 'E': 1}
1749830486.0366704 [publish_wind_direction-4] [INFO] [1749830486.035921315] [publish_wind_direction]: Inside Decision Making, My Wind Direction: E
1749830486.0396707 [publish_wind_direction-4] [INFO] [1749830486.038861500] [publish_wind_direction]: Inside Decision Making, Decision dict: {'N': 4.0, 'S': 0.0, 'E': 4.0, 'W': 0.0}
1749830486.0437260 [publish_wind_direction-4] [INFO] [1749830486.043143852] [publish_wind_direction]: Publishing: id207:E
1749830486.0463014 [publish_wind_direction-4] [INFO] [1749830486.045722204] [publish_wind_direction]: TIME: Decision making completed at: 16:01:26.
1749830486.0551176 [publish_wind_direction-4] [INFO] [1749830486.050804019] [publish_wind_direction]: -----------------------------------------------------
1749830486.1829360 [service_neighbours_opinions-3] [INFO] [1749830486.180226389] [service_neighbours_opinions]: * Received from id152, wind direction W
1749830486.1852605 [service_neighbours_opinions-3] [INFO] [1749830486.184614056] [service_neighbours_opinions]: All opinions = {'id68': 'N', 'id142': 'N', 'id200': 'N', 'id151': 'W', 'id206': 'N', 'id155': 'N', 'id236': 'S', 'id194': 'N', 'id247': 'E', 'id152': 'W', 'id189': 'N', 'id195': 'E', 'id193': 'N', 'id137': 'E'}
1749830486.1881304 [service_neighbours_opinions-3] [INFO] [1749830486.187454482] [service_neighbours_opinions]: All opinions size= 14
1749830488.1379912 [service_neighbours_opinions-3] [INFO] [1749830488.137175888] [service_neighbours_opinions]: * Received from id68, wind direction E
1749830488.1444895 [service_neighbours_opinions-3] [INFO] [1749830488.143766888] [service_neighbours_opinions]: All opinions = {'id68': 'E', 'id142': 'N', 'id200': 'N', 'id151': 'W', 'id206': 'N', 'id155': 'N', 'id236': 'S', 'id194': 'N', 'id247': 'E', 'id152': 'W', 'id189': 'N', 'id195': 'E', 'id193': 'N', 'id137': 'E'}
1749830488.1476161 [service_neighbours_opinions-3] [INFO] [1749830488.146974795] [service_neighbours_opinions]: All opinions size= 14
1749830488.7295358 [publish_wind_direction-4] [INFO] [1749830488.728845684] [publish_wind_direction]: Main Pub Node: Requesting Pose Info
1749830488.7342970 [service_vicon_node-2] [INFO] [1749830488.733567628] [service_vicon_node]: Request received. Responding with pos=array('f', [0.0, 0.0]), yaw=-160.42818263663048, neigh=['id136', 'id223', 'id68', 'id142', 'id224', 'id1193', 'id236', 'id155', 'id152', 'id194']Response to be returned: service_messages.srv.GetPoseData_Response(my_position_xy=[0.0, 0.0], my_vicon_yaw=-160.42818263663048, neighbours_by_id=['id136', 'id223', 'id68', 'id142', 'id224', 'id1193', 'id236', 'id155', 'id152', 'id194'])
1749830489.2822332 [service_neighbours_opinions-3] [INFO] [1749830489.281149943] [service_neighbours_opinions]: * Received from id151, wind direction E
1749830489.2887280 [service_neighbours_opinions-3] [INFO] [1749830489.287953461] [service_neighbours_opinions]: All opinions = {'id68': 'E', 'id142': 'N', 'id200': 'N', 'id151': 'E', 'id206': 'N', 'id155': 'N', 'id236': 'S', 'id194': 'N', 'id247': 'E', 'id152': 'W', 'id189': 'N', 'id195': 'E', 'id193': 'N', 'id137': 'E'}
1749830489.2914317 [service_neighbours_opinions-3] [INFO] [1749830489.290762276] [service_neighbours_opinions]: All opinions size= 14
1749830489.3837712 [service_neighbours_opinions-3] [INFO] [1749830489.382689443] [service_neighbours_opinions]: * Received from id1193, wind direction S
1749830489.3879380 [service_neighbours_opinions-3] [INFO] [1749830489.387056795] [service_neighbours_opinions]: All opinions = {'id68': 'E', 'id142': 'N', 'id200': 'N', 'id151': 'E', 'id206': 'N', 'id155': 'N', 'id236': 'S', 'id194': 'N', 'id247': 'E', 'id152': 'W', 'id189': 'N', 'id195': 'E', 'id193': 'N', 'id137': 'E', 'id1193': 'S'}
1749830489.3908997 [service_neighbours_opinions-3] [INFO] [1749830489.390279146] [service_neighbours_opinions]: All opinions size= 15
1749830489.7508109 [service_vicon_node-2] [INFO] [1749830489.749884165] [service_vicon_node]: Vicon Position= [0.0, 0.0], yaw: -160.42818263663048
1749830489.7539318 [service_vicon_node-2] [INFO] [1749830489.752802146] [service_vicon_node]: Neighbours: {'id136', 'id223', 'id68', 'id142', 'id224', 'id1193', 'id236', 'id155', 'id152', 'id194'}
1749830489.8095598 [service_neighbours_opinions-3] [INFO] [1749830489.808792517] [service_neighbours_opinions]: * Received from id224, wind direction N
1749830489.8124013 [service_neighbours_opinions-3] [INFO] [1749830489.811785665] [service_neighbours_opinions]: All opinions = {'id68': 'E', 'id142': 'N', 'id200': 'N', 'id151': 'E', 'id206': 'N', 'id155': 'N', 'id236': 'S', 'id194': 'N', 'id247': 'E', 'id152': 'W', 'id189': 'N', 'id195': 'E', 'id193': 'N', 'id137': 'E', 'id1193': 'S', 'id224': 'N'}
1749830489.8148360 [service_neighbours_opinions-3] [INFO] [1749830489.814272424] [service_neighbours_opinions]: All opinions size= 16
1749830489.8187997 [service_neighbours_opinions-3] [INFO] [1749830489.818190572] [service_neighbours_opinions]: * Received from id1193, wind direction E
1749830489.8227534 [service_neighbours_opinions-3] [INFO] [1749830489.822114868] [service_neighbours_opinions]: All opinions = {'id68': 'E', 'id142': 'N', 'id200': 'N', 'id151': 'E', 'id206': 'N', 'id155': 'N', 'id236': 'S', 'id194': 'N', 'id247': 'E', 'id152': 'W', 'id189': 'N', 'id195': 'E', 'id193': 'N', 'id137': 'E', 'id1193': 'E', 'id224': 'N'}
1749830489.8264294 [service_neighbours_opinions-3] [INFO] [1749830489.825829387] [service_neighbours_opinions]: All opinions size= 16
1749830490.9264023 [publish_wind_direction-4] [INFO] [1749830490.925796164] [publish_wind_direction]: Pose Response: pos=array('f', [0.0, 0.0]) yaw=-160.4281768798828
1749830490.9292328 [publish_wind_direction-4] [INFO] [1749830490.928687460] [publish_wind_direction]: ***Cam angle= -999.0, vico ang deg= -160.4281768798828 Ground Truth= 280.5718231201172
1749830490.9317451 [publish_wind_direction-4] [INFO] [1749830490.931176423] [publish_wind_direction]: Neighbour info requested
1749830490.9373157 [service_neighbours_opinions-3] [INFO] [1749830490.936547108] [service_neighbours_opinions]: Requested ['id136', 'id223', 'id68', 'id142', 'id224', 'id1193', 'id236', 'id155', 'id152', 'id194'], responding ['E', 'N', 'N', 'E', 'S', 'N', 'W', 'N']
1749830490.9414196 [publish_wind_direction-4] [INFO] [1749830490.940798127] [publish_wind_direction]: Neighbour Opinion Response: service_messages.srv.GetOpinionData_Response(neighbours_opinions=['E', 'N', 'N', 'E', 'S', 'N', 'W', 'N'])
1749830490.9441988 [publish_wind_direction-4] [INFO] [1749830490.943602979] [publish_wind_direction]: Inside Decision Making, neighbours opinion: ['E', 'N', 'N', 'E', 'S', 'N', 'W', 'N']
1749830490.9469030 [publish_wind_direction-4] [INFO] [1749830490.946341664] [publish_wind_direction]: Inside Decision Making, computed social info: {'E': 2, 'N': 4, 'S': 1, 'W': 1}
1749830490.9499004 [publish_wind_direction-4] [INFO] [1749830490.949344905] [publish_wind_direction]: Inside Decision Making, My Wind Direction: E
1749830490.9526346 [publish_wind_direction-4] [INFO] [1749830490.952043497] [publish_wind_direction]: Inside Decision Making, Decision dict: {'N': 4.0, 'S': 1.0, 'E': 6.8, 'W': 1.0}
1749830490.9560778 [publish_wind_direction-4] [INFO] [1749830490.955531145] [publish_wind_direction]: Publishing: id207:E
1749830490.9585817 [publish_wind_direction-4] [INFO] [1749830490.958059164] [publish_wind_direction]: TIME: Decision making completed at: 16:01:30.
1749830490.9610484 [publish_wind_direction-4] [INFO] [1749830490.960514238] [publish_wind_direction]: -----------------------------------------------------
1749830491.4128025 [service_neighbours_opinions-3] [INFO] [1749830491.411792367] [service_neighbours_opinions]: * Received from id206, wind direction E
1749830491.4161375 [service_neighbours_opinions-3] [INFO] [1749830491.415423682] [service_neighbours_opinions]: All opinions = {'id68': 'E', 'id142': 'N', 'id200': 'N', 'id151': 'E', 'id206': 'E', 'id155': 'N', 'id236': 'S', 'id194': 'N', 'id247': 'E', 'id152': 'W', 'id189': 'N', 'id195': 'E', 'id193': 'N', 'id137': 'E', 'id1193': 'E', 'id224': 'N'}
1749830491.4187927 [service_neighbours_opinions-3] [INFO] [1749830491.418230312] [service_neighbours_opinions]: All opinions size= 16
1749830492.8256717 [service_neighbours_opinions-3] [INFO] [1749830492.824909163] [service_neighbours_opinions]: * Received from id236, wind direction N
1749830492.8302143 [service_neighbours_opinions-3] [INFO] [1749830492.829302830] [service_neighbours_opinions]: All opinions = {'id68': 'E', 'id142': 'N', 'id200': 'N', 'id151': 'E', 'id206': 'E', 'id155': 'N', 'id236': 'N', 'id194': 'N', 'id247': 'E', 'id152': 'W', 'id189': 'N', 'id195': 'E', 'id193': 'N', 'id137': 'E', 'id1193': 'E', 'id224': 'N'}
1749830492.8328359 [service_neighbours_opinions-3] [INFO] [1749830492.832262663] [service_neighbours_opinions]: All opinions size= 16
1749830493.7299562 [publish_wind_direction-4] [INFO] [1749830493.729102496] [publish_wind_direction]: Main Pub Node: Requesting Pose Info
1749830493.7378061 [service_vicon_node-2] [INFO] [1749830493.736626607] [service_vicon_node]: Request received. Responding with pos=array('f', [0.0, 0.0]), yaw=-160.42818263663048, neigh=['id136', 'id142', 'id224', 'id1193', 'id236', 'id195', 'id137', 'id193', 'id152']Response to be returned: service_messages.srv.GetPoseData_Response(my_position_xy=[0.0, 0.0], my_vicon_yaw=-160.42818263663048, neighbours_by_id=['id136', 'id142', 'id224', 'id1193', 'id236', 'id195', 'id137', 'id193', 'id152'])
1749830495.6302092 [service_neighbours_opinions-3] [INFO] [1749830495.628739124] [service_neighbours_opinions]: * Received from id224, wind direction W
1749830495.6334417 [service_neighbours_opinions-3] [INFO] [1749830495.632628846] [service_neighbours_opinions]: All opinions = {'id68': 'E', 'id142': 'N', 'id200': 'N', 'id151': 'E', 'id206': 'E', 'id155': 'N', 'id236': 'N', 'id194': 'N', 'id247': 'E', 'id152': 'W', 'id189': 'N', 'id195': 'E', 'id193': 'N', 'id137': 'E', 'id1193': 'E', 'id224': 'W'}
1749830495.6387613 [service_neighbours_opinions-3] [INFO] [1749830495.637888920] [service_neighbours_opinions]: All opinions size= 16
1749830496.0729306 [publish_wind_direction-4] [INFO] [1749830496.072104754] [publish_wind_direction]: Pose Response: pos=array('f', [0.0, 0.0]) yaw=-160.4281768798828
1749830496.0754466 [publish_wind_direction-4] [INFO] [1749830496.074734383] [publish_wind_direction]: ***Cam angle= -85.00335389594413, vico ang deg= -160.4281768798828 Ground Truth= 114.56846922417304
1749830496.0780263 [publish_wind_direction-4] [INFO] [1749830496.077291050] [publish_wind_direction]: Neighbour info requested
1749830496.0823054 [service_neighbours_opinions-3] [INFO] [1749830496.081393735] [service_neighbours_opinions]: Requested ['id136', 'id142', 'id224', 'id1193', 'id236', 'id195', 'id137', 'id193', 'id152'], responding ['N', 'W', 'E', 'N', 'E', 'E', 'N', 'W']
1749830496.0863113 [publish_wind_direction-4] [INFO] [1749830496.085523087] [publish_wind_direction]: Neighbour Opinion Response: service_messages.srv.GetOpinionData_Response(neighbours_opinions=['N', 'W', 'E', 'N', 'E', 'E', 'N', 'W'])
1749830496.0889158 [publish_wind_direction-4] [INFO] [1749830496.088122568] [publish_wind_direction]: Inside Decision Making, neighbours opinion: ['N', 'W', 'E', 'N', 'E', 'E', 'N', 'W']
1749830496.0915346 [publish_wind_direction-4] [INFO] [1749830496.090902642] [publish_wind_direction]: Inside Decision Making, computed social info: {'N': 3, 'W': 2, 'E': 3}
1749830496.0945954 [publish_wind_direction-4] [INFO] [1749830496.093864976] [publish_wind_direction]: Inside Decision Making, My Wind Direction: W
1749830496.0975933 [publish_wind_direction-4] [INFO] [1749830496.097019698] [publish_wind_direction]: Inside Decision Making, Decision dict: {'N': 3.0, 'S': 0.0, 'E': 3.0, 'W': 6.8}
1749830496.1014378 [publish_wind_direction-4] [INFO] [1749830496.100891679] [publish_wind_direction]: Publishing: id207:W
1749830496.1039474 [publish_wind_direction-4] [INFO] [1749830496.103419624] [publish_wind_direction]: TIME: Decision making completed at: 16:01:36.
1749830496.1064434 [publish_wind_direction-4] [INFO] [1749830496.105907920] [publish_wind_direction]: -----------------------------------------------------
1749830496.7971892 [service_neighbours_opinions-3] [INFO] [1749830496.796437549] [service_neighbours_opinions]: * Received from id155, wind direction E
1749830496.8003027 [service_neighbours_opinions-3] [INFO] [1749830496.799553901] [service_neighbours_opinions]: All opinions = {'id68': 'E', 'id142': 'N', 'id200': 'N', 'id151': 'E', 'id206': 'E', 'id155': 'E', 'id236': 'N', 'id194': 'N', 'id247': 'E', 'id152': 'W', 'id189': 'N', 'id195': 'E', 'id193': 'N', 'id137': 'E', 'id1193': 'E', 'id224': 'W'}
1749830496.8035855 [service_neighbours_opinions-3] [INFO] [1749830496.802976957] [service_neighbours_opinions]: All opinions size= 16
1749830497.5184832 [service_neighbours_opinions-3] [INFO] [1749830497.517748586] [service_neighbours_opinions]: * Received from id68, wind direction E
1749830497.5234277 [service_neighbours_opinions-3] [INFO] [1749830497.522731549] [service_neighbours_opinions]: All opinions = {'id68': 'E', 'id142': 'N', 'id200': 'N', 'id151': 'E', 'id206': 'E', 'id155': 'E', 'id236': 'N', 'id194': 'N', 'id247': 'E', 'id152': 'W', 'id189': 'N', 'id195': 'E', 'id193': 'N', 'id137': 'E', 'id1193': 'E', 'id224': 'W'}
1749830497.5261872 [service_neighbours_opinions-3] [INFO] [1749830497.525584067] [service_neighbours_opinions]: All opinions size= 16
1749830498.6062107 [service_neighbours_opinions-3] [INFO] [1749830498.605553919] [service_neighbours_opinions]: * Received from id195, wind direction N
1749830498.6113839 [service_neighbours_opinions-3] [INFO] [1749830498.610733530] [service_neighbours_opinions]: All opinions = {'id68': 'E', 'id142': 'N', 'id200': 'N', 'id151': 'E', 'id206': 'E', 'id155': 'E', 'id236': 'N', 'id194': 'N', 'id247': 'E', 'id152': 'W', 'id189': 'N', 'id195': 'N', 'id193': 'N', 'id137': 'E', 'id1193': 'E', 'id224': 'W'}
1749830498.6160324 [service_neighbours_opinions-3] [INFO] [1749830498.615424252] [service_neighbours_opinions]: All opinions size= 16
1749830498.7292008 [publish_wind_direction-4] [INFO] [1749830498.728490770] [publish_wind_direction]: Main Pub Node: Requesting Pose Info
1749830498.7354496 [service_vicon_node-2] [INFO] [1749830498.734694141] [service_vicon_node]: Request received. Responding with pos=array('f', [0.0, 0.0]), yaw=-160.42818263663048, neigh=['id136', 'id68', 'id224', 'id1193', 'id236', 'id247', 'id195', 'id137', 'id152']Response to be returned: service_messages.srv.GetPoseData_Response(my_position_xy=[0.0, 0.0], my_vicon_yaw=-160.42818263663048, neighbours_by_id=['id136', 'id68', 'id224', 'id1193', 'id236', 'id247', 'id195', 'id137', 'id152'])
1749830500.1733401 [service_neighbours_opinions-3] [INFO] [1749830500.172512418] [service_neighbours_opinions]: * Received from id192, wind direction W
1749830500.1776154 [service_neighbours_opinions-3] [INFO] [1749830500.177028029] [service_neighbours_opinions]: All opinions = {'id68': 'E', 'id142': 'N', 'id200': 'N', 'id151': 'E', 'id206': 'E', 'id155': 'E', 'id236': 'N', 'id194': 'N', 'id247': 'E', 'id152': 'W', 'id189': 'N', 'id195': 'N', 'id193': 'N', 'id137': 'E', 'id1193': 'E', 'id224': 'W', 'id192': 'W'}
1749830500.1799786 [service_neighbours_opinions-3] [INFO] [1749830500.179451066] [service_neighbours_opinions]: All opinions size= 17
1749830500.4897299 [service_vicon_node-2] [INFO] [1749830500.489044177] [service_vicon_node]: Vicon Position= [0.0, 0.0], yaw: -160.42818263663048
1749830500.4927106 [service_vicon_node-2] [INFO] [1749830500.491958436] [service_vicon_node]: Neighbours: {'id68', 'id142', 'id151', 'id224', 'id236', 'id1193', 'id152'}
1749830500.8796554 [publish_wind_direction-4] [INFO] [1749830500.879037454] [publish_wind_direction]: Pose Response: pos=array('f', [0.0, 0.0]) yaw=-160.4281768798828
1749830500.8825140 [publish_wind_direction-4] [INFO] [1749830500.881976473] [publish_wind_direction]: ***Cam angle= -93.4531274980894, vico ang deg= -160.4281768798828 Ground Truth= 106.11869562202779
1749830500.8855503 [publish_wind_direction-4] [INFO] [1749830500.884810973] [publish_wind_direction]: Neighbour info requested
1749830500.8909364 [service_neighbours_opinions-3] [INFO] [1749830500.890282917] [service_neighbours_opinions]: Requested ['id136', 'id68', 'id224', 'id1193', 'id236', 'id247', 'id195', 'id137', 'id152'], responding ['E', 'W', 'E', 'N', 'E', 'N', 'E', 'W']
1749830500.8958714 [publish_wind_direction-4] [INFO] [1749830500.895187899] [publish_wind_direction]: Neighbour Opinion Response: service_messages.srv.GetOpinionData_Response(neighbours_opinions=['E', 'W', 'E', 'N', 'E', 'N', 'E', 'W'])
1749830500.8988628 [publish_wind_direction-4] [INFO] [1749830500.898276917] [publish_wind_direction]: Inside Decision Making, neighbours opinion: ['E', 'W', 'E', 'N', 'E', 'N', 'E', 'W']
1749830500.9017880 [publish_wind_direction-4] [INFO] [1749830500.901205177] [publish_wind_direction]: Inside Decision Making, computed social info: {'E': 4, 'W': 2, 'N': 2}
1749830500.9056320 [publish_wind_direction-4] [INFO] [1749830500.904179528] [publish_wind_direction]: Inside Decision Making, My Wind Direction: W
1749830500.9079874 [publish_wind_direction-4] [INFO] [1749830500.906932695] [publish_wind_direction]: Inside Decision Making, Decision dict: {'N': 2.0, 'S': 0.0, 'E': 4.0, 'W': 6.8}
1749830500.9114103 [publish_wind_direction-4] [INFO] [1749830500.910837510] [publish_wind_direction]: Publishing: id207:W
1749830500.9141250 [publish_wind_direction-4] [INFO] [1749830500.913590343] [publish_wind_direction]: TIME: Decision making completed at: 16:01:40.
1749830500.9166634 [publish_wind_direction-4] [INFO] [1749830500.916096936] [publish_wind_direction]: -----------------------------------------------------
1749830501.3113551 [service_neighbours_opinions-3] [INFO] [1749830501.310391491] [service_neighbours_opinions]: * Received from id152, wind direction W
1749830501.3173826 [service_neighbours_opinions-3] [INFO] [1749830501.315841695] [service_neighbours_opinions]: Comm. Noise, new received opinion: E
1749830501.3228104 [service_neighbours_opinions-3] [INFO] [1749830501.322205528] [service_neighbours_opinions]: All opinions = {'id68': 'E', 'id142': 'N', 'id200': 'N', 'id151': 'E', 'id206': 'E', 'id155': 'E', 'id236': 'N', 'id194': 'N', 'id247': 'E', 'id152': 'E', 'id189': 'N', 'id195': 'N', 'id193': 'N', 'id137': 'E', 'id1193': 'E', 'id224': 'W', 'id192': 'W'}
1749830501.3263381 [service_neighbours_opinions-3] [INFO] [1749830501.325726417] [service_neighbours_opinions]: All opinions size= 17
1749830502.6107607 [service_neighbours_opinions-3] [INFO] [1749830502.610009824] [service_neighbours_opinions]: * Received from id68, wind direction S
1749830502.6184902 [service_neighbours_opinions-3] [INFO] [1749830502.617834935] [service_neighbours_opinions]: All opinions = {'id68': 'S', 'id142': 'N', 'id200': 'N', 'id151': 'E', 'id206': 'E', 'id155': 'E', 'id236': 'N', 'id194': 'N', 'id247': 'E', 'id152': 'E', 'id189': 'N', 'id195': 'N', 'id193': 'N', 'id137': 'E', 'id1193': 'E', 'id224': 'W', 'id192': 'W'}
1749830502.6210773 [service_neighbours_opinions-3] [INFO] [1749830502.620506231] [service_neighbours_opinions]: All opinions size= 17
1749830502.6254687 [service_neighbours_opinions-3] [INFO] [1749830502.624860583] [service_neighbours_opinions]: * Received from id236, wind direction S
1749830502.6280980 [service_neighbours_opinions-3] [INFO] [1749830502.627489842] [service_neighbours_opinions]: All opinions = {'id68': 'S', 'id142': 'N', 'id200': 'N', 'id151': 'E', 'id206': 'E', 'id155': 'E', 'id236': 'S', 'id194': 'N', 'id247': 'E', 'id152': 'E', 'id189': 'N', 'id195': 'N', 'id193': 'N', 'id137': 'E', 'id1193': 'E', 'id224': 'W', 'id192': 'W'}
1749830502.6308508 [service_neighbours_opinions-3] [INFO] [1749830502.630241861] [service_neighbours_opinions]: All opinions size= 17
1749830503.6470668 [service_neighbours_opinions-3] [INFO] [1749830503.646376805] [service_neighbours_opinions]: * Received from id195, wind direction W
1749830503.6501088 [service_neighbours_opinions-3] [INFO] [1749830503.649495601] [service_neighbours_opinions]: All opinions = {'id68': 'S', 'id142': 'N', 'id200': 'N', 'id151': 'E', 'id206': 'E', 'id155': 'E', 'id236': 'S', 'id194': 'N', 'id247': 'E', 'id152': 'E', 'id189': 'N', 'id195': 'W', 'id193': 'N', 'id137': 'E', 'id1193': 'E', 'id224': 'W', 'id192': 'W'}
1749830503.6531632 [service_neighbours_opinions-3] [INFO] [1749830503.652531360] [service_neighbours_opinions]: All opinions size= 17
1749830503.7291808 [publish_wind_direction-4] [INFO] [1749830503.728484323] [publish_wind_direction]: Main Pub Node: Requesting Pose Info
1749830503.7332993 [service_vicon_node-2] [INFO] [1749830503.732603656] [service_vicon_node]: Request received. Responding with pos=array('f', [-400.2257995605469, -379.49041748046875]), yaw=-313.1190491774566, neigh=['id136', 'id68', 'id151', 'id236', 'id137']Response to be returned: service_messages.srv.GetPoseData_Response(my_position_xy=[-400.2257995605469, -379.49041748046875], my_vicon_yaw=-313.1190491774566, neighbours_by_id=['id136', 'id68', 'id151', 'id236', 'id137'])
1749830503.7666304 [service_neighbours_opinions-3] [INFO] [1749830503.765750286] [service_neighbours_opinions]: * Received from id1193, wind direction W
1749830503.7700896 [service_neighbours_opinions-3] [INFO] [1749830503.769422860] [service_neighbours_opinions]: All opinions = {'id68': 'S', 'id142': 'N', 'id200': 'N', 'id151': 'E', 'id206': 'E', 'id155': 'E', 'id236': 'S', 'id194': 'N', 'id247': 'E', 'id152': 'E', 'id189': 'N', 'id195': 'W', 'id193': 'N', 'id137': 'E', 'id1193': 'W', 'id224': 'W', 'id192': 'W'}
1749830503.7731941 [service_neighbours_opinions-3] [INFO] [1749830503.772437138] [service_neighbours_opinions]: All opinions size= 17
1749830505.9818504 [publish_wind_direction-4] [INFO] [1749830505.981236322] [publish_wind_direction]: Pose Response: pos=array('f', [-400.2257995605469, -379.49041748046875]) yaw=-313.1190490722656
1749830505.9846976 [publish_wind_direction-4] [INFO] [1749830505.984150655] [publish_wind_direction]: ***Cam angle= -129.7117371356477, vico ang deg= -313.1190490722656 Ground Truth= 277.1692137920867
1749830505.9876411 [publish_wind_direction-4] [INFO] [1749830505.986939711] [publish_wind_direction]: Neighbour info requested
1749830505.9915333 [service_neighbours_opinions-3] [INFO] [1749830505.990853674] [service_neighbours_opinions]: Requested ['id136', 'id68', 'id151', 'id236', 'id137'], responding ['S', 'E', 'S', 'E']
1749830505.9954739 [publish_wind_direction-4] [INFO] [1749830505.994836877] [publish_wind_direction]: Neighbour Opinion Response: service_messages.srv.GetOpinionData_Response(neighbours_opinions=['S', 'E', 'S', 'E'])
1749830505.9981627 [publish_wind_direction-4] [INFO] [1749830505.997629933] [publish_wind_direction]: Inside Decision Making, neighbours opinion: ['S', 'E', 'S', 'E']
1749830506.0007772 [publish_wind_direction-4] [INFO] [1749830506.000232192] [publish_wind_direction]: Inside Decision Making, computed social info: {'S': 2, 'E': 2}
1749830506.0033674 [publish_wind_direction-4] [INFO] [1749830506.002778340] [publish_wind_direction]: Inside Decision Making, My Wind Direction: E
1749830506.0061274 [publish_wind_direction-4] [INFO] [1749830506.005369470] [publish_wind_direction]: Inside Decision Making, Decision dict: {'N': 0.0, 'S': 2.0, 'E': 4.4, 'W': 0.0}
1749830506.0096591 [publish_wind_direction-4] [INFO] [1749830506.008943396] [publish_wind_direction]: Publishing: id207:E
1749830506.0122168 [publish_wind_direction-4] [INFO] [1749830506.011488748] [publish_wind_direction]: TIME: Decision making completed at: 16:01:46.
1749830506.0147402 [publish_wind_direction-4] [INFO] [1749830506.013977266] [publish_wind_direction]: -----------------------------------------------------
1749830507.6902471 [service_neighbours_opinions-3] [INFO] [1749830507.689349135] [service_neighbours_opinions]: * Received from id68, wind direction E
1749830507.6951425 [service_neighbours_opinions-3] [INFO] [1749830507.694528024] [service_neighbours_opinions]: All opinions = {'id68': 'E', 'id142': 'N', 'id200': 'N', 'id151': 'E', 'id206': 'E', 'id155': 'E', 'id236': 'S', 'id194': 'N', 'id247': 'E', 'id152': 'E', 'id189': 'N', 'id195': 'W', 'id193': 'N', 'id137': 'E', 'id1193': 'W', 'id224': 'W', 'id192': 'W'}
1749830507.6977503 [service_neighbours_opinions-3] [INFO] [1749830507.697148098] [service_neighbours_opinions]: All opinions size= 17
1749830508.7295327 [publish_wind_direction-4] [INFO] [1749830508.728522468] [publish_wind_direction]: Main Pub Node: Requesting Pose Info
1749830508.7348046 [service_vicon_node-2] [INFO] [1749830508.733667894] [service_vicon_node]: Request received. Responding with pos=array('f', [-222.15284729003906, -249.910400390625]), yaw=-253.05577177527377, neigh=['id136', 'id68', 'id142', 'id151', 'id1193', 'id236', 'id247']Response to be returned: service_messages.srv.GetPoseData_Response(my_position_xy=[-222.15284729003906, -249.910400390625], my_vicon_yaw=-253.05577177527377, neighbours_by_id=['id136', 'id68', 'id142', 'id151', 'id1193', 'id236', 'id247'])
1749830509.5519238 [service_neighbours_opinions-3] [INFO] [1749830509.551204264] [service_neighbours_opinions]: * Received from id224, wind direction W
1749830509.5564506 [service_neighbours_opinions-3] [INFO] [1749830509.555700208] [service_neighbours_opinions]: All opinions = {'id68': 'E', 'id142': 'N', 'id200': 'N', 'id151': 'E', 'id206': 'E', 'id155': 'E', 'id236': 'S', 'id194': 'N', 'id247': 'E', 'id152': 'E', 'id189': 'N', 'id195': 'W', 'id193': 'N', 'id137': 'E', 'id1193': 'W', 'id224': 'W', 'id192': 'W'}
1749830509.5605264 [service_neighbours_opinions-3] [INFO] [1749830509.559890060] [service_neighbours_opinions]: All opinions size= 17
1749830510.6886859 [service_vicon_node-2] [INFO] [1749830510.687615097] [service_vicon_node]: Vicon Position= [-223.4370574951172, -251.1485595703125], yaw: -204.66224304251594
1749830510.6948903 [service_neighbours_opinions-3] [INFO] [1749830510.692729819] [service_neighbours_opinions]: * Received from id192, wind direction N
1749830510.6972413 [service_neighbours_opinions-3] [INFO] [1749830510.696538263] [service_neighbours_opinions]: All opinions = {'id68': 'E', 'id142': 'N', 'id200': 'N', 'id151': 'E', 'id206': 'E', 'id155': 'E', 'id236': 'S', 'id194': 'N', 'id247': 'E', 'id152': 'E', 'id189': 'N', 'id195': 'W', 'id193': 'N', 'id137': 'E', 'id1193': 'W', 'id224': 'W', 'id192': 'N'}
1749830510.6992905 [service_vicon_node-2] [INFO] [1749830510.697135819] [service_vicon_node]: Neighbours: {'id136', 'id68', 'id151', 'id1193', 'id236', 'id247', 'id195'}
1749830510.7019186 [service_neighbours_opinions-3] [INFO] [1749830510.699493226] [service_neighbours_opinions]: All opinions size= 17
1749830510.7113588 [service_neighbours_opinions-3] [INFO] [1749830510.710701597] [service_neighbours_opinions]: * Received from id206, wind direction E
1749830510.7146688 [service_neighbours_opinions-3] [INFO] [1749830510.714011319] [service_neighbours_opinions]: All opinions = {'id68': 'E', 'id142': 'N', 'id200': 'N', 'id151': 'E', 'id206': 'E', 'id155': 'E', 'id236': 'S', 'id194': 'N', 'id247': 'E', 'id152': 'E', 'id189': 'N', 'id195': 'W', 'id193': 'N', 'id137': 'E', 'id1193': 'W', 'id224': 'W', 'id192': 'N'}
1749830510.7187035 [service_neighbours_opinions-3] [INFO] [1749830510.717997615] [service_neighbours_opinions]: All opinions size= 17
1749830510.9394968 [publish_wind_direction-4] [INFO] [1749830510.938889448] [publish_wind_direction]: Pose Response: pos=array('f', [-222.15284729003906, -249.910400390625]) yaw=-253.05577087402344
1749830510.9420846 [publish_wind_direction-4] [INFO] [1749830510.941552726] [publish_wind_direction]: ***Cam angle= -124.13278655084494, vico ang deg= -253.05577087402344 Ground Truth= 342.81144257513165
1749830510.9446180 [publish_wind_direction-4] [INFO] [1749830510.944040226] [publish_wind_direction]: Neighbour info requested
1749830510.9501450 [service_neighbours_opinions-3] [INFO] [1749830510.949557652] [service_neighbours_opinions]: Requested ['id136', 'id68', 'id142', 'id151', 'id1193', 'id236', 'id247'], responding ['E', 'N', 'E', 'W', 'S', 'E']
1749830510.9550824 [publish_wind_direction-4] [INFO] [1749830510.954187837] [publish_wind_direction]: Neighbour Opinion Response: service_messages.srv.GetOpinionData_Response(neighbours_opinions=['E', 'N', 'E', 'W', 'S', 'E'])
1749830510.9578536 [publish_wind_direction-4] [INFO] [1749830510.957093152] [publish_wind_direction]: Inside Decision Making, neighbours opinion: ['E', 'N', 'E', 'W', 'S', 'E']
1749830510.9606190 [publish_wind_direction-4] [INFO] [1749830510.959827263] [publish_wind_direction]: Inside Decision Making, computed social info: {'E': 3, 'N': 1, 'W': 1, 'S': 1}
1749830510.9635077 [publish_wind_direction-4] [INFO] [1749830510.962765430] [publish_wind_direction]: Inside Decision Making, My Wind Direction: N
1749830510.9658666 [publish_wind_direction-4] [INFO] [1749830510.965318171] [publish_wind_direction]: Inside Decision Making, Decision dict: {'N': 4.6, 'S': 1.0, 'E': 3.0, 'W': 1.0}
1749830510.9697740 [publish_wind_direction-4] [INFO] [1749830510.968995985] [publish_wind_direction]: Publishing: id207:N
1749830510.9727130 [publish_wind_direction-4] [INFO] [1749830510.971526596] [publish_wind_direction]: TIME: Decision making completed at: 16:01:50.
1749830510.9759150 [publish_wind_direction-4] [INFO] [1749830510.974624208] [publish_wind_direction]: -----------------------------------------------------
                                                                                                                                                                                                                                                                                                                                                                                                                                                                                                                                                                                                                                                                                                                                                                                                                                                                                                                                                                                                                                                                                                                                                                                                                                                                                                                                                                                                                                                                                                                                                                                                                                                                                                                                                                                                                                                                                                                                                                                                                                                                                                                                                                                                                                                                                                                                                                                                                                                                                                                                                                                                                                                                    