[INFO] [launch]: All log files can be found below /home/thymio/.ros/log/2025-06-04-14-38-29-709211-thymio-822
[INFO] [launch]: Default logging verbosity is set to INFO
[INFO] [random_robot_move-1]: process started with pid [844]
[INFO] [publish_wind_direction-2]: process started with pid [846]
[publish_wind_direction-2] /usr/lib/python3/dist-packages/scipy/__init__.py:146: UserWarning: A NumPy version >=1.17.3 and <1.25.0 is required for this version of SciPy (detected version 1.26.4
[publish_wind_direction-2]   warnings.warn(f"A NumPy version >={np_minversion} and <{np_maxversion}"
[random_robot_move-1] [INFO] [1749047915.823767206] [random_robot_move]: Robot Control Node started.
[publish_wind_direction-2] [INFO] [1749047918.770337575] [publish_wind_direction]: Publishing: "id223:S"
[publish_wind_direction-2] [INFO] [1749047923.040097128] [publish_wind_direction]: ***Cam angle= -20.138566876621823, vico ang deg= 0.0 Ground Truth= 339.86143312337816
[publish_wind_direction-2] [INFO] [1749047923.042773683] [publish_wind_direction]: ***Corrected Wind Direction= N
[publish_wind_direction-2] [INFO] [1749047923.645133387] [publish_wind_direction]: Publishing: "id223:S"
[publish_wind_direction-2] [INFO] [1749047928.279771328] [publish_wind_direction]: ***Cam angle= -156.4805444015633, vico ang deg= 0.0 Ground Truth= 203.5194555984367
[publish_wind_direction-2] [INFO] [1749047928.283686865] [publish_wind_direction]: ***Corrected Wind Direction= S
[publish_wind_direction-2] [INFO] [1749047928.643141865] [publish_wind_direction]: Publishing: "id223:S"
[publish_wind_direction-2] [INFO] [1749047932.461660122] [publish_wind_direction]: ***Cam angle= -999.0, vico ang deg= 0.0 Ground Truth= 81.0
[publish_wind_direction-2] [INFO] [1749047932.465471789] [publish_wind_direction]: ***Corrected Wind Direction= W
[publish_wind_direction-2] [INFO] [1749047933.643277029] [publish_wind_direction]: Publishing: "id223:S"
[publish_wind_direction-2] [INFO] [1749047938.060907674] [publish_wind_direction]: ***Cam angle= -49.29024764934953, vico ang deg= 0.0 Ground Truth= 310.7097523506505
[publish_wind_direction-2] [INFO] [1749047938.063605397] [publish_wind_direction]: ***Corrected Wind Direction= E
[publish_wind_direction-2] [INFO] [1749047938.645535193] [publish_wind_direction]: Publishing: "id223:S"
[publish_wind_direction-2] [INFO] [1749047942.533270301] [publish_wind_direction]: ***Cam angle= -55.658428388386035, vico ang deg= 0.0 Ground Truth= 304.341571611614
[publish_wind_direction-2] [INFO] [1749047942.537991264] [publish_wind_direction]: ***Corrected Wind Direction= E
[publish_wind_direction-2] [INFO] [1749047943.642779375] [publish_wind_direction]: Publishing: "id223:S"
[publish_wind_direction-2] [INFO] [1749047947.423227484] [publish_wind_direction]: ***Cam angle= -33.99267701355942, vico ang deg= 0.0 Ground Truth= 326.00732298644056
[publish_wind_direction-2] [INFO] [1749047947.425720447] [publish_wind_direction]: ***Corrected Wind Direction= N
[publish_wind_direction-2] [INFO] [1749047948.643039131] [publish_wind_direction]: Publishing: "id223:S"
[publish_wind_direction-2] [INFO] [1749047952.758494647] [publish_wind_direction]: ***Cam angle= -45.758958643323886, vico ang deg= 0.0 Ground Truth= 314.24104135667613
[publish_wind_direction-2] [INFO] [1749047952.761064962] [publish_wind_direction]: ***Corrected Wind Direction= E
[publish_wind_direction-2] [INFO] [1749047953.643207850] [publish_wind_direction]: Publishing: "id223:S"
[publish_wind_direction-2] [INFO] [1749047957.349962496] [publish_wind_direction]: ***Cam angle= -999.0, vico ang deg= 0.0 Ground Truth= 81.0
[publish_wind_direction-2] [INFO] [1749047957.352340311] [publish_wind_direction]: ***Corrected Wind Direction= W
[publish_wind_direction-2] [INFO] [1749047958.643133069] [publish_wind_direction]: Publishing: "id223:S"
[publish_wind_direction-2] [INFO] [1749047962.359699808] [publish_wind_direction]: ***Cam angle= -267.6653085570425, vico ang deg= 0.0 Ground Truth= 92.33469144295748
[publish_wind_direction-2] [INFO] [1749047962.362187327] [publish_wind_direction]: ***Corrected Wind Direction= W
[publish_wind_direction-2] [INFO] [1749047963.643028900] [publish_wind_direction]: Publishing: "id223:S"
[publish_wind_direction-2] [INFO] [1749047967.413626268] [publish_wind_direction]: ***Cam angle= -0.4332225100539091, vico ang deg= 0.0 Ground Truth= 359.5667774899461
[publish_wind_direction-2] [INFO] [1749047967.416060509] [publish_wind_direction]: ***Corrected Wind Direction= N
[publish_wind_direction-2] [INFO] [1749047968.643058138] [publish_wind_direction]: Publishing: "id223:S"
[publish_wind_direction-2] [INFO] [1749047972.352427135] [publish_wind_direction]: ***Cam angle= -15.315544687606476, vico ang deg= 0.0 Ground Truth= 344.68445531239354
[publish_wind_direction-2] [INFO] [1749047972.354942135] [publish_wind_direction]: ***Corrected Wind Direction= N
[publish_wind_direction-2] [INFO] [1749047973.642993561] [publish_wind_direction]: Publishing: "id223:S"
[publish_wind_direction-2] [INFO] [1749047977.363917706] [publish_wind_direction]: ***Cam angle= -171.93973372761866, vico ang deg= 0.0 Ground Truth= 188.06026627238134
[publish_wind_direction-2] [INFO] [1749047977.366372781] [publish_wind_direction]: ***Corrected Wind Direction= S
[publish_wind_direction-2] [INFO] [1749047978.642935706] [publish_wind_direction]: Publishing: "id223:S"
[publish_wind_direction-2] [INFO] [1749047982.385021666] [publish_wind_direction]: ***Cam angle= -66.67468798381124, vico ang deg= 0.0 Ground Truth= 293.3253120161888
[publish_wind_direction-2] [INFO] [1749047982.388519833] [publish_wind_direction]: ***Corrected Wind Direction= E
[publish_wind_direction-2] [INFO] [1749047983.642780610] [publish_wind_direction]: Publishing: "id223:S"
[publish_wind_direction-2] [INFO] [1749047987.472149756] [publish_wind_direction]: ***Cam angle= -127.31426271815403, vico ang deg= 0.0 Ground Truth= 232.68573728184597
[publish_wind_direction-2] [INFO] [1749047987.475034775] [publish_wind_direction]: ***Corrected Wind Direction= E
[publish_wind_direction-2] [INFO] [1749047988.642832607] [publish_wind_direction]: Publishing: "id223:S"
[publish_wind_direction-2] [INFO] [1749047992.423896938] [publish_wind_direction]: ***Cam angle= -103.66443595957122, vico ang deg= 0.0 Ground Truth= 256.3355640404288
[publish_wind_direction-2] [INFO] [1749047992.426359086] [publish_wind_direction]: ***Corrected Wind Direction= E
[publish_wind_direction-2] [INFO] [1749047993.642904882] [publish_wind_direction]: Publishing: "id223:S"
[publish_wind_direction-2] [INFO] [1749047997.460142472] [publish_wind_direction]: ***Cam angle= -999.0, vico ang deg= 0.0 Ground Truth= 81.0
[publish_wind_direction-2] [INFO] [1749047997.462620713] [publish_wind_direction]: ***Corrected Wind Direction= W
[publish_wind_direction-2] [INFO] [1749047998.642940286] [publish_wind_direction]: Publishing: "id223:S"
[publish_wind_direction-2] [INFO] [1749048002.363414414] [publish_wind_direction]: ***Cam angle= -14.344821366496333, vico ang deg= 0.0 Ground Truth= 345.6551786335037
[publish_wind_direction-2] [INFO] [1749048002.365871692] [publish_wind_direction]: ***Corrected Wind Direction= N
[publish_wind_direction-2] [INFO] [1749048003.642926950] [publish_wind_direction]: Publishing: "id223:S"
[publish_wind_direction-2] [INFO] [1749048007.442086874] [publish_wind_direction]: ***Cam angle= -33.77133144010043, vico ang deg= 0.0 Ground Truth= 326.2286685598996
[publish_wind_direction-2] [INFO] [1749048007.444548522] [publish_wind_direction]: ***Corrected Wind Direction= N
[publish_wind_direction-2] [INFO] [1749048008.642912929] [publish_wind_direction]: Publishing: "id223:S"
[publish_wind_direction-2] [INFO] [1749048012.337730593] [publish_wind_direction]: ***Cam angle= -36.298183038266366, vico ang deg= 0.0 Ground Truth= 323.70181696173364
[publish_wind_direction-2] [INFO] [1749048012.340170834] [publish_wind_direction]: ***Corrected Wind Direction= N
[publish_wind_direction-2] [INFO] [1749048013.642784833] [publish_wind_direction]: Publishing: "id223:S"
[publish_wind_direction-2] [INFO] [1749048017.325117312] [publish_wind_direction]: ***Cam angle= -66.17094262342634, vico ang deg= 0.0 Ground Truth= 293.82905737657364
[publish_wind_direction-2] [INFO] [1749048017.327653497] [publish_wind_direction]: ***Corrected Wind Direction= E
[publish_wind_direction-2] [INFO] [1749048018.642886515] [publish_wind_direction]: Publishing: "id223:S"
[publish_wind_direction-2] [INFO] [1749048022.560569420] [publish_wind_direction]: ***Cam angle= -86.04792778466621, vico ang deg= 0.0 Ground Truth= 273.95207221533377
[publish_wind_direction-2] [INFO] [1749048022.563035735] [publish_wind_direction]: ***Corrected Wind Direction= E
[publish_wind_direction-2] [INFO] [1749048023.642968420] [publish_wind_direction]: Publishing: "id223:S"
[publish_wind_direction-2] [INFO] [1749048027.315037436] [publish_wind_direction]: ***Cam angle= -156.13104146232456, vico ang deg= 0.0 Ground Truth= 203.86895853767544
[publish_wind_direction-2] [INFO] [1749048027.317492029] [publish_wind_direction]: ***Corrected Wind Direction= S
[publish_wind_direction-2] [INFO] [1749048028.642817287] [publish_wind_direction]: Publishing: "id223:S"
[publish_wind_direction-2] [INFO] [1749048032.366954285] [publish_wind_direction]: ***Cam angle= 74.64699483531007, vico ang deg= 0.0 Ground Truth= 74.64699483531007
[publish_wind_direction-2] [INFO] [1749048032.370363822] [publish_wind_direction]: ***Corrected Wind Direction= W
[publish_wind_direction-2] [INFO] [1749048033.642803488] [publish_wind_direction]: Publishing: "id223:S"
[publish_wind_direction-2] [INFO] [1749048037.588434930] [publish_wind_direction]: ***Cam angle= -49.24590735856362, vico ang deg= 0.0 Ground Truth= 310.7540926414364
[publish_wind_direction-2] [INFO] [1749048037.591860745] [publish_wind_direction]: ***Corrected Wind Direction= E
[publish_wind_direction-2] [INFO] [1749048038.642855022] [publish_wind_direction]: Publishing: "id223:S"
[publish_wind_direction-2] [INFO] [1749048042.375507186] [publish_wind_direction]: ***Cam angle= 89.17438621756409, vico ang deg= 0.0 Ground Truth= 89.17438621756409
[publish_wind_direction-2] [INFO] [1749048042.378943334] [publish_wind_direction]: ***Corrected Wind Direction= W
[publish_wind_direction-2] [INFO] [1749048043.642845537] [publish_wind_direction]: Publishing: "id223:S"
[publish_wind_direction-2] [INFO] [1749048047.341682646] [publish_wind_direction]: ***Cam angle= 75.53695997403659, vico ang deg= 0.0 Ground Truth= 75.53695997403659
[publish_wind_direction-2] [INFO] [1749048047.344095017] [publish_wind_direction]: ***Corrected Wind Direction= W
[publish_wind_direction-2] [INFO] [1749048048.643243608] [publish_wind_direction]: Publishing: "id223:S"
[publish_wind_direction-2] [INFO] [1749048052.715349902] [publish_wind_direction]: ***Cam angle= 68.07392089073775, vico ang deg= 0.0 Ground Truth= 68.07392089073775
[publish_wind_direction-2] [INFO] [1749048052.717801273] [publish_wind_direction]: ***Corrected Wind Direction= W
[publish_wind_direction-2] [INFO] [1749048053.642914735] [publish_wind_direction]: Publishing: "id223:S"
[publish_wind_direction-2] [INFO] [1749048057.421508196] [publish_wind_direction]: ***Cam angle= -999.0, vico ang deg= 0.0 Ground Truth= 81.0
[publish_wind_direction-2] [INFO] [1749048057.424125362] [publish_wind_direction]: ***Corrected Wind Direction= W
[publish_wind_direction-2] [INFO] [1749048058.642885640] [publish_wind_direction]: Publishing: "id223:S"
[publish_wind_direction-2] [INFO] [1749048062.380650693] [publish_wind_direction]: ***Cam angle= 35.30842052591966, vico ang deg= 0.0 Ground Truth= 35.30842052591966
[publish_wind_direction-2] [INFO] [1749048062.383113397] [publish_wind_direction]: ***Corrected Wind Direction= N
[publish_wind_direction-2] [INFO] [1749048063.643095396] [publish_wind_direction]: Publishing: "id223:S"
[publish_wind_direction-2] [INFO] [1749048067.427816338] [publish_wind_direction]: ***Cam angle= 18.386743995661746, vico ang deg= 0.0 Ground Truth= 18.386743995661746
[publish_wind_direction-2] [INFO] [1749048067.430249727] [publish_wind_direction]: ***Corrected Wind Direction= N
[publish_wind_direction-2] [INFO] [1749048068.643112152] [publish_wind_direction]: Publishing: "id223:S"
[publish_wind_direction-2] [INFO] [1749048072.423673076] [publish_wind_direction]: ***Cam angle= -56.16248465646055, vico ang deg= 0.0 Ground Truth= 303.83751534353945
[publish_wind_direction-2] [INFO] [1749048072.427196872] [publish_wind_direction]: ***Corrected Wind Direction= E
[publish_wind_direction-2] [INFO] [1749048073.643020427] [publish_wind_direction]: Publishing: "id223:S"
[publish_wind_direction-2] [INFO] [1749048077.851483035] [publish_wind_direction]: ***Cam angle= -7.642168368567511, vico ang deg= 0.0 Ground Truth= 352.3578316314325
[publish_wind_direction-2] [INFO] [1749048077.853928628] [publish_wind_direction]: ***Corrected Wind Direction= N
[publish_wind_direction-2] [INFO] [1749048078.643126535] [publish_wind_direction]: Publishing: "id223:S"
[publish_wind_direction-2] [INFO] [1749048082.409863533] [publish_wind_direction]: ***Cam angle= -42.38864236737625, vico ang deg= 0.0 Ground Truth= 317.61135763262376
[publish_wind_direction-2] [INFO] [1749048082.412270607] [publish_wind_direction]: ***Corrected Wind Direction= N
[publish_wind_direction-2] [INFO] [1749048083.643180569] [publish_wind_direction]: Publishing: "id223:S"
[publish_wind_direction-2] [INFO] [1749048087.440093085] [publish_wind_direction]: ***Cam angle= -62.478123768988866, vico ang deg= 0.0 Ground Truth= 297.5218762310111
[publish_wind_direction-2] [INFO] [1749048087.442835363] [publish_wind_direction]: ***Corrected Wind Direction= E
[publish_wind_direction-2] [INFO] [1749048088.643062362] [publish_wind_direction]: Publishing: "id223:S"
[publish_wind_direction-2] [INFO] [1749048092.380043934] [publish_wind_direction]: ***Cam angle= -116.65406085107924, vico ang deg= 0.0 Ground Truth= 243.34593914892076
[publish_wind_direction-2] [INFO] [1749048092.382609897] [publish_wind_direction]: ***Corrected Wind Direction= E
[publish_wind_direction-2] [INFO] [1749048093.643190915] [publish_wind_direction]: Publishing: "id223:S"
[publish_wind_direction-2] [INFO] [1749048097.473572542] [publish_wind_direction]: ***Cam angle= -34.434113326412735, vico ang deg= 0.0 Ground Truth= 325.5658866735873
[publish_wind_direction-2] [INFO] [1749048097.477020413] [publish_wind_direction]: ***Corrected Wind Direction= N
[publish_wind_direction-2] [INFO] [1749048098.643041412] [publish_wind_direction]: Publishing: "id223:S"
[publish_wind_direction-2] [INFO] [1749048102.378708613] [publish_wind_direction]: ***Cam angle= -22.94249637470692, vico ang deg= 0.0 Ground Truth= 337.05750362529307
[publish_wind_direction-2] [INFO] [1749048102.382359762] [publish_wind_direction]: ***Corrected Wind Direction= N
[publish_wind_direction-2] [INFO] [1749048103.643105928] [publish_wind_direction]: Publishing: "id223:S"
[publish_wind_direction-2] [INFO] [1749048107.395449073] [publish_wind_direction]: ***Cam angle= -40.96744530212244, vico ang deg= 0.0 Ground Truth= 319.0325546978776
[publish_wind_direction-2] [INFO] [1749048107.399138036] [publish_wind_direction]: ***Corrected Wind Direction= N
[publish_wind_direction-2] [INFO] [1749048108.643268869] [publish_wind_direction]: Publishing: "id223:S"
[publish_wind_direction-2] [INFO] [1749048112.312667126] [publish_wind_direction]: ***Cam angle= -9.894141587042427, vico ang deg= 0.0 Ground Truth= 350.10585841295756
[publish_wind_direction-2] [INFO] [1749048112.315173719] [publish_wind_direction]: ***Corrected Wind Direction= N
[publish_wind_direction-2] [INFO] [1749048113.643136459] [publish_wind_direction]: Publishing: "id223:S"
[publish_wind_direction-2] [INFO] [1749048117.411755845] [publish_wind_direction]: ***Cam angle= 45.29692898383857, vico ang deg= 0.0 Ground Truth= 45.29692898383857
[publish_wind_direction-2] [INFO] [1749048117.415180660] [publish_wind_direction]: ***Corrected Wind Direction= W
[publish_wind_direction-2] [INFO] [1749048118.643370993] [publish_wind_direction]: Publishing: "id223:S"
[publish_wind_direction-2] [INFO] [1749048122.359288583] [publish_wind_direction]: ***Cam angle= 28.00696230863035, vico ang deg= 0.0 Ground Truth= 28.00696230863035
[publish_wind_direction-2] [INFO] [1749048122.361895879] [publish_wind_direction]: ***Corrected Wind Direction= N
[publish_wind_direction-2] [INFO] [1749048123.643303675] [publish_wind_direction]: Publishing: "id223:S"
[publish_wind_direction-2] [INFO] [1749048127.675216469] [publish_wind_direction]: ***Cam angle= 59.22028557987534, vico ang deg= 0.0 Ground Truth= 59.22028557987534
[publish_wind_direction-2] [INFO] [1749048127.677710876] [publish_wind_direction]: ***Corrected Wind Direction= W
[publish_wind_direction-2] [INFO] [1749048128.643231839] [publish_wind_direction]: Publishing: "id223:S"
[publish_wind_direction-2] [INFO] [1749048132.329166336] [publish_wind_direction]: ***Cam angle= 26.8156728887474, vico ang deg= 0.0 Ground Truth= 26.8156728887474
[publish_wind_direction-2] [INFO] [1749048132.331625984] [publish_wind_direction]: ***Corrected Wind Direction= N
[publish_wind_direction-2] [INFO] [1749048133.643257428] [publish_wind_direction]: Publishing: "id223:S"
[publish_wind_direction-2] [INFO] [1749048137.348098574] [publish_wind_direction]: ***Cam angle= 9.735244394576185, vico ang deg= 0.0 Ground Truth= 9.735244394576185
[publish_wind_direction-2] [INFO] [1749048137.350761315] [publish_wind_direction]: ***Corrected Wind Direction= N
[publish_wind_direction-2] [INFO] [1749048138.643314129] [publish_wind_direction]: Publishing: "id223:S"
[publish_wind_direction-2] [INFO] [1749048142.397836534] [publish_wind_direction]: ***Cam angle= -18.282524892144792, vico ang deg= 0.0 Ground Truth= 341.7174751078552
[publish_wind_direction-2] [INFO] [1749048142.400241812] [publish_wind_direction]: ***Corrected Wind Direction= N
[publish_wind_direction-2] [INFO] [1749048143.643256718] [publish_wind_direction]: Publishing: "id223:S"
[publish_wind_direction-2] [INFO] [1749048147.343332864] [publish_wind_direction]: ***Cam angle= -999.0, vico ang deg= 0.0 Ground Truth= 81.0
[publish_wind_direction-2] [INFO] [1749048147.345805290] [publish_wind_direction]: ***Corrected Wind Direction= W
[publish_wind_direction-2] [INFO] [1749048148.643242178] [publish_wind_direction]: Publishing: "id223:S"
[publish_wind_direction-2] [INFO] [1749048152.360053361] [publish_wind_direction]: ***Cam angle= 40.28597028234148, vico ang deg= 0.0 Ground Truth= 40.28597028234148
[publish_wind_direction-2] [INFO] [1749048152.362507713] [publish_wind_direction]: ***Corrected Wind Direction= N
[publish_wind_direction-2] [INFO] [1749048153.643379046] [publish_wind_direction]: Publishing: "id223:S"
[publish_wind_direction-2] [INFO] [1749048157.398512858] [publish_wind_direction]: ***Cam angle= 15.684425652447715, vico ang deg= 0.0 Ground Truth= 15.684425652447715
[publish_wind_direction-2] [INFO] [1749048157.400892581] [publish_wind_direction]: ***Corrected Wind Direction= N
[publish_wind_direction-2] [INFO] [1749048158.643282302] [publish_wind_direction]: Publishing: "id223:S"
[publish_wind_direction-2] [INFO] [1749048162.313130837] [publish_wind_direction]: ***Cam angle= 9.618029246743276, vico ang deg= 0.0 Ground Truth= 9.618029246743276
[publish_wind_direction-2] [INFO] [1749048162.315684041] [publish_wind_direction]: ***Corrected Wind Direction= N
[publish_wind_direction-2] [INFO] [1749048163.643251929] [publish_wind_direction]: Publishing: "id223:S"
[publish_wind_direction-2] [INFO] [1749048167.347030630] [publish_wind_direction]: ***Cam angle= -3.8907014174066177, vico ang deg= 0.0 Ground Truth= 356.1092985825934
[publish_wind_direction-2] [INFO] [1749048167.349464167] [publish_wind_direction]: ***Corrected Wind Direction= N
[publish_wind_direction-2] [INFO] [1749048168.643275852] [publish_wind_direction]: Publishing: "id223:S"
[publish_wind_direction-2] [INFO] [1749048172.359896553] [publish_wind_direction]: ***Cam angle= -14.243250964036605, vico ang deg= 0.0 Ground Truth= 345.75674903596337
[publish_wind_direction-2] [INFO] [1749048172.362360109] [publish_wind_direction]: ***Corrected Wind Direction= N
[publish_wind_direction-2] [INFO] [1749048173.643252497] [publish_wind_direction]: Publishing: "id223:S"
[publish_wind_direction-2] [INFO] [1749048177.792841476] [publish_wind_direction]: ***Cam angle= -17.74850346585866, vico ang deg= 0.0 Ground Truth= 342.2514965341413
[publish_wind_direction-2] [INFO] [1749048177.795319735] [publish_wind_direction]: ***Corrected Wind Direction= N
[publish_wind_direction-2] [INFO] [1749048178.643297012] [publish_wind_direction]: Publishing: "id223:S"
[publish_wind_direction-2] [INFO] [1749048182.571450640] [publish_wind_direction]: ***Cam angle= -35.172840523244744, vico ang deg= 0.0 Ground Truth= 324.82715947675524
[publish_wind_direction-2] [INFO] [1749048182.573879843] [publish_wind_direction]: ***Corrected Wind Direction= N
[publish_wind_direction-2] [INFO] [1749048183.643301435] [publish_wind_direction]: Publishing: "id223:S"
[publish_wind_direction-2] [INFO] [1749048187.349479155] [publish_wind_direction]: ***Cam angle= -56.95408693863471, vico ang deg= 0.0 Ground Truth= 303.0459130613653
[publish_wind_direction-2] [INFO] [1749048187.351882896] [publish_wind_direction]: ***Corrected Wind Direction= E
[publish_wind_direction-2] [INFO] [1749048188.643462544] [publish_wind_direction]: Publishing: "id223:S"
[publish_wind_direction-2] [INFO] [1749048192.398014023] [publish_wind_direction]: ***Cam angle= -41.44267549522482, vico ang deg= 0.0 Ground Truth= 318.5573245047752
[publish_wind_direction-2] [INFO] [1749048192.400391097] [publish_wind_direction]: ***Corrected Wind Direction= N
[publish_wind_direction-2] [INFO] [1749048193.643355041] [publish_wind_direction]: Publishing: "id223:S"
[publish_wind_direction-2] [INFO] [1749048197.396297483] [publish_wind_direction]: ***Cam angle= -17.165857869996472, vico ang deg= 0.0 Ground Truth= 342.83414213000356
[publish_wind_direction-2] [INFO] [1749048197.398806742] [publish_wind_direction]: ***Corrected Wind Direction= N
[publish_wind_direction-2] [INFO] [1749048198.643359389] [publish_wind_direction]: Publishing: "id223:S"
[publish_wind_direction-2] [INFO] [1749048202.364826035] [publish_wind_direction]: ***Cam angle= -38.13937920194643, vico ang deg= 0.0 Ground Truth= 321.86062079805356
[publish_wind_direction-2] [INFO] [1749048202.367268924] [publish_wind_direction]: ***Corrected Wind Direction= N
[publish_wind_direction-2] [INFO] [1749048203.643441960] [publish_wind_direction]: Publishing: "id223:S"
[publish_wind_direction-2] [INFO] [1749048207.341841495] [publish_wind_direction]: ***Cam angle= -37.12976807388612, vico ang deg= 0.0 Ground Truth= 322.8702319261139
[publish_wind_direction-2] [INFO] [1749048207.345413477] [publish_wind_direction]: ***Corrected Wind Direction= N
[publish_wind_direction-2] [INFO] [1749048208.643588198] [publish_wind_direction]: Publishing: "id223:S"
[publish_wind_direction-2] [INFO] [1749048212.563630492] [publish_wind_direction]: ***Cam angle= -111.4131379608392, vico ang deg= 0.0 Ground Truth= 248.5868620391608
[publish_wind_direction-2] [INFO] [1749048212.566061733] [publish_wind_direction]: ***Corrected Wind Direction= E
[publish_wind_direction-2] [INFO] [1749048213.643219047] [publish_wind_direction]: Publishing: "id223:S"
[publish_wind_direction-2] [INFO] [1749048217.522442989] [publish_wind_direction]: ***Cam angle= -236.88449625339098, vico ang deg= 0.0 Ground Truth= 123.11550374660902
[publish_wind_direction-2] [INFO] [1749048217.524826267] [publish_wind_direction]: ***Corrected Wind Direction= W
[random_robot_move-1] [INFO] [1749048218.086645026] [random_robot_move]: Exception, shutting down
[publish_wind_direction-2] [INFO] [1749048218.646376322] [publish_wind_direction]: Raising exception
[publish_wind_direction-2] [INFO] [1749048218.652610229] [publish_wind_direction]: Publisher stopping, exception
[INFO] [publish_wind_direction-2]: process has finished cleanly [pid 846]
