[0.522s] Invoking command in '/home/nomaan/ros2_ws/src/wind_direction_detector': PYTHONPATH=/home/nomaan/ros2_ws/build/wind_direction_detector/prefix_override:/usr/lib/python3/dist-packages/colcon_core/task/python/colcon_distutils_commands:/home/nomaan/ros2_ws/install/wind_direction_detector/lib/python3.10/site-packages:${PYTHONPATH} /usr/bin/python3 -W ignore:setup.py install is deprecated -W ignore:easy_install command is deprecated setup.py egg_info --egg-base ../../build/wind_direction_detector build --build-base /home/nomaan/ros2_ws/build/wind_direction_detector/build install --record /home/nomaan/ros2_ws/build/wind_direction_detector/install.log --single-version-externally-managed install_data
[0.692s] running egg_info
[0.693s] writing ../../build/wind_direction_detector/wind_direction_detector.egg-info/PKG-INFO
[0.693s] writing dependency_links to ../../build/wind_direction_detector/wind_direction_detector.egg-info/dependency_links.txt
[0.693s] writing entry points to ../../build/wind_direction_detector/wind_direction_detector.egg-info/entry_points.txt
[0.693s] writing requirements to ../../build/wind_direction_detector/wind_direction_detector.egg-info/requires.txt
[0.693s] writing top-level names to ../../build/wind_direction_detector/wind_direction_detector.egg-info/top_level.txt
[0.694s] reading manifest file '../../build/wind_direction_detector/wind_direction_detector.egg-info/SOURCES.txt'
[0.695s] adding license file 'LICENSE'
[0.695s] writing manifest file '../../build/wind_direction_detector/wind_direction_detector.egg-info/SOURCES.txt'
[0.695s] running build
[0.695s] running build_py
[0.695s] running install
[0.696s] running install_lib
[0.697s] running install_data
[0.697s] running install_egg_info
[0.698s] removing '/home/nomaan/ros2_ws/install/wind_direction_detector/lib/python3.10/site-packages/wind_direction_detector-0.0.0-py3.10.egg-info' (and everything under it)
[0.699s] Copying ../../build/wind_direction_detector/wind_direction_detector.egg-info to /home/nomaan/ros2_ws/install/wind_direction_detector/lib/python3.10/site-packages/wind_direction_detector-0.0.0-py3.10.egg-info
[0.699s] running install_scripts
[0.715s] Installing publish_wind_direction script to /home/nomaan/ros2_ws/install/wind_direction_detector/lib/wind_direction_detector
[0.715s] Installing random_robot_move script to /home/nomaan/ros2_ws/install/wind_direction_detector/lib/wind_direction_detector
[0.716s] Installing receive_wind_direction script to /home/nomaan/ros2_ws/install/wind_direction_detector/lib/wind_direction_detector
[0.716s] writing list of installed files to '/home/nomaan/ros2_ws/build/wind_direction_detector/install.log'
[0.736s] Invoked command in '/home/nomaan/ros2_ws/src/wind_direction_detector' returned '0': PYTHONPATH=/home/nomaan/ros2_ws/build/wind_direction_detector/prefix_override:/usr/lib/python3/dist-packages/colcon_core/task/python/colcon_distutils_commands:/home/nomaan/ros2_ws/install/wind_direction_detector/lib/python3.10/site-packages:${PYTHONPATH} /usr/bin/python3 -W ignore:setup.py install is deprecated -W ignore:easy_install command is deprecated setup.py egg_info --egg-base ../../build/wind_direction_detector build --build-base /home/nomaan/ros2_ws/build/wind_direction_detector/build install --record /home/nomaan/ros2_ws/build/wind_direction_detector/install.log --single-version-externally-managed install_data
